<?xml version="1.0" encoding="UTF-8"?>
<testsuite name="mastermind.TestMastermindRepeatedLetters" tests="26" skipped="0" failures="0" errors="0" timestamp="2021-04-22T07:28:00" hostname="LAPTOP-0SJIEU5A" time="0.012">
  <properties/>
  <testcase name="test01Sample" classname="mastermind.TestMastermindRepeatedLetters" time="0.001"/>
  <testcase name="test02Sample" classname="mastermind.TestMastermindRepeatedLetters" time="0.001"/>
  <testcase name="test03Sample" classname="mastermind.TestMastermindRepeatedLetters" time="0.0"/>
  <testcase name="test04Sample" classname="mastermind.TestMastermindRepeatedLetters" time="0.0"/>
  <testcase name="test05" classname="mastermind.TestMastermindRepeatedLetters" time="0.001"/>
  <testcase name="test06" classname="mastermind.TestMastermindRepeatedLetters" time="0.0"/>
  <testcase name="test07" classname="mastermind.TestMastermindRepeatedLetters" time="0.001"/>
  <testcase name="test08" classname="mastermind.TestMastermindRepeatedLetters" time="0.0"/>
  <testcase name="test09" classname="mastermind.TestMastermindRepeatedLetters" time="0.001"/>
  <testcase name="test10" classname="mastermind.TestMastermindRepeatedLetters" time="0.0"/>
  <testcase name="test11" classname="mastermind.TestMastermindRepeatedLetters" time="0.001"/>
  <testcase name="test12" classname="mastermind.TestMastermindRepeatedLetters" time="0.0"/>
  <testcase name="test13" classname="mastermind.TestMastermindRepeatedLetters" time="0.001"/>
  <testcase name="test14" classname="mastermind.TestMastermindRepeatedLetters" time="0.0"/>
  <testcase name="test15" classname="mastermind.TestMastermindRepeatedLetters" time="0.0"/>
  <testcase name="test16" classname="mastermind.TestMastermindRepeatedLetters" time="0.0"/>
  <testcase name="test17" classname="mastermind.TestMastermindRepeatedLetters" time="0.0"/>
  <testcase name="test18" classname="mastermind.TestMastermindRepeatedLetters" time="0.0"/>
  <testcase name="test19" classname="mastermind.TestMastermindRepeatedLetters" time="0.0"/>
  <testcase name="test20" classname="mastermind.TestMastermindRepeatedLetters" time="0.001"/>
  <testcase name="test21" classname="mastermind.TestMastermindRepeatedLetters" time="0.0"/>
  <testcase name="test22" classname="mastermind.TestMastermindRepeatedLetters" time="0.0"/>
  <testcase name="test23" classname="mastermind.TestMastermindRepeatedLetters" time="0.0"/>
  <testcase name="test24" classname="mastermind.TestMastermindRepeatedLetters" time="0.0"/>
  <testcase name="test25" classname="mastermind.TestMastermindRepeatedLetters" time="0.0"/>
  <testcase name="test26" classname="mastermind.TestMastermindRepeatedLetters" time="0.0"/>
  <system-out><![CDATA[A right
A right
A right
A right
wrong
wrong
wrong
wrong
A right
A right
wrong
wrong
wrong
wrong
wrong
wrong
wrong
wrong
wrong
wrong
wrong
wrong
A right
A right
C right
C right
F right
D right
F right
D right
wrong
wrong
A right
A right
wrong
wrong
wrong
wrong
A right
A right
B right
B right
D right
C right
D right
C right
wrong
wrong
E right
wrong
wrong
E right
A right
wrong
A right
wrong
A right
A right
E right
E right
wrong
wrong
E right
E right
E right
E right
A right
A right
]]></system-out>
  <system-err><![CDATA[]]></system-err>
</testsuite>
