<?xml version="1.0" encoding="UTF-8"?>
<testsuite name="taxipark.TestTask6ParetoPrinciple" tests="11" skipped="0" failures="0" errors="0" timestamp="2021-04-24T11:22:41" hostname="NOSI-DDS-87" time="0.08">
  <properties/>
  <testcase name="test1" classname="taxipark.TestTask6ParetoPrinciple" time="0.055"/>
  <testcase name="test2" classname="taxipark.TestTask6ParetoPrinciple" time="0.002"/>
  <testcase name="test3" classname="taxipark.TestTask6ParetoPrinciple" time="0.002"/>
  <testcase name="test4" classname="taxipark.TestTask6ParetoPrinciple" time="0.002"/>
  <testcase name="test5" classname="taxipark.TestTask6ParetoPrinciple" time="0.001"/>
  <testcase name="test7" classname="taxipark.TestTask6ParetoPrinciple" time="0.005"/>
  <testcase name="test8" classname="taxipark.TestTask6ParetoPrinciple" time="0.005"/>
  <testcase name="test9" classname="taxipark.TestTask6ParetoPrinciple" time="0.005"/>
  <testcase name="testParetoPrincipleFails" classname="taxipark.TestTask6ParetoPrinciple" time="0.001"/>
  <testcase name="testParetoPrincipleNoTrips" classname="taxipark.TestTask6ParetoPrinciple" time="0.0"/>
  <testcase name="testParetoPrincipleSucceeds" classname="taxipark.TestTask6ParetoPrinciple" time="0.001"/>
  <system-out><![CDATA[(Driver(name=D-1), 160.0)
(Driver(name=D-2), 39.0)
Total 199.0 Total drivers 5 20%Driver 1 20%Cost 160.0
(Driver(name=D-1), 160.0)
(Driver(name=D-2), 41.0)
Total 201.0 Total drivers 5 20%Driver 1 20%Cost 160.0
(Driver(name=D-4), 296.5)
(Driver(name=D-0), 39.6)
(Driver(name=D-2), 17.0)
(Driver(name=D-3), 16.6)
Total 369.70000000000005 Total drivers 5 20%Driver 1 20%Cost 296.5
(Driver(name=D-3), 306.40000000000003)
(Driver(name=D-4), 42.39999999999999)
(Driver(name=D-1), 25.2)
(Driver(name=D-0), 9.0)
Total 383.0 Total drivers 5 20%Driver 1 20%Cost 306.40000000000003
(Driver(name=D-0), 208.5)
(Driver(name=D-1), 73.6)
Total 282.1 Total drivers 6 20%Driver 1 20%Cost 208.5
(Driver(name=D-7), 422.3)
(Driver(name=D-1), 398.0)
(Driver(name=D-6), 60.3)
(Driver(name=D-8), 41.0)
(Driver(name=D-9), 40.3)
(Driver(name=D-4), 38.9)
(Driver(name=D-3), 16.8)
(Driver(name=D-0), 5.6)
Total 1023.2 Total drivers 10 20%Driver 2 20%Cost 820.3
(Driver(name=D-1), 522.1)
(Driver(name=D-4), 311.3)
(Driver(name=D-8), 50.6)
(Driver(name=D-6), 40.099999999999994)
(Driver(name=D-2), 36.6)
(Driver(name=D-9), 33.7)
(Driver(name=D-0), 26.0)
(Driver(name=D-5), 15.0)
(Driver(name=D-7), 8.0)
Total 1043.3999999999996 Total drivers 10 20%Driver 2 20%Cost 833.4000000000001
(Driver(name=D-8), 484.2)
(Driver(name=D-9), 458.8)
(Driver(name=D-6), 263.8)
(Driver(name=D-19), 202.29999999999998)
(Driver(name=D-15), 69.6)
(Driver(name=D-1), 58.2)
(Driver(name=D-7), 43.4)
(Driver(name=D-4), 36.4)
(Driver(name=D-14), 27.0)
(Driver(name=D-10), 25.0)
(Driver(name=D-13), 24.4)
(Driver(name=D-12), 19.8)
(Driver(name=D-5), 19.2)
(Driver(name=D-18), 18.0)
Total 1750.1 Total drivers 20 20%Driver 4 20%Cost 1409.1
(Driver(name=D-1), 120.0)
(Driver(name=D-2), 40.0)
(Driver(name=D-3), 40.0)
Total 200.0 Total drivers 5 20%Driver 1 20%Cost 120.0
(Driver(name=D-1), 160.0)
(Driver(name=D-2), 40.0)
Total 200.0 Total drivers 5 20%Driver 1 20%Cost 160.0
]]></system-out>
  <system-err><![CDATA[]]></system-err>
</testsuite>
