<?xml version="1.0" encoding="UTF-8"?>
<<<<<<< HEAD
<testsuite name="taxipark.TestTask4SmartPassengers" tests="12" skipped="0" failures="0" errors="0" timestamp="2021-04-24T00:04:10" hostname="LAPTOP-0SJIEU5A" time="0.013">
  <properties/>
  <testcase name="test00" classname="taxipark.TestTask4SmartPassengers" time="0.005"/>
=======
<testsuite name="taxipark.TestTask4SmartPassengers" tests="12" skipped="0" failures="0" errors="0" timestamp="2021-04-24T11:22:40" hostname="NOSI-DDS-87" time="0.06">
  <properties/>
  <testcase name="test00" classname="taxipark.TestTask4SmartPassengers" time="0.05"/>
>>>>>>> 5a6a2ebc8c75b3dfd4e3b033aab97435cc7ba841
  <testcase name="test01" classname="taxipark.TestTask4SmartPassengers" time="0.001"/>
  <testcase name="test02" classname="taxipark.TestTask4SmartPassengers" time="0.001"/>
  <testcase name="test03" classname="taxipark.TestTask4SmartPassengers" time="0.0"/>
  <testcase name="test04" classname="taxipark.TestTask4SmartPassengers" time="0.0"/>
  <testcase name="test05" classname="taxipark.TestTask4SmartPassengers" time="0.0"/>
<<<<<<< HEAD
  <testcase name="test06" classname="taxipark.TestTask4SmartPassengers" time="0.002"/>
  <testcase name="test07" classname="taxipark.TestTask4SmartPassengers" time="0.001"/>
  <testcase name="test08" classname="taxipark.TestTask4SmartPassengers" time="0.0"/>
  <testcase name="test09" classname="taxipark.TestTask4SmartPassengers" time="0.0"/>
  <testcase name="test10" classname="taxipark.TestTask4SmartPassengers" time="0.0"/>
=======
  <testcase name="test06" classname="taxipark.TestTask4SmartPassengers" time="0.001"/>
  <testcase name="test07" classname="taxipark.TestTask4SmartPassengers" time="0.0"/>
  <testcase name="test08" classname="taxipark.TestTask4SmartPassengers" time="0.0"/>
  <testcase name="test09" classname="taxipark.TestTask4SmartPassengers" time="0.002"/>
  <testcase name="test10" classname="taxipark.TestTask4SmartPassengers" time="0.001"/>
>>>>>>> 5a6a2ebc8c75b3dfd4e3b033aab97435cc7ba841
  <testcase name="test11" classname="taxipark.TestTask4SmartPassengers" time="0.0"/>
  <system-out><![CDATA[]]></system-out>
  <system-err><![CDATA[]]></system-err>
</testsuite>
