<?xml version="1.0" encoding="UTF-8"?>
<<<<<<< HEAD
<testsuite name="taxipark.TestTask1FakeDrivers" tests="7" skipped="0" failures="0" errors="0" timestamp="2021-04-24T00:04:10" hostname="LAPTOP-0SJIEU5A" time="0.009">
  <properties/>
  <testcase name="test0" classname="taxipark.TestTask1FakeDrivers" time="0.001"/>
  <testcase name="test1" classname="taxipark.TestTask1FakeDrivers" time="0.0"/>
  <testcase name="test2" classname="taxipark.TestTask1FakeDrivers" time="0.0"/>
  <testcase name="test3" classname="taxipark.TestTask1FakeDrivers" time="0.0"/>
  <testcase name="test4" classname="taxipark.TestTask1FakeDrivers" time="0.001"/>
  <testcase name="test5" classname="taxipark.TestTask1FakeDrivers" time="0.0"/>
  <testcase name="test6" classname="taxipark.TestTask1FakeDrivers" time="0.006"/>
=======
<testsuite name="taxipark.TestTask1FakeDrivers" tests="7" skipped="0" failures="0" errors="0" timestamp="2021-04-24T11:22:40" hostname="NOSI-DDS-87" time="0.28">
  <properties/>
  <testcase name="test0" classname="taxipark.TestTask1FakeDrivers" time="0.253"/>
  <testcase name="test1" classname="taxipark.TestTask1FakeDrivers" time="0.008"/>
  <testcase name="test2" classname="taxipark.TestTask1FakeDrivers" time="0.002"/>
  <testcase name="test3" classname="taxipark.TestTask1FakeDrivers" time="0.001"/>
  <testcase name="test4" classname="taxipark.TestTask1FakeDrivers" time="0.003"/>
  <testcase name="test5" classname="taxipark.TestTask1FakeDrivers" time="0.004"/>
  <testcase name="test6" classname="taxipark.TestTask1FakeDrivers" time="0.007"/>
>>>>>>> 5a6a2ebc8c75b3dfd4e3b033aab97435cc7ba841
  <system-out><![CDATA[]]></system-out>
  <system-err><![CDATA[]]></system-err>
</testsuite>
