<?xml version="1.0" encoding="UTF-8"?>
<testsuite name="taxipark.TestTask2FaithfulPassengers" tests="8" skipped="0" failures="0" errors="0" timestamp="2021-04-24T11:22:40" hostname="NOSI-DDS-87" time="0.046">
  <properties/>
  <testcase name="test0" classname="taxipark.TestTask2FaithfulPassengers" time="0.026"/>
  <testcase name="test1" classname="taxipark.TestTask2FaithfulPassengers" time="0.0"/>
  <testcase name="test2" classname="taxipark.TestTask2FaithfulPassengers" time="0.001"/>
  <testcase name="test3" classname="taxipark.TestTask2FaithfulPassengers" time="0.001"/>
  <testcase name="test4" classname="taxipark.TestTask2FaithfulPassengers" time="0.002"/>
  <testcase name="test5" classname="taxipark.TestTask2FaithfulPassengers" time="0.003"/>
  <testcase name="test6" classname="taxipark.TestTask2FaithfulPassengers" time="0.002"/>
  <testcase name="test7" classname="taxipark.TestTask2FaithfulPassengers" time="0.004"/>
  <system-out><![CDATA[0
2
3
3
2
1
1
7
]]></system-out>
  <system-err><![CDATA[]]></system-err>
</testsuite>
