<?xml version="1.0" encoding="UTF-8"?>
<<<<<<< HEAD
<testsuite name="taxipark.TestTask5TheMostFrequentTripDurationPeriod" tests="14" skipped="0" failures="14" errors="0" timestamp="2021-04-24T00:04:10" hostname="LAPTOP-0SJIEU5A" time="0.243">
  <properties/>
  <testcase name="test00" classname="taxipark.TestTask5TheMostFrequentTripDurationPeriod" time="0.059">
    <failure message="java.lang.AssertionError: Wrong result for 'findTheMostFrequentTripDurationPeriod()': 1..10.&#13;&#10;Taxi park:&#13;&#10;Drivers: [D-0, D-1]&#13;&#10;Passengers: [P-0, P-1, P-2, P-3, P-4, P-5, P-6, P-7, P-8, P-9, P-10]&#13;&#10;Trips: []&#13;&#10; expected:&lt;null&gt; but was:&lt;1..10&gt;" type="java.lang.AssertionError">java.lang.AssertionError: Wrong result for 'findTheMostFrequentTripDurationPeriod()': 1..10.
Taxi park:
Drivers: [D-0, D-1]
Passengers: [P-0, P-1, P-2, P-3, P-4, P-5, P-6, P-7, P-8, P-9, P-10]
Trips: []
 expected:&lt;null&gt; but was:&lt;1..10&gt;
	at org.junit.Assert.fail(Assert.java:88)
	at org.junit.Assert.failNotEquals(Assert.java:834)
	at org.junit.Assert.assertEquals(Assert.java:118)
	at taxipark.TestTask5TheMostFrequentTripDurationPeriod.testDurationPeriod(TestTask5TheMostFrequentTripDurationPeriod.kt:15)
	at taxipark.TestTask5TheMostFrequentTripDurationPeriod.test00(TestTask5TheMostFrequentTripDurationPeriod.kt:28)
	at sun.reflect.NativeMethodAccessorImpl.invoke0(Native Method)
	at sun.reflect.NativeMethodAccessorImpl.invoke(NativeMethodAccessorImpl.java:62)
	at sun.reflect.DelegatingMethodAccessorImpl.invoke(DelegatingMethodAccessorImpl.java:43)
	at java.lang.reflect.Method.invoke(Method.java:498)
	at org.junit.runners.model.FrameworkMethod$1.runReflectiveCall(FrameworkMethod.java:50)
	at org.junit.internal.runners.model.ReflectiveCallable.run(ReflectiveCallable.java:12)
	at org.junit.runners.model.FrameworkMethod.invokeExplosively(FrameworkMethod.java:47)
	at org.junit.internal.runners.statements.InvokeMethod.evaluate(InvokeMethod.java:17)
	at org.junit.runners.ParentRunner.runLeaf(ParentRunner.java:325)
	at org.junit.runners.BlockJUnit4ClassRunner.runChild(BlockJUnit4ClassRunner.java:78)
	at org.junit.runners.BlockJUnit4ClassRunner.runChild(BlockJUnit4ClassRunner.java:57)
	at org.junit.runners.ParentRunner$3.run(ParentRunner.java:290)
	at org.junit.runners.ParentRunner$1.schedule(ParentRunner.java:71)
	at org.junit.runners.ParentRunner.runChildren(ParentRunner.java:288)
	at org.junit.runners.ParentRunner.access$000(ParentRunner.java:58)
	at org.junit.runners.ParentRunner$2.evaluate(ParentRunner.java:268)
	at org.junit.runners.ParentRunner.run(ParentRunner.java:363)
	at org.gradle.api.internal.tasks.testing.junit.JUnitTestClassExecutor.runTestClass(JUnitTestClassExecutor.java:110)
	at org.gradle.api.internal.tasks.testing.junit.JUnitTestClassExecutor.execute(JUnitTestClassExecutor.java:58)
	at org.gradle.api.internal.tasks.testing.junit.JUnitTestClassExecutor.execute(JUnitTestClassExecutor.java:38)
	at org.gradle.api.internal.tasks.testing.junit.AbstractJUnitTestClassProcessor.processTestClass(AbstractJUnitTestClassProcessor.java:62)
	at org.gradle.api.internal.tasks.testing.SuiteTestClassProcessor.processTestClass(SuiteTestClassProcessor.java:51)
	at sun.reflect.NativeMethodAccessorImpl.invoke0(Native Method)
	at sun.reflect.NativeMethodAccessorImpl.invoke(NativeMethodAccessorImpl.java:62)
	at sun.reflect.DelegatingMethodAccessorImpl.invoke(DelegatingMethodAccessorImpl.java:43)
	at java.lang.reflect.Method.invoke(Method.java:498)
	at org.gradle.internal.dispatch.ReflectionDispatch.dispatch(ReflectionDispatch.java:36)
	at org.gradle.internal.dispatch.ReflectionDispatch.dispatch(ReflectionDispatch.java:24)
	at org.gradle.internal.dispatch.ContextClassLoaderDispatch.dispatch(ContextClassLoaderDispatch.java:33)
	at org.gradle.internal.dispatch.ProxyDispatchAdapter$DispatchingInvocationHandler.invoke(ProxyDispatchAdapter.java:94)
	at com.sun.proxy.$Proxy2.processTestClass(Unknown Source)
	at org.gradle.api.internal.tasks.testing.worker.TestWorker.processTestClass(TestWorker.java:119)
	at sun.reflect.NativeMethodAccessorImpl.invoke0(Native Method)
	at sun.reflect.NativeMethodAccessorImpl.invoke(NativeMethodAccessorImpl.java:62)
	at sun.reflect.DelegatingMethodAccessorImpl.invoke(DelegatingMethodAccessorImpl.java:43)
	at java.lang.reflect.Method.invoke(Method.java:498)
	at org.gradle.internal.dispatch.ReflectionDispatch.dispatch(ReflectionDispatch.java:36)
	at org.gradle.internal.dispatch.ReflectionDispatch.dispatch(ReflectionDispatch.java:24)
	at org.gradle.internal.remote.internal.hub.MessageHubBackedObjectConnection$DispatchWrapper.dispatch(MessageHubBackedObjectConnection.java:182)
	at org.gradle.internal.remote.internal.hub.MessageHubBackedObjectConnection$DispatchWrapper.dispatch(MessageHubBackedObjectConnection.java:164)
	at org.gradle.internal.remote.internal.hub.MessageHub$Handler.run(MessageHub.java:414)
	at org.gradle.internal.concurrent.ExecutorPolicy$CatchAndRecordFailures.onExecute(ExecutorPolicy.java:64)
	at org.gradle.internal.concurrent.ManagedExecutorImpl$1.run(ManagedExecutorImpl.java:48)
	at java.util.concurrent.ThreadPoolExecutor.runWorker(ThreadPoolExecutor.java:1149)
	at java.util.concurrent.ThreadPoolExecutor$Worker.run(ThreadPoolExecutor.java:624)
	at org.gradle.internal.concurrent.ThreadFactoryImpl$ManagedThreadRunnable.run(ThreadFactoryImpl.java:56)
	at java.lang.Thread.run(Thread.java:748)
</failure>
  </testcase>
  <testcase name="test01" classname="taxipark.TestTask5TheMostFrequentTripDurationPeriod" time="0.005">
    <failure message="java.lang.AssertionError: Wrong result for 'findTheMostFrequentTripDurationPeriod()': 1..10.&#13;&#10;Taxi park:&#13;&#10;Drivers: [D-1, D-2, D-3]&#13;&#10;Passengers: [P-1, P-2, P-3, P-4, P-5]&#13;&#10;Trips: [(D-1, [P-1], 10, 3.0), (D-3, [P-4], 30, 3.0), (D-1, [P-2], 20, 3.0), (D-2, [P-3], 35, 3.0)]&#13;&#10; expected:&lt;30..39&gt; but was:&lt;1..10&gt;" type="java.lang.AssertionError">java.lang.AssertionError: Wrong result for 'findTheMostFrequentTripDurationPeriod()': 1..10.
Taxi park:
Drivers: [D-1, D-2, D-3]
Passengers: [P-1, P-2, P-3, P-4, P-5]
Trips: [(D-1, [P-1], 10, 3.0), (D-3, [P-4], 30, 3.0), (D-1, [P-2], 20, 3.0), (D-2, [P-3], 35, 3.0)]
 expected:&lt;30..39&gt; but was:&lt;1..10&gt;
	at org.junit.Assert.fail(Assert.java:88)
	at org.junit.Assert.failNotEquals(Assert.java:834)
	at org.junit.Assert.assertEquals(Assert.java:118)
	at taxipark.TestTask5TheMostFrequentTripDurationPeriod.testDurationPeriod(TestTask5TheMostFrequentTripDurationPeriod.kt:15)
	at taxipark.TestTask5TheMostFrequentTripDurationPeriod.test01(TestTask5TheMostFrequentTripDurationPeriod.kt:33)
	at sun.reflect.NativeMethodAccessorImpl.invoke0(Native Method)
	at sun.reflect.NativeMethodAccessorImpl.invoke(NativeMethodAccessorImpl.java:62)
	at sun.reflect.DelegatingMethodAccessorImpl.invoke(DelegatingMethodAccessorImpl.java:43)
	at java.lang.reflect.Method.invoke(Method.java:498)
	at org.junit.runners.model.FrameworkMethod$1.runReflectiveCall(FrameworkMethod.java:50)
	at org.junit.internal.runners.model.ReflectiveCallable.run(ReflectiveCallable.java:12)
	at org.junit.runners.model.FrameworkMethod.invokeExplosively(FrameworkMethod.java:47)
	at org.junit.internal.runners.statements.InvokeMethod.evaluate(InvokeMethod.java:17)
	at org.junit.runners.ParentRunner.runLeaf(ParentRunner.java:325)
	at org.junit.runners.BlockJUnit4ClassRunner.runChild(BlockJUnit4ClassRunner.java:78)
	at org.junit.runners.BlockJUnit4ClassRunner.runChild(BlockJUnit4ClassRunner.java:57)
	at org.junit.runners.ParentRunner$3.run(ParentRunner.java:290)
	at org.junit.runners.ParentRunner$1.schedule(ParentRunner.java:71)
	at org.junit.runners.ParentRunner.runChildren(ParentRunner.java:288)
	at org.junit.runners.ParentRunner.access$000(ParentRunner.java:58)
	at org.junit.runners.ParentRunner$2.evaluate(ParentRunner.java:268)
	at org.junit.runners.ParentRunner.run(ParentRunner.java:363)
	at org.gradle.api.internal.tasks.testing.junit.JUnitTestClassExecutor.runTestClass(JUnitTestClassExecutor.java:110)
	at org.gradle.api.internal.tasks.testing.junit.JUnitTestClassExecutor.execute(JUnitTestClassExecutor.java:58)
	at org.gradle.api.internal.tasks.testing.junit.JUnitTestClassExecutor.execute(JUnitTestClassExecutor.java:38)
	at org.gradle.api.internal.tasks.testing.junit.AbstractJUnitTestClassProcessor.processTestClass(AbstractJUnitTestClassProcessor.java:62)
	at org.gradle.api.internal.tasks.testing.SuiteTestClassProcessor.processTestClass(SuiteTestClassProcessor.java:51)
	at sun.reflect.NativeMethodAccessorImpl.invoke0(Native Method)
	at sun.reflect.NativeMethodAccessorImpl.invoke(NativeMethodAccessorImpl.java:62)
	at sun.reflect.DelegatingMethodAccessorImpl.invoke(DelegatingMethodAccessorImpl.java:43)
	at java.lang.reflect.Method.invoke(Method.java:498)
	at org.gradle.internal.dispatch.ReflectionDispatch.dispatch(ReflectionDispatch.java:36)
	at org.gradle.internal.dispatch.ReflectionDispatch.dispatch(ReflectionDispatch.java:24)
	at org.gradle.internal.dispatch.ContextClassLoaderDispatch.dispatch(ContextClassLoaderDispatch.java:33)
	at org.gradle.internal.dispatch.ProxyDispatchAdapter$DispatchingInvocationHandler.invoke(ProxyDispatchAdapter.java:94)
	at com.sun.proxy.$Proxy2.processTestClass(Unknown Source)
	at org.gradle.api.internal.tasks.testing.worker.TestWorker.processTestClass(TestWorker.java:119)
	at sun.reflect.NativeMethodAccessorImpl.invoke0(Native Method)
	at sun.reflect.NativeMethodAccessorImpl.invoke(NativeMethodAccessorImpl.java:62)
	at sun.reflect.DelegatingMethodAccessorImpl.invoke(DelegatingMethodAccessorImpl.java:43)
	at java.lang.reflect.Method.invoke(Method.java:498)
	at org.gradle.internal.dispatch.ReflectionDispatch.dispatch(ReflectionDispatch.java:36)
	at org.gradle.internal.dispatch.ReflectionDispatch.dispatch(ReflectionDispatch.java:24)
	at org.gradle.internal.remote.internal.hub.MessageHubBackedObjectConnection$DispatchWrapper.dispatch(MessageHubBackedObjectConnection.java:182)
	at org.gradle.internal.remote.internal.hub.MessageHubBackedObjectConnection$DispatchWrapper.dispatch(MessageHubBackedObjectConnection.java:164)
	at org.gradle.internal.remote.internal.hub.MessageHub$Handler.run(MessageHub.java:414)
	at org.gradle.internal.concurrent.ExecutorPolicy$CatchAndRecordFailures.onExecute(ExecutorPolicy.java:64)
	at org.gradle.internal.concurrent.ManagedExecutorImpl$1.run(ManagedExecutorImpl.java:48)
	at java.util.concurrent.ThreadPoolExecutor.runWorker(ThreadPoolExecutor.java:1149)
	at java.util.concurrent.ThreadPoolExecutor$Worker.run(ThreadPoolExecutor.java:624)
	at org.gradle.internal.concurrent.ThreadFactoryImpl$ManagedThreadRunnable.run(ThreadFactoryImpl.java:56)
	at java.lang.Thread.run(Thread.java:748)
</failure>
  </testcase>
  <testcase name="test02" classname="taxipark.TestTask5TheMostFrequentTripDurationPeriod" time="0.014">
    <failure message="java.lang.AssertionError: Wrong result for 'findTheMostFrequentTripDurationPeriod()': 1..10.&#13;&#10;Taxi park:&#13;&#10;Drivers: [D-0, D-1, D-2, D-3, D-4, D-5]&#13;&#10;Passengers: [P-0, P-1, P-2, P-3, P-4, P-5, P-6, P-7, P-8, P-9]&#13;&#10;Trips: [(D-0, [P-2, P-9], 14, 25.0), (D-1, [P-8], 39, 37.0, 0.2), (D-5, [P-0, P-5], 27, 28.0, 0.3), (D-4, [P-0, P-6], 33, 14.0), (D-2, [P-5, P-1, P-4, P-3], 2, 15.0), (D-4, [P-7], 27, 2.0), (D-4, [P-4, P-6], 31, 31.0), (D-3, [P-9, P-0], 34, 7.0), (D-5, [P-3], 25, 33.0), (D-1, [P-0, P-7, P-2, P-3], 13, 17.0)]&#13;&#10; expected:&lt;30..39&gt; but was:&lt;1..10&gt;" type="java.lang.AssertionError">java.lang.AssertionError: Wrong result for 'findTheMostFrequentTripDurationPeriod()': 1..10.
Taxi park:
Drivers: [D-0, D-1, D-2, D-3, D-4, D-5]
Passengers: [P-0, P-1, P-2, P-3, P-4, P-5, P-6, P-7, P-8, P-9]
Trips: [(D-0, [P-2, P-9], 14, 25.0), (D-1, [P-8], 39, 37.0, 0.2), (D-5, [P-0, P-5], 27, 28.0, 0.3), (D-4, [P-0, P-6], 33, 14.0), (D-2, [P-5, P-1, P-4, P-3], 2, 15.0), (D-4, [P-7], 27, 2.0), (D-4, [P-4, P-6], 31, 31.0), (D-3, [P-9, P-0], 34, 7.0), (D-5, [P-3], 25, 33.0), (D-1, [P-0, P-7, P-2, P-3], 13, 17.0)]
 expected:&lt;30..39&gt; but was:&lt;1..10&gt;
	at org.junit.Assert.fail(Assert.java:88)
	at org.junit.Assert.failNotEquals(Assert.java:834)
	at org.junit.Assert.assertEquals(Assert.java:118)
	at taxipark.TestTask5TheMostFrequentTripDurationPeriod.testDurationPeriod(TestTask5TheMostFrequentTripDurationPeriod.kt:15)
	at taxipark.TestTask5TheMostFrequentTripDurationPeriod.test02(TestTask5TheMostFrequentTripDurationPeriod.kt:41)
	at sun.reflect.NativeMethodAccessorImpl.invoke0(Native Method)
	at sun.reflect.NativeMethodAccessorImpl.invoke(NativeMethodAccessorImpl.java:62)
	at sun.reflect.DelegatingMethodAccessorImpl.invoke(DelegatingMethodAccessorImpl.java:43)
	at java.lang.reflect.Method.invoke(Method.java:498)
	at org.junit.runners.model.FrameworkMethod$1.runReflectiveCall(FrameworkMethod.java:50)
	at org.junit.internal.runners.model.ReflectiveCallable.run(ReflectiveCallable.java:12)
	at org.junit.runners.model.FrameworkMethod.invokeExplosively(FrameworkMethod.java:47)
	at org.junit.internal.runners.statements.InvokeMethod.evaluate(InvokeMethod.java:17)
	at org.junit.runners.ParentRunner.runLeaf(ParentRunner.java:325)
	at org.junit.runners.BlockJUnit4ClassRunner.runChild(BlockJUnit4ClassRunner.java:78)
	at org.junit.runners.BlockJUnit4ClassRunner.runChild(BlockJUnit4ClassRunner.java:57)
	at org.junit.runners.ParentRunner$3.run(ParentRunner.java:290)
	at org.junit.runners.ParentRunner$1.schedule(ParentRunner.java:71)
	at org.junit.runners.ParentRunner.runChildren(ParentRunner.java:288)
	at org.junit.runners.ParentRunner.access$000(ParentRunner.java:58)
	at org.junit.runners.ParentRunner$2.evaluate(ParentRunner.java:268)
	at org.junit.runners.ParentRunner.run(ParentRunner.java:363)
	at org.gradle.api.internal.tasks.testing.junit.JUnitTestClassExecutor.runTestClass(JUnitTestClassExecutor.java:110)
	at org.gradle.api.internal.tasks.testing.junit.JUnitTestClassExecutor.execute(JUnitTestClassExecutor.java:58)
	at org.gradle.api.internal.tasks.testing.junit.JUnitTestClassExecutor.execute(JUnitTestClassExecutor.java:38)
	at org.gradle.api.internal.tasks.testing.junit.AbstractJUnitTestClassProcessor.processTestClass(AbstractJUnitTestClassProcessor.java:62)
	at org.gradle.api.internal.tasks.testing.SuiteTestClassProcessor.processTestClass(SuiteTestClassProcessor.java:51)
	at sun.reflect.NativeMethodAccessorImpl.invoke0(Native Method)
	at sun.reflect.NativeMethodAccessorImpl.invoke(NativeMethodAccessorImpl.java:62)
	at sun.reflect.DelegatingMethodAccessorImpl.invoke(DelegatingMethodAccessorImpl.java:43)
	at java.lang.reflect.Method.invoke(Method.java:498)
	at org.gradle.internal.dispatch.ReflectionDispatch.dispatch(ReflectionDispatch.java:36)
	at org.gradle.internal.dispatch.ReflectionDispatch.dispatch(ReflectionDispatch.java:24)
	at org.gradle.internal.dispatch.ContextClassLoaderDispatch.dispatch(ContextClassLoaderDispatch.java:33)
	at org.gradle.internal.dispatch.ProxyDispatchAdapter$DispatchingInvocationHandler.invoke(ProxyDispatchAdapter.java:94)
	at com.sun.proxy.$Proxy2.processTestClass(Unknown Source)
	at org.gradle.api.internal.tasks.testing.worker.TestWorker.processTestClass(TestWorker.java:119)
	at sun.reflect.NativeMethodAccessorImpl.invoke0(Native Method)
	at sun.reflect.NativeMethodAccessorImpl.invoke(NativeMethodAccessorImpl.java:62)
	at sun.reflect.DelegatingMethodAccessorImpl.invoke(DelegatingMethodAccessorImpl.java:43)
	at java.lang.reflect.Method.invoke(Method.java:498)
	at org.gradle.internal.dispatch.ReflectionDispatch.dispatch(ReflectionDispatch.java:36)
	at org.gradle.internal.dispatch.ReflectionDispatch.dispatch(ReflectionDispatch.java:24)
	at org.gradle.internal.remote.internal.hub.MessageHubBackedObjectConnection$DispatchWrapper.dispatch(MessageHubBackedObjectConnection.java:182)
	at org.gradle.internal.remote.internal.hub.MessageHubBackedObjectConnection$DispatchWrapper.dispatch(MessageHubBackedObjectConnection.java:164)
	at org.gradle.internal.remote.internal.hub.MessageHub$Handler.run(MessageHub.java:414)
	at org.gradle.internal.concurrent.ExecutorPolicy$CatchAndRecordFailures.onExecute(ExecutorPolicy.java:64)
	at org.gradle.internal.concurrent.ManagedExecutorImpl$1.run(ManagedExecutorImpl.java:48)
	at java.util.concurrent.ThreadPoolExecutor.runWorker(ThreadPoolExecutor.java:1149)
	at java.util.concurrent.ThreadPoolExecutor$Worker.run(ThreadPoolExecutor.java:624)
	at org.gradle.internal.concurrent.ThreadFactoryImpl$ManagedThreadRunnable.run(ThreadFactoryImpl.java:56)
	at java.lang.Thread.run(Thread.java:748)
</failure>
  </testcase>
  <testcase name="test03" classname="taxipark.TestTask5TheMostFrequentTripDurationPeriod" time="0.007">
    <failure message="java.lang.AssertionError: Wrong result for 'findTheMostFrequentTripDurationPeriod()': 1..10.&#13;&#10;Taxi park:&#13;&#10;Drivers: [D-0, D-1, D-2, D-3, D-4, D-5]&#13;&#10;Passengers: [P-0, P-1, P-2, P-3, P-4, P-5, P-6, P-7, P-8, P-9]&#13;&#10;Trips: [(D-1, [P-1, P-6], 9, 0.0, 0.2), (D-3, [P-1], 9, 22.0, 0.3), (D-2, [P-9, P-3], 3, 26.0), (D-5, [P-7], 19, 20.0), (D-4, [P-3, P-8], 4, 30.0, 0.3), (D-4, [P-7, P-8, P-5, P-2], 1, 33.0, 0.3), (D-4, [P-9], 4, 20.0), (D-5, [P-9], 16, 10.0), (D-4, [P-0, P-6], 6, 36.0), (D-1, [P-6, P-0], 20, 31.0, 0.1)]&#13;&#10; expected:&lt;0..9&gt; but was:&lt;1..10&gt;" type="java.lang.AssertionError">java.lang.AssertionError: Wrong result for 'findTheMostFrequentTripDurationPeriod()': 1..10.
Taxi park:
Drivers: [D-0, D-1, D-2, D-3, D-4, D-5]
Passengers: [P-0, P-1, P-2, P-3, P-4, P-5, P-6, P-7, P-8, P-9]
Trips: [(D-1, [P-1, P-6], 9, 0.0, 0.2), (D-3, [P-1], 9, 22.0, 0.3), (D-2, [P-9, P-3], 3, 26.0), (D-5, [P-7], 19, 20.0), (D-4, [P-3, P-8], 4, 30.0, 0.3), (D-4, [P-7, P-8, P-5, P-2], 1, 33.0, 0.3), (D-4, [P-9], 4, 20.0), (D-5, [P-9], 16, 10.0), (D-4, [P-0, P-6], 6, 36.0), (D-1, [P-6, P-0], 20, 31.0, 0.1)]
 expected:&lt;0..9&gt; but was:&lt;1..10&gt;
	at org.junit.Assert.fail(Assert.java:88)
	at org.junit.Assert.failNotEquals(Assert.java:834)
	at org.junit.Assert.assertEquals(Assert.java:118)
	at taxipark.TestTask5TheMostFrequentTripDurationPeriod.testDurationPeriod(TestTask5TheMostFrequentTripDurationPeriod.kt:15)
	at taxipark.TestTask5TheMostFrequentTripDurationPeriod.test03(TestTask5TheMostFrequentTripDurationPeriod.kt:55)
	at sun.reflect.NativeMethodAccessorImpl.invoke0(Native Method)
	at sun.reflect.NativeMethodAccessorImpl.invoke(NativeMethodAccessorImpl.java:62)
	at sun.reflect.DelegatingMethodAccessorImpl.invoke(DelegatingMethodAccessorImpl.java:43)
	at java.lang.reflect.Method.invoke(Method.java:498)
	at org.junit.runners.model.FrameworkMethod$1.runReflectiveCall(FrameworkMethod.java:50)
	at org.junit.internal.runners.model.ReflectiveCallable.run(ReflectiveCallable.java:12)
	at org.junit.runners.model.FrameworkMethod.invokeExplosively(FrameworkMethod.java:47)
	at org.junit.internal.runners.statements.InvokeMethod.evaluate(InvokeMethod.java:17)
	at org.junit.runners.ParentRunner.runLeaf(ParentRunner.java:325)
	at org.junit.runners.BlockJUnit4ClassRunner.runChild(BlockJUnit4ClassRunner.java:78)
	at org.junit.runners.BlockJUnit4ClassRunner.runChild(BlockJUnit4ClassRunner.java:57)
	at org.junit.runners.ParentRunner$3.run(ParentRunner.java:290)
	at org.junit.runners.ParentRunner$1.schedule(ParentRunner.java:71)
	at org.junit.runners.ParentRunner.runChildren(ParentRunner.java:288)
	at org.junit.runners.ParentRunner.access$000(ParentRunner.java:58)
	at org.junit.runners.ParentRunner$2.evaluate(ParentRunner.java:268)
	at org.junit.runners.ParentRunner.run(ParentRunner.java:363)
	at org.gradle.api.internal.tasks.testing.junit.JUnitTestClassExecutor.runTestClass(JUnitTestClassExecutor.java:110)
	at org.gradle.api.internal.tasks.testing.junit.JUnitTestClassExecutor.execute(JUnitTestClassExecutor.java:58)
	at org.gradle.api.internal.tasks.testing.junit.JUnitTestClassExecutor.execute(JUnitTestClassExecutor.java:38)
	at org.gradle.api.internal.tasks.testing.junit.AbstractJUnitTestClassProcessor.processTestClass(AbstractJUnitTestClassProcessor.java:62)
	at org.gradle.api.internal.tasks.testing.SuiteTestClassProcessor.processTestClass(SuiteTestClassProcessor.java:51)
	at sun.reflect.NativeMethodAccessorImpl.invoke0(Native Method)
	at sun.reflect.NativeMethodAccessorImpl.invoke(NativeMethodAccessorImpl.java:62)
	at sun.reflect.DelegatingMethodAccessorImpl.invoke(DelegatingMethodAccessorImpl.java:43)
	at java.lang.reflect.Method.invoke(Method.java:498)
	at org.gradle.internal.dispatch.ReflectionDispatch.dispatch(ReflectionDispatch.java:36)
	at org.gradle.internal.dispatch.ReflectionDispatch.dispatch(ReflectionDispatch.java:24)
	at org.gradle.internal.dispatch.ContextClassLoaderDispatch.dispatch(ContextClassLoaderDispatch.java:33)
	at org.gradle.internal.dispatch.ProxyDispatchAdapter$DispatchingInvocationHandler.invoke(ProxyDispatchAdapter.java:94)
	at com.sun.proxy.$Proxy2.processTestClass(Unknown Source)
	at org.gradle.api.internal.tasks.testing.worker.TestWorker.processTestClass(TestWorker.java:119)
	at sun.reflect.NativeMethodAccessorImpl.invoke0(Native Method)
	at sun.reflect.NativeMethodAccessorImpl.invoke(NativeMethodAccessorImpl.java:62)
	at sun.reflect.DelegatingMethodAccessorImpl.invoke(DelegatingMethodAccessorImpl.java:43)
	at java.lang.reflect.Method.invoke(Method.java:498)
	at org.gradle.internal.dispatch.ReflectionDispatch.dispatch(ReflectionDispatch.java:36)
	at org.gradle.internal.dispatch.ReflectionDispatch.dispatch(ReflectionDispatch.java:24)
	at org.gradle.internal.remote.internal.hub.MessageHubBackedObjectConnection$DispatchWrapper.dispatch(MessageHubBackedObjectConnection.java:182)
	at org.gradle.internal.remote.internal.hub.MessageHubBackedObjectConnection$DispatchWrapper.dispatch(MessageHubBackedObjectConnection.java:164)
	at org.gradle.internal.remote.internal.hub.MessageHub$Handler.run(MessageHub.java:414)
	at org.gradle.internal.concurrent.ExecutorPolicy$CatchAndRecordFailures.onExecute(ExecutorPolicy.java:64)
	at org.gradle.internal.concurrent.ManagedExecutorImpl$1.run(ManagedExecutorImpl.java:48)
	at java.util.concurrent.ThreadPoolExecutor.runWorker(ThreadPoolExecutor.java:1149)
	at java.util.concurrent.ThreadPoolExecutor$Worker.run(ThreadPoolExecutor.java:624)
	at org.gradle.internal.concurrent.ThreadFactoryImpl$ManagedThreadRunnable.run(ThreadFactoryImpl.java:56)
	at java.lang.Thread.run(Thread.java:748)
</failure>
  </testcase>
  <testcase name="test04" classname="taxipark.TestTask5TheMostFrequentTripDurationPeriod" time="0.004">
    <failure message="java.lang.AssertionError: Wrong result for 'findTheMostFrequentTripDurationPeriod()': 1..10.&#13;&#10;Taxi park:&#13;&#10;Drivers: [D-0, D-1, D-2, D-3, D-4, D-5]&#13;&#10;Passengers: [P-0, P-1, P-2, P-3, P-4, P-5, P-6, P-7, P-8, P-9]&#13;&#10;Trips: [(D-4, [P-3, P-2], 12, 17.0, 0.4), (D-4, [P-5], 16, 14.0), (D-4, [P-1], 29, 34.0), (D-3, [P-4, P-0], 37, 38.0), (D-0, [P-7], 3, 0.0), (D-0, [P-1, P-6, P-3], 33, 26.0), (D-0, [P-9, P-2], 21, 2.0), (D-1, [P-9], 27, 12.0), (D-5, [P-1, P-6], 19, 23.0), (D-3, [P-5, P-9, P-2], 10, 39.0)]&#13;&#10; expected:&lt;10..19&gt; but was:&lt;1..10&gt;" type="java.lang.AssertionError">java.lang.AssertionError: Wrong result for 'findTheMostFrequentTripDurationPeriod()': 1..10.
Taxi park:
Drivers: [D-0, D-1, D-2, D-3, D-4, D-5]
Passengers: [P-0, P-1, P-2, P-3, P-4, P-5, P-6, P-7, P-8, P-9]
Trips: [(D-4, [P-3, P-2], 12, 17.0, 0.4), (D-4, [P-5], 16, 14.0), (D-4, [P-1], 29, 34.0), (D-3, [P-4, P-0], 37, 38.0), (D-0, [P-7], 3, 0.0), (D-0, [P-1, P-6, P-3], 33, 26.0), (D-0, [P-9, P-2], 21, 2.0), (D-1, [P-9], 27, 12.0), (D-5, [P-1, P-6], 19, 23.0), (D-3, [P-5, P-9, P-2], 10, 39.0)]
 expected:&lt;10..19&gt; but was:&lt;1..10&gt;
	at org.junit.Assert.fail(Assert.java:88)
	at org.junit.Assert.failNotEquals(Assert.java:834)
	at org.junit.Assert.assertEquals(Assert.java:118)
	at taxipark.TestTask5TheMostFrequentTripDurationPeriod.testDurationPeriod(TestTask5TheMostFrequentTripDurationPeriod.kt:15)
	at taxipark.TestTask5TheMostFrequentTripDurationPeriod.test04(TestTask5TheMostFrequentTripDurationPeriod.kt:68)
	at sun.reflect.NativeMethodAccessorImpl.invoke0(Native Method)
	at sun.reflect.NativeMethodAccessorImpl.invoke(NativeMethodAccessorImpl.java:62)
	at sun.reflect.DelegatingMethodAccessorImpl.invoke(DelegatingMethodAccessorImpl.java:43)
	at java.lang.reflect.Method.invoke(Method.java:498)
	at org.junit.runners.model.FrameworkMethod$1.runReflectiveCall(FrameworkMethod.java:50)
	at org.junit.internal.runners.model.ReflectiveCallable.run(ReflectiveCallable.java:12)
	at org.junit.runners.model.FrameworkMethod.invokeExplosively(FrameworkMethod.java:47)
	at org.junit.internal.runners.statements.InvokeMethod.evaluate(InvokeMethod.java:17)
	at org.junit.runners.ParentRunner.runLeaf(ParentRunner.java:325)
	at org.junit.runners.BlockJUnit4ClassRunner.runChild(BlockJUnit4ClassRunner.java:78)
	at org.junit.runners.BlockJUnit4ClassRunner.runChild(BlockJUnit4ClassRunner.java:57)
	at org.junit.runners.ParentRunner$3.run(ParentRunner.java:290)
	at org.junit.runners.ParentRunner$1.schedule(ParentRunner.java:71)
	at org.junit.runners.ParentRunner.runChildren(ParentRunner.java:288)
	at org.junit.runners.ParentRunner.access$000(ParentRunner.java:58)
	at org.junit.runners.ParentRunner$2.evaluate(ParentRunner.java:268)
	at org.junit.runners.ParentRunner.run(ParentRunner.java:363)
	at org.gradle.api.internal.tasks.testing.junit.JUnitTestClassExecutor.runTestClass(JUnitTestClassExecutor.java:110)
	at org.gradle.api.internal.tasks.testing.junit.JUnitTestClassExecutor.execute(JUnitTestClassExecutor.java:58)
	at org.gradle.api.internal.tasks.testing.junit.JUnitTestClassExecutor.execute(JUnitTestClassExecutor.java:38)
	at org.gradle.api.internal.tasks.testing.junit.AbstractJUnitTestClassProcessor.processTestClass(AbstractJUnitTestClassProcessor.java:62)
	at org.gradle.api.internal.tasks.testing.SuiteTestClassProcessor.processTestClass(SuiteTestClassProcessor.java:51)
	at sun.reflect.NativeMethodAccessorImpl.invoke0(Native Method)
	at sun.reflect.NativeMethodAccessorImpl.invoke(NativeMethodAccessorImpl.java:62)
	at sun.reflect.DelegatingMethodAccessorImpl.invoke(DelegatingMethodAccessorImpl.java:43)
	at java.lang.reflect.Method.invoke(Method.java:498)
	at org.gradle.internal.dispatch.ReflectionDispatch.dispatch(ReflectionDispatch.java:36)
	at org.gradle.internal.dispatch.ReflectionDispatch.dispatch(ReflectionDispatch.java:24)
	at org.gradle.internal.dispatch.ContextClassLoaderDispatch.dispatch(ContextClassLoaderDispatch.java:33)
	at org.gradle.internal.dispatch.ProxyDispatchAdapter$DispatchingInvocationHandler.invoke(ProxyDispatchAdapter.java:94)
	at com.sun.proxy.$Proxy2.processTestClass(Unknown Source)
	at org.gradle.api.internal.tasks.testing.worker.TestWorker.processTestClass(TestWorker.java:119)
	at sun.reflect.NativeMethodAccessorImpl.invoke0(Native Method)
	at sun.reflect.NativeMethodAccessorImpl.invoke(NativeMethodAccessorImpl.java:62)
	at sun.reflect.DelegatingMethodAccessorImpl.invoke(DelegatingMethodAccessorImpl.java:43)
	at java.lang.reflect.Method.invoke(Method.java:498)
	at org.gradle.internal.dispatch.ReflectionDispatch.dispatch(ReflectionDispatch.java:36)
	at org.gradle.internal.dispatch.ReflectionDispatch.dispatch(ReflectionDispatch.java:24)
	at org.gradle.internal.remote.internal.hub.MessageHubBackedObjectConnection$DispatchWrapper.dispatch(MessageHubBackedObjectConnection.java:182)
	at org.gradle.internal.remote.internal.hub.MessageHubBackedObjectConnection$DispatchWrapper.dispatch(MessageHubBackedObjectConnection.java:164)
	at org.gradle.internal.remote.internal.hub.MessageHub$Handler.run(MessageHub.java:414)
	at org.gradle.internal.concurrent.ExecutorPolicy$CatchAndRecordFailures.onExecute(ExecutorPolicy.java:64)
	at org.gradle.internal.concurrent.ManagedExecutorImpl$1.run(ManagedExecutorImpl.java:48)
	at java.util.concurrent.ThreadPoolExecutor.runWorker(ThreadPoolExecutor.java:1149)
	at java.util.concurrent.ThreadPoolExecutor$Worker.run(ThreadPoolExecutor.java:624)
	at org.gradle.internal.concurrent.ThreadFactoryImpl$ManagedThreadRunnable.run(ThreadFactoryImpl.java:56)
	at java.lang.Thread.run(Thread.java:748)
</failure>
  </testcase>
  <testcase name="test05" classname="taxipark.TestTask5TheMostFrequentTripDurationPeriod" time="0.012">
    <failure message="java.lang.AssertionError: Wrong result for 'findTheMostFrequentTripDurationPeriod()': 1..10.&#13;&#10;Taxi park:&#13;&#10;Drivers: [D-0, D-1, D-2, D-3, D-4, D-5]&#13;&#10;Passengers: [P-0, P-1, P-2, P-3, P-4, P-5, P-6, P-7, P-8, P-9]&#13;&#10;Trips: [(D-0, [P-8], 20, 22.0, 0.3), (D-4, [P-3, P-5], 12, 25.0, 0.4), (D-2, [P-2, P-8], 28, 6.0), (D-5, [P-0, P-3, P-4], 24, 4.0), (D-2, [P-2, P-8], 19, 20.0), (D-4, [P-0, P-2], 39, 4.0, 0.1), (D-3, [P-4, P-2], 17, 27.0), (D-2, [P-4], 6, 11.0), (D-2, [P-5], 1, 18.0), (D-5, [P-2], 3, 35.0, 0.4)]&#13;&#10;&#10;Possible results: [0..9, 10..19, 20..29]&#10;Actual: 1..10&#10;" type="java.lang.AssertionError">java.lang.AssertionError: Wrong result for 'findTheMostFrequentTripDurationPeriod()': 1..10.
Taxi park:
Drivers: [D-0, D-1, D-2, D-3, D-4, D-5]
Passengers: [P-0, P-1, P-2, P-3, P-4, P-5, P-6, P-7, P-8, P-9]
Trips: [(D-0, [P-8], 20, 22.0, 0.3), (D-4, [P-3, P-5], 12, 25.0, 0.4), (D-2, [P-2, P-8], 28, 6.0), (D-5, [P-0, P-3, P-4], 24, 4.0), (D-2, [P-2, P-8], 19, 20.0), (D-4, [P-0, P-2], 39, 4.0, 0.1), (D-3, [P-4, P-2], 17, 27.0), (D-2, [P-4], 6, 11.0), (D-2, [P-5], 1, 18.0), (D-5, [P-2], 3, 35.0, 0.4)]

Possible results: [0..9, 10..19, 20..29]
Actual: 1..10

	at org.junit.Assert.fail(Assert.java:88)
	at org.junit.Assert.assertTrue(Assert.java:41)
	at taxipark.TestTask5TheMostFrequentTripDurationPeriod.testDurationPeriod(TestTask5TheMostFrequentTripDurationPeriod.kt:19)
	at taxipark.TestTask5TheMostFrequentTripDurationPeriod.test05(TestTask5TheMostFrequentTripDurationPeriod.kt:81)
	at sun.reflect.NativeMethodAccessorImpl.invoke0(Native Method)
	at sun.reflect.NativeMethodAccessorImpl.invoke(NativeMethodAccessorImpl.java:62)
	at sun.reflect.DelegatingMethodAccessorImpl.invoke(DelegatingMethodAccessorImpl.java:43)
	at java.lang.reflect.Method.invoke(Method.java:498)
	at org.junit.runners.model.FrameworkMethod$1.runReflectiveCall(FrameworkMethod.java:50)
	at org.junit.internal.runners.model.ReflectiveCallable.run(ReflectiveCallable.java:12)
	at org.junit.runners.model.FrameworkMethod.invokeExplosively(FrameworkMethod.java:47)
	at org.junit.internal.runners.statements.InvokeMethod.evaluate(InvokeMethod.java:17)
	at org.junit.runners.ParentRunner.runLeaf(ParentRunner.java:325)
	at org.junit.runners.BlockJUnit4ClassRunner.runChild(BlockJUnit4ClassRunner.java:78)
	at org.junit.runners.BlockJUnit4ClassRunner.runChild(BlockJUnit4ClassRunner.java:57)
	at org.junit.runners.ParentRunner$3.run(ParentRunner.java:290)
	at org.junit.runners.ParentRunner$1.schedule(ParentRunner.java:71)
	at org.junit.runners.ParentRunner.runChildren(ParentRunner.java:288)
	at org.junit.runners.ParentRunner.access$000(ParentRunner.java:58)
	at org.junit.runners.ParentRunner$2.evaluate(ParentRunner.java:268)
	at org.junit.runners.ParentRunner.run(ParentRunner.java:363)
	at org.gradle.api.internal.tasks.testing.junit.JUnitTestClassExecutor.runTestClass(JUnitTestClassExecutor.java:110)
	at org.gradle.api.internal.tasks.testing.junit.JUnitTestClassExecutor.execute(JUnitTestClassExecutor.java:58)
	at org.gradle.api.internal.tasks.testing.junit.JUnitTestClassExecutor.execute(JUnitTestClassExecutor.java:38)
	at org.gradle.api.internal.tasks.testing.junit.AbstractJUnitTestClassProcessor.processTestClass(AbstractJUnitTestClassProcessor.java:62)
	at org.gradle.api.internal.tasks.testing.SuiteTestClassProcessor.processTestClass(SuiteTestClassProcessor.java:51)
	at sun.reflect.NativeMethodAccessorImpl.invoke0(Native Method)
	at sun.reflect.NativeMethodAccessorImpl.invoke(NativeMethodAccessorImpl.java:62)
	at sun.reflect.DelegatingMethodAccessorImpl.invoke(DelegatingMethodAccessorImpl.java:43)
	at java.lang.reflect.Method.invoke(Method.java:498)
	at org.gradle.internal.dispatch.ReflectionDispatch.dispatch(ReflectionDispatch.java:36)
	at org.gradle.internal.dispatch.ReflectionDispatch.dispatch(ReflectionDispatch.java:24)
	at org.gradle.internal.dispatch.ContextClassLoaderDispatch.dispatch(ContextClassLoaderDispatch.java:33)
	at org.gradle.internal.dispatch.ProxyDispatchAdapter$DispatchingInvocationHandler.invoke(ProxyDispatchAdapter.java:94)
	at com.sun.proxy.$Proxy2.processTestClass(Unknown Source)
	at org.gradle.api.internal.tasks.testing.worker.TestWorker.processTestClass(TestWorker.java:119)
	at sun.reflect.NativeMethodAccessorImpl.invoke0(Native Method)
	at sun.reflect.NativeMethodAccessorImpl.invoke(NativeMethodAccessorImpl.java:62)
	at sun.reflect.DelegatingMethodAccessorImpl.invoke(DelegatingMethodAccessorImpl.java:43)
	at java.lang.reflect.Method.invoke(Method.java:498)
	at org.gradle.internal.dispatch.ReflectionDispatch.dispatch(ReflectionDispatch.java:36)
	at org.gradle.internal.dispatch.ReflectionDispatch.dispatch(ReflectionDispatch.java:24)
	at org.gradle.internal.remote.internal.hub.MessageHubBackedObjectConnection$DispatchWrapper.dispatch(MessageHubBackedObjectConnection.java:182)
	at org.gradle.internal.remote.internal.hub.MessageHubBackedObjectConnection$DispatchWrapper.dispatch(MessageHubBackedObjectConnection.java:164)
	at org.gradle.internal.remote.internal.hub.MessageHub$Handler.run(MessageHub.java:414)
	at org.gradle.internal.concurrent.ExecutorPolicy$CatchAndRecordFailures.onExecute(ExecutorPolicy.java:64)
	at org.gradle.internal.concurrent.ManagedExecutorImpl$1.run(ManagedExecutorImpl.java:48)
	at java.util.concurrent.ThreadPoolExecutor.runWorker(ThreadPoolExecutor.java:1149)
	at java.util.concurrent.ThreadPoolExecutor$Worker.run(ThreadPoolExecutor.java:624)
	at org.gradle.internal.concurrent.ThreadFactoryImpl$ManagedThreadRunnable.run(ThreadFactoryImpl.java:56)
	at java.lang.Thread.run(Thread.java:748)
</failure>
  </testcase>
  <testcase name="test06" classname="taxipark.TestTask5TheMostFrequentTripDurationPeriod" time="0.034">
    <failure message="java.lang.AssertionError: Wrong result for 'findTheMostFrequentTripDurationPeriod()': 1..10.&#13;&#10;Taxi park:&#13;&#10;Drivers: [D-0, D-1, D-2, D-3, D-4, D-5, D-6, D-7, D-8, D-9]&#13;&#10;Passengers: [P-0, P-1, P-2, P-3, P-4, P-5, P-6, P-7, P-8, P-9, P-10, P-11, P-12, P-13, P-14, P-15, P-16, P-17, P-18, P-19]&#13;&#10;Trips: [(D-7, [P-18, P-5], 21, 17.0), (D-6, [P-8, P-11], 37, 29.0, 0.1), (D-5, [P-19, P-11, P-10, P-4], 33, 12.0, 0.2), (D-7, [P-4, P-3], 8, 2.0), (D-5, [P-18], 1, 11.0), (D-8, [P-13, P-10], 26, 4.0, 0.4), (D-0, [P-14, P-16, P-1], 35, 33.0), (D-8, [P-13, P-8], 9, 29.0), (D-0, [P-12], 31, 5.0), (D-5, [P-2, P-11, P-4], 22, 18.0, 0.3), (D-5, [P-19, P-13], 21, 16.0, 0.3), (D-6, [P-4], 11, 16.0), (D-9, [P-14, P-16], 3, 9.0), (D-7, [P-11, P-10, P-3, P-9], 27, 35.0, 0.1), (D-9, [P-13], 9, 22.0), (D-1, [P-12], 36, 8.0), (D-1, [P-11, P-13], 7, 15.0), (D-3, [P-10, P-0], 36, 6.0), (D-3, [P-16, P-12], 28, 27.0), (D-4, [P-14, P-6], 8, 34.0, 0.4), (D-0, [P-9], 16, 7.0, 0.1), (D-7, [P-11, P-7, P-3], 18, 2.0), (D-5, [P-3], 15, 39.0, 0.2), (D-3, [P-14, P-7], 31, 16.0), (D-2, [P-4], 16, 2.0, 0.3), (D-7, [P-7], 14, 36.0), (D-0, [P-11], 38, 23.0), (D-7, [P-12, P-6, P-3, P-4], 19, 3.0, 0.1), (D-6, [P-13, P-3, P-9], 2, 10.0, 0.2), (D-7, [P-8, P-2, P-3, P-19], 21, 6.0, 0.3)]&#13;&#10;&#10;Possible results: [0..9, 30..39]&#10;Actual: 1..10&#10;" type="java.lang.AssertionError">java.lang.AssertionError: Wrong result for 'findTheMostFrequentTripDurationPeriod()': 1..10.
Taxi park:
Drivers: [D-0, D-1, D-2, D-3, D-4, D-5, D-6, D-7, D-8, D-9]
Passengers: [P-0, P-1, P-2, P-3, P-4, P-5, P-6, P-7, P-8, P-9, P-10, P-11, P-12, P-13, P-14, P-15, P-16, P-17, P-18, P-19]
Trips: [(D-7, [P-18, P-5], 21, 17.0), (D-6, [P-8, P-11], 37, 29.0, 0.1), (D-5, [P-19, P-11, P-10, P-4], 33, 12.0, 0.2), (D-7, [P-4, P-3], 8, 2.0), (D-5, [P-18], 1, 11.0), (D-8, [P-13, P-10], 26, 4.0, 0.4), (D-0, [P-14, P-16, P-1], 35, 33.0), (D-8, [P-13, P-8], 9, 29.0), (D-0, [P-12], 31, 5.0), (D-5, [P-2, P-11, P-4], 22, 18.0, 0.3), (D-5, [P-19, P-13], 21, 16.0, 0.3), (D-6, [P-4], 11, 16.0), (D-9, [P-14, P-16], 3, 9.0), (D-7, [P-11, P-10, P-3, P-9], 27, 35.0, 0.1), (D-9, [P-13], 9, 22.0), (D-1, [P-12], 36, 8.0), (D-1, [P-11, P-13], 7, 15.0), (D-3, [P-10, P-0], 36, 6.0), (D-3, [P-16, P-12], 28, 27.0), (D-4, [P-14, P-6], 8, 34.0, 0.4), (D-0, [P-9], 16, 7.0, 0.1), (D-7, [P-11, P-7, P-3], 18, 2.0), (D-5, [P-3], 15, 39.0, 0.2), (D-3, [P-14, P-7], 31, 16.0), (D-2, [P-4], 16, 2.0, 0.3), (D-7, [P-7], 14, 36.0), (D-0, [P-11], 38, 23.0), (D-7, [P-12, P-6, P-3, P-4], 19, 3.0, 0.1), (D-6, [P-13, P-3, P-9], 2, 10.0, 0.2), (D-7, [P-8, P-2, P-3, P-19], 21, 6.0, 0.3)]

Possible results: [0..9, 30..39]
Actual: 1..10

	at org.junit.Assert.fail(Assert.java:88)
	at org.junit.Assert.assertTrue(Assert.java:41)
	at taxipark.TestTask5TheMostFrequentTripDurationPeriod.testDurationPeriod(TestTask5TheMostFrequentTripDurationPeriod.kt:19)
	at taxipark.TestTask5TheMostFrequentTripDurationPeriod.test06(TestTask5TheMostFrequentTripDurationPeriod.kt:94)
	at sun.reflect.NativeMethodAccessorImpl.invoke0(Native Method)
	at sun.reflect.NativeMethodAccessorImpl.invoke(NativeMethodAccessorImpl.java:62)
	at sun.reflect.DelegatingMethodAccessorImpl.invoke(DelegatingMethodAccessorImpl.java:43)
	at java.lang.reflect.Method.invoke(Method.java:498)
	at org.junit.runners.model.FrameworkMethod$1.runReflectiveCall(FrameworkMethod.java:50)
	at org.junit.internal.runners.model.ReflectiveCallable.run(ReflectiveCallable.java:12)
	at org.junit.runners.model.FrameworkMethod.invokeExplosively(FrameworkMethod.java:47)
	at org.junit.internal.runners.statements.InvokeMethod.evaluate(InvokeMethod.java:17)
	at org.junit.runners.ParentRunner.runLeaf(ParentRunner.java:325)
	at org.junit.runners.BlockJUnit4ClassRunner.runChild(BlockJUnit4ClassRunner.java:78)
	at org.junit.runners.BlockJUnit4ClassRunner.runChild(BlockJUnit4ClassRunner.java:57)
	at org.junit.runners.ParentRunner$3.run(ParentRunner.java:290)
	at org.junit.runners.ParentRunner$1.schedule(ParentRunner.java:71)
	at org.junit.runners.ParentRunner.runChildren(ParentRunner.java:288)
	at org.junit.runners.ParentRunner.access$000(ParentRunner.java:58)
	at org.junit.runners.ParentRunner$2.evaluate(ParentRunner.java:268)
	at org.junit.runners.ParentRunner.run(ParentRunner.java:363)
	at org.gradle.api.internal.tasks.testing.junit.JUnitTestClassExecutor.runTestClass(JUnitTestClassExecutor.java:110)
	at org.gradle.api.internal.tasks.testing.junit.JUnitTestClassExecutor.execute(JUnitTestClassExecutor.java:58)
	at org.gradle.api.internal.tasks.testing.junit.JUnitTestClassExecutor.execute(JUnitTestClassExecutor.java:38)
	at org.gradle.api.internal.tasks.testing.junit.AbstractJUnitTestClassProcessor.processTestClass(AbstractJUnitTestClassProcessor.java:62)
	at org.gradle.api.internal.tasks.testing.SuiteTestClassProcessor.processTestClass(SuiteTestClassProcessor.java:51)
	at sun.reflect.NativeMethodAccessorImpl.invoke0(Native Method)
	at sun.reflect.NativeMethodAccessorImpl.invoke(NativeMethodAccessorImpl.java:62)
	at sun.reflect.DelegatingMethodAccessorImpl.invoke(DelegatingMethodAccessorImpl.java:43)
	at java.lang.reflect.Method.invoke(Method.java:498)
	at org.gradle.internal.dispatch.ReflectionDispatch.dispatch(ReflectionDispatch.java:36)
	at org.gradle.internal.dispatch.ReflectionDispatch.dispatch(ReflectionDispatch.java:24)
	at org.gradle.internal.dispatch.ContextClassLoaderDispatch.dispatch(ContextClassLoaderDispatch.java:33)
	at org.gradle.internal.dispatch.ProxyDispatchAdapter$DispatchingInvocationHandler.invoke(ProxyDispatchAdapter.java:94)
	at com.sun.proxy.$Proxy2.processTestClass(Unknown Source)
	at org.gradle.api.internal.tasks.testing.worker.TestWorker.processTestClass(TestWorker.java:119)
	at sun.reflect.NativeMethodAccessorImpl.invoke0(Native Method)
	at sun.reflect.NativeMethodAccessorImpl.invoke(NativeMethodAccessorImpl.java:62)
	at sun.reflect.DelegatingMethodAccessorImpl.invoke(DelegatingMethodAccessorImpl.java:43)
	at java.lang.reflect.Method.invoke(Method.java:498)
	at org.gradle.internal.dispatch.ReflectionDispatch.dispatch(ReflectionDispatch.java:36)
	at org.gradle.internal.dispatch.ReflectionDispatch.dispatch(ReflectionDispatch.java:24)
	at org.gradle.internal.remote.internal.hub.MessageHubBackedObjectConnection$DispatchWrapper.dispatch(MessageHubBackedObjectConnection.java:182)
	at org.gradle.internal.remote.internal.hub.MessageHubBackedObjectConnection$DispatchWrapper.dispatch(MessageHubBackedObjectConnection.java:164)
	at org.gradle.internal.remote.internal.hub.MessageHub$Handler.run(MessageHub.java:414)
	at org.gradle.internal.concurrent.ExecutorPolicy$CatchAndRecordFailures.onExecute(ExecutorPolicy.java:64)
	at org.gradle.internal.concurrent.ManagedExecutorImpl$1.run(ManagedExecutorImpl.java:48)
	at java.util.concurrent.ThreadPoolExecutor.runWorker(ThreadPoolExecutor.java:1149)
	at java.util.concurrent.ThreadPoolExecutor$Worker.run(ThreadPoolExecutor.java:624)
	at org.gradle.internal.concurrent.ThreadFactoryImpl$ManagedThreadRunnable.run(ThreadFactoryImpl.java:56)
	at java.lang.Thread.run(Thread.java:748)
</failure>
  </testcase>
  <testcase name="test07" classname="taxipark.TestTask5TheMostFrequentTripDurationPeriod" time="0.018">
    <failure message="java.lang.AssertionError: Wrong result for 'findTheMostFrequentTripDurationPeriod()': 1..10.&#13;&#10;Taxi park:&#13;&#10;Drivers: [D-0, D-1, D-2, D-3, D-4, D-5, D-6, D-7, D-8, D-9]&#13;&#10;Passengers: [P-0, P-1, P-2, P-3, P-4, P-5, P-6, P-7, P-8, P-9, P-10, P-11, P-12, P-13, P-14, P-15, P-16, P-17, P-18, P-19]&#13;&#10;Trips: [(D-5, [P-4, P-18], 13, 32.0), (D-7, [P-7, P-9, P-16, P-13], 8, 11.0), (D-9, [P-3, P-18, P-1], 4, 27.0, 0.1), (D-4, [P-2, P-3, P-8], 7, 8.0), (D-1, [P-14, P-4], 9, 34.0), (D-2, [P-8, P-4], 9, 19.0, 0.1), (D-4, [P-8], 35, 24.0, 0.3), (D-8, [P-14, P-13], 11, 4.0), (D-9, [P-5, P-1], 20, 18.0, 0.2), (D-2, [P-9, P-13], 24, 13.0), (D-1, [P-5, P-14, P-13], 1, 4.0), (D-1, [P-15, P-5], 17, 34.0), (D-0, [P-16], 18, 7.0), (D-5, [P-17], 1, 34.0, 0.1), (D-1, [P-11, P-3, P-7], 9, 23.0, 0.2), (D-8, [P-8, P-11], 7, 34.0, 0.4), (D-8, [P-3], 5, 20.0), (D-9, [P-3, P-13, P-12, P-17], 26, 19.0, 0.1), (D-8, [P-16, P-7], 35, 9.0, 0.2), (D-0, [P-16], 28, 5.0, 0.1), (D-6, [P-4], 27, 38.0), (D-4, [P-7, P-9], 38, 20.0), (D-9, [P-6, P-13], 19, 5.0), (D-5, [P-4], 20, 5.0, 0.4), (D-3, [P-14], 32, 37.0), (D-1, [P-11], 19, 11.0, 0.4), (D-3, [P-6, P-16], 39, 10.0), (D-7, [P-4, P-6, P-11], 8, 16.0, 0.4), (D-0, [P-5], 19, 39.0, 0.1), (D-5, [P-8, P-19], 35, 31.0, 0.4)]&#13;&#10; expected:&lt;0..9&gt; but was:&lt;1..10&gt;" type="java.lang.AssertionError">java.lang.AssertionError: Wrong result for 'findTheMostFrequentTripDurationPeriod()': 1..10.
Taxi park:
Drivers: [D-0, D-1, D-2, D-3, D-4, D-5, D-6, D-7, D-8, D-9]
Passengers: [P-0, P-1, P-2, P-3, P-4, P-5, P-6, P-7, P-8, P-9, P-10, P-11, P-12, P-13, P-14, P-15, P-16, P-17, P-18, P-19]
Trips: [(D-5, [P-4, P-18], 13, 32.0), (D-7, [P-7, P-9, P-16, P-13], 8, 11.0), (D-9, [P-3, P-18, P-1], 4, 27.0, 0.1), (D-4, [P-2, P-3, P-8], 7, 8.0), (D-1, [P-14, P-4], 9, 34.0), (D-2, [P-8, P-4], 9, 19.0, 0.1), (D-4, [P-8], 35, 24.0, 0.3), (D-8, [P-14, P-13], 11, 4.0), (D-9, [P-5, P-1], 20, 18.0, 0.2), (D-2, [P-9, P-13], 24, 13.0), (D-1, [P-5, P-14, P-13], 1, 4.0), (D-1, [P-15, P-5], 17, 34.0), (D-0, [P-16], 18, 7.0), (D-5, [P-17], 1, 34.0, 0.1), (D-1, [P-11, P-3, P-7], 9, 23.0, 0.2), (D-8, [P-8, P-11], 7, 34.0, 0.4), (D-8, [P-3], 5, 20.0), (D-9, [P-3, P-13, P-12, P-17], 26, 19.0, 0.1), (D-8, [P-16, P-7], 35, 9.0, 0.2), (D-0, [P-16], 28, 5.0, 0.1), (D-6, [P-4], 27, 38.0), (D-4, [P-7, P-9], 38, 20.0), (D-9, [P-6, P-13], 19, 5.0), (D-5, [P-4], 20, 5.0, 0.4), (D-3, [P-14], 32, 37.0), (D-1, [P-11], 19, 11.0, 0.4), (D-3, [P-6, P-16], 39, 10.0), (D-7, [P-4, P-6, P-11], 8, 16.0, 0.4), (D-0, [P-5], 19, 39.0, 0.1), (D-5, [P-8, P-19], 35, 31.0, 0.4)]
 expected:&lt;0..9&gt; but was:&lt;1..10&gt;
	at org.junit.Assert.fail(Assert.java:88)
	at org.junit.Assert.failNotEquals(Assert.java:834)
	at org.junit.Assert.assertEquals(Assert.java:118)
	at taxipark.TestTask5TheMostFrequentTripDurationPeriod.testDurationPeriod(TestTask5TheMostFrequentTripDurationPeriod.kt:15)
	at taxipark.TestTask5TheMostFrequentTripDurationPeriod.test07(TestTask5TheMostFrequentTripDurationPeriod.kt:127)
	at sun.reflect.NativeMethodAccessorImpl.invoke0(Native Method)
	at sun.reflect.NativeMethodAccessorImpl.invoke(NativeMethodAccessorImpl.java:62)
	at sun.reflect.DelegatingMethodAccessorImpl.invoke(DelegatingMethodAccessorImpl.java:43)
	at java.lang.reflect.Method.invoke(Method.java:498)
	at org.junit.runners.model.FrameworkMethod$1.runReflectiveCall(FrameworkMethod.java:50)
	at org.junit.internal.runners.model.ReflectiveCallable.run(ReflectiveCallable.java:12)
	at org.junit.runners.model.FrameworkMethod.invokeExplosively(FrameworkMethod.java:47)
	at org.junit.internal.runners.statements.InvokeMethod.evaluate(InvokeMethod.java:17)
	at org.junit.runners.ParentRunner.runLeaf(ParentRunner.java:325)
	at org.junit.runners.BlockJUnit4ClassRunner.runChild(BlockJUnit4ClassRunner.java:78)
	at org.junit.runners.BlockJUnit4ClassRunner.runChild(BlockJUnit4ClassRunner.java:57)
	at org.junit.runners.ParentRunner$3.run(ParentRunner.java:290)
	at org.junit.runners.ParentRunner$1.schedule(ParentRunner.java:71)
	at org.junit.runners.ParentRunner.runChildren(ParentRunner.java:288)
	at org.junit.runners.ParentRunner.access$000(ParentRunner.java:58)
	at org.junit.runners.ParentRunner$2.evaluate(ParentRunner.java:268)
	at org.junit.runners.ParentRunner.run(ParentRunner.java:363)
	at org.gradle.api.internal.tasks.testing.junit.JUnitTestClassExecutor.runTestClass(JUnitTestClassExecutor.java:110)
	at org.gradle.api.internal.tasks.testing.junit.JUnitTestClassExecutor.execute(JUnitTestClassExecutor.java:58)
	at org.gradle.api.internal.tasks.testing.junit.JUnitTestClassExecutor.execute(JUnitTestClassExecutor.java:38)
	at org.gradle.api.internal.tasks.testing.junit.AbstractJUnitTestClassProcessor.processTestClass(AbstractJUnitTestClassProcessor.java:62)
	at org.gradle.api.internal.tasks.testing.SuiteTestClassProcessor.processTestClass(SuiteTestClassProcessor.java:51)
	at sun.reflect.NativeMethodAccessorImpl.invoke0(Native Method)
	at sun.reflect.NativeMethodAccessorImpl.invoke(NativeMethodAccessorImpl.java:62)
	at sun.reflect.DelegatingMethodAccessorImpl.invoke(DelegatingMethodAccessorImpl.java:43)
	at java.lang.reflect.Method.invoke(Method.java:498)
	at org.gradle.internal.dispatch.ReflectionDispatch.dispatch(ReflectionDispatch.java:36)
	at org.gradle.internal.dispatch.ReflectionDispatch.dispatch(ReflectionDispatch.java:24)
	at org.gradle.internal.dispatch.ContextClassLoaderDispatch.dispatch(ContextClassLoaderDispatch.java:33)
	at org.gradle.internal.dispatch.ProxyDispatchAdapter$DispatchingInvocationHandler.invoke(ProxyDispatchAdapter.java:94)
	at com.sun.proxy.$Proxy2.processTestClass(Unknown Source)
	at org.gradle.api.internal.tasks.testing.worker.TestWorker.processTestClass(TestWorker.java:119)
	at sun.reflect.NativeMethodAccessorImpl.invoke0(Native Method)
	at sun.reflect.NativeMethodAccessorImpl.invoke(NativeMethodAccessorImpl.java:62)
	at sun.reflect.DelegatingMethodAccessorImpl.invoke(DelegatingMethodAccessorImpl.java:43)
	at java.lang.reflect.Method.invoke(Method.java:498)
	at org.gradle.internal.dispatch.ReflectionDispatch.dispatch(ReflectionDispatch.java:36)
	at org.gradle.internal.dispatch.ReflectionDispatch.dispatch(ReflectionDispatch.java:24)
	at org.gradle.internal.remote.internal.hub.MessageHubBackedObjectConnection$DispatchWrapper.dispatch(MessageHubBackedObjectConnection.java:182)
	at org.gradle.internal.remote.internal.hub.MessageHubBackedObjectConnection$DispatchWrapper.dispatch(MessageHubBackedObjectConnection.java:164)
	at org.gradle.internal.remote.internal.hub.MessageHub$Handler.run(MessageHub.java:414)
	at org.gradle.internal.concurrent.ExecutorPolicy$CatchAndRecordFailures.onExecute(ExecutorPolicy.java:64)
	at org.gradle.internal.concurrent.ManagedExecutorImpl$1.run(ManagedExecutorImpl.java:48)
	at java.util.concurrent.ThreadPoolExecutor.runWorker(ThreadPoolExecutor.java:1149)
	at java.util.concurrent.ThreadPoolExecutor$Worker.run(ThreadPoolExecutor.java:624)
	at org.gradle.internal.concurrent.ThreadFactoryImpl$ManagedThreadRunnable.run(ThreadFactoryImpl.java:56)
	at java.lang.Thread.run(Thread.java:748)
</failure>
  </testcase>
  <testcase name="test08" classname="taxipark.TestTask5TheMostFrequentTripDurationPeriod" time="0.005">
    <failure message="java.lang.AssertionError: Wrong result for 'findTheMostFrequentTripDurationPeriod()': 1..10.&#13;&#10;Taxi park:&#13;&#10;Drivers: [D-0, D-1, D-2, D-3, D-4, D-5]&#13;&#10;Passengers: [P-0, P-1, P-2, P-3, P-4, P-5, P-6, P-7, P-8, P-9]&#13;&#10;Trips: [(D-3, [P-7, P-3, P-4], 400, 890.0), (D-5, [P-4, P-1], 10, 897.0, 0.1), (D-0, [P-4, P-2], 672, 818.0), (D-5, [P-9], 715, 807.0, 0.2), (D-4, [P-5, P-3, P-2], 462, 816.0), (D-2, [P-6, P-2], 824, 948.0), (D-5, [P-5, P-3, P-7], 261, 26.0), (D-3, [P-8, P-3, P-5], 575, 57.0, 0.1), (D-3, [P-2, P-1], 341, 607.0, 0.3), (D-4, [P-3, P-8, P-6], 349, 26.0)]&#13;&#10; expected:&lt;340..349&gt; but was:&lt;1..10&gt;" type="java.lang.AssertionError">java.lang.AssertionError: Wrong result for 'findTheMostFrequentTripDurationPeriod()': 1..10.
Taxi park:
Drivers: [D-0, D-1, D-2, D-3, D-4, D-5]
Passengers: [P-0, P-1, P-2, P-3, P-4, P-5, P-6, P-7, P-8, P-9]
Trips: [(D-3, [P-7, P-3, P-4], 400, 890.0), (D-5, [P-4, P-1], 10, 897.0, 0.1), (D-0, [P-4, P-2], 672, 818.0), (D-5, [P-9], 715, 807.0, 0.2), (D-4, [P-5, P-3, P-2], 462, 816.0), (D-2, [P-6, P-2], 824, 948.0), (D-5, [P-5, P-3, P-7], 261, 26.0), (D-3, [P-8, P-3, P-5], 575, 57.0, 0.1), (D-3, [P-2, P-1], 341, 607.0, 0.3), (D-4, [P-3, P-8, P-6], 349, 26.0)]
 expected:&lt;340..349&gt; but was:&lt;1..10&gt;
	at org.junit.Assert.fail(Assert.java:88)
	at org.junit.Assert.failNotEquals(Assert.java:834)
	at org.junit.Assert.assertEquals(Assert.java:118)
	at taxipark.TestTask5TheMostFrequentTripDurationPeriod.testDurationPeriod(TestTask5TheMostFrequentTripDurationPeriod.kt:15)
	at taxipark.TestTask5TheMostFrequentTripDurationPeriod.test08(TestTask5TheMostFrequentTripDurationPeriod.kt:160)
	at sun.reflect.NativeMethodAccessorImpl.invoke0(Native Method)
	at sun.reflect.NativeMethodAccessorImpl.invoke(NativeMethodAccessorImpl.java:62)
	at sun.reflect.DelegatingMethodAccessorImpl.invoke(DelegatingMethodAccessorImpl.java:43)
	at java.lang.reflect.Method.invoke(Method.java:498)
	at org.junit.runners.model.FrameworkMethod$1.runReflectiveCall(FrameworkMethod.java:50)
	at org.junit.internal.runners.model.ReflectiveCallable.run(ReflectiveCallable.java:12)
	at org.junit.runners.model.FrameworkMethod.invokeExplosively(FrameworkMethod.java:47)
	at org.junit.internal.runners.statements.InvokeMethod.evaluate(InvokeMethod.java:17)
	at org.junit.runners.ParentRunner.runLeaf(ParentRunner.java:325)
	at org.junit.runners.BlockJUnit4ClassRunner.runChild(BlockJUnit4ClassRunner.java:78)
	at org.junit.runners.BlockJUnit4ClassRunner.runChild(BlockJUnit4ClassRunner.java:57)
	at org.junit.runners.ParentRunner$3.run(ParentRunner.java:290)
	at org.junit.runners.ParentRunner$1.schedule(ParentRunner.java:71)
	at org.junit.runners.ParentRunner.runChildren(ParentRunner.java:288)
	at org.junit.runners.ParentRunner.access$000(ParentRunner.java:58)
	at org.junit.runners.ParentRunner$2.evaluate(ParentRunner.java:268)
	at org.junit.runners.ParentRunner.run(ParentRunner.java:363)
	at org.gradle.api.internal.tasks.testing.junit.JUnitTestClassExecutor.runTestClass(JUnitTestClassExecutor.java:110)
	at org.gradle.api.internal.tasks.testing.junit.JUnitTestClassExecutor.execute(JUnitTestClassExecutor.java:58)
	at org.gradle.api.internal.tasks.testing.junit.JUnitTestClassExecutor.execute(JUnitTestClassExecutor.java:38)
	at org.gradle.api.internal.tasks.testing.junit.AbstractJUnitTestClassProcessor.processTestClass(AbstractJUnitTestClassProcessor.java:62)
	at org.gradle.api.internal.tasks.testing.SuiteTestClassProcessor.processTestClass(SuiteTestClassProcessor.java:51)
	at sun.reflect.NativeMethodAccessorImpl.invoke0(Native Method)
	at sun.reflect.NativeMethodAccessorImpl.invoke(NativeMethodAccessorImpl.java:62)
	at sun.reflect.DelegatingMethodAccessorImpl.invoke(DelegatingMethodAccessorImpl.java:43)
	at java.lang.reflect.Method.invoke(Method.java:498)
	at org.gradle.internal.dispatch.ReflectionDispatch.dispatch(ReflectionDispatch.java:36)
	at org.gradle.internal.dispatch.ReflectionDispatch.dispatch(ReflectionDispatch.java:24)
	at org.gradle.internal.dispatch.ContextClassLoaderDispatch.dispatch(ContextClassLoaderDispatch.java:33)
	at org.gradle.internal.dispatch.ProxyDispatchAdapter$DispatchingInvocationHandler.invoke(ProxyDispatchAdapter.java:94)
	at com.sun.proxy.$Proxy2.processTestClass(Unknown Source)
	at org.gradle.api.internal.tasks.testing.worker.TestWorker.processTestClass(TestWorker.java:119)
	at sun.reflect.NativeMethodAccessorImpl.invoke0(Native Method)
	at sun.reflect.NativeMethodAccessorImpl.invoke(NativeMethodAccessorImpl.java:62)
	at sun.reflect.DelegatingMethodAccessorImpl.invoke(DelegatingMethodAccessorImpl.java:43)
	at java.lang.reflect.Method.invoke(Method.java:498)
	at org.gradle.internal.dispatch.ReflectionDispatch.dispatch(ReflectionDispatch.java:36)
	at org.gradle.internal.dispatch.ReflectionDispatch.dispatch(ReflectionDispatch.java:24)
	at org.gradle.internal.remote.internal.hub.MessageHubBackedObjectConnection$DispatchWrapper.dispatch(MessageHubBackedObjectConnection.java:182)
	at org.gradle.internal.remote.internal.hub.MessageHubBackedObjectConnection$DispatchWrapper.dispatch(MessageHubBackedObjectConnection.java:164)
	at org.gradle.internal.remote.internal.hub.MessageHub$Handler.run(MessageHub.java:414)
	at org.gradle.internal.concurrent.ExecutorPolicy$CatchAndRecordFailures.onExecute(ExecutorPolicy.java:64)
	at org.gradle.internal.concurrent.ManagedExecutorImpl$1.run(ManagedExecutorImpl.java:48)
	at java.util.concurrent.ThreadPoolExecutor.runWorker(ThreadPoolExecutor.java:1149)
	at java.util.concurrent.ThreadPoolExecutor$Worker.run(ThreadPoolExecutor.java:624)
	at org.gradle.internal.concurrent.ThreadFactoryImpl$ManagedThreadRunnable.run(ThreadFactoryImpl.java:56)
	at java.lang.Thread.run(Thread.java:748)
</failure>
  </testcase>
  <testcase name="test09" classname="taxipark.TestTask5TheMostFrequentTripDurationPeriod" time="0.006">
    <failure message="java.lang.AssertionError: Wrong result for 'findTheMostFrequentTripDurationPeriod()': 1..10.&#13;&#10;Taxi park:&#13;&#10;Drivers: [D-0, D-1, D-2, D-3, D-4, D-5]&#13;&#10;Passengers: [P-0, P-1, P-2, P-3, P-4, P-5, P-6, P-7, P-8, P-9]&#13;&#10;Trips: [(D-5, [P-6, P-8, P-3], 425, 230.0, 0.3), (D-3, [P-4], 151, 351.0), (D-0, [P-6], 892, 165.0, 0.2), (D-2, [P-4, P-7, P-6], 538, 699.0, 0.3), (D-2, [P-3], 477, 706.0, 0.3), (D-2, [P-6, P-7, P-1], 79, 924.0), (D-3, [P-4], 433, 404.0, 0.3), (D-0, [P-3, P-5], 264, 217.0), (D-2, [P-5], 81, 8.0, 0.3), (D-0, [P-5], 67, 613.0)]&#13;&#10;&#10;Possible results: [420..429, 150..159, 890..899, 530..539, 470..479, 70..79, 430..439, 260..269, 80..89, 60..69]&#10;Actual: 1..10&#10;" type="java.lang.AssertionError">java.lang.AssertionError: Wrong result for 'findTheMostFrequentTripDurationPeriod()': 1..10.
Taxi park:
Drivers: [D-0, D-1, D-2, D-3, D-4, D-5]
Passengers: [P-0, P-1, P-2, P-3, P-4, P-5, P-6, P-7, P-8, P-9]
Trips: [(D-5, [P-6, P-8, P-3], 425, 230.0, 0.3), (D-3, [P-4], 151, 351.0), (D-0, [P-6], 892, 165.0, 0.2), (D-2, [P-4, P-7, P-6], 538, 699.0, 0.3), (D-2, [P-3], 477, 706.0, 0.3), (D-2, [P-6, P-7, P-1], 79, 924.0), (D-3, [P-4], 433, 404.0, 0.3), (D-0, [P-3, P-5], 264, 217.0), (D-2, [P-5], 81, 8.0, 0.3), (D-0, [P-5], 67, 613.0)]

Possible results: [420..429, 150..159, 890..899, 530..539, 470..479, 70..79, 430..439, 260..269, 80..89, 60..69]
Actual: 1..10

	at org.junit.Assert.fail(Assert.java:88)
	at org.junit.Assert.assertTrue(Assert.java:41)
	at taxipark.TestTask5TheMostFrequentTripDurationPeriod.testDurationPeriod(TestTask5TheMostFrequentTripDurationPeriod.kt:19)
	at taxipark.TestTask5TheMostFrequentTripDurationPeriod.test09(TestTask5TheMostFrequentTripDurationPeriod.kt:173)
	at sun.reflect.NativeMethodAccessorImpl.invoke0(Native Method)
	at sun.reflect.NativeMethodAccessorImpl.invoke(NativeMethodAccessorImpl.java:62)
	at sun.reflect.DelegatingMethodAccessorImpl.invoke(DelegatingMethodAccessorImpl.java:43)
	at java.lang.reflect.Method.invoke(Method.java:498)
	at org.junit.runners.model.FrameworkMethod$1.runReflectiveCall(FrameworkMethod.java:50)
	at org.junit.internal.runners.model.ReflectiveCallable.run(ReflectiveCallable.java:12)
	at org.junit.runners.model.FrameworkMethod.invokeExplosively(FrameworkMethod.java:47)
	at org.junit.internal.runners.statements.InvokeMethod.evaluate(InvokeMethod.java:17)
	at org.junit.runners.ParentRunner.runLeaf(ParentRunner.java:325)
	at org.junit.runners.BlockJUnit4ClassRunner.runChild(BlockJUnit4ClassRunner.java:78)
	at org.junit.runners.BlockJUnit4ClassRunner.runChild(BlockJUnit4ClassRunner.java:57)
	at org.junit.runners.ParentRunner$3.run(ParentRunner.java:290)
	at org.junit.runners.ParentRunner$1.schedule(ParentRunner.java:71)
	at org.junit.runners.ParentRunner.runChildren(ParentRunner.java:288)
	at org.junit.runners.ParentRunner.access$000(ParentRunner.java:58)
	at org.junit.runners.ParentRunner$2.evaluate(ParentRunner.java:268)
	at org.junit.runners.ParentRunner.run(ParentRunner.java:363)
	at org.gradle.api.internal.tasks.testing.junit.JUnitTestClassExecutor.runTestClass(JUnitTestClassExecutor.java:110)
	at org.gradle.api.internal.tasks.testing.junit.JUnitTestClassExecutor.execute(JUnitTestClassExecutor.java:58)
	at org.gradle.api.internal.tasks.testing.junit.JUnitTestClassExecutor.execute(JUnitTestClassExecutor.java:38)
	at org.gradle.api.internal.tasks.testing.junit.AbstractJUnitTestClassProcessor.processTestClass(AbstractJUnitTestClassProcessor.java:62)
	at org.gradle.api.internal.tasks.testing.SuiteTestClassProcessor.processTestClass(SuiteTestClassProcessor.java:51)
	at sun.reflect.NativeMethodAccessorImpl.invoke0(Native Method)
	at sun.reflect.NativeMethodAccessorImpl.invoke(NativeMethodAccessorImpl.java:62)
	at sun.reflect.DelegatingMethodAccessorImpl.invoke(DelegatingMethodAccessorImpl.java:43)
	at java.lang.reflect.Method.invoke(Method.java:498)
	at org.gradle.internal.dispatch.ReflectionDispatch.dispatch(ReflectionDispatch.java:36)
	at org.gradle.internal.dispatch.ReflectionDispatch.dispatch(ReflectionDispatch.java:24)
	at org.gradle.internal.dispatch.ContextClassLoaderDispatch.dispatch(ContextClassLoaderDispatch.java:33)
	at org.gradle.internal.dispatch.ProxyDispatchAdapter$DispatchingInvocationHandler.invoke(ProxyDispatchAdapter.java:94)
	at com.sun.proxy.$Proxy2.processTestClass(Unknown Source)
	at org.gradle.api.internal.tasks.testing.worker.TestWorker.processTestClass(TestWorker.java:119)
	at sun.reflect.NativeMethodAccessorImpl.invoke0(Native Method)
	at sun.reflect.NativeMethodAccessorImpl.invoke(NativeMethodAccessorImpl.java:62)
	at sun.reflect.DelegatingMethodAccessorImpl.invoke(DelegatingMethodAccessorImpl.java:43)
	at java.lang.reflect.Method.invoke(Method.java:498)
	at org.gradle.internal.dispatch.ReflectionDispatch.dispatch(ReflectionDispatch.java:36)
	at org.gradle.internal.dispatch.ReflectionDispatch.dispatch(ReflectionDispatch.java:24)
	at org.gradle.internal.remote.internal.hub.MessageHubBackedObjectConnection$DispatchWrapper.dispatch(MessageHubBackedObjectConnection.java:182)
	at org.gradle.internal.remote.internal.hub.MessageHubBackedObjectConnection$DispatchWrapper.dispatch(MessageHubBackedObjectConnection.java:164)
	at org.gradle.internal.remote.internal.hub.MessageHub$Handler.run(MessageHub.java:414)
	at org.gradle.internal.concurrent.ExecutorPolicy$CatchAndRecordFailures.onExecute(ExecutorPolicy.java:64)
	at org.gradle.internal.concurrent.ManagedExecutorImpl$1.run(ManagedExecutorImpl.java:48)
	at java.util.concurrent.ThreadPoolExecutor.runWorker(ThreadPoolExecutor.java:1149)
	at java.util.concurrent.ThreadPoolExecutor$Worker.run(ThreadPoolExecutor.java:624)
	at org.gradle.internal.concurrent.ThreadFactoryImpl$ManagedThreadRunnable.run(ThreadFactoryImpl.java:56)
	at java.lang.Thread.run(Thread.java:748)
</failure>
  </testcase>
  <testcase name="test10" classname="taxipark.TestTask5TheMostFrequentTripDurationPeriod" time="0.006">
    <failure message="java.lang.AssertionError: Wrong result for 'findTheMostFrequentTripDurationPeriod()': 1..10.&#13;&#10;Taxi park:&#13;&#10;Drivers: [D-0, D-1, D-2, D-3, D-4, D-5]&#13;&#10;Passengers: [P-0, P-1, P-2, P-3, P-4, P-5, P-6, P-7, P-8, P-9]&#13;&#10;Trips: [(D-0, [P-8, P-1, P-9], 716, 164.0), (D-3, [P-9], 406, 180.0, 0.1), (D-2, [P-8], 856, 104.0, 0.2), (D-5, [P-4], 592, 270.0), (D-0, [P-4, P-7, P-6, P-2], 101, 880.0), (D-5, [P-5, P-2, P-0], 323, 253.0, 0.4), (D-2, [P-1, P-0, P-4], 127, 99.0), (D-0, [P-4, P-6, P-2], 324, 182.0), (D-1, [P-6, P-0], 325, 36.0), (D-4, [P-0, P-9], 213, 182.0)]&#13;&#10; expected:&lt;320..329&gt; but was:&lt;1..10&gt;" type="java.lang.AssertionError">java.lang.AssertionError: Wrong result for 'findTheMostFrequentTripDurationPeriod()': 1..10.
Taxi park:
Drivers: [D-0, D-1, D-2, D-3, D-4, D-5]
Passengers: [P-0, P-1, P-2, P-3, P-4, P-5, P-6, P-7, P-8, P-9]
Trips: [(D-0, [P-8, P-1, P-9], 716, 164.0), (D-3, [P-9], 406, 180.0, 0.1), (D-2, [P-8], 856, 104.0, 0.2), (D-5, [P-4], 592, 270.0), (D-0, [P-4, P-7, P-6, P-2], 101, 880.0), (D-5, [P-5, P-2, P-0], 323, 253.0, 0.4), (D-2, [P-1, P-0, P-4], 127, 99.0), (D-0, [P-4, P-6, P-2], 324, 182.0), (D-1, [P-6, P-0], 325, 36.0), (D-4, [P-0, P-9], 213, 182.0)]
 expected:&lt;320..329&gt; but was:&lt;1..10&gt;
	at org.junit.Assert.fail(Assert.java:88)
	at org.junit.Assert.failNotEquals(Assert.java:834)
	at org.junit.Assert.assertEquals(Assert.java:118)
	at taxipark.TestTask5TheMostFrequentTripDurationPeriod.testDurationPeriod(TestTask5TheMostFrequentTripDurationPeriod.kt:15)
	at taxipark.TestTask5TheMostFrequentTripDurationPeriod.test10(TestTask5TheMostFrequentTripDurationPeriod.kt:188)
	at sun.reflect.NativeMethodAccessorImpl.invoke0(Native Method)
	at sun.reflect.NativeMethodAccessorImpl.invoke(NativeMethodAccessorImpl.java:62)
	at sun.reflect.DelegatingMethodAccessorImpl.invoke(DelegatingMethodAccessorImpl.java:43)
	at java.lang.reflect.Method.invoke(Method.java:498)
	at org.junit.runners.model.FrameworkMethod$1.runReflectiveCall(FrameworkMethod.java:50)
	at org.junit.internal.runners.model.ReflectiveCallable.run(ReflectiveCallable.java:12)
	at org.junit.runners.model.FrameworkMethod.invokeExplosively(FrameworkMethod.java:47)
	at org.junit.internal.runners.statements.InvokeMethod.evaluate(InvokeMethod.java:17)
	at org.junit.runners.ParentRunner.runLeaf(ParentRunner.java:325)
	at org.junit.runners.BlockJUnit4ClassRunner.runChild(BlockJUnit4ClassRunner.java:78)
	at org.junit.runners.BlockJUnit4ClassRunner.runChild(BlockJUnit4ClassRunner.java:57)
	at org.junit.runners.ParentRunner$3.run(ParentRunner.java:290)
	at org.junit.runners.ParentRunner$1.schedule(ParentRunner.java:71)
	at org.junit.runners.ParentRunner.runChildren(ParentRunner.java:288)
	at org.junit.runners.ParentRunner.access$000(ParentRunner.java:58)
	at org.junit.runners.ParentRunner$2.evaluate(ParentRunner.java:268)
	at org.junit.runners.ParentRunner.run(ParentRunner.java:363)
	at org.gradle.api.internal.tasks.testing.junit.JUnitTestClassExecutor.runTestClass(JUnitTestClassExecutor.java:110)
	at org.gradle.api.internal.tasks.testing.junit.JUnitTestClassExecutor.execute(JUnitTestClassExecutor.java:58)
	at org.gradle.api.internal.tasks.testing.junit.JUnitTestClassExecutor.execute(JUnitTestClassExecutor.java:38)
	at org.gradle.api.internal.tasks.testing.junit.AbstractJUnitTestClassProcessor.processTestClass(AbstractJUnitTestClassProcessor.java:62)
	at org.gradle.api.internal.tasks.testing.SuiteTestClassProcessor.processTestClass(SuiteTestClassProcessor.java:51)
	at sun.reflect.NativeMethodAccessorImpl.invoke0(Native Method)
	at sun.reflect.NativeMethodAccessorImpl.invoke(NativeMethodAccessorImpl.java:62)
	at sun.reflect.DelegatingMethodAccessorImpl.invoke(DelegatingMethodAccessorImpl.java:43)
	at java.lang.reflect.Method.invoke(Method.java:498)
	at org.gradle.internal.dispatch.ReflectionDispatch.dispatch(ReflectionDispatch.java:36)
	at org.gradle.internal.dispatch.ReflectionDispatch.dispatch(ReflectionDispatch.java:24)
	at org.gradle.internal.dispatch.ContextClassLoaderDispatch.dispatch(ContextClassLoaderDispatch.java:33)
	at org.gradle.internal.dispatch.ProxyDispatchAdapter$DispatchingInvocationHandler.invoke(ProxyDispatchAdapter.java:94)
	at com.sun.proxy.$Proxy2.processTestClass(Unknown Source)
	at org.gradle.api.internal.tasks.testing.worker.TestWorker.processTestClass(TestWorker.java:119)
	at sun.reflect.NativeMethodAccessorImpl.invoke0(Native Method)
	at sun.reflect.NativeMethodAccessorImpl.invoke(NativeMethodAccessorImpl.java:62)
	at sun.reflect.DelegatingMethodAccessorImpl.invoke(DelegatingMethodAccessorImpl.java:43)
	at java.lang.reflect.Method.invoke(Method.java:498)
	at org.gradle.internal.dispatch.ReflectionDispatch.dispatch(ReflectionDispatch.java:36)
	at org.gradle.internal.dispatch.ReflectionDispatch.dispatch(ReflectionDispatch.java:24)
	at org.gradle.internal.remote.internal.hub.MessageHubBackedObjectConnection$DispatchWrapper.dispatch(MessageHubBackedObjectConnection.java:182)
	at org.gradle.internal.remote.internal.hub.MessageHubBackedObjectConnection$DispatchWrapper.dispatch(MessageHubBackedObjectConnection.java:164)
	at org.gradle.internal.remote.internal.hub.MessageHub$Handler.run(MessageHub.java:414)
	at org.gradle.internal.concurrent.ExecutorPolicy$CatchAndRecordFailures.onExecute(ExecutorPolicy.java:64)
	at org.gradle.internal.concurrent.ManagedExecutorImpl$1.run(ManagedExecutorImpl.java:48)
	at java.util.concurrent.ThreadPoolExecutor.runWorker(ThreadPoolExecutor.java:1149)
	at java.util.concurrent.ThreadPoolExecutor$Worker.run(ThreadPoolExecutor.java:624)
	at org.gradle.internal.concurrent.ThreadFactoryImpl$ManagedThreadRunnable.run(ThreadFactoryImpl.java:56)
	at java.lang.Thread.run(Thread.java:748)
</failure>
  </testcase>
  <testcase name="test11" classname="taxipark.TestTask5TheMostFrequentTripDurationPeriod" time="0.043">
    <failure message="java.lang.AssertionError: Wrong result for 'findTheMostFrequentTripDurationPeriod()': 1..10.&#13;&#10;Taxi park:&#13;&#10;Drivers: [D-0, D-1, D-2, D-3, D-4, D-5, D-6, D-7, D-8, D-9]&#13;&#10;Passengers: [P-0, P-1, P-2, P-3, P-4, P-5, P-6, P-7, P-8, P-9, P-10, P-11, P-12, P-13, P-14, P-15, P-16, P-17, P-18, P-19]&#13;&#10;Trips: [(D-0, [P-15, P-14, P-10], 0, 19.0), (D-0, [P-18, P-8, P-7, P-14], 15, 1.0), (D-9, [P-4, P-19, P-0], 9, 15.0), (D-0, [P-12, P-7, P-2], 13, 19.0, 0.3), (D-6, [P-11, P-8], 14, 19.0), (D-0, [P-2], 12, 14.0, 0.3), (D-8, [P-1, P-17, P-9, P-10], 16, 3.0), (D-0, [P-17], 10, 6.0, 0.4), (D-1, [P-8, P-1], 7, 5.0), (D-9, [P-6], 3, 6.0), (D-4, [P-12, P-19, P-7, P-0], 9, 10.0, 0.4), (D-7, [P-16], 11, 12.0, 0.1), (D-9, [P-6, P-14], 9, 7.0), (D-5, [P-4], 1, 16.0, 0.4), (D-2, [P-15, P-7, P-12], 9, 6.0), (D-1, [P-13], 2, 7.0, 0.1), (D-5, [P-0, P-18, P-3], 10, 11.0), (D-0, [P-9], 6, 18.0, 0.4), (D-1, [P-9, P-0, P-3, P-14], 0, 15.0), (D-1, [P-10], 17, 15.0), (D-6, [P-0, P-18, P-13], 3, 5.0), (D-7, [P-19, P-10], 0, 8.0), (D-8, [P-4, P-15], 9, 17.0, 0.1), (D-6, [P-15], 13, 1.0), (D-2, [P-3], 13, 15.0, 0.2), (D-3, [P-13, P-11, P-15], 2, 9.0), (D-2, [P-12], 2, 16.0), (D-6, [P-13, P-18], 12, 14.0), (D-8, [P-19], 1, 13.0, 0.4), (D-6, [P-9, P-13, P-1, P-19], 5, 14.0, 0.2), (D-4, [P-8], 15, 8.0, 0.2), (D-6, [P-16, P-15], 9, 4.0), (D-2, [P-14, P-0], 7, 2.0), (D-5, [P-18], 7, 19.0), (D-9, [P-15], 15, 10.0, 0.4), (D-7, [P-7, P-18], 12, 11.0), (D-3, [P-10, P-19, P-17], 10, 7.0), (D-3, [P-10], 18, 10.0, 0.2), (D-8, [P-9, P-15, P-16, P-19], 19, 12.0, 0.3), (D-5, [P-13], 16, 11.0, 0.3)]&#13;&#10; expected:&lt;0..9&gt; but was:&lt;1..10&gt;" type="java.lang.AssertionError">java.lang.AssertionError: Wrong result for 'findTheMostFrequentTripDurationPeriod()': 1..10.
Taxi park:
Drivers: [D-0, D-1, D-2, D-3, D-4, D-5, D-6, D-7, D-8, D-9]
Passengers: [P-0, P-1, P-2, P-3, P-4, P-5, P-6, P-7, P-8, P-9, P-10, P-11, P-12, P-13, P-14, P-15, P-16, P-17, P-18, P-19]
Trips: [(D-0, [P-15, P-14, P-10], 0, 19.0), (D-0, [P-18, P-8, P-7, P-14], 15, 1.0), (D-9, [P-4, P-19, P-0], 9, 15.0), (D-0, [P-12, P-7, P-2], 13, 19.0, 0.3), (D-6, [P-11, P-8], 14, 19.0), (D-0, [P-2], 12, 14.0, 0.3), (D-8, [P-1, P-17, P-9, P-10], 16, 3.0), (D-0, [P-17], 10, 6.0, 0.4), (D-1, [P-8, P-1], 7, 5.0), (D-9, [P-6], 3, 6.0), (D-4, [P-12, P-19, P-7, P-0], 9, 10.0, 0.4), (D-7, [P-16], 11, 12.0, 0.1), (D-9, [P-6, P-14], 9, 7.0), (D-5, [P-4], 1, 16.0, 0.4), (D-2, [P-15, P-7, P-12], 9, 6.0), (D-1, [P-13], 2, 7.0, 0.1), (D-5, [P-0, P-18, P-3], 10, 11.0), (D-0, [P-9], 6, 18.0, 0.4), (D-1, [P-9, P-0, P-3, P-14], 0, 15.0), (D-1, [P-10], 17, 15.0), (D-6, [P-0, P-18, P-13], 3, 5.0), (D-7, [P-19, P-10], 0, 8.0), (D-8, [P-4, P-15], 9, 17.0, 0.1), (D-6, [P-15], 13, 1.0), (D-2, [P-3], 13, 15.0, 0.2), (D-3, [P-13, P-11, P-15], 2, 9.0), (D-2, [P-12], 2, 16.0), (D-6, [P-13, P-18], 12, 14.0), (D-8, [P-19], 1, 13.0, 0.4), (D-6, [P-9, P-13, P-1, P-19], 5, 14.0, 0.2), (D-4, [P-8], 15, 8.0, 0.2), (D-6, [P-16, P-15], 9, 4.0), (D-2, [P-14, P-0], 7, 2.0), (D-5, [P-18], 7, 19.0), (D-9, [P-15], 15, 10.0, 0.4), (D-7, [P-7, P-18], 12, 11.0), (D-3, [P-10, P-19, P-17], 10, 7.0), (D-3, [P-10], 18, 10.0, 0.2), (D-8, [P-9, P-15, P-16, P-19], 19, 12.0, 0.3), (D-5, [P-13], 16, 11.0, 0.3)]
 expected:&lt;0..9&gt; but was:&lt;1..10&gt;
	at org.junit.Assert.fail(Assert.java:88)
	at org.junit.Assert.failNotEquals(Assert.java:834)
	at org.junit.Assert.assertEquals(Assert.java:118)
	at taxipark.TestTask5TheMostFrequentTripDurationPeriod.testDurationPeriod(TestTask5TheMostFrequentTripDurationPeriod.kt:15)
	at taxipark.TestTask5TheMostFrequentTripDurationPeriod.test11(TestTask5TheMostFrequentTripDurationPeriod.kt:201)
	at sun.reflect.NativeMethodAccessorImpl.invoke0(Native Method)
	at sun.reflect.NativeMethodAccessorImpl.invoke(NativeMethodAccessorImpl.java:62)
	at sun.reflect.DelegatingMethodAccessorImpl.invoke(DelegatingMethodAccessorImpl.java:43)
	at java.lang.reflect.Method.invoke(Method.java:498)
	at org.junit.runners.model.FrameworkMethod$1.runReflectiveCall(FrameworkMethod.java:50)
	at org.junit.internal.runners.model.ReflectiveCallable.run(ReflectiveCallable.java:12)
	at org.junit.runners.model.FrameworkMethod.invokeExplosively(FrameworkMethod.java:47)
	at org.junit.internal.runners.statements.InvokeMethod.evaluate(InvokeMethod.java:17)
	at org.junit.runners.ParentRunner.runLeaf(ParentRunner.java:325)
	at org.junit.runners.BlockJUnit4ClassRunner.runChild(BlockJUnit4ClassRunner.java:78)
	at org.junit.runners.BlockJUnit4ClassRunner.runChild(BlockJUnit4ClassRunner.java:57)
	at org.junit.runners.ParentRunner$3.run(ParentRunner.java:290)
	at org.junit.runners.ParentRunner$1.schedule(ParentRunner.java:71)
	at org.junit.runners.ParentRunner.runChildren(ParentRunner.java:288)
	at org.junit.runners.ParentRunner.access$000(ParentRunner.java:58)
	at org.junit.runners.ParentRunner$2.evaluate(ParentRunner.java:268)
	at org.junit.runners.ParentRunner.run(ParentRunner.java:363)
	at org.gradle.api.internal.tasks.testing.junit.JUnitTestClassExecutor.runTestClass(JUnitTestClassExecutor.java:110)
	at org.gradle.api.internal.tasks.testing.junit.JUnitTestClassExecutor.execute(JUnitTestClassExecutor.java:58)
	at org.gradle.api.internal.tasks.testing.junit.JUnitTestClassExecutor.execute(JUnitTestClassExecutor.java:38)
	at org.gradle.api.internal.tasks.testing.junit.AbstractJUnitTestClassProcessor.processTestClass(AbstractJUnitTestClassProcessor.java:62)
	at org.gradle.api.internal.tasks.testing.SuiteTestClassProcessor.processTestClass(SuiteTestClassProcessor.java:51)
	at sun.reflect.NativeMethodAccessorImpl.invoke0(Native Method)
	at sun.reflect.NativeMethodAccessorImpl.invoke(NativeMethodAccessorImpl.java:62)
	at sun.reflect.DelegatingMethodAccessorImpl.invoke(DelegatingMethodAccessorImpl.java:43)
	at java.lang.reflect.Method.invoke(Method.java:498)
	at org.gradle.internal.dispatch.ReflectionDispatch.dispatch(ReflectionDispatch.java:36)
	at org.gradle.internal.dispatch.ReflectionDispatch.dispatch(ReflectionDispatch.java:24)
	at org.gradle.internal.dispatch.ContextClassLoaderDispatch.dispatch(ContextClassLoaderDispatch.java:33)
	at org.gradle.internal.dispatch.ProxyDispatchAdapter$DispatchingInvocationHandler.invoke(ProxyDispatchAdapter.java:94)
	at com.sun.proxy.$Proxy2.processTestClass(Unknown Source)
	at org.gradle.api.internal.tasks.testing.worker.TestWorker.processTestClass(TestWorker.java:119)
	at sun.reflect.NativeMethodAccessorImpl.invoke0(Native Method)
	at sun.reflect.NativeMethodAccessorImpl.invoke(NativeMethodAccessorImpl.java:62)
	at sun.reflect.DelegatingMethodAccessorImpl.invoke(DelegatingMethodAccessorImpl.java:43)
	at java.lang.reflect.Method.invoke(Method.java:498)
	at org.gradle.internal.dispatch.ReflectionDispatch.dispatch(ReflectionDispatch.java:36)
	at org.gradle.internal.dispatch.ReflectionDispatch.dispatch(ReflectionDispatch.java:24)
	at org.gradle.internal.remote.internal.hub.MessageHubBackedObjectConnection$DispatchWrapper.dispatch(MessageHubBackedObjectConnection.java:182)
	at org.gradle.internal.remote.internal.hub.MessageHubBackedObjectConnection$DispatchWrapper.dispatch(MessageHubBackedObjectConnection.java:164)
	at org.gradle.internal.remote.internal.hub.MessageHub$Handler.run(MessageHub.java:414)
	at org.gradle.internal.concurrent.ExecutorPolicy$CatchAndRecordFailures.onExecute(ExecutorPolicy.java:64)
	at org.gradle.internal.concurrent.ManagedExecutorImpl$1.run(ManagedExecutorImpl.java:48)
	at java.util.concurrent.ThreadPoolExecutor.runWorker(ThreadPoolExecutor.java:1149)
	at java.util.concurrent.ThreadPoolExecutor$Worker.run(ThreadPoolExecutor.java:624)
	at org.gradle.internal.concurrent.ThreadFactoryImpl$ManagedThreadRunnable.run(ThreadFactoryImpl.java:56)
	at java.lang.Thread.run(Thread.java:748)
</failure>
  </testcase>
  <testcase name="test12" classname="taxipark.TestTask5TheMostFrequentTripDurationPeriod" time="0.024">
    <failure message="java.lang.AssertionError: Wrong result for 'findTheMostFrequentTripDurationPeriod()': 1..10.&#13;&#10;Taxi park:&#13;&#10;Drivers: [D-0, D-1, D-2, D-3, D-4, D-5, D-6, D-7, D-8, D-9]&#13;&#10;Passengers: [P-0, P-1, P-2, P-3, P-4, P-5, P-6, P-7, P-8, P-9, P-10, P-11, P-12, P-13, P-14, P-15, P-16, P-17, P-18, P-19]&#13;&#10;Trips: [(D-6, [P-16], 8, 17.0), (D-4, [P-11], 10, 12.0), (D-8, [P-8, P-13], 14, 4.0, 0.1), (D-6, [P-19], 14, 9.0), (D-4, [P-18, P-10], 6, 17.0, 0.1), (D-0, [P-0], 19, 17.0, 0.1), (D-7, [P-2, P-15], 12, 9.0), (D-9, [P-11, P-10, P-7, P-15], 11, 5.0), (D-3, [P-1, P-18], 5, 14.0, 0.3), (D-2, [P-19, P-8], 7, 8.0, 0.2), (D-1, [P-11], 11, 18.0), (D-5, [P-0, P-18, P-11, P-14], 6, 17.0, 0.3), (D-6, [P-11, P-6], 1, 4.0), (D-5, [P-11], 10, 19.0), (D-8, [P-0, P-4], 2, 12.0, 0.4), (D-6, [P-16, P-14], 16, 0.0), (D-3, [P-12], 2, 15.0, 0.2), (D-5, [P-15, P-6], 5, 6.0), (D-8, [P-4, P-19], 12, 0.0), (D-4, [P-8, P-14], 4, 19.0), (D-3, [P-0], 14, 19.0, 0.3), (D-3, [P-9], 16, 5.0), (D-2, [P-7, P-6, P-12], 4, 19.0), (D-9, [P-0, P-1], 10, 1.0), (D-8, [P-16], 10, 4.0), (D-7, [P-16, P-3], 12, 10.0, 0.4), (D-9, [P-18, P-0], 15, 14.0, 0.2), (D-9, [P-10], 2, 2.0, 0.2), (D-4, [P-11, P-14, P-18], 4, 3.0), (D-7, [P-5], 0, 4.0), (D-9, [P-13, P-17], 0, 8.0, 0.3), (D-3, [P-8, P-5], 16, 3.0), (D-9, [P-19, P-7], 1, 3.0), (D-6, [P-4, P-17], 10, 18.0), (D-2, [P-7, P-12], 9, 6.0, 0.2), (D-6, [P-4, P-11], 8, 5.0), (D-5, [P-0], 3, 15.0, 0.4), (D-3, [P-1], 1, 13.0), (D-5, [P-11], 17, 16.0), (D-3, [P-2, P-19, P-8, P-1], 10, 15.0)]&#13;&#10;&#10;Possible results: [0..9, 10..19]&#10;Actual: 1..10&#10;" type="java.lang.AssertionError">java.lang.AssertionError: Wrong result for 'findTheMostFrequentTripDurationPeriod()': 1..10.
Taxi park:
Drivers: [D-0, D-1, D-2, D-3, D-4, D-5, D-6, D-7, D-8, D-9]
Passengers: [P-0, P-1, P-2, P-3, P-4, P-5, P-6, P-7, P-8, P-9, P-10, P-11, P-12, P-13, P-14, P-15, P-16, P-17, P-18, P-19]
Trips: [(D-6, [P-16], 8, 17.0), (D-4, [P-11], 10, 12.0), (D-8, [P-8, P-13], 14, 4.0, 0.1), (D-6, [P-19], 14, 9.0), (D-4, [P-18, P-10], 6, 17.0, 0.1), (D-0, [P-0], 19, 17.0, 0.1), (D-7, [P-2, P-15], 12, 9.0), (D-9, [P-11, P-10, P-7, P-15], 11, 5.0), (D-3, [P-1, P-18], 5, 14.0, 0.3), (D-2, [P-19, P-8], 7, 8.0, 0.2), (D-1, [P-11], 11, 18.0), (D-5, [P-0, P-18, P-11, P-14], 6, 17.0, 0.3), (D-6, [P-11, P-6], 1, 4.0), (D-5, [P-11], 10, 19.0), (D-8, [P-0, P-4], 2, 12.0, 0.4), (D-6, [P-16, P-14], 16, 0.0), (D-3, [P-12], 2, 15.0, 0.2), (D-5, [P-15, P-6], 5, 6.0), (D-8, [P-4, P-19], 12, 0.0), (D-4, [P-8, P-14], 4, 19.0), (D-3, [P-0], 14, 19.0, 0.3), (D-3, [P-9], 16, 5.0), (D-2, [P-7, P-6, P-12], 4, 19.0), (D-9, [P-0, P-1], 10, 1.0), (D-8, [P-16], 10, 4.0), (D-7, [P-16, P-3], 12, 10.0, 0.4), (D-9, [P-18, P-0], 15, 14.0, 0.2), (D-9, [P-10], 2, 2.0, 0.2), (D-4, [P-11, P-14, P-18], 4, 3.0), (D-7, [P-5], 0, 4.0), (D-9, [P-13, P-17], 0, 8.0, 0.3), (D-3, [P-8, P-5], 16, 3.0), (D-9, [P-19, P-7], 1, 3.0), (D-6, [P-4, P-17], 10, 18.0), (D-2, [P-7, P-12], 9, 6.0, 0.2), (D-6, [P-4, P-11], 8, 5.0), (D-5, [P-0], 3, 15.0, 0.4), (D-3, [P-1], 1, 13.0), (D-5, [P-11], 17, 16.0), (D-3, [P-2, P-19, P-8, P-1], 10, 15.0)]

Possible results: [0..9, 10..19]
Actual: 1..10

	at org.junit.Assert.fail(Assert.java:88)
	at org.junit.Assert.assertTrue(Assert.java:41)
	at taxipark.TestTask5TheMostFrequentTripDurationPeriod.testDurationPeriod(TestTask5TheMostFrequentTripDurationPeriod.kt:19)
	at taxipark.TestTask5TheMostFrequentTripDurationPeriod.test12(TestTask5TheMostFrequentTripDurationPeriod.kt:244)
	at sun.reflect.NativeMethodAccessorImpl.invoke0(Native Method)
	at sun.reflect.NativeMethodAccessorImpl.invoke(NativeMethodAccessorImpl.java:62)
	at sun.reflect.DelegatingMethodAccessorImpl.invoke(DelegatingMethodAccessorImpl.java:43)
	at java.lang.reflect.Method.invoke(Method.java:498)
	at org.junit.runners.model.FrameworkMethod$1.runReflectiveCall(FrameworkMethod.java:50)
	at org.junit.internal.runners.model.ReflectiveCallable.run(ReflectiveCallable.java:12)
	at org.junit.runners.model.FrameworkMethod.invokeExplosively(FrameworkMethod.java:47)
	at org.junit.internal.runners.statements.InvokeMethod.evaluate(InvokeMethod.java:17)
	at org.junit.runners.ParentRunner.runLeaf(ParentRunner.java:325)
	at org.junit.runners.BlockJUnit4ClassRunner.runChild(BlockJUnit4ClassRunner.java:78)
	at org.junit.runners.BlockJUnit4ClassRunner.runChild(BlockJUnit4ClassRunner.java:57)
	at org.junit.runners.ParentRunner$3.run(ParentRunner.java:290)
	at org.junit.runners.ParentRunner$1.schedule(ParentRunner.java:71)
	at org.junit.runners.ParentRunner.runChildren(ParentRunner.java:288)
	at org.junit.runners.ParentRunner.access$000(ParentRunner.java:58)
	at org.junit.runners.ParentRunner$2.evaluate(ParentRunner.java:268)
	at org.junit.runners.ParentRunner.run(ParentRunner.java:363)
	at org.gradle.api.internal.tasks.testing.junit.JUnitTestClassExecutor.runTestClass(JUnitTestClassExecutor.java:110)
	at org.gradle.api.internal.tasks.testing.junit.JUnitTestClassExecutor.execute(JUnitTestClassExecutor.java:58)
	at org.gradle.api.internal.tasks.testing.junit.JUnitTestClassExecutor.execute(JUnitTestClassExecutor.java:38)
	at org.gradle.api.internal.tasks.testing.junit.AbstractJUnitTestClassProcessor.processTestClass(AbstractJUnitTestClassProcessor.java:62)
	at org.gradle.api.internal.tasks.testing.SuiteTestClassProcessor.processTestClass(SuiteTestClassProcessor.java:51)
	at sun.reflect.NativeMethodAccessorImpl.invoke0(Native Method)
	at sun.reflect.NativeMethodAccessorImpl.invoke(NativeMethodAccessorImpl.java:62)
	at sun.reflect.DelegatingMethodAccessorImpl.invoke(DelegatingMethodAccessorImpl.java:43)
	at java.lang.reflect.Method.invoke(Method.java:498)
	at org.gradle.internal.dispatch.ReflectionDispatch.dispatch(ReflectionDispatch.java:36)
	at org.gradle.internal.dispatch.ReflectionDispatch.dispatch(ReflectionDispatch.java:24)
	at org.gradle.internal.dispatch.ContextClassLoaderDispatch.dispatch(ContextClassLoaderDispatch.java:33)
	at org.gradle.internal.dispatch.ProxyDispatchAdapter$DispatchingInvocationHandler.invoke(ProxyDispatchAdapter.java:94)
	at com.sun.proxy.$Proxy2.processTestClass(Unknown Source)
	at org.gradle.api.internal.tasks.testing.worker.TestWorker.processTestClass(TestWorker.java:119)
	at sun.reflect.NativeMethodAccessorImpl.invoke0(Native Method)
	at sun.reflect.NativeMethodAccessorImpl.invoke(NativeMethodAccessorImpl.java:62)
	at sun.reflect.DelegatingMethodAccessorImpl.invoke(DelegatingMethodAccessorImpl.java:43)
	at java.lang.reflect.Method.invoke(Method.java:498)
	at org.gradle.internal.dispatch.ReflectionDispatch.dispatch(ReflectionDispatch.java:36)
	at org.gradle.internal.dispatch.ReflectionDispatch.dispatch(ReflectionDispatch.java:24)
	at org.gradle.internal.remote.internal.hub.MessageHubBackedObjectConnection$DispatchWrapper.dispatch(MessageHubBackedObjectConnection.java:182)
	at org.gradle.internal.remote.internal.hub.MessageHubBackedObjectConnection$DispatchWrapper.dispatch(MessageHubBackedObjectConnection.java:164)
	at org.gradle.internal.remote.internal.hub.MessageHub$Handler.run(MessageHub.java:414)
	at org.gradle.internal.concurrent.ExecutorPolicy$CatchAndRecordFailures.onExecute(ExecutorPolicy.java:64)
	at org.gradle.internal.concurrent.ManagedExecutorImpl$1.run(ManagedExecutorImpl.java:48)
	at java.util.concurrent.ThreadPoolExecutor.runWorker(ThreadPoolExecutor.java:1149)
	at java.util.concurrent.ThreadPoolExecutor$Worker.run(ThreadPoolExecutor.java:624)
	at org.gradle.internal.concurrent.ThreadFactoryImpl$ManagedThreadRunnable.run(ThreadFactoryImpl.java:56)
	at java.lang.Thread.run(Thread.java:748)
</failure>
  </testcase>
  <testcase name="test13" classname="taxipark.TestTask5TheMostFrequentTripDurationPeriod" time="0.001">
    <failure message="java.lang.AssertionError: Wrong result for 'findTheMostFrequentTripDurationPeriod()': 1..10.&#13;&#10;Taxi park:&#13;&#10;Drivers: [D-1, D-2]&#13;&#10;Passengers: [P-1, P-2]&#13;&#10;Trips: [(D-1, [P-1], 33, 3.0), (D-2, [P-2], 4320, 3.0)]&#13;&#10;&#10;Possible results: [30..39, 4320..4329]&#10;Actual: 1..10&#10;" type="java.lang.AssertionError">java.lang.AssertionError: Wrong result for 'findTheMostFrequentTripDurationPeriod()': 1..10.
Taxi park:
Drivers: [D-1, D-2]
Passengers: [P-1, P-2]
Trips: [(D-1, [P-1], 33, 3.0), (D-2, [P-2], 4320, 3.0)]

Possible results: [30..39, 4320..4329]
Actual: 1..10

	at org.junit.Assert.fail(Assert.java:88)
	at org.junit.Assert.assertTrue(Assert.java:41)
	at taxipark.TestTask5TheMostFrequentTripDurationPeriod.testDurationPeriod(TestTask5TheMostFrequentTripDurationPeriod.kt:19)
	at taxipark.TestTask5TheMostFrequentTripDurationPeriod.test13(TestTask5TheMostFrequentTripDurationPeriod.kt:288)
	at sun.reflect.NativeMethodAccessorImpl.invoke0(Native Method)
	at sun.reflect.NativeMethodAccessorImpl.invoke(NativeMethodAccessorImpl.java:62)
	at sun.reflect.DelegatingMethodAccessorImpl.invoke(DelegatingMethodAccessorImpl.java:43)
	at java.lang.reflect.Method.invoke(Method.java:498)
	at org.junit.runners.model.FrameworkMethod$1.runReflectiveCall(FrameworkMethod.java:50)
	at org.junit.internal.runners.model.ReflectiveCallable.run(ReflectiveCallable.java:12)
	at org.junit.runners.model.FrameworkMethod.invokeExplosively(FrameworkMethod.java:47)
	at org.junit.internal.runners.statements.InvokeMethod.evaluate(InvokeMethod.java:17)
	at org.junit.runners.ParentRunner.runLeaf(ParentRunner.java:325)
	at org.junit.runners.BlockJUnit4ClassRunner.runChild(BlockJUnit4ClassRunner.java:78)
	at org.junit.runners.BlockJUnit4ClassRunner.runChild(BlockJUnit4ClassRunner.java:57)
	at org.junit.runners.ParentRunner$3.run(ParentRunner.java:290)
	at org.junit.runners.ParentRunner$1.schedule(ParentRunner.java:71)
	at org.junit.runners.ParentRunner.runChildren(ParentRunner.java:288)
	at org.junit.runners.ParentRunner.access$000(ParentRunner.java:58)
	at org.junit.runners.ParentRunner$2.evaluate(ParentRunner.java:268)
	at org.junit.runners.ParentRunner.run(ParentRunner.java:363)
	at org.gradle.api.internal.tasks.testing.junit.JUnitTestClassExecutor.runTestClass(JUnitTestClassExecutor.java:110)
	at org.gradle.api.internal.tasks.testing.junit.JUnitTestClassExecutor.execute(JUnitTestClassExecutor.java:58)
	at org.gradle.api.internal.tasks.testing.junit.JUnitTestClassExecutor.execute(JUnitTestClassExecutor.java:38)
	at org.gradle.api.internal.tasks.testing.junit.AbstractJUnitTestClassProcessor.processTestClass(AbstractJUnitTestClassProcessor.java:62)
	at org.gradle.api.internal.tasks.testing.SuiteTestClassProcessor.processTestClass(SuiteTestClassProcessor.java:51)
	at sun.reflect.NativeMethodAccessorImpl.invoke0(Native Method)
	at sun.reflect.NativeMethodAccessorImpl.invoke(NativeMethodAccessorImpl.java:62)
	at sun.reflect.DelegatingMethodAccessorImpl.invoke(DelegatingMethodAccessorImpl.java:43)
	at java.lang.reflect.Method.invoke(Method.java:498)
	at org.gradle.internal.dispatch.ReflectionDispatch.dispatch(ReflectionDispatch.java:36)
	at org.gradle.internal.dispatch.ReflectionDispatch.dispatch(ReflectionDispatch.java:24)
	at org.gradle.internal.dispatch.ContextClassLoaderDispatch.dispatch(ContextClassLoaderDispatch.java:33)
	at org.gradle.internal.dispatch.ProxyDispatchAdapter$DispatchingInvocationHandler.invoke(ProxyDispatchAdapter.java:94)
	at com.sun.proxy.$Proxy2.processTestClass(Unknown Source)
	at org.gradle.api.internal.tasks.testing.worker.TestWorker.processTestClass(TestWorker.java:119)
	at sun.reflect.NativeMethodAccessorImpl.invoke0(Native Method)
	at sun.reflect.NativeMethodAccessorImpl.invoke(NativeMethodAccessorImpl.java:62)
	at sun.reflect.DelegatingMethodAccessorImpl.invoke(DelegatingMethodAccessorImpl.java:43)
	at java.lang.reflect.Method.invoke(Method.java:498)
	at org.gradle.internal.dispatch.ReflectionDispatch.dispatch(ReflectionDispatch.java:36)
	at org.gradle.internal.dispatch.ReflectionDispatch.dispatch(ReflectionDispatch.java:24)
	at org.gradle.internal.remote.internal.hub.MessageHubBackedObjectConnection$DispatchWrapper.dispatch(MessageHubBackedObjectConnection.java:182)
	at org.gradle.internal.remote.internal.hub.MessageHubBackedObjectConnection$DispatchWrapper.dispatch(MessageHubBackedObjectConnection.java:164)
	at org.gradle.internal.remote.internal.hub.MessageHub$Handler.run(MessageHub.java:414)
	at org.gradle.internal.concurrent.ExecutorPolicy$CatchAndRecordFailures.onExecute(ExecutorPolicy.java:64)
	at org.gradle.internal.concurrent.ManagedExecutorImpl$1.run(ManagedExecutorImpl.java:48)
	at java.util.concurrent.ThreadPoolExecutor.runWorker(ThreadPoolExecutor.java:1149)
	at java.util.concurrent.ThreadPoolExecutor$Worker.run(ThreadPoolExecutor.java:624)
	at org.gradle.internal.concurrent.ThreadFactoryImpl$ManagedThreadRunnable.run(ThreadFactoryImpl.java:56)
	at java.lang.Thread.run(Thread.java:748)
</failure>
  </testcase>
  <system-out><![CDATA[item [(Trip(driver=Driver(name=D-1), passengers=[Passenger(name=P-1)], duration=10, distance=3.0, discount=null), Trip(driver=Driver(name=D-1), passengers=[Passenger(name=P-1)], duration=10, distance=3.0, discount=null)), (Trip(driver=Driver(name=D-1), passengers=[Passenger(name=P-1)], duration=10, distance=3.0, discount=null), Trip(driver=Driver(name=D-3), passengers=[Passenger(name=P-4)], duration=30, distance=3.0, discount=null)), (Trip(driver=Driver(name=D-1), passengers=[Passenger(name=P-1)], duration=10, distance=3.0, discount=null), Trip(driver=Driver(name=D-1), passengers=[Passenger(name=P-2)], duration=20, distance=3.0, discount=null)), (Trip(driver=Driver(name=D-1), passengers=[Passenger(name=P-1)], duration=10, distance=3.0, discount=null), Trip(driver=Driver(name=D-2), passengers=[Passenger(name=P-3)], duration=35, distance=3.0, discount=null))]
item [(Trip(driver=Driver(name=D-3), passengers=[Passenger(name=P-4)], duration=30, distance=3.0, discount=null), Trip(driver=Driver(name=D-1), passengers=[Passenger(name=P-1)], duration=10, distance=3.0, discount=null)), (Trip(driver=Driver(name=D-3), passengers=[Passenger(name=P-4)], duration=30, distance=3.0, discount=null), Trip(driver=Driver(name=D-3), passengers=[Passenger(name=P-4)], duration=30, distance=3.0, discount=null)), (Trip(driver=Driver(name=D-3), passengers=[Passenger(name=P-4)], duration=30, distance=3.0, discount=null), Trip(driver=Driver(name=D-1), passengers=[Passenger(name=P-2)], duration=20, distance=3.0, discount=null)), (Trip(driver=Driver(name=D-3), passengers=[Passenger(name=P-4)], duration=30, distance=3.0, discount=null), Trip(driver=Driver(name=D-2), passengers=[Passenger(name=P-3)], duration=35, distance=3.0, discount=null))]
item [(Trip(driver=Driver(name=D-1), passengers=[Passenger(name=P-2)], duration=20, distance=3.0, discount=null), Trip(driver=Driver(name=D-1), passengers=[Passenger(name=P-1)], duration=10, distance=3.0, discount=null)), (Trip(driver=Driver(name=D-1), passengers=[Passenger(name=P-2)], duration=20, distance=3.0, discount=null), Trip(driver=Driver(name=D-3), passengers=[Passenger(name=P-4)], duration=30, distance=3.0, discount=null)), (Trip(driver=Driver(name=D-1), passengers=[Passenger(name=P-2)], duration=20, distance=3.0, discount=null), Trip(driver=Driver(name=D-1), passengers=[Passenger(name=P-2)], duration=20, distance=3.0, discount=null)), (Trip(driver=Driver(name=D-1), passengers=[Passenger(name=P-2)], duration=20, distance=3.0, discount=null), Trip(driver=Driver(name=D-2), passengers=[Passenger(name=P-3)], duration=35, distance=3.0, discount=null))]
item [(Trip(driver=Driver(name=D-2), passengers=[Passenger(name=P-3)], duration=35, distance=3.0, discount=null), Trip(driver=Driver(name=D-1), passengers=[Passenger(name=P-1)], duration=10, distance=3.0, discount=null)), (Trip(driver=Driver(name=D-2), passengers=[Passenger(name=P-3)], duration=35, distance=3.0, discount=null), Trip(driver=Driver(name=D-3), passengers=[Passenger(name=P-4)], duration=30, distance=3.0, discount=null)), (Trip(driver=Driver(name=D-2), passengers=[Passenger(name=P-3)], duration=35, distance=3.0, discount=null), Trip(driver=Driver(name=D-1), passengers=[Passenger(name=P-2)], duration=20, distance=3.0, discount=null)), (Trip(driver=Driver(name=D-2), passengers=[Passenger(name=P-3)], duration=35, distance=3.0, discount=null), Trip(driver=Driver(name=D-2), passengers=[Passenger(name=P-3)], duration=35, distance=3.0, discount=null))]
item [(Trip(driver=Driver(name=D-0), passengers=[Passenger(name=P-2), Passenger(name=P-9)], duration=14, distance=25.0, discount=null), Trip(driver=Driver(name=D-0), passengers=[Passenger(name=P-2), Passenger(name=P-9)], duration=14, distance=25.0, discount=null)), (Trip(driver=Driver(name=D-0), passengers=[Passenger(name=P-2), Passenger(name=P-9)], duration=14, distance=25.0, discount=null), Trip(driver=Driver(name=D-1), passengers=[Passenger(name=P-8)], duration=39, distance=37.0, discount=0.2)), (Trip(driver=Driver(name=D-0), passengers=[Passenger(name=P-2), Passenger(name=P-9)], duration=14, distance=25.0, discount=null), Trip(driver=Driver(name=D-5), passengers=[Passenger(name=P-0), Passenger(name=P-5)], duration=27, distance=28.0, discount=0.3)), (Trip(driver=Driver(name=D-0), passengers=[Passenger(name=P-2), Passenger(name=P-9)], duration=14, distance=25.0, discount=null), Trip(driver=Driver(name=D-4), passengers=[Passenger(name=P-0), Passenger(name=P-6)], duration=33, distance=14.0, discount=null)), (Trip(driver=Driver(name=D-0), passengers=[Passenger(name=P-2), Passenger(name=P-9)], duration=14, distance=25.0, discount=null), Trip(driver=Driver(name=D-2), passengers=[Passenger(name=P-5), Passenger(name=P-1), Passenger(name=P-4), Passenger(name=P-3)], duration=2, distance=15.0, discount=null)), (Trip(driver=Driver(name=D-0), passengers=[Passenger(name=P-2), Passenger(name=P-9)], duration=14, distance=25.0, discount=null), Trip(driver=Driver(name=D-4), passengers=[Passenger(name=P-7)], duration=27, distance=2.0, discount=null)), (Trip(driver=Driver(name=D-0), passengers=[Passenger(name=P-2), Passenger(name=P-9)], duration=14, distance=25.0, discount=null), Trip(driver=Driver(name=D-4), passengers=[Passenger(name=P-4), Passenger(name=P-6)], duration=31, distance=31.0, discount=null)), (Trip(driver=Driver(name=D-0), passengers=[Passenger(name=P-2), Passenger(name=P-9)], duration=14, distance=25.0, discount=null), Trip(driver=Driver(name=D-3), passengers=[Passenger(name=P-9), Passenger(name=P-0)], duration=34, distance=7.0, discount=null)), (Trip(driver=Driver(name=D-0), passengers=[Passenger(name=P-2), Passenger(name=P-9)], duration=14, distance=25.0, discount=null), Trip(driver=Driver(name=D-5), passengers=[Passenger(name=P-3)], duration=25, distance=33.0, discount=null)), (Trip(driver=Driver(name=D-0), passengers=[Passenger(name=P-2), Passenger(name=P-9)], duration=14, distance=25.0, discount=null), Trip(driver=Driver(name=D-1), passengers=[Passenger(name=P-0), Passenger(name=P-7), Passenger(name=P-2), Passenger(name=P-3)], duration=13, distance=17.0, discount=null))]
item [(Trip(driver=Driver(name=D-1), passengers=[Passenger(name=P-8)], duration=39, distance=37.0, discount=0.2), Trip(driver=Driver(name=D-0), passengers=[Passenger(name=P-2), Passenger(name=P-9)], duration=14, distance=25.0, discount=null)), (Trip(driver=Driver(name=D-1), passengers=[Passenger(name=P-8)], duration=39, distance=37.0, discount=0.2), Trip(driver=Driver(name=D-1), passengers=[Passenger(name=P-8)], duration=39, distance=37.0, discount=0.2)), (Trip(driver=Driver(name=D-1), passengers=[Passenger(name=P-8)], duration=39, distance=37.0, discount=0.2), Trip(driver=Driver(name=D-5), passengers=[Passenger(name=P-0), Passenger(name=P-5)], duration=27, distance=28.0, discount=0.3)), (Trip(driver=Driver(name=D-1), passengers=[Passenger(name=P-8)], duration=39, distance=37.0, discount=0.2), Trip(driver=Driver(name=D-4), passengers=[Passenger(name=P-0), Passenger(name=P-6)], duration=33, distance=14.0, discount=null)), (Trip(driver=Driver(name=D-1), passengers=[Passenger(name=P-8)], duration=39, distance=37.0, discount=0.2), Trip(driver=Driver(name=D-2), passengers=[Passenger(name=P-5), Passenger(name=P-1), Passenger(name=P-4), Passenger(name=P-3)], duration=2, distance=15.0, discount=null)), (Trip(driver=Driver(name=D-1), passengers=[Passenger(name=P-8)], duration=39, distance=37.0, discount=0.2), Trip(driver=Driver(name=D-4), passengers=[Passenger(name=P-7)], duration=27, distance=2.0, discount=null)), (Trip(driver=Driver(name=D-1), passengers=[Passenger(name=P-8)], duration=39, distance=37.0, discount=0.2), Trip(driver=Driver(name=D-4), passengers=[Passenger(name=P-4), Passenger(name=P-6)], duration=31, distance=31.0, discount=null)), (Trip(driver=Driver(name=D-1), passengers=[Passenger(name=P-8)], duration=39, distance=37.0, discount=0.2), Trip(driver=Driver(name=D-3), passengers=[Passenger(name=P-9), Passenger(name=P-0)], duration=34, distance=7.0, discount=null)), (Trip(driver=Driver(name=D-1), passengers=[Passenger(name=P-8)], duration=39, distance=37.0, discount=0.2), Trip(driver=Driver(name=D-5), passengers=[Passenger(name=P-3)], duration=25, distance=33.0, discount=null)), (Trip(driver=Driver(name=D-1), passengers=[Passenger(name=P-8)], duration=39, distance=37.0, discount=0.2), Trip(driver=Driver(name=D-1), passengers=[Passenger(name=P-0), Passenger(name=P-7), Passenger(name=P-2), Passenger(name=P-3)], duration=13, distance=17.0, discount=null))]
item [(Trip(driver=Driver(name=D-5), passengers=[Passenger(name=P-0), Passenger(name=P-5)], duration=27, distance=28.0, discount=0.3), Trip(driver=Driver(name=D-0), passengers=[Passenger(name=P-2), Passenger(name=P-9)], duration=14, distance=25.0, discount=null)), (Trip(driver=Driver(name=D-5), passengers=[Passenger(name=P-0), Passenger(name=P-5)], duration=27, distance=28.0, discount=0.3), Trip(driver=Driver(name=D-1), passengers=[Passenger(name=P-8)], duration=39, distance=37.0, discount=0.2)), (Trip(driver=Driver(name=D-5), passengers=[Passenger(name=P-0), Passenger(name=P-5)], duration=27, distance=28.0, discount=0.3), Trip(driver=Driver(name=D-5), passengers=[Passenger(name=P-0), Passenger(name=P-5)], duration=27, distance=28.0, discount=0.3)), (Trip(driver=Driver(name=D-5), passengers=[Passenger(name=P-0), Passenger(name=P-5)], duration=27, distance=28.0, discount=0.3), Trip(driver=Driver(name=D-4), passengers=[Passenger(name=P-0), Passenger(name=P-6)], duration=33, distance=14.0, discount=null)), (Trip(driver=Driver(name=D-5), passengers=[Passenger(name=P-0), Passenger(name=P-5)], duration=27, distance=28.0, discount=0.3), Trip(driver=Driver(name=D-2), passengers=[Passenger(name=P-5), Passenger(name=P-1), Passenger(name=P-4), Passenger(name=P-3)], duration=2, distance=15.0, discount=null)), (Trip(driver=Driver(name=D-5), passengers=[Passenger(name=P-0), Passenger(name=P-5)], duration=27, distance=28.0, discount=0.3), Trip(driver=Driver(name=D-4), passengers=[Passenger(name=P-7)], duration=27, distance=2.0, discount=null)), (Trip(driver=Driver(name=D-5), passengers=[Passenger(name=P-0), Passenger(name=P-5)], duration=27, distance=28.0, discount=0.3), Trip(driver=Driver(name=D-4), passengers=[Passenger(name=P-4), Passenger(name=P-6)], duration=31, distance=31.0, discount=null)), (Trip(driver=Driver(name=D-5), passengers=[Passenger(name=P-0), Passenger(name=P-5)], duration=27, distance=28.0, discount=0.3), Trip(driver=Driver(name=D-3), passengers=[Passenger(name=P-9), Passenger(name=P-0)], duration=34, distance=7.0, discount=null)), (Trip(driver=Driver(name=D-5), passengers=[Passenger(name=P-0), Passenger(name=P-5)], duration=27, distance=28.0, discount=0.3), Trip(driver=Driver(name=D-5), passengers=[Passenger(name=P-3)], duration=25, distance=33.0, discount=null)), (Trip(driver=Driver(name=D-5), passengers=[Passenger(name=P-0), Passenger(name=P-5)], duration=27, distance=28.0, discount=0.3), Trip(driver=Driver(name=D-1), passengers=[Passenger(name=P-0), Passenger(name=P-7), Passenger(name=P-2), Passenger(name=P-3)], duration=13, distance=17.0, discount=null))]
item [(Trip(driver=Driver(name=D-4), passengers=[Passenger(name=P-0), Passenger(name=P-6)], duration=33, distance=14.0, discount=null), Trip(driver=Driver(name=D-0), passengers=[Passenger(name=P-2), Passenger(name=P-9)], duration=14, distance=25.0, discount=null)), (Trip(driver=Driver(name=D-4), passengers=[Passenger(name=P-0), Passenger(name=P-6)], duration=33, distance=14.0, discount=null), Trip(driver=Driver(name=D-1), passengers=[Passenger(name=P-8)], duration=39, distance=37.0, discount=0.2)), (Trip(driver=Driver(name=D-4), passengers=[Passenger(name=P-0), Passenger(name=P-6)], duration=33, distance=14.0, discount=null), Trip(driver=Driver(name=D-5), passengers=[Passenger(name=P-0), Passenger(name=P-5)], duration=27, distance=28.0, discount=0.3)), (Trip(driver=Driver(name=D-4), passengers=[Passenger(name=P-0), Passenger(name=P-6)], duration=33, distance=14.0, discount=null), Trip(driver=Driver(name=D-4), passengers=[Passenger(name=P-0), Passenger(name=P-6)], duration=33, distance=14.0, discount=null)), (Trip(driver=Driver(name=D-4), passengers=[Passenger(name=P-0), Passenger(name=P-6)], duration=33, distance=14.0, discount=null), Trip(driver=Driver(name=D-2), passengers=[Passenger(name=P-5), Passenger(name=P-1), Passenger(name=P-4), Passenger(name=P-3)], duration=2, distance=15.0, discount=null)), (Trip(driver=Driver(name=D-4), passengers=[Passenger(name=P-0), Passenger(name=P-6)], duration=33, distance=14.0, discount=null), Trip(driver=Driver(name=D-4), passengers=[Passenger(name=P-7)], duration=27, distance=2.0, discount=null)), (Trip(driver=Driver(name=D-4), passengers=[Passenger(name=P-0), Passenger(name=P-6)], duration=33, distance=14.0, discount=null), Trip(driver=Driver(name=D-4), passengers=[Passenger(name=P-4), Passenger(name=P-6)], duration=31, distance=31.0, discount=null)), (Trip(driver=Driver(name=D-4), passengers=[Passenger(name=P-0), Passenger(name=P-6)], duration=33, distance=14.0, discount=null), Trip(driver=Driver(name=D-3), passengers=[Passenger(name=P-9), Passenger(name=P-0)], duration=34, distance=7.0, discount=null)), (Trip(driver=Driver(name=D-4), passengers=[Passenger(name=P-0), Passenger(name=P-6)], duration=33, distance=14.0, discount=null), Trip(driver=Driver(name=D-5), passengers=[Passenger(name=P-3)], duration=25, distance=33.0, discount=null)), (Trip(driver=Driver(name=D-4), passengers=[Passenger(name=P-0), Passenger(name=P-6)], duration=33, distance=14.0, discount=null), Trip(driver=Driver(name=D-1), passengers=[Passenger(name=P-0), Passenger(name=P-7), Passenger(name=P-2), Passenger(name=P-3)], duration=13, distance=17.0, discount=null))]
item [(Trip(driver=Driver(name=D-2), passengers=[Passenger(name=P-5), Passenger(name=P-1), Passenger(name=P-4), Passenger(name=P-3)], duration=2, distance=15.0, discount=null), Trip(driver=Driver(name=D-0), passengers=[Passenger(name=P-2), Passenger(name=P-9)], duration=14, distance=25.0, discount=null)), (Trip(driver=Driver(name=D-2), passengers=[Passenger(name=P-5), Passenger(name=P-1), Passenger(name=P-4), Passenger(name=P-3)], duration=2, distance=15.0, discount=null), Trip(driver=Driver(name=D-1), passengers=[Passenger(name=P-8)], duration=39, distance=37.0, discount=0.2)), (Trip(driver=Driver(name=D-2), passengers=[Passenger(name=P-5), Passenger(name=P-1), Passenger(name=P-4), Passenger(name=P-3)], duration=2, distance=15.0, discount=null), Trip(driver=Driver(name=D-5), passengers=[Passenger(name=P-0), Passenger(name=P-5)], duration=27, distance=28.0, discount=0.3)), (Trip(driver=Driver(name=D-2), passengers=[Passenger(name=P-5), Passenger(name=P-1), Passenger(name=P-4), Passenger(name=P-3)], duration=2, distance=15.0, discount=null), Trip(driver=Driver(name=D-4), passengers=[Passenger(name=P-0), Passenger(name=P-6)], duration=33, distance=14.0, discount=null)), (Trip(driver=Driver(name=D-2), passengers=[Passenger(name=P-5), Passenger(name=P-1), Passenger(name=P-4), Passenger(name=P-3)], duration=2, distance=15.0, discount=null), Trip(driver=Driver(name=D-2), passengers=[Passenger(name=P-5), Passenger(name=P-1), Passenger(name=P-4), Passenger(name=P-3)], duration=2, distance=15.0, discount=null)), (Trip(driver=Driver(name=D-2), passengers=[Passenger(name=P-5), Passenger(name=P-1), Passenger(name=P-4), Passenger(name=P-3)], duration=2, distance=15.0, discount=null), Trip(driver=Driver(name=D-4), passengers=[Passenger(name=P-7)], duration=27, distance=2.0, discount=null)), (Trip(driver=Driver(name=D-2), passengers=[Passenger(name=P-5), Passenger(name=P-1), Passenger(name=P-4), Passenger(name=P-3)], duration=2, distance=15.0, discount=null), Trip(driver=Driver(name=D-4), passengers=[Passenger(name=P-4), Passenger(name=P-6)], duration=31, distance=31.0, discount=null)), (Trip(driver=Driver(name=D-2), passengers=[Passenger(name=P-5), Passenger(name=P-1), Passenger(name=P-4), Passenger(name=P-3)], duration=2, distance=15.0, discount=null), Trip(driver=Driver(name=D-3), passengers=[Passenger(name=P-9), Passenger(name=P-0)], duration=34, distance=7.0, discount=null)), (Trip(driver=Driver(name=D-2), passengers=[Passenger(name=P-5), Passenger(name=P-1), Passenger(name=P-4), Passenger(name=P-3)], duration=2, distance=15.0, discount=null), Trip(driver=Driver(name=D-5), passengers=[Passenger(name=P-3)], duration=25, distance=33.0, discount=null)), (Trip(driver=Driver(name=D-2), passengers=[Passenger(name=P-5), Passenger(name=P-1), Passenger(name=P-4), Passenger(name=P-3)], duration=2, distance=15.0, discount=null), Trip(driver=Driver(name=D-1), passengers=[Passenger(name=P-0), Passenger(name=P-7), Passenger(name=P-2), Passenger(name=P-3)], duration=13, distance=17.0, discount=null))]
item [(Trip(driver=Driver(name=D-4), passengers=[Passenger(name=P-7)], duration=27, distance=2.0, discount=null), Trip(driver=Driver(name=D-0), passengers=[Passenger(name=P-2), Passenger(name=P-9)], duration=14, distance=25.0, discount=null)), (Trip(driver=Driver(name=D-4), passengers=[Passenger(name=P-7)], duration=27, distance=2.0, discount=null), Trip(driver=Driver(name=D-1), passengers=[Passenger(name=P-8)], duration=39, distance=37.0, discount=0.2)), (Trip(driver=Driver(name=D-4), passengers=[Passenger(name=P-7)], duration=27, distance=2.0, discount=null), Trip(driver=Driver(name=D-5), passengers=[Passenger(name=P-0), Passenger(name=P-5)], duration=27, distance=28.0, discount=0.3)), (Trip(driver=Driver(name=D-4), passengers=[Passenger(name=P-7)], duration=27, distance=2.0, discount=null), Trip(driver=Driver(name=D-4), passengers=[Passenger(name=P-0), Passenger(name=P-6)], duration=33, distance=14.0, discount=null)), (Trip(driver=Driver(name=D-4), passengers=[Passenger(name=P-7)], duration=27, distance=2.0, discount=null), Trip(driver=Driver(name=D-2), passengers=[Passenger(name=P-5), Passenger(name=P-1), Passenger(name=P-4), Passenger(name=P-3)], duration=2, distance=15.0, discount=null)), (Trip(driver=Driver(name=D-4), passengers=[Passenger(name=P-7)], duration=27, distance=2.0, discount=null), Trip(driver=Driver(name=D-4), passengers=[Passenger(name=P-7)], duration=27, distance=2.0, discount=null)), (Trip(driver=Driver(name=D-4), passengers=[Passenger(name=P-7)], duration=27, distance=2.0, discount=null), Trip(driver=Driver(name=D-4), passengers=[Passenger(name=P-4), Passenger(name=P-6)], duration=31, distance=31.0, discount=null)), (Trip(driver=Driver(name=D-4), passengers=[Passenger(name=P-7)], duration=27, distance=2.0, discount=null), Trip(driver=Driver(name=D-3), passengers=[Passenger(name=P-9), Passenger(name=P-0)], duration=34, distance=7.0, discount=null)), (Trip(driver=Driver(name=D-4), passengers=[Passenger(name=P-7)], duration=27, distance=2.0, discount=null), Trip(driver=Driver(name=D-5), passengers=[Passenger(name=P-3)], duration=25, distance=33.0, discount=null)), (Trip(driver=Driver(name=D-4), passengers=[Passenger(name=P-7)], duration=27, distance=2.0, discount=null), Trip(driver=Driver(name=D-1), passengers=[Passenger(name=P-0), Passenger(name=P-7), Passenger(name=P-2), Passenger(name=P-3)], duration=13, distance=17.0, discount=null))]
item [(Trip(driver=Driver(name=D-4), passengers=[Passenger(name=P-4), Passenger(name=P-6)], duration=31, distance=31.0, discount=null), Trip(driver=Driver(name=D-0), passengers=[Passenger(name=P-2), Passenger(name=P-9)], duration=14, distance=25.0, discount=null)), (Trip(driver=Driver(name=D-4), passengers=[Passenger(name=P-4), Passenger(name=P-6)], duration=31, distance=31.0, discount=null), Trip(driver=Driver(name=D-1), passengers=[Passenger(name=P-8)], duration=39, distance=37.0, discount=0.2)), (Trip(driver=Driver(name=D-4), passengers=[Passenger(name=P-4), Passenger(name=P-6)], duration=31, distance=31.0, discount=null), Trip(driver=Driver(name=D-5), passengers=[Passenger(name=P-0), Passenger(name=P-5)], duration=27, distance=28.0, discount=0.3)), (Trip(driver=Driver(name=D-4), passengers=[Passenger(name=P-4), Passenger(name=P-6)], duration=31, distance=31.0, discount=null), Trip(driver=Driver(name=D-4), passengers=[Passenger(name=P-0), Passenger(name=P-6)], duration=33, distance=14.0, discount=null)), (Trip(driver=Driver(name=D-4), passengers=[Passenger(name=P-4), Passenger(name=P-6)], duration=31, distance=31.0, discount=null), Trip(driver=Driver(name=D-2), passengers=[Passenger(name=P-5), Passenger(name=P-1), Passenger(name=P-4), Passenger(name=P-3)], duration=2, distance=15.0, discount=null)), (Trip(driver=Driver(name=D-4), passengers=[Passenger(name=P-4), Passenger(name=P-6)], duration=31, distance=31.0, discount=null), Trip(driver=Driver(name=D-4), passengers=[Passenger(name=P-7)], duration=27, distance=2.0, discount=null)), (Trip(driver=Driver(name=D-4), passengers=[Passenger(name=P-4), Passenger(name=P-6)], duration=31, distance=31.0, discount=null), Trip(driver=Driver(name=D-4), passengers=[Passenger(name=P-4), Passenger(name=P-6)], duration=31, distance=31.0, discount=null)), (Trip(driver=Driver(name=D-4), passengers=[Passenger(name=P-4), Passenger(name=P-6)], duration=31, distance=31.0, discount=null), Trip(driver=Driver(name=D-3), passengers=[Passenger(name=P-9), Passenger(name=P-0)], duration=34, distance=7.0, discount=null)), (Trip(driver=Driver(name=D-4), passengers=[Passenger(name=P-4), Passenger(name=P-6)], duration=31, distance=31.0, discount=null), Trip(driver=Driver(name=D-5), passengers=[Passenger(name=P-3)], duration=25, distance=33.0, discount=null)), (Trip(driver=Driver(name=D-4), passengers=[Passenger(name=P-4), Passenger(name=P-6)], duration=31, distance=31.0, discount=null), Trip(driver=Driver(name=D-1), passengers=[Passenger(name=P-0), Passenger(name=P-7), Passenger(name=P-2), Passenger(name=P-3)], duration=13, distance=17.0, discount=null))]
item [(Trip(driver=Driver(name=D-3), passengers=[Passenger(name=P-9), Passenger(name=P-0)], duration=34, distance=7.0, discount=null), Trip(driver=Driver(name=D-0), passengers=[Passenger(name=P-2), Passenger(name=P-9)], duration=14, distance=25.0, discount=null)), (Trip(driver=Driver(name=D-3), passengers=[Passenger(name=P-9), Passenger(name=P-0)], duration=34, distance=7.0, discount=null), Trip(driver=Driver(name=D-1), passengers=[Passenger(name=P-8)], duration=39, distance=37.0, discount=0.2)), (Trip(driver=Driver(name=D-3), passengers=[Passenger(name=P-9), Passenger(name=P-0)], duration=34, distance=7.0, discount=null), Trip(driver=Driver(name=D-5), passengers=[Passenger(name=P-0), Passenger(name=P-5)], duration=27, distance=28.0, discount=0.3)), (Trip(driver=Driver(name=D-3), passengers=[Passenger(name=P-9), Passenger(name=P-0)], duration=34, distance=7.0, discount=null), Trip(driver=Driver(name=D-4), passengers=[Passenger(name=P-0), Passenger(name=P-6)], duration=33, distance=14.0, discount=null)), (Trip(driver=Driver(name=D-3), passengers=[Passenger(name=P-9), Passenger(name=P-0)], duration=34, distance=7.0, discount=null), Trip(driver=Driver(name=D-2), passengers=[Passenger(name=P-5), Passenger(name=P-1), Passenger(name=P-4), Passenger(name=P-3)], duration=2, distance=15.0, discount=null)), (Trip(driver=Driver(name=D-3), passengers=[Passenger(name=P-9), Passenger(name=P-0)], duration=34, distance=7.0, discount=null), Trip(driver=Driver(name=D-4), passengers=[Passenger(name=P-7)], duration=27, distance=2.0, discount=null)), (Trip(driver=Driver(name=D-3), passengers=[Passenger(name=P-9), Passenger(name=P-0)], duration=34, distance=7.0, discount=null), Trip(driver=Driver(name=D-4), passengers=[Passenger(name=P-4), Passenger(name=P-6)], duration=31, distance=31.0, discount=null)), (Trip(driver=Driver(name=D-3), passengers=[Passenger(name=P-9), Passenger(name=P-0)], duration=34, distance=7.0, discount=null), Trip(driver=Driver(name=D-3), passengers=[Passenger(name=P-9), Passenger(name=P-0)], duration=34, distance=7.0, discount=null)), (Trip(driver=Driver(name=D-3), passengers=[Passenger(name=P-9), Passenger(name=P-0)], duration=34, distance=7.0, discount=null), Trip(driver=Driver(name=D-5), passengers=[Passenger(name=P-3)], duration=25, distance=33.0, discount=null)), (Trip(driver=Driver(name=D-3), passengers=[Passenger(name=P-9), Passenger(name=P-0)], duration=34, distance=7.0, discount=null), Trip(driver=Driver(name=D-1), passengers=[Passenger(name=P-0), Passenger(name=P-7), Passenger(name=P-2), Passenger(name=P-3)], duration=13, distance=17.0, discount=null))]
item [(Trip(driver=Driver(name=D-5), passengers=[Passenger(name=P-3)], duration=25, distance=33.0, discount=null), Trip(driver=Driver(name=D-0), passengers=[Passenger(name=P-2), Passenger(name=P-9)], duration=14, distance=25.0, discount=null)), (Trip(driver=Driver(name=D-5), passengers=[Passenger(name=P-3)], duration=25, distance=33.0, discount=null), Trip(driver=Driver(name=D-1), passengers=[Passenger(name=P-8)], duration=39, distance=37.0, discount=0.2)), (Trip(driver=Driver(name=D-5), passengers=[Passenger(name=P-3)], duration=25, distance=33.0, discount=null), Trip(driver=Driver(name=D-5), passengers=[Passenger(name=P-0), Passenger(name=P-5)], duration=27, distance=28.0, discount=0.3)), (Trip(driver=Driver(name=D-5), passengers=[Passenger(name=P-3)], duration=25, distance=33.0, discount=null), Trip(driver=Driver(name=D-4), passengers=[Passenger(name=P-0), Passenger(name=P-6)], duration=33, distance=14.0, discount=null)), (Trip(driver=Driver(name=D-5), passengers=[Passenger(name=P-3)], duration=25, distance=33.0, discount=null), Trip(driver=Driver(name=D-2), passengers=[Passenger(name=P-5), Passenger(name=P-1), Passenger(name=P-4), Passenger(name=P-3)], duration=2, distance=15.0, discount=null)), (Trip(driver=Driver(name=D-5), passengers=[Passenger(name=P-3)], duration=25, distance=33.0, discount=null), Trip(driver=Driver(name=D-4), passengers=[Passenger(name=P-7)], duration=27, distance=2.0, discount=null)), (Trip(driver=Driver(name=D-5), passengers=[Passenger(name=P-3)], duration=25, distance=33.0, discount=null), Trip(driver=Driver(name=D-4), passengers=[Passenger(name=P-4), Passenger(name=P-6)], duration=31, distance=31.0, discount=null)), (Trip(driver=Driver(name=D-5), passengers=[Passenger(name=P-3)], duration=25, distance=33.0, discount=null), Trip(driver=Driver(name=D-3), passengers=[Passenger(name=P-9), Passenger(name=P-0)], duration=34, distance=7.0, discount=null)), (Trip(driver=Driver(name=D-5), passengers=[Passenger(name=P-3)], duration=25, distance=33.0, discount=null), Trip(driver=Driver(name=D-5), passengers=[Passenger(name=P-3)], duration=25, distance=33.0, discount=null)), (Trip(driver=Driver(name=D-5), passengers=[Passenger(name=P-3)], duration=25, distance=33.0, discount=null), Trip(driver=Driver(name=D-1), passengers=[Passenger(name=P-0), Passenger(name=P-7), Passenger(name=P-2), Passenger(name=P-3)], duration=13, distance=17.0, discount=null))]
item [(Trip(driver=Driver(name=D-1), passengers=[Passenger(name=P-0), Passenger(name=P-7), Passenger(name=P-2), Passenger(name=P-3)], duration=13, distance=17.0, discount=null), Trip(driver=Driver(name=D-0), passengers=[Passenger(name=P-2), Passenger(name=P-9)], duration=14, distance=25.0, discount=null)), (Trip(driver=Driver(name=D-1), passengers=[Passenger(name=P-0), Passenger(name=P-7), Passenger(name=P-2), Passenger(name=P-3)], duration=13, distance=17.0, discount=null), Trip(driver=Driver(name=D-1), passengers=[Passenger(name=P-8)], duration=39, distance=37.0, discount=0.2)), (Trip(driver=Driver(name=D-1), passengers=[Passenger(name=P-0), Passenger(name=P-7), Passenger(name=P-2), Passenger(name=P-3)], duration=13, distance=17.0, discount=null), Trip(driver=Driver(name=D-5), passengers=[Passenger(name=P-0), Passenger(name=P-5)], duration=27, distance=28.0, discount=0.3)), (Trip(driver=Driver(name=D-1), passengers=[Passenger(name=P-0), Passenger(name=P-7), Passenger(name=P-2), Passenger(name=P-3)], duration=13, distance=17.0, discount=null), Trip(driver=Driver(name=D-4), passengers=[Passenger(name=P-0), Passenger(name=P-6)], duration=33, distance=14.0, discount=null)), (Trip(driver=Driver(name=D-1), passengers=[Passenger(name=P-0), Passenger(name=P-7), Passenger(name=P-2), Passenger(name=P-3)], duration=13, distance=17.0, discount=null), Trip(driver=Driver(name=D-2), passengers=[Passenger(name=P-5), Passenger(name=P-1), Passenger(name=P-4), Passenger(name=P-3)], duration=2, distance=15.0, discount=null)), (Trip(driver=Driver(name=D-1), passengers=[Passenger(name=P-0), Passenger(name=P-7), Passenger(name=P-2), Passenger(name=P-3)], duration=13, distance=17.0, discount=null), Trip(driver=Driver(name=D-4), passengers=[Passenger(name=P-7)], duration=27, distance=2.0, discount=null)), (Trip(driver=Driver(name=D-1), passengers=[Passenger(name=P-0), Passenger(name=P-7), Passenger(name=P-2), Passenger(name=P-3)], duration=13, distance=17.0, discount=null), Trip(driver=Driver(name=D-4), passengers=[Passenger(name=P-4), Passenger(name=P-6)], duration=31, distance=31.0, discount=null)), (Trip(driver=Driver(name=D-1), passengers=[Passenger(name=P-0), Passenger(name=P-7), Passenger(name=P-2), Passenger(name=P-3)], duration=13, distance=17.0, discount=null), Trip(driver=Driver(name=D-3), passengers=[Passenger(name=P-9), Passenger(name=P-0)], duration=34, distance=7.0, discount=null)), (Trip(driver=Driver(name=D-1), passengers=[Passenger(name=P-0), Passenger(name=P-7), Passenger(name=P-2), Passenger(name=P-3)], duration=13, distance=17.0, discount=null), Trip(driver=Driver(name=D-5), passengers=[Passenger(name=P-3)], duration=25, distance=33.0, discount=null)), (Trip(driver=Driver(name=D-1), passengers=[Passenger(name=P-0), Passenger(name=P-7), Passenger(name=P-2), Passenger(name=P-3)], duration=13, distance=17.0, discount=null), Trip(driver=Driver(name=D-1), passengers=[Passenger(name=P-0), Passenger(name=P-7), Passenger(name=P-2), Passenger(name=P-3)], duration=13, distance=17.0, discount=null))]
item [(Trip(driver=Driver(name=D-1), passengers=[Passenger(name=P-1), Passenger(name=P-6)], duration=9, distance=0.0, discount=0.2), Trip(driver=Driver(name=D-1), passengers=[Passenger(name=P-1), Passenger(name=P-6)], duration=9, distance=0.0, discount=0.2)), (Trip(driver=Driver(name=D-1), passengers=[Passenger(name=P-1), Passenger(name=P-6)], duration=9, distance=0.0, discount=0.2), Trip(driver=Driver(name=D-3), passengers=[Passenger(name=P-1)], duration=9, distance=22.0, discount=0.3)), (Trip(driver=Driver(name=D-1), passengers=[Passenger(name=P-1), Passenger(name=P-6)], duration=9, distance=0.0, discount=0.2), Trip(driver=Driver(name=D-2), passengers=[Passenger(name=P-9), Passenger(name=P-3)], duration=3, distance=26.0, discount=null)), (Trip(driver=Driver(name=D-1), passengers=[Passenger(name=P-1), Passenger(name=P-6)], duration=9, distance=0.0, discount=0.2), Trip(driver=Driver(name=D-5), passengers=[Passenger(name=P-7)], duration=19, distance=20.0, discount=null)), (Trip(driver=Driver(name=D-1), passengers=[Passenger(name=P-1), Passenger(name=P-6)], duration=9, distance=0.0, discount=0.2), Trip(driver=Driver(name=D-4), passengers=[Passenger(name=P-3), Passenger(name=P-8)], duration=4, distance=30.0, discount=0.3)), (Trip(driver=Driver(name=D-1), passengers=[Passenger(name=P-1), Passenger(name=P-6)], duration=9, distance=0.0, discount=0.2), Trip(driver=Driver(name=D-4), passengers=[Passenger(name=P-7), Passenger(name=P-8), Passenger(name=P-5), Passenger(name=P-2)], duration=1, distance=33.0, discount=0.3)), (Trip(driver=Driver(name=D-1), passengers=[Passenger(name=P-1), Passenger(name=P-6)], duration=9, distance=0.0, discount=0.2), Trip(driver=Driver(name=D-4), passengers=[Passenger(name=P-9)], duration=4, distance=20.0, discount=null)), (Trip(driver=Driver(name=D-1), passengers=[Passenger(name=P-1), Passenger(name=P-6)], duration=9, distance=0.0, discount=0.2), Trip(driver=Driver(name=D-5), passengers=[Passenger(name=P-9)], duration=16, distance=10.0, discount=null)), (Trip(driver=Driver(name=D-1), passengers=[Passenger(name=P-1), Passenger(name=P-6)], duration=9, distance=0.0, discount=0.2), Trip(driver=Driver(name=D-4), passengers=[Passenger(name=P-0), Passenger(name=P-6)], duration=6, distance=36.0, discount=null)), (Trip(driver=Driver(name=D-1), passengers=[Passenger(name=P-1), Passenger(name=P-6)], duration=9, distance=0.0, discount=0.2), Trip(driver=Driver(name=D-1), passengers=[Passenger(name=P-6), Passenger(name=P-0)], duration=20, distance=31.0, discount=0.1))]
item [(Trip(driver=Driver(name=D-3), passengers=[Passenger(name=P-1)], duration=9, distance=22.0, discount=0.3), Trip(driver=Driver(name=D-1), passengers=[Passenger(name=P-1), Passenger(name=P-6)], duration=9, distance=0.0, discount=0.2)), (Trip(driver=Driver(name=D-3), passengers=[Passenger(name=P-1)], duration=9, distance=22.0, discount=0.3), Trip(driver=Driver(name=D-3), passengers=[Passenger(name=P-1)], duration=9, distance=22.0, discount=0.3)), (Trip(driver=Driver(name=D-3), passengers=[Passenger(name=P-1)], duration=9, distance=22.0, discount=0.3), Trip(driver=Driver(name=D-2), passengers=[Passenger(name=P-9), Passenger(name=P-3)], duration=3, distance=26.0, discount=null)), (Trip(driver=Driver(name=D-3), passengers=[Passenger(name=P-1)], duration=9, distance=22.0, discount=0.3), Trip(driver=Driver(name=D-5), passengers=[Passenger(name=P-7)], duration=19, distance=20.0, discount=null)), (Trip(driver=Driver(name=D-3), passengers=[Passenger(name=P-1)], duration=9, distance=22.0, discount=0.3), Trip(driver=Driver(name=D-4), passengers=[Passenger(name=P-3), Passenger(name=P-8)], duration=4, distance=30.0, discount=0.3)), (Trip(driver=Driver(name=D-3), passengers=[Passenger(name=P-1)], duration=9, distance=22.0, discount=0.3), Trip(driver=Driver(name=D-4), passengers=[Passenger(name=P-7), Passenger(name=P-8), Passenger(name=P-5), Passenger(name=P-2)], duration=1, distance=33.0, discount=0.3)), (Trip(driver=Driver(name=D-3), passengers=[Passenger(name=P-1)], duration=9, distance=22.0, discount=0.3), Trip(driver=Driver(name=D-4), passengers=[Passenger(name=P-9)], duration=4, distance=20.0, discount=null)), (Trip(driver=Driver(name=D-3), passengers=[Passenger(name=P-1)], duration=9, distance=22.0, discount=0.3), Trip(driver=Driver(name=D-5), passengers=[Passenger(name=P-9)], duration=16, distance=10.0, discount=null)), (Trip(driver=Driver(name=D-3), passengers=[Passenger(name=P-1)], duration=9, distance=22.0, discount=0.3), Trip(driver=Driver(name=D-4), passengers=[Passenger(name=P-0), Passenger(name=P-6)], duration=6, distance=36.0, discount=null)), (Trip(driver=Driver(name=D-3), passengers=[Passenger(name=P-1)], duration=9, distance=22.0, discount=0.3), Trip(driver=Driver(name=D-1), passengers=[Passenger(name=P-6), Passenger(name=P-0)], duration=20, distance=31.0, discount=0.1))]
item [(Trip(driver=Driver(name=D-2), passengers=[Passenger(name=P-9), Passenger(name=P-3)], duration=3, distance=26.0, discount=null), Trip(driver=Driver(name=D-1), passengers=[Passenger(name=P-1), Passenger(name=P-6)], duration=9, distance=0.0, discount=0.2)), (Trip(driver=Driver(name=D-2), passengers=[Passenger(name=P-9), Passenger(name=P-3)], duration=3, distance=26.0, discount=null), Trip(driver=Driver(name=D-3), passengers=[Passenger(name=P-1)], duration=9, distance=22.0, discount=0.3)), (Trip(driver=Driver(name=D-2), passengers=[Passenger(name=P-9), Passenger(name=P-3)], duration=3, distance=26.0, discount=null), Trip(driver=Driver(name=D-2), passengers=[Passenger(name=P-9), Passenger(name=P-3)], duration=3, distance=26.0, discount=null)), (Trip(driver=Driver(name=D-2), passengers=[Passenger(name=P-9), Passenger(name=P-3)], duration=3, distance=26.0, discount=null), Trip(driver=Driver(name=D-5), passengers=[Passenger(name=P-7)], duration=19, distance=20.0, discount=null)), (Trip(driver=Driver(name=D-2), passengers=[Passenger(name=P-9), Passenger(name=P-3)], duration=3, distance=26.0, discount=null), Trip(driver=Driver(name=D-4), passengers=[Passenger(name=P-3), Passenger(name=P-8)], duration=4, distance=30.0, discount=0.3)), (Trip(driver=Driver(name=D-2), passengers=[Passenger(name=P-9), Passenger(name=P-3)], duration=3, distance=26.0, discount=null), Trip(driver=Driver(name=D-4), passengers=[Passenger(name=P-7), Passenger(name=P-8), Passenger(name=P-5), Passenger(name=P-2)], duration=1, distance=33.0, discount=0.3)), (Trip(driver=Driver(name=D-2), passengers=[Passenger(name=P-9), Passenger(name=P-3)], duration=3, distance=26.0, discount=null), Trip(driver=Driver(name=D-4), passengers=[Passenger(name=P-9)], duration=4, distance=20.0, discount=null)), (Trip(driver=Driver(name=D-2), passengers=[Passenger(name=P-9), Passenger(name=P-3)], duration=3, distance=26.0, discount=null), Trip(driver=Driver(name=D-5), passengers=[Passenger(name=P-9)], duration=16, distance=10.0, discount=null)), (Trip(driver=Driver(name=D-2), passengers=[Passenger(name=P-9), Passenger(name=P-3)], duration=3, distance=26.0, discount=null), Trip(driver=Driver(name=D-4), passengers=[Passenger(name=P-0), Passenger(name=P-6)], duration=6, distance=36.0, discount=null)), (Trip(driver=Driver(name=D-2), passengers=[Passenger(name=P-9), Passenger(name=P-3)], duration=3, distance=26.0, discount=null), Trip(driver=Driver(name=D-1), passengers=[Passenger(name=P-6), Passenger(name=P-0)], duration=20, distance=31.0, discount=0.1))]
item [(Trip(driver=Driver(name=D-5), passengers=[Passenger(name=P-7)], duration=19, distance=20.0, discount=null), Trip(driver=Driver(name=D-1), passengers=[Passenger(name=P-1), Passenger(name=P-6)], duration=9, distance=0.0, discount=0.2)), (Trip(driver=Driver(name=D-5), passengers=[Passenger(name=P-7)], duration=19, distance=20.0, discount=null), Trip(driver=Driver(name=D-3), passengers=[Passenger(name=P-1)], duration=9, distance=22.0, discount=0.3)), (Trip(driver=Driver(name=D-5), passengers=[Passenger(name=P-7)], duration=19, distance=20.0, discount=null), Trip(driver=Driver(name=D-2), passengers=[Passenger(name=P-9), Passenger(name=P-3)], duration=3, distance=26.0, discount=null)), (Trip(driver=Driver(name=D-5), passengers=[Passenger(name=P-7)], duration=19, distance=20.0, discount=null), Trip(driver=Driver(name=D-5), passengers=[Passenger(name=P-7)], duration=19, distance=20.0, discount=null)), (Trip(driver=Driver(name=D-5), passengers=[Passenger(name=P-7)], duration=19, distance=20.0, discount=null), Trip(driver=Driver(name=D-4), passengers=[Passenger(name=P-3), Passenger(name=P-8)], duration=4, distance=30.0, discount=0.3)), (Trip(driver=Driver(name=D-5), passengers=[Passenger(name=P-7)], duration=19, distance=20.0, discount=null), Trip(driver=Driver(name=D-4), passengers=[Passenger(name=P-7), Passenger(name=P-8), Passenger(name=P-5), Passenger(name=P-2)], duration=1, distance=33.0, discount=0.3)), (Trip(driver=Driver(name=D-5), passengers=[Passenger(name=P-7)], duration=19, distance=20.0, discount=null), Trip(driver=Driver(name=D-4), passengers=[Passenger(name=P-9)], duration=4, distance=20.0, discount=null)), (Trip(driver=Driver(name=D-5), passengers=[Passenger(name=P-7)], duration=19, distance=20.0, discount=null), Trip(driver=Driver(name=D-5), passengers=[Passenger(name=P-9)], duration=16, distance=10.0, discount=null)), (Trip(driver=Driver(name=D-5), passengers=[Passenger(name=P-7)], duration=19, distance=20.0, discount=null), Trip(driver=Driver(name=D-4), passengers=[Passenger(name=P-0), Passenger(name=P-6)], duration=6, distance=36.0, discount=null)), (Trip(driver=Driver(name=D-5), passengers=[Passenger(name=P-7)], duration=19, distance=20.0, discount=null), Trip(driver=Driver(name=D-1), passengers=[Passenger(name=P-6), Passenger(name=P-0)], duration=20, distance=31.0, discount=0.1))]
item [(Trip(driver=Driver(name=D-4), passengers=[Passenger(name=P-3), Passenger(name=P-8)], duration=4, distance=30.0, discount=0.3), Trip(driver=Driver(name=D-1), passengers=[Passenger(name=P-1), Passenger(name=P-6)], duration=9, distance=0.0, discount=0.2)), (Trip(driver=Driver(name=D-4), passengers=[Passenger(name=P-3), Passenger(name=P-8)], duration=4, distance=30.0, discount=0.3), Trip(driver=Driver(name=D-3), passengers=[Passenger(name=P-1)], duration=9, distance=22.0, discount=0.3)), (Trip(driver=Driver(name=D-4), passengers=[Passenger(name=P-3), Passenger(name=P-8)], duration=4, distance=30.0, discount=0.3), Trip(driver=Driver(name=D-2), passengers=[Passenger(name=P-9), Passenger(name=P-3)], duration=3, distance=26.0, discount=null)), (Trip(driver=Driver(name=D-4), passengers=[Passenger(name=P-3), Passenger(name=P-8)], duration=4, distance=30.0, discount=0.3), Trip(driver=Driver(name=D-5), passengers=[Passenger(name=P-7)], duration=19, distance=20.0, discount=null)), (Trip(driver=Driver(name=D-4), passengers=[Passenger(name=P-3), Passenger(name=P-8)], duration=4, distance=30.0, discount=0.3), Trip(driver=Driver(name=D-4), passengers=[Passenger(name=P-3), Passenger(name=P-8)], duration=4, distance=30.0, discount=0.3)), (Trip(driver=Driver(name=D-4), passengers=[Passenger(name=P-3), Passenger(name=P-8)], duration=4, distance=30.0, discount=0.3), Trip(driver=Driver(name=D-4), passengers=[Passenger(name=P-7), Passenger(name=P-8), Passenger(name=P-5), Passenger(name=P-2)], duration=1, distance=33.0, discount=0.3)), (Trip(driver=Driver(name=D-4), passengers=[Passenger(name=P-3), Passenger(name=P-8)], duration=4, distance=30.0, discount=0.3), Trip(driver=Driver(name=D-4), passengers=[Passenger(name=P-9)], duration=4, distance=20.0, discount=null)), (Trip(driver=Driver(name=D-4), passengers=[Passenger(name=P-3), Passenger(name=P-8)], duration=4, distance=30.0, discount=0.3), Trip(driver=Driver(name=D-5), passengers=[Passenger(name=P-9)], duration=16, distance=10.0, discount=null)), (Trip(driver=Driver(name=D-4), passengers=[Passenger(name=P-3), Passenger(name=P-8)], duration=4, distance=30.0, discount=0.3), Trip(driver=Driver(name=D-4), passengers=[Passenger(name=P-0), Passenger(name=P-6)], duration=6, distance=36.0, discount=null)), (Trip(driver=Driver(name=D-4), passengers=[Passenger(name=P-3), Passenger(name=P-8)], duration=4, distance=30.0, discount=0.3), Trip(driver=Driver(name=D-1), passengers=[Passenger(name=P-6), Passenger(name=P-0)], duration=20, distance=31.0, discount=0.1))]
item [(Trip(driver=Driver(name=D-4), passengers=[Passenger(name=P-7), Passenger(name=P-8), Passenger(name=P-5), Passenger(name=P-2)], duration=1, distance=33.0, discount=0.3), Trip(driver=Driver(name=D-1), passengers=[Passenger(name=P-1), Passenger(name=P-6)], duration=9, distance=0.0, discount=0.2)), (Trip(driver=Driver(name=D-4), passengers=[Passenger(name=P-7), Passenger(name=P-8), Passenger(name=P-5), Passenger(name=P-2)], duration=1, distance=33.0, discount=0.3), Trip(driver=Driver(name=D-3), passengers=[Passenger(name=P-1)], duration=9, distance=22.0, discount=0.3)), (Trip(driver=Driver(name=D-4), passengers=[Passenger(name=P-7), Passenger(name=P-8), Passenger(name=P-5), Passenger(name=P-2)], duration=1, distance=33.0, discount=0.3), Trip(driver=Driver(name=D-2), passengers=[Passenger(name=P-9), Passenger(name=P-3)], duration=3, distance=26.0, discount=null)), (Trip(driver=Driver(name=D-4), passengers=[Passenger(name=P-7), Passenger(name=P-8), Passenger(name=P-5), Passenger(name=P-2)], duration=1, distance=33.0, discount=0.3), Trip(driver=Driver(name=D-5), passengers=[Passenger(name=P-7)], duration=19, distance=20.0, discount=null)), (Trip(driver=Driver(name=D-4), passengers=[Passenger(name=P-7), Passenger(name=P-8), Passenger(name=P-5), Passenger(name=P-2)], duration=1, distance=33.0, discount=0.3), Trip(driver=Driver(name=D-4), passengers=[Passenger(name=P-3), Passenger(name=P-8)], duration=4, distance=30.0, discount=0.3)), (Trip(driver=Driver(name=D-4), passengers=[Passenger(name=P-7), Passenger(name=P-8), Passenger(name=P-5), Passenger(name=P-2)], duration=1, distance=33.0, discount=0.3), Trip(driver=Driver(name=D-4), passengers=[Passenger(name=P-7), Passenger(name=P-8), Passenger(name=P-5), Passenger(name=P-2)], duration=1, distance=33.0, discount=0.3)), (Trip(driver=Driver(name=D-4), passengers=[Passenger(name=P-7), Passenger(name=P-8), Passenger(name=P-5), Passenger(name=P-2)], duration=1, distance=33.0, discount=0.3), Trip(driver=Driver(name=D-4), passengers=[Passenger(name=P-9)], duration=4, distance=20.0, discount=null)), (Trip(driver=Driver(name=D-4), passengers=[Passenger(name=P-7), Passenger(name=P-8), Passenger(name=P-5), Passenger(name=P-2)], duration=1, distance=33.0, discount=0.3), Trip(driver=Driver(name=D-5), passengers=[Passenger(name=P-9)], duration=16, distance=10.0, discount=null)), (Trip(driver=Driver(name=D-4), passengers=[Passenger(name=P-7), Passenger(name=P-8), Passenger(name=P-5), Passenger(name=P-2)], duration=1, distance=33.0, discount=0.3), Trip(driver=Driver(name=D-4), passengers=[Passenger(name=P-0), Passenger(name=P-6)], duration=6, distance=36.0, discount=null)), (Trip(driver=Driver(name=D-4), passengers=[Passenger(name=P-7), Passenger(name=P-8), Passenger(name=P-5), Passenger(name=P-2)], duration=1, distance=33.0, discount=0.3), Trip(driver=Driver(name=D-1), passengers=[Passenger(name=P-6), Passenger(name=P-0)], duration=20, distance=31.0, discount=0.1))]
item [(Trip(driver=Driver(name=D-4), passengers=[Passenger(name=P-9)], duration=4, distance=20.0, discount=null), Trip(driver=Driver(name=D-1), passengers=[Passenger(name=P-1), Passenger(name=P-6)], duration=9, distance=0.0, discount=0.2)), (Trip(driver=Driver(name=D-4), passengers=[Passenger(name=P-9)], duration=4, distance=20.0, discount=null), Trip(driver=Driver(name=D-3), passengers=[Passenger(name=P-1)], duration=9, distance=22.0, discount=0.3)), (Trip(driver=Driver(name=D-4), passengers=[Passenger(name=P-9)], duration=4, distance=20.0, discount=null), Trip(driver=Driver(name=D-2), passengers=[Passenger(name=P-9), Passenger(name=P-3)], duration=3, distance=26.0, discount=null)), (Trip(driver=Driver(name=D-4), passengers=[Passenger(name=P-9)], duration=4, distance=20.0, discount=null), Trip(driver=Driver(name=D-5), passengers=[Passenger(name=P-7)], duration=19, distance=20.0, discount=null)), (Trip(driver=Driver(name=D-4), passengers=[Passenger(name=P-9)], duration=4, distance=20.0, discount=null), Trip(driver=Driver(name=D-4), passengers=[Passenger(name=P-3), Passenger(name=P-8)], duration=4, distance=30.0, discount=0.3)), (Trip(driver=Driver(name=D-4), passengers=[Passenger(name=P-9)], duration=4, distance=20.0, discount=null), Trip(driver=Driver(name=D-4), passengers=[Passenger(name=P-7), Passenger(name=P-8), Passenger(name=P-5), Passenger(name=P-2)], duration=1, distance=33.0, discount=0.3)), (Trip(driver=Driver(name=D-4), passengers=[Passenger(name=P-9)], duration=4, distance=20.0, discount=null), Trip(driver=Driver(name=D-4), passengers=[Passenger(name=P-9)], duration=4, distance=20.0, discount=null)), (Trip(driver=Driver(name=D-4), passengers=[Passenger(name=P-9)], duration=4, distance=20.0, discount=null), Trip(driver=Driver(name=D-5), passengers=[Passenger(name=P-9)], duration=16, distance=10.0, discount=null)), (Trip(driver=Driver(name=D-4), passengers=[Passenger(name=P-9)], duration=4, distance=20.0, discount=null), Trip(driver=Driver(name=D-4), passengers=[Passenger(name=P-0), Passenger(name=P-6)], duration=6, distance=36.0, discount=null)), (Trip(driver=Driver(name=D-4), passengers=[Passenger(name=P-9)], duration=4, distance=20.0, discount=null), Trip(driver=Driver(name=D-1), passengers=[Passenger(name=P-6), Passenger(name=P-0)], duration=20, distance=31.0, discount=0.1))]
item [(Trip(driver=Driver(name=D-5), passengers=[Passenger(name=P-9)], duration=16, distance=10.0, discount=null), Trip(driver=Driver(name=D-1), passengers=[Passenger(name=P-1), Passenger(name=P-6)], duration=9, distance=0.0, discount=0.2)), (Trip(driver=Driver(name=D-5), passengers=[Passenger(name=P-9)], duration=16, distance=10.0, discount=null), Trip(driver=Driver(name=D-3), passengers=[Passenger(name=P-1)], duration=9, distance=22.0, discount=0.3)), (Trip(driver=Driver(name=D-5), passengers=[Passenger(name=P-9)], duration=16, distance=10.0, discount=null), Trip(driver=Driver(name=D-2), passengers=[Passenger(name=P-9), Passenger(name=P-3)], duration=3, distance=26.0, discount=null)), (Trip(driver=Driver(name=D-5), passengers=[Passenger(name=P-9)], duration=16, distance=10.0, discount=null), Trip(driver=Driver(name=D-5), passengers=[Passenger(name=P-7)], duration=19, distance=20.0, discount=null)), (Trip(driver=Driver(name=D-5), passengers=[Passenger(name=P-9)], duration=16, distance=10.0, discount=null), Trip(driver=Driver(name=D-4), passengers=[Passenger(name=P-3), Passenger(name=P-8)], duration=4, distance=30.0, discount=0.3)), (Trip(driver=Driver(name=D-5), passengers=[Passenger(name=P-9)], duration=16, distance=10.0, discount=null), Trip(driver=Driver(name=D-4), passengers=[Passenger(name=P-7), Passenger(name=P-8), Passenger(name=P-5), Passenger(name=P-2)], duration=1, distance=33.0, discount=0.3)), (Trip(driver=Driver(name=D-5), passengers=[Passenger(name=P-9)], duration=16, distance=10.0, discount=null), Trip(driver=Driver(name=D-4), passengers=[Passenger(name=P-9)], duration=4, distance=20.0, discount=null)), (Trip(driver=Driver(name=D-5), passengers=[Passenger(name=P-9)], duration=16, distance=10.0, discount=null), Trip(driver=Driver(name=D-5), passengers=[Passenger(name=P-9)], duration=16, distance=10.0, discount=null)), (Trip(driver=Driver(name=D-5), passengers=[Passenger(name=P-9)], duration=16, distance=10.0, discount=null), Trip(driver=Driver(name=D-4), passengers=[Passenger(name=P-0), Passenger(name=P-6)], duration=6, distance=36.0, discount=null)), (Trip(driver=Driver(name=D-5), passengers=[Passenger(name=P-9)], duration=16, distance=10.0, discount=null), Trip(driver=Driver(name=D-1), passengers=[Passenger(name=P-6), Passenger(name=P-0)], duration=20, distance=31.0, discount=0.1))]
item [(Trip(driver=Driver(name=D-4), passengers=[Passenger(name=P-0), Passenger(name=P-6)], duration=6, distance=36.0, discount=null), Trip(driver=Driver(name=D-1), passengers=[Passenger(name=P-1), Passenger(name=P-6)], duration=9, distance=0.0, discount=0.2)), (Trip(driver=Driver(name=D-4), passengers=[Passenger(name=P-0), Passenger(name=P-6)], duration=6, distance=36.0, discount=null), Trip(driver=Driver(name=D-3), passengers=[Passenger(name=P-1)], duration=9, distance=22.0, discount=0.3)), (Trip(driver=Driver(name=D-4), passengers=[Passenger(name=P-0), Passenger(name=P-6)], duration=6, distance=36.0, discount=null), Trip(driver=Driver(name=D-2), passengers=[Passenger(name=P-9), Passenger(name=P-3)], duration=3, distance=26.0, discount=null)), (Trip(driver=Driver(name=D-4), passengers=[Passenger(name=P-0), Passenger(name=P-6)], duration=6, distance=36.0, discount=null), Trip(driver=Driver(name=D-5), passengers=[Passenger(name=P-7)], duration=19, distance=20.0, discount=null)), (Trip(driver=Driver(name=D-4), passengers=[Passenger(name=P-0), Passenger(name=P-6)], duration=6, distance=36.0, discount=null), Trip(driver=Driver(name=D-4), passengers=[Passenger(name=P-3), Passenger(name=P-8)], duration=4, distance=30.0, discount=0.3)), (Trip(driver=Driver(name=D-4), passengers=[Passenger(name=P-0), Passenger(name=P-6)], duration=6, distance=36.0, discount=null), Trip(driver=Driver(name=D-4), passengers=[Passenger(name=P-7), Passenger(name=P-8), Passenger(name=P-5), Passenger(name=P-2)], duration=1, distance=33.0, discount=0.3)), (Trip(driver=Driver(name=D-4), passengers=[Passenger(name=P-0), Passenger(name=P-6)], duration=6, distance=36.0, discount=null), Trip(driver=Driver(name=D-4), passengers=[Passenger(name=P-9)], duration=4, distance=20.0, discount=null)), (Trip(driver=Driver(name=D-4), passengers=[Passenger(name=P-0), Passenger(name=P-6)], duration=6, distance=36.0, discount=null), Trip(driver=Driver(name=D-5), passengers=[Passenger(name=P-9)], duration=16, distance=10.0, discount=null)), (Trip(driver=Driver(name=D-4), passengers=[Passenger(name=P-0), Passenger(name=P-6)], duration=6, distance=36.0, discount=null), Trip(driver=Driver(name=D-4), passengers=[Passenger(name=P-0), Passenger(name=P-6)], duration=6, distance=36.0, discount=null)), (Trip(driver=Driver(name=D-4), passengers=[Passenger(name=P-0), Passenger(name=P-6)], duration=6, distance=36.0, discount=null), Trip(driver=Driver(name=D-1), passengers=[Passenger(name=P-6), Passenger(name=P-0)], duration=20, distance=31.0, discount=0.1))]
item [(Trip(driver=Driver(name=D-1), passengers=[Passenger(name=P-6), Passenger(name=P-0)], duration=20, distance=31.0, discount=0.1), Trip(driver=Driver(name=D-1), passengers=[Passenger(name=P-1), Passenger(name=P-6)], duration=9, distance=0.0, discount=0.2)), (Trip(driver=Driver(name=D-1), passengers=[Passenger(name=P-6), Passenger(name=P-0)], duration=20, distance=31.0, discount=0.1), Trip(driver=Driver(name=D-3), passengers=[Passenger(name=P-1)], duration=9, distance=22.0, discount=0.3)), (Trip(driver=Driver(name=D-1), passengers=[Passenger(name=P-6), Passenger(name=P-0)], duration=20, distance=31.0, discount=0.1), Trip(driver=Driver(name=D-2), passengers=[Passenger(name=P-9), Passenger(name=P-3)], duration=3, distance=26.0, discount=null)), (Trip(driver=Driver(name=D-1), passengers=[Passenger(name=P-6), Passenger(name=P-0)], duration=20, distance=31.0, discount=0.1), Trip(driver=Driver(name=D-5), passengers=[Passenger(name=P-7)], duration=19, distance=20.0, discount=null)), (Trip(driver=Driver(name=D-1), passengers=[Passenger(name=P-6), Passenger(name=P-0)], duration=20, distance=31.0, discount=0.1), Trip(driver=Driver(name=D-4), passengers=[Passenger(name=P-3), Passenger(name=P-8)], duration=4, distance=30.0, discount=0.3)), (Trip(driver=Driver(name=D-1), passengers=[Passenger(name=P-6), Passenger(name=P-0)], duration=20, distance=31.0, discount=0.1), Trip(driver=Driver(name=D-4), passengers=[Passenger(name=P-7), Passenger(name=P-8), Passenger(name=P-5), Passenger(name=P-2)], duration=1, distance=33.0, discount=0.3)), (Trip(driver=Driver(name=D-1), passengers=[Passenger(name=P-6), Passenger(name=P-0)], duration=20, distance=31.0, discount=0.1), Trip(driver=Driver(name=D-4), passengers=[Passenger(name=P-9)], duration=4, distance=20.0, discount=null)), (Trip(driver=Driver(name=D-1), passengers=[Passenger(name=P-6), Passenger(name=P-0)], duration=20, distance=31.0, discount=0.1), Trip(driver=Driver(name=D-5), passengers=[Passenger(name=P-9)], duration=16, distance=10.0, discount=null)), (Trip(driver=Driver(name=D-1), passengers=[Passenger(name=P-6), Passenger(name=P-0)], duration=20, distance=31.0, discount=0.1), Trip(driver=Driver(name=D-4), passengers=[Passenger(name=P-0), Passenger(name=P-6)], duration=6, distance=36.0, discount=null)), (Trip(driver=Driver(name=D-1), passengers=[Passenger(name=P-6), Passenger(name=P-0)], duration=20, distance=31.0, discount=0.1), Trip(driver=Driver(name=D-1), passengers=[Passenger(name=P-6), Passenger(name=P-0)], duration=20, distance=31.0, discount=0.1))]
item [(Trip(driver=Driver(name=D-4), passengers=[Passenger(name=P-3), Passenger(name=P-2)], duration=12, distance=17.0, discount=0.4), Trip(driver=Driver(name=D-4), passengers=[Passenger(name=P-3), Passenger(name=P-2)], duration=12, distance=17.0, discount=0.4)), (Trip(driver=Driver(name=D-4), passengers=[Passenger(name=P-3), Passenger(name=P-2)], duration=12, distance=17.0, discount=0.4), Trip(driver=Driver(name=D-4), passengers=[Passenger(name=P-5)], duration=16, distance=14.0, discount=null)), (Trip(driver=Driver(name=D-4), passengers=[Passenger(name=P-3), Passenger(name=P-2)], duration=12, distance=17.0, discount=0.4), Trip(driver=Driver(name=D-4), passengers=[Passenger(name=P-1)], duration=29, distance=34.0, discount=null)), (Trip(driver=Driver(name=D-4), passengers=[Passenger(name=P-3), Passenger(name=P-2)], duration=12, distance=17.0, discount=0.4), Trip(driver=Driver(name=D-3), passengers=[Passenger(name=P-4), Passenger(name=P-0)], duration=37, distance=38.0, discount=null)), (Trip(driver=Driver(name=D-4), passengers=[Passenger(name=P-3), Passenger(name=P-2)], duration=12, distance=17.0, discount=0.4), Trip(driver=Driver(name=D-0), passengers=[Passenger(name=P-7)], duration=3, distance=0.0, discount=null)), (Trip(driver=Driver(name=D-4), passengers=[Passenger(name=P-3), Passenger(name=P-2)], duration=12, distance=17.0, discount=0.4), Trip(driver=Driver(name=D-0), passengers=[Passenger(name=P-1), Passenger(name=P-6), Passenger(name=P-3)], duration=33, distance=26.0, discount=null)), (Trip(driver=Driver(name=D-4), passengers=[Passenger(name=P-3), Passenger(name=P-2)], duration=12, distance=17.0, discount=0.4), Trip(driver=Driver(name=D-0), passengers=[Passenger(name=P-9), Passenger(name=P-2)], duration=21, distance=2.0, discount=null)), (Trip(driver=Driver(name=D-4), passengers=[Passenger(name=P-3), Passenger(name=P-2)], duration=12, distance=17.0, discount=0.4), Trip(driver=Driver(name=D-1), passengers=[Passenger(name=P-9)], duration=27, distance=12.0, discount=null)), (Trip(driver=Driver(name=D-4), passengers=[Passenger(name=P-3), Passenger(name=P-2)], duration=12, distance=17.0, discount=0.4), Trip(driver=Driver(name=D-5), passengers=[Passenger(name=P-1), Passenger(name=P-6)], duration=19, distance=23.0, discount=null)), (Trip(driver=Driver(name=D-4), passengers=[Passenger(name=P-3), Passenger(name=P-2)], duration=12, distance=17.0, discount=0.4), Trip(driver=Driver(name=D-3), passengers=[Passenger(name=P-5), Passenger(name=P-9), Passenger(name=P-2)], duration=10, distance=39.0, discount=null))]
item [(Trip(driver=Driver(name=D-4), passengers=[Passenger(name=P-5)], duration=16, distance=14.0, discount=null), Trip(driver=Driver(name=D-4), passengers=[Passenger(name=P-3), Passenger(name=P-2)], duration=12, distance=17.0, discount=0.4)), (Trip(driver=Driver(name=D-4), passengers=[Passenger(name=P-5)], duration=16, distance=14.0, discount=null), Trip(driver=Driver(name=D-4), passengers=[Passenger(name=P-5)], duration=16, distance=14.0, discount=null)), (Trip(driver=Driver(name=D-4), passengers=[Passenger(name=P-5)], duration=16, distance=14.0, discount=null), Trip(driver=Driver(name=D-4), passengers=[Passenger(name=P-1)], duration=29, distance=34.0, discount=null)), (Trip(driver=Driver(name=D-4), passengers=[Passenger(name=P-5)], duration=16, distance=14.0, discount=null), Trip(driver=Driver(name=D-3), passengers=[Passenger(name=P-4), Passenger(name=P-0)], duration=37, distance=38.0, discount=null)), (Trip(driver=Driver(name=D-4), passengers=[Passenger(name=P-5)], duration=16, distance=14.0, discount=null), Trip(driver=Driver(name=D-0), passengers=[Passenger(name=P-7)], duration=3, distance=0.0, discount=null)), (Trip(driver=Driver(name=D-4), passengers=[Passenger(name=P-5)], duration=16, distance=14.0, discount=null), Trip(driver=Driver(name=D-0), passengers=[Passenger(name=P-1), Passenger(name=P-6), Passenger(name=P-3)], duration=33, distance=26.0, discount=null)), (Trip(driver=Driver(name=D-4), passengers=[Passenger(name=P-5)], duration=16, distance=14.0, discount=null), Trip(driver=Driver(name=D-0), passengers=[Passenger(name=P-9), Passenger(name=P-2)], duration=21, distance=2.0, discount=null)), (Trip(driver=Driver(name=D-4), passengers=[Passenger(name=P-5)], duration=16, distance=14.0, discount=null), Trip(driver=Driver(name=D-1), passengers=[Passenger(name=P-9)], duration=27, distance=12.0, discount=null)), (Trip(driver=Driver(name=D-4), passengers=[Passenger(name=P-5)], duration=16, distance=14.0, discount=null), Trip(driver=Driver(name=D-5), passengers=[Passenger(name=P-1), Passenger(name=P-6)], duration=19, distance=23.0, discount=null)), (Trip(driver=Driver(name=D-4), passengers=[Passenger(name=P-5)], duration=16, distance=14.0, discount=null), Trip(driver=Driver(name=D-3), passengers=[Passenger(name=P-5), Passenger(name=P-9), Passenger(name=P-2)], duration=10, distance=39.0, discount=null))]
item [(Trip(driver=Driver(name=D-4), passengers=[Passenger(name=P-1)], duration=29, distance=34.0, discount=null), Trip(driver=Driver(name=D-4), passengers=[Passenger(name=P-3), Passenger(name=P-2)], duration=12, distance=17.0, discount=0.4)), (Trip(driver=Driver(name=D-4), passengers=[Passenger(name=P-1)], duration=29, distance=34.0, discount=null), Trip(driver=Driver(name=D-4), passengers=[Passenger(name=P-5)], duration=16, distance=14.0, discount=null)), (Trip(driver=Driver(name=D-4), passengers=[Passenger(name=P-1)], duration=29, distance=34.0, discount=null), Trip(driver=Driver(name=D-4), passengers=[Passenger(name=P-1)], duration=29, distance=34.0, discount=null)), (Trip(driver=Driver(name=D-4), passengers=[Passenger(name=P-1)], duration=29, distance=34.0, discount=null), Trip(driver=Driver(name=D-3), passengers=[Passenger(name=P-4), Passenger(name=P-0)], duration=37, distance=38.0, discount=null)), (Trip(driver=Driver(name=D-4), passengers=[Passenger(name=P-1)], duration=29, distance=34.0, discount=null), Trip(driver=Driver(name=D-0), passengers=[Passenger(name=P-7)], duration=3, distance=0.0, discount=null)), (Trip(driver=Driver(name=D-4), passengers=[Passenger(name=P-1)], duration=29, distance=34.0, discount=null), Trip(driver=Driver(name=D-0), passengers=[Passenger(name=P-1), Passenger(name=P-6), Passenger(name=P-3)], duration=33, distance=26.0, discount=null)), (Trip(driver=Driver(name=D-4), passengers=[Passenger(name=P-1)], duration=29, distance=34.0, discount=null), Trip(driver=Driver(name=D-0), passengers=[Passenger(name=P-9), Passenger(name=P-2)], duration=21, distance=2.0, discount=null)), (Trip(driver=Driver(name=D-4), passengers=[Passenger(name=P-1)], duration=29, distance=34.0, discount=null), Trip(driver=Driver(name=D-1), passengers=[Passenger(name=P-9)], duration=27, distance=12.0, discount=null)), (Trip(driver=Driver(name=D-4), passengers=[Passenger(name=P-1)], duration=29, distance=34.0, discount=null), Trip(driver=Driver(name=D-5), passengers=[Passenger(name=P-1), Passenger(name=P-6)], duration=19, distance=23.0, discount=null)), (Trip(driver=Driver(name=D-4), passengers=[Passenger(name=P-1)], duration=29, distance=34.0, discount=null), Trip(driver=Driver(name=D-3), passengers=[Passenger(name=P-5), Passenger(name=P-9), Passenger(name=P-2)], duration=10, distance=39.0, discount=null))]
item [(Trip(driver=Driver(name=D-3), passengers=[Passenger(name=P-4), Passenger(name=P-0)], duration=37, distance=38.0, discount=null), Trip(driver=Driver(name=D-4), passengers=[Passenger(name=P-3), Passenger(name=P-2)], duration=12, distance=17.0, discount=0.4)), (Trip(driver=Driver(name=D-3), passengers=[Passenger(name=P-4), Passenger(name=P-0)], duration=37, distance=38.0, discount=null), Trip(driver=Driver(name=D-4), passengers=[Passenger(name=P-5)], duration=16, distance=14.0, discount=null)), (Trip(driver=Driver(name=D-3), passengers=[Passenger(name=P-4), Passenger(name=P-0)], duration=37, distance=38.0, discount=null), Trip(driver=Driver(name=D-4), passengers=[Passenger(name=P-1)], duration=29, distance=34.0, discount=null)), (Trip(driver=Driver(name=D-3), passengers=[Passenger(name=P-4), Passenger(name=P-0)], duration=37, distance=38.0, discount=null), Trip(driver=Driver(name=D-3), passengers=[Passenger(name=P-4), Passenger(name=P-0)], duration=37, distance=38.0, discount=null)), (Trip(driver=Driver(name=D-3), passengers=[Passenger(name=P-4), Passenger(name=P-0)], duration=37, distance=38.0, discount=null), Trip(driver=Driver(name=D-0), passengers=[Passenger(name=P-7)], duration=3, distance=0.0, discount=null)), (Trip(driver=Driver(name=D-3), passengers=[Passenger(name=P-4), Passenger(name=P-0)], duration=37, distance=38.0, discount=null), Trip(driver=Driver(name=D-0), passengers=[Passenger(name=P-1), Passenger(name=P-6), Passenger(name=P-3)], duration=33, distance=26.0, discount=null)), (Trip(driver=Driver(name=D-3), passengers=[Passenger(name=P-4), Passenger(name=P-0)], duration=37, distance=38.0, discount=null), Trip(driver=Driver(name=D-0), passengers=[Passenger(name=P-9), Passenger(name=P-2)], duration=21, distance=2.0, discount=null)), (Trip(driver=Driver(name=D-3), passengers=[Passenger(name=P-4), Passenger(name=P-0)], duration=37, distance=38.0, discount=null), Trip(driver=Driver(name=D-1), passengers=[Passenger(name=P-9)], duration=27, distance=12.0, discount=null)), (Trip(driver=Driver(name=D-3), passengers=[Passenger(name=P-4), Passenger(name=P-0)], duration=37, distance=38.0, discount=null), Trip(driver=Driver(name=D-5), passengers=[Passenger(name=P-1), Passenger(name=P-6)], duration=19, distance=23.0, discount=null)), (Trip(driver=Driver(name=D-3), passengers=[Passenger(name=P-4), Passenger(name=P-0)], duration=37, distance=38.0, discount=null), Trip(driver=Driver(name=D-3), passengers=[Passenger(name=P-5), Passenger(name=P-9), Passenger(name=P-2)], duration=10, distance=39.0, discount=null))]
item [(Trip(driver=Driver(name=D-0), passengers=[Passenger(name=P-7)], duration=3, distance=0.0, discount=null), Trip(driver=Driver(name=D-4), passengers=[Passenger(name=P-3), Passenger(name=P-2)], duration=12, distance=17.0, discount=0.4)), (Trip(driver=Driver(name=D-0), passengers=[Passenger(name=P-7)], duration=3, distance=0.0, discount=null), Trip(driver=Driver(name=D-4), passengers=[Passenger(name=P-5)], duration=16, distance=14.0, discount=null)), (Trip(driver=Driver(name=D-0), passengers=[Passenger(name=P-7)], duration=3, distance=0.0, discount=null), Trip(driver=Driver(name=D-4), passengers=[Passenger(name=P-1)], duration=29, distance=34.0, discount=null)), (Trip(driver=Driver(name=D-0), passengers=[Passenger(name=P-7)], duration=3, distance=0.0, discount=null), Trip(driver=Driver(name=D-3), passengers=[Passenger(name=P-4), Passenger(name=P-0)], duration=37, distance=38.0, discount=null)), (Trip(driver=Driver(name=D-0), passengers=[Passenger(name=P-7)], duration=3, distance=0.0, discount=null), Trip(driver=Driver(name=D-0), passengers=[Passenger(name=P-7)], duration=3, distance=0.0, discount=null)), (Trip(driver=Driver(name=D-0), passengers=[Passenger(name=P-7)], duration=3, distance=0.0, discount=null), Trip(driver=Driver(name=D-0), passengers=[Passenger(name=P-1), Passenger(name=P-6), Passenger(name=P-3)], duration=33, distance=26.0, discount=null)), (Trip(driver=Driver(name=D-0), passengers=[Passenger(name=P-7)], duration=3, distance=0.0, discount=null), Trip(driver=Driver(name=D-0), passengers=[Passenger(name=P-9), Passenger(name=P-2)], duration=21, distance=2.0, discount=null)), (Trip(driver=Driver(name=D-0), passengers=[Passenger(name=P-7)], duration=3, distance=0.0, discount=null), Trip(driver=Driver(name=D-1), passengers=[Passenger(name=P-9)], duration=27, distance=12.0, discount=null)), (Trip(driver=Driver(name=D-0), passengers=[Passenger(name=P-7)], duration=3, distance=0.0, discount=null), Trip(driver=Driver(name=D-5), passengers=[Passenger(name=P-1), Passenger(name=P-6)], duration=19, distance=23.0, discount=null)), (Trip(driver=Driver(name=D-0), passengers=[Passenger(name=P-7)], duration=3, distance=0.0, discount=null), Trip(driver=Driver(name=D-3), passengers=[Passenger(name=P-5), Passenger(name=P-9), Passenger(name=P-2)], duration=10, distance=39.0, discount=null))]
item [(Trip(driver=Driver(name=D-0), passengers=[Passenger(name=P-1), Passenger(name=P-6), Passenger(name=P-3)], duration=33, distance=26.0, discount=null), Trip(driver=Driver(name=D-4), passengers=[Passenger(name=P-3), Passenger(name=P-2)], duration=12, distance=17.0, discount=0.4)), (Trip(driver=Driver(name=D-0), passengers=[Passenger(name=P-1), Passenger(name=P-6), Passenger(name=P-3)], duration=33, distance=26.0, discount=null), Trip(driver=Driver(name=D-4), passengers=[Passenger(name=P-5)], duration=16, distance=14.0, discount=null)), (Trip(driver=Driver(name=D-0), passengers=[Passenger(name=P-1), Passenger(name=P-6), Passenger(name=P-3)], duration=33, distance=26.0, discount=null), Trip(driver=Driver(name=D-4), passengers=[Passenger(name=P-1)], duration=29, distance=34.0, discount=null)), (Trip(driver=Driver(name=D-0), passengers=[Passenger(name=P-1), Passenger(name=P-6), Passenger(name=P-3)], duration=33, distance=26.0, discount=null), Trip(driver=Driver(name=D-3), passengers=[Passenger(name=P-4), Passenger(name=P-0)], duration=37, distance=38.0, discount=null)), (Trip(driver=Driver(name=D-0), passengers=[Passenger(name=P-1), Passenger(name=P-6), Passenger(name=P-3)], duration=33, distance=26.0, discount=null), Trip(driver=Driver(name=D-0), passengers=[Passenger(name=P-7)], duration=3, distance=0.0, discount=null)), (Trip(driver=Driver(name=D-0), passengers=[Passenger(name=P-1), Passenger(name=P-6), Passenger(name=P-3)], duration=33, distance=26.0, discount=null), Trip(driver=Driver(name=D-0), passengers=[Passenger(name=P-1), Passenger(name=P-6), Passenger(name=P-3)], duration=33, distance=26.0, discount=null)), (Trip(driver=Driver(name=D-0), passengers=[Passenger(name=P-1), Passenger(name=P-6), Passenger(name=P-3)], duration=33, distance=26.0, discount=null), Trip(driver=Driver(name=D-0), passengers=[Passenger(name=P-9), Passenger(name=P-2)], duration=21, distance=2.0, discount=null)), (Trip(driver=Driver(name=D-0), passengers=[Passenger(name=P-1), Passenger(name=P-6), Passenger(name=P-3)], duration=33, distance=26.0, discount=null), Trip(driver=Driver(name=D-1), passengers=[Passenger(name=P-9)], duration=27, distance=12.0, discount=null)), (Trip(driver=Driver(name=D-0), passengers=[Passenger(name=P-1), Passenger(name=P-6), Passenger(name=P-3)], duration=33, distance=26.0, discount=null), Trip(driver=Driver(name=D-5), passengers=[Passenger(name=P-1), Passenger(name=P-6)], duration=19, distance=23.0, discount=null)), (Trip(driver=Driver(name=D-0), passengers=[Passenger(name=P-1), Passenger(name=P-6), Passenger(name=P-3)], duration=33, distance=26.0, discount=null), Trip(driver=Driver(name=D-3), passengers=[Passenger(name=P-5), Passenger(name=P-9), Passenger(name=P-2)], duration=10, distance=39.0, discount=null))]
item [(Trip(driver=Driver(name=D-0), passengers=[Passenger(name=P-9), Passenger(name=P-2)], duration=21, distance=2.0, discount=null), Trip(driver=Driver(name=D-4), passengers=[Passenger(name=P-3), Passenger(name=P-2)], duration=12, distance=17.0, discount=0.4)), (Trip(driver=Driver(name=D-0), passengers=[Passenger(name=P-9), Passenger(name=P-2)], duration=21, distance=2.0, discount=null), Trip(driver=Driver(name=D-4), passengers=[Passenger(name=P-5)], duration=16, distance=14.0, discount=null)), (Trip(driver=Driver(name=D-0), passengers=[Passenger(name=P-9), Passenger(name=P-2)], duration=21, distance=2.0, discount=null), Trip(driver=Driver(name=D-4), passengers=[Passenger(name=P-1)], duration=29, distance=34.0, discount=null)), (Trip(driver=Driver(name=D-0), passengers=[Passenger(name=P-9), Passenger(name=P-2)], duration=21, distance=2.0, discount=null), Trip(driver=Driver(name=D-3), passengers=[Passenger(name=P-4), Passenger(name=P-0)], duration=37, distance=38.0, discount=null)), (Trip(driver=Driver(name=D-0), passengers=[Passenger(name=P-9), Passenger(name=P-2)], duration=21, distance=2.0, discount=null), Trip(driver=Driver(name=D-0), passengers=[Passenger(name=P-7)], duration=3, distance=0.0, discount=null)), (Trip(driver=Driver(name=D-0), passengers=[Passenger(name=P-9), Passenger(name=P-2)], duration=21, distance=2.0, discount=null), Trip(driver=Driver(name=D-0), passengers=[Passenger(name=P-1), Passenger(name=P-6), Passenger(name=P-3)], duration=33, distance=26.0, discount=null)), (Trip(driver=Driver(name=D-0), passengers=[Passenger(name=P-9), Passenger(name=P-2)], duration=21, distance=2.0, discount=null), Trip(driver=Driver(name=D-0), passengers=[Passenger(name=P-9), Passenger(name=P-2)], duration=21, distance=2.0, discount=null)), (Trip(driver=Driver(name=D-0), passengers=[Passenger(name=P-9), Passenger(name=P-2)], duration=21, distance=2.0, discount=null), Trip(driver=Driver(name=D-1), passengers=[Passenger(name=P-9)], duration=27, distance=12.0, discount=null)), (Trip(driver=Driver(name=D-0), passengers=[Passenger(name=P-9), Passenger(name=P-2)], duration=21, distance=2.0, discount=null), Trip(driver=Driver(name=D-5), passengers=[Passenger(name=P-1), Passenger(name=P-6)], duration=19, distance=23.0, discount=null)), (Trip(driver=Driver(name=D-0), passengers=[Passenger(name=P-9), Passenger(name=P-2)], duration=21, distance=2.0, discount=null), Trip(driver=Driver(name=D-3), passengers=[Passenger(name=P-5), Passenger(name=P-9), Passenger(name=P-2)], duration=10, distance=39.0, discount=null))]
item [(Trip(driver=Driver(name=D-1), passengers=[Passenger(name=P-9)], duration=27, distance=12.0, discount=null), Trip(driver=Driver(name=D-4), passengers=[Passenger(name=P-3), Passenger(name=P-2)], duration=12, distance=17.0, discount=0.4)), (Trip(driver=Driver(name=D-1), passengers=[Passenger(name=P-9)], duration=27, distance=12.0, discount=null), Trip(driver=Driver(name=D-4), passengers=[Passenger(name=P-5)], duration=16, distance=14.0, discount=null)), (Trip(driver=Driver(name=D-1), passengers=[Passenger(name=P-9)], duration=27, distance=12.0, discount=null), Trip(driver=Driver(name=D-4), passengers=[Passenger(name=P-1)], duration=29, distance=34.0, discount=null)), (Trip(driver=Driver(name=D-1), passengers=[Passenger(name=P-9)], duration=27, distance=12.0, discount=null), Trip(driver=Driver(name=D-3), passengers=[Passenger(name=P-4), Passenger(name=P-0)], duration=37, distance=38.0, discount=null)), (Trip(driver=Driver(name=D-1), passengers=[Passenger(name=P-9)], duration=27, distance=12.0, discount=null), Trip(driver=Driver(name=D-0), passengers=[Passenger(name=P-7)], duration=3, distance=0.0, discount=null)), (Trip(driver=Driver(name=D-1), passengers=[Passenger(name=P-9)], duration=27, distance=12.0, discount=null), Trip(driver=Driver(name=D-0), passengers=[Passenger(name=P-1), Passenger(name=P-6), Passenger(name=P-3)], duration=33, distance=26.0, discount=null)), (Trip(driver=Driver(name=D-1), passengers=[Passenger(name=P-9)], duration=27, distance=12.0, discount=null), Trip(driver=Driver(name=D-0), passengers=[Passenger(name=P-9), Passenger(name=P-2)], duration=21, distance=2.0, discount=null)), (Trip(driver=Driver(name=D-1), passengers=[Passenger(name=P-9)], duration=27, distance=12.0, discount=null), Trip(driver=Driver(name=D-1), passengers=[Passenger(name=P-9)], duration=27, distance=12.0, discount=null)), (Trip(driver=Driver(name=D-1), passengers=[Passenger(name=P-9)], duration=27, distance=12.0, discount=null), Trip(driver=Driver(name=D-5), passengers=[Passenger(name=P-1), Passenger(name=P-6)], duration=19, distance=23.0, discount=null)), (Trip(driver=Driver(name=D-1), passengers=[Passenger(name=P-9)], duration=27, distance=12.0, discount=null), Trip(driver=Driver(name=D-3), passengers=[Passenger(name=P-5), Passenger(name=P-9), Passenger(name=P-2)], duration=10, distance=39.0, discount=null))]
item [(Trip(driver=Driver(name=D-5), passengers=[Passenger(name=P-1), Passenger(name=P-6)], duration=19, distance=23.0, discount=null), Trip(driver=Driver(name=D-4), passengers=[Passenger(name=P-3), Passenger(name=P-2)], duration=12, distance=17.0, discount=0.4)), (Trip(driver=Driver(name=D-5), passengers=[Passenger(name=P-1), Passenger(name=P-6)], duration=19, distance=23.0, discount=null), Trip(driver=Driver(name=D-4), passengers=[Passenger(name=P-5)], duration=16, distance=14.0, discount=null)), (Trip(driver=Driver(name=D-5), passengers=[Passenger(name=P-1), Passenger(name=P-6)], duration=19, distance=23.0, discount=null), Trip(driver=Driver(name=D-4), passengers=[Passenger(name=P-1)], duration=29, distance=34.0, discount=null)), (Trip(driver=Driver(name=D-5), passengers=[Passenger(name=P-1), Passenger(name=P-6)], duration=19, distance=23.0, discount=null), Trip(driver=Driver(name=D-3), passengers=[Passenger(name=P-4), Passenger(name=P-0)], duration=37, distance=38.0, discount=null)), (Trip(driver=Driver(name=D-5), passengers=[Passenger(name=P-1), Passenger(name=P-6)], duration=19, distance=23.0, discount=null), Trip(driver=Driver(name=D-0), passengers=[Passenger(name=P-7)], duration=3, distance=0.0, discount=null)), (Trip(driver=Driver(name=D-5), passengers=[Passenger(name=P-1), Passenger(name=P-6)], duration=19, distance=23.0, discount=null), Trip(driver=Driver(name=D-0), passengers=[Passenger(name=P-1), Passenger(name=P-6), Passenger(name=P-3)], duration=33, distance=26.0, discount=null)), (Trip(driver=Driver(name=D-5), passengers=[Passenger(name=P-1), Passenger(name=P-6)], duration=19, distance=23.0, discount=null), Trip(driver=Driver(name=D-0), passengers=[Passenger(name=P-9), Passenger(name=P-2)], duration=21, distance=2.0, discount=null)), (Trip(driver=Driver(name=D-5), passengers=[Passenger(name=P-1), Passenger(name=P-6)], duration=19, distance=23.0, discount=null), Trip(driver=Driver(name=D-1), passengers=[Passenger(name=P-9)], duration=27, distance=12.0, discount=null)), (Trip(driver=Driver(name=D-5), passengers=[Passenger(name=P-1), Passenger(name=P-6)], duration=19, distance=23.0, discount=null), Trip(driver=Driver(name=D-5), passengers=[Passenger(name=P-1), Passenger(name=P-6)], duration=19, distance=23.0, discount=null)), (Trip(driver=Driver(name=D-5), passengers=[Passenger(name=P-1), Passenger(name=P-6)], duration=19, distance=23.0, discount=null), Trip(driver=Driver(name=D-3), passengers=[Passenger(name=P-5), Passenger(name=P-9), Passenger(name=P-2)], duration=10, distance=39.0, discount=null))]
item [(Trip(driver=Driver(name=D-3), passengers=[Passenger(name=P-5), Passenger(name=P-9), Passenger(name=P-2)], duration=10, distance=39.0, discount=null), Trip(driver=Driver(name=D-4), passengers=[Passenger(name=P-3), Passenger(name=P-2)], duration=12, distance=17.0, discount=0.4)), (Trip(driver=Driver(name=D-3), passengers=[Passenger(name=P-5), Passenger(name=P-9), Passenger(name=P-2)], duration=10, distance=39.0, discount=null), Trip(driver=Driver(name=D-4), passengers=[Passenger(name=P-5)], duration=16, distance=14.0, discount=null)), (Trip(driver=Driver(name=D-3), passengers=[Passenger(name=P-5), Passenger(name=P-9), Passenger(name=P-2)], duration=10, distance=39.0, discount=null), Trip(driver=Driver(name=D-4), passengers=[Passenger(name=P-1)], duration=29, distance=34.0, discount=null)), (Trip(driver=Driver(name=D-3), passengers=[Passenger(name=P-5), Passenger(name=P-9), Passenger(name=P-2)], duration=10, distance=39.0, discount=null), Trip(driver=Driver(name=D-3), passengers=[Passenger(name=P-4), Passenger(name=P-0)], duration=37, distance=38.0, discount=null)), (Trip(driver=Driver(name=D-3), passengers=[Passenger(name=P-5), Passenger(name=P-9), Passenger(name=P-2)], duration=10, distance=39.0, discount=null), Trip(driver=Driver(name=D-0), passengers=[Passenger(name=P-7)], duration=3, distance=0.0, discount=null)), (Trip(driver=Driver(name=D-3), passengers=[Passenger(name=P-5), Passenger(name=P-9), Passenger(name=P-2)], duration=10, distance=39.0, discount=null), Trip(driver=Driver(name=D-0), passengers=[Passenger(name=P-1), Passenger(name=P-6), Passenger(name=P-3)], duration=33, distance=26.0, discount=null)), (Trip(driver=Driver(name=D-3), passengers=[Passenger(name=P-5), Passenger(name=P-9), Passenger(name=P-2)], duration=10, distance=39.0, discount=null), Trip(driver=Driver(name=D-0), passengers=[Passenger(name=P-9), Passenger(name=P-2)], duration=21, distance=2.0, discount=null)), (Trip(driver=Driver(name=D-3), passengers=[Passenger(name=P-5), Passenger(name=P-9), Passenger(name=P-2)], duration=10, distance=39.0, discount=null), Trip(driver=Driver(name=D-1), passengers=[Passenger(name=P-9)], duration=27, distance=12.0, discount=null)), (Trip(driver=Driver(name=D-3), passengers=[Passenger(name=P-5), Passenger(name=P-9), Passenger(name=P-2)], duration=10, distance=39.0, discount=null), Trip(driver=Driver(name=D-5), passengers=[Passenger(name=P-1), Passenger(name=P-6)], duration=19, distance=23.0, discount=null)), (Trip(driver=Driver(name=D-3), passengers=[Passenger(name=P-5), Passenger(name=P-9), Passenger(name=P-2)], duration=10, distance=39.0, discount=null), Trip(driver=Driver(name=D-3), passengers=[Passenger(name=P-5), Passenger(name=P-9), Passenger(name=P-2)], duration=10, distance=39.0, discount=null))]
item [(Trip(driver=Driver(name=D-0), passengers=[Passenger(name=P-8)], duration=20, distance=22.0, discount=0.3), Trip(driver=Driver(name=D-0), passengers=[Passenger(name=P-8)], duration=20, distance=22.0, discount=0.3)), (Trip(driver=Driver(name=D-0), passengers=[Passenger(name=P-8)], duration=20, distance=22.0, discount=0.3), Trip(driver=Driver(name=D-4), passengers=[Passenger(name=P-3), Passenger(name=P-5)], duration=12, distance=25.0, discount=0.4)), (Trip(driver=Driver(name=D-0), passengers=[Passenger(name=P-8)], duration=20, distance=22.0, discount=0.3), Trip(driver=Driver(name=D-2), passengers=[Passenger(name=P-2), Passenger(name=P-8)], duration=28, distance=6.0, discount=null)), (Trip(driver=Driver(name=D-0), passengers=[Passenger(name=P-8)], duration=20, distance=22.0, discount=0.3), Trip(driver=Driver(name=D-5), passengers=[Passenger(name=P-0), Passenger(name=P-3), Passenger(name=P-4)], duration=24, distance=4.0, discount=null)), (Trip(driver=Driver(name=D-0), passengers=[Passenger(name=P-8)], duration=20, distance=22.0, discount=0.3), Trip(driver=Driver(name=D-2), passengers=[Passenger(name=P-2), Passenger(name=P-8)], duration=19, distance=20.0, discount=null)), (Trip(driver=Driver(name=D-0), passengers=[Passenger(name=P-8)], duration=20, distance=22.0, discount=0.3), Trip(driver=Driver(name=D-4), passengers=[Passenger(name=P-0), Passenger(name=P-2)], duration=39, distance=4.0, discount=0.1)), (Trip(driver=Driver(name=D-0), passengers=[Passenger(name=P-8)], duration=20, distance=22.0, discount=0.3), Trip(driver=Driver(name=D-3), passengers=[Passenger(name=P-4), Passenger(name=P-2)], duration=17, distance=27.0, discount=null)), (Trip(driver=Driver(name=D-0), passengers=[Passenger(name=P-8)], duration=20, distance=22.0, discount=0.3), Trip(driver=Driver(name=D-2), passengers=[Passenger(name=P-4)], duration=6, distance=11.0, discount=null)), (Trip(driver=Driver(name=D-0), passengers=[Passenger(name=P-8)], duration=20, distance=22.0, discount=0.3), Trip(driver=Driver(name=D-2), passengers=[Passenger(name=P-5)], duration=1, distance=18.0, discount=null)), (Trip(driver=Driver(name=D-0), passengers=[Passenger(name=P-8)], duration=20, distance=22.0, discount=0.3), Trip(driver=Driver(name=D-5), passengers=[Passenger(name=P-2)], duration=3, distance=35.0, discount=0.4))]
item [(Trip(driver=Driver(name=D-4), passengers=[Passenger(name=P-3), Passenger(name=P-5)], duration=12, distance=25.0, discount=0.4), Trip(driver=Driver(name=D-0), passengers=[Passenger(name=P-8)], duration=20, distance=22.0, discount=0.3)), (Trip(driver=Driver(name=D-4), passengers=[Passenger(name=P-3), Passenger(name=P-5)], duration=12, distance=25.0, discount=0.4), Trip(driver=Driver(name=D-4), passengers=[Passenger(name=P-3), Passenger(name=P-5)], duration=12, distance=25.0, discount=0.4)), (Trip(driver=Driver(name=D-4), passengers=[Passenger(name=P-3), Passenger(name=P-5)], duration=12, distance=25.0, discount=0.4), Trip(driver=Driver(name=D-2), passengers=[Passenger(name=P-2), Passenger(name=P-8)], duration=28, distance=6.0, discount=null)), (Trip(driver=Driver(name=D-4), passengers=[Passenger(name=P-3), Passenger(name=P-5)], duration=12, distance=25.0, discount=0.4), Trip(driver=Driver(name=D-5), passengers=[Passenger(name=P-0), Passenger(name=P-3), Passenger(name=P-4)], duration=24, distance=4.0, discount=null)), (Trip(driver=Driver(name=D-4), passengers=[Passenger(name=P-3), Passenger(name=P-5)], duration=12, distance=25.0, discount=0.4), Trip(driver=Driver(name=D-2), passengers=[Passenger(name=P-2), Passenger(name=P-8)], duration=19, distance=20.0, discount=null)), (Trip(driver=Driver(name=D-4), passengers=[Passenger(name=P-3), Passenger(name=P-5)], duration=12, distance=25.0, discount=0.4), Trip(driver=Driver(name=D-4), passengers=[Passenger(name=P-0), Passenger(name=P-2)], duration=39, distance=4.0, discount=0.1)), (Trip(driver=Driver(name=D-4), passengers=[Passenger(name=P-3), Passenger(name=P-5)], duration=12, distance=25.0, discount=0.4), Trip(driver=Driver(name=D-3), passengers=[Passenger(name=P-4), Passenger(name=P-2)], duration=17, distance=27.0, discount=null)), (Trip(driver=Driver(name=D-4), passengers=[Passenger(name=P-3), Passenger(name=P-5)], duration=12, distance=25.0, discount=0.4), Trip(driver=Driver(name=D-2), passengers=[Passenger(name=P-4)], duration=6, distance=11.0, discount=null)), (Trip(driver=Driver(name=D-4), passengers=[Passenger(name=P-3), Passenger(name=P-5)], duration=12, distance=25.0, discount=0.4), Trip(driver=Driver(name=D-2), passengers=[Passenger(name=P-5)], duration=1, distance=18.0, discount=null)), (Trip(driver=Driver(name=D-4), passengers=[Passenger(name=P-3), Passenger(name=P-5)], duration=12, distance=25.0, discount=0.4), Trip(driver=Driver(name=D-5), passengers=[Passenger(name=P-2)], duration=3, distance=35.0, discount=0.4))]
item [(Trip(driver=Driver(name=D-2), passengers=[Passenger(name=P-2), Passenger(name=P-8)], duration=28, distance=6.0, discount=null), Trip(driver=Driver(name=D-0), passengers=[Passenger(name=P-8)], duration=20, distance=22.0, discount=0.3)), (Trip(driver=Driver(name=D-2), passengers=[Passenger(name=P-2), Passenger(name=P-8)], duration=28, distance=6.0, discount=null), Trip(driver=Driver(name=D-4), passengers=[Passenger(name=P-3), Passenger(name=P-5)], duration=12, distance=25.0, discount=0.4)), (Trip(driver=Driver(name=D-2), passengers=[Passenger(name=P-2), Passenger(name=P-8)], duration=28, distance=6.0, discount=null), Trip(driver=Driver(name=D-2), passengers=[Passenger(name=P-2), Passenger(name=P-8)], duration=28, distance=6.0, discount=null)), (Trip(driver=Driver(name=D-2), passengers=[Passenger(name=P-2), Passenger(name=P-8)], duration=28, distance=6.0, discount=null), Trip(driver=Driver(name=D-5), passengers=[Passenger(name=P-0), Passenger(name=P-3), Passenger(name=P-4)], duration=24, distance=4.0, discount=null)), (Trip(driver=Driver(name=D-2), passengers=[Passenger(name=P-2), Passenger(name=P-8)], duration=28, distance=6.0, discount=null), Trip(driver=Driver(name=D-2), passengers=[Passenger(name=P-2), Passenger(name=P-8)], duration=19, distance=20.0, discount=null)), (Trip(driver=Driver(name=D-2), passengers=[Passenger(name=P-2), Passenger(name=P-8)], duration=28, distance=6.0, discount=null), Trip(driver=Driver(name=D-4), passengers=[Passenger(name=P-0), Passenger(name=P-2)], duration=39, distance=4.0, discount=0.1)), (Trip(driver=Driver(name=D-2), passengers=[Passenger(name=P-2), Passenger(name=P-8)], duration=28, distance=6.0, discount=null), Trip(driver=Driver(name=D-3), passengers=[Passenger(name=P-4), Passenger(name=P-2)], duration=17, distance=27.0, discount=null)), (Trip(driver=Driver(name=D-2), passengers=[Passenger(name=P-2), Passenger(name=P-8)], duration=28, distance=6.0, discount=null), Trip(driver=Driver(name=D-2), passengers=[Passenger(name=P-4)], duration=6, distance=11.0, discount=null)), (Trip(driver=Driver(name=D-2), passengers=[Passenger(name=P-2), Passenger(name=P-8)], duration=28, distance=6.0, discount=null), Trip(driver=Driver(name=D-2), passengers=[Passenger(name=P-5)], duration=1, distance=18.0, discount=null)), (Trip(driver=Driver(name=D-2), passengers=[Passenger(name=P-2), Passenger(name=P-8)], duration=28, distance=6.0, discount=null), Trip(driver=Driver(name=D-5), passengers=[Passenger(name=P-2)], duration=3, distance=35.0, discount=0.4))]
item [(Trip(driver=Driver(name=D-5), passengers=[Passenger(name=P-0), Passenger(name=P-3), Passenger(name=P-4)], duration=24, distance=4.0, discount=null), Trip(driver=Driver(name=D-0), passengers=[Passenger(name=P-8)], duration=20, distance=22.0, discount=0.3)), (Trip(driver=Driver(name=D-5), passengers=[Passenger(name=P-0), Passenger(name=P-3), Passenger(name=P-4)], duration=24, distance=4.0, discount=null), Trip(driver=Driver(name=D-4), passengers=[Passenger(name=P-3), Passenger(name=P-5)], duration=12, distance=25.0, discount=0.4)), (Trip(driver=Driver(name=D-5), passengers=[Passenger(name=P-0), Passenger(name=P-3), Passenger(name=P-4)], duration=24, distance=4.0, discount=null), Trip(driver=Driver(name=D-2), passengers=[Passenger(name=P-2), Passenger(name=P-8)], duration=28, distance=6.0, discount=null)), (Trip(driver=Driver(name=D-5), passengers=[Passenger(name=P-0), Passenger(name=P-3), Passenger(name=P-4)], duration=24, distance=4.0, discount=null), Trip(driver=Driver(name=D-5), passengers=[Passenger(name=P-0), Passenger(name=P-3), Passenger(name=P-4)], duration=24, distance=4.0, discount=null)), (Trip(driver=Driver(name=D-5), passengers=[Passenger(name=P-0), Passenger(name=P-3), Passenger(name=P-4)], duration=24, distance=4.0, discount=null), Trip(driver=Driver(name=D-2), passengers=[Passenger(name=P-2), Passenger(name=P-8)], duration=19, distance=20.0, discount=null)), (Trip(driver=Driver(name=D-5), passengers=[Passenger(name=P-0), Passenger(name=P-3), Passenger(name=P-4)], duration=24, distance=4.0, discount=null), Trip(driver=Driver(name=D-4), passengers=[Passenger(name=P-0), Passenger(name=P-2)], duration=39, distance=4.0, discount=0.1)), (Trip(driver=Driver(name=D-5), passengers=[Passenger(name=P-0), Passenger(name=P-3), Passenger(name=P-4)], duration=24, distance=4.0, discount=null), Trip(driver=Driver(name=D-3), passengers=[Passenger(name=P-4), Passenger(name=P-2)], duration=17, distance=27.0, discount=null)), (Trip(driver=Driver(name=D-5), passengers=[Passenger(name=P-0), Passenger(name=P-3), Passenger(name=P-4)], duration=24, distance=4.0, discount=null), Trip(driver=Driver(name=D-2), passengers=[Passenger(name=P-4)], duration=6, distance=11.0, discount=null)), (Trip(driver=Driver(name=D-5), passengers=[Passenger(name=P-0), Passenger(name=P-3), Passenger(name=P-4)], duration=24, distance=4.0, discount=null), Trip(driver=Driver(name=D-2), passengers=[Passenger(name=P-5)], duration=1, distance=18.0, discount=null)), (Trip(driver=Driver(name=D-5), passengers=[Passenger(name=P-0), Passenger(name=P-3), Passenger(name=P-4)], duration=24, distance=4.0, discount=null), Trip(driver=Driver(name=D-5), passengers=[Passenger(name=P-2)], duration=3, distance=35.0, discount=0.4))]
item [(Trip(driver=Driver(name=D-2), passengers=[Passenger(name=P-2), Passenger(name=P-8)], duration=19, distance=20.0, discount=null), Trip(driver=Driver(name=D-0), passengers=[Passenger(name=P-8)], duration=20, distance=22.0, discount=0.3)), (Trip(driver=Driver(name=D-2), passengers=[Passenger(name=P-2), Passenger(name=P-8)], duration=19, distance=20.0, discount=null), Trip(driver=Driver(name=D-4), passengers=[Passenger(name=P-3), Passenger(name=P-5)], duration=12, distance=25.0, discount=0.4)), (Trip(driver=Driver(name=D-2), passengers=[Passenger(name=P-2), Passenger(name=P-8)], duration=19, distance=20.0, discount=null), Trip(driver=Driver(name=D-2), passengers=[Passenger(name=P-2), Passenger(name=P-8)], duration=28, distance=6.0, discount=null)), (Trip(driver=Driver(name=D-2), passengers=[Passenger(name=P-2), Passenger(name=P-8)], duration=19, distance=20.0, discount=null), Trip(driver=Driver(name=D-5), passengers=[Passenger(name=P-0), Passenger(name=P-3), Passenger(name=P-4)], duration=24, distance=4.0, discount=null)), (Trip(driver=Driver(name=D-2), passengers=[Passenger(name=P-2), Passenger(name=P-8)], duration=19, distance=20.0, discount=null), Trip(driver=Driver(name=D-2), passengers=[Passenger(name=P-2), Passenger(name=P-8)], duration=19, distance=20.0, discount=null)), (Trip(driver=Driver(name=D-2), passengers=[Passenger(name=P-2), Passenger(name=P-8)], duration=19, distance=20.0, discount=null), Trip(driver=Driver(name=D-4), passengers=[Passenger(name=P-0), Passenger(name=P-2)], duration=39, distance=4.0, discount=0.1)), (Trip(driver=Driver(name=D-2), passengers=[Passenger(name=P-2), Passenger(name=P-8)], duration=19, distance=20.0, discount=null), Trip(driver=Driver(name=D-3), passengers=[Passenger(name=P-4), Passenger(name=P-2)], duration=17, distance=27.0, discount=null)), (Trip(driver=Driver(name=D-2), passengers=[Passenger(name=P-2), Passenger(name=P-8)], duration=19, distance=20.0, discount=null), Trip(driver=Driver(name=D-2), passengers=[Passenger(name=P-4)], duration=6, distance=11.0, discount=null)), (Trip(driver=Driver(name=D-2), passengers=[Passenger(name=P-2), Passenger(name=P-8)], duration=19, distance=20.0, discount=null), Trip(driver=Driver(name=D-2), passengers=[Passenger(name=P-5)], duration=1, distance=18.0, discount=null)), (Trip(driver=Driver(name=D-2), passengers=[Passenger(name=P-2), Passenger(name=P-8)], duration=19, distance=20.0, discount=null), Trip(driver=Driver(name=D-5), passengers=[Passenger(name=P-2)], duration=3, distance=35.0, discount=0.4))]
item [(Trip(driver=Driver(name=D-4), passengers=[Passenger(name=P-0), Passenger(name=P-2)], duration=39, distance=4.0, discount=0.1), Trip(driver=Driver(name=D-0), passengers=[Passenger(name=P-8)], duration=20, distance=22.0, discount=0.3)), (Trip(driver=Driver(name=D-4), passengers=[Passenger(name=P-0), Passenger(name=P-2)], duration=39, distance=4.0, discount=0.1), Trip(driver=Driver(name=D-4), passengers=[Passenger(name=P-3), Passenger(name=P-5)], duration=12, distance=25.0, discount=0.4)), (Trip(driver=Driver(name=D-4), passengers=[Passenger(name=P-0), Passenger(name=P-2)], duration=39, distance=4.0, discount=0.1), Trip(driver=Driver(name=D-2), passengers=[Passenger(name=P-2), Passenger(name=P-8)], duration=28, distance=6.0, discount=null)), (Trip(driver=Driver(name=D-4), passengers=[Passenger(name=P-0), Passenger(name=P-2)], duration=39, distance=4.0, discount=0.1), Trip(driver=Driver(name=D-5), passengers=[Passenger(name=P-0), Passenger(name=P-3), Passenger(name=P-4)], duration=24, distance=4.0, discount=null)), (Trip(driver=Driver(name=D-4), passengers=[Passenger(name=P-0), Passenger(name=P-2)], duration=39, distance=4.0, discount=0.1), Trip(driver=Driver(name=D-2), passengers=[Passenger(name=P-2), Passenger(name=P-8)], duration=19, distance=20.0, discount=null)), (Trip(driver=Driver(name=D-4), passengers=[Passenger(name=P-0), Passenger(name=P-2)], duration=39, distance=4.0, discount=0.1), Trip(driver=Driver(name=D-4), passengers=[Passenger(name=P-0), Passenger(name=P-2)], duration=39, distance=4.0, discount=0.1)), (Trip(driver=Driver(name=D-4), passengers=[Passenger(name=P-0), Passenger(name=P-2)], duration=39, distance=4.0, discount=0.1), Trip(driver=Driver(name=D-3), passengers=[Passenger(name=P-4), Passenger(name=P-2)], duration=17, distance=27.0, discount=null)), (Trip(driver=Driver(name=D-4), passengers=[Passenger(name=P-0), Passenger(name=P-2)], duration=39, distance=4.0, discount=0.1), Trip(driver=Driver(name=D-2), passengers=[Passenger(name=P-4)], duration=6, distance=11.0, discount=null)), (Trip(driver=Driver(name=D-4), passengers=[Passenger(name=P-0), Passenger(name=P-2)], duration=39, distance=4.0, discount=0.1), Trip(driver=Driver(name=D-2), passengers=[Passenger(name=P-5)], duration=1, distance=18.0, discount=null)), (Trip(driver=Driver(name=D-4), passengers=[Passenger(name=P-0), Passenger(name=P-2)], duration=39, distance=4.0, discount=0.1), Trip(driver=Driver(name=D-5), passengers=[Passenger(name=P-2)], duration=3, distance=35.0, discount=0.4))]
item [(Trip(driver=Driver(name=D-3), passengers=[Passenger(name=P-4), Passenger(name=P-2)], duration=17, distance=27.0, discount=null), Trip(driver=Driver(name=D-0), passengers=[Passenger(name=P-8)], duration=20, distance=22.0, discount=0.3)), (Trip(driver=Driver(name=D-3), passengers=[Passenger(name=P-4), Passenger(name=P-2)], duration=17, distance=27.0, discount=null), Trip(driver=Driver(name=D-4), passengers=[Passenger(name=P-3), Passenger(name=P-5)], duration=12, distance=25.0, discount=0.4)), (Trip(driver=Driver(name=D-3), passengers=[Passenger(name=P-4), Passenger(name=P-2)], duration=17, distance=27.0, discount=null), Trip(driver=Driver(name=D-2), passengers=[Passenger(name=P-2), Passenger(name=P-8)], duration=28, distance=6.0, discount=null)), (Trip(driver=Driver(name=D-3), passengers=[Passenger(name=P-4), Passenger(name=P-2)], duration=17, distance=27.0, discount=null), Trip(driver=Driver(name=D-5), passengers=[Passenger(name=P-0), Passenger(name=P-3), Passenger(name=P-4)], duration=24, distance=4.0, discount=null)), (Trip(driver=Driver(name=D-3), passengers=[Passenger(name=P-4), Passenger(name=P-2)], duration=17, distance=27.0, discount=null), Trip(driver=Driver(name=D-2), passengers=[Passenger(name=P-2), Passenger(name=P-8)], duration=19, distance=20.0, discount=null)), (Trip(driver=Driver(name=D-3), passengers=[Passenger(name=P-4), Passenger(name=P-2)], duration=17, distance=27.0, discount=null), Trip(driver=Driver(name=D-4), passengers=[Passenger(name=P-0), Passenger(name=P-2)], duration=39, distance=4.0, discount=0.1)), (Trip(driver=Driver(name=D-3), passengers=[Passenger(name=P-4), Passenger(name=P-2)], duration=17, distance=27.0, discount=null), Trip(driver=Driver(name=D-3), passengers=[Passenger(name=P-4), Passenger(name=P-2)], duration=17, distance=27.0, discount=null)), (Trip(driver=Driver(name=D-3), passengers=[Passenger(name=P-4), Passenger(name=P-2)], duration=17, distance=27.0, discount=null), Trip(driver=Driver(name=D-2), passengers=[Passenger(name=P-4)], duration=6, distance=11.0, discount=null)), (Trip(driver=Driver(name=D-3), passengers=[Passenger(name=P-4), Passenger(name=P-2)], duration=17, distance=27.0, discount=null), Trip(driver=Driver(name=D-2), passengers=[Passenger(name=P-5)], duration=1, distance=18.0, discount=null)), (Trip(driver=Driver(name=D-3), passengers=[Passenger(name=P-4), Passenger(name=P-2)], duration=17, distance=27.0, discount=null), Trip(driver=Driver(name=D-5), passengers=[Passenger(name=P-2)], duration=3, distance=35.0, discount=0.4))]
item [(Trip(driver=Driver(name=D-2), passengers=[Passenger(name=P-4)], duration=6, distance=11.0, discount=null), Trip(driver=Driver(name=D-0), passengers=[Passenger(name=P-8)], duration=20, distance=22.0, discount=0.3)), (Trip(driver=Driver(name=D-2), passengers=[Passenger(name=P-4)], duration=6, distance=11.0, discount=null), Trip(driver=Driver(name=D-4), passengers=[Passenger(name=P-3), Passenger(name=P-5)], duration=12, distance=25.0, discount=0.4)), (Trip(driver=Driver(name=D-2), passengers=[Passenger(name=P-4)], duration=6, distance=11.0, discount=null), Trip(driver=Driver(name=D-2), passengers=[Passenger(name=P-2), Passenger(name=P-8)], duration=28, distance=6.0, discount=null)), (Trip(driver=Driver(name=D-2), passengers=[Passenger(name=P-4)], duration=6, distance=11.0, discount=null), Trip(driver=Driver(name=D-5), passengers=[Passenger(name=P-0), Passenger(name=P-3), Passenger(name=P-4)], duration=24, distance=4.0, discount=null)), (Trip(driver=Driver(name=D-2), passengers=[Passenger(name=P-4)], duration=6, distance=11.0, discount=null), Trip(driver=Driver(name=D-2), passengers=[Passenger(name=P-2), Passenger(name=P-8)], duration=19, distance=20.0, discount=null)), (Trip(driver=Driver(name=D-2), passengers=[Passenger(name=P-4)], duration=6, distance=11.0, discount=null), Trip(driver=Driver(name=D-4), passengers=[Passenger(name=P-0), Passenger(name=P-2)], duration=39, distance=4.0, discount=0.1)), (Trip(driver=Driver(name=D-2), passengers=[Passenger(name=P-4)], duration=6, distance=11.0, discount=null), Trip(driver=Driver(name=D-3), passengers=[Passenger(name=P-4), Passenger(name=P-2)], duration=17, distance=27.0, discount=null)), (Trip(driver=Driver(name=D-2), passengers=[Passenger(name=P-4)], duration=6, distance=11.0, discount=null), Trip(driver=Driver(name=D-2), passengers=[Passenger(name=P-4)], duration=6, distance=11.0, discount=null)), (Trip(driver=Driver(name=D-2), passengers=[Passenger(name=P-4)], duration=6, distance=11.0, discount=null), Trip(driver=Driver(name=D-2), passengers=[Passenger(name=P-5)], duration=1, distance=18.0, discount=null)), (Trip(driver=Driver(name=D-2), passengers=[Passenger(name=P-4)], duration=6, distance=11.0, discount=null), Trip(driver=Driver(name=D-5), passengers=[Passenger(name=P-2)], duration=3, distance=35.0, discount=0.4))]
item [(Trip(driver=Driver(name=D-2), passengers=[Passenger(name=P-5)], duration=1, distance=18.0, discount=null), Trip(driver=Driver(name=D-0), passengers=[Passenger(name=P-8)], duration=20, distance=22.0, discount=0.3)), (Trip(driver=Driver(name=D-2), passengers=[Passenger(name=P-5)], duration=1, distance=18.0, discount=null), Trip(driver=Driver(name=D-4), passengers=[Passenger(name=P-3), Passenger(name=P-5)], duration=12, distance=25.0, discount=0.4)), (Trip(driver=Driver(name=D-2), passengers=[Passenger(name=P-5)], duration=1, distance=18.0, discount=null), Trip(driver=Driver(name=D-2), passengers=[Passenger(name=P-2), Passenger(name=P-8)], duration=28, distance=6.0, discount=null)), (Trip(driver=Driver(name=D-2), passengers=[Passenger(name=P-5)], duration=1, distance=18.0, discount=null), Trip(driver=Driver(name=D-5), passengers=[Passenger(name=P-0), Passenger(name=P-3), Passenger(name=P-4)], duration=24, distance=4.0, discount=null)), (Trip(driver=Driver(name=D-2), passengers=[Passenger(name=P-5)], duration=1, distance=18.0, discount=null), Trip(driver=Driver(name=D-2), passengers=[Passenger(name=P-2), Passenger(name=P-8)], duration=19, distance=20.0, discount=null)), (Trip(driver=Driver(name=D-2), passengers=[Passenger(name=P-5)], duration=1, distance=18.0, discount=null), Trip(driver=Driver(name=D-4), passengers=[Passenger(name=P-0), Passenger(name=P-2)], duration=39, distance=4.0, discount=0.1)), (Trip(driver=Driver(name=D-2), passengers=[Passenger(name=P-5)], duration=1, distance=18.0, discount=null), Trip(driver=Driver(name=D-3), passengers=[Passenger(name=P-4), Passenger(name=P-2)], duration=17, distance=27.0, discount=null)), (Trip(driver=Driver(name=D-2), passengers=[Passenger(name=P-5)], duration=1, distance=18.0, discount=null), Trip(driver=Driver(name=D-2), passengers=[Passenger(name=P-4)], duration=6, distance=11.0, discount=null)), (Trip(driver=Driver(name=D-2), passengers=[Passenger(name=P-5)], duration=1, distance=18.0, discount=null), Trip(driver=Driver(name=D-2), passengers=[Passenger(name=P-5)], duration=1, distance=18.0, discount=null)), (Trip(driver=Driver(name=D-2), passengers=[Passenger(name=P-5)], duration=1, distance=18.0, discount=null), Trip(driver=Driver(name=D-5), passengers=[Passenger(name=P-2)], duration=3, distance=35.0, discount=0.4))]
item [(Trip(driver=Driver(name=D-5), passengers=[Passenger(name=P-2)], duration=3, distance=35.0, discount=0.4), Trip(driver=Driver(name=D-0), passengers=[Passenger(name=P-8)], duration=20, distance=22.0, discount=0.3)), (Trip(driver=Driver(name=D-5), passengers=[Passenger(name=P-2)], duration=3, distance=35.0, discount=0.4), Trip(driver=Driver(name=D-4), passengers=[Passenger(name=P-3), Passenger(name=P-5)], duration=12, distance=25.0, discount=0.4)), (Trip(driver=Driver(name=D-5), passengers=[Passenger(name=P-2)], duration=3, distance=35.0, discount=0.4), Trip(driver=Driver(name=D-2), passengers=[Passenger(name=P-2), Passenger(name=P-8)], duration=28, distance=6.0, discount=null)), (Trip(driver=Driver(name=D-5), passengers=[Passenger(name=P-2)], duration=3, distance=35.0, discount=0.4), Trip(driver=Driver(name=D-5), passengers=[Passenger(name=P-0), Passenger(name=P-3), Passenger(name=P-4)], duration=24, distance=4.0, discount=null)), (Trip(driver=Driver(name=D-5), passengers=[Passenger(name=P-2)], duration=3, distance=35.0, discount=0.4), Trip(driver=Driver(name=D-2), passengers=[Passenger(name=P-2), Passenger(name=P-8)], duration=19, distance=20.0, discount=null)), (Trip(driver=Driver(name=D-5), passengers=[Passenger(name=P-2)], duration=3, distance=35.0, discount=0.4), Trip(driver=Driver(name=D-4), passengers=[Passenger(name=P-0), Passenger(name=P-2)], duration=39, distance=4.0, discount=0.1)), (Trip(driver=Driver(name=D-5), passengers=[Passenger(name=P-2)], duration=3, distance=35.0, discount=0.4), Trip(driver=Driver(name=D-3), passengers=[Passenger(name=P-4), Passenger(name=P-2)], duration=17, distance=27.0, discount=null)), (Trip(driver=Driver(name=D-5), passengers=[Passenger(name=P-2)], duration=3, distance=35.0, discount=0.4), Trip(driver=Driver(name=D-2), passengers=[Passenger(name=P-4)], duration=6, distance=11.0, discount=null)), (Trip(driver=Driver(name=D-5), passengers=[Passenger(name=P-2)], duration=3, distance=35.0, discount=0.4), Trip(driver=Driver(name=D-2), passengers=[Passenger(name=P-5)], duration=1, distance=18.0, discount=null)), (Trip(driver=Driver(name=D-5), passengers=[Passenger(name=P-2)], duration=3, distance=35.0, discount=0.4), Trip(driver=Driver(name=D-5), passengers=[Passenger(name=P-2)], duration=3, distance=35.0, discount=0.4))]
item [(Trip(driver=Driver(name=D-7), passengers=[Passenger(name=P-18), Passenger(name=P-5)], duration=21, distance=17.0, discount=null), Trip(driver=Driver(name=D-7), passengers=[Passenger(name=P-18), Passenger(name=P-5)], duration=21, distance=17.0, discount=null)), (Trip(driver=Driver(name=D-7), passengers=[Passenger(name=P-18), Passenger(name=P-5)], duration=21, distance=17.0, discount=null), Trip(driver=Driver(name=D-6), passengers=[Passenger(name=P-8), Passenger(name=P-11)], duration=37, distance=29.0, discount=0.1)), (Trip(driver=Driver(name=D-7), passengers=[Passenger(name=P-18), Passenger(name=P-5)], duration=21, distance=17.0, discount=null), Trip(driver=Driver(name=D-5), passengers=[Passenger(name=P-19), Passenger(name=P-11), Passenger(name=P-10), Passenger(name=P-4)], duration=33, distance=12.0, discount=0.2)), (Trip(driver=Driver(name=D-7), passengers=[Passenger(name=P-18), Passenger(name=P-5)], duration=21, distance=17.0, discount=null), Trip(driver=Driver(name=D-7), passengers=[Passenger(name=P-4), Passenger(name=P-3)], duration=8, distance=2.0, discount=null)), (Trip(driver=Driver(name=D-7), passengers=[Passenger(name=P-18), Passenger(name=P-5)], duration=21, distance=17.0, discount=null), Trip(driver=Driver(name=D-5), passengers=[Passenger(name=P-18)], duration=1, distance=11.0, discount=null)), (Trip(driver=Driver(name=D-7), passengers=[Passenger(name=P-18), Passenger(name=P-5)], duration=21, distance=17.0, discount=null), Trip(driver=Driver(name=D-8), passengers=[Passenger(name=P-13), Passenger(name=P-10)], duration=26, distance=4.0, discount=0.4)), (Trip(driver=Driver(name=D-7), passengers=[Passenger(name=P-18), Passenger(name=P-5)], duration=21, distance=17.0, discount=null), Trip(driver=Driver(name=D-0), passengers=[Passenger(name=P-14), Passenger(name=P-16), Passenger(name=P-1)], duration=35, distance=33.0, discount=null)), (Trip(driver=Driver(name=D-7), passengers=[Passenger(name=P-18), Passenger(name=P-5)], duration=21, distance=17.0, discount=null), Trip(driver=Driver(name=D-8), passengers=[Passenger(name=P-13), Passenger(name=P-8)], duration=9, distance=29.0, discount=null)), (Trip(driver=Driver(name=D-7), passengers=[Passenger(name=P-18), Passenger(name=P-5)], duration=21, distance=17.0, discount=null), Trip(driver=Driver(name=D-0), passengers=[Passenger(name=P-12)], duration=31, distance=5.0, discount=null)), (Trip(driver=Driver(name=D-7), passengers=[Passenger(name=P-18), Passenger(name=P-5)], duration=21, distance=17.0, discount=null), Trip(driver=Driver(name=D-5), passengers=[Passenger(name=P-2), Passenger(name=P-11), Passenger(name=P-4)], duration=22, distance=18.0, discount=0.3)), (Trip(driver=Driver(name=D-7), passengers=[Passenger(name=P-18), Passenger(name=P-5)], duration=21, distance=17.0, discount=null), Trip(driver=Driver(name=D-5), passengers=[Passenger(name=P-19), Passenger(name=P-13)], duration=21, distance=16.0, discount=0.3)), (Trip(driver=Driver(name=D-7), passengers=[Passenger(name=P-18), Passenger(name=P-5)], duration=21, distance=17.0, discount=null), Trip(driver=Driver(name=D-6), passengers=[Passenger(name=P-4)], duration=11, distance=16.0, discount=null)), (Trip(driver=Driver(name=D-7), passengers=[Passenger(name=P-18), Passenger(name=P-5)], duration=21, distance=17.0, discount=null), Trip(driver=Driver(name=D-9), passengers=[Passenger(name=P-14), Passenger(name=P-16)], duration=3, distance=9.0, discount=null)), (Trip(driver=Driver(name=D-7), passengers=[Passenger(name=P-18), Passenger(name=P-5)], duration=21, distance=17.0, discount=null), Trip(driver=Driver(name=D-7), passengers=[Passenger(name=P-11), Passenger(name=P-10), Passenger(name=P-3), Passenger(name=P-9)], duration=27, distance=35.0, discount=0.1)), (Trip(driver=Driver(name=D-7), passengers=[Passenger(name=P-18), Passenger(name=P-5)], duration=21, distance=17.0, discount=null), Trip(driver=Driver(name=D-9), passengers=[Passenger(name=P-13)], duration=9, distance=22.0, discount=null)), (Trip(driver=Driver(name=D-7), passengers=[Passenger(name=P-18), Passenger(name=P-5)], duration=21, distance=17.0, discount=null), Trip(driver=Driver(name=D-1), passengers=[Passenger(name=P-12)], duration=36, distance=8.0, discount=null)), (Trip(driver=Driver(name=D-7), passengers=[Passenger(name=P-18), Passenger(name=P-5)], duration=21, distance=17.0, discount=null), Trip(driver=Driver(name=D-1), passengers=[Passenger(name=P-11), Passenger(name=P-13)], duration=7, distance=15.0, discount=null)), (Trip(driver=Driver(name=D-7), passengers=[Passenger(name=P-18), Passenger(name=P-5)], duration=21, distance=17.0, discount=null), Trip(driver=Driver(name=D-3), passengers=[Passenger(name=P-10), Passenger(name=P-0)], duration=36, distance=6.0, discount=null)), (Trip(driver=Driver(name=D-7), passengers=[Passenger(name=P-18), Passenger(name=P-5)], duration=21, distance=17.0, discount=null), Trip(driver=Driver(name=D-3), passengers=[Passenger(name=P-16), Passenger(name=P-12)], duration=28, distance=27.0, discount=null)), (Trip(driver=Driver(name=D-7), passengers=[Passenger(name=P-18), Passenger(name=P-5)], duration=21, distance=17.0, discount=null), Trip(driver=Driver(name=D-4), passengers=[Passenger(name=P-14), Passenger(name=P-6)], duration=8, distance=34.0, discount=0.4)), (Trip(driver=Driver(name=D-7), passengers=[Passenger(name=P-18), Passenger(name=P-5)], duration=21, distance=17.0, discount=null), Trip(driver=Driver(name=D-0), passengers=[Passenger(name=P-9)], duration=16, distance=7.0, discount=0.1)), (Trip(driver=Driver(name=D-7), passengers=[Passenger(name=P-18), Passenger(name=P-5)], duration=21, distance=17.0, discount=null), Trip(driver=Driver(name=D-7), passengers=[Passenger(name=P-11), Passenger(name=P-7), Passenger(name=P-3)], duration=18, distance=2.0, discount=null)), (Trip(driver=Driver(name=D-7), passengers=[Passenger(name=P-18), Passenger(name=P-5)], duration=21, distance=17.0, discount=null), Trip(driver=Driver(name=D-5), passengers=[Passenger(name=P-3)], duration=15, distance=39.0, discount=0.2)), (Trip(driver=Driver(name=D-7), passengers=[Passenger(name=P-18), Passenger(name=P-5)], duration=21, distance=17.0, discount=null), Trip(driver=Driver(name=D-3), passengers=[Passenger(name=P-14), Passenger(name=P-7)], duration=31, distance=16.0, discount=null)), (Trip(driver=Driver(name=D-7), passengers=[Passenger(name=P-18), Passenger(name=P-5)], duration=21, distance=17.0, discount=null), Trip(driver=Driver(name=D-2), passengers=[Passenger(name=P-4)], duration=16, distance=2.0, discount=0.3)), (Trip(driver=Driver(name=D-7), passengers=[Passenger(name=P-18), Passenger(name=P-5)], duration=21, distance=17.0, discount=null), Trip(driver=Driver(name=D-7), passengers=[Passenger(name=P-7)], duration=14, distance=36.0, discount=null)), (Trip(driver=Driver(name=D-7), passengers=[Passenger(name=P-18), Passenger(name=P-5)], duration=21, distance=17.0, discount=null), Trip(driver=Driver(name=D-0), passengers=[Passenger(name=P-11)], duration=38, distance=23.0, discount=null)), (Trip(driver=Driver(name=D-7), passengers=[Passenger(name=P-18), Passenger(name=P-5)], duration=21, distance=17.0, discount=null), Trip(driver=Driver(name=D-7), passengers=[Passenger(name=P-12), Passenger(name=P-6), Passenger(name=P-3), Passenger(name=P-4)], duration=19, distance=3.0, discount=0.1)), (Trip(driver=Driver(name=D-7), passengers=[Passenger(name=P-18), Passenger(name=P-5)], duration=21, distance=17.0, discount=null), Trip(driver=Driver(name=D-6), passengers=[Passenger(name=P-13), Passenger(name=P-3), Passenger(name=P-9)], duration=2, distance=10.0, discount=0.2)), (Trip(driver=Driver(name=D-7), passengers=[Passenger(name=P-18), Passenger(name=P-5)], duration=21, distance=17.0, discount=null), Trip(driver=Driver(name=D-7), passengers=[Passenger(name=P-8), Passenger(name=P-2), Passenger(name=P-3), Passenger(name=P-19)], duration=21, distance=6.0, discount=0.3))]
item [(Trip(driver=Driver(name=D-6), passengers=[Passenger(name=P-8), Passenger(name=P-11)], duration=37, distance=29.0, discount=0.1), Trip(driver=Driver(name=D-7), passengers=[Passenger(name=P-18), Passenger(name=P-5)], duration=21, distance=17.0, discount=null)), (Trip(driver=Driver(name=D-6), passengers=[Passenger(name=P-8), Passenger(name=P-11)], duration=37, distance=29.0, discount=0.1), Trip(driver=Driver(name=D-6), passengers=[Passenger(name=P-8), Passenger(name=P-11)], duration=37, distance=29.0, discount=0.1)), (Trip(driver=Driver(name=D-6), passengers=[Passenger(name=P-8), Passenger(name=P-11)], duration=37, distance=29.0, discount=0.1), Trip(driver=Driver(name=D-5), passengers=[Passenger(name=P-19), Passenger(name=P-11), Passenger(name=P-10), Passenger(name=P-4)], duration=33, distance=12.0, discount=0.2)), (Trip(driver=Driver(name=D-6), passengers=[Passenger(name=P-8), Passenger(name=P-11)], duration=37, distance=29.0, discount=0.1), Trip(driver=Driver(name=D-7), passengers=[Passenger(name=P-4), Passenger(name=P-3)], duration=8, distance=2.0, discount=null)), (Trip(driver=Driver(name=D-6), passengers=[Passenger(name=P-8), Passenger(name=P-11)], duration=37, distance=29.0, discount=0.1), Trip(driver=Driver(name=D-5), passengers=[Passenger(name=P-18)], duration=1, distance=11.0, discount=null)), (Trip(driver=Driver(name=D-6), passengers=[Passenger(name=P-8), Passenger(name=P-11)], duration=37, distance=29.0, discount=0.1), Trip(driver=Driver(name=D-8), passengers=[Passenger(name=P-13), Passenger(name=P-10)], duration=26, distance=4.0, discount=0.4)), (Trip(driver=Driver(name=D-6), passengers=[Passenger(name=P-8), Passenger(name=P-11)], duration=37, distance=29.0, discount=0.1), Trip(driver=Driver(name=D-0), passengers=[Passenger(name=P-14), Passenger(name=P-16), Passenger(name=P-1)], duration=35, distance=33.0, discount=null)), (Trip(driver=Driver(name=D-6), passengers=[Passenger(name=P-8), Passenger(name=P-11)], duration=37, distance=29.0, discount=0.1), Trip(driver=Driver(name=D-8), passengers=[Passenger(name=P-13), Passenger(name=P-8)], duration=9, distance=29.0, discount=null)), (Trip(driver=Driver(name=D-6), passengers=[Passenger(name=P-8), Passenger(name=P-11)], duration=37, distance=29.0, discount=0.1), Trip(driver=Driver(name=D-0), passengers=[Passenger(name=P-12)], duration=31, distance=5.0, discount=null)), (Trip(driver=Driver(name=D-6), passengers=[Passenger(name=P-8), Passenger(name=P-11)], duration=37, distance=29.0, discount=0.1), Trip(driver=Driver(name=D-5), passengers=[Passenger(name=P-2), Passenger(name=P-11), Passenger(name=P-4)], duration=22, distance=18.0, discount=0.3)), (Trip(driver=Driver(name=D-6), passengers=[Passenger(name=P-8), Passenger(name=P-11)], duration=37, distance=29.0, discount=0.1), Trip(driver=Driver(name=D-5), passengers=[Passenger(name=P-19), Passenger(name=P-13)], duration=21, distance=16.0, discount=0.3)), (Trip(driver=Driver(name=D-6), passengers=[Passenger(name=P-8), Passenger(name=P-11)], duration=37, distance=29.0, discount=0.1), Trip(driver=Driver(name=D-6), passengers=[Passenger(name=P-4)], duration=11, distance=16.0, discount=null)), (Trip(driver=Driver(name=D-6), passengers=[Passenger(name=P-8), Passenger(name=P-11)], duration=37, distance=29.0, discount=0.1), Trip(driver=Driver(name=D-9), passengers=[Passenger(name=P-14), Passenger(name=P-16)], duration=3, distance=9.0, discount=null)), (Trip(driver=Driver(name=D-6), passengers=[Passenger(name=P-8), Passenger(name=P-11)], duration=37, distance=29.0, discount=0.1), Trip(driver=Driver(name=D-7), passengers=[Passenger(name=P-11), Passenger(name=P-10), Passenger(name=P-3), Passenger(name=P-9)], duration=27, distance=35.0, discount=0.1)), (Trip(driver=Driver(name=D-6), passengers=[Passenger(name=P-8), Passenger(name=P-11)], duration=37, distance=29.0, discount=0.1), Trip(driver=Driver(name=D-9), passengers=[Passenger(name=P-13)], duration=9, distance=22.0, discount=null)), (Trip(driver=Driver(name=D-6), passengers=[Passenger(name=P-8), Passenger(name=P-11)], duration=37, distance=29.0, discount=0.1), Trip(driver=Driver(name=D-1), passengers=[Passenger(name=P-12)], duration=36, distance=8.0, discount=null)), (Trip(driver=Driver(name=D-6), passengers=[Passenger(name=P-8), Passenger(name=P-11)], duration=37, distance=29.0, discount=0.1), Trip(driver=Driver(name=D-1), passengers=[Passenger(name=P-11), Passenger(name=P-13)], duration=7, distance=15.0, discount=null)), (Trip(driver=Driver(name=D-6), passengers=[Passenger(name=P-8), Passenger(name=P-11)], duration=37, distance=29.0, discount=0.1), Trip(driver=Driver(name=D-3), passengers=[Passenger(name=P-10), Passenger(name=P-0)], duration=36, distance=6.0, discount=null)), (Trip(driver=Driver(name=D-6), passengers=[Passenger(name=P-8), Passenger(name=P-11)], duration=37, distance=29.0, discount=0.1), Trip(driver=Driver(name=D-3), passengers=[Passenger(name=P-16), Passenger(name=P-12)], duration=28, distance=27.0, discount=null)), (Trip(driver=Driver(name=D-6), passengers=[Passenger(name=P-8), Passenger(name=P-11)], duration=37, distance=29.0, discount=0.1), Trip(driver=Driver(name=D-4), passengers=[Passenger(name=P-14), Passenger(name=P-6)], duration=8, distance=34.0, discount=0.4)), (Trip(driver=Driver(name=D-6), passengers=[Passenger(name=P-8), Passenger(name=P-11)], duration=37, distance=29.0, discount=0.1), Trip(driver=Driver(name=D-0), passengers=[Passenger(name=P-9)], duration=16, distance=7.0, discount=0.1)), (Trip(driver=Driver(name=D-6), passengers=[Passenger(name=P-8), Passenger(name=P-11)], duration=37, distance=29.0, discount=0.1), Trip(driver=Driver(name=D-7), passengers=[Passenger(name=P-11), Passenger(name=P-7), Passenger(name=P-3)], duration=18, distance=2.0, discount=null)), (Trip(driver=Driver(name=D-6), passengers=[Passenger(name=P-8), Passenger(name=P-11)], duration=37, distance=29.0, discount=0.1), Trip(driver=Driver(name=D-5), passengers=[Passenger(name=P-3)], duration=15, distance=39.0, discount=0.2)), (Trip(driver=Driver(name=D-6), passengers=[Passenger(name=P-8), Passenger(name=P-11)], duration=37, distance=29.0, discount=0.1), Trip(driver=Driver(name=D-3), passengers=[Passenger(name=P-14), Passenger(name=P-7)], duration=31, distance=16.0, discount=null)), (Trip(driver=Driver(name=D-6), passengers=[Passenger(name=P-8), Passenger(name=P-11)], duration=37, distance=29.0, discount=0.1), Trip(driver=Driver(name=D-2), passengers=[Passenger(name=P-4)], duration=16, distance=2.0, discount=0.3)), (Trip(driver=Driver(name=D-6), passengers=[Passenger(name=P-8), Passenger(name=P-11)], duration=37, distance=29.0, discount=0.1), Trip(driver=Driver(name=D-7), passengers=[Passenger(name=P-7)], duration=14, distance=36.0, discount=null)), (Trip(driver=Driver(name=D-6), passengers=[Passenger(name=P-8), Passenger(name=P-11)], duration=37, distance=29.0, discount=0.1), Trip(driver=Driver(name=D-0), passengers=[Passenger(name=P-11)], duration=38, distance=23.0, discount=null)), (Trip(driver=Driver(name=D-6), passengers=[Passenger(name=P-8), Passenger(name=P-11)], duration=37, distance=29.0, discount=0.1), Trip(driver=Driver(name=D-7), passengers=[Passenger(name=P-12), Passenger(name=P-6), Passenger(name=P-3), Passenger(name=P-4)], duration=19, distance=3.0, discount=0.1)), (Trip(driver=Driver(name=D-6), passengers=[Passenger(name=P-8), Passenger(name=P-11)], duration=37, distance=29.0, discount=0.1), Trip(driver=Driver(name=D-6), passengers=[Passenger(name=P-13), Passenger(name=P-3), Passenger(name=P-9)], duration=2, distance=10.0, discount=0.2)), (Trip(driver=Driver(name=D-6), passengers=[Passenger(name=P-8), Passenger(name=P-11)], duration=37, distance=29.0, discount=0.1), Trip(driver=Driver(name=D-7), passengers=[Passenger(name=P-8), Passenger(name=P-2), Passenger(name=P-3), Passenger(name=P-19)], duration=21, distance=6.0, discount=0.3))]
item [(Trip(driver=Driver(name=D-5), passengers=[Passenger(name=P-19), Passenger(name=P-11), Passenger(name=P-10), Passenger(name=P-4)], duration=33, distance=12.0, discount=0.2), Trip(driver=Driver(name=D-7), passengers=[Passenger(name=P-18), Passenger(name=P-5)], duration=21, distance=17.0, discount=null)), (Trip(driver=Driver(name=D-5), passengers=[Passenger(name=P-19), Passenger(name=P-11), Passenger(name=P-10), Passenger(name=P-4)], duration=33, distance=12.0, discount=0.2), Trip(driver=Driver(name=D-6), passengers=[Passenger(name=P-8), Passenger(name=P-11)], duration=37, distance=29.0, discount=0.1)), (Trip(driver=Driver(name=D-5), passengers=[Passenger(name=P-19), Passenger(name=P-11), Passenger(name=P-10), Passenger(name=P-4)], duration=33, distance=12.0, discount=0.2), Trip(driver=Driver(name=D-5), passengers=[Passenger(name=P-19), Passenger(name=P-11), Passenger(name=P-10), Passenger(name=P-4)], duration=33, distance=12.0, discount=0.2)), (Trip(driver=Driver(name=D-5), passengers=[Passenger(name=P-19), Passenger(name=P-11), Passenger(name=P-10), Passenger(name=P-4)], duration=33, distance=12.0, discount=0.2), Trip(driver=Driver(name=D-7), passengers=[Passenger(name=P-4), Passenger(name=P-3)], duration=8, distance=2.0, discount=null)), (Trip(driver=Driver(name=D-5), passengers=[Passenger(name=P-19), Passenger(name=P-11), Passenger(name=P-10), Passenger(name=P-4)], duration=33, distance=12.0, discount=0.2), Trip(driver=Driver(name=D-5), passengers=[Passenger(name=P-18)], duration=1, distance=11.0, discount=null)), (Trip(driver=Driver(name=D-5), passengers=[Passenger(name=P-19), Passenger(name=P-11), Passenger(name=P-10), Passenger(name=P-4)], duration=33, distance=12.0, discount=0.2), Trip(driver=Driver(name=D-8), passengers=[Passenger(name=P-13), Passenger(name=P-10)], duration=26, distance=4.0, discount=0.4)), (Trip(driver=Driver(name=D-5), passengers=[Passenger(name=P-19), Passenger(name=P-11), Passenger(name=P-10), Passenger(name=P-4)], duration=33, distance=12.0, discount=0.2), Trip(driver=Driver(name=D-0), passengers=[Passenger(name=P-14), Passenger(name=P-16), Passenger(name=P-1)], duration=35, distance=33.0, discount=null)), (Trip(driver=Driver(name=D-5), passengers=[Passenger(name=P-19), Passenger(name=P-11), Passenger(name=P-10), Passenger(name=P-4)], duration=33, distance=12.0, discount=0.2), Trip(driver=Driver(name=D-8), passengers=[Passenger(name=P-13), Passenger(name=P-8)], duration=9, distance=29.0, discount=null)), (Trip(driver=Driver(name=D-5), passengers=[Passenger(name=P-19), Passenger(name=P-11), Passenger(name=P-10), Passenger(name=P-4)], duration=33, distance=12.0, discount=0.2), Trip(driver=Driver(name=D-0), passengers=[Passenger(name=P-12)], duration=31, distance=5.0, discount=null)), (Trip(driver=Driver(name=D-5), passengers=[Passenger(name=P-19), Passenger(name=P-11), Passenger(name=P-10), Passenger(name=P-4)], duration=33, distance=12.0, discount=0.2), Trip(driver=Driver(name=D-5), passengers=[Passenger(name=P-2), Passenger(name=P-11), Passenger(name=P-4)], duration=22, distance=18.0, discount=0.3)), (Trip(driver=Driver(name=D-5), passengers=[Passenger(name=P-19), Passenger(name=P-11), Passenger(name=P-10), Passenger(name=P-4)], duration=33, distance=12.0, discount=0.2), Trip(driver=Driver(name=D-5), passengers=[Passenger(name=P-19), Passenger(name=P-13)], duration=21, distance=16.0, discount=0.3)), (Trip(driver=Driver(name=D-5), passengers=[Passenger(name=P-19), Passenger(name=P-11), Passenger(name=P-10), Passenger(name=P-4)], duration=33, distance=12.0, discount=0.2), Trip(driver=Driver(name=D-6), passengers=[Passenger(name=P-4)], duration=11, distance=16.0, discount=null)), (Trip(driver=Driver(name=D-5), passengers=[Passenger(name=P-19), Passenger(name=P-11), Passenger(name=P-10), Passenger(name=P-4)], duration=33, distance=12.0, discount=0.2), Trip(driver=Driver(name=D-9), passengers=[Passenger(name=P-14), Passenger(name=P-16)], duration=3, distance=9.0, discount=null)), (Trip(driver=Driver(name=D-5), passengers=[Passenger(name=P-19), Passenger(name=P-11), Passenger(name=P-10), Passenger(name=P-4)], duration=33, distance=12.0, discount=0.2), Trip(driver=Driver(name=D-7), passengers=[Passenger(name=P-11), Passenger(name=P-10), Passenger(name=P-3), Passenger(name=P-9)], duration=27, distance=35.0, discount=0.1)), (Trip(driver=Driver(name=D-5), passengers=[Passenger(name=P-19), Passenger(name=P-11), Passenger(name=P-10), Passenger(name=P-4)], duration=33, distance=12.0, discount=0.2), Trip(driver=Driver(name=D-9), passengers=[Passenger(name=P-13)], duration=9, distance=22.0, discount=null)), (Trip(driver=Driver(name=D-5), passengers=[Passenger(name=P-19), Passenger(name=P-11), Passenger(name=P-10), Passenger(name=P-4)], duration=33, distance=12.0, discount=0.2), Trip(driver=Driver(name=D-1), passengers=[Passenger(name=P-12)], duration=36, distance=8.0, discount=null)), (Trip(driver=Driver(name=D-5), passengers=[Passenger(name=P-19), Passenger(name=P-11), Passenger(name=P-10), Passenger(name=P-4)], duration=33, distance=12.0, discount=0.2), Trip(driver=Driver(name=D-1), passengers=[Passenger(name=P-11), Passenger(name=P-13)], duration=7, distance=15.0, discount=null)), (Trip(driver=Driver(name=D-5), passengers=[Passenger(name=P-19), Passenger(name=P-11), Passenger(name=P-10), Passenger(name=P-4)], duration=33, distance=12.0, discount=0.2), Trip(driver=Driver(name=D-3), passengers=[Passenger(name=P-10), Passenger(name=P-0)], duration=36, distance=6.0, discount=null)), (Trip(driver=Driver(name=D-5), passengers=[Passenger(name=P-19), Passenger(name=P-11), Passenger(name=P-10), Passenger(name=P-4)], duration=33, distance=12.0, discount=0.2), Trip(driver=Driver(name=D-3), passengers=[Passenger(name=P-16), Passenger(name=P-12)], duration=28, distance=27.0, discount=null)), (Trip(driver=Driver(name=D-5), passengers=[Passenger(name=P-19), Passenger(name=P-11), Passenger(name=P-10), Passenger(name=P-4)], duration=33, distance=12.0, discount=0.2), Trip(driver=Driver(name=D-4), passengers=[Passenger(name=P-14), Passenger(name=P-6)], duration=8, distance=34.0, discount=0.4)), (Trip(driver=Driver(name=D-5), passengers=[Passenger(name=P-19), Passenger(name=P-11), Passenger(name=P-10), Passenger(name=P-4)], duration=33, distance=12.0, discount=0.2), Trip(driver=Driver(name=D-0), passengers=[Passenger(name=P-9)], duration=16, distance=7.0, discount=0.1)), (Trip(driver=Driver(name=D-5), passengers=[Passenger(name=P-19), Passenger(name=P-11), Passenger(name=P-10), Passenger(name=P-4)], duration=33, distance=12.0, discount=0.2), Trip(driver=Driver(name=D-7), passengers=[Passenger(name=P-11), Passenger(name=P-7), Passenger(name=P-3)], duration=18, distance=2.0, discount=null)), (Trip(driver=Driver(name=D-5), passengers=[Passenger(name=P-19), Passenger(name=P-11), Passenger(name=P-10), Passenger(name=P-4)], duration=33, distance=12.0, discount=0.2), Trip(driver=Driver(name=D-5), passengers=[Passenger(name=P-3)], duration=15, distance=39.0, discount=0.2)), (Trip(driver=Driver(name=D-5), passengers=[Passenger(name=P-19), Passenger(name=P-11), Passenger(name=P-10), Passenger(name=P-4)], duration=33, distance=12.0, discount=0.2), Trip(driver=Driver(name=D-3), passengers=[Passenger(name=P-14), Passenger(name=P-7)], duration=31, distance=16.0, discount=null)), (Trip(driver=Driver(name=D-5), passengers=[Passenger(name=P-19), Passenger(name=P-11), Passenger(name=P-10), Passenger(name=P-4)], duration=33, distance=12.0, discount=0.2), Trip(driver=Driver(name=D-2), passengers=[Passenger(name=P-4)], duration=16, distance=2.0, discount=0.3)), (Trip(driver=Driver(name=D-5), passengers=[Passenger(name=P-19), Passenger(name=P-11), Passenger(name=P-10), Passenger(name=P-4)], duration=33, distance=12.0, discount=0.2), Trip(driver=Driver(name=D-7), passengers=[Passenger(name=P-7)], duration=14, distance=36.0, discount=null)), (Trip(driver=Driver(name=D-5), passengers=[Passenger(name=P-19), Passenger(name=P-11), Passenger(name=P-10), Passenger(name=P-4)], duration=33, distance=12.0, discount=0.2), Trip(driver=Driver(name=D-0), passengers=[Passenger(name=P-11)], duration=38, distance=23.0, discount=null)), (Trip(driver=Driver(name=D-5), passengers=[Passenger(name=P-19), Passenger(name=P-11), Passenger(name=P-10), Passenger(name=P-4)], duration=33, distance=12.0, discount=0.2), Trip(driver=Driver(name=D-7), passengers=[Passenger(name=P-12), Passenger(name=P-6), Passenger(name=P-3), Passenger(name=P-4)], duration=19, distance=3.0, discount=0.1)), (Trip(driver=Driver(name=D-5), passengers=[Passenger(name=P-19), Passenger(name=P-11), Passenger(name=P-10), Passenger(name=P-4)], duration=33, distance=12.0, discount=0.2), Trip(driver=Driver(name=D-6), passengers=[Passenger(name=P-13), Passenger(name=P-3), Passenger(name=P-9)], duration=2, distance=10.0, discount=0.2)), (Trip(driver=Driver(name=D-5), passengers=[Passenger(name=P-19), Passenger(name=P-11), Passenger(name=P-10), Passenger(name=P-4)], duration=33, distance=12.0, discount=0.2), Trip(driver=Driver(name=D-7), passengers=[Passenger(name=P-8), Passenger(name=P-2), Passenger(name=P-3), Passenger(name=P-19)], duration=21, distance=6.0, discount=0.3))]
item [(Trip(driver=Driver(name=D-7), passengers=[Passenger(name=P-4), Passenger(name=P-3)], duration=8, distance=2.0, discount=null), Trip(driver=Driver(name=D-7), passengers=[Passenger(name=P-18), Passenger(name=P-5)], duration=21, distance=17.0, discount=null)), (Trip(driver=Driver(name=D-7), passengers=[Passenger(name=P-4), Passenger(name=P-3)], duration=8, distance=2.0, discount=null), Trip(driver=Driver(name=D-6), passengers=[Passenger(name=P-8), Passenger(name=P-11)], duration=37, distance=29.0, discount=0.1)), (Trip(driver=Driver(name=D-7), passengers=[Passenger(name=P-4), Passenger(name=P-3)], duration=8, distance=2.0, discount=null), Trip(driver=Driver(name=D-5), passengers=[Passenger(name=P-19), Passenger(name=P-11), Passenger(name=P-10), Passenger(name=P-4)], duration=33, distance=12.0, discount=0.2)), (Trip(driver=Driver(name=D-7), passengers=[Passenger(name=P-4), Passenger(name=P-3)], duration=8, distance=2.0, discount=null), Trip(driver=Driver(name=D-7), passengers=[Passenger(name=P-4), Passenger(name=P-3)], duration=8, distance=2.0, discount=null)), (Trip(driver=Driver(name=D-7), passengers=[Passenger(name=P-4), Passenger(name=P-3)], duration=8, distance=2.0, discount=null), Trip(driver=Driver(name=D-5), passengers=[Passenger(name=P-18)], duration=1, distance=11.0, discount=null)), (Trip(driver=Driver(name=D-7), passengers=[Passenger(name=P-4), Passenger(name=P-3)], duration=8, distance=2.0, discount=null), Trip(driver=Driver(name=D-8), passengers=[Passenger(name=P-13), Passenger(name=P-10)], duration=26, distance=4.0, discount=0.4)), (Trip(driver=Driver(name=D-7), passengers=[Passenger(name=P-4), Passenger(name=P-3)], duration=8, distance=2.0, discount=null), Trip(driver=Driver(name=D-0), passengers=[Passenger(name=P-14), Passenger(name=P-16), Passenger(name=P-1)], duration=35, distance=33.0, discount=null)), (Trip(driver=Driver(name=D-7), passengers=[Passenger(name=P-4), Passenger(name=P-3)], duration=8, distance=2.0, discount=null), Trip(driver=Driver(name=D-8), passengers=[Passenger(name=P-13), Passenger(name=P-8)], duration=9, distance=29.0, discount=null)), (Trip(driver=Driver(name=D-7), passengers=[Passenger(name=P-4), Passenger(name=P-3)], duration=8, distance=2.0, discount=null), Trip(driver=Driver(name=D-0), passengers=[Passenger(name=P-12)], duration=31, distance=5.0, discount=null)), (Trip(driver=Driver(name=D-7), passengers=[Passenger(name=P-4), Passenger(name=P-3)], duration=8, distance=2.0, discount=null), Trip(driver=Driver(name=D-5), passengers=[Passenger(name=P-2), Passenger(name=P-11), Passenger(name=P-4)], duration=22, distance=18.0, discount=0.3)), (Trip(driver=Driver(name=D-7), passengers=[Passenger(name=P-4), Passenger(name=P-3)], duration=8, distance=2.0, discount=null), Trip(driver=Driver(name=D-5), passengers=[Passenger(name=P-19), Passenger(name=P-13)], duration=21, distance=16.0, discount=0.3)), (Trip(driver=Driver(name=D-7), passengers=[Passenger(name=P-4), Passenger(name=P-3)], duration=8, distance=2.0, discount=null), Trip(driver=Driver(name=D-6), passengers=[Passenger(name=P-4)], duration=11, distance=16.0, discount=null)), (Trip(driver=Driver(name=D-7), passengers=[Passenger(name=P-4), Passenger(name=P-3)], duration=8, distance=2.0, discount=null), Trip(driver=Driver(name=D-9), passengers=[Passenger(name=P-14), Passenger(name=P-16)], duration=3, distance=9.0, discount=null)), (Trip(driver=Driver(name=D-7), passengers=[Passenger(name=P-4), Passenger(name=P-3)], duration=8, distance=2.0, discount=null), Trip(driver=Driver(name=D-7), passengers=[Passenger(name=P-11), Passenger(name=P-10), Passenger(name=P-3), Passenger(name=P-9)], duration=27, distance=35.0, discount=0.1)), (Trip(driver=Driver(name=D-7), passengers=[Passenger(name=P-4), Passenger(name=P-3)], duration=8, distance=2.0, discount=null), Trip(driver=Driver(name=D-9), passengers=[Passenger(name=P-13)], duration=9, distance=22.0, discount=null)), (Trip(driver=Driver(name=D-7), passengers=[Passenger(name=P-4), Passenger(name=P-3)], duration=8, distance=2.0, discount=null), Trip(driver=Driver(name=D-1), passengers=[Passenger(name=P-12)], duration=36, distance=8.0, discount=null)), (Trip(driver=Driver(name=D-7), passengers=[Passenger(name=P-4), Passenger(name=P-3)], duration=8, distance=2.0, discount=null), Trip(driver=Driver(name=D-1), passengers=[Passenger(name=P-11), Passenger(name=P-13)], duration=7, distance=15.0, discount=null)), (Trip(driver=Driver(name=D-7), passengers=[Passenger(name=P-4), Passenger(name=P-3)], duration=8, distance=2.0, discount=null), Trip(driver=Driver(name=D-3), passengers=[Passenger(name=P-10), Passenger(name=P-0)], duration=36, distance=6.0, discount=null)), (Trip(driver=Driver(name=D-7), passengers=[Passenger(name=P-4), Passenger(name=P-3)], duration=8, distance=2.0, discount=null), Trip(driver=Driver(name=D-3), passengers=[Passenger(name=P-16), Passenger(name=P-12)], duration=28, distance=27.0, discount=null)), (Trip(driver=Driver(name=D-7), passengers=[Passenger(name=P-4), Passenger(name=P-3)], duration=8, distance=2.0, discount=null), Trip(driver=Driver(name=D-4), passengers=[Passenger(name=P-14), Passenger(name=P-6)], duration=8, distance=34.0, discount=0.4)), (Trip(driver=Driver(name=D-7), passengers=[Passenger(name=P-4), Passenger(name=P-3)], duration=8, distance=2.0, discount=null), Trip(driver=Driver(name=D-0), passengers=[Passenger(name=P-9)], duration=16, distance=7.0, discount=0.1)), (Trip(driver=Driver(name=D-7), passengers=[Passenger(name=P-4), Passenger(name=P-3)], duration=8, distance=2.0, discount=null), Trip(driver=Driver(name=D-7), passengers=[Passenger(name=P-11), Passenger(name=P-7), Passenger(name=P-3)], duration=18, distance=2.0, discount=null)), (Trip(driver=Driver(name=D-7), passengers=[Passenger(name=P-4), Passenger(name=P-3)], duration=8, distance=2.0, discount=null), Trip(driver=Driver(name=D-5), passengers=[Passenger(name=P-3)], duration=15, distance=39.0, discount=0.2)), (Trip(driver=Driver(name=D-7), passengers=[Passenger(name=P-4), Passenger(name=P-3)], duration=8, distance=2.0, discount=null), Trip(driver=Driver(name=D-3), passengers=[Passenger(name=P-14), Passenger(name=P-7)], duration=31, distance=16.0, discount=null)), (Trip(driver=Driver(name=D-7), passengers=[Passenger(name=P-4), Passenger(name=P-3)], duration=8, distance=2.0, discount=null), Trip(driver=Driver(name=D-2), passengers=[Passenger(name=P-4)], duration=16, distance=2.0, discount=0.3)), (Trip(driver=Driver(name=D-7), passengers=[Passenger(name=P-4), Passenger(name=P-3)], duration=8, distance=2.0, discount=null), Trip(driver=Driver(name=D-7), passengers=[Passenger(name=P-7)], duration=14, distance=36.0, discount=null)), (Trip(driver=Driver(name=D-7), passengers=[Passenger(name=P-4), Passenger(name=P-3)], duration=8, distance=2.0, discount=null), Trip(driver=Driver(name=D-0), passengers=[Passenger(name=P-11)], duration=38, distance=23.0, discount=null)), (Trip(driver=Driver(name=D-7), passengers=[Passenger(name=P-4), Passenger(name=P-3)], duration=8, distance=2.0, discount=null), Trip(driver=Driver(name=D-7), passengers=[Passenger(name=P-12), Passenger(name=P-6), Passenger(name=P-3), Passenger(name=P-4)], duration=19, distance=3.0, discount=0.1)), (Trip(driver=Driver(name=D-7), passengers=[Passenger(name=P-4), Passenger(name=P-3)], duration=8, distance=2.0, discount=null), Trip(driver=Driver(name=D-6), passengers=[Passenger(name=P-13), Passenger(name=P-3), Passenger(name=P-9)], duration=2, distance=10.0, discount=0.2)), (Trip(driver=Driver(name=D-7), passengers=[Passenger(name=P-4), Passenger(name=P-3)], duration=8, distance=2.0, discount=null), Trip(driver=Driver(name=D-7), passengers=[Passenger(name=P-8), Passenger(name=P-2), Passenger(name=P-3), Passenger(name=P-19)], duration=21, distance=6.0, discount=0.3))]
item [(Trip(driver=Driver(name=D-5), passengers=[Passenger(name=P-18)], duration=1, distance=11.0, discount=null), Trip(driver=Driver(name=D-7), passengers=[Passenger(name=P-18), Passenger(name=P-5)], duration=21, distance=17.0, discount=null)), (Trip(driver=Driver(name=D-5), passengers=[Passenger(name=P-18)], duration=1, distance=11.0, discount=null), Trip(driver=Driver(name=D-6), passengers=[Passenger(name=P-8), Passenger(name=P-11)], duration=37, distance=29.0, discount=0.1)), (Trip(driver=Driver(name=D-5), passengers=[Passenger(name=P-18)], duration=1, distance=11.0, discount=null), Trip(driver=Driver(name=D-5), passengers=[Passenger(name=P-19), Passenger(name=P-11), Passenger(name=P-10), Passenger(name=P-4)], duration=33, distance=12.0, discount=0.2)), (Trip(driver=Driver(name=D-5), passengers=[Passenger(name=P-18)], duration=1, distance=11.0, discount=null), Trip(driver=Driver(name=D-7), passengers=[Passenger(name=P-4), Passenger(name=P-3)], duration=8, distance=2.0, discount=null)), (Trip(driver=Driver(name=D-5), passengers=[Passenger(name=P-18)], duration=1, distance=11.0, discount=null), Trip(driver=Driver(name=D-5), passengers=[Passenger(name=P-18)], duration=1, distance=11.0, discount=null)), (Trip(driver=Driver(name=D-5), passengers=[Passenger(name=P-18)], duration=1, distance=11.0, discount=null), Trip(driver=Driver(name=D-8), passengers=[Passenger(name=P-13), Passenger(name=P-10)], duration=26, distance=4.0, discount=0.4)), (Trip(driver=Driver(name=D-5), passengers=[Passenger(name=P-18)], duration=1, distance=11.0, discount=null), Trip(driver=Driver(name=D-0), passengers=[Passenger(name=P-14), Passenger(name=P-16), Passenger(name=P-1)], duration=35, distance=33.0, discount=null)), (Trip(driver=Driver(name=D-5), passengers=[Passenger(name=P-18)], duration=1, distance=11.0, discount=null), Trip(driver=Driver(name=D-8), passengers=[Passenger(name=P-13), Passenger(name=P-8)], duration=9, distance=29.0, discount=null)), (Trip(driver=Driver(name=D-5), passengers=[Passenger(name=P-18)], duration=1, distance=11.0, discount=null), Trip(driver=Driver(name=D-0), passengers=[Passenger(name=P-12)], duration=31, distance=5.0, discount=null)), (Trip(driver=Driver(name=D-5), passengers=[Passenger(name=P-18)], duration=1, distance=11.0, discount=null), Trip(driver=Driver(name=D-5), passengers=[Passenger(name=P-2), Passenger(name=P-11), Passenger(name=P-4)], duration=22, distance=18.0, discount=0.3)), (Trip(driver=Driver(name=D-5), passengers=[Passenger(name=P-18)], duration=1, distance=11.0, discount=null), Trip(driver=Driver(name=D-5), passengers=[Passenger(name=P-19), Passenger(name=P-13)], duration=21, distance=16.0, discount=0.3)), (Trip(driver=Driver(name=D-5), passengers=[Passenger(name=P-18)], duration=1, distance=11.0, discount=null), Trip(driver=Driver(name=D-6), passengers=[Passenger(name=P-4)], duration=11, distance=16.0, discount=null)), (Trip(driver=Driver(name=D-5), passengers=[Passenger(name=P-18)], duration=1, distance=11.0, discount=null), Trip(driver=Driver(name=D-9), passengers=[Passenger(name=P-14), Passenger(name=P-16)], duration=3, distance=9.0, discount=null)), (Trip(driver=Driver(name=D-5), passengers=[Passenger(name=P-18)], duration=1, distance=11.0, discount=null), Trip(driver=Driver(name=D-7), passengers=[Passenger(name=P-11), Passenger(name=P-10), Passenger(name=P-3), Passenger(name=P-9)], duration=27, distance=35.0, discount=0.1)), (Trip(driver=Driver(name=D-5), passengers=[Passenger(name=P-18)], duration=1, distance=11.0, discount=null), Trip(driver=Driver(name=D-9), passengers=[Passenger(name=P-13)], duration=9, distance=22.0, discount=null)), (Trip(driver=Driver(name=D-5), passengers=[Passenger(name=P-18)], duration=1, distance=11.0, discount=null), Trip(driver=Driver(name=D-1), passengers=[Passenger(name=P-12)], duration=36, distance=8.0, discount=null)), (Trip(driver=Driver(name=D-5), passengers=[Passenger(name=P-18)], duration=1, distance=11.0, discount=null), Trip(driver=Driver(name=D-1), passengers=[Passenger(name=P-11), Passenger(name=P-13)], duration=7, distance=15.0, discount=null)), (Trip(driver=Driver(name=D-5), passengers=[Passenger(name=P-18)], duration=1, distance=11.0, discount=null), Trip(driver=Driver(name=D-3), passengers=[Passenger(name=P-10), Passenger(name=P-0)], duration=36, distance=6.0, discount=null)), (Trip(driver=Driver(name=D-5), passengers=[Passenger(name=P-18)], duration=1, distance=11.0, discount=null), Trip(driver=Driver(name=D-3), passengers=[Passenger(name=P-16), Passenger(name=P-12)], duration=28, distance=27.0, discount=null)), (Trip(driver=Driver(name=D-5), passengers=[Passenger(name=P-18)], duration=1, distance=11.0, discount=null), Trip(driver=Driver(name=D-4), passengers=[Passenger(name=P-14), Passenger(name=P-6)], duration=8, distance=34.0, discount=0.4)), (Trip(driver=Driver(name=D-5), passengers=[Passenger(name=P-18)], duration=1, distance=11.0, discount=null), Trip(driver=Driver(name=D-0), passengers=[Passenger(name=P-9)], duration=16, distance=7.0, discount=0.1)), (Trip(driver=Driver(name=D-5), passengers=[Passenger(name=P-18)], duration=1, distance=11.0, discount=null), Trip(driver=Driver(name=D-7), passengers=[Passenger(name=P-11), Passenger(name=P-7), Passenger(name=P-3)], duration=18, distance=2.0, discount=null)), (Trip(driver=Driver(name=D-5), passengers=[Passenger(name=P-18)], duration=1, distance=11.0, discount=null), Trip(driver=Driver(name=D-5), passengers=[Passenger(name=P-3)], duration=15, distance=39.0, discount=0.2)), (Trip(driver=Driver(name=D-5), passengers=[Passenger(name=P-18)], duration=1, distance=11.0, discount=null), Trip(driver=Driver(name=D-3), passengers=[Passenger(name=P-14), Passenger(name=P-7)], duration=31, distance=16.0, discount=null)), (Trip(driver=Driver(name=D-5), passengers=[Passenger(name=P-18)], duration=1, distance=11.0, discount=null), Trip(driver=Driver(name=D-2), passengers=[Passenger(name=P-4)], duration=16, distance=2.0, discount=0.3)), (Trip(driver=Driver(name=D-5), passengers=[Passenger(name=P-18)], duration=1, distance=11.0, discount=null), Trip(driver=Driver(name=D-7), passengers=[Passenger(name=P-7)], duration=14, distance=36.0, discount=null)), (Trip(driver=Driver(name=D-5), passengers=[Passenger(name=P-18)], duration=1, distance=11.0, discount=null), Trip(driver=Driver(name=D-0), passengers=[Passenger(name=P-11)], duration=38, distance=23.0, discount=null)), (Trip(driver=Driver(name=D-5), passengers=[Passenger(name=P-18)], duration=1, distance=11.0, discount=null), Trip(driver=Driver(name=D-7), passengers=[Passenger(name=P-12), Passenger(name=P-6), Passenger(name=P-3), Passenger(name=P-4)], duration=19, distance=3.0, discount=0.1)), (Trip(driver=Driver(name=D-5), passengers=[Passenger(name=P-18)], duration=1, distance=11.0, discount=null), Trip(driver=Driver(name=D-6), passengers=[Passenger(name=P-13), Passenger(name=P-3), Passenger(name=P-9)], duration=2, distance=10.0, discount=0.2)), (Trip(driver=Driver(name=D-5), passengers=[Passenger(name=P-18)], duration=1, distance=11.0, discount=null), Trip(driver=Driver(name=D-7), passengers=[Passenger(name=P-8), Passenger(name=P-2), Passenger(name=P-3), Passenger(name=P-19)], duration=21, distance=6.0, discount=0.3))]
item [(Trip(driver=Driver(name=D-8), passengers=[Passenger(name=P-13), Passenger(name=P-10)], duration=26, distance=4.0, discount=0.4), Trip(driver=Driver(name=D-7), passengers=[Passenger(name=P-18), Passenger(name=P-5)], duration=21, distance=17.0, discount=null)), (Trip(driver=Driver(name=D-8), passengers=[Passenger(name=P-13), Passenger(name=P-10)], duration=26, distance=4.0, discount=0.4), Trip(driver=Driver(name=D-6), passengers=[Passenger(name=P-8), Passenger(name=P-11)], duration=37, distance=29.0, discount=0.1)), (Trip(driver=Driver(name=D-8), passengers=[Passenger(name=P-13), Passenger(name=P-10)], duration=26, distance=4.0, discount=0.4), Trip(driver=Driver(name=D-5), passengers=[Passenger(name=P-19), Passenger(name=P-11), Passenger(name=P-10), Passenger(name=P-4)], duration=33, distance=12.0, discount=0.2)), (Trip(driver=Driver(name=D-8), passengers=[Passenger(name=P-13), Passenger(name=P-10)], duration=26, distance=4.0, discount=0.4), Trip(driver=Driver(name=D-7), passengers=[Passenger(name=P-4), Passenger(name=P-3)], duration=8, distance=2.0, discount=null)), (Trip(driver=Driver(name=D-8), passengers=[Passenger(name=P-13), Passenger(name=P-10)], duration=26, distance=4.0, discount=0.4), Trip(driver=Driver(name=D-5), passengers=[Passenger(name=P-18)], duration=1, distance=11.0, discount=null)), (Trip(driver=Driver(name=D-8), passengers=[Passenger(name=P-13), Passenger(name=P-10)], duration=26, distance=4.0, discount=0.4), Trip(driver=Driver(name=D-8), passengers=[Passenger(name=P-13), Passenger(name=P-10)], duration=26, distance=4.0, discount=0.4)), (Trip(driver=Driver(name=D-8), passengers=[Passenger(name=P-13), Passenger(name=P-10)], duration=26, distance=4.0, discount=0.4), Trip(driver=Driver(name=D-0), passengers=[Passenger(name=P-14), Passenger(name=P-16), Passenger(name=P-1)], duration=35, distance=33.0, discount=null)), (Trip(driver=Driver(name=D-8), passengers=[Passenger(name=P-13), Passenger(name=P-10)], duration=26, distance=4.0, discount=0.4), Trip(driver=Driver(name=D-8), passengers=[Passenger(name=P-13), Passenger(name=P-8)], duration=9, distance=29.0, discount=null)), (Trip(driver=Driver(name=D-8), passengers=[Passenger(name=P-13), Passenger(name=P-10)], duration=26, distance=4.0, discount=0.4), Trip(driver=Driver(name=D-0), passengers=[Passenger(name=P-12)], duration=31, distance=5.0, discount=null)), (Trip(driver=Driver(name=D-8), passengers=[Passenger(name=P-13), Passenger(name=P-10)], duration=26, distance=4.0, discount=0.4), Trip(driver=Driver(name=D-5), passengers=[Passenger(name=P-2), Passenger(name=P-11), Passenger(name=P-4)], duration=22, distance=18.0, discount=0.3)), (Trip(driver=Driver(name=D-8), passengers=[Passenger(name=P-13), Passenger(name=P-10)], duration=26, distance=4.0, discount=0.4), Trip(driver=Driver(name=D-5), passengers=[Passenger(name=P-19), Passenger(name=P-13)], duration=21, distance=16.0, discount=0.3)), (Trip(driver=Driver(name=D-8), passengers=[Passenger(name=P-13), Passenger(name=P-10)], duration=26, distance=4.0, discount=0.4), Trip(driver=Driver(name=D-6), passengers=[Passenger(name=P-4)], duration=11, distance=16.0, discount=null)), (Trip(driver=Driver(name=D-8), passengers=[Passenger(name=P-13), Passenger(name=P-10)], duration=26, distance=4.0, discount=0.4), Trip(driver=Driver(name=D-9), passengers=[Passenger(name=P-14), Passenger(name=P-16)], duration=3, distance=9.0, discount=null)), (Trip(driver=Driver(name=D-8), passengers=[Passenger(name=P-13), Passenger(name=P-10)], duration=26, distance=4.0, discount=0.4), Trip(driver=Driver(name=D-7), passengers=[Passenger(name=P-11), Passenger(name=P-10), Passenger(name=P-3), Passenger(name=P-9)], duration=27, distance=35.0, discount=0.1)), (Trip(driver=Driver(name=D-8), passengers=[Passenger(name=P-13), Passenger(name=P-10)], duration=26, distance=4.0, discount=0.4), Trip(driver=Driver(name=D-9), passengers=[Passenger(name=P-13)], duration=9, distance=22.0, discount=null)), (Trip(driver=Driver(name=D-8), passengers=[Passenger(name=P-13), Passenger(name=P-10)], duration=26, distance=4.0, discount=0.4), Trip(driver=Driver(name=D-1), passengers=[Passenger(name=P-12)], duration=36, distance=8.0, discount=null)), (Trip(driver=Driver(name=D-8), passengers=[Passenger(name=P-13), Passenger(name=P-10)], duration=26, distance=4.0, discount=0.4), Trip(driver=Driver(name=D-1), passengers=[Passenger(name=P-11), Passenger(name=P-13)], duration=7, distance=15.0, discount=null)), (Trip(driver=Driver(name=D-8), passengers=[Passenger(name=P-13), Passenger(name=P-10)], duration=26, distance=4.0, discount=0.4), Trip(driver=Driver(name=D-3), passengers=[Passenger(name=P-10), Passenger(name=P-0)], duration=36, distance=6.0, discount=null)), (Trip(driver=Driver(name=D-8), passengers=[Passenger(name=P-13), Passenger(name=P-10)], duration=26, distance=4.0, discount=0.4), Trip(driver=Driver(name=D-3), passengers=[Passenger(name=P-16), Passenger(name=P-12)], duration=28, distance=27.0, discount=null)), (Trip(driver=Driver(name=D-8), passengers=[Passenger(name=P-13), Passenger(name=P-10)], duration=26, distance=4.0, discount=0.4), Trip(driver=Driver(name=D-4), passengers=[Passenger(name=P-14), Passenger(name=P-6)], duration=8, distance=34.0, discount=0.4)), (Trip(driver=Driver(name=D-8), passengers=[Passenger(name=P-13), Passenger(name=P-10)], duration=26, distance=4.0, discount=0.4), Trip(driver=Driver(name=D-0), passengers=[Passenger(name=P-9)], duration=16, distance=7.0, discount=0.1)), (Trip(driver=Driver(name=D-8), passengers=[Passenger(name=P-13), Passenger(name=P-10)], duration=26, distance=4.0, discount=0.4), Trip(driver=Driver(name=D-7), passengers=[Passenger(name=P-11), Passenger(name=P-7), Passenger(name=P-3)], duration=18, distance=2.0, discount=null)), (Trip(driver=Driver(name=D-8), passengers=[Passenger(name=P-13), Passenger(name=P-10)], duration=26, distance=4.0, discount=0.4), Trip(driver=Driver(name=D-5), passengers=[Passenger(name=P-3)], duration=15, distance=39.0, discount=0.2)), (Trip(driver=Driver(name=D-8), passengers=[Passenger(name=P-13), Passenger(name=P-10)], duration=26, distance=4.0, discount=0.4), Trip(driver=Driver(name=D-3), passengers=[Passenger(name=P-14), Passenger(name=P-7)], duration=31, distance=16.0, discount=null)), (Trip(driver=Driver(name=D-8), passengers=[Passenger(name=P-13), Passenger(name=P-10)], duration=26, distance=4.0, discount=0.4), Trip(driver=Driver(name=D-2), passengers=[Passenger(name=P-4)], duration=16, distance=2.0, discount=0.3)), (Trip(driver=Driver(name=D-8), passengers=[Passenger(name=P-13), Passenger(name=P-10)], duration=26, distance=4.0, discount=0.4), Trip(driver=Driver(name=D-7), passengers=[Passenger(name=P-7)], duration=14, distance=36.0, discount=null)), (Trip(driver=Driver(name=D-8), passengers=[Passenger(name=P-13), Passenger(name=P-10)], duration=26, distance=4.0, discount=0.4), Trip(driver=Driver(name=D-0), passengers=[Passenger(name=P-11)], duration=38, distance=23.0, discount=null)), (Trip(driver=Driver(name=D-8), passengers=[Passenger(name=P-13), Passenger(name=P-10)], duration=26, distance=4.0, discount=0.4), Trip(driver=Driver(name=D-7), passengers=[Passenger(name=P-12), Passenger(name=P-6), Passenger(name=P-3), Passenger(name=P-4)], duration=19, distance=3.0, discount=0.1)), (Trip(driver=Driver(name=D-8), passengers=[Passenger(name=P-13), Passenger(name=P-10)], duration=26, distance=4.0, discount=0.4), Trip(driver=Driver(name=D-6), passengers=[Passenger(name=P-13), Passenger(name=P-3), Passenger(name=P-9)], duration=2, distance=10.0, discount=0.2)), (Trip(driver=Driver(name=D-8), passengers=[Passenger(name=P-13), Passenger(name=P-10)], duration=26, distance=4.0, discount=0.4), Trip(driver=Driver(name=D-7), passengers=[Passenger(name=P-8), Passenger(name=P-2), Passenger(name=P-3), Passenger(name=P-19)], duration=21, distance=6.0, discount=0.3))]
item [(Trip(driver=Driver(name=D-0), passengers=[Passenger(name=P-14), Passenger(name=P-16), Passenger(name=P-1)], duration=35, distance=33.0, discount=null), Trip(driver=Driver(name=D-7), passengers=[Passenger(name=P-18), Passenger(name=P-5)], duration=21, distance=17.0, discount=null)), (Trip(driver=Driver(name=D-0), passengers=[Passenger(name=P-14), Passenger(name=P-16), Passenger(name=P-1)], duration=35, distance=33.0, discount=null), Trip(driver=Driver(name=D-6), passengers=[Passenger(name=P-8), Passenger(name=P-11)], duration=37, distance=29.0, discount=0.1)), (Trip(driver=Driver(name=D-0), passengers=[Passenger(name=P-14), Passenger(name=P-16), Passenger(name=P-1)], duration=35, distance=33.0, discount=null), Trip(driver=Driver(name=D-5), passengers=[Passenger(name=P-19), Passenger(name=P-11), Passenger(name=P-10), Passenger(name=P-4)], duration=33, distance=12.0, discount=0.2)), (Trip(driver=Driver(name=D-0), passengers=[Passenger(name=P-14), Passenger(name=P-16), Passenger(name=P-1)], duration=35, distance=33.0, discount=null), Trip(driver=Driver(name=D-7), passengers=[Passenger(name=P-4), Passenger(name=P-3)], duration=8, distance=2.0, discount=null)), (Trip(driver=Driver(name=D-0), passengers=[Passenger(name=P-14), Passenger(name=P-16), Passenger(name=P-1)], duration=35, distance=33.0, discount=null), Trip(driver=Driver(name=D-5), passengers=[Passenger(name=P-18)], duration=1, distance=11.0, discount=null)), (Trip(driver=Driver(name=D-0), passengers=[Passenger(name=P-14), Passenger(name=P-16), Passenger(name=P-1)], duration=35, distance=33.0, discount=null), Trip(driver=Driver(name=D-8), passengers=[Passenger(name=P-13), Passenger(name=P-10)], duration=26, distance=4.0, discount=0.4)), (Trip(driver=Driver(name=D-0), passengers=[Passenger(name=P-14), Passenger(name=P-16), Passenger(name=P-1)], duration=35, distance=33.0, discount=null), Trip(driver=Driver(name=D-0), passengers=[Passenger(name=P-14), Passenger(name=P-16), Passenger(name=P-1)], duration=35, distance=33.0, discount=null)), (Trip(driver=Driver(name=D-0), passengers=[Passenger(name=P-14), Passenger(name=P-16), Passenger(name=P-1)], duration=35, distance=33.0, discount=null), Trip(driver=Driver(name=D-8), passengers=[Passenger(name=P-13), Passenger(name=P-8)], duration=9, distance=29.0, discount=null)), (Trip(driver=Driver(name=D-0), passengers=[Passenger(name=P-14), Passenger(name=P-16), Passenger(name=P-1)], duration=35, distance=33.0, discount=null), Trip(driver=Driver(name=D-0), passengers=[Passenger(name=P-12)], duration=31, distance=5.0, discount=null)), (Trip(driver=Driver(name=D-0), passengers=[Passenger(name=P-14), Passenger(name=P-16), Passenger(name=P-1)], duration=35, distance=33.0, discount=null), Trip(driver=Driver(name=D-5), passengers=[Passenger(name=P-2), Passenger(name=P-11), Passenger(name=P-4)], duration=22, distance=18.0, discount=0.3)), (Trip(driver=Driver(name=D-0), passengers=[Passenger(name=P-14), Passenger(name=P-16), Passenger(name=P-1)], duration=35, distance=33.0, discount=null), Trip(driver=Driver(name=D-5), passengers=[Passenger(name=P-19), Passenger(name=P-13)], duration=21, distance=16.0, discount=0.3)), (Trip(driver=Driver(name=D-0), passengers=[Passenger(name=P-14), Passenger(name=P-16), Passenger(name=P-1)], duration=35, distance=33.0, discount=null), Trip(driver=Driver(name=D-6), passengers=[Passenger(name=P-4)], duration=11, distance=16.0, discount=null)), (Trip(driver=Driver(name=D-0), passengers=[Passenger(name=P-14), Passenger(name=P-16), Passenger(name=P-1)], duration=35, distance=33.0, discount=null), Trip(driver=Driver(name=D-9), passengers=[Passenger(name=P-14), Passenger(name=P-16)], duration=3, distance=9.0, discount=null)), (Trip(driver=Driver(name=D-0), passengers=[Passenger(name=P-14), Passenger(name=P-16), Passenger(name=P-1)], duration=35, distance=33.0, discount=null), Trip(driver=Driver(name=D-7), passengers=[Passenger(name=P-11), Passenger(name=P-10), Passenger(name=P-3), Passenger(name=P-9)], duration=27, distance=35.0, discount=0.1)), (Trip(driver=Driver(name=D-0), passengers=[Passenger(name=P-14), Passenger(name=P-16), Passenger(name=P-1)], duration=35, distance=33.0, discount=null), Trip(driver=Driver(name=D-9), passengers=[Passenger(name=P-13)], duration=9, distance=22.0, discount=null)), (Trip(driver=Driver(name=D-0), passengers=[Passenger(name=P-14), Passenger(name=P-16), Passenger(name=P-1)], duration=35, distance=33.0, discount=null), Trip(driver=Driver(name=D-1), passengers=[Passenger(name=P-12)], duration=36, distance=8.0, discount=null)), (Trip(driver=Driver(name=D-0), passengers=[Passenger(name=P-14), Passenger(name=P-16), Passenger(name=P-1)], duration=35, distance=33.0, discount=null), Trip(driver=Driver(name=D-1), passengers=[Passenger(name=P-11), Passenger(name=P-13)], duration=7, distance=15.0, discount=null)), (Trip(driver=Driver(name=D-0), passengers=[Passenger(name=P-14), Passenger(name=P-16), Passenger(name=P-1)], duration=35, distance=33.0, discount=null), Trip(driver=Driver(name=D-3), passengers=[Passenger(name=P-10), Passenger(name=P-0)], duration=36, distance=6.0, discount=null)), (Trip(driver=Driver(name=D-0), passengers=[Passenger(name=P-14), Passenger(name=P-16), Passenger(name=P-1)], duration=35, distance=33.0, discount=null), Trip(driver=Driver(name=D-3), passengers=[Passenger(name=P-16), Passenger(name=P-12)], duration=28, distance=27.0, discount=null)), (Trip(driver=Driver(name=D-0), passengers=[Passenger(name=P-14), Passenger(name=P-16), Passenger(name=P-1)], duration=35, distance=33.0, discount=null), Trip(driver=Driver(name=D-4), passengers=[Passenger(name=P-14), Passenger(name=P-6)], duration=8, distance=34.0, discount=0.4)), (Trip(driver=Driver(name=D-0), passengers=[Passenger(name=P-14), Passenger(name=P-16), Passenger(name=P-1)], duration=35, distance=33.0, discount=null), Trip(driver=Driver(name=D-0), passengers=[Passenger(name=P-9)], duration=16, distance=7.0, discount=0.1)), (Trip(driver=Driver(name=D-0), passengers=[Passenger(name=P-14), Passenger(name=P-16), Passenger(name=P-1)], duration=35, distance=33.0, discount=null), Trip(driver=Driver(name=D-7), passengers=[Passenger(name=P-11), Passenger(name=P-7), Passenger(name=P-3)], duration=18, distance=2.0, discount=null)), (Trip(driver=Driver(name=D-0), passengers=[Passenger(name=P-14), Passenger(name=P-16), Passenger(name=P-1)], duration=35, distance=33.0, discount=null), Trip(driver=Driver(name=D-5), passengers=[Passenger(name=P-3)], duration=15, distance=39.0, discount=0.2)), (Trip(driver=Driver(name=D-0), passengers=[Passenger(name=P-14), Passenger(name=P-16), Passenger(name=P-1)], duration=35, distance=33.0, discount=null), Trip(driver=Driver(name=D-3), passengers=[Passenger(name=P-14), Passenger(name=P-7)], duration=31, distance=16.0, discount=null)), (Trip(driver=Driver(name=D-0), passengers=[Passenger(name=P-14), Passenger(name=P-16), Passenger(name=P-1)], duration=35, distance=33.0, discount=null), Trip(driver=Driver(name=D-2), passengers=[Passenger(name=P-4)], duration=16, distance=2.0, discount=0.3)), (Trip(driver=Driver(name=D-0), passengers=[Passenger(name=P-14), Passenger(name=P-16), Passenger(name=P-1)], duration=35, distance=33.0, discount=null), Trip(driver=Driver(name=D-7), passengers=[Passenger(name=P-7)], duration=14, distance=36.0, discount=null)), (Trip(driver=Driver(name=D-0), passengers=[Passenger(name=P-14), Passenger(name=P-16), Passenger(name=P-1)], duration=35, distance=33.0, discount=null), Trip(driver=Driver(name=D-0), passengers=[Passenger(name=P-11)], duration=38, distance=23.0, discount=null)), (Trip(driver=Driver(name=D-0), passengers=[Passenger(name=P-14), Passenger(name=P-16), Passenger(name=P-1)], duration=35, distance=33.0, discount=null), Trip(driver=Driver(name=D-7), passengers=[Passenger(name=P-12), Passenger(name=P-6), Passenger(name=P-3), Passenger(name=P-4)], duration=19, distance=3.0, discount=0.1)), (Trip(driver=Driver(name=D-0), passengers=[Passenger(name=P-14), Passenger(name=P-16), Passenger(name=P-1)], duration=35, distance=33.0, discount=null), Trip(driver=Driver(name=D-6), passengers=[Passenger(name=P-13), Passenger(name=P-3), Passenger(name=P-9)], duration=2, distance=10.0, discount=0.2)), (Trip(driver=Driver(name=D-0), passengers=[Passenger(name=P-14), Passenger(name=P-16), Passenger(name=P-1)], duration=35, distance=33.0, discount=null), Trip(driver=Driver(name=D-7), passengers=[Passenger(name=P-8), Passenger(name=P-2), Passenger(name=P-3), Passenger(name=P-19)], duration=21, distance=6.0, discount=0.3))]
item [(Trip(driver=Driver(name=D-8), passengers=[Passenger(name=P-13), Passenger(name=P-8)], duration=9, distance=29.0, discount=null), Trip(driver=Driver(name=D-7), passengers=[Passenger(name=P-18), Passenger(name=P-5)], duration=21, distance=17.0, discount=null)), (Trip(driver=Driver(name=D-8), passengers=[Passenger(name=P-13), Passenger(name=P-8)], duration=9, distance=29.0, discount=null), Trip(driver=Driver(name=D-6), passengers=[Passenger(name=P-8), Passenger(name=P-11)], duration=37, distance=29.0, discount=0.1)), (Trip(driver=Driver(name=D-8), passengers=[Passenger(name=P-13), Passenger(name=P-8)], duration=9, distance=29.0, discount=null), Trip(driver=Driver(name=D-5), passengers=[Passenger(name=P-19), Passenger(name=P-11), Passenger(name=P-10), Passenger(name=P-4)], duration=33, distance=12.0, discount=0.2)), (Trip(driver=Driver(name=D-8), passengers=[Passenger(name=P-13), Passenger(name=P-8)], duration=9, distance=29.0, discount=null), Trip(driver=Driver(name=D-7), passengers=[Passenger(name=P-4), Passenger(name=P-3)], duration=8, distance=2.0, discount=null)), (Trip(driver=Driver(name=D-8), passengers=[Passenger(name=P-13), Passenger(name=P-8)], duration=9, distance=29.0, discount=null), Trip(driver=Driver(name=D-5), passengers=[Passenger(name=P-18)], duration=1, distance=11.0, discount=null)), (Trip(driver=Driver(name=D-8), passengers=[Passenger(name=P-13), Passenger(name=P-8)], duration=9, distance=29.0, discount=null), Trip(driver=Driver(name=D-8), passengers=[Passenger(name=P-13), Passenger(name=P-10)], duration=26, distance=4.0, discount=0.4)), (Trip(driver=Driver(name=D-8), passengers=[Passenger(name=P-13), Passenger(name=P-8)], duration=9, distance=29.0, discount=null), Trip(driver=Driver(name=D-0), passengers=[Passenger(name=P-14), Passenger(name=P-16), Passenger(name=P-1)], duration=35, distance=33.0, discount=null)), (Trip(driver=Driver(name=D-8), passengers=[Passenger(name=P-13), Passenger(name=P-8)], duration=9, distance=29.0, discount=null), Trip(driver=Driver(name=D-8), passengers=[Passenger(name=P-13), Passenger(name=P-8)], duration=9, distance=29.0, discount=null)), (Trip(driver=Driver(name=D-8), passengers=[Passenger(name=P-13), Passenger(name=P-8)], duration=9, distance=29.0, discount=null), Trip(driver=Driver(name=D-0), passengers=[Passenger(name=P-12)], duration=31, distance=5.0, discount=null)), (Trip(driver=Driver(name=D-8), passengers=[Passenger(name=P-13), Passenger(name=P-8)], duration=9, distance=29.0, discount=null), Trip(driver=Driver(name=D-5), passengers=[Passenger(name=P-2), Passenger(name=P-11), Passenger(name=P-4)], duration=22, distance=18.0, discount=0.3)), (Trip(driver=Driver(name=D-8), passengers=[Passenger(name=P-13), Passenger(name=P-8)], duration=9, distance=29.0, discount=null), Trip(driver=Driver(name=D-5), passengers=[Passenger(name=P-19), Passenger(name=P-13)], duration=21, distance=16.0, discount=0.3)), (Trip(driver=Driver(name=D-8), passengers=[Passenger(name=P-13), Passenger(name=P-8)], duration=9, distance=29.0, discount=null), Trip(driver=Driver(name=D-6), passengers=[Passenger(name=P-4)], duration=11, distance=16.0, discount=null)), (Trip(driver=Driver(name=D-8), passengers=[Passenger(name=P-13), Passenger(name=P-8)], duration=9, distance=29.0, discount=null), Trip(driver=Driver(name=D-9), passengers=[Passenger(name=P-14), Passenger(name=P-16)], duration=3, distance=9.0, discount=null)), (Trip(driver=Driver(name=D-8), passengers=[Passenger(name=P-13), Passenger(name=P-8)], duration=9, distance=29.0, discount=null), Trip(driver=Driver(name=D-7), passengers=[Passenger(name=P-11), Passenger(name=P-10), Passenger(name=P-3), Passenger(name=P-9)], duration=27, distance=35.0, discount=0.1)), (Trip(driver=Driver(name=D-8), passengers=[Passenger(name=P-13), Passenger(name=P-8)], duration=9, distance=29.0, discount=null), Trip(driver=Driver(name=D-9), passengers=[Passenger(name=P-13)], duration=9, distance=22.0, discount=null)), (Trip(driver=Driver(name=D-8), passengers=[Passenger(name=P-13), Passenger(name=P-8)], duration=9, distance=29.0, discount=null), Trip(driver=Driver(name=D-1), passengers=[Passenger(name=P-12)], duration=36, distance=8.0, discount=null)), (Trip(driver=Driver(name=D-8), passengers=[Passenger(name=P-13), Passenger(name=P-8)], duration=9, distance=29.0, discount=null), Trip(driver=Driver(name=D-1), passengers=[Passenger(name=P-11), Passenger(name=P-13)], duration=7, distance=15.0, discount=null)), (Trip(driver=Driver(name=D-8), passengers=[Passenger(name=P-13), Passenger(name=P-8)], duration=9, distance=29.0, discount=null), Trip(driver=Driver(name=D-3), passengers=[Passenger(name=P-10), Passenger(name=P-0)], duration=36, distance=6.0, discount=null)), (Trip(driver=Driver(name=D-8), passengers=[Passenger(name=P-13), Passenger(name=P-8)], duration=9, distance=29.0, discount=null), Trip(driver=Driver(name=D-3), passengers=[Passenger(name=P-16), Passenger(name=P-12)], duration=28, distance=27.0, discount=null)), (Trip(driver=Driver(name=D-8), passengers=[Passenger(name=P-13), Passenger(name=P-8)], duration=9, distance=29.0, discount=null), Trip(driver=Driver(name=D-4), passengers=[Passenger(name=P-14), Passenger(name=P-6)], duration=8, distance=34.0, discount=0.4)), (Trip(driver=Driver(name=D-8), passengers=[Passenger(name=P-13), Passenger(name=P-8)], duration=9, distance=29.0, discount=null), Trip(driver=Driver(name=D-0), passengers=[Passenger(name=P-9)], duration=16, distance=7.0, discount=0.1)), (Trip(driver=Driver(name=D-8), passengers=[Passenger(name=P-13), Passenger(name=P-8)], duration=9, distance=29.0, discount=null), Trip(driver=Driver(name=D-7), passengers=[Passenger(name=P-11), Passenger(name=P-7), Passenger(name=P-3)], duration=18, distance=2.0, discount=null)), (Trip(driver=Driver(name=D-8), passengers=[Passenger(name=P-13), Passenger(name=P-8)], duration=9, distance=29.0, discount=null), Trip(driver=Driver(name=D-5), passengers=[Passenger(name=P-3)], duration=15, distance=39.0, discount=0.2)), (Trip(driver=Driver(name=D-8), passengers=[Passenger(name=P-13), Passenger(name=P-8)], duration=9, distance=29.0, discount=null), Trip(driver=Driver(name=D-3), passengers=[Passenger(name=P-14), Passenger(name=P-7)], duration=31, distance=16.0, discount=null)), (Trip(driver=Driver(name=D-8), passengers=[Passenger(name=P-13), Passenger(name=P-8)], duration=9, distance=29.0, discount=null), Trip(driver=Driver(name=D-2), passengers=[Passenger(name=P-4)], duration=16, distance=2.0, discount=0.3)), (Trip(driver=Driver(name=D-8), passengers=[Passenger(name=P-13), Passenger(name=P-8)], duration=9, distance=29.0, discount=null), Trip(driver=Driver(name=D-7), passengers=[Passenger(name=P-7)], duration=14, distance=36.0, discount=null)), (Trip(driver=Driver(name=D-8), passengers=[Passenger(name=P-13), Passenger(name=P-8)], duration=9, distance=29.0, discount=null), Trip(driver=Driver(name=D-0), passengers=[Passenger(name=P-11)], duration=38, distance=23.0, discount=null)), (Trip(driver=Driver(name=D-8), passengers=[Passenger(name=P-13), Passenger(name=P-8)], duration=9, distance=29.0, discount=null), Trip(driver=Driver(name=D-7), passengers=[Passenger(name=P-12), Passenger(name=P-6), Passenger(name=P-3), Passenger(name=P-4)], duration=19, distance=3.0, discount=0.1)), (Trip(driver=Driver(name=D-8), passengers=[Passenger(name=P-13), Passenger(name=P-8)], duration=9, distance=29.0, discount=null), Trip(driver=Driver(name=D-6), passengers=[Passenger(name=P-13), Passenger(name=P-3), Passenger(name=P-9)], duration=2, distance=10.0, discount=0.2)), (Trip(driver=Driver(name=D-8), passengers=[Passenger(name=P-13), Passenger(name=P-8)], duration=9, distance=29.0, discount=null), Trip(driver=Driver(name=D-7), passengers=[Passenger(name=P-8), Passenger(name=P-2), Passenger(name=P-3), Passenger(name=P-19)], duration=21, distance=6.0, discount=0.3))]
item [(Trip(driver=Driver(name=D-0), passengers=[Passenger(name=P-12)], duration=31, distance=5.0, discount=null), Trip(driver=Driver(name=D-7), passengers=[Passenger(name=P-18), Passenger(name=P-5)], duration=21, distance=17.0, discount=null)), (Trip(driver=Driver(name=D-0), passengers=[Passenger(name=P-12)], duration=31, distance=5.0, discount=null), Trip(driver=Driver(name=D-6), passengers=[Passenger(name=P-8), Passenger(name=P-11)], duration=37, distance=29.0, discount=0.1)), (Trip(driver=Driver(name=D-0), passengers=[Passenger(name=P-12)], duration=31, distance=5.0, discount=null), Trip(driver=Driver(name=D-5), passengers=[Passenger(name=P-19), Passenger(name=P-11), Passenger(name=P-10), Passenger(name=P-4)], duration=33, distance=12.0, discount=0.2)), (Trip(driver=Driver(name=D-0), passengers=[Passenger(name=P-12)], duration=31, distance=5.0, discount=null), Trip(driver=Driver(name=D-7), passengers=[Passenger(name=P-4), Passenger(name=P-3)], duration=8, distance=2.0, discount=null)), (Trip(driver=Driver(name=D-0), passengers=[Passenger(name=P-12)], duration=31, distance=5.0, discount=null), Trip(driver=Driver(name=D-5), passengers=[Passenger(name=P-18)], duration=1, distance=11.0, discount=null)), (Trip(driver=Driver(name=D-0), passengers=[Passenger(name=P-12)], duration=31, distance=5.0, discount=null), Trip(driver=Driver(name=D-8), passengers=[Passenger(name=P-13), Passenger(name=P-10)], duration=26, distance=4.0, discount=0.4)), (Trip(driver=Driver(name=D-0), passengers=[Passenger(name=P-12)], duration=31, distance=5.0, discount=null), Trip(driver=Driver(name=D-0), passengers=[Passenger(name=P-14), Passenger(name=P-16), Passenger(name=P-1)], duration=35, distance=33.0, discount=null)), (Trip(driver=Driver(name=D-0), passengers=[Passenger(name=P-12)], duration=31, distance=5.0, discount=null), Trip(driver=Driver(name=D-8), passengers=[Passenger(name=P-13), Passenger(name=P-8)], duration=9, distance=29.0, discount=null)), (Trip(driver=Driver(name=D-0), passengers=[Passenger(name=P-12)], duration=31, distance=5.0, discount=null), Trip(driver=Driver(name=D-0), passengers=[Passenger(name=P-12)], duration=31, distance=5.0, discount=null)), (Trip(driver=Driver(name=D-0), passengers=[Passenger(name=P-12)], duration=31, distance=5.0, discount=null), Trip(driver=Driver(name=D-5), passengers=[Passenger(name=P-2), Passenger(name=P-11), Passenger(name=P-4)], duration=22, distance=18.0, discount=0.3)), (Trip(driver=Driver(name=D-0), passengers=[Passenger(name=P-12)], duration=31, distance=5.0, discount=null), Trip(driver=Driver(name=D-5), passengers=[Passenger(name=P-19), Passenger(name=P-13)], duration=21, distance=16.0, discount=0.3)), (Trip(driver=Driver(name=D-0), passengers=[Passenger(name=P-12)], duration=31, distance=5.0, discount=null), Trip(driver=Driver(name=D-6), passengers=[Passenger(name=P-4)], duration=11, distance=16.0, discount=null)), (Trip(driver=Driver(name=D-0), passengers=[Passenger(name=P-12)], duration=31, distance=5.0, discount=null), Trip(driver=Driver(name=D-9), passengers=[Passenger(name=P-14), Passenger(name=P-16)], duration=3, distance=9.0, discount=null)), (Trip(driver=Driver(name=D-0), passengers=[Passenger(name=P-12)], duration=31, distance=5.0, discount=null), Trip(driver=Driver(name=D-7), passengers=[Passenger(name=P-11), Passenger(name=P-10), Passenger(name=P-3), Passenger(name=P-9)], duration=27, distance=35.0, discount=0.1)), (Trip(driver=Driver(name=D-0), passengers=[Passenger(name=P-12)], duration=31, distance=5.0, discount=null), Trip(driver=Driver(name=D-9), passengers=[Passenger(name=P-13)], duration=9, distance=22.0, discount=null)), (Trip(driver=Driver(name=D-0), passengers=[Passenger(name=P-12)], duration=31, distance=5.0, discount=null), Trip(driver=Driver(name=D-1), passengers=[Passenger(name=P-12)], duration=36, distance=8.0, discount=null)), (Trip(driver=Driver(name=D-0), passengers=[Passenger(name=P-12)], duration=31, distance=5.0, discount=null), Trip(driver=Driver(name=D-1), passengers=[Passenger(name=P-11), Passenger(name=P-13)], duration=7, distance=15.0, discount=null)), (Trip(driver=Driver(name=D-0), passengers=[Passenger(name=P-12)], duration=31, distance=5.0, discount=null), Trip(driver=Driver(name=D-3), passengers=[Passenger(name=P-10), Passenger(name=P-0)], duration=36, distance=6.0, discount=null)), (Trip(driver=Driver(name=D-0), passengers=[Passenger(name=P-12)], duration=31, distance=5.0, discount=null), Trip(driver=Driver(name=D-3), passengers=[Passenger(name=P-16), Passenger(name=P-12)], duration=28, distance=27.0, discount=null)), (Trip(driver=Driver(name=D-0), passengers=[Passenger(name=P-12)], duration=31, distance=5.0, discount=null), Trip(driver=Driver(name=D-4), passengers=[Passenger(name=P-14), Passenger(name=P-6)], duration=8, distance=34.0, discount=0.4)), (Trip(driver=Driver(name=D-0), passengers=[Passenger(name=P-12)], duration=31, distance=5.0, discount=null), Trip(driver=Driver(name=D-0), passengers=[Passenger(name=P-9)], duration=16, distance=7.0, discount=0.1)), (Trip(driver=Driver(name=D-0), passengers=[Passenger(name=P-12)], duration=31, distance=5.0, discount=null), Trip(driver=Driver(name=D-7), passengers=[Passenger(name=P-11), Passenger(name=P-7), Passenger(name=P-3)], duration=18, distance=2.0, discount=null)), (Trip(driver=Driver(name=D-0), passengers=[Passenger(name=P-12)], duration=31, distance=5.0, discount=null), Trip(driver=Driver(name=D-5), passengers=[Passenger(name=P-3)], duration=15, distance=39.0, discount=0.2)), (Trip(driver=Driver(name=D-0), passengers=[Passenger(name=P-12)], duration=31, distance=5.0, discount=null), Trip(driver=Driver(name=D-3), passengers=[Passenger(name=P-14), Passenger(name=P-7)], duration=31, distance=16.0, discount=null)), (Trip(driver=Driver(name=D-0), passengers=[Passenger(name=P-12)], duration=31, distance=5.0, discount=null), Trip(driver=Driver(name=D-2), passengers=[Passenger(name=P-4)], duration=16, distance=2.0, discount=0.3)), (Trip(driver=Driver(name=D-0), passengers=[Passenger(name=P-12)], duration=31, distance=5.0, discount=null), Trip(driver=Driver(name=D-7), passengers=[Passenger(name=P-7)], duration=14, distance=36.0, discount=null)), (Trip(driver=Driver(name=D-0), passengers=[Passenger(name=P-12)], duration=31, distance=5.0, discount=null), Trip(driver=Driver(name=D-0), passengers=[Passenger(name=P-11)], duration=38, distance=23.0, discount=null)), (Trip(driver=Driver(name=D-0), passengers=[Passenger(name=P-12)], duration=31, distance=5.0, discount=null), Trip(driver=Driver(name=D-7), passengers=[Passenger(name=P-12), Passenger(name=P-6), Passenger(name=P-3), Passenger(name=P-4)], duration=19, distance=3.0, discount=0.1)), (Trip(driver=Driver(name=D-0), passengers=[Passenger(name=P-12)], duration=31, distance=5.0, discount=null), Trip(driver=Driver(name=D-6), passengers=[Passenger(name=P-13), Passenger(name=P-3), Passenger(name=P-9)], duration=2, distance=10.0, discount=0.2)), (Trip(driver=Driver(name=D-0), passengers=[Passenger(name=P-12)], duration=31, distance=5.0, discount=null), Trip(driver=Driver(name=D-7), passengers=[Passenger(name=P-8), Passenger(name=P-2), Passenger(name=P-3), Passenger(name=P-19)], duration=21, distance=6.0, discount=0.3))]
item [(Trip(driver=Driver(name=D-5), passengers=[Passenger(name=P-2), Passenger(name=P-11), Passenger(name=P-4)], duration=22, distance=18.0, discount=0.3), Trip(driver=Driver(name=D-7), passengers=[Passenger(name=P-18), Passenger(name=P-5)], duration=21, distance=17.0, discount=null)), (Trip(driver=Driver(name=D-5), passengers=[Passenger(name=P-2), Passenger(name=P-11), Passenger(name=P-4)], duration=22, distance=18.0, discount=0.3), Trip(driver=Driver(name=D-6), passengers=[Passenger(name=P-8), Passenger(name=P-11)], duration=37, distance=29.0, discount=0.1)), (Trip(driver=Driver(name=D-5), passengers=[Passenger(name=P-2), Passenger(name=P-11), Passenger(name=P-4)], duration=22, distance=18.0, discount=0.3), Trip(driver=Driver(name=D-5), passengers=[Passenger(name=P-19), Passenger(name=P-11), Passenger(name=P-10), Passenger(name=P-4)], duration=33, distance=12.0, discount=0.2)), (Trip(driver=Driver(name=D-5), passengers=[Passenger(name=P-2), Passenger(name=P-11), Passenger(name=P-4)], duration=22, distance=18.0, discount=0.3), Trip(driver=Driver(name=D-7), passengers=[Passenger(name=P-4), Passenger(name=P-3)], duration=8, distance=2.0, discount=null)), (Trip(driver=Driver(name=D-5), passengers=[Passenger(name=P-2), Passenger(name=P-11), Passenger(name=P-4)], duration=22, distance=18.0, discount=0.3), Trip(driver=Driver(name=D-5), passengers=[Passenger(name=P-18)], duration=1, distance=11.0, discount=null)), (Trip(driver=Driver(name=D-5), passengers=[Passenger(name=P-2), Passenger(name=P-11), Passenger(name=P-4)], duration=22, distance=18.0, discount=0.3), Trip(driver=Driver(name=D-8), passengers=[Passenger(name=P-13), Passenger(name=P-10)], duration=26, distance=4.0, discount=0.4)), (Trip(driver=Driver(name=D-5), passengers=[Passenger(name=P-2), Passenger(name=P-11), Passenger(name=P-4)], duration=22, distance=18.0, discount=0.3), Trip(driver=Driver(name=D-0), passengers=[Passenger(name=P-14), Passenger(name=P-16), Passenger(name=P-1)], duration=35, distance=33.0, discount=null)), (Trip(driver=Driver(name=D-5), passengers=[Passenger(name=P-2), Passenger(name=P-11), Passenger(name=P-4)], duration=22, distance=18.0, discount=0.3), Trip(driver=Driver(name=D-8), passengers=[Passenger(name=P-13), Passenger(name=P-8)], duration=9, distance=29.0, discount=null)), (Trip(driver=Driver(name=D-5), passengers=[Passenger(name=P-2), Passenger(name=P-11), Passenger(name=P-4)], duration=22, distance=18.0, discount=0.3), Trip(driver=Driver(name=D-0), passengers=[Passenger(name=P-12)], duration=31, distance=5.0, discount=null)), (Trip(driver=Driver(name=D-5), passengers=[Passenger(name=P-2), Passenger(name=P-11), Passenger(name=P-4)], duration=22, distance=18.0, discount=0.3), Trip(driver=Driver(name=D-5), passengers=[Passenger(name=P-2), Passenger(name=P-11), Passenger(name=P-4)], duration=22, distance=18.0, discount=0.3)), (Trip(driver=Driver(name=D-5), passengers=[Passenger(name=P-2), Passenger(name=P-11), Passenger(name=P-4)], duration=22, distance=18.0, discount=0.3), Trip(driver=Driver(name=D-5), passengers=[Passenger(name=P-19), Passenger(name=P-13)], duration=21, distance=16.0, discount=0.3)), (Trip(driver=Driver(name=D-5), passengers=[Passenger(name=P-2), Passenger(name=P-11), Passenger(name=P-4)], duration=22, distance=18.0, discount=0.3), Trip(driver=Driver(name=D-6), passengers=[Passenger(name=P-4)], duration=11, distance=16.0, discount=null)), (Trip(driver=Driver(name=D-5), passengers=[Passenger(name=P-2), Passenger(name=P-11), Passenger(name=P-4)], duration=22, distance=18.0, discount=0.3), Trip(driver=Driver(name=D-9), passengers=[Passenger(name=P-14), Passenger(name=P-16)], duration=3, distance=9.0, discount=null)), (Trip(driver=Driver(name=D-5), passengers=[Passenger(name=P-2), Passenger(name=P-11), Passenger(name=P-4)], duration=22, distance=18.0, discount=0.3), Trip(driver=Driver(name=D-7), passengers=[Passenger(name=P-11), Passenger(name=P-10), Passenger(name=P-3), Passenger(name=P-9)], duration=27, distance=35.0, discount=0.1)), (Trip(driver=Driver(name=D-5), passengers=[Passenger(name=P-2), Passenger(name=P-11), Passenger(name=P-4)], duration=22, distance=18.0, discount=0.3), Trip(driver=Driver(name=D-9), passengers=[Passenger(name=P-13)], duration=9, distance=22.0, discount=null)), (Trip(driver=Driver(name=D-5), passengers=[Passenger(name=P-2), Passenger(name=P-11), Passenger(name=P-4)], duration=22, distance=18.0, discount=0.3), Trip(driver=Driver(name=D-1), passengers=[Passenger(name=P-12)], duration=36, distance=8.0, discount=null)), (Trip(driver=Driver(name=D-5), passengers=[Passenger(name=P-2), Passenger(name=P-11), Passenger(name=P-4)], duration=22, distance=18.0, discount=0.3), Trip(driver=Driver(name=D-1), passengers=[Passenger(name=P-11), Passenger(name=P-13)], duration=7, distance=15.0, discount=null)), (Trip(driver=Driver(name=D-5), passengers=[Passenger(name=P-2), Passenger(name=P-11), Passenger(name=P-4)], duration=22, distance=18.0, discount=0.3), Trip(driver=Driver(name=D-3), passengers=[Passenger(name=P-10), Passenger(name=P-0)], duration=36, distance=6.0, discount=null)), (Trip(driver=Driver(name=D-5), passengers=[Passenger(name=P-2), Passenger(name=P-11), Passenger(name=P-4)], duration=22, distance=18.0, discount=0.3), Trip(driver=Driver(name=D-3), passengers=[Passenger(name=P-16), Passenger(name=P-12)], duration=28, distance=27.0, discount=null)), (Trip(driver=Driver(name=D-5), passengers=[Passenger(name=P-2), Passenger(name=P-11), Passenger(name=P-4)], duration=22, distance=18.0, discount=0.3), Trip(driver=Driver(name=D-4), passengers=[Passenger(name=P-14), Passenger(name=P-6)], duration=8, distance=34.0, discount=0.4)), (Trip(driver=Driver(name=D-5), passengers=[Passenger(name=P-2), Passenger(name=P-11), Passenger(name=P-4)], duration=22, distance=18.0, discount=0.3), Trip(driver=Driver(name=D-0), passengers=[Passenger(name=P-9)], duration=16, distance=7.0, discount=0.1)), (Trip(driver=Driver(name=D-5), passengers=[Passenger(name=P-2), Passenger(name=P-11), Passenger(name=P-4)], duration=22, distance=18.0, discount=0.3), Trip(driver=Driver(name=D-7), passengers=[Passenger(name=P-11), Passenger(name=P-7), Passenger(name=P-3)], duration=18, distance=2.0, discount=null)), (Trip(driver=Driver(name=D-5), passengers=[Passenger(name=P-2), Passenger(name=P-11), Passenger(name=P-4)], duration=22, distance=18.0, discount=0.3), Trip(driver=Driver(name=D-5), passengers=[Passenger(name=P-3)], duration=15, distance=39.0, discount=0.2)), (Trip(driver=Driver(name=D-5), passengers=[Passenger(name=P-2), Passenger(name=P-11), Passenger(name=P-4)], duration=22, distance=18.0, discount=0.3), Trip(driver=Driver(name=D-3), passengers=[Passenger(name=P-14), Passenger(name=P-7)], duration=31, distance=16.0, discount=null)), (Trip(driver=Driver(name=D-5), passengers=[Passenger(name=P-2), Passenger(name=P-11), Passenger(name=P-4)], duration=22, distance=18.0, discount=0.3), Trip(driver=Driver(name=D-2), passengers=[Passenger(name=P-4)], duration=16, distance=2.0, discount=0.3)), (Trip(driver=Driver(name=D-5), passengers=[Passenger(name=P-2), Passenger(name=P-11), Passenger(name=P-4)], duration=22, distance=18.0, discount=0.3), Trip(driver=Driver(name=D-7), passengers=[Passenger(name=P-7)], duration=14, distance=36.0, discount=null)), (Trip(driver=Driver(name=D-5), passengers=[Passenger(name=P-2), Passenger(name=P-11), Passenger(name=P-4)], duration=22, distance=18.0, discount=0.3), Trip(driver=Driver(name=D-0), passengers=[Passenger(name=P-11)], duration=38, distance=23.0, discount=null)), (Trip(driver=Driver(name=D-5), passengers=[Passenger(name=P-2), Passenger(name=P-11), Passenger(name=P-4)], duration=22, distance=18.0, discount=0.3), Trip(driver=Driver(name=D-7), passengers=[Passenger(name=P-12), Passenger(name=P-6), Passenger(name=P-3), Passenger(name=P-4)], duration=19, distance=3.0, discount=0.1)), (Trip(driver=Driver(name=D-5), passengers=[Passenger(name=P-2), Passenger(name=P-11), Passenger(name=P-4)], duration=22, distance=18.0, discount=0.3), Trip(driver=Driver(name=D-6), passengers=[Passenger(name=P-13), Passenger(name=P-3), Passenger(name=P-9)], duration=2, distance=10.0, discount=0.2)), (Trip(driver=Driver(name=D-5), passengers=[Passenger(name=P-2), Passenger(name=P-11), Passenger(name=P-4)], duration=22, distance=18.0, discount=0.3), Trip(driver=Driver(name=D-7), passengers=[Passenger(name=P-8), Passenger(name=P-2), Passenger(name=P-3), Passenger(name=P-19)], duration=21, distance=6.0, discount=0.3))]
item [(Trip(driver=Driver(name=D-5), passengers=[Passenger(name=P-19), Passenger(name=P-13)], duration=21, distance=16.0, discount=0.3), Trip(driver=Driver(name=D-7), passengers=[Passenger(name=P-18), Passenger(name=P-5)], duration=21, distance=17.0, discount=null)), (Trip(driver=Driver(name=D-5), passengers=[Passenger(name=P-19), Passenger(name=P-13)], duration=21, distance=16.0, discount=0.3), Trip(driver=Driver(name=D-6), passengers=[Passenger(name=P-8), Passenger(name=P-11)], duration=37, distance=29.0, discount=0.1)), (Trip(driver=Driver(name=D-5), passengers=[Passenger(name=P-19), Passenger(name=P-13)], duration=21, distance=16.0, discount=0.3), Trip(driver=Driver(name=D-5), passengers=[Passenger(name=P-19), Passenger(name=P-11), Passenger(name=P-10), Passenger(name=P-4)], duration=33, distance=12.0, discount=0.2)), (Trip(driver=Driver(name=D-5), passengers=[Passenger(name=P-19), Passenger(name=P-13)], duration=21, distance=16.0, discount=0.3), Trip(driver=Driver(name=D-7), passengers=[Passenger(name=P-4), Passenger(name=P-3)], duration=8, distance=2.0, discount=null)), (Trip(driver=Driver(name=D-5), passengers=[Passenger(name=P-19), Passenger(name=P-13)], duration=21, distance=16.0, discount=0.3), Trip(driver=Driver(name=D-5), passengers=[Passenger(name=P-18)], duration=1, distance=11.0, discount=null)), (Trip(driver=Driver(name=D-5), passengers=[Passenger(name=P-19), Passenger(name=P-13)], duration=21, distance=16.0, discount=0.3), Trip(driver=Driver(name=D-8), passengers=[Passenger(name=P-13), Passenger(name=P-10)], duration=26, distance=4.0, discount=0.4)), (Trip(driver=Driver(name=D-5), passengers=[Passenger(name=P-19), Passenger(name=P-13)], duration=21, distance=16.0, discount=0.3), Trip(driver=Driver(name=D-0), passengers=[Passenger(name=P-14), Passenger(name=P-16), Passenger(name=P-1)], duration=35, distance=33.0, discount=null)), (Trip(driver=Driver(name=D-5), passengers=[Passenger(name=P-19), Passenger(name=P-13)], duration=21, distance=16.0, discount=0.3), Trip(driver=Driver(name=D-8), passengers=[Passenger(name=P-13), Passenger(name=P-8)], duration=9, distance=29.0, discount=null)), (Trip(driver=Driver(name=D-5), passengers=[Passenger(name=P-19), Passenger(name=P-13)], duration=21, distance=16.0, discount=0.3), Trip(driver=Driver(name=D-0), passengers=[Passenger(name=P-12)], duration=31, distance=5.0, discount=null)), (Trip(driver=Driver(name=D-5), passengers=[Passenger(name=P-19), Passenger(name=P-13)], duration=21, distance=16.0, discount=0.3), Trip(driver=Driver(name=D-5), passengers=[Passenger(name=P-2), Passenger(name=P-11), Passenger(name=P-4)], duration=22, distance=18.0, discount=0.3)), (Trip(driver=Driver(name=D-5), passengers=[Passenger(name=P-19), Passenger(name=P-13)], duration=21, distance=16.0, discount=0.3), Trip(driver=Driver(name=D-5), passengers=[Passenger(name=P-19), Passenger(name=P-13)], duration=21, distance=16.0, discount=0.3)), (Trip(driver=Driver(name=D-5), passengers=[Passenger(name=P-19), Passenger(name=P-13)], duration=21, distance=16.0, discount=0.3), Trip(driver=Driver(name=D-6), passengers=[Passenger(name=P-4)], duration=11, distance=16.0, discount=null)), (Trip(driver=Driver(name=D-5), passengers=[Passenger(name=P-19), Passenger(name=P-13)], duration=21, distance=16.0, discount=0.3), Trip(driver=Driver(name=D-9), passengers=[Passenger(name=P-14), Passenger(name=P-16)], duration=3, distance=9.0, discount=null)), (Trip(driver=Driver(name=D-5), passengers=[Passenger(name=P-19), Passenger(name=P-13)], duration=21, distance=16.0, discount=0.3), Trip(driver=Driver(name=D-7), passengers=[Passenger(name=P-11), Passenger(name=P-10), Passenger(name=P-3), Passenger(name=P-9)], duration=27, distance=35.0, discount=0.1)), (Trip(driver=Driver(name=D-5), passengers=[Passenger(name=P-19), Passenger(name=P-13)], duration=21, distance=16.0, discount=0.3), Trip(driver=Driver(name=D-9), passengers=[Passenger(name=P-13)], duration=9, distance=22.0, discount=null)), (Trip(driver=Driver(name=D-5), passengers=[Passenger(name=P-19), Passenger(name=P-13)], duration=21, distance=16.0, discount=0.3), Trip(driver=Driver(name=D-1), passengers=[Passenger(name=P-12)], duration=36, distance=8.0, discount=null)), (Trip(driver=Driver(name=D-5), passengers=[Passenger(name=P-19), Passenger(name=P-13)], duration=21, distance=16.0, discount=0.3), Trip(driver=Driver(name=D-1), passengers=[Passenger(name=P-11), Passenger(name=P-13)], duration=7, distance=15.0, discount=null)), (Trip(driver=Driver(name=D-5), passengers=[Passenger(name=P-19), Passenger(name=P-13)], duration=21, distance=16.0, discount=0.3), Trip(driver=Driver(name=D-3), passengers=[Passenger(name=P-10), Passenger(name=P-0)], duration=36, distance=6.0, discount=null)), (Trip(driver=Driver(name=D-5), passengers=[Passenger(name=P-19), Passenger(name=P-13)], duration=21, distance=16.0, discount=0.3), Trip(driver=Driver(name=D-3), passengers=[Passenger(name=P-16), Passenger(name=P-12)], duration=28, distance=27.0, discount=null)), (Trip(driver=Driver(name=D-5), passengers=[Passenger(name=P-19), Passenger(name=P-13)], duration=21, distance=16.0, discount=0.3), Trip(driver=Driver(name=D-4), passengers=[Passenger(name=P-14), Passenger(name=P-6)], duration=8, distance=34.0, discount=0.4)), (Trip(driver=Driver(name=D-5), passengers=[Passenger(name=P-19), Passenger(name=P-13)], duration=21, distance=16.0, discount=0.3), Trip(driver=Driver(name=D-0), passengers=[Passenger(name=P-9)], duration=16, distance=7.0, discount=0.1)), (Trip(driver=Driver(name=D-5), passengers=[Passenger(name=P-19), Passenger(name=P-13)], duration=21, distance=16.0, discount=0.3), Trip(driver=Driver(name=D-7), passengers=[Passenger(name=P-11), Passenger(name=P-7), Passenger(name=P-3)], duration=18, distance=2.0, discount=null)), (Trip(driver=Driver(name=D-5), passengers=[Passenger(name=P-19), Passenger(name=P-13)], duration=21, distance=16.0, discount=0.3), Trip(driver=Driver(name=D-5), passengers=[Passenger(name=P-3)], duration=15, distance=39.0, discount=0.2)), (Trip(driver=Driver(name=D-5), passengers=[Passenger(name=P-19), Passenger(name=P-13)], duration=21, distance=16.0, discount=0.3), Trip(driver=Driver(name=D-3), passengers=[Passenger(name=P-14), Passenger(name=P-7)], duration=31, distance=16.0, discount=null)), (Trip(driver=Driver(name=D-5), passengers=[Passenger(name=P-19), Passenger(name=P-13)], duration=21, distance=16.0, discount=0.3), Trip(driver=Driver(name=D-2), passengers=[Passenger(name=P-4)], duration=16, distance=2.0, discount=0.3)), (Trip(driver=Driver(name=D-5), passengers=[Passenger(name=P-19), Passenger(name=P-13)], duration=21, distance=16.0, discount=0.3), Trip(driver=Driver(name=D-7), passengers=[Passenger(name=P-7)], duration=14, distance=36.0, discount=null)), (Trip(driver=Driver(name=D-5), passengers=[Passenger(name=P-19), Passenger(name=P-13)], duration=21, distance=16.0, discount=0.3), Trip(driver=Driver(name=D-0), passengers=[Passenger(name=P-11)], duration=38, distance=23.0, discount=null)), (Trip(driver=Driver(name=D-5), passengers=[Passenger(name=P-19), Passenger(name=P-13)], duration=21, distance=16.0, discount=0.3), Trip(driver=Driver(name=D-7), passengers=[Passenger(name=P-12), Passenger(name=P-6), Passenger(name=P-3), Passenger(name=P-4)], duration=19, distance=3.0, discount=0.1)), (Trip(driver=Driver(name=D-5), passengers=[Passenger(name=P-19), Passenger(name=P-13)], duration=21, distance=16.0, discount=0.3), Trip(driver=Driver(name=D-6), passengers=[Passenger(name=P-13), Passenger(name=P-3), Passenger(name=P-9)], duration=2, distance=10.0, discount=0.2)), (Trip(driver=Driver(name=D-5), passengers=[Passenger(name=P-19), Passenger(name=P-13)], duration=21, distance=16.0, discount=0.3), Trip(driver=Driver(name=D-7), passengers=[Passenger(name=P-8), Passenger(name=P-2), Passenger(name=P-3), Passenger(name=P-19)], duration=21, distance=6.0, discount=0.3))]
item [(Trip(driver=Driver(name=D-6), passengers=[Passenger(name=P-4)], duration=11, distance=16.0, discount=null), Trip(driver=Driver(name=D-7), passengers=[Passenger(name=P-18), Passenger(name=P-5)], duration=21, distance=17.0, discount=null)), (Trip(driver=Driver(name=D-6), passengers=[Passenger(name=P-4)], duration=11, distance=16.0, discount=null), Trip(driver=Driver(name=D-6), passengers=[Passenger(name=P-8), Passenger(name=P-11)], duration=37, distance=29.0, discount=0.1)), (Trip(driver=Driver(name=D-6), passengers=[Passenger(name=P-4)], duration=11, distance=16.0, discount=null), Trip(driver=Driver(name=D-5), passengers=[Passenger(name=P-19), Passenger(name=P-11), Passenger(name=P-10), Passenger(name=P-4)], duration=33, distance=12.0, discount=0.2)), (Trip(driver=Driver(name=D-6), passengers=[Passenger(name=P-4)], duration=11, distance=16.0, discount=null), Trip(driver=Driver(name=D-7), passengers=[Passenger(name=P-4), Passenger(name=P-3)], duration=8, distance=2.0, discount=null)), (Trip(driver=Driver(name=D-6), passengers=[Passenger(name=P-4)], duration=11, distance=16.0, discount=null), Trip(driver=Driver(name=D-5), passengers=[Passenger(name=P-18)], duration=1, distance=11.0, discount=null)), (Trip(driver=Driver(name=D-6), passengers=[Passenger(name=P-4)], duration=11, distance=16.0, discount=null), Trip(driver=Driver(name=D-8), passengers=[Passenger(name=P-13), Passenger(name=P-10)], duration=26, distance=4.0, discount=0.4)), (Trip(driver=Driver(name=D-6), passengers=[Passenger(name=P-4)], duration=11, distance=16.0, discount=null), Trip(driver=Driver(name=D-0), passengers=[Passenger(name=P-14), Passenger(name=P-16), Passenger(name=P-1)], duration=35, distance=33.0, discount=null)), (Trip(driver=Driver(name=D-6), passengers=[Passenger(name=P-4)], duration=11, distance=16.0, discount=null), Trip(driver=Driver(name=D-8), passengers=[Passenger(name=P-13), Passenger(name=P-8)], duration=9, distance=29.0, discount=null)), (Trip(driver=Driver(name=D-6), passengers=[Passenger(name=P-4)], duration=11, distance=16.0, discount=null), Trip(driver=Driver(name=D-0), passengers=[Passenger(name=P-12)], duration=31, distance=5.0, discount=null)), (Trip(driver=Driver(name=D-6), passengers=[Passenger(name=P-4)], duration=11, distance=16.0, discount=null), Trip(driver=Driver(name=D-5), passengers=[Passenger(name=P-2), Passenger(name=P-11), Passenger(name=P-4)], duration=22, distance=18.0, discount=0.3)), (Trip(driver=Driver(name=D-6), passengers=[Passenger(name=P-4)], duration=11, distance=16.0, discount=null), Trip(driver=Driver(name=D-5), passengers=[Passenger(name=P-19), Passenger(name=P-13)], duration=21, distance=16.0, discount=0.3)), (Trip(driver=Driver(name=D-6), passengers=[Passenger(name=P-4)], duration=11, distance=16.0, discount=null), Trip(driver=Driver(name=D-6), passengers=[Passenger(name=P-4)], duration=11, distance=16.0, discount=null)), (Trip(driver=Driver(name=D-6), passengers=[Passenger(name=P-4)], duration=11, distance=16.0, discount=null), Trip(driver=Driver(name=D-9), passengers=[Passenger(name=P-14), Passenger(name=P-16)], duration=3, distance=9.0, discount=null)), (Trip(driver=Driver(name=D-6), passengers=[Passenger(name=P-4)], duration=11, distance=16.0, discount=null), Trip(driver=Driver(name=D-7), passengers=[Passenger(name=P-11), Passenger(name=P-10), Passenger(name=P-3), Passenger(name=P-9)], duration=27, distance=35.0, discount=0.1)), (Trip(driver=Driver(name=D-6), passengers=[Passenger(name=P-4)], duration=11, distance=16.0, discount=null), Trip(driver=Driver(name=D-9), passengers=[Passenger(name=P-13)], duration=9, distance=22.0, discount=null)), (Trip(driver=Driver(name=D-6), passengers=[Passenger(name=P-4)], duration=11, distance=16.0, discount=null), Trip(driver=Driver(name=D-1), passengers=[Passenger(name=P-12)], duration=36, distance=8.0, discount=null)), (Trip(driver=Driver(name=D-6), passengers=[Passenger(name=P-4)], duration=11, distance=16.0, discount=null), Trip(driver=Driver(name=D-1), passengers=[Passenger(name=P-11), Passenger(name=P-13)], duration=7, distance=15.0, discount=null)), (Trip(driver=Driver(name=D-6), passengers=[Passenger(name=P-4)], duration=11, distance=16.0, discount=null), Trip(driver=Driver(name=D-3), passengers=[Passenger(name=P-10), Passenger(name=P-0)], duration=36, distance=6.0, discount=null)), (Trip(driver=Driver(name=D-6), passengers=[Passenger(name=P-4)], duration=11, distance=16.0, discount=null), Trip(driver=Driver(name=D-3), passengers=[Passenger(name=P-16), Passenger(name=P-12)], duration=28, distance=27.0, discount=null)), (Trip(driver=Driver(name=D-6), passengers=[Passenger(name=P-4)], duration=11, distance=16.0, discount=null), Trip(driver=Driver(name=D-4), passengers=[Passenger(name=P-14), Passenger(name=P-6)], duration=8, distance=34.0, discount=0.4)), (Trip(driver=Driver(name=D-6), passengers=[Passenger(name=P-4)], duration=11, distance=16.0, discount=null), Trip(driver=Driver(name=D-0), passengers=[Passenger(name=P-9)], duration=16, distance=7.0, discount=0.1)), (Trip(driver=Driver(name=D-6), passengers=[Passenger(name=P-4)], duration=11, distance=16.0, discount=null), Trip(driver=Driver(name=D-7), passengers=[Passenger(name=P-11), Passenger(name=P-7), Passenger(name=P-3)], duration=18, distance=2.0, discount=null)), (Trip(driver=Driver(name=D-6), passengers=[Passenger(name=P-4)], duration=11, distance=16.0, discount=null), Trip(driver=Driver(name=D-5), passengers=[Passenger(name=P-3)], duration=15, distance=39.0, discount=0.2)), (Trip(driver=Driver(name=D-6), passengers=[Passenger(name=P-4)], duration=11, distance=16.0, discount=null), Trip(driver=Driver(name=D-3), passengers=[Passenger(name=P-14), Passenger(name=P-7)], duration=31, distance=16.0, discount=null)), (Trip(driver=Driver(name=D-6), passengers=[Passenger(name=P-4)], duration=11, distance=16.0, discount=null), Trip(driver=Driver(name=D-2), passengers=[Passenger(name=P-4)], duration=16, distance=2.0, discount=0.3)), (Trip(driver=Driver(name=D-6), passengers=[Passenger(name=P-4)], duration=11, distance=16.0, discount=null), Trip(driver=Driver(name=D-7), passengers=[Passenger(name=P-7)], duration=14, distance=36.0, discount=null)), (Trip(driver=Driver(name=D-6), passengers=[Passenger(name=P-4)], duration=11, distance=16.0, discount=null), Trip(driver=Driver(name=D-0), passengers=[Passenger(name=P-11)], duration=38, distance=23.0, discount=null)), (Trip(driver=Driver(name=D-6), passengers=[Passenger(name=P-4)], duration=11, distance=16.0, discount=null), Trip(driver=Driver(name=D-7), passengers=[Passenger(name=P-12), Passenger(name=P-6), Passenger(name=P-3), Passenger(name=P-4)], duration=19, distance=3.0, discount=0.1)), (Trip(driver=Driver(name=D-6), passengers=[Passenger(name=P-4)], duration=11, distance=16.0, discount=null), Trip(driver=Driver(name=D-6), passengers=[Passenger(name=P-13), Passenger(name=P-3), Passenger(name=P-9)], duration=2, distance=10.0, discount=0.2)), (Trip(driver=Driver(name=D-6), passengers=[Passenger(name=P-4)], duration=11, distance=16.0, discount=null), Trip(driver=Driver(name=D-7), passengers=[Passenger(name=P-8), Passenger(name=P-2), Passenger(name=P-3), Passenger(name=P-19)], duration=21, distance=6.0, discount=0.3))]
item [(Trip(driver=Driver(name=D-9), passengers=[Passenger(name=P-14), Passenger(name=P-16)], duration=3, distance=9.0, discount=null), Trip(driver=Driver(name=D-7), passengers=[Passenger(name=P-18), Passenger(name=P-5)], duration=21, distance=17.0, discount=null)), (Trip(driver=Driver(name=D-9), passengers=[Passenger(name=P-14), Passenger(name=P-16)], duration=3, distance=9.0, discount=null), Trip(driver=Driver(name=D-6), passengers=[Passenger(name=P-8), Passenger(name=P-11)], duration=37, distance=29.0, discount=0.1)), (Trip(driver=Driver(name=D-9), passengers=[Passenger(name=P-14), Passenger(name=P-16)], duration=3, distance=9.0, discount=null), Trip(driver=Driver(name=D-5), passengers=[Passenger(name=P-19), Passenger(name=P-11), Passenger(name=P-10), Passenger(name=P-4)], duration=33, distance=12.0, discount=0.2)), (Trip(driver=Driver(name=D-9), passengers=[Passenger(name=P-14), Passenger(name=P-16)], duration=3, distance=9.0, discount=null), Trip(driver=Driver(name=D-7), passengers=[Passenger(name=P-4), Passenger(name=P-3)], duration=8, distance=2.0, discount=null)), (Trip(driver=Driver(name=D-9), passengers=[Passenger(name=P-14), Passenger(name=P-16)], duration=3, distance=9.0, discount=null), Trip(driver=Driver(name=D-5), passengers=[Passenger(name=P-18)], duration=1, distance=11.0, discount=null)), (Trip(driver=Driver(name=D-9), passengers=[Passenger(name=P-14), Passenger(name=P-16)], duration=3, distance=9.0, discount=null), Trip(driver=Driver(name=D-8), passengers=[Passenger(name=P-13), Passenger(name=P-10)], duration=26, distance=4.0, discount=0.4)), (Trip(driver=Driver(name=D-9), passengers=[Passenger(name=P-14), Passenger(name=P-16)], duration=3, distance=9.0, discount=null), Trip(driver=Driver(name=D-0), passengers=[Passenger(name=P-14), Passenger(name=P-16), Passenger(name=P-1)], duration=35, distance=33.0, discount=null)), (Trip(driver=Driver(name=D-9), passengers=[Passenger(name=P-14), Passenger(name=P-16)], duration=3, distance=9.0, discount=null), Trip(driver=Driver(name=D-8), passengers=[Passenger(name=P-13), Passenger(name=P-8)], duration=9, distance=29.0, discount=null)), (Trip(driver=Driver(name=D-9), passengers=[Passenger(name=P-14), Passenger(name=P-16)], duration=3, distance=9.0, discount=null), Trip(driver=Driver(name=D-0), passengers=[Passenger(name=P-12)], duration=31, distance=5.0, discount=null)), (Trip(driver=Driver(name=D-9), passengers=[Passenger(name=P-14), Passenger(name=P-16)], duration=3, distance=9.0, discount=null), Trip(driver=Driver(name=D-5), passengers=[Passenger(name=P-2), Passenger(name=P-11), Passenger(name=P-4)], duration=22, distance=18.0, discount=0.3)), (Trip(driver=Driver(name=D-9), passengers=[Passenger(name=P-14), Passenger(name=P-16)], duration=3, distance=9.0, discount=null), Trip(driver=Driver(name=D-5), passengers=[Passenger(name=P-19), Passenger(name=P-13)], duration=21, distance=16.0, discount=0.3)), (Trip(driver=Driver(name=D-9), passengers=[Passenger(name=P-14), Passenger(name=P-16)], duration=3, distance=9.0, discount=null), Trip(driver=Driver(name=D-6), passengers=[Passenger(name=P-4)], duration=11, distance=16.0, discount=null)), (Trip(driver=Driver(name=D-9), passengers=[Passenger(name=P-14), Passenger(name=P-16)], duration=3, distance=9.0, discount=null), Trip(driver=Driver(name=D-9), passengers=[Passenger(name=P-14), Passenger(name=P-16)], duration=3, distance=9.0, discount=null)), (Trip(driver=Driver(name=D-9), passengers=[Passenger(name=P-14), Passenger(name=P-16)], duration=3, distance=9.0, discount=null), Trip(driver=Driver(name=D-7), passengers=[Passenger(name=P-11), Passenger(name=P-10), Passenger(name=P-3), Passenger(name=P-9)], duration=27, distance=35.0, discount=0.1)), (Trip(driver=Driver(name=D-9), passengers=[Passenger(name=P-14), Passenger(name=P-16)], duration=3, distance=9.0, discount=null), Trip(driver=Driver(name=D-9), passengers=[Passenger(name=P-13)], duration=9, distance=22.0, discount=null)), (Trip(driver=Driver(name=D-9), passengers=[Passenger(name=P-14), Passenger(name=P-16)], duration=3, distance=9.0, discount=null), Trip(driver=Driver(name=D-1), passengers=[Passenger(name=P-12)], duration=36, distance=8.0, discount=null)), (Trip(driver=Driver(name=D-9), passengers=[Passenger(name=P-14), Passenger(name=P-16)], duration=3, distance=9.0, discount=null), Trip(driver=Driver(name=D-1), passengers=[Passenger(name=P-11), Passenger(name=P-13)], duration=7, distance=15.0, discount=null)), (Trip(driver=Driver(name=D-9), passengers=[Passenger(name=P-14), Passenger(name=P-16)], duration=3, distance=9.0, discount=null), Trip(driver=Driver(name=D-3), passengers=[Passenger(name=P-10), Passenger(name=P-0)], duration=36, distance=6.0, discount=null)), (Trip(driver=Driver(name=D-9), passengers=[Passenger(name=P-14), Passenger(name=P-16)], duration=3, distance=9.0, discount=null), Trip(driver=Driver(name=D-3), passengers=[Passenger(name=P-16), Passenger(name=P-12)], duration=28, distance=27.0, discount=null)), (Trip(driver=Driver(name=D-9), passengers=[Passenger(name=P-14), Passenger(name=P-16)], duration=3, distance=9.0, discount=null), Trip(driver=Driver(name=D-4), passengers=[Passenger(name=P-14), Passenger(name=P-6)], duration=8, distance=34.0, discount=0.4)), (Trip(driver=Driver(name=D-9), passengers=[Passenger(name=P-14), Passenger(name=P-16)], duration=3, distance=9.0, discount=null), Trip(driver=Driver(name=D-0), passengers=[Passenger(name=P-9)], duration=16, distance=7.0, discount=0.1)), (Trip(driver=Driver(name=D-9), passengers=[Passenger(name=P-14), Passenger(name=P-16)], duration=3, distance=9.0, discount=null), Trip(driver=Driver(name=D-7), passengers=[Passenger(name=P-11), Passenger(name=P-7), Passenger(name=P-3)], duration=18, distance=2.0, discount=null)), (Trip(driver=Driver(name=D-9), passengers=[Passenger(name=P-14), Passenger(name=P-16)], duration=3, distance=9.0, discount=null), Trip(driver=Driver(name=D-5), passengers=[Passenger(name=P-3)], duration=15, distance=39.0, discount=0.2)), (Trip(driver=Driver(name=D-9), passengers=[Passenger(name=P-14), Passenger(name=P-16)], duration=3, distance=9.0, discount=null), Trip(driver=Driver(name=D-3), passengers=[Passenger(name=P-14), Passenger(name=P-7)], duration=31, distance=16.0, discount=null)), (Trip(driver=Driver(name=D-9), passengers=[Passenger(name=P-14), Passenger(name=P-16)], duration=3, distance=9.0, discount=null), Trip(driver=Driver(name=D-2), passengers=[Passenger(name=P-4)], duration=16, distance=2.0, discount=0.3)), (Trip(driver=Driver(name=D-9), passengers=[Passenger(name=P-14), Passenger(name=P-16)], duration=3, distance=9.0, discount=null), Trip(driver=Driver(name=D-7), passengers=[Passenger(name=P-7)], duration=14, distance=36.0, discount=null)), (Trip(driver=Driver(name=D-9), passengers=[Passenger(name=P-14), Passenger(name=P-16)], duration=3, distance=9.0, discount=null), Trip(driver=Driver(name=D-0), passengers=[Passenger(name=P-11)], duration=38, distance=23.0, discount=null)), (Trip(driver=Driver(name=D-9), passengers=[Passenger(name=P-14), Passenger(name=P-16)], duration=3, distance=9.0, discount=null), Trip(driver=Driver(name=D-7), passengers=[Passenger(name=P-12), Passenger(name=P-6), Passenger(name=P-3), Passenger(name=P-4)], duration=19, distance=3.0, discount=0.1)), (Trip(driver=Driver(name=D-9), passengers=[Passenger(name=P-14), Passenger(name=P-16)], duration=3, distance=9.0, discount=null), Trip(driver=Driver(name=D-6), passengers=[Passenger(name=P-13), Passenger(name=P-3), Passenger(name=P-9)], duration=2, distance=10.0, discount=0.2)), (Trip(driver=Driver(name=D-9), passengers=[Passenger(name=P-14), Passenger(name=P-16)], duration=3, distance=9.0, discount=null), Trip(driver=Driver(name=D-7), passengers=[Passenger(name=P-8), Passenger(name=P-2), Passenger(name=P-3), Passenger(name=P-19)], duration=21, distance=6.0, discount=0.3))]
item [(Trip(driver=Driver(name=D-7), passengers=[Passenger(name=P-11), Passenger(name=P-10), Passenger(name=P-3), Passenger(name=P-9)], duration=27, distance=35.0, discount=0.1), Trip(driver=Driver(name=D-7), passengers=[Passenger(name=P-18), Passenger(name=P-5)], duration=21, distance=17.0, discount=null)), (Trip(driver=Driver(name=D-7), passengers=[Passenger(name=P-11), Passenger(name=P-10), Passenger(name=P-3), Passenger(name=P-9)], duration=27, distance=35.0, discount=0.1), Trip(driver=Driver(name=D-6), passengers=[Passenger(name=P-8), Passenger(name=P-11)], duration=37, distance=29.0, discount=0.1)), (Trip(driver=Driver(name=D-7), passengers=[Passenger(name=P-11), Passenger(name=P-10), Passenger(name=P-3), Passenger(name=P-9)], duration=27, distance=35.0, discount=0.1), Trip(driver=Driver(name=D-5), passengers=[Passenger(name=P-19), Passenger(name=P-11), Passenger(name=P-10), Passenger(name=P-4)], duration=33, distance=12.0, discount=0.2)), (Trip(driver=Driver(name=D-7), passengers=[Passenger(name=P-11), Passenger(name=P-10), Passenger(name=P-3), Passenger(name=P-9)], duration=27, distance=35.0, discount=0.1), Trip(driver=Driver(name=D-7), passengers=[Passenger(name=P-4), Passenger(name=P-3)], duration=8, distance=2.0, discount=null)), (Trip(driver=Driver(name=D-7), passengers=[Passenger(name=P-11), Passenger(name=P-10), Passenger(name=P-3), Passenger(name=P-9)], duration=27, distance=35.0, discount=0.1), Trip(driver=Driver(name=D-5), passengers=[Passenger(name=P-18)], duration=1, distance=11.0, discount=null)), (Trip(driver=Driver(name=D-7), passengers=[Passenger(name=P-11), Passenger(name=P-10), Passenger(name=P-3), Passenger(name=P-9)], duration=27, distance=35.0, discount=0.1), Trip(driver=Driver(name=D-8), passengers=[Passenger(name=P-13), Passenger(name=P-10)], duration=26, distance=4.0, discount=0.4)), (Trip(driver=Driver(name=D-7), passengers=[Passenger(name=P-11), Passenger(name=P-10), Passenger(name=P-3), Passenger(name=P-9)], duration=27, distance=35.0, discount=0.1), Trip(driver=Driver(name=D-0), passengers=[Passenger(name=P-14), Passenger(name=P-16), Passenger(name=P-1)], duration=35, distance=33.0, discount=null)), (Trip(driver=Driver(name=D-7), passengers=[Passenger(name=P-11), Passenger(name=P-10), Passenger(name=P-3), Passenger(name=P-9)], duration=27, distance=35.0, discount=0.1), Trip(driver=Driver(name=D-8), passengers=[Passenger(name=P-13), Passenger(name=P-8)], duration=9, distance=29.0, discount=null)), (Trip(driver=Driver(name=D-7), passengers=[Passenger(name=P-11), Passenger(name=P-10), Passenger(name=P-3), Passenger(name=P-9)], duration=27, distance=35.0, discount=0.1), Trip(driver=Driver(name=D-0), passengers=[Passenger(name=P-12)], duration=31, distance=5.0, discount=null)), (Trip(driver=Driver(name=D-7), passengers=[Passenger(name=P-11), Passenger(name=P-10), Passenger(name=P-3), Passenger(name=P-9)], duration=27, distance=35.0, discount=0.1), Trip(driver=Driver(name=D-5), passengers=[Passenger(name=P-2), Passenger(name=P-11), Passenger(name=P-4)], duration=22, distance=18.0, discount=0.3)), (Trip(driver=Driver(name=D-7), passengers=[Passenger(name=P-11), Passenger(name=P-10), Passenger(name=P-3), Passenger(name=P-9)], duration=27, distance=35.0, discount=0.1), Trip(driver=Driver(name=D-5), passengers=[Passenger(name=P-19), Passenger(name=P-13)], duration=21, distance=16.0, discount=0.3)), (Trip(driver=Driver(name=D-7), passengers=[Passenger(name=P-11), Passenger(name=P-10), Passenger(name=P-3), Passenger(name=P-9)], duration=27, distance=35.0, discount=0.1), Trip(driver=Driver(name=D-6), passengers=[Passenger(name=P-4)], duration=11, distance=16.0, discount=null)), (Trip(driver=Driver(name=D-7), passengers=[Passenger(name=P-11), Passenger(name=P-10), Passenger(name=P-3), Passenger(name=P-9)], duration=27, distance=35.0, discount=0.1), Trip(driver=Driver(name=D-9), passengers=[Passenger(name=P-14), Passenger(name=P-16)], duration=3, distance=9.0, discount=null)), (Trip(driver=Driver(name=D-7), passengers=[Passenger(name=P-11), Passenger(name=P-10), Passenger(name=P-3), Passenger(name=P-9)], duration=27, distance=35.0, discount=0.1), Trip(driver=Driver(name=D-7), passengers=[Passenger(name=P-11), Passenger(name=P-10), Passenger(name=P-3), Passenger(name=P-9)], duration=27, distance=35.0, discount=0.1)), (Trip(driver=Driver(name=D-7), passengers=[Passenger(name=P-11), Passenger(name=P-10), Passenger(name=P-3), Passenger(name=P-9)], duration=27, distance=35.0, discount=0.1), Trip(driver=Driver(name=D-9), passengers=[Passenger(name=P-13)], duration=9, distance=22.0, discount=null)), (Trip(driver=Driver(name=D-7), passengers=[Passenger(name=P-11), Passenger(name=P-10), Passenger(name=P-3), Passenger(name=P-9)], duration=27, distance=35.0, discount=0.1), Trip(driver=Driver(name=D-1), passengers=[Passenger(name=P-12)], duration=36, distance=8.0, discount=null)), (Trip(driver=Driver(name=D-7), passengers=[Passenger(name=P-11), Passenger(name=P-10), Passenger(name=P-3), Passenger(name=P-9)], duration=27, distance=35.0, discount=0.1), Trip(driver=Driver(name=D-1), passengers=[Passenger(name=P-11), Passenger(name=P-13)], duration=7, distance=15.0, discount=null)), (Trip(driver=Driver(name=D-7), passengers=[Passenger(name=P-11), Passenger(name=P-10), Passenger(name=P-3), Passenger(name=P-9)], duration=27, distance=35.0, discount=0.1), Trip(driver=Driver(name=D-3), passengers=[Passenger(name=P-10), Passenger(name=P-0)], duration=36, distance=6.0, discount=null)), (Trip(driver=Driver(name=D-7), passengers=[Passenger(name=P-11), Passenger(name=P-10), Passenger(name=P-3), Passenger(name=P-9)], duration=27, distance=35.0, discount=0.1), Trip(driver=Driver(name=D-3), passengers=[Passenger(name=P-16), Passenger(name=P-12)], duration=28, distance=27.0, discount=null)), (Trip(driver=Driver(name=D-7), passengers=[Passenger(name=P-11), Passenger(name=P-10), Passenger(name=P-3), Passenger(name=P-9)], duration=27, distance=35.0, discount=0.1), Trip(driver=Driver(name=D-4), passengers=[Passenger(name=P-14), Passenger(name=P-6)], duration=8, distance=34.0, discount=0.4)), (Trip(driver=Driver(name=D-7), passengers=[Passenger(name=P-11), Passenger(name=P-10), Passenger(name=P-3), Passenger(name=P-9)], duration=27, distance=35.0, discount=0.1), Trip(driver=Driver(name=D-0), passengers=[Passenger(name=P-9)], duration=16, distance=7.0, discount=0.1)), (Trip(driver=Driver(name=D-7), passengers=[Passenger(name=P-11), Passenger(name=P-10), Passenger(name=P-3), Passenger(name=P-9)], duration=27, distance=35.0, discount=0.1), Trip(driver=Driver(name=D-7), passengers=[Passenger(name=P-11), Passenger(name=P-7), Passenger(name=P-3)], duration=18, distance=2.0, discount=null)), (Trip(driver=Driver(name=D-7), passengers=[Passenger(name=P-11), Passenger(name=P-10), Passenger(name=P-3), Passenger(name=P-9)], duration=27, distance=35.0, discount=0.1), Trip(driver=Driver(name=D-5), passengers=[Passenger(name=P-3)], duration=15, distance=39.0, discount=0.2)), (Trip(driver=Driver(name=D-7), passengers=[Passenger(name=P-11), Passenger(name=P-10), Passenger(name=P-3), Passenger(name=P-9)], duration=27, distance=35.0, discount=0.1), Trip(driver=Driver(name=D-3), passengers=[Passenger(name=P-14), Passenger(name=P-7)], duration=31, distance=16.0, discount=null)), (Trip(driver=Driver(name=D-7), passengers=[Passenger(name=P-11), Passenger(name=P-10), Passenger(name=P-3), Passenger(name=P-9)], duration=27, distance=35.0, discount=0.1), Trip(driver=Driver(name=D-2), passengers=[Passenger(name=P-4)], duration=16, distance=2.0, discount=0.3)), (Trip(driver=Driver(name=D-7), passengers=[Passenger(name=P-11), Passenger(name=P-10), Passenger(name=P-3), Passenger(name=P-9)], duration=27, distance=35.0, discount=0.1), Trip(driver=Driver(name=D-7), passengers=[Passenger(name=P-7)], duration=14, distance=36.0, discount=null)), (Trip(driver=Driver(name=D-7), passengers=[Passenger(name=P-11), Passenger(name=P-10), Passenger(name=P-3), Passenger(name=P-9)], duration=27, distance=35.0, discount=0.1), Trip(driver=Driver(name=D-0), passengers=[Passenger(name=P-11)], duration=38, distance=23.0, discount=null)), (Trip(driver=Driver(name=D-7), passengers=[Passenger(name=P-11), Passenger(name=P-10), Passenger(name=P-3), Passenger(name=P-9)], duration=27, distance=35.0, discount=0.1), Trip(driver=Driver(name=D-7), passengers=[Passenger(name=P-12), Passenger(name=P-6), Passenger(name=P-3), Passenger(name=P-4)], duration=19, distance=3.0, discount=0.1)), (Trip(driver=Driver(name=D-7), passengers=[Passenger(name=P-11), Passenger(name=P-10), Passenger(name=P-3), Passenger(name=P-9)], duration=27, distance=35.0, discount=0.1), Trip(driver=Driver(name=D-6), passengers=[Passenger(name=P-13), Passenger(name=P-3), Passenger(name=P-9)], duration=2, distance=10.0, discount=0.2)), (Trip(driver=Driver(name=D-7), passengers=[Passenger(name=P-11), Passenger(name=P-10), Passenger(name=P-3), Passenger(name=P-9)], duration=27, distance=35.0, discount=0.1), Trip(driver=Driver(name=D-7), passengers=[Passenger(name=P-8), Passenger(name=P-2), Passenger(name=P-3), Passenger(name=P-19)], duration=21, distance=6.0, discount=0.3))]
item [(Trip(driver=Driver(name=D-9), passengers=[Passenger(name=P-13)], duration=9, distance=22.0, discount=null), Trip(driver=Driver(name=D-7), passengers=[Passenger(name=P-18), Passenger(name=P-5)], duration=21, distance=17.0, discount=null)), (Trip(driver=Driver(name=D-9), passengers=[Passenger(name=P-13)], duration=9, distance=22.0, discount=null), Trip(driver=Driver(name=D-6), passengers=[Passenger(name=P-8), Passenger(name=P-11)], duration=37, distance=29.0, discount=0.1)), (Trip(driver=Driver(name=D-9), passengers=[Passenger(name=P-13)], duration=9, distance=22.0, discount=null), Trip(driver=Driver(name=D-5), passengers=[Passenger(name=P-19), Passenger(name=P-11), Passenger(name=P-10), Passenger(name=P-4)], duration=33, distance=12.0, discount=0.2)), (Trip(driver=Driver(name=D-9), passengers=[Passenger(name=P-13)], duration=9, distance=22.0, discount=null), Trip(driver=Driver(name=D-7), passengers=[Passenger(name=P-4), Passenger(name=P-3)], duration=8, distance=2.0, discount=null)), (Trip(driver=Driver(name=D-9), passengers=[Passenger(name=P-13)], duration=9, distance=22.0, discount=null), Trip(driver=Driver(name=D-5), passengers=[Passenger(name=P-18)], duration=1, distance=11.0, discount=null)), (Trip(driver=Driver(name=D-9), passengers=[Passenger(name=P-13)], duration=9, distance=22.0, discount=null), Trip(driver=Driver(name=D-8), passengers=[Passenger(name=P-13), Passenger(name=P-10)], duration=26, distance=4.0, discount=0.4)), (Trip(driver=Driver(name=D-9), passengers=[Passenger(name=P-13)], duration=9, distance=22.0, discount=null), Trip(driver=Driver(name=D-0), passengers=[Passenger(name=P-14), Passenger(name=P-16), Passenger(name=P-1)], duration=35, distance=33.0, discount=null)), (Trip(driver=Driver(name=D-9), passengers=[Passenger(name=P-13)], duration=9, distance=22.0, discount=null), Trip(driver=Driver(name=D-8), passengers=[Passenger(name=P-13), Passenger(name=P-8)], duration=9, distance=29.0, discount=null)), (Trip(driver=Driver(name=D-9), passengers=[Passenger(name=P-13)], duration=9, distance=22.0, discount=null), Trip(driver=Driver(name=D-0), passengers=[Passenger(name=P-12)], duration=31, distance=5.0, discount=null)), (Trip(driver=Driver(name=D-9), passengers=[Passenger(name=P-13)], duration=9, distance=22.0, discount=null), Trip(driver=Driver(name=D-5), passengers=[Passenger(name=P-2), Passenger(name=P-11), Passenger(name=P-4)], duration=22, distance=18.0, discount=0.3)), (Trip(driver=Driver(name=D-9), passengers=[Passenger(name=P-13)], duration=9, distance=22.0, discount=null), Trip(driver=Driver(name=D-5), passengers=[Passenger(name=P-19), Passenger(name=P-13)], duration=21, distance=16.0, discount=0.3)), (Trip(driver=Driver(name=D-9), passengers=[Passenger(name=P-13)], duration=9, distance=22.0, discount=null), Trip(driver=Driver(name=D-6), passengers=[Passenger(name=P-4)], duration=11, distance=16.0, discount=null)), (Trip(driver=Driver(name=D-9), passengers=[Passenger(name=P-13)], duration=9, distance=22.0, discount=null), Trip(driver=Driver(name=D-9), passengers=[Passenger(name=P-14), Passenger(name=P-16)], duration=3, distance=9.0, discount=null)), (Trip(driver=Driver(name=D-9), passengers=[Passenger(name=P-13)], duration=9, distance=22.0, discount=null), Trip(driver=Driver(name=D-7), passengers=[Passenger(name=P-11), Passenger(name=P-10), Passenger(name=P-3), Passenger(name=P-9)], duration=27, distance=35.0, discount=0.1)), (Trip(driver=Driver(name=D-9), passengers=[Passenger(name=P-13)], duration=9, distance=22.0, discount=null), Trip(driver=Driver(name=D-9), passengers=[Passenger(name=P-13)], duration=9, distance=22.0, discount=null)), (Trip(driver=Driver(name=D-9), passengers=[Passenger(name=P-13)], duration=9, distance=22.0, discount=null), Trip(driver=Driver(name=D-1), passengers=[Passenger(name=P-12)], duration=36, distance=8.0, discount=null)), (Trip(driver=Driver(name=D-9), passengers=[Passenger(name=P-13)], duration=9, distance=22.0, discount=null), Trip(driver=Driver(name=D-1), passengers=[Passenger(name=P-11), Passenger(name=P-13)], duration=7, distance=15.0, discount=null)), (Trip(driver=Driver(name=D-9), passengers=[Passenger(name=P-13)], duration=9, distance=22.0, discount=null), Trip(driver=Driver(name=D-3), passengers=[Passenger(name=P-10), Passenger(name=P-0)], duration=36, distance=6.0, discount=null)), (Trip(driver=Driver(name=D-9), passengers=[Passenger(name=P-13)], duration=9, distance=22.0, discount=null), Trip(driver=Driver(name=D-3), passengers=[Passenger(name=P-16), Passenger(name=P-12)], duration=28, distance=27.0, discount=null)), (Trip(driver=Driver(name=D-9), passengers=[Passenger(name=P-13)], duration=9, distance=22.0, discount=null), Trip(driver=Driver(name=D-4), passengers=[Passenger(name=P-14), Passenger(name=P-6)], duration=8, distance=34.0, discount=0.4)), (Trip(driver=Driver(name=D-9), passengers=[Passenger(name=P-13)], duration=9, distance=22.0, discount=null), Trip(driver=Driver(name=D-0), passengers=[Passenger(name=P-9)], duration=16, distance=7.0, discount=0.1)), (Trip(driver=Driver(name=D-9), passengers=[Passenger(name=P-13)], duration=9, distance=22.0, discount=null), Trip(driver=Driver(name=D-7), passengers=[Passenger(name=P-11), Passenger(name=P-7), Passenger(name=P-3)], duration=18, distance=2.0, discount=null)), (Trip(driver=Driver(name=D-9), passengers=[Passenger(name=P-13)], duration=9, distance=22.0, discount=null), Trip(driver=Driver(name=D-5), passengers=[Passenger(name=P-3)], duration=15, distance=39.0, discount=0.2)), (Trip(driver=Driver(name=D-9), passengers=[Passenger(name=P-13)], duration=9, distance=22.0, discount=null), Trip(driver=Driver(name=D-3), passengers=[Passenger(name=P-14), Passenger(name=P-7)], duration=31, distance=16.0, discount=null)), (Trip(driver=Driver(name=D-9), passengers=[Passenger(name=P-13)], duration=9, distance=22.0, discount=null), Trip(driver=Driver(name=D-2), passengers=[Passenger(name=P-4)], duration=16, distance=2.0, discount=0.3)), (Trip(driver=Driver(name=D-9), passengers=[Passenger(name=P-13)], duration=9, distance=22.0, discount=null), Trip(driver=Driver(name=D-7), passengers=[Passenger(name=P-7)], duration=14, distance=36.0, discount=null)), (Trip(driver=Driver(name=D-9), passengers=[Passenger(name=P-13)], duration=9, distance=22.0, discount=null), Trip(driver=Driver(name=D-0), passengers=[Passenger(name=P-11)], duration=38, distance=23.0, discount=null)), (Trip(driver=Driver(name=D-9), passengers=[Passenger(name=P-13)], duration=9, distance=22.0, discount=null), Trip(driver=Driver(name=D-7), passengers=[Passenger(name=P-12), Passenger(name=P-6), Passenger(name=P-3), Passenger(name=P-4)], duration=19, distance=3.0, discount=0.1)), (Trip(driver=Driver(name=D-9), passengers=[Passenger(name=P-13)], duration=9, distance=22.0, discount=null), Trip(driver=Driver(name=D-6), passengers=[Passenger(name=P-13), Passenger(name=P-3), Passenger(name=P-9)], duration=2, distance=10.0, discount=0.2)), (Trip(driver=Driver(name=D-9), passengers=[Passenger(name=P-13)], duration=9, distance=22.0, discount=null), Trip(driver=Driver(name=D-7), passengers=[Passenger(name=P-8), Passenger(name=P-2), Passenger(name=P-3), Passenger(name=P-19)], duration=21, distance=6.0, discount=0.3))]
item [(Trip(driver=Driver(name=D-1), passengers=[Passenger(name=P-12)], duration=36, distance=8.0, discount=null), Trip(driver=Driver(name=D-7), passengers=[Passenger(name=P-18), Passenger(name=P-5)], duration=21, distance=17.0, discount=null)), (Trip(driver=Driver(name=D-1), passengers=[Passenger(name=P-12)], duration=36, distance=8.0, discount=null), Trip(driver=Driver(name=D-6), passengers=[Passenger(name=P-8), Passenger(name=P-11)], duration=37, distance=29.0, discount=0.1)), (Trip(driver=Driver(name=D-1), passengers=[Passenger(name=P-12)], duration=36, distance=8.0, discount=null), Trip(driver=Driver(name=D-5), passengers=[Passenger(name=P-19), Passenger(name=P-11), Passenger(name=P-10), Passenger(name=P-4)], duration=33, distance=12.0, discount=0.2)), (Trip(driver=Driver(name=D-1), passengers=[Passenger(name=P-12)], duration=36, distance=8.0, discount=null), Trip(driver=Driver(name=D-7), passengers=[Passenger(name=P-4), Passenger(name=P-3)], duration=8, distance=2.0, discount=null)), (Trip(driver=Driver(name=D-1), passengers=[Passenger(name=P-12)], duration=36, distance=8.0, discount=null), Trip(driver=Driver(name=D-5), passengers=[Passenger(name=P-18)], duration=1, distance=11.0, discount=null)), (Trip(driver=Driver(name=D-1), passengers=[Passenger(name=P-12)], duration=36, distance=8.0, discount=null), Trip(driver=Driver(name=D-8), passengers=[Passenger(name=P-13), Passenger(name=P-10)], duration=26, distance=4.0, discount=0.4)), (Trip(driver=Driver(name=D-1), passengers=[Passenger(name=P-12)], duration=36, distance=8.0, discount=null), Trip(driver=Driver(name=D-0), passengers=[Passenger(name=P-14), Passenger(name=P-16), Passenger(name=P-1)], duration=35, distance=33.0, discount=null)), (Trip(driver=Driver(name=D-1), passengers=[Passenger(name=P-12)], duration=36, distance=8.0, discount=null), Trip(driver=Driver(name=D-8), passengers=[Passenger(name=P-13), Passenger(name=P-8)], duration=9, distance=29.0, discount=null)), (Trip(driver=Driver(name=D-1), passengers=[Passenger(name=P-12)], duration=36, distance=8.0, discount=null), Trip(driver=Driver(name=D-0), passengers=[Passenger(name=P-12)], duration=31, distance=5.0, discount=null)), (Trip(driver=Driver(name=D-1), passengers=[Passenger(name=P-12)], duration=36, distance=8.0, discount=null), Trip(driver=Driver(name=D-5), passengers=[Passenger(name=P-2), Passenger(name=P-11), Passenger(name=P-4)], duration=22, distance=18.0, discount=0.3)), (Trip(driver=Driver(name=D-1), passengers=[Passenger(name=P-12)], duration=36, distance=8.0, discount=null), Trip(driver=Driver(name=D-5), passengers=[Passenger(name=P-19), Passenger(name=P-13)], duration=21, distance=16.0, discount=0.3)), (Trip(driver=Driver(name=D-1), passengers=[Passenger(name=P-12)], duration=36, distance=8.0, discount=null), Trip(driver=Driver(name=D-6), passengers=[Passenger(name=P-4)], duration=11, distance=16.0, discount=null)), (Trip(driver=Driver(name=D-1), passengers=[Passenger(name=P-12)], duration=36, distance=8.0, discount=null), Trip(driver=Driver(name=D-9), passengers=[Passenger(name=P-14), Passenger(name=P-16)], duration=3, distance=9.0, discount=null)), (Trip(driver=Driver(name=D-1), passengers=[Passenger(name=P-12)], duration=36, distance=8.0, discount=null), Trip(driver=Driver(name=D-7), passengers=[Passenger(name=P-11), Passenger(name=P-10), Passenger(name=P-3), Passenger(name=P-9)], duration=27, distance=35.0, discount=0.1)), (Trip(driver=Driver(name=D-1), passengers=[Passenger(name=P-12)], duration=36, distance=8.0, discount=null), Trip(driver=Driver(name=D-9), passengers=[Passenger(name=P-13)], duration=9, distance=22.0, discount=null)), (Trip(driver=Driver(name=D-1), passengers=[Passenger(name=P-12)], duration=36, distance=8.0, discount=null), Trip(driver=Driver(name=D-1), passengers=[Passenger(name=P-12)], duration=36, distance=8.0, discount=null)), (Trip(driver=Driver(name=D-1), passengers=[Passenger(name=P-12)], duration=36, distance=8.0, discount=null), Trip(driver=Driver(name=D-1), passengers=[Passenger(name=P-11), Passenger(name=P-13)], duration=7, distance=15.0, discount=null)), (Trip(driver=Driver(name=D-1), passengers=[Passenger(name=P-12)], duration=36, distance=8.0, discount=null), Trip(driver=Driver(name=D-3), passengers=[Passenger(name=P-10), Passenger(name=P-0)], duration=36, distance=6.0, discount=null)), (Trip(driver=Driver(name=D-1), passengers=[Passenger(name=P-12)], duration=36, distance=8.0, discount=null), Trip(driver=Driver(name=D-3), passengers=[Passenger(name=P-16), Passenger(name=P-12)], duration=28, distance=27.0, discount=null)), (Trip(driver=Driver(name=D-1), passengers=[Passenger(name=P-12)], duration=36, distance=8.0, discount=null), Trip(driver=Driver(name=D-4), passengers=[Passenger(name=P-14), Passenger(name=P-6)], duration=8, distance=34.0, discount=0.4)), (Trip(driver=Driver(name=D-1), passengers=[Passenger(name=P-12)], duration=36, distance=8.0, discount=null), Trip(driver=Driver(name=D-0), passengers=[Passenger(name=P-9)], duration=16, distance=7.0, discount=0.1)), (Trip(driver=Driver(name=D-1), passengers=[Passenger(name=P-12)], duration=36, distance=8.0, discount=null), Trip(driver=Driver(name=D-7), passengers=[Passenger(name=P-11), Passenger(name=P-7), Passenger(name=P-3)], duration=18, distance=2.0, discount=null)), (Trip(driver=Driver(name=D-1), passengers=[Passenger(name=P-12)], duration=36, distance=8.0, discount=null), Trip(driver=Driver(name=D-5), passengers=[Passenger(name=P-3)], duration=15, distance=39.0, discount=0.2)), (Trip(driver=Driver(name=D-1), passengers=[Passenger(name=P-12)], duration=36, distance=8.0, discount=null), Trip(driver=Driver(name=D-3), passengers=[Passenger(name=P-14), Passenger(name=P-7)], duration=31, distance=16.0, discount=null)), (Trip(driver=Driver(name=D-1), passengers=[Passenger(name=P-12)], duration=36, distance=8.0, discount=null), Trip(driver=Driver(name=D-2), passengers=[Passenger(name=P-4)], duration=16, distance=2.0, discount=0.3)), (Trip(driver=Driver(name=D-1), passengers=[Passenger(name=P-12)], duration=36, distance=8.0, discount=null), Trip(driver=Driver(name=D-7), passengers=[Passenger(name=P-7)], duration=14, distance=36.0, discount=null)), (Trip(driver=Driver(name=D-1), passengers=[Passenger(name=P-12)], duration=36, distance=8.0, discount=null), Trip(driver=Driver(name=D-0), passengers=[Passenger(name=P-11)], duration=38, distance=23.0, discount=null)), (Trip(driver=Driver(name=D-1), passengers=[Passenger(name=P-12)], duration=36, distance=8.0, discount=null), Trip(driver=Driver(name=D-7), passengers=[Passenger(name=P-12), Passenger(name=P-6), Passenger(name=P-3), Passenger(name=P-4)], duration=19, distance=3.0, discount=0.1)), (Trip(driver=Driver(name=D-1), passengers=[Passenger(name=P-12)], duration=36, distance=8.0, discount=null), Trip(driver=Driver(name=D-6), passengers=[Passenger(name=P-13), Passenger(name=P-3), Passenger(name=P-9)], duration=2, distance=10.0, discount=0.2)), (Trip(driver=Driver(name=D-1), passengers=[Passenger(name=P-12)], duration=36, distance=8.0, discount=null), Trip(driver=Driver(name=D-7), passengers=[Passenger(name=P-8), Passenger(name=P-2), Passenger(name=P-3), Passenger(name=P-19)], duration=21, distance=6.0, discount=0.3))]
item [(Trip(driver=Driver(name=D-1), passengers=[Passenger(name=P-11), Passenger(name=P-13)], duration=7, distance=15.0, discount=null), Trip(driver=Driver(name=D-7), passengers=[Passenger(name=P-18), Passenger(name=P-5)], duration=21, distance=17.0, discount=null)), (Trip(driver=Driver(name=D-1), passengers=[Passenger(name=P-11), Passenger(name=P-13)], duration=7, distance=15.0, discount=null), Trip(driver=Driver(name=D-6), passengers=[Passenger(name=P-8), Passenger(name=P-11)], duration=37, distance=29.0, discount=0.1)), (Trip(driver=Driver(name=D-1), passengers=[Passenger(name=P-11), Passenger(name=P-13)], duration=7, distance=15.0, discount=null), Trip(driver=Driver(name=D-5), passengers=[Passenger(name=P-19), Passenger(name=P-11), Passenger(name=P-10), Passenger(name=P-4)], duration=33, distance=12.0, discount=0.2)), (Trip(driver=Driver(name=D-1), passengers=[Passenger(name=P-11), Passenger(name=P-13)], duration=7, distance=15.0, discount=null), Trip(driver=Driver(name=D-7), passengers=[Passenger(name=P-4), Passenger(name=P-3)], duration=8, distance=2.0, discount=null)), (Trip(driver=Driver(name=D-1), passengers=[Passenger(name=P-11), Passenger(name=P-13)], duration=7, distance=15.0, discount=null), Trip(driver=Driver(name=D-5), passengers=[Passenger(name=P-18)], duration=1, distance=11.0, discount=null)), (Trip(driver=Driver(name=D-1), passengers=[Passenger(name=P-11), Passenger(name=P-13)], duration=7, distance=15.0, discount=null), Trip(driver=Driver(name=D-8), passengers=[Passenger(name=P-13), Passenger(name=P-10)], duration=26, distance=4.0, discount=0.4)), (Trip(driver=Driver(name=D-1), passengers=[Passenger(name=P-11), Passenger(name=P-13)], duration=7, distance=15.0, discount=null), Trip(driver=Driver(name=D-0), passengers=[Passenger(name=P-14), Passenger(name=P-16), Passenger(name=P-1)], duration=35, distance=33.0, discount=null)), (Trip(driver=Driver(name=D-1), passengers=[Passenger(name=P-11), Passenger(name=P-13)], duration=7, distance=15.0, discount=null), Trip(driver=Driver(name=D-8), passengers=[Passenger(name=P-13), Passenger(name=P-8)], duration=9, distance=29.0, discount=null)), (Trip(driver=Driver(name=D-1), passengers=[Passenger(name=P-11), Passenger(name=P-13)], duration=7, distance=15.0, discount=null), Trip(driver=Driver(name=D-0), passengers=[Passenger(name=P-12)], duration=31, distance=5.0, discount=null)), (Trip(driver=Driver(name=D-1), passengers=[Passenger(name=P-11), Passenger(name=P-13)], duration=7, distance=15.0, discount=null), Trip(driver=Driver(name=D-5), passengers=[Passenger(name=P-2), Passenger(name=P-11), Passenger(name=P-4)], duration=22, distance=18.0, discount=0.3)), (Trip(driver=Driver(name=D-1), passengers=[Passenger(name=P-11), Passenger(name=P-13)], duration=7, distance=15.0, discount=null), Trip(driver=Driver(name=D-5), passengers=[Passenger(name=P-19), Passenger(name=P-13)], duration=21, distance=16.0, discount=0.3)), (Trip(driver=Driver(name=D-1), passengers=[Passenger(name=P-11), Passenger(name=P-13)], duration=7, distance=15.0, discount=null), Trip(driver=Driver(name=D-6), passengers=[Passenger(name=P-4)], duration=11, distance=16.0, discount=null)), (Trip(driver=Driver(name=D-1), passengers=[Passenger(name=P-11), Passenger(name=P-13)], duration=7, distance=15.0, discount=null), Trip(driver=Driver(name=D-9), passengers=[Passenger(name=P-14), Passenger(name=P-16)], duration=3, distance=9.0, discount=null)), (Trip(driver=Driver(name=D-1), passengers=[Passenger(name=P-11), Passenger(name=P-13)], duration=7, distance=15.0, discount=null), Trip(driver=Driver(name=D-7), passengers=[Passenger(name=P-11), Passenger(name=P-10), Passenger(name=P-3), Passenger(name=P-9)], duration=27, distance=35.0, discount=0.1)), (Trip(driver=Driver(name=D-1), passengers=[Passenger(name=P-11), Passenger(name=P-13)], duration=7, distance=15.0, discount=null), Trip(driver=Driver(name=D-9), passengers=[Passenger(name=P-13)], duration=9, distance=22.0, discount=null)), (Trip(driver=Driver(name=D-1), passengers=[Passenger(name=P-11), Passenger(name=P-13)], duration=7, distance=15.0, discount=null), Trip(driver=Driver(name=D-1), passengers=[Passenger(name=P-12)], duration=36, distance=8.0, discount=null)), (Trip(driver=Driver(name=D-1), passengers=[Passenger(name=P-11), Passenger(name=P-13)], duration=7, distance=15.0, discount=null), Trip(driver=Driver(name=D-1), passengers=[Passenger(name=P-11), Passenger(name=P-13)], duration=7, distance=15.0, discount=null)), (Trip(driver=Driver(name=D-1), passengers=[Passenger(name=P-11), Passenger(name=P-13)], duration=7, distance=15.0, discount=null), Trip(driver=Driver(name=D-3), passengers=[Passenger(name=P-10), Passenger(name=P-0)], duration=36, distance=6.0, discount=null)), (Trip(driver=Driver(name=D-1), passengers=[Passenger(name=P-11), Passenger(name=P-13)], duration=7, distance=15.0, discount=null), Trip(driver=Driver(name=D-3), passengers=[Passenger(name=P-16), Passenger(name=P-12)], duration=28, distance=27.0, discount=null)), (Trip(driver=Driver(name=D-1), passengers=[Passenger(name=P-11), Passenger(name=P-13)], duration=7, distance=15.0, discount=null), Trip(driver=Driver(name=D-4), passengers=[Passenger(name=P-14), Passenger(name=P-6)], duration=8, distance=34.0, discount=0.4)), (Trip(driver=Driver(name=D-1), passengers=[Passenger(name=P-11), Passenger(name=P-13)], duration=7, distance=15.0, discount=null), Trip(driver=Driver(name=D-0), passengers=[Passenger(name=P-9)], duration=16, distance=7.0, discount=0.1)), (Trip(driver=Driver(name=D-1), passengers=[Passenger(name=P-11), Passenger(name=P-13)], duration=7, distance=15.0, discount=null), Trip(driver=Driver(name=D-7), passengers=[Passenger(name=P-11), Passenger(name=P-7), Passenger(name=P-3)], duration=18, distance=2.0, discount=null)), (Trip(driver=Driver(name=D-1), passengers=[Passenger(name=P-11), Passenger(name=P-13)], duration=7, distance=15.0, discount=null), Trip(driver=Driver(name=D-5), passengers=[Passenger(name=P-3)], duration=15, distance=39.0, discount=0.2)), (Trip(driver=Driver(name=D-1), passengers=[Passenger(name=P-11), Passenger(name=P-13)], duration=7, distance=15.0, discount=null), Trip(driver=Driver(name=D-3), passengers=[Passenger(name=P-14), Passenger(name=P-7)], duration=31, distance=16.0, discount=null)), (Trip(driver=Driver(name=D-1), passengers=[Passenger(name=P-11), Passenger(name=P-13)], duration=7, distance=15.0, discount=null), Trip(driver=Driver(name=D-2), passengers=[Passenger(name=P-4)], duration=16, distance=2.0, discount=0.3)), (Trip(driver=Driver(name=D-1), passengers=[Passenger(name=P-11), Passenger(name=P-13)], duration=7, distance=15.0, discount=null), Trip(driver=Driver(name=D-7), passengers=[Passenger(name=P-7)], duration=14, distance=36.0, discount=null)), (Trip(driver=Driver(name=D-1), passengers=[Passenger(name=P-11), Passenger(name=P-13)], duration=7, distance=15.0, discount=null), Trip(driver=Driver(name=D-0), passengers=[Passenger(name=P-11)], duration=38, distance=23.0, discount=null)), (Trip(driver=Driver(name=D-1), passengers=[Passenger(name=P-11), Passenger(name=P-13)], duration=7, distance=15.0, discount=null), Trip(driver=Driver(name=D-7), passengers=[Passenger(name=P-12), Passenger(name=P-6), Passenger(name=P-3), Passenger(name=P-4)], duration=19, distance=3.0, discount=0.1)), (Trip(driver=Driver(name=D-1), passengers=[Passenger(name=P-11), Passenger(name=P-13)], duration=7, distance=15.0, discount=null), Trip(driver=Driver(name=D-6), passengers=[Passenger(name=P-13), Passenger(name=P-3), Passenger(name=P-9)], duration=2, distance=10.0, discount=0.2)), (Trip(driver=Driver(name=D-1), passengers=[Passenger(name=P-11), Passenger(name=P-13)], duration=7, distance=15.0, discount=null), Trip(driver=Driver(name=D-7), passengers=[Passenger(name=P-8), Passenger(name=P-2), Passenger(name=P-3), Passenger(name=P-19)], duration=21, distance=6.0, discount=0.3))]
item [(Trip(driver=Driver(name=D-3), passengers=[Passenger(name=P-10), Passenger(name=P-0)], duration=36, distance=6.0, discount=null), Trip(driver=Driver(name=D-7), passengers=[Passenger(name=P-18), Passenger(name=P-5)], duration=21, distance=17.0, discount=null)), (Trip(driver=Driver(name=D-3), passengers=[Passenger(name=P-10), Passenger(name=P-0)], duration=36, distance=6.0, discount=null), Trip(driver=Driver(name=D-6), passengers=[Passenger(name=P-8), Passenger(name=P-11)], duration=37, distance=29.0, discount=0.1)), (Trip(driver=Driver(name=D-3), passengers=[Passenger(name=P-10), Passenger(name=P-0)], duration=36, distance=6.0, discount=null), Trip(driver=Driver(name=D-5), passengers=[Passenger(name=P-19), Passenger(name=P-11), Passenger(name=P-10), Passenger(name=P-4)], duration=33, distance=12.0, discount=0.2)), (Trip(driver=Driver(name=D-3), passengers=[Passenger(name=P-10), Passenger(name=P-0)], duration=36, distance=6.0, discount=null), Trip(driver=Driver(name=D-7), passengers=[Passenger(name=P-4), Passenger(name=P-3)], duration=8, distance=2.0, discount=null)), (Trip(driver=Driver(name=D-3), passengers=[Passenger(name=P-10), Passenger(name=P-0)], duration=36, distance=6.0, discount=null), Trip(driver=Driver(name=D-5), passengers=[Passenger(name=P-18)], duration=1, distance=11.0, discount=null)), (Trip(driver=Driver(name=D-3), passengers=[Passenger(name=P-10), Passenger(name=P-0)], duration=36, distance=6.0, discount=null), Trip(driver=Driver(name=D-8), passengers=[Passenger(name=P-13), Passenger(name=P-10)], duration=26, distance=4.0, discount=0.4)), (Trip(driver=Driver(name=D-3), passengers=[Passenger(name=P-10), Passenger(name=P-0)], duration=36, distance=6.0, discount=null), Trip(driver=Driver(name=D-0), passengers=[Passenger(name=P-14), Passenger(name=P-16), Passenger(name=P-1)], duration=35, distance=33.0, discount=null)), (Trip(driver=Driver(name=D-3), passengers=[Passenger(name=P-10), Passenger(name=P-0)], duration=36, distance=6.0, discount=null), Trip(driver=Driver(name=D-8), passengers=[Passenger(name=P-13), Passenger(name=P-8)], duration=9, distance=29.0, discount=null)), (Trip(driver=Driver(name=D-3), passengers=[Passenger(name=P-10), Passenger(name=P-0)], duration=36, distance=6.0, discount=null), Trip(driver=Driver(name=D-0), passengers=[Passenger(name=P-12)], duration=31, distance=5.0, discount=null)), (Trip(driver=Driver(name=D-3), passengers=[Passenger(name=P-10), Passenger(name=P-0)], duration=36, distance=6.0, discount=null), Trip(driver=Driver(name=D-5), passengers=[Passenger(name=P-2), Passenger(name=P-11), Passenger(name=P-4)], duration=22, distance=18.0, discount=0.3)), (Trip(driver=Driver(name=D-3), passengers=[Passenger(name=P-10), Passenger(name=P-0)], duration=36, distance=6.0, discount=null), Trip(driver=Driver(name=D-5), passengers=[Passenger(name=P-19), Passenger(name=P-13)], duration=21, distance=16.0, discount=0.3)), (Trip(driver=Driver(name=D-3), passengers=[Passenger(name=P-10), Passenger(name=P-0)], duration=36, distance=6.0, discount=null), Trip(driver=Driver(name=D-6), passengers=[Passenger(name=P-4)], duration=11, distance=16.0, discount=null)), (Trip(driver=Driver(name=D-3), passengers=[Passenger(name=P-10), Passenger(name=P-0)], duration=36, distance=6.0, discount=null), Trip(driver=Driver(name=D-9), passengers=[Passenger(name=P-14), Passenger(name=P-16)], duration=3, distance=9.0, discount=null)), (Trip(driver=Driver(name=D-3), passengers=[Passenger(name=P-10), Passenger(name=P-0)], duration=36, distance=6.0, discount=null), Trip(driver=Driver(name=D-7), passengers=[Passenger(name=P-11), Passenger(name=P-10), Passenger(name=P-3), Passenger(name=P-9)], duration=27, distance=35.0, discount=0.1)), (Trip(driver=Driver(name=D-3), passengers=[Passenger(name=P-10), Passenger(name=P-0)], duration=36, distance=6.0, discount=null), Trip(driver=Driver(name=D-9), passengers=[Passenger(name=P-13)], duration=9, distance=22.0, discount=null)), (Trip(driver=Driver(name=D-3), passengers=[Passenger(name=P-10), Passenger(name=P-0)], duration=36, distance=6.0, discount=null), Trip(driver=Driver(name=D-1), passengers=[Passenger(name=P-12)], duration=36, distance=8.0, discount=null)), (Trip(driver=Driver(name=D-3), passengers=[Passenger(name=P-10), Passenger(name=P-0)], duration=36, distance=6.0, discount=null), Trip(driver=Driver(name=D-1), passengers=[Passenger(name=P-11), Passenger(name=P-13)], duration=7, distance=15.0, discount=null)), (Trip(driver=Driver(name=D-3), passengers=[Passenger(name=P-10), Passenger(name=P-0)], duration=36, distance=6.0, discount=null), Trip(driver=Driver(name=D-3), passengers=[Passenger(name=P-10), Passenger(name=P-0)], duration=36, distance=6.0, discount=null)), (Trip(driver=Driver(name=D-3), passengers=[Passenger(name=P-10), Passenger(name=P-0)], duration=36, distance=6.0, discount=null), Trip(driver=Driver(name=D-3), passengers=[Passenger(name=P-16), Passenger(name=P-12)], duration=28, distance=27.0, discount=null)), (Trip(driver=Driver(name=D-3), passengers=[Passenger(name=P-10), Passenger(name=P-0)], duration=36, distance=6.0, discount=null), Trip(driver=Driver(name=D-4), passengers=[Passenger(name=P-14), Passenger(name=P-6)], duration=8, distance=34.0, discount=0.4)), (Trip(driver=Driver(name=D-3), passengers=[Passenger(name=P-10), Passenger(name=P-0)], duration=36, distance=6.0, discount=null), Trip(driver=Driver(name=D-0), passengers=[Passenger(name=P-9)], duration=16, distance=7.0, discount=0.1)), (Trip(driver=Driver(name=D-3), passengers=[Passenger(name=P-10), Passenger(name=P-0)], duration=36, distance=6.0, discount=null), Trip(driver=Driver(name=D-7), passengers=[Passenger(name=P-11), Passenger(name=P-7), Passenger(name=P-3)], duration=18, distance=2.0, discount=null)), (Trip(driver=Driver(name=D-3), passengers=[Passenger(name=P-10), Passenger(name=P-0)], duration=36, distance=6.0, discount=null), Trip(driver=Driver(name=D-5), passengers=[Passenger(name=P-3)], duration=15, distance=39.0, discount=0.2)), (Trip(driver=Driver(name=D-3), passengers=[Passenger(name=P-10), Passenger(name=P-0)], duration=36, distance=6.0, discount=null), Trip(driver=Driver(name=D-3), passengers=[Passenger(name=P-14), Passenger(name=P-7)], duration=31, distance=16.0, discount=null)), (Trip(driver=Driver(name=D-3), passengers=[Passenger(name=P-10), Passenger(name=P-0)], duration=36, distance=6.0, discount=null), Trip(driver=Driver(name=D-2), passengers=[Passenger(name=P-4)], duration=16, distance=2.0, discount=0.3)), (Trip(driver=Driver(name=D-3), passengers=[Passenger(name=P-10), Passenger(name=P-0)], duration=36, distance=6.0, discount=null), Trip(driver=Driver(name=D-7), passengers=[Passenger(name=P-7)], duration=14, distance=36.0, discount=null)), (Trip(driver=Driver(name=D-3), passengers=[Passenger(name=P-10), Passenger(name=P-0)], duration=36, distance=6.0, discount=null), Trip(driver=Driver(name=D-0), passengers=[Passenger(name=P-11)], duration=38, distance=23.0, discount=null)), (Trip(driver=Driver(name=D-3), passengers=[Passenger(name=P-10), Passenger(name=P-0)], duration=36, distance=6.0, discount=null), Trip(driver=Driver(name=D-7), passengers=[Passenger(name=P-12), Passenger(name=P-6), Passenger(name=P-3), Passenger(name=P-4)], duration=19, distance=3.0, discount=0.1)), (Trip(driver=Driver(name=D-3), passengers=[Passenger(name=P-10), Passenger(name=P-0)], duration=36, distance=6.0, discount=null), Trip(driver=Driver(name=D-6), passengers=[Passenger(name=P-13), Passenger(name=P-3), Passenger(name=P-9)], duration=2, distance=10.0, discount=0.2)), (Trip(driver=Driver(name=D-3), passengers=[Passenger(name=P-10), Passenger(name=P-0)], duration=36, distance=6.0, discount=null), Trip(driver=Driver(name=D-7), passengers=[Passenger(name=P-8), Passenger(name=P-2), Passenger(name=P-3), Passenger(name=P-19)], duration=21, distance=6.0, discount=0.3))]
item [(Trip(driver=Driver(name=D-3), passengers=[Passenger(name=P-16), Passenger(name=P-12)], duration=28, distance=27.0, discount=null), Trip(driver=Driver(name=D-7), passengers=[Passenger(name=P-18), Passenger(name=P-5)], duration=21, distance=17.0, discount=null)), (Trip(driver=Driver(name=D-3), passengers=[Passenger(name=P-16), Passenger(name=P-12)], duration=28, distance=27.0, discount=null), Trip(driver=Driver(name=D-6), passengers=[Passenger(name=P-8), Passenger(name=P-11)], duration=37, distance=29.0, discount=0.1)), (Trip(driver=Driver(name=D-3), passengers=[Passenger(name=P-16), Passenger(name=P-12)], duration=28, distance=27.0, discount=null), Trip(driver=Driver(name=D-5), passengers=[Passenger(name=P-19), Passenger(name=P-11), Passenger(name=P-10), Passenger(name=P-4)], duration=33, distance=12.0, discount=0.2)), (Trip(driver=Driver(name=D-3), passengers=[Passenger(name=P-16), Passenger(name=P-12)], duration=28, distance=27.0, discount=null), Trip(driver=Driver(name=D-7), passengers=[Passenger(name=P-4), Passenger(name=P-3)], duration=8, distance=2.0, discount=null)), (Trip(driver=Driver(name=D-3), passengers=[Passenger(name=P-16), Passenger(name=P-12)], duration=28, distance=27.0, discount=null), Trip(driver=Driver(name=D-5), passengers=[Passenger(name=P-18)], duration=1, distance=11.0, discount=null)), (Trip(driver=Driver(name=D-3), passengers=[Passenger(name=P-16), Passenger(name=P-12)], duration=28, distance=27.0, discount=null), Trip(driver=Driver(name=D-8), passengers=[Passenger(name=P-13), Passenger(name=P-10)], duration=26, distance=4.0, discount=0.4)), (Trip(driver=Driver(name=D-3), passengers=[Passenger(name=P-16), Passenger(name=P-12)], duration=28, distance=27.0, discount=null), Trip(driver=Driver(name=D-0), passengers=[Passenger(name=P-14), Passenger(name=P-16), Passenger(name=P-1)], duration=35, distance=33.0, discount=null)), (Trip(driver=Driver(name=D-3), passengers=[Passenger(name=P-16), Passenger(name=P-12)], duration=28, distance=27.0, discount=null), Trip(driver=Driver(name=D-8), passengers=[Passenger(name=P-13), Passenger(name=P-8)], duration=9, distance=29.0, discount=null)), (Trip(driver=Driver(name=D-3), passengers=[Passenger(name=P-16), Passenger(name=P-12)], duration=28, distance=27.0, discount=null), Trip(driver=Driver(name=D-0), passengers=[Passenger(name=P-12)], duration=31, distance=5.0, discount=null)), (Trip(driver=Driver(name=D-3), passengers=[Passenger(name=P-16), Passenger(name=P-12)], duration=28, distance=27.0, discount=null), Trip(driver=Driver(name=D-5), passengers=[Passenger(name=P-2), Passenger(name=P-11), Passenger(name=P-4)], duration=22, distance=18.0, discount=0.3)), (Trip(driver=Driver(name=D-3), passengers=[Passenger(name=P-16), Passenger(name=P-12)], duration=28, distance=27.0, discount=null), Trip(driver=Driver(name=D-5), passengers=[Passenger(name=P-19), Passenger(name=P-13)], duration=21, distance=16.0, discount=0.3)), (Trip(driver=Driver(name=D-3), passengers=[Passenger(name=P-16), Passenger(name=P-12)], duration=28, distance=27.0, discount=null), Trip(driver=Driver(name=D-6), passengers=[Passenger(name=P-4)], duration=11, distance=16.0, discount=null)), (Trip(driver=Driver(name=D-3), passengers=[Passenger(name=P-16), Passenger(name=P-12)], duration=28, distance=27.0, discount=null), Trip(driver=Driver(name=D-9), passengers=[Passenger(name=P-14), Passenger(name=P-16)], duration=3, distance=9.0, discount=null)), (Trip(driver=Driver(name=D-3), passengers=[Passenger(name=P-16), Passenger(name=P-12)], duration=28, distance=27.0, discount=null), Trip(driver=Driver(name=D-7), passengers=[Passenger(name=P-11), Passenger(name=P-10), Passenger(name=P-3), Passenger(name=P-9)], duration=27, distance=35.0, discount=0.1)), (Trip(driver=Driver(name=D-3), passengers=[Passenger(name=P-16), Passenger(name=P-12)], duration=28, distance=27.0, discount=null), Trip(driver=Driver(name=D-9), passengers=[Passenger(name=P-13)], duration=9, distance=22.0, discount=null)), (Trip(driver=Driver(name=D-3), passengers=[Passenger(name=P-16), Passenger(name=P-12)], duration=28, distance=27.0, discount=null), Trip(driver=Driver(name=D-1), passengers=[Passenger(name=P-12)], duration=36, distance=8.0, discount=null)), (Trip(driver=Driver(name=D-3), passengers=[Passenger(name=P-16), Passenger(name=P-12)], duration=28, distance=27.0, discount=null), Trip(driver=Driver(name=D-1), passengers=[Passenger(name=P-11), Passenger(name=P-13)], duration=7, distance=15.0, discount=null)), (Trip(driver=Driver(name=D-3), passengers=[Passenger(name=P-16), Passenger(name=P-12)], duration=28, distance=27.0, discount=null), Trip(driver=Driver(name=D-3), passengers=[Passenger(name=P-10), Passenger(name=P-0)], duration=36, distance=6.0, discount=null)), (Trip(driver=Driver(name=D-3), passengers=[Passenger(name=P-16), Passenger(name=P-12)], duration=28, distance=27.0, discount=null), Trip(driver=Driver(name=D-3), passengers=[Passenger(name=P-16), Passenger(name=P-12)], duration=28, distance=27.0, discount=null)), (Trip(driver=Driver(name=D-3), passengers=[Passenger(name=P-16), Passenger(name=P-12)], duration=28, distance=27.0, discount=null), Trip(driver=Driver(name=D-4), passengers=[Passenger(name=P-14), Passenger(name=P-6)], duration=8, distance=34.0, discount=0.4)), (Trip(driver=Driver(name=D-3), passengers=[Passenger(name=P-16), Passenger(name=P-12)], duration=28, distance=27.0, discount=null), Trip(driver=Driver(name=D-0), passengers=[Passenger(name=P-9)], duration=16, distance=7.0, discount=0.1)), (Trip(driver=Driver(name=D-3), passengers=[Passenger(name=P-16), Passenger(name=P-12)], duration=28, distance=27.0, discount=null), Trip(driver=Driver(name=D-7), passengers=[Passenger(name=P-11), Passenger(name=P-7), Passenger(name=P-3)], duration=18, distance=2.0, discount=null)), (Trip(driver=Driver(name=D-3), passengers=[Passenger(name=P-16), Passenger(name=P-12)], duration=28, distance=27.0, discount=null), Trip(driver=Driver(name=D-5), passengers=[Passenger(name=P-3)], duration=15, distance=39.0, discount=0.2)), (Trip(driver=Driver(name=D-3), passengers=[Passenger(name=P-16), Passenger(name=P-12)], duration=28, distance=27.0, discount=null), Trip(driver=Driver(name=D-3), passengers=[Passenger(name=P-14), Passenger(name=P-7)], duration=31, distance=16.0, discount=null)), (Trip(driver=Driver(name=D-3), passengers=[Passenger(name=P-16), Passenger(name=P-12)], duration=28, distance=27.0, discount=null), Trip(driver=Driver(name=D-2), passengers=[Passenger(name=P-4)], duration=16, distance=2.0, discount=0.3)), (Trip(driver=Driver(name=D-3), passengers=[Passenger(name=P-16), Passenger(name=P-12)], duration=28, distance=27.0, discount=null), Trip(driver=Driver(name=D-7), passengers=[Passenger(name=P-7)], duration=14, distance=36.0, discount=null)), (Trip(driver=Driver(name=D-3), passengers=[Passenger(name=P-16), Passenger(name=P-12)], duration=28, distance=27.0, discount=null), Trip(driver=Driver(name=D-0), passengers=[Passenger(name=P-11)], duration=38, distance=23.0, discount=null)), (Trip(driver=Driver(name=D-3), passengers=[Passenger(name=P-16), Passenger(name=P-12)], duration=28, distance=27.0, discount=null), Trip(driver=Driver(name=D-7), passengers=[Passenger(name=P-12), Passenger(name=P-6), Passenger(name=P-3), Passenger(name=P-4)], duration=19, distance=3.0, discount=0.1)), (Trip(driver=Driver(name=D-3), passengers=[Passenger(name=P-16), Passenger(name=P-12)], duration=28, distance=27.0, discount=null), Trip(driver=Driver(name=D-6), passengers=[Passenger(name=P-13), Passenger(name=P-3), Passenger(name=P-9)], duration=2, distance=10.0, discount=0.2)), (Trip(driver=Driver(name=D-3), passengers=[Passenger(name=P-16), Passenger(name=P-12)], duration=28, distance=27.0, discount=null), Trip(driver=Driver(name=D-7), passengers=[Passenger(name=P-8), Passenger(name=P-2), Passenger(name=P-3), Passenger(name=P-19)], duration=21, distance=6.0, discount=0.3))]
item [(Trip(driver=Driver(name=D-4), passengers=[Passenger(name=P-14), Passenger(name=P-6)], duration=8, distance=34.0, discount=0.4), Trip(driver=Driver(name=D-7), passengers=[Passenger(name=P-18), Passenger(name=P-5)], duration=21, distance=17.0, discount=null)), (Trip(driver=Driver(name=D-4), passengers=[Passenger(name=P-14), Passenger(name=P-6)], duration=8, distance=34.0, discount=0.4), Trip(driver=Driver(name=D-6), passengers=[Passenger(name=P-8), Passenger(name=P-11)], duration=37, distance=29.0, discount=0.1)), (Trip(driver=Driver(name=D-4), passengers=[Passenger(name=P-14), Passenger(name=P-6)], duration=8, distance=34.0, discount=0.4), Trip(driver=Driver(name=D-5), passengers=[Passenger(name=P-19), Passenger(name=P-11), Passenger(name=P-10), Passenger(name=P-4)], duration=33, distance=12.0, discount=0.2)), (Trip(driver=Driver(name=D-4), passengers=[Passenger(name=P-14), Passenger(name=P-6)], duration=8, distance=34.0, discount=0.4), Trip(driver=Driver(name=D-7), passengers=[Passenger(name=P-4), Passenger(name=P-3)], duration=8, distance=2.0, discount=null)), (Trip(driver=Driver(name=D-4), passengers=[Passenger(name=P-14), Passenger(name=P-6)], duration=8, distance=34.0, discount=0.4), Trip(driver=Driver(name=D-5), passengers=[Passenger(name=P-18)], duration=1, distance=11.0, discount=null)), (Trip(driver=Driver(name=D-4), passengers=[Passenger(name=P-14), Passenger(name=P-6)], duration=8, distance=34.0, discount=0.4), Trip(driver=Driver(name=D-8), passengers=[Passenger(name=P-13), Passenger(name=P-10)], duration=26, distance=4.0, discount=0.4)), (Trip(driver=Driver(name=D-4), passengers=[Passenger(name=P-14), Passenger(name=P-6)], duration=8, distance=34.0, discount=0.4), Trip(driver=Driver(name=D-0), passengers=[Passenger(name=P-14), Passenger(name=P-16), Passenger(name=P-1)], duration=35, distance=33.0, discount=null)), (Trip(driver=Driver(name=D-4), passengers=[Passenger(name=P-14), Passenger(name=P-6)], duration=8, distance=34.0, discount=0.4), Trip(driver=Driver(name=D-8), passengers=[Passenger(name=P-13), Passenger(name=P-8)], duration=9, distance=29.0, discount=null)), (Trip(driver=Driver(name=D-4), passengers=[Passenger(name=P-14), Passenger(name=P-6)], duration=8, distance=34.0, discount=0.4), Trip(driver=Driver(name=D-0), passengers=[Passenger(name=P-12)], duration=31, distance=5.0, discount=null)), (Trip(driver=Driver(name=D-4), passengers=[Passenger(name=P-14), Passenger(name=P-6)], duration=8, distance=34.0, discount=0.4), Trip(driver=Driver(name=D-5), passengers=[Passenger(name=P-2), Passenger(name=P-11), Passenger(name=P-4)], duration=22, distance=18.0, discount=0.3)), (Trip(driver=Driver(name=D-4), passengers=[Passenger(name=P-14), Passenger(name=P-6)], duration=8, distance=34.0, discount=0.4), Trip(driver=Driver(name=D-5), passengers=[Passenger(name=P-19), Passenger(name=P-13)], duration=21, distance=16.0, discount=0.3)), (Trip(driver=Driver(name=D-4), passengers=[Passenger(name=P-14), Passenger(name=P-6)], duration=8, distance=34.0, discount=0.4), Trip(driver=Driver(name=D-6), passengers=[Passenger(name=P-4)], duration=11, distance=16.0, discount=null)), (Trip(driver=Driver(name=D-4), passengers=[Passenger(name=P-14), Passenger(name=P-6)], duration=8, distance=34.0, discount=0.4), Trip(driver=Driver(name=D-9), passengers=[Passenger(name=P-14), Passenger(name=P-16)], duration=3, distance=9.0, discount=null)), (Trip(driver=Driver(name=D-4), passengers=[Passenger(name=P-14), Passenger(name=P-6)], duration=8, distance=34.0, discount=0.4), Trip(driver=Driver(name=D-7), passengers=[Passenger(name=P-11), Passenger(name=P-10), Passenger(name=P-3), Passenger(name=P-9)], duration=27, distance=35.0, discount=0.1)), (Trip(driver=Driver(name=D-4), passengers=[Passenger(name=P-14), Passenger(name=P-6)], duration=8, distance=34.0, discount=0.4), Trip(driver=Driver(name=D-9), passengers=[Passenger(name=P-13)], duration=9, distance=22.0, discount=null)), (Trip(driver=Driver(name=D-4), passengers=[Passenger(name=P-14), Passenger(name=P-6)], duration=8, distance=34.0, discount=0.4), Trip(driver=Driver(name=D-1), passengers=[Passenger(name=P-12)], duration=36, distance=8.0, discount=null)), (Trip(driver=Driver(name=D-4), passengers=[Passenger(name=P-14), Passenger(name=P-6)], duration=8, distance=34.0, discount=0.4), Trip(driver=Driver(name=D-1), passengers=[Passenger(name=P-11), Passenger(name=P-13)], duration=7, distance=15.0, discount=null)), (Trip(driver=Driver(name=D-4), passengers=[Passenger(name=P-14), Passenger(name=P-6)], duration=8, distance=34.0, discount=0.4), Trip(driver=Driver(name=D-3), passengers=[Passenger(name=P-10), Passenger(name=P-0)], duration=36, distance=6.0, discount=null)), (Trip(driver=Driver(name=D-4), passengers=[Passenger(name=P-14), Passenger(name=P-6)], duration=8, distance=34.0, discount=0.4), Trip(driver=Driver(name=D-3), passengers=[Passenger(name=P-16), Passenger(name=P-12)], duration=28, distance=27.0, discount=null)), (Trip(driver=Driver(name=D-4), passengers=[Passenger(name=P-14), Passenger(name=P-6)], duration=8, distance=34.0, discount=0.4), Trip(driver=Driver(name=D-4), passengers=[Passenger(name=P-14), Passenger(name=P-6)], duration=8, distance=34.0, discount=0.4)), (Trip(driver=Driver(name=D-4), passengers=[Passenger(name=P-14), Passenger(name=P-6)], duration=8, distance=34.0, discount=0.4), Trip(driver=Driver(name=D-0), passengers=[Passenger(name=P-9)], duration=16, distance=7.0, discount=0.1)), (Trip(driver=Driver(name=D-4), passengers=[Passenger(name=P-14), Passenger(name=P-6)], duration=8, distance=34.0, discount=0.4), Trip(driver=Driver(name=D-7), passengers=[Passenger(name=P-11), Passenger(name=P-7), Passenger(name=P-3)], duration=18, distance=2.0, discount=null)), (Trip(driver=Driver(name=D-4), passengers=[Passenger(name=P-14), Passenger(name=P-6)], duration=8, distance=34.0, discount=0.4), Trip(driver=Driver(name=D-5), passengers=[Passenger(name=P-3)], duration=15, distance=39.0, discount=0.2)), (Trip(driver=Driver(name=D-4), passengers=[Passenger(name=P-14), Passenger(name=P-6)], duration=8, distance=34.0, discount=0.4), Trip(driver=Driver(name=D-3), passengers=[Passenger(name=P-14), Passenger(name=P-7)], duration=31, distance=16.0, discount=null)), (Trip(driver=Driver(name=D-4), passengers=[Passenger(name=P-14), Passenger(name=P-6)], duration=8, distance=34.0, discount=0.4), Trip(driver=Driver(name=D-2), passengers=[Passenger(name=P-4)], duration=16, distance=2.0, discount=0.3)), (Trip(driver=Driver(name=D-4), passengers=[Passenger(name=P-14), Passenger(name=P-6)], duration=8, distance=34.0, discount=0.4), Trip(driver=Driver(name=D-7), passengers=[Passenger(name=P-7)], duration=14, distance=36.0, discount=null)), (Trip(driver=Driver(name=D-4), passengers=[Passenger(name=P-14), Passenger(name=P-6)], duration=8, distance=34.0, discount=0.4), Trip(driver=Driver(name=D-0), passengers=[Passenger(name=P-11)], duration=38, distance=23.0, discount=null)), (Trip(driver=Driver(name=D-4), passengers=[Passenger(name=P-14), Passenger(name=P-6)], duration=8, distance=34.0, discount=0.4), Trip(driver=Driver(name=D-7), passengers=[Passenger(name=P-12), Passenger(name=P-6), Passenger(name=P-3), Passenger(name=P-4)], duration=19, distance=3.0, discount=0.1)), (Trip(driver=Driver(name=D-4), passengers=[Passenger(name=P-14), Passenger(name=P-6)], duration=8, distance=34.0, discount=0.4), Trip(driver=Driver(name=D-6), passengers=[Passenger(name=P-13), Passenger(name=P-3), Passenger(name=P-9)], duration=2, distance=10.0, discount=0.2)), (Trip(driver=Driver(name=D-4), passengers=[Passenger(name=P-14), Passenger(name=P-6)], duration=8, distance=34.0, discount=0.4), Trip(driver=Driver(name=D-7), passengers=[Passenger(name=P-8), Passenger(name=P-2), Passenger(name=P-3), Passenger(name=P-19)], duration=21, distance=6.0, discount=0.3))]
item [(Trip(driver=Driver(name=D-0), passengers=[Passenger(name=P-9)], duration=16, distance=7.0, discount=0.1), Trip(driver=Driver(name=D-7), passengers=[Passenger(name=P-18), Passenger(name=P-5)], duration=21, distance=17.0, discount=null)), (Trip(driver=Driver(name=D-0), passengers=[Passenger(name=P-9)], duration=16, distance=7.0, discount=0.1), Trip(driver=Driver(name=D-6), passengers=[Passenger(name=P-8), Passenger(name=P-11)], duration=37, distance=29.0, discount=0.1)), (Trip(driver=Driver(name=D-0), passengers=[Passenger(name=P-9)], duration=16, distance=7.0, discount=0.1), Trip(driver=Driver(name=D-5), passengers=[Passenger(name=P-19), Passenger(name=P-11), Passenger(name=P-10), Passenger(name=P-4)], duration=33, distance=12.0, discount=0.2)), (Trip(driver=Driver(name=D-0), passengers=[Passenger(name=P-9)], duration=16, distance=7.0, discount=0.1), Trip(driver=Driver(name=D-7), passengers=[Passenger(name=P-4), Passenger(name=P-3)], duration=8, distance=2.0, discount=null)), (Trip(driver=Driver(name=D-0), passengers=[Passenger(name=P-9)], duration=16, distance=7.0, discount=0.1), Trip(driver=Driver(name=D-5), passengers=[Passenger(name=P-18)], duration=1, distance=11.0, discount=null)), (Trip(driver=Driver(name=D-0), passengers=[Passenger(name=P-9)], duration=16, distance=7.0, discount=0.1), Trip(driver=Driver(name=D-8), passengers=[Passenger(name=P-13), Passenger(name=P-10)], duration=26, distance=4.0, discount=0.4)), (Trip(driver=Driver(name=D-0), passengers=[Passenger(name=P-9)], duration=16, distance=7.0, discount=0.1), Trip(driver=Driver(name=D-0), passengers=[Passenger(name=P-14), Passenger(name=P-16), Passenger(name=P-1)], duration=35, distance=33.0, discount=null)), (Trip(driver=Driver(name=D-0), passengers=[Passenger(name=P-9)], duration=16, distance=7.0, discount=0.1), Trip(driver=Driver(name=D-8), passengers=[Passenger(name=P-13), Passenger(name=P-8)], duration=9, distance=29.0, discount=null)), (Trip(driver=Driver(name=D-0), passengers=[Passenger(name=P-9)], duration=16, distance=7.0, discount=0.1), Trip(driver=Driver(name=D-0), passengers=[Passenger(name=P-12)], duration=31, distance=5.0, discount=null)), (Trip(driver=Driver(name=D-0), passengers=[Passenger(name=P-9)], duration=16, distance=7.0, discount=0.1), Trip(driver=Driver(name=D-5), passengers=[Passenger(name=P-2), Passenger(name=P-11), Passenger(name=P-4)], duration=22, distance=18.0, discount=0.3)), (Trip(driver=Driver(name=D-0), passengers=[Passenger(name=P-9)], duration=16, distance=7.0, discount=0.1), Trip(driver=Driver(name=D-5), passengers=[Passenger(name=P-19), Passenger(name=P-13)], duration=21, distance=16.0, discount=0.3)), (Trip(driver=Driver(name=D-0), passengers=[Passenger(name=P-9)], duration=16, distance=7.0, discount=0.1), Trip(driver=Driver(name=D-6), passengers=[Passenger(name=P-4)], duration=11, distance=16.0, discount=null)), (Trip(driver=Driver(name=D-0), passengers=[Passenger(name=P-9)], duration=16, distance=7.0, discount=0.1), Trip(driver=Driver(name=D-9), passengers=[Passenger(name=P-14), Passenger(name=P-16)], duration=3, distance=9.0, discount=null)), (Trip(driver=Driver(name=D-0), passengers=[Passenger(name=P-9)], duration=16, distance=7.0, discount=0.1), Trip(driver=Driver(name=D-7), passengers=[Passenger(name=P-11), Passenger(name=P-10), Passenger(name=P-3), Passenger(name=P-9)], duration=27, distance=35.0, discount=0.1)), (Trip(driver=Driver(name=D-0), passengers=[Passenger(name=P-9)], duration=16, distance=7.0, discount=0.1), Trip(driver=Driver(name=D-9), passengers=[Passenger(name=P-13)], duration=9, distance=22.0, discount=null)), (Trip(driver=Driver(name=D-0), passengers=[Passenger(name=P-9)], duration=16, distance=7.0, discount=0.1), Trip(driver=Driver(name=D-1), passengers=[Passenger(name=P-12)], duration=36, distance=8.0, discount=null)), (Trip(driver=Driver(name=D-0), passengers=[Passenger(name=P-9)], duration=16, distance=7.0, discount=0.1), Trip(driver=Driver(name=D-1), passengers=[Passenger(name=P-11), Passenger(name=P-13)], duration=7, distance=15.0, discount=null)), (Trip(driver=Driver(name=D-0), passengers=[Passenger(name=P-9)], duration=16, distance=7.0, discount=0.1), Trip(driver=Driver(name=D-3), passengers=[Passenger(name=P-10), Passenger(name=P-0)], duration=36, distance=6.0, discount=null)), (Trip(driver=Driver(name=D-0), passengers=[Passenger(name=P-9)], duration=16, distance=7.0, discount=0.1), Trip(driver=Driver(name=D-3), passengers=[Passenger(name=P-16), Passenger(name=P-12)], duration=28, distance=27.0, discount=null)), (Trip(driver=Driver(name=D-0), passengers=[Passenger(name=P-9)], duration=16, distance=7.0, discount=0.1), Trip(driver=Driver(name=D-4), passengers=[Passenger(name=P-14), Passenger(name=P-6)], duration=8, distance=34.0, discount=0.4)), (Trip(driver=Driver(name=D-0), passengers=[Passenger(name=P-9)], duration=16, distance=7.0, discount=0.1), Trip(driver=Driver(name=D-0), passengers=[Passenger(name=P-9)], duration=16, distance=7.0, discount=0.1)), (Trip(driver=Driver(name=D-0), passengers=[Passenger(name=P-9)], duration=16, distance=7.0, discount=0.1), Trip(driver=Driver(name=D-7), passengers=[Passenger(name=P-11), Passenger(name=P-7), Passenger(name=P-3)], duration=18, distance=2.0, discount=null)), (Trip(driver=Driver(name=D-0), passengers=[Passenger(name=P-9)], duration=16, distance=7.0, discount=0.1), Trip(driver=Driver(name=D-5), passengers=[Passenger(name=P-3)], duration=15, distance=39.0, discount=0.2)), (Trip(driver=Driver(name=D-0), passengers=[Passenger(name=P-9)], duration=16, distance=7.0, discount=0.1), Trip(driver=Driver(name=D-3), passengers=[Passenger(name=P-14), Passenger(name=P-7)], duration=31, distance=16.0, discount=null)), (Trip(driver=Driver(name=D-0), passengers=[Passenger(name=P-9)], duration=16, distance=7.0, discount=0.1), Trip(driver=Driver(name=D-2), passengers=[Passenger(name=P-4)], duration=16, distance=2.0, discount=0.3)), (Trip(driver=Driver(name=D-0), passengers=[Passenger(name=P-9)], duration=16, distance=7.0, discount=0.1), Trip(driver=Driver(name=D-7), passengers=[Passenger(name=P-7)], duration=14, distance=36.0, discount=null)), (Trip(driver=Driver(name=D-0), passengers=[Passenger(name=P-9)], duration=16, distance=7.0, discount=0.1), Trip(driver=Driver(name=D-0), passengers=[Passenger(name=P-11)], duration=38, distance=23.0, discount=null)), (Trip(driver=Driver(name=D-0), passengers=[Passenger(name=P-9)], duration=16, distance=7.0, discount=0.1), Trip(driver=Driver(name=D-7), passengers=[Passenger(name=P-12), Passenger(name=P-6), Passenger(name=P-3), Passenger(name=P-4)], duration=19, distance=3.0, discount=0.1)), (Trip(driver=Driver(name=D-0), passengers=[Passenger(name=P-9)], duration=16, distance=7.0, discount=0.1), Trip(driver=Driver(name=D-6), passengers=[Passenger(name=P-13), Passenger(name=P-3), Passenger(name=P-9)], duration=2, distance=10.0, discount=0.2)), (Trip(driver=Driver(name=D-0), passengers=[Passenger(name=P-9)], duration=16, distance=7.0, discount=0.1), Trip(driver=Driver(name=D-7), passengers=[Passenger(name=P-8), Passenger(name=P-2), Passenger(name=P-3), Passenger(name=P-19)], duration=21, distance=6.0, discount=0.3))]
item [(Trip(driver=Driver(name=D-7), passengers=[Passenger(name=P-11), Passenger(name=P-7), Passenger(name=P-3)], duration=18, distance=2.0, discount=null), Trip(driver=Driver(name=D-7), passengers=[Passenger(name=P-18), Passenger(name=P-5)], duration=21, distance=17.0, discount=null)), (Trip(driver=Driver(name=D-7), passengers=[Passenger(name=P-11), Passenger(name=P-7), Passenger(name=P-3)], duration=18, distance=2.0, discount=null), Trip(driver=Driver(name=D-6), passengers=[Passenger(name=P-8), Passenger(name=P-11)], duration=37, distance=29.0, discount=0.1)), (Trip(driver=Driver(name=D-7), passengers=[Passenger(name=P-11), Passenger(name=P-7), Passenger(name=P-3)], duration=18, distance=2.0, discount=null), Trip(driver=Driver(name=D-5), passengers=[Passenger(name=P-19), Passenger(name=P-11), Passenger(name=P-10), Passenger(name=P-4)], duration=33, distance=12.0, discount=0.2)), (Trip(driver=Driver(name=D-7), passengers=[Passenger(name=P-11), Passenger(name=P-7), Passenger(name=P-3)], duration=18, distance=2.0, discount=null), Trip(driver=Driver(name=D-7), passengers=[Passenger(name=P-4), Passenger(name=P-3)], duration=8, distance=2.0, discount=null)), (Trip(driver=Driver(name=D-7), passengers=[Passenger(name=P-11), Passenger(name=P-7), Passenger(name=P-3)], duration=18, distance=2.0, discount=null), Trip(driver=Driver(name=D-5), passengers=[Passenger(name=P-18)], duration=1, distance=11.0, discount=null)), (Trip(driver=Driver(name=D-7), passengers=[Passenger(name=P-11), Passenger(name=P-7), Passenger(name=P-3)], duration=18, distance=2.0, discount=null), Trip(driver=Driver(name=D-8), passengers=[Passenger(name=P-13), Passenger(name=P-10)], duration=26, distance=4.0, discount=0.4)), (Trip(driver=Driver(name=D-7), passengers=[Passenger(name=P-11), Passenger(name=P-7), Passenger(name=P-3)], duration=18, distance=2.0, discount=null), Trip(driver=Driver(name=D-0), passengers=[Passenger(name=P-14), Passenger(name=P-16), Passenger(name=P-1)], duration=35, distance=33.0, discount=null)), (Trip(driver=Driver(name=D-7), passengers=[Passenger(name=P-11), Passenger(name=P-7), Passenger(name=P-3)], duration=18, distance=2.0, discount=null), Trip(driver=Driver(name=D-8), passengers=[Passenger(name=P-13), Passenger(name=P-8)], duration=9, distance=29.0, discount=null)), (Trip(driver=Driver(name=D-7), passengers=[Passenger(name=P-11), Passenger(name=P-7), Passenger(name=P-3)], duration=18, distance=2.0, discount=null), Trip(driver=Driver(name=D-0), passengers=[Passenger(name=P-12)], duration=31, distance=5.0, discount=null)), (Trip(driver=Driver(name=D-7), passengers=[Passenger(name=P-11), Passenger(name=P-7), Passenger(name=P-3)], duration=18, distance=2.0, discount=null), Trip(driver=Driver(name=D-5), passengers=[Passenger(name=P-2), Passenger(name=P-11), Passenger(name=P-4)], duration=22, distance=18.0, discount=0.3)), (Trip(driver=Driver(name=D-7), passengers=[Passenger(name=P-11), Passenger(name=P-7), Passenger(name=P-3)], duration=18, distance=2.0, discount=null), Trip(driver=Driver(name=D-5), passengers=[Passenger(name=P-19), Passenger(name=P-13)], duration=21, distance=16.0, discount=0.3)), (Trip(driver=Driver(name=D-7), passengers=[Passenger(name=P-11), Passenger(name=P-7), Passenger(name=P-3)], duration=18, distance=2.0, discount=null), Trip(driver=Driver(name=D-6), passengers=[Passenger(name=P-4)], duration=11, distance=16.0, discount=null)), (Trip(driver=Driver(name=D-7), passengers=[Passenger(name=P-11), Passenger(name=P-7), Passenger(name=P-3)], duration=18, distance=2.0, discount=null), Trip(driver=Driver(name=D-9), passengers=[Passenger(name=P-14), Passenger(name=P-16)], duration=3, distance=9.0, discount=null)), (Trip(driver=Driver(name=D-7), passengers=[Passenger(name=P-11), Passenger(name=P-7), Passenger(name=P-3)], duration=18, distance=2.0, discount=null), Trip(driver=Driver(name=D-7), passengers=[Passenger(name=P-11), Passenger(name=P-10), Passenger(name=P-3), Passenger(name=P-9)], duration=27, distance=35.0, discount=0.1)), (Trip(driver=Driver(name=D-7), passengers=[Passenger(name=P-11), Passenger(name=P-7), Passenger(name=P-3)], duration=18, distance=2.0, discount=null), Trip(driver=Driver(name=D-9), passengers=[Passenger(name=P-13)], duration=9, distance=22.0, discount=null)), (Trip(driver=Driver(name=D-7), passengers=[Passenger(name=P-11), Passenger(name=P-7), Passenger(name=P-3)], duration=18, distance=2.0, discount=null), Trip(driver=Driver(name=D-1), passengers=[Passenger(name=P-12)], duration=36, distance=8.0, discount=null)), (Trip(driver=Driver(name=D-7), passengers=[Passenger(name=P-11), Passenger(name=P-7), Passenger(name=P-3)], duration=18, distance=2.0, discount=null), Trip(driver=Driver(name=D-1), passengers=[Passenger(name=P-11), Passenger(name=P-13)], duration=7, distance=15.0, discount=null)), (Trip(driver=Driver(name=D-7), passengers=[Passenger(name=P-11), Passenger(name=P-7), Passenger(name=P-3)], duration=18, distance=2.0, discount=null), Trip(driver=Driver(name=D-3), passengers=[Passenger(name=P-10), Passenger(name=P-0)], duration=36, distance=6.0, discount=null)), (Trip(driver=Driver(name=D-7), passengers=[Passenger(name=P-11), Passenger(name=P-7), Passenger(name=P-3)], duration=18, distance=2.0, discount=null), Trip(driver=Driver(name=D-3), passengers=[Passenger(name=P-16), Passenger(name=P-12)], duration=28, distance=27.0, discount=null)), (Trip(driver=Driver(name=D-7), passengers=[Passenger(name=P-11), Passenger(name=P-7), Passenger(name=P-3)], duration=18, distance=2.0, discount=null), Trip(driver=Driver(name=D-4), passengers=[Passenger(name=P-14), Passenger(name=P-6)], duration=8, distance=34.0, discount=0.4)), (Trip(driver=Driver(name=D-7), passengers=[Passenger(name=P-11), Passenger(name=P-7), Passenger(name=P-3)], duration=18, distance=2.0, discount=null), Trip(driver=Driver(name=D-0), passengers=[Passenger(name=P-9)], duration=16, distance=7.0, discount=0.1)), (Trip(driver=Driver(name=D-7), passengers=[Passenger(name=P-11), Passenger(name=P-7), Passenger(name=P-3)], duration=18, distance=2.0, discount=null), Trip(driver=Driver(name=D-7), passengers=[Passenger(name=P-11), Passenger(name=P-7), Passenger(name=P-3)], duration=18, distance=2.0, discount=null)), (Trip(driver=Driver(name=D-7), passengers=[Passenger(name=P-11), Passenger(name=P-7), Passenger(name=P-3)], duration=18, distance=2.0, discount=null), Trip(driver=Driver(name=D-5), passengers=[Passenger(name=P-3)], duration=15, distance=39.0, discount=0.2)), (Trip(driver=Driver(name=D-7), passengers=[Passenger(name=P-11), Passenger(name=P-7), Passenger(name=P-3)], duration=18, distance=2.0, discount=null), Trip(driver=Driver(name=D-3), passengers=[Passenger(name=P-14), Passenger(name=P-7)], duration=31, distance=16.0, discount=null)), (Trip(driver=Driver(name=D-7), passengers=[Passenger(name=P-11), Passenger(name=P-7), Passenger(name=P-3)], duration=18, distance=2.0, discount=null), Trip(driver=Driver(name=D-2), passengers=[Passenger(name=P-4)], duration=16, distance=2.0, discount=0.3)), (Trip(driver=Driver(name=D-7), passengers=[Passenger(name=P-11), Passenger(name=P-7), Passenger(name=P-3)], duration=18, distance=2.0, discount=null), Trip(driver=Driver(name=D-7), passengers=[Passenger(name=P-7)], duration=14, distance=36.0, discount=null)), (Trip(driver=Driver(name=D-7), passengers=[Passenger(name=P-11), Passenger(name=P-7), Passenger(name=P-3)], duration=18, distance=2.0, discount=null), Trip(driver=Driver(name=D-0), passengers=[Passenger(name=P-11)], duration=38, distance=23.0, discount=null)), (Trip(driver=Driver(name=D-7), passengers=[Passenger(name=P-11), Passenger(name=P-7), Passenger(name=P-3)], duration=18, distance=2.0, discount=null), Trip(driver=Driver(name=D-7), passengers=[Passenger(name=P-12), Passenger(name=P-6), Passenger(name=P-3), Passenger(name=P-4)], duration=19, distance=3.0, discount=0.1)), (Trip(driver=Driver(name=D-7), passengers=[Passenger(name=P-11), Passenger(name=P-7), Passenger(name=P-3)], duration=18, distance=2.0, discount=null), Trip(driver=Driver(name=D-6), passengers=[Passenger(name=P-13), Passenger(name=P-3), Passenger(name=P-9)], duration=2, distance=10.0, discount=0.2)), (Trip(driver=Driver(name=D-7), passengers=[Passenger(name=P-11), Passenger(name=P-7), Passenger(name=P-3)], duration=18, distance=2.0, discount=null), Trip(driver=Driver(name=D-7), passengers=[Passenger(name=P-8), Passenger(name=P-2), Passenger(name=P-3), Passenger(name=P-19)], duration=21, distance=6.0, discount=0.3))]
item [(Trip(driver=Driver(name=D-5), passengers=[Passenger(name=P-3)], duration=15, distance=39.0, discount=0.2), Trip(driver=Driver(name=D-7), passengers=[Passenger(name=P-18), Passenger(name=P-5)], duration=21, distance=17.0, discount=null)), (Trip(driver=Driver(name=D-5), passengers=[Passenger(name=P-3)], duration=15, distance=39.0, discount=0.2), Trip(driver=Driver(name=D-6), passengers=[Passenger(name=P-8), Passenger(name=P-11)], duration=37, distance=29.0, discount=0.1)), (Trip(driver=Driver(name=D-5), passengers=[Passenger(name=P-3)], duration=15, distance=39.0, discount=0.2), Trip(driver=Driver(name=D-5), passengers=[Passenger(name=P-19), Passenger(name=P-11), Passenger(name=P-10), Passenger(name=P-4)], duration=33, distance=12.0, discount=0.2)), (Trip(driver=Driver(name=D-5), passengers=[Passenger(name=P-3)], duration=15, distance=39.0, discount=0.2), Trip(driver=Driver(name=D-7), passengers=[Passenger(name=P-4), Passenger(name=P-3)], duration=8, distance=2.0, discount=null)), (Trip(driver=Driver(name=D-5), passengers=[Passenger(name=P-3)], duration=15, distance=39.0, discount=0.2), Trip(driver=Driver(name=D-5), passengers=[Passenger(name=P-18)], duration=1, distance=11.0, discount=null)), (Trip(driver=Driver(name=D-5), passengers=[Passenger(name=P-3)], duration=15, distance=39.0, discount=0.2), Trip(driver=Driver(name=D-8), passengers=[Passenger(name=P-13), Passenger(name=P-10)], duration=26, distance=4.0, discount=0.4)), (Trip(driver=Driver(name=D-5), passengers=[Passenger(name=P-3)], duration=15, distance=39.0, discount=0.2), Trip(driver=Driver(name=D-0), passengers=[Passenger(name=P-14), Passenger(name=P-16), Passenger(name=P-1)], duration=35, distance=33.0, discount=null)), (Trip(driver=Driver(name=D-5), passengers=[Passenger(name=P-3)], duration=15, distance=39.0, discount=0.2), Trip(driver=Driver(name=D-8), passengers=[Passenger(name=P-13), Passenger(name=P-8)], duration=9, distance=29.0, discount=null)), (Trip(driver=Driver(name=D-5), passengers=[Passenger(name=P-3)], duration=15, distance=39.0, discount=0.2), Trip(driver=Driver(name=D-0), passengers=[Passenger(name=P-12)], duration=31, distance=5.0, discount=null)), (Trip(driver=Driver(name=D-5), passengers=[Passenger(name=P-3)], duration=15, distance=39.0, discount=0.2), Trip(driver=Driver(name=D-5), passengers=[Passenger(name=P-2), Passenger(name=P-11), Passenger(name=P-4)], duration=22, distance=18.0, discount=0.3)), (Trip(driver=Driver(name=D-5), passengers=[Passenger(name=P-3)], duration=15, distance=39.0, discount=0.2), Trip(driver=Driver(name=D-5), passengers=[Passenger(name=P-19), Passenger(name=P-13)], duration=21, distance=16.0, discount=0.3)), (Trip(driver=Driver(name=D-5), passengers=[Passenger(name=P-3)], duration=15, distance=39.0, discount=0.2), Trip(driver=Driver(name=D-6), passengers=[Passenger(name=P-4)], duration=11, distance=16.0, discount=null)), (Trip(driver=Driver(name=D-5), passengers=[Passenger(name=P-3)], duration=15, distance=39.0, discount=0.2), Trip(driver=Driver(name=D-9), passengers=[Passenger(name=P-14), Passenger(name=P-16)], duration=3, distance=9.0, discount=null)), (Trip(driver=Driver(name=D-5), passengers=[Passenger(name=P-3)], duration=15, distance=39.0, discount=0.2), Trip(driver=Driver(name=D-7), passengers=[Passenger(name=P-11), Passenger(name=P-10), Passenger(name=P-3), Passenger(name=P-9)], duration=27, distance=35.0, discount=0.1)), (Trip(driver=Driver(name=D-5), passengers=[Passenger(name=P-3)], duration=15, distance=39.0, discount=0.2), Trip(driver=Driver(name=D-9), passengers=[Passenger(name=P-13)], duration=9, distance=22.0, discount=null)), (Trip(driver=Driver(name=D-5), passengers=[Passenger(name=P-3)], duration=15, distance=39.0, discount=0.2), Trip(driver=Driver(name=D-1), passengers=[Passenger(name=P-12)], duration=36, distance=8.0, discount=null)), (Trip(driver=Driver(name=D-5), passengers=[Passenger(name=P-3)], duration=15, distance=39.0, discount=0.2), Trip(driver=Driver(name=D-1), passengers=[Passenger(name=P-11), Passenger(name=P-13)], duration=7, distance=15.0, discount=null)), (Trip(driver=Driver(name=D-5), passengers=[Passenger(name=P-3)], duration=15, distance=39.0, discount=0.2), Trip(driver=Driver(name=D-3), passengers=[Passenger(name=P-10), Passenger(name=P-0)], duration=36, distance=6.0, discount=null)), (Trip(driver=Driver(name=D-5), passengers=[Passenger(name=P-3)], duration=15, distance=39.0, discount=0.2), Trip(driver=Driver(name=D-3), passengers=[Passenger(name=P-16), Passenger(name=P-12)], duration=28, distance=27.0, discount=null)), (Trip(driver=Driver(name=D-5), passengers=[Passenger(name=P-3)], duration=15, distance=39.0, discount=0.2), Trip(driver=Driver(name=D-4), passengers=[Passenger(name=P-14), Passenger(name=P-6)], duration=8, distance=34.0, discount=0.4)), (Trip(driver=Driver(name=D-5), passengers=[Passenger(name=P-3)], duration=15, distance=39.0, discount=0.2), Trip(driver=Driver(name=D-0), passengers=[Passenger(name=P-9)], duration=16, distance=7.0, discount=0.1)), (Trip(driver=Driver(name=D-5), passengers=[Passenger(name=P-3)], duration=15, distance=39.0, discount=0.2), Trip(driver=Driver(name=D-7), passengers=[Passenger(name=P-11), Passenger(name=P-7), Passenger(name=P-3)], duration=18, distance=2.0, discount=null)), (Trip(driver=Driver(name=D-5), passengers=[Passenger(name=P-3)], duration=15, distance=39.0, discount=0.2), Trip(driver=Driver(name=D-5), passengers=[Passenger(name=P-3)], duration=15, distance=39.0, discount=0.2)), (Trip(driver=Driver(name=D-5), passengers=[Passenger(name=P-3)], duration=15, distance=39.0, discount=0.2), Trip(driver=Driver(name=D-3), passengers=[Passenger(name=P-14), Passenger(name=P-7)], duration=31, distance=16.0, discount=null)), (Trip(driver=Driver(name=D-5), passengers=[Passenger(name=P-3)], duration=15, distance=39.0, discount=0.2), Trip(driver=Driver(name=D-2), passengers=[Passenger(name=P-4)], duration=16, distance=2.0, discount=0.3)), (Trip(driver=Driver(name=D-5), passengers=[Passenger(name=P-3)], duration=15, distance=39.0, discount=0.2), Trip(driver=Driver(name=D-7), passengers=[Passenger(name=P-7)], duration=14, distance=36.0, discount=null)), (Trip(driver=Driver(name=D-5), passengers=[Passenger(name=P-3)], duration=15, distance=39.0, discount=0.2), Trip(driver=Driver(name=D-0), passengers=[Passenger(name=P-11)], duration=38, distance=23.0, discount=null)), (Trip(driver=Driver(name=D-5), passengers=[Passenger(name=P-3)], duration=15, distance=39.0, discount=0.2), Trip(driver=Driver(name=D-7), passengers=[Passenger(name=P-12), Passenger(name=P-6), Passenger(name=P-3), Passenger(name=P-4)], duration=19, distance=3.0, discount=0.1)), (Trip(driver=Driver(name=D-5), passengers=[Passenger(name=P-3)], duration=15, distance=39.0, discount=0.2), Trip(driver=Driver(name=D-6), passengers=[Passenger(name=P-13), Passenger(name=P-3), Passenger(name=P-9)], duration=2, distance=10.0, discount=0.2)), (Trip(driver=Driver(name=D-5), passengers=[Passenger(name=P-3)], duration=15, distance=39.0, discount=0.2), Trip(driver=Driver(name=D-7), passengers=[Passenger(name=P-8), Passenger(name=P-2), Passenger(name=P-3), Passenger(name=P-19)], duration=21, distance=6.0, discount=0.3))]
item [(Trip(driver=Driver(name=D-3), passengers=[Passenger(name=P-14), Passenger(name=P-7)], duration=31, distance=16.0, discount=null), Trip(driver=Driver(name=D-7), passengers=[Passenger(name=P-18), Passenger(name=P-5)], duration=21, distance=17.0, discount=null)), (Trip(driver=Driver(name=D-3), passengers=[Passenger(name=P-14), Passenger(name=P-7)], duration=31, distance=16.0, discount=null), Trip(driver=Driver(name=D-6), passengers=[Passenger(name=P-8), Passenger(name=P-11)], duration=37, distance=29.0, discount=0.1)), (Trip(driver=Driver(name=D-3), passengers=[Passenger(name=P-14), Passenger(name=P-7)], duration=31, distance=16.0, discount=null), Trip(driver=Driver(name=D-5), passengers=[Passenger(name=P-19), Passenger(name=P-11), Passenger(name=P-10), Passenger(name=P-4)], duration=33, distance=12.0, discount=0.2)), (Trip(driver=Driver(name=D-3), passengers=[Passenger(name=P-14), Passenger(name=P-7)], duration=31, distance=16.0, discount=null), Trip(driver=Driver(name=D-7), passengers=[Passenger(name=P-4), Passenger(name=P-3)], duration=8, distance=2.0, discount=null)), (Trip(driver=Driver(name=D-3), passengers=[Passenger(name=P-14), Passenger(name=P-7)], duration=31, distance=16.0, discount=null), Trip(driver=Driver(name=D-5), passengers=[Passenger(name=P-18)], duration=1, distance=11.0, discount=null)), (Trip(driver=Driver(name=D-3), passengers=[Passenger(name=P-14), Passenger(name=P-7)], duration=31, distance=16.0, discount=null), Trip(driver=Driver(name=D-8), passengers=[Passenger(name=P-13), Passenger(name=P-10)], duration=26, distance=4.0, discount=0.4)), (Trip(driver=Driver(name=D-3), passengers=[Passenger(name=P-14), Passenger(name=P-7)], duration=31, distance=16.0, discount=null), Trip(driver=Driver(name=D-0), passengers=[Passenger(name=P-14), Passenger(name=P-16), Passenger(name=P-1)], duration=35, distance=33.0, discount=null)), (Trip(driver=Driver(name=D-3), passengers=[Passenger(name=P-14), Passenger(name=P-7)], duration=31, distance=16.0, discount=null), Trip(driver=Driver(name=D-8), passengers=[Passenger(name=P-13), Passenger(name=P-8)], duration=9, distance=29.0, discount=null)), (Trip(driver=Driver(name=D-3), passengers=[Passenger(name=P-14), Passenger(name=P-7)], duration=31, distance=16.0, discount=null), Trip(driver=Driver(name=D-0), passengers=[Passenger(name=P-12)], duration=31, distance=5.0, discount=null)), (Trip(driver=Driver(name=D-3), passengers=[Passenger(name=P-14), Passenger(name=P-7)], duration=31, distance=16.0, discount=null), Trip(driver=Driver(name=D-5), passengers=[Passenger(name=P-2), Passenger(name=P-11), Passenger(name=P-4)], duration=22, distance=18.0, discount=0.3)), (Trip(driver=Driver(name=D-3), passengers=[Passenger(name=P-14), Passenger(name=P-7)], duration=31, distance=16.0, discount=null), Trip(driver=Driver(name=D-5), passengers=[Passenger(name=P-19), Passenger(name=P-13)], duration=21, distance=16.0, discount=0.3)), (Trip(driver=Driver(name=D-3), passengers=[Passenger(name=P-14), Passenger(name=P-7)], duration=31, distance=16.0, discount=null), Trip(driver=Driver(name=D-6), passengers=[Passenger(name=P-4)], duration=11, distance=16.0, discount=null)), (Trip(driver=Driver(name=D-3), passengers=[Passenger(name=P-14), Passenger(name=P-7)], duration=31, distance=16.0, discount=null), Trip(driver=Driver(name=D-9), passengers=[Passenger(name=P-14), Passenger(name=P-16)], duration=3, distance=9.0, discount=null)), (Trip(driver=Driver(name=D-3), passengers=[Passenger(name=P-14), Passenger(name=P-7)], duration=31, distance=16.0, discount=null), Trip(driver=Driver(name=D-7), passengers=[Passenger(name=P-11), Passenger(name=P-10), Passenger(name=P-3), Passenger(name=P-9)], duration=27, distance=35.0, discount=0.1)), (Trip(driver=Driver(name=D-3), passengers=[Passenger(name=P-14), Passenger(name=P-7)], duration=31, distance=16.0, discount=null), Trip(driver=Driver(name=D-9), passengers=[Passenger(name=P-13)], duration=9, distance=22.0, discount=null)), (Trip(driver=Driver(name=D-3), passengers=[Passenger(name=P-14), Passenger(name=P-7)], duration=31, distance=16.0, discount=null), Trip(driver=Driver(name=D-1), passengers=[Passenger(name=P-12)], duration=36, distance=8.0, discount=null)), (Trip(driver=Driver(name=D-3), passengers=[Passenger(name=P-14), Passenger(name=P-7)], duration=31, distance=16.0, discount=null), Trip(driver=Driver(name=D-1), passengers=[Passenger(name=P-11), Passenger(name=P-13)], duration=7, distance=15.0, discount=null)), (Trip(driver=Driver(name=D-3), passengers=[Passenger(name=P-14), Passenger(name=P-7)], duration=31, distance=16.0, discount=null), Trip(driver=Driver(name=D-3), passengers=[Passenger(name=P-10), Passenger(name=P-0)], duration=36, distance=6.0, discount=null)), (Trip(driver=Driver(name=D-3), passengers=[Passenger(name=P-14), Passenger(name=P-7)], duration=31, distance=16.0, discount=null), Trip(driver=Driver(name=D-3), passengers=[Passenger(name=P-16), Passenger(name=P-12)], duration=28, distance=27.0, discount=null)), (Trip(driver=Driver(name=D-3), passengers=[Passenger(name=P-14), Passenger(name=P-7)], duration=31, distance=16.0, discount=null), Trip(driver=Driver(name=D-4), passengers=[Passenger(name=P-14), Passenger(name=P-6)], duration=8, distance=34.0, discount=0.4)), (Trip(driver=Driver(name=D-3), passengers=[Passenger(name=P-14), Passenger(name=P-7)], duration=31, distance=16.0, discount=null), Trip(driver=Driver(name=D-0), passengers=[Passenger(name=P-9)], duration=16, distance=7.0, discount=0.1)), (Trip(driver=Driver(name=D-3), passengers=[Passenger(name=P-14), Passenger(name=P-7)], duration=31, distance=16.0, discount=null), Trip(driver=Driver(name=D-7), passengers=[Passenger(name=P-11), Passenger(name=P-7), Passenger(name=P-3)], duration=18, distance=2.0, discount=null)), (Trip(driver=Driver(name=D-3), passengers=[Passenger(name=P-14), Passenger(name=P-7)], duration=31, distance=16.0, discount=null), Trip(driver=Driver(name=D-5), passengers=[Passenger(name=P-3)], duration=15, distance=39.0, discount=0.2)), (Trip(driver=Driver(name=D-3), passengers=[Passenger(name=P-14), Passenger(name=P-7)], duration=31, distance=16.0, discount=null), Trip(driver=Driver(name=D-3), passengers=[Passenger(name=P-14), Passenger(name=P-7)], duration=31, distance=16.0, discount=null)), (Trip(driver=Driver(name=D-3), passengers=[Passenger(name=P-14), Passenger(name=P-7)], duration=31, distance=16.0, discount=null), Trip(driver=Driver(name=D-2), passengers=[Passenger(name=P-4)], duration=16, distance=2.0, discount=0.3)), (Trip(driver=Driver(name=D-3), passengers=[Passenger(name=P-14), Passenger(name=P-7)], duration=31, distance=16.0, discount=null), Trip(driver=Driver(name=D-7), passengers=[Passenger(name=P-7)], duration=14, distance=36.0, discount=null)), (Trip(driver=Driver(name=D-3), passengers=[Passenger(name=P-14), Passenger(name=P-7)], duration=31, distance=16.0, discount=null), Trip(driver=Driver(name=D-0), passengers=[Passenger(name=P-11)], duration=38, distance=23.0, discount=null)), (Trip(driver=Driver(name=D-3), passengers=[Passenger(name=P-14), Passenger(name=P-7)], duration=31, distance=16.0, discount=null), Trip(driver=Driver(name=D-7), passengers=[Passenger(name=P-12), Passenger(name=P-6), Passenger(name=P-3), Passenger(name=P-4)], duration=19, distance=3.0, discount=0.1)), (Trip(driver=Driver(name=D-3), passengers=[Passenger(name=P-14), Passenger(name=P-7)], duration=31, distance=16.0, discount=null), Trip(driver=Driver(name=D-6), passengers=[Passenger(name=P-13), Passenger(name=P-3), Passenger(name=P-9)], duration=2, distance=10.0, discount=0.2)), (Trip(driver=Driver(name=D-3), passengers=[Passenger(name=P-14), Passenger(name=P-7)], duration=31, distance=16.0, discount=null), Trip(driver=Driver(name=D-7), passengers=[Passenger(name=P-8), Passenger(name=P-2), Passenger(name=P-3), Passenger(name=P-19)], duration=21, distance=6.0, discount=0.3))]
item [(Trip(driver=Driver(name=D-2), passengers=[Passenger(name=P-4)], duration=16, distance=2.0, discount=0.3), Trip(driver=Driver(name=D-7), passengers=[Passenger(name=P-18), Passenger(name=P-5)], duration=21, distance=17.0, discount=null)), (Trip(driver=Driver(name=D-2), passengers=[Passenger(name=P-4)], duration=16, distance=2.0, discount=0.3), Trip(driver=Driver(name=D-6), passengers=[Passenger(name=P-8), Passenger(name=P-11)], duration=37, distance=29.0, discount=0.1)), (Trip(driver=Driver(name=D-2), passengers=[Passenger(name=P-4)], duration=16, distance=2.0, discount=0.3), Trip(driver=Driver(name=D-5), passengers=[Passenger(name=P-19), Passenger(name=P-11), Passenger(name=P-10), Passenger(name=P-4)], duration=33, distance=12.0, discount=0.2)), (Trip(driver=Driver(name=D-2), passengers=[Passenger(name=P-4)], duration=16, distance=2.0, discount=0.3), Trip(driver=Driver(name=D-7), passengers=[Passenger(name=P-4), Passenger(name=P-3)], duration=8, distance=2.0, discount=null)), (Trip(driver=Driver(name=D-2), passengers=[Passenger(name=P-4)], duration=16, distance=2.0, discount=0.3), Trip(driver=Driver(name=D-5), passengers=[Passenger(name=P-18)], duration=1, distance=11.0, discount=null)), (Trip(driver=Driver(name=D-2), passengers=[Passenger(name=P-4)], duration=16, distance=2.0, discount=0.3), Trip(driver=Driver(name=D-8), passengers=[Passenger(name=P-13), Passenger(name=P-10)], duration=26, distance=4.0, discount=0.4)), (Trip(driver=Driver(name=D-2), passengers=[Passenger(name=P-4)], duration=16, distance=2.0, discount=0.3), Trip(driver=Driver(name=D-0), passengers=[Passenger(name=P-14), Passenger(name=P-16), Passenger(name=P-1)], duration=35, distance=33.0, discount=null)), (Trip(driver=Driver(name=D-2), passengers=[Passenger(name=P-4)], duration=16, distance=2.0, discount=0.3), Trip(driver=Driver(name=D-8), passengers=[Passenger(name=P-13), Passenger(name=P-8)], duration=9, distance=29.0, discount=null)), (Trip(driver=Driver(name=D-2), passengers=[Passenger(name=P-4)], duration=16, distance=2.0, discount=0.3), Trip(driver=Driver(name=D-0), passengers=[Passenger(name=P-12)], duration=31, distance=5.0, discount=null)), (Trip(driver=Driver(name=D-2), passengers=[Passenger(name=P-4)], duration=16, distance=2.0, discount=0.3), Trip(driver=Driver(name=D-5), passengers=[Passenger(name=P-2), Passenger(name=P-11), Passenger(name=P-4)], duration=22, distance=18.0, discount=0.3)), (Trip(driver=Driver(name=D-2), passengers=[Passenger(name=P-4)], duration=16, distance=2.0, discount=0.3), Trip(driver=Driver(name=D-5), passengers=[Passenger(name=P-19), Passenger(name=P-13)], duration=21, distance=16.0, discount=0.3)), (Trip(driver=Driver(name=D-2), passengers=[Passenger(name=P-4)], duration=16, distance=2.0, discount=0.3), Trip(driver=Driver(name=D-6), passengers=[Passenger(name=P-4)], duration=11, distance=16.0, discount=null)), (Trip(driver=Driver(name=D-2), passengers=[Passenger(name=P-4)], duration=16, distance=2.0, discount=0.3), Trip(driver=Driver(name=D-9), passengers=[Passenger(name=P-14), Passenger(name=P-16)], duration=3, distance=9.0, discount=null)), (Trip(driver=Driver(name=D-2), passengers=[Passenger(name=P-4)], duration=16, distance=2.0, discount=0.3), Trip(driver=Driver(name=D-7), passengers=[Passenger(name=P-11), Passenger(name=P-10), Passenger(name=P-3), Passenger(name=P-9)], duration=27, distance=35.0, discount=0.1)), (Trip(driver=Driver(name=D-2), passengers=[Passenger(name=P-4)], duration=16, distance=2.0, discount=0.3), Trip(driver=Driver(name=D-9), passengers=[Passenger(name=P-13)], duration=9, distance=22.0, discount=null)), (Trip(driver=Driver(name=D-2), passengers=[Passenger(name=P-4)], duration=16, distance=2.0, discount=0.3), Trip(driver=Driver(name=D-1), passengers=[Passenger(name=P-12)], duration=36, distance=8.0, discount=null)), (Trip(driver=Driver(name=D-2), passengers=[Passenger(name=P-4)], duration=16, distance=2.0, discount=0.3), Trip(driver=Driver(name=D-1), passengers=[Passenger(name=P-11), Passenger(name=P-13)], duration=7, distance=15.0, discount=null)), (Trip(driver=Driver(name=D-2), passengers=[Passenger(name=P-4)], duration=16, distance=2.0, discount=0.3), Trip(driver=Driver(name=D-3), passengers=[Passenger(name=P-10), Passenger(name=P-0)], duration=36, distance=6.0, discount=null)), (Trip(driver=Driver(name=D-2), passengers=[Passenger(name=P-4)], duration=16, distance=2.0, discount=0.3), Trip(driver=Driver(name=D-3), passengers=[Passenger(name=P-16), Passenger(name=P-12)], duration=28, distance=27.0, discount=null)), (Trip(driver=Driver(name=D-2), passengers=[Passenger(name=P-4)], duration=16, distance=2.0, discount=0.3), Trip(driver=Driver(name=D-4), passengers=[Passenger(name=P-14), Passenger(name=P-6)], duration=8, distance=34.0, discount=0.4)), (Trip(driver=Driver(name=D-2), passengers=[Passenger(name=P-4)], duration=16, distance=2.0, discount=0.3), Trip(driver=Driver(name=D-0), passengers=[Passenger(name=P-9)], duration=16, distance=7.0, discount=0.1)), (Trip(driver=Driver(name=D-2), passengers=[Passenger(name=P-4)], duration=16, distance=2.0, discount=0.3), Trip(driver=Driver(name=D-7), passengers=[Passenger(name=P-11), Passenger(name=P-7), Passenger(name=P-3)], duration=18, distance=2.0, discount=null)), (Trip(driver=Driver(name=D-2), passengers=[Passenger(name=P-4)], duration=16, distance=2.0, discount=0.3), Trip(driver=Driver(name=D-5), passengers=[Passenger(name=P-3)], duration=15, distance=39.0, discount=0.2)), (Trip(driver=Driver(name=D-2), passengers=[Passenger(name=P-4)], duration=16, distance=2.0, discount=0.3), Trip(driver=Driver(name=D-3), passengers=[Passenger(name=P-14), Passenger(name=P-7)], duration=31, distance=16.0, discount=null)), (Trip(driver=Driver(name=D-2), passengers=[Passenger(name=P-4)], duration=16, distance=2.0, discount=0.3), Trip(driver=Driver(name=D-2), passengers=[Passenger(name=P-4)], duration=16, distance=2.0, discount=0.3)), (Trip(driver=Driver(name=D-2), passengers=[Passenger(name=P-4)], duration=16, distance=2.0, discount=0.3), Trip(driver=Driver(name=D-7), passengers=[Passenger(name=P-7)], duration=14, distance=36.0, discount=null)), (Trip(driver=Driver(name=D-2), passengers=[Passenger(name=P-4)], duration=16, distance=2.0, discount=0.3), Trip(driver=Driver(name=D-0), passengers=[Passenger(name=P-11)], duration=38, distance=23.0, discount=null)), (Trip(driver=Driver(name=D-2), passengers=[Passenger(name=P-4)], duration=16, distance=2.0, discount=0.3), Trip(driver=Driver(name=D-7), passengers=[Passenger(name=P-12), Passenger(name=P-6), Passenger(name=P-3), Passenger(name=P-4)], duration=19, distance=3.0, discount=0.1)), (Trip(driver=Driver(name=D-2), passengers=[Passenger(name=P-4)], duration=16, distance=2.0, discount=0.3), Trip(driver=Driver(name=D-6), passengers=[Passenger(name=P-13), Passenger(name=P-3), Passenger(name=P-9)], duration=2, distance=10.0, discount=0.2)), (Trip(driver=Driver(name=D-2), passengers=[Passenger(name=P-4)], duration=16, distance=2.0, discount=0.3), Trip(driver=Driver(name=D-7), passengers=[Passenger(name=P-8), Passenger(name=P-2), Passenger(name=P-3), Passenger(name=P-19)], duration=21, distance=6.0, discount=0.3))]
item [(Trip(driver=Driver(name=D-7), passengers=[Passenger(name=P-7)], duration=14, distance=36.0, discount=null), Trip(driver=Driver(name=D-7), passengers=[Passenger(name=P-18), Passenger(name=P-5)], duration=21, distance=17.0, discount=null)), (Trip(driver=Driver(name=D-7), passengers=[Passenger(name=P-7)], duration=14, distance=36.0, discount=null), Trip(driver=Driver(name=D-6), passengers=[Passenger(name=P-8), Passenger(name=P-11)], duration=37, distance=29.0, discount=0.1)), (Trip(driver=Driver(name=D-7), passengers=[Passenger(name=P-7)], duration=14, distance=36.0, discount=null), Trip(driver=Driver(name=D-5), passengers=[Passenger(name=P-19), Passenger(name=P-11), Passenger(name=P-10), Passenger(name=P-4)], duration=33, distance=12.0, discount=0.2)), (Trip(driver=Driver(name=D-7), passengers=[Passenger(name=P-7)], duration=14, distance=36.0, discount=null), Trip(driver=Driver(name=D-7), passengers=[Passenger(name=P-4), Passenger(name=P-3)], duration=8, distance=2.0, discount=null)), (Trip(driver=Driver(name=D-7), passengers=[Passenger(name=P-7)], duration=14, distance=36.0, discount=null), Trip(driver=Driver(name=D-5), passengers=[Passenger(name=P-18)], duration=1, distance=11.0, discount=null)), (Trip(driver=Driver(name=D-7), passengers=[Passenger(name=P-7)], duration=14, distance=36.0, discount=null), Trip(driver=Driver(name=D-8), passengers=[Passenger(name=P-13), Passenger(name=P-10)], duration=26, distance=4.0, discount=0.4)), (Trip(driver=Driver(name=D-7), passengers=[Passenger(name=P-7)], duration=14, distance=36.0, discount=null), Trip(driver=Driver(name=D-0), passengers=[Passenger(name=P-14), Passenger(name=P-16), Passenger(name=P-1)], duration=35, distance=33.0, discount=null)), (Trip(driver=Driver(name=D-7), passengers=[Passenger(name=P-7)], duration=14, distance=36.0, discount=null), Trip(driver=Driver(name=D-8), passengers=[Passenger(name=P-13), Passenger(name=P-8)], duration=9, distance=29.0, discount=null)), (Trip(driver=Driver(name=D-7), passengers=[Passenger(name=P-7)], duration=14, distance=36.0, discount=null), Trip(driver=Driver(name=D-0), passengers=[Passenger(name=P-12)], duration=31, distance=5.0, discount=null)), (Trip(driver=Driver(name=D-7), passengers=[Passenger(name=P-7)], duration=14, distance=36.0, discount=null), Trip(driver=Driver(name=D-5), passengers=[Passenger(name=P-2), Passenger(name=P-11), Passenger(name=P-4)], duration=22, distance=18.0, discount=0.3)), (Trip(driver=Driver(name=D-7), passengers=[Passenger(name=P-7)], duration=14, distance=36.0, discount=null), Trip(driver=Driver(name=D-5), passengers=[Passenger(name=P-19), Passenger(name=P-13)], duration=21, distance=16.0, discount=0.3)), (Trip(driver=Driver(name=D-7), passengers=[Passenger(name=P-7)], duration=14, distance=36.0, discount=null), Trip(driver=Driver(name=D-6), passengers=[Passenger(name=P-4)], duration=11, distance=16.0, discount=null)), (Trip(driver=Driver(name=D-7), passengers=[Passenger(name=P-7)], duration=14, distance=36.0, discount=null), Trip(driver=Driver(name=D-9), passengers=[Passenger(name=P-14), Passenger(name=P-16)], duration=3, distance=9.0, discount=null)), (Trip(driver=Driver(name=D-7), passengers=[Passenger(name=P-7)], duration=14, distance=36.0, discount=null), Trip(driver=Driver(name=D-7), passengers=[Passenger(name=P-11), Passenger(name=P-10), Passenger(name=P-3), Passenger(name=P-9)], duration=27, distance=35.0, discount=0.1)), (Trip(driver=Driver(name=D-7), passengers=[Passenger(name=P-7)], duration=14, distance=36.0, discount=null), Trip(driver=Driver(name=D-9), passengers=[Passenger(name=P-13)], duration=9, distance=22.0, discount=null)), (Trip(driver=Driver(name=D-7), passengers=[Passenger(name=P-7)], duration=14, distance=36.0, discount=null), Trip(driver=Driver(name=D-1), passengers=[Passenger(name=P-12)], duration=36, distance=8.0, discount=null)), (Trip(driver=Driver(name=D-7), passengers=[Passenger(name=P-7)], duration=14, distance=36.0, discount=null), Trip(driver=Driver(name=D-1), passengers=[Passenger(name=P-11), Passenger(name=P-13)], duration=7, distance=15.0, discount=null)), (Trip(driver=Driver(name=D-7), passengers=[Passenger(name=P-7)], duration=14, distance=36.0, discount=null), Trip(driver=Driver(name=D-3), passengers=[Passenger(name=P-10), Passenger(name=P-0)], duration=36, distance=6.0, discount=null)), (Trip(driver=Driver(name=D-7), passengers=[Passenger(name=P-7)], duration=14, distance=36.0, discount=null), Trip(driver=Driver(name=D-3), passengers=[Passenger(name=P-16), Passenger(name=P-12)], duration=28, distance=27.0, discount=null)), (Trip(driver=Driver(name=D-7), passengers=[Passenger(name=P-7)], duration=14, distance=36.0, discount=null), Trip(driver=Driver(name=D-4), passengers=[Passenger(name=P-14), Passenger(name=P-6)], duration=8, distance=34.0, discount=0.4)), (Trip(driver=Driver(name=D-7), passengers=[Passenger(name=P-7)], duration=14, distance=36.0, discount=null), Trip(driver=Driver(name=D-0), passengers=[Passenger(name=P-9)], duration=16, distance=7.0, discount=0.1)), (Trip(driver=Driver(name=D-7), passengers=[Passenger(name=P-7)], duration=14, distance=36.0, discount=null), Trip(driver=Driver(name=D-7), passengers=[Passenger(name=P-11), Passenger(name=P-7), Passenger(name=P-3)], duration=18, distance=2.0, discount=null)), (Trip(driver=Driver(name=D-7), passengers=[Passenger(name=P-7)], duration=14, distance=36.0, discount=null), Trip(driver=Driver(name=D-5), passengers=[Passenger(name=P-3)], duration=15, distance=39.0, discount=0.2)), (Trip(driver=Driver(name=D-7), passengers=[Passenger(name=P-7)], duration=14, distance=36.0, discount=null), Trip(driver=Driver(name=D-3), passengers=[Passenger(name=P-14), Passenger(name=P-7)], duration=31, distance=16.0, discount=null)), (Trip(driver=Driver(name=D-7), passengers=[Passenger(name=P-7)], duration=14, distance=36.0, discount=null), Trip(driver=Driver(name=D-2), passengers=[Passenger(name=P-4)], duration=16, distance=2.0, discount=0.3)), (Trip(driver=Driver(name=D-7), passengers=[Passenger(name=P-7)], duration=14, distance=36.0, discount=null), Trip(driver=Driver(name=D-7), passengers=[Passenger(name=P-7)], duration=14, distance=36.0, discount=null)), (Trip(driver=Driver(name=D-7), passengers=[Passenger(name=P-7)], duration=14, distance=36.0, discount=null), Trip(driver=Driver(name=D-0), passengers=[Passenger(name=P-11)], duration=38, distance=23.0, discount=null)), (Trip(driver=Driver(name=D-7), passengers=[Passenger(name=P-7)], duration=14, distance=36.0, discount=null), Trip(driver=Driver(name=D-7), passengers=[Passenger(name=P-12), Passenger(name=P-6), Passenger(name=P-3), Passenger(name=P-4)], duration=19, distance=3.0, discount=0.1)), (Trip(driver=Driver(name=D-7), passengers=[Passenger(name=P-7)], duration=14, distance=36.0, discount=null), Trip(driver=Driver(name=D-6), passengers=[Passenger(name=P-13), Passenger(name=P-3), Passenger(name=P-9)], duration=2, distance=10.0, discount=0.2)), (Trip(driver=Driver(name=D-7), passengers=[Passenger(name=P-7)], duration=14, distance=36.0, discount=null), Trip(driver=Driver(name=D-7), passengers=[Passenger(name=P-8), Passenger(name=P-2), Passenger(name=P-3), Passenger(name=P-19)], duration=21, distance=6.0, discount=0.3))]
item [(Trip(driver=Driver(name=D-0), passengers=[Passenger(name=P-11)], duration=38, distance=23.0, discount=null), Trip(driver=Driver(name=D-7), passengers=[Passenger(name=P-18), Passenger(name=P-5)], duration=21, distance=17.0, discount=null)), (Trip(driver=Driver(name=D-0), passengers=[Passenger(name=P-11)], duration=38, distance=23.0, discount=null), Trip(driver=Driver(name=D-6), passengers=[Passenger(name=P-8), Passenger(name=P-11)], duration=37, distance=29.0, discount=0.1)), (Trip(driver=Driver(name=D-0), passengers=[Passenger(name=P-11)], duration=38, distance=23.0, discount=null), Trip(driver=Driver(name=D-5), passengers=[Passenger(name=P-19), Passenger(name=P-11), Passenger(name=P-10), Passenger(name=P-4)], duration=33, distance=12.0, discount=0.2)), (Trip(driver=Driver(name=D-0), passengers=[Passenger(name=P-11)], duration=38, distance=23.0, discount=null), Trip(driver=Driver(name=D-7), passengers=[Passenger(name=P-4), Passenger(name=P-3)], duration=8, distance=2.0, discount=null)), (Trip(driver=Driver(name=D-0), passengers=[Passenger(name=P-11)], duration=38, distance=23.0, discount=null), Trip(driver=Driver(name=D-5), passengers=[Passenger(name=P-18)], duration=1, distance=11.0, discount=null)), (Trip(driver=Driver(name=D-0), passengers=[Passenger(name=P-11)], duration=38, distance=23.0, discount=null), Trip(driver=Driver(name=D-8), passengers=[Passenger(name=P-13), Passenger(name=P-10)], duration=26, distance=4.0, discount=0.4)), (Trip(driver=Driver(name=D-0), passengers=[Passenger(name=P-11)], duration=38, distance=23.0, discount=null), Trip(driver=Driver(name=D-0), passengers=[Passenger(name=P-14), Passenger(name=P-16), Passenger(name=P-1)], duration=35, distance=33.0, discount=null)), (Trip(driver=Driver(name=D-0), passengers=[Passenger(name=P-11)], duration=38, distance=23.0, discount=null), Trip(driver=Driver(name=D-8), passengers=[Passenger(name=P-13), Passenger(name=P-8)], duration=9, distance=29.0, discount=null)), (Trip(driver=Driver(name=D-0), passengers=[Passenger(name=P-11)], duration=38, distance=23.0, discount=null), Trip(driver=Driver(name=D-0), passengers=[Passenger(name=P-12)], duration=31, distance=5.0, discount=null)), (Trip(driver=Driver(name=D-0), passengers=[Passenger(name=P-11)], duration=38, distance=23.0, discount=null), Trip(driver=Driver(name=D-5), passengers=[Passenger(name=P-2), Passenger(name=P-11), Passenger(name=P-4)], duration=22, distance=18.0, discount=0.3)), (Trip(driver=Driver(name=D-0), passengers=[Passenger(name=P-11)], duration=38, distance=23.0, discount=null), Trip(driver=Driver(name=D-5), passengers=[Passenger(name=P-19), Passenger(name=P-13)], duration=21, distance=16.0, discount=0.3)), (Trip(driver=Driver(name=D-0), passengers=[Passenger(name=P-11)], duration=38, distance=23.0, discount=null), Trip(driver=Driver(name=D-6), passengers=[Passenger(name=P-4)], duration=11, distance=16.0, discount=null)), (Trip(driver=Driver(name=D-0), passengers=[Passenger(name=P-11)], duration=38, distance=23.0, discount=null), Trip(driver=Driver(name=D-9), passengers=[Passenger(name=P-14), Passenger(name=P-16)], duration=3, distance=9.0, discount=null)), (Trip(driver=Driver(name=D-0), passengers=[Passenger(name=P-11)], duration=38, distance=23.0, discount=null), Trip(driver=Driver(name=D-7), passengers=[Passenger(name=P-11), Passenger(name=P-10), Passenger(name=P-3), Passenger(name=P-9)], duration=27, distance=35.0, discount=0.1)), (Trip(driver=Driver(name=D-0), passengers=[Passenger(name=P-11)], duration=38, distance=23.0, discount=null), Trip(driver=Driver(name=D-9), passengers=[Passenger(name=P-13)], duration=9, distance=22.0, discount=null)), (Trip(driver=Driver(name=D-0), passengers=[Passenger(name=P-11)], duration=38, distance=23.0, discount=null), Trip(driver=Driver(name=D-1), passengers=[Passenger(name=P-12)], duration=36, distance=8.0, discount=null)), (Trip(driver=Driver(name=D-0), passengers=[Passenger(name=P-11)], duration=38, distance=23.0, discount=null), Trip(driver=Driver(name=D-1), passengers=[Passenger(name=P-11), Passenger(name=P-13)], duration=7, distance=15.0, discount=null)), (Trip(driver=Driver(name=D-0), passengers=[Passenger(name=P-11)], duration=38, distance=23.0, discount=null), Trip(driver=Driver(name=D-3), passengers=[Passenger(name=P-10), Passenger(name=P-0)], duration=36, distance=6.0, discount=null)), (Trip(driver=Driver(name=D-0), passengers=[Passenger(name=P-11)], duration=38, distance=23.0, discount=null), Trip(driver=Driver(name=D-3), passengers=[Passenger(name=P-16), Passenger(name=P-12)], duration=28, distance=27.0, discount=null)), (Trip(driver=Driver(name=D-0), passengers=[Passenger(name=P-11)], duration=38, distance=23.0, discount=null), Trip(driver=Driver(name=D-4), passengers=[Passenger(name=P-14), Passenger(name=P-6)], duration=8, distance=34.0, discount=0.4)), (Trip(driver=Driver(name=D-0), passengers=[Passenger(name=P-11)], duration=38, distance=23.0, discount=null), Trip(driver=Driver(name=D-0), passengers=[Passenger(name=P-9)], duration=16, distance=7.0, discount=0.1)), (Trip(driver=Driver(name=D-0), passengers=[Passenger(name=P-11)], duration=38, distance=23.0, discount=null), Trip(driver=Driver(name=D-7), passengers=[Passenger(name=P-11), Passenger(name=P-7), Passenger(name=P-3)], duration=18, distance=2.0, discount=null)), (Trip(driver=Driver(name=D-0), passengers=[Passenger(name=P-11)], duration=38, distance=23.0, discount=null), Trip(driver=Driver(name=D-5), passengers=[Passenger(name=P-3)], duration=15, distance=39.0, discount=0.2)), (Trip(driver=Driver(name=D-0), passengers=[Passenger(name=P-11)], duration=38, distance=23.0, discount=null), Trip(driver=Driver(name=D-3), passengers=[Passenger(name=P-14), Passenger(name=P-7)], duration=31, distance=16.0, discount=null)), (Trip(driver=Driver(name=D-0), passengers=[Passenger(name=P-11)], duration=38, distance=23.0, discount=null), Trip(driver=Driver(name=D-2), passengers=[Passenger(name=P-4)], duration=16, distance=2.0, discount=0.3)), (Trip(driver=Driver(name=D-0), passengers=[Passenger(name=P-11)], duration=38, distance=23.0, discount=null), Trip(driver=Driver(name=D-7), passengers=[Passenger(name=P-7)], duration=14, distance=36.0, discount=null)), (Trip(driver=Driver(name=D-0), passengers=[Passenger(name=P-11)], duration=38, distance=23.0, discount=null), Trip(driver=Driver(name=D-0), passengers=[Passenger(name=P-11)], duration=38, distance=23.0, discount=null)), (Trip(driver=Driver(name=D-0), passengers=[Passenger(name=P-11)], duration=38, distance=23.0, discount=null), Trip(driver=Driver(name=D-7), passengers=[Passenger(name=P-12), Passenger(name=P-6), Passenger(name=P-3), Passenger(name=P-4)], duration=19, distance=3.0, discount=0.1)), (Trip(driver=Driver(name=D-0), passengers=[Passenger(name=P-11)], duration=38, distance=23.0, discount=null), Trip(driver=Driver(name=D-6), passengers=[Passenger(name=P-13), Passenger(name=P-3), Passenger(name=P-9)], duration=2, distance=10.0, discount=0.2)), (Trip(driver=Driver(name=D-0), passengers=[Passenger(name=P-11)], duration=38, distance=23.0, discount=null), Trip(driver=Driver(name=D-7), passengers=[Passenger(name=P-8), Passenger(name=P-2), Passenger(name=P-3), Passenger(name=P-19)], duration=21, distance=6.0, discount=0.3))]
item [(Trip(driver=Driver(name=D-7), passengers=[Passenger(name=P-12), Passenger(name=P-6), Passenger(name=P-3), Passenger(name=P-4)], duration=19, distance=3.0, discount=0.1), Trip(driver=Driver(name=D-7), passengers=[Passenger(name=P-18), Passenger(name=P-5)], duration=21, distance=17.0, discount=null)), (Trip(driver=Driver(name=D-7), passengers=[Passenger(name=P-12), Passenger(name=P-6), Passenger(name=P-3), Passenger(name=P-4)], duration=19, distance=3.0, discount=0.1), Trip(driver=Driver(name=D-6), passengers=[Passenger(name=P-8), Passenger(name=P-11)], duration=37, distance=29.0, discount=0.1)), (Trip(driver=Driver(name=D-7), passengers=[Passenger(name=P-12), Passenger(name=P-6), Passenger(name=P-3), Passenger(name=P-4)], duration=19, distance=3.0, discount=0.1), Trip(driver=Driver(name=D-5), passengers=[Passenger(name=P-19), Passenger(name=P-11), Passenger(name=P-10), Passenger(name=P-4)], duration=33, distance=12.0, discount=0.2)), (Trip(driver=Driver(name=D-7), passengers=[Passenger(name=P-12), Passenger(name=P-6), Passenger(name=P-3), Passenger(name=P-4)], duration=19, distance=3.0, discount=0.1), Trip(driver=Driver(name=D-7), passengers=[Passenger(name=P-4), Passenger(name=P-3)], duration=8, distance=2.0, discount=null)), (Trip(driver=Driver(name=D-7), passengers=[Passenger(name=P-12), Passenger(name=P-6), Passenger(name=P-3), Passenger(name=P-4)], duration=19, distance=3.0, discount=0.1), Trip(driver=Driver(name=D-5), passengers=[Passenger(name=P-18)], duration=1, distance=11.0, discount=null)), (Trip(driver=Driver(name=D-7), passengers=[Passenger(name=P-12), Passenger(name=P-6), Passenger(name=P-3), Passenger(name=P-4)], duration=19, distance=3.0, discount=0.1), Trip(driver=Driver(name=D-8), passengers=[Passenger(name=P-13), Passenger(name=P-10)], duration=26, distance=4.0, discount=0.4)), (Trip(driver=Driver(name=D-7), passengers=[Passenger(name=P-12), Passenger(name=P-6), Passenger(name=P-3), Passenger(name=P-4)], duration=19, distance=3.0, discount=0.1), Trip(driver=Driver(name=D-0), passengers=[Passenger(name=P-14), Passenger(name=P-16), Passenger(name=P-1)], duration=35, distance=33.0, discount=null)), (Trip(driver=Driver(name=D-7), passengers=[Passenger(name=P-12), Passenger(name=P-6), Passenger(name=P-3), Passenger(name=P-4)], duration=19, distance=3.0, discount=0.1), Trip(driver=Driver(name=D-8), passengers=[Passenger(name=P-13), Passenger(name=P-8)], duration=9, distance=29.0, discount=null)), (Trip(driver=Driver(name=D-7), passengers=[Passenger(name=P-12), Passenger(name=P-6), Passenger(name=P-3), Passenger(name=P-4)], duration=19, distance=3.0, discount=0.1), Trip(driver=Driver(name=D-0), passengers=[Passenger(name=P-12)], duration=31, distance=5.0, discount=null)), (Trip(driver=Driver(name=D-7), passengers=[Passenger(name=P-12), Passenger(name=P-6), Passenger(name=P-3), Passenger(name=P-4)], duration=19, distance=3.0, discount=0.1), Trip(driver=Driver(name=D-5), passengers=[Passenger(name=P-2), Passenger(name=P-11), Passenger(name=P-4)], duration=22, distance=18.0, discount=0.3)), (Trip(driver=Driver(name=D-7), passengers=[Passenger(name=P-12), Passenger(name=P-6), Passenger(name=P-3), Passenger(name=P-4)], duration=19, distance=3.0, discount=0.1), Trip(driver=Driver(name=D-5), passengers=[Passenger(name=P-19), Passenger(name=P-13)], duration=21, distance=16.0, discount=0.3)), (Trip(driver=Driver(name=D-7), passengers=[Passenger(name=P-12), Passenger(name=P-6), Passenger(name=P-3), Passenger(name=P-4)], duration=19, distance=3.0, discount=0.1), Trip(driver=Driver(name=D-6), passengers=[Passenger(name=P-4)], duration=11, distance=16.0, discount=null)), (Trip(driver=Driver(name=D-7), passengers=[Passenger(name=P-12), Passenger(name=P-6), Passenger(name=P-3), Passenger(name=P-4)], duration=19, distance=3.0, discount=0.1), Trip(driver=Driver(name=D-9), passengers=[Passenger(name=P-14), Passenger(name=P-16)], duration=3, distance=9.0, discount=null)), (Trip(driver=Driver(name=D-7), passengers=[Passenger(name=P-12), Passenger(name=P-6), Passenger(name=P-3), Passenger(name=P-4)], duration=19, distance=3.0, discount=0.1), Trip(driver=Driver(name=D-7), passengers=[Passenger(name=P-11), Passenger(name=P-10), Passenger(name=P-3), Passenger(name=P-9)], duration=27, distance=35.0, discount=0.1)), (Trip(driver=Driver(name=D-7), passengers=[Passenger(name=P-12), Passenger(name=P-6), Passenger(name=P-3), Passenger(name=P-4)], duration=19, distance=3.0, discount=0.1), Trip(driver=Driver(name=D-9), passengers=[Passenger(name=P-13)], duration=9, distance=22.0, discount=null)), (Trip(driver=Driver(name=D-7), passengers=[Passenger(name=P-12), Passenger(name=P-6), Passenger(name=P-3), Passenger(name=P-4)], duration=19, distance=3.0, discount=0.1), Trip(driver=Driver(name=D-1), passengers=[Passenger(name=P-12)], duration=36, distance=8.0, discount=null)), (Trip(driver=Driver(name=D-7), passengers=[Passenger(name=P-12), Passenger(name=P-6), Passenger(name=P-3), Passenger(name=P-4)], duration=19, distance=3.0, discount=0.1), Trip(driver=Driver(name=D-1), passengers=[Passenger(name=P-11), Passenger(name=P-13)], duration=7, distance=15.0, discount=null)), (Trip(driver=Driver(name=D-7), passengers=[Passenger(name=P-12), Passenger(name=P-6), Passenger(name=P-3), Passenger(name=P-4)], duration=19, distance=3.0, discount=0.1), Trip(driver=Driver(name=D-3), passengers=[Passenger(name=P-10), Passenger(name=P-0)], duration=36, distance=6.0, discount=null)), (Trip(driver=Driver(name=D-7), passengers=[Passenger(name=P-12), Passenger(name=P-6), Passenger(name=P-3), Passenger(name=P-4)], duration=19, distance=3.0, discount=0.1), Trip(driver=Driver(name=D-3), passengers=[Passenger(name=P-16), Passenger(name=P-12)], duration=28, distance=27.0, discount=null)), (Trip(driver=Driver(name=D-7), passengers=[Passenger(name=P-12), Passenger(name=P-6), Passenger(name=P-3), Passenger(name=P-4)], duration=19, distance=3.0, discount=0.1), Trip(driver=Driver(name=D-4), passengers=[Passenger(name=P-14), Passenger(name=P-6)], duration=8, distance=34.0, discount=0.4)), (Trip(driver=Driver(name=D-7), passengers=[Passenger(name=P-12), Passenger(name=P-6), Passenger(name=P-3), Passenger(name=P-4)], duration=19, distance=3.0, discount=0.1), Trip(driver=Driver(name=D-0), passengers=[Passenger(name=P-9)], duration=16, distance=7.0, discount=0.1)), (Trip(driver=Driver(name=D-7), passengers=[Passenger(name=P-12), Passenger(name=P-6), Passenger(name=P-3), Passenger(name=P-4)], duration=19, distance=3.0, discount=0.1), Trip(driver=Driver(name=D-7), passengers=[Passenger(name=P-11), Passenger(name=P-7), Passenger(name=P-3)], duration=18, distance=2.0, discount=null)), (Trip(driver=Driver(name=D-7), passengers=[Passenger(name=P-12), Passenger(name=P-6), Passenger(name=P-3), Passenger(name=P-4)], duration=19, distance=3.0, discount=0.1), Trip(driver=Driver(name=D-5), passengers=[Passenger(name=P-3)], duration=15, distance=39.0, discount=0.2)), (Trip(driver=Driver(name=D-7), passengers=[Passenger(name=P-12), Passenger(name=P-6), Passenger(name=P-3), Passenger(name=P-4)], duration=19, distance=3.0, discount=0.1), Trip(driver=Driver(name=D-3), passengers=[Passenger(name=P-14), Passenger(name=P-7)], duration=31, distance=16.0, discount=null)), (Trip(driver=Driver(name=D-7), passengers=[Passenger(name=P-12), Passenger(name=P-6), Passenger(name=P-3), Passenger(name=P-4)], duration=19, distance=3.0, discount=0.1), Trip(driver=Driver(name=D-2), passengers=[Passenger(name=P-4)], duration=16, distance=2.0, discount=0.3)), (Trip(driver=Driver(name=D-7), passengers=[Passenger(name=P-12), Passenger(name=P-6), Passenger(name=P-3), Passenger(name=P-4)], duration=19, distance=3.0, discount=0.1), Trip(driver=Driver(name=D-7), passengers=[Passenger(name=P-7)], duration=14, distance=36.0, discount=null)), (Trip(driver=Driver(name=D-7), passengers=[Passenger(name=P-12), Passenger(name=P-6), Passenger(name=P-3), Passenger(name=P-4)], duration=19, distance=3.0, discount=0.1), Trip(driver=Driver(name=D-0), passengers=[Passenger(name=P-11)], duration=38, distance=23.0, discount=null)), (Trip(driver=Driver(name=D-7), passengers=[Passenger(name=P-12), Passenger(name=P-6), Passenger(name=P-3), Passenger(name=P-4)], duration=19, distance=3.0, discount=0.1), Trip(driver=Driver(name=D-7), passengers=[Passenger(name=P-12), Passenger(name=P-6), Passenger(name=P-3), Passenger(name=P-4)], duration=19, distance=3.0, discount=0.1)), (Trip(driver=Driver(name=D-7), passengers=[Passenger(name=P-12), Passenger(name=P-6), Passenger(name=P-3), Passenger(name=P-4)], duration=19, distance=3.0, discount=0.1), Trip(driver=Driver(name=D-6), passengers=[Passenger(name=P-13), Passenger(name=P-3), Passenger(name=P-9)], duration=2, distance=10.0, discount=0.2)), (Trip(driver=Driver(name=D-7), passengers=[Passenger(name=P-12), Passenger(name=P-6), Passenger(name=P-3), Passenger(name=P-4)], duration=19, distance=3.0, discount=0.1), Trip(driver=Driver(name=D-7), passengers=[Passenger(name=P-8), Passenger(name=P-2), Passenger(name=P-3), Passenger(name=P-19)], duration=21, distance=6.0, discount=0.3))]
item [(Trip(driver=Driver(name=D-6), passengers=[Passenger(name=P-13), Passenger(name=P-3), Passenger(name=P-9)], duration=2, distance=10.0, discount=0.2), Trip(driver=Driver(name=D-7), passengers=[Passenger(name=P-18), Passenger(name=P-5)], duration=21, distance=17.0, discount=null)), (Trip(driver=Driver(name=D-6), passengers=[Passenger(name=P-13), Passenger(name=P-3), Passenger(name=P-9)], duration=2, distance=10.0, discount=0.2), Trip(driver=Driver(name=D-6), passengers=[Passenger(name=P-8), Passenger(name=P-11)], duration=37, distance=29.0, discount=0.1)), (Trip(driver=Driver(name=D-6), passengers=[Passenger(name=P-13), Passenger(name=P-3), Passenger(name=P-9)], duration=2, distance=10.0, discount=0.2), Trip(driver=Driver(name=D-5), passengers=[Passenger(name=P-19), Passenger(name=P-11), Passenger(name=P-10), Passenger(name=P-4)], duration=33, distance=12.0, discount=0.2)), (Trip(driver=Driver(name=D-6), passengers=[Passenger(name=P-13), Passenger(name=P-3), Passenger(name=P-9)], duration=2, distance=10.0, discount=0.2), Trip(driver=Driver(name=D-7), passengers=[Passenger(name=P-4), Passenger(name=P-3)], duration=8, distance=2.0, discount=null)), (Trip(driver=Driver(name=D-6), passengers=[Passenger(name=P-13), Passenger(name=P-3), Passenger(name=P-9)], duration=2, distance=10.0, discount=0.2), Trip(driver=Driver(name=D-5), passengers=[Passenger(name=P-18)], duration=1, distance=11.0, discount=null)), (Trip(driver=Driver(name=D-6), passengers=[Passenger(name=P-13), Passenger(name=P-3), Passenger(name=P-9)], duration=2, distance=10.0, discount=0.2), Trip(driver=Driver(name=D-8), passengers=[Passenger(name=P-13), Passenger(name=P-10)], duration=26, distance=4.0, discount=0.4)), (Trip(driver=Driver(name=D-6), passengers=[Passenger(name=P-13), Passenger(name=P-3), Passenger(name=P-9)], duration=2, distance=10.0, discount=0.2), Trip(driver=Driver(name=D-0), passengers=[Passenger(name=P-14), Passenger(name=P-16), Passenger(name=P-1)], duration=35, distance=33.0, discount=null)), (Trip(driver=Driver(name=D-6), passengers=[Passenger(name=P-13), Passenger(name=P-3), Passenger(name=P-9)], duration=2, distance=10.0, discount=0.2), Trip(driver=Driver(name=D-8), passengers=[Passenger(name=P-13), Passenger(name=P-8)], duration=9, distance=29.0, discount=null)), (Trip(driver=Driver(name=D-6), passengers=[Passenger(name=P-13), Passenger(name=P-3), Passenger(name=P-9)], duration=2, distance=10.0, discount=0.2), Trip(driver=Driver(name=D-0), passengers=[Passenger(name=P-12)], duration=31, distance=5.0, discount=null)), (Trip(driver=Driver(name=D-6), passengers=[Passenger(name=P-13), Passenger(name=P-3), Passenger(name=P-9)], duration=2, distance=10.0, discount=0.2), Trip(driver=Driver(name=D-5), passengers=[Passenger(name=P-2), Passenger(name=P-11), Passenger(name=P-4)], duration=22, distance=18.0, discount=0.3)), (Trip(driver=Driver(name=D-6), passengers=[Passenger(name=P-13), Passenger(name=P-3), Passenger(name=P-9)], duration=2, distance=10.0, discount=0.2), Trip(driver=Driver(name=D-5), passengers=[Passenger(name=P-19), Passenger(name=P-13)], duration=21, distance=16.0, discount=0.3)), (Trip(driver=Driver(name=D-6), passengers=[Passenger(name=P-13), Passenger(name=P-3), Passenger(name=P-9)], duration=2, distance=10.0, discount=0.2), Trip(driver=Driver(name=D-6), passengers=[Passenger(name=P-4)], duration=11, distance=16.0, discount=null)), (Trip(driver=Driver(name=D-6), passengers=[Passenger(name=P-13), Passenger(name=P-3), Passenger(name=P-9)], duration=2, distance=10.0, discount=0.2), Trip(driver=Driver(name=D-9), passengers=[Passenger(name=P-14), Passenger(name=P-16)], duration=3, distance=9.0, discount=null)), (Trip(driver=Driver(name=D-6), passengers=[Passenger(name=P-13), Passenger(name=P-3), Passenger(name=P-9)], duration=2, distance=10.0, discount=0.2), Trip(driver=Driver(name=D-7), passengers=[Passenger(name=P-11), Passenger(name=P-10), Passenger(name=P-3), Passenger(name=P-9)], duration=27, distance=35.0, discount=0.1)), (Trip(driver=Driver(name=D-6), passengers=[Passenger(name=P-13), Passenger(name=P-3), Passenger(name=P-9)], duration=2, distance=10.0, discount=0.2), Trip(driver=Driver(name=D-9), passengers=[Passenger(name=P-13)], duration=9, distance=22.0, discount=null)), (Trip(driver=Driver(name=D-6), passengers=[Passenger(name=P-13), Passenger(name=P-3), Passenger(name=P-9)], duration=2, distance=10.0, discount=0.2), Trip(driver=Driver(name=D-1), passengers=[Passenger(name=P-12)], duration=36, distance=8.0, discount=null)), (Trip(driver=Driver(name=D-6), passengers=[Passenger(name=P-13), Passenger(name=P-3), Passenger(name=P-9)], duration=2, distance=10.0, discount=0.2), Trip(driver=Driver(name=D-1), passengers=[Passenger(name=P-11), Passenger(name=P-13)], duration=7, distance=15.0, discount=null)), (Trip(driver=Driver(name=D-6), passengers=[Passenger(name=P-13), Passenger(name=P-3), Passenger(name=P-9)], duration=2, distance=10.0, discount=0.2), Trip(driver=Driver(name=D-3), passengers=[Passenger(name=P-10), Passenger(name=P-0)], duration=36, distance=6.0, discount=null)), (Trip(driver=Driver(name=D-6), passengers=[Passenger(name=P-13), Passenger(name=P-3), Passenger(name=P-9)], duration=2, distance=10.0, discount=0.2), Trip(driver=Driver(name=D-3), passengers=[Passenger(name=P-16), Passenger(name=P-12)], duration=28, distance=27.0, discount=null)), (Trip(driver=Driver(name=D-6), passengers=[Passenger(name=P-13), Passenger(name=P-3), Passenger(name=P-9)], duration=2, distance=10.0, discount=0.2), Trip(driver=Driver(name=D-4), passengers=[Passenger(name=P-14), Passenger(name=P-6)], duration=8, distance=34.0, discount=0.4)), (Trip(driver=Driver(name=D-6), passengers=[Passenger(name=P-13), Passenger(name=P-3), Passenger(name=P-9)], duration=2, distance=10.0, discount=0.2), Trip(driver=Driver(name=D-0), passengers=[Passenger(name=P-9)], duration=16, distance=7.0, discount=0.1)), (Trip(driver=Driver(name=D-6), passengers=[Passenger(name=P-13), Passenger(name=P-3), Passenger(name=P-9)], duration=2, distance=10.0, discount=0.2), Trip(driver=Driver(name=D-7), passengers=[Passenger(name=P-11), Passenger(name=P-7), Passenger(name=P-3)], duration=18, distance=2.0, discount=null)), (Trip(driver=Driver(name=D-6), passengers=[Passenger(name=P-13), Passenger(name=P-3), Passenger(name=P-9)], duration=2, distance=10.0, discount=0.2), Trip(driver=Driver(name=D-5), passengers=[Passenger(name=P-3)], duration=15, distance=39.0, discount=0.2)), (Trip(driver=Driver(name=D-6), passengers=[Passenger(name=P-13), Passenger(name=P-3), Passenger(name=P-9)], duration=2, distance=10.0, discount=0.2), Trip(driver=Driver(name=D-3), passengers=[Passenger(name=P-14), Passenger(name=P-7)], duration=31, distance=16.0, discount=null)), (Trip(driver=Driver(name=D-6), passengers=[Passenger(name=P-13), Passenger(name=P-3), Passenger(name=P-9)], duration=2, distance=10.0, discount=0.2), Trip(driver=Driver(name=D-2), passengers=[Passenger(name=P-4)], duration=16, distance=2.0, discount=0.3)), (Trip(driver=Driver(name=D-6), passengers=[Passenger(name=P-13), Passenger(name=P-3), Passenger(name=P-9)], duration=2, distance=10.0, discount=0.2), Trip(driver=Driver(name=D-7), passengers=[Passenger(name=P-7)], duration=14, distance=36.0, discount=null)), (Trip(driver=Driver(name=D-6), passengers=[Passenger(name=P-13), Passenger(name=P-3), Passenger(name=P-9)], duration=2, distance=10.0, discount=0.2), Trip(driver=Driver(name=D-0), passengers=[Passenger(name=P-11)], duration=38, distance=23.0, discount=null)), (Trip(driver=Driver(name=D-6), passengers=[Passenger(name=P-13), Passenger(name=P-3), Passenger(name=P-9)], duration=2, distance=10.0, discount=0.2), Trip(driver=Driver(name=D-7), passengers=[Passenger(name=P-12), Passenger(name=P-6), Passenger(name=P-3), Passenger(name=P-4)], duration=19, distance=3.0, discount=0.1)), (Trip(driver=Driver(name=D-6), passengers=[Passenger(name=P-13), Passenger(name=P-3), Passenger(name=P-9)], duration=2, distance=10.0, discount=0.2), Trip(driver=Driver(name=D-6), passengers=[Passenger(name=P-13), Passenger(name=P-3), Passenger(name=P-9)], duration=2, distance=10.0, discount=0.2)), (Trip(driver=Driver(name=D-6), passengers=[Passenger(name=P-13), Passenger(name=P-3), Passenger(name=P-9)], duration=2, distance=10.0, discount=0.2), Trip(driver=Driver(name=D-7), passengers=[Passenger(name=P-8), Passenger(name=P-2), Passenger(name=P-3), Passenger(name=P-19)], duration=21, distance=6.0, discount=0.3))]
item [(Trip(driver=Driver(name=D-7), passengers=[Passenger(name=P-8), Passenger(name=P-2), Passenger(name=P-3), Passenger(name=P-19)], duration=21, distance=6.0, discount=0.3), Trip(driver=Driver(name=D-7), passengers=[Passenger(name=P-18), Passenger(name=P-5)], duration=21, distance=17.0, discount=null)), (Trip(driver=Driver(name=D-7), passengers=[Passenger(name=P-8), Passenger(name=P-2), Passenger(name=P-3), Passenger(name=P-19)], duration=21, distance=6.0, discount=0.3), Trip(driver=Driver(name=D-6), passengers=[Passenger(name=P-8), Passenger(name=P-11)], duration=37, distance=29.0, discount=0.1)), (Trip(driver=Driver(name=D-7), passengers=[Passenger(name=P-8), Passenger(name=P-2), Passenger(name=P-3), Passenger(name=P-19)], duration=21, distance=6.0, discount=0.3), Trip(driver=Driver(name=D-5), passengers=[Passenger(name=P-19), Passenger(name=P-11), Passenger(name=P-10), Passenger(name=P-4)], duration=33, distance=12.0, discount=0.2)), (Trip(driver=Driver(name=D-7), passengers=[Passenger(name=P-8), Passenger(name=P-2), Passenger(name=P-3), Passenger(name=P-19)], duration=21, distance=6.0, discount=0.3), Trip(driver=Driver(name=D-7), passengers=[Passenger(name=P-4), Passenger(name=P-3)], duration=8, distance=2.0, discount=null)), (Trip(driver=Driver(name=D-7), passengers=[Passenger(name=P-8), Passenger(name=P-2), Passenger(name=P-3), Passenger(name=P-19)], duration=21, distance=6.0, discount=0.3), Trip(driver=Driver(name=D-5), passengers=[Passenger(name=P-18)], duration=1, distance=11.0, discount=null)), (Trip(driver=Driver(name=D-7), passengers=[Passenger(name=P-8), Passenger(name=P-2), Passenger(name=P-3), Passenger(name=P-19)], duration=21, distance=6.0, discount=0.3), Trip(driver=Driver(name=D-8), passengers=[Passenger(name=P-13), Passenger(name=P-10)], duration=26, distance=4.0, discount=0.4)), (Trip(driver=Driver(name=D-7), passengers=[Passenger(name=P-8), Passenger(name=P-2), Passenger(name=P-3), Passenger(name=P-19)], duration=21, distance=6.0, discount=0.3), Trip(driver=Driver(name=D-0), passengers=[Passenger(name=P-14), Passenger(name=P-16), Passenger(name=P-1)], duration=35, distance=33.0, discount=null)), (Trip(driver=Driver(name=D-7), passengers=[Passenger(name=P-8), Passenger(name=P-2), Passenger(name=P-3), Passenger(name=P-19)], duration=21, distance=6.0, discount=0.3), Trip(driver=Driver(name=D-8), passengers=[Passenger(name=P-13), Passenger(name=P-8)], duration=9, distance=29.0, discount=null)), (Trip(driver=Driver(name=D-7), passengers=[Passenger(name=P-8), Passenger(name=P-2), Passenger(name=P-3), Passenger(name=P-19)], duration=21, distance=6.0, discount=0.3), Trip(driver=Driver(name=D-0), passengers=[Passenger(name=P-12)], duration=31, distance=5.0, discount=null)), (Trip(driver=Driver(name=D-7), passengers=[Passenger(name=P-8), Passenger(name=P-2), Passenger(name=P-3), Passenger(name=P-19)], duration=21, distance=6.0, discount=0.3), Trip(driver=Driver(name=D-5), passengers=[Passenger(name=P-2), Passenger(name=P-11), Passenger(name=P-4)], duration=22, distance=18.0, discount=0.3)), (Trip(driver=Driver(name=D-7), passengers=[Passenger(name=P-8), Passenger(name=P-2), Passenger(name=P-3), Passenger(name=P-19)], duration=21, distance=6.0, discount=0.3), Trip(driver=Driver(name=D-5), passengers=[Passenger(name=P-19), Passenger(name=P-13)], duration=21, distance=16.0, discount=0.3)), (Trip(driver=Driver(name=D-7), passengers=[Passenger(name=P-8), Passenger(name=P-2), Passenger(name=P-3), Passenger(name=P-19)], duration=21, distance=6.0, discount=0.3), Trip(driver=Driver(name=D-6), passengers=[Passenger(name=P-4)], duration=11, distance=16.0, discount=null)), (Trip(driver=Driver(name=D-7), passengers=[Passenger(name=P-8), Passenger(name=P-2), Passenger(name=P-3), Passenger(name=P-19)], duration=21, distance=6.0, discount=0.3), Trip(driver=Driver(name=D-9), passengers=[Passenger(name=P-14), Passenger(name=P-16)], duration=3, distance=9.0, discount=null)), (Trip(driver=Driver(name=D-7), passengers=[Passenger(name=P-8), Passenger(name=P-2), Passenger(name=P-3), Passenger(name=P-19)], duration=21, distance=6.0, discount=0.3), Trip(driver=Driver(name=D-7), passengers=[Passenger(name=P-11), Passenger(name=P-10), Passenger(name=P-3), Passenger(name=P-9)], duration=27, distance=35.0, discount=0.1)), (Trip(driver=Driver(name=D-7), passengers=[Passenger(name=P-8), Passenger(name=P-2), Passenger(name=P-3), Passenger(name=P-19)], duration=21, distance=6.0, discount=0.3), Trip(driver=Driver(name=D-9), passengers=[Passenger(name=P-13)], duration=9, distance=22.0, discount=null)), (Trip(driver=Driver(name=D-7), passengers=[Passenger(name=P-8), Passenger(name=P-2), Passenger(name=P-3), Passenger(name=P-19)], duration=21, distance=6.0, discount=0.3), Trip(driver=Driver(name=D-1), passengers=[Passenger(name=P-12)], duration=36, distance=8.0, discount=null)), (Trip(driver=Driver(name=D-7), passengers=[Passenger(name=P-8), Passenger(name=P-2), Passenger(name=P-3), Passenger(name=P-19)], duration=21, distance=6.0, discount=0.3), Trip(driver=Driver(name=D-1), passengers=[Passenger(name=P-11), Passenger(name=P-13)], duration=7, distance=15.0, discount=null)), (Trip(driver=Driver(name=D-7), passengers=[Passenger(name=P-8), Passenger(name=P-2), Passenger(name=P-3), Passenger(name=P-19)], duration=21, distance=6.0, discount=0.3), Trip(driver=Driver(name=D-3), passengers=[Passenger(name=P-10), Passenger(name=P-0)], duration=36, distance=6.0, discount=null)), (Trip(driver=Driver(name=D-7), passengers=[Passenger(name=P-8), Passenger(name=P-2), Passenger(name=P-3), Passenger(name=P-19)], duration=21, distance=6.0, discount=0.3), Trip(driver=Driver(name=D-3), passengers=[Passenger(name=P-16), Passenger(name=P-12)], duration=28, distance=27.0, discount=null)), (Trip(driver=Driver(name=D-7), passengers=[Passenger(name=P-8), Passenger(name=P-2), Passenger(name=P-3), Passenger(name=P-19)], duration=21, distance=6.0, discount=0.3), Trip(driver=Driver(name=D-4), passengers=[Passenger(name=P-14), Passenger(name=P-6)], duration=8, distance=34.0, discount=0.4)), (Trip(driver=Driver(name=D-7), passengers=[Passenger(name=P-8), Passenger(name=P-2), Passenger(name=P-3), Passenger(name=P-19)], duration=21, distance=6.0, discount=0.3), Trip(driver=Driver(name=D-0), passengers=[Passenger(name=P-9)], duration=16, distance=7.0, discount=0.1)), (Trip(driver=Driver(name=D-7), passengers=[Passenger(name=P-8), Passenger(name=P-2), Passenger(name=P-3), Passenger(name=P-19)], duration=21, distance=6.0, discount=0.3), Trip(driver=Driver(name=D-7), passengers=[Passenger(name=P-11), Passenger(name=P-7), Passenger(name=P-3)], duration=18, distance=2.0, discount=null)), (Trip(driver=Driver(name=D-7), passengers=[Passenger(name=P-8), Passenger(name=P-2), Passenger(name=P-3), Passenger(name=P-19)], duration=21, distance=6.0, discount=0.3), Trip(driver=Driver(name=D-5), passengers=[Passenger(name=P-3)], duration=15, distance=39.0, discount=0.2)), (Trip(driver=Driver(name=D-7), passengers=[Passenger(name=P-8), Passenger(name=P-2), Passenger(name=P-3), Passenger(name=P-19)], duration=21, distance=6.0, discount=0.3), Trip(driver=Driver(name=D-3), passengers=[Passenger(name=P-14), Passenger(name=P-7)], duration=31, distance=16.0, discount=null)), (Trip(driver=Driver(name=D-7), passengers=[Passenger(name=P-8), Passenger(name=P-2), Passenger(name=P-3), Passenger(name=P-19)], duration=21, distance=6.0, discount=0.3), Trip(driver=Driver(name=D-2), passengers=[Passenger(name=P-4)], duration=16, distance=2.0, discount=0.3)), (Trip(driver=Driver(name=D-7), passengers=[Passenger(name=P-8), Passenger(name=P-2), Passenger(name=P-3), Passenger(name=P-19)], duration=21, distance=6.0, discount=0.3), Trip(driver=Driver(name=D-7), passengers=[Passenger(name=P-7)], duration=14, distance=36.0, discount=null)), (Trip(driver=Driver(name=D-7), passengers=[Passenger(name=P-8), Passenger(name=P-2), Passenger(name=P-3), Passenger(name=P-19)], duration=21, distance=6.0, discount=0.3), Trip(driver=Driver(name=D-0), passengers=[Passenger(name=P-11)], duration=38, distance=23.0, discount=null)), (Trip(driver=Driver(name=D-7), passengers=[Passenger(name=P-8), Passenger(name=P-2), Passenger(name=P-3), Passenger(name=P-19)], duration=21, distance=6.0, discount=0.3), Trip(driver=Driver(name=D-7), passengers=[Passenger(name=P-12), Passenger(name=P-6), Passenger(name=P-3), Passenger(name=P-4)], duration=19, distance=3.0, discount=0.1)), (Trip(driver=Driver(name=D-7), passengers=[Passenger(name=P-8), Passenger(name=P-2), Passenger(name=P-3), Passenger(name=P-19)], duration=21, distance=6.0, discount=0.3), Trip(driver=Driver(name=D-6), passengers=[Passenger(name=P-13), Passenger(name=P-3), Passenger(name=P-9)], duration=2, distance=10.0, discount=0.2)), (Trip(driver=Driver(name=D-7), passengers=[Passenger(name=P-8), Passenger(name=P-2), Passenger(name=P-3), Passenger(name=P-19)], duration=21, distance=6.0, discount=0.3), Trip(driver=Driver(name=D-7), passengers=[Passenger(name=P-8), Passenger(name=P-2), Passenger(name=P-3), Passenger(name=P-19)], duration=21, distance=6.0, discount=0.3))]
item [(Trip(driver=Driver(name=D-5), passengers=[Passenger(name=P-4), Passenger(name=P-18)], duration=13, distance=32.0, discount=null), Trip(driver=Driver(name=D-5), passengers=[Passenger(name=P-4), Passenger(name=P-18)], duration=13, distance=32.0, discount=null)), (Trip(driver=Driver(name=D-5), passengers=[Passenger(name=P-4), Passenger(name=P-18)], duration=13, distance=32.0, discount=null), Trip(driver=Driver(name=D-7), passengers=[Passenger(name=P-7), Passenger(name=P-9), Passenger(name=P-16), Passenger(name=P-13)], duration=8, distance=11.0, discount=null)), (Trip(driver=Driver(name=D-5), passengers=[Passenger(name=P-4), Passenger(name=P-18)], duration=13, distance=32.0, discount=null), Trip(driver=Driver(name=D-9), passengers=[Passenger(name=P-3), Passenger(name=P-18), Passenger(name=P-1)], duration=4, distance=27.0, discount=0.1)), (Trip(driver=Driver(name=D-5), passengers=[Passenger(name=P-4), Passenger(name=P-18)], duration=13, distance=32.0, discount=null), Trip(driver=Driver(name=D-4), passengers=[Passenger(name=P-2), Passenger(name=P-3), Passenger(name=P-8)], duration=7, distance=8.0, discount=null)), (Trip(driver=Driver(name=D-5), passengers=[Passenger(name=P-4), Passenger(name=P-18)], duration=13, distance=32.0, discount=null), Trip(driver=Driver(name=D-1), passengers=[Passenger(name=P-14), Passenger(name=P-4)], duration=9, distance=34.0, discount=null)), (Trip(driver=Driver(name=D-5), passengers=[Passenger(name=P-4), Passenger(name=P-18)], duration=13, distance=32.0, discount=null), Trip(driver=Driver(name=D-2), passengers=[Passenger(name=P-8), Passenger(name=P-4)], duration=9, distance=19.0, discount=0.1)), (Trip(driver=Driver(name=D-5), passengers=[Passenger(name=P-4), Passenger(name=P-18)], duration=13, distance=32.0, discount=null), Trip(driver=Driver(name=D-4), passengers=[Passenger(name=P-8)], duration=35, distance=24.0, discount=0.3)), (Trip(driver=Driver(name=D-5), passengers=[Passenger(name=P-4), Passenger(name=P-18)], duration=13, distance=32.0, discount=null), Trip(driver=Driver(name=D-8), passengers=[Passenger(name=P-14), Passenger(name=P-13)], duration=11, distance=4.0, discount=null)), (Trip(driver=Driver(name=D-5), passengers=[Passenger(name=P-4), Passenger(name=P-18)], duration=13, distance=32.0, discount=null), Trip(driver=Driver(name=D-9), passengers=[Passenger(name=P-5), Passenger(name=P-1)], duration=20, distance=18.0, discount=0.2)), (Trip(driver=Driver(name=D-5), passengers=[Passenger(name=P-4), Passenger(name=P-18)], duration=13, distance=32.0, discount=null), Trip(driver=Driver(name=D-2), passengers=[Passenger(name=P-9), Passenger(name=P-13)], duration=24, distance=13.0, discount=null)), (Trip(driver=Driver(name=D-5), passengers=[Passenger(name=P-4), Passenger(name=P-18)], duration=13, distance=32.0, discount=null), Trip(driver=Driver(name=D-1), passengers=[Passenger(name=P-5), Passenger(name=P-14), Passenger(name=P-13)], duration=1, distance=4.0, discount=null)), (Trip(driver=Driver(name=D-5), passengers=[Passenger(name=P-4), Passenger(name=P-18)], duration=13, distance=32.0, discount=null), Trip(driver=Driver(name=D-1), passengers=[Passenger(name=P-15), Passenger(name=P-5)], duration=17, distance=34.0, discount=null)), (Trip(driver=Driver(name=D-5), passengers=[Passenger(name=P-4), Passenger(name=P-18)], duration=13, distance=32.0, discount=null), Trip(driver=Driver(name=D-0), passengers=[Passenger(name=P-16)], duration=18, distance=7.0, discount=null)), (Trip(driver=Driver(name=D-5), passengers=[Passenger(name=P-4), Passenger(name=P-18)], duration=13, distance=32.0, discount=null), Trip(driver=Driver(name=D-5), passengers=[Passenger(name=P-17)], duration=1, distance=34.0, discount=0.1)), (Trip(driver=Driver(name=D-5), passengers=[Passenger(name=P-4), Passenger(name=P-18)], duration=13, distance=32.0, discount=null), Trip(driver=Driver(name=D-1), passengers=[Passenger(name=P-11), Passenger(name=P-3), Passenger(name=P-7)], duration=9, distance=23.0, discount=0.2)), (Trip(driver=Driver(name=D-5), passengers=[Passenger(name=P-4), Passenger(name=P-18)], duration=13, distance=32.0, discount=null), Trip(driver=Driver(name=D-8), passengers=[Passenger(name=P-8), Passenger(name=P-11)], duration=7, distance=34.0, discount=0.4)), (Trip(driver=Driver(name=D-5), passengers=[Passenger(name=P-4), Passenger(name=P-18)], duration=13, distance=32.0, discount=null), Trip(driver=Driver(name=D-8), passengers=[Passenger(name=P-3)], duration=5, distance=20.0, discount=null)), (Trip(driver=Driver(name=D-5), passengers=[Passenger(name=P-4), Passenger(name=P-18)], duration=13, distance=32.0, discount=null), Trip(driver=Driver(name=D-9), passengers=[Passenger(name=P-3), Passenger(name=P-13), Passenger(name=P-12), Passenger(name=P-17)], duration=26, distance=19.0, discount=0.1)), (Trip(driver=Driver(name=D-5), passengers=[Passenger(name=P-4), Passenger(name=P-18)], duration=13, distance=32.0, discount=null), Trip(driver=Driver(name=D-8), passengers=[Passenger(name=P-16), Passenger(name=P-7)], duration=35, distance=9.0, discount=0.2)), (Trip(driver=Driver(name=D-5), passengers=[Passenger(name=P-4), Passenger(name=P-18)], duration=13, distance=32.0, discount=null), Trip(driver=Driver(name=D-0), passengers=[Passenger(name=P-16)], duration=28, distance=5.0, discount=0.1)), (Trip(driver=Driver(name=D-5), passengers=[Passenger(name=P-4), Passenger(name=P-18)], duration=13, distance=32.0, discount=null), Trip(driver=Driver(name=D-6), passengers=[Passenger(name=P-4)], duration=27, distance=38.0, discount=null)), (Trip(driver=Driver(name=D-5), passengers=[Passenger(name=P-4), Passenger(name=P-18)], duration=13, distance=32.0, discount=null), Trip(driver=Driver(name=D-4), passengers=[Passenger(name=P-7), Passenger(name=P-9)], duration=38, distance=20.0, discount=null)), (Trip(driver=Driver(name=D-5), passengers=[Passenger(name=P-4), Passenger(name=P-18)], duration=13, distance=32.0, discount=null), Trip(driver=Driver(name=D-9), passengers=[Passenger(name=P-6), Passenger(name=P-13)], duration=19, distance=5.0, discount=null)), (Trip(driver=Driver(name=D-5), passengers=[Passenger(name=P-4), Passenger(name=P-18)], duration=13, distance=32.0, discount=null), Trip(driver=Driver(name=D-5), passengers=[Passenger(name=P-4)], duration=20, distance=5.0, discount=0.4)), (Trip(driver=Driver(name=D-5), passengers=[Passenger(name=P-4), Passenger(name=P-18)], duration=13, distance=32.0, discount=null), Trip(driver=Driver(name=D-3), passengers=[Passenger(name=P-14)], duration=32, distance=37.0, discount=null)), (Trip(driver=Driver(name=D-5), passengers=[Passenger(name=P-4), Passenger(name=P-18)], duration=13, distance=32.0, discount=null), Trip(driver=Driver(name=D-1), passengers=[Passenger(name=P-11)], duration=19, distance=11.0, discount=0.4)), (Trip(driver=Driver(name=D-5), passengers=[Passenger(name=P-4), Passenger(name=P-18)], duration=13, distance=32.0, discount=null), Trip(driver=Driver(name=D-3), passengers=[Passenger(name=P-6), Passenger(name=P-16)], duration=39, distance=10.0, discount=null)), (Trip(driver=Driver(name=D-5), passengers=[Passenger(name=P-4), Passenger(name=P-18)], duration=13, distance=32.0, discount=null), Trip(driver=Driver(name=D-7), passengers=[Passenger(name=P-4), Passenger(name=P-6), Passenger(name=P-11)], duration=8, distance=16.0, discount=0.4)), (Trip(driver=Driver(name=D-5), passengers=[Passenger(name=P-4), Passenger(name=P-18)], duration=13, distance=32.0, discount=null), Trip(driver=Driver(name=D-0), passengers=[Passenger(name=P-5)], duration=19, distance=39.0, discount=0.1)), (Trip(driver=Driver(name=D-5), passengers=[Passenger(name=P-4), Passenger(name=P-18)], duration=13, distance=32.0, discount=null), Trip(driver=Driver(name=D-5), passengers=[Passenger(name=P-8), Passenger(name=P-19)], duration=35, distance=31.0, discount=0.4))]
item [(Trip(driver=Driver(name=D-7), passengers=[Passenger(name=P-7), Passenger(name=P-9), Passenger(name=P-16), Passenger(name=P-13)], duration=8, distance=11.0, discount=null), Trip(driver=Driver(name=D-5), passengers=[Passenger(name=P-4), Passenger(name=P-18)], duration=13, distance=32.0, discount=null)), (Trip(driver=Driver(name=D-7), passengers=[Passenger(name=P-7), Passenger(name=P-9), Passenger(name=P-16), Passenger(name=P-13)], duration=8, distance=11.0, discount=null), Trip(driver=Driver(name=D-7), passengers=[Passenger(name=P-7), Passenger(name=P-9), Passenger(name=P-16), Passenger(name=P-13)], duration=8, distance=11.0, discount=null)), (Trip(driver=Driver(name=D-7), passengers=[Passenger(name=P-7), Passenger(name=P-9), Passenger(name=P-16), Passenger(name=P-13)], duration=8, distance=11.0, discount=null), Trip(driver=Driver(name=D-9), passengers=[Passenger(name=P-3), Passenger(name=P-18), Passenger(name=P-1)], duration=4, distance=27.0, discount=0.1)), (Trip(driver=Driver(name=D-7), passengers=[Passenger(name=P-7), Passenger(name=P-9), Passenger(name=P-16), Passenger(name=P-13)], duration=8, distance=11.0, discount=null), Trip(driver=Driver(name=D-4), passengers=[Passenger(name=P-2), Passenger(name=P-3), Passenger(name=P-8)], duration=7, distance=8.0, discount=null)), (Trip(driver=Driver(name=D-7), passengers=[Passenger(name=P-7), Passenger(name=P-9), Passenger(name=P-16), Passenger(name=P-13)], duration=8, distance=11.0, discount=null), Trip(driver=Driver(name=D-1), passengers=[Passenger(name=P-14), Passenger(name=P-4)], duration=9, distance=34.0, discount=null)), (Trip(driver=Driver(name=D-7), passengers=[Passenger(name=P-7), Passenger(name=P-9), Passenger(name=P-16), Passenger(name=P-13)], duration=8, distance=11.0, discount=null), Trip(driver=Driver(name=D-2), passengers=[Passenger(name=P-8), Passenger(name=P-4)], duration=9, distance=19.0, discount=0.1)), (Trip(driver=Driver(name=D-7), passengers=[Passenger(name=P-7), Passenger(name=P-9), Passenger(name=P-16), Passenger(name=P-13)], duration=8, distance=11.0, discount=null), Trip(driver=Driver(name=D-4), passengers=[Passenger(name=P-8)], duration=35, distance=24.0, discount=0.3)), (Trip(driver=Driver(name=D-7), passengers=[Passenger(name=P-7), Passenger(name=P-9), Passenger(name=P-16), Passenger(name=P-13)], duration=8, distance=11.0, discount=null), Trip(driver=Driver(name=D-8), passengers=[Passenger(name=P-14), Passenger(name=P-13)], duration=11, distance=4.0, discount=null)), (Trip(driver=Driver(name=D-7), passengers=[Passenger(name=P-7), Passenger(name=P-9), Passenger(name=P-16), Passenger(name=P-13)], duration=8, distance=11.0, discount=null), Trip(driver=Driver(name=D-9), passengers=[Passenger(name=P-5), Passenger(name=P-1)], duration=20, distance=18.0, discount=0.2)), (Trip(driver=Driver(name=D-7), passengers=[Passenger(name=P-7), Passenger(name=P-9), Passenger(name=P-16), Passenger(name=P-13)], duration=8, distance=11.0, discount=null), Trip(driver=Driver(name=D-2), passengers=[Passenger(name=P-9), Passenger(name=P-13)], duration=24, distance=13.0, discount=null)), (Trip(driver=Driver(name=D-7), passengers=[Passenger(name=P-7), Passenger(name=P-9), Passenger(name=P-16), Passenger(name=P-13)], duration=8, distance=11.0, discount=null), Trip(driver=Driver(name=D-1), passengers=[Passenger(name=P-5), Passenger(name=P-14), Passenger(name=P-13)], duration=1, distance=4.0, discount=null)), (Trip(driver=Driver(name=D-7), passengers=[Passenger(name=P-7), Passenger(name=P-9), Passenger(name=P-16), Passenger(name=P-13)], duration=8, distance=11.0, discount=null), Trip(driver=Driver(name=D-1), passengers=[Passenger(name=P-15), Passenger(name=P-5)], duration=17, distance=34.0, discount=null)), (Trip(driver=Driver(name=D-7), passengers=[Passenger(name=P-7), Passenger(name=P-9), Passenger(name=P-16), Passenger(name=P-13)], duration=8, distance=11.0, discount=null), Trip(driver=Driver(name=D-0), passengers=[Passenger(name=P-16)], duration=18, distance=7.0, discount=null)), (Trip(driver=Driver(name=D-7), passengers=[Passenger(name=P-7), Passenger(name=P-9), Passenger(name=P-16), Passenger(name=P-13)], duration=8, distance=11.0, discount=null), Trip(driver=Driver(name=D-5), passengers=[Passenger(name=P-17)], duration=1, distance=34.0, discount=0.1)), (Trip(driver=Driver(name=D-7), passengers=[Passenger(name=P-7), Passenger(name=P-9), Passenger(name=P-16), Passenger(name=P-13)], duration=8, distance=11.0, discount=null), Trip(driver=Driver(name=D-1), passengers=[Passenger(name=P-11), Passenger(name=P-3), Passenger(name=P-7)], duration=9, distance=23.0, discount=0.2)), (Trip(driver=Driver(name=D-7), passengers=[Passenger(name=P-7), Passenger(name=P-9), Passenger(name=P-16), Passenger(name=P-13)], duration=8, distance=11.0, discount=null), Trip(driver=Driver(name=D-8), passengers=[Passenger(name=P-8), Passenger(name=P-11)], duration=7, distance=34.0, discount=0.4)), (Trip(driver=Driver(name=D-7), passengers=[Passenger(name=P-7), Passenger(name=P-9), Passenger(name=P-16), Passenger(name=P-13)], duration=8, distance=11.0, discount=null), Trip(driver=Driver(name=D-8), passengers=[Passenger(name=P-3)], duration=5, distance=20.0, discount=null)), (Trip(driver=Driver(name=D-7), passengers=[Passenger(name=P-7), Passenger(name=P-9), Passenger(name=P-16), Passenger(name=P-13)], duration=8, distance=11.0, discount=null), Trip(driver=Driver(name=D-9), passengers=[Passenger(name=P-3), Passenger(name=P-13), Passenger(name=P-12), Passenger(name=P-17)], duration=26, distance=19.0, discount=0.1)), (Trip(driver=Driver(name=D-7), passengers=[Passenger(name=P-7), Passenger(name=P-9), Passenger(name=P-16), Passenger(name=P-13)], duration=8, distance=11.0, discount=null), Trip(driver=Driver(name=D-8), passengers=[Passenger(name=P-16), Passenger(name=P-7)], duration=35, distance=9.0, discount=0.2)), (Trip(driver=Driver(name=D-7), passengers=[Passenger(name=P-7), Passenger(name=P-9), Passenger(name=P-16), Passenger(name=P-13)], duration=8, distance=11.0, discount=null), Trip(driver=Driver(name=D-0), passengers=[Passenger(name=P-16)], duration=28, distance=5.0, discount=0.1)), (Trip(driver=Driver(name=D-7), passengers=[Passenger(name=P-7), Passenger(name=P-9), Passenger(name=P-16), Passenger(name=P-13)], duration=8, distance=11.0, discount=null), Trip(driver=Driver(name=D-6), passengers=[Passenger(name=P-4)], duration=27, distance=38.0, discount=null)), (Trip(driver=Driver(name=D-7), passengers=[Passenger(name=P-7), Passenger(name=P-9), Passenger(name=P-16), Passenger(name=P-13)], duration=8, distance=11.0, discount=null), Trip(driver=Driver(name=D-4), passengers=[Passenger(name=P-7), Passenger(name=P-9)], duration=38, distance=20.0, discount=null)), (Trip(driver=Driver(name=D-7), passengers=[Passenger(name=P-7), Passenger(name=P-9), Passenger(name=P-16), Passenger(name=P-13)], duration=8, distance=11.0, discount=null), Trip(driver=Driver(name=D-9), passengers=[Passenger(name=P-6), Passenger(name=P-13)], duration=19, distance=5.0, discount=null)), (Trip(driver=Driver(name=D-7), passengers=[Passenger(name=P-7), Passenger(name=P-9), Passenger(name=P-16), Passenger(name=P-13)], duration=8, distance=11.0, discount=null), Trip(driver=Driver(name=D-5), passengers=[Passenger(name=P-4)], duration=20, distance=5.0, discount=0.4)), (Trip(driver=Driver(name=D-7), passengers=[Passenger(name=P-7), Passenger(name=P-9), Passenger(name=P-16), Passenger(name=P-13)], duration=8, distance=11.0, discount=null), Trip(driver=Driver(name=D-3), passengers=[Passenger(name=P-14)], duration=32, distance=37.0, discount=null)), (Trip(driver=Driver(name=D-7), passengers=[Passenger(name=P-7), Passenger(name=P-9), Passenger(name=P-16), Passenger(name=P-13)], duration=8, distance=11.0, discount=null), Trip(driver=Driver(name=D-1), passengers=[Passenger(name=P-11)], duration=19, distance=11.0, discount=0.4)), (Trip(driver=Driver(name=D-7), passengers=[Passenger(name=P-7), Passenger(name=P-9), Passenger(name=P-16), Passenger(name=P-13)], duration=8, distance=11.0, discount=null), Trip(driver=Driver(name=D-3), passengers=[Passenger(name=P-6), Passenger(name=P-16)], duration=39, distance=10.0, discount=null)), (Trip(driver=Driver(name=D-7), passengers=[Passenger(name=P-7), Passenger(name=P-9), Passenger(name=P-16), Passenger(name=P-13)], duration=8, distance=11.0, discount=null), Trip(driver=Driver(name=D-7), passengers=[Passenger(name=P-4), Passenger(name=P-6), Passenger(name=P-11)], duration=8, distance=16.0, discount=0.4)), (Trip(driver=Driver(name=D-7), passengers=[Passenger(name=P-7), Passenger(name=P-9), Passenger(name=P-16), Passenger(name=P-13)], duration=8, distance=11.0, discount=null), Trip(driver=Driver(name=D-0), passengers=[Passenger(name=P-5)], duration=19, distance=39.0, discount=0.1)), (Trip(driver=Driver(name=D-7), passengers=[Passenger(name=P-7), Passenger(name=P-9), Passenger(name=P-16), Passenger(name=P-13)], duration=8, distance=11.0, discount=null), Trip(driver=Driver(name=D-5), passengers=[Passenger(name=P-8), Passenger(name=P-19)], duration=35, distance=31.0, discount=0.4))]
item [(Trip(driver=Driver(name=D-9), passengers=[Passenger(name=P-3), Passenger(name=P-18), Passenger(name=P-1)], duration=4, distance=27.0, discount=0.1), Trip(driver=Driver(name=D-5), passengers=[Passenger(name=P-4), Passenger(name=P-18)], duration=13, distance=32.0, discount=null)), (Trip(driver=Driver(name=D-9), passengers=[Passenger(name=P-3), Passenger(name=P-18), Passenger(name=P-1)], duration=4, distance=27.0, discount=0.1), Trip(driver=Driver(name=D-7), passengers=[Passenger(name=P-7), Passenger(name=P-9), Passenger(name=P-16), Passenger(name=P-13)], duration=8, distance=11.0, discount=null)), (Trip(driver=Driver(name=D-9), passengers=[Passenger(name=P-3), Passenger(name=P-18), Passenger(name=P-1)], duration=4, distance=27.0, discount=0.1), Trip(driver=Driver(name=D-9), passengers=[Passenger(name=P-3), Passenger(name=P-18), Passenger(name=P-1)], duration=4, distance=27.0, discount=0.1)), (Trip(driver=Driver(name=D-9), passengers=[Passenger(name=P-3), Passenger(name=P-18), Passenger(name=P-1)], duration=4, distance=27.0, discount=0.1), Trip(driver=Driver(name=D-4), passengers=[Passenger(name=P-2), Passenger(name=P-3), Passenger(name=P-8)], duration=7, distance=8.0, discount=null)), (Trip(driver=Driver(name=D-9), passengers=[Passenger(name=P-3), Passenger(name=P-18), Passenger(name=P-1)], duration=4, distance=27.0, discount=0.1), Trip(driver=Driver(name=D-1), passengers=[Passenger(name=P-14), Passenger(name=P-4)], duration=9, distance=34.0, discount=null)), (Trip(driver=Driver(name=D-9), passengers=[Passenger(name=P-3), Passenger(name=P-18), Passenger(name=P-1)], duration=4, distance=27.0, discount=0.1), Trip(driver=Driver(name=D-2), passengers=[Passenger(name=P-8), Passenger(name=P-4)], duration=9, distance=19.0, discount=0.1)), (Trip(driver=Driver(name=D-9), passengers=[Passenger(name=P-3), Passenger(name=P-18), Passenger(name=P-1)], duration=4, distance=27.0, discount=0.1), Trip(driver=Driver(name=D-4), passengers=[Passenger(name=P-8)], duration=35, distance=24.0, discount=0.3)), (Trip(driver=Driver(name=D-9), passengers=[Passenger(name=P-3), Passenger(name=P-18), Passenger(name=P-1)], duration=4, distance=27.0, discount=0.1), Trip(driver=Driver(name=D-8), passengers=[Passenger(name=P-14), Passenger(name=P-13)], duration=11, distance=4.0, discount=null)), (Trip(driver=Driver(name=D-9), passengers=[Passenger(name=P-3), Passenger(name=P-18), Passenger(name=P-1)], duration=4, distance=27.0, discount=0.1), Trip(driver=Driver(name=D-9), passengers=[Passenger(name=P-5), Passenger(name=P-1)], duration=20, distance=18.0, discount=0.2)), (Trip(driver=Driver(name=D-9), passengers=[Passenger(name=P-3), Passenger(name=P-18), Passenger(name=P-1)], duration=4, distance=27.0, discount=0.1), Trip(driver=Driver(name=D-2), passengers=[Passenger(name=P-9), Passenger(name=P-13)], duration=24, distance=13.0, discount=null)), (Trip(driver=Driver(name=D-9), passengers=[Passenger(name=P-3), Passenger(name=P-18), Passenger(name=P-1)], duration=4, distance=27.0, discount=0.1), Trip(driver=Driver(name=D-1), passengers=[Passenger(name=P-5), Passenger(name=P-14), Passenger(name=P-13)], duration=1, distance=4.0, discount=null)), (Trip(driver=Driver(name=D-9), passengers=[Passenger(name=P-3), Passenger(name=P-18), Passenger(name=P-1)], duration=4, distance=27.0, discount=0.1), Trip(driver=Driver(name=D-1), passengers=[Passenger(name=P-15), Passenger(name=P-5)], duration=17, distance=34.0, discount=null)), (Trip(driver=Driver(name=D-9), passengers=[Passenger(name=P-3), Passenger(name=P-18), Passenger(name=P-1)], duration=4, distance=27.0, discount=0.1), Trip(driver=Driver(name=D-0), passengers=[Passenger(name=P-16)], duration=18, distance=7.0, discount=null)), (Trip(driver=Driver(name=D-9), passengers=[Passenger(name=P-3), Passenger(name=P-18), Passenger(name=P-1)], duration=4, distance=27.0, discount=0.1), Trip(driver=Driver(name=D-5), passengers=[Passenger(name=P-17)], duration=1, distance=34.0, discount=0.1)), (Trip(driver=Driver(name=D-9), passengers=[Passenger(name=P-3), Passenger(name=P-18), Passenger(name=P-1)], duration=4, distance=27.0, discount=0.1), Trip(driver=Driver(name=D-1), passengers=[Passenger(name=P-11), Passenger(name=P-3), Passenger(name=P-7)], duration=9, distance=23.0, discount=0.2)), (Trip(driver=Driver(name=D-9), passengers=[Passenger(name=P-3), Passenger(name=P-18), Passenger(name=P-1)], duration=4, distance=27.0, discount=0.1), Trip(driver=Driver(name=D-8), passengers=[Passenger(name=P-8), Passenger(name=P-11)], duration=7, distance=34.0, discount=0.4)), (Trip(driver=Driver(name=D-9), passengers=[Passenger(name=P-3), Passenger(name=P-18), Passenger(name=P-1)], duration=4, distance=27.0, discount=0.1), Trip(driver=Driver(name=D-8), passengers=[Passenger(name=P-3)], duration=5, distance=20.0, discount=null)), (Trip(driver=Driver(name=D-9), passengers=[Passenger(name=P-3), Passenger(name=P-18), Passenger(name=P-1)], duration=4, distance=27.0, discount=0.1), Trip(driver=Driver(name=D-9), passengers=[Passenger(name=P-3), Passenger(name=P-13), Passenger(name=P-12), Passenger(name=P-17)], duration=26, distance=19.0, discount=0.1)), (Trip(driver=Driver(name=D-9), passengers=[Passenger(name=P-3), Passenger(name=P-18), Passenger(name=P-1)], duration=4, distance=27.0, discount=0.1), Trip(driver=Driver(name=D-8), passengers=[Passenger(name=P-16), Passenger(name=P-7)], duration=35, distance=9.0, discount=0.2)), (Trip(driver=Driver(name=D-9), passengers=[Passenger(name=P-3), Passenger(name=P-18), Passenger(name=P-1)], duration=4, distance=27.0, discount=0.1), Trip(driver=Driver(name=D-0), passengers=[Passenger(name=P-16)], duration=28, distance=5.0, discount=0.1)), (Trip(driver=Driver(name=D-9), passengers=[Passenger(name=P-3), Passenger(name=P-18), Passenger(name=P-1)], duration=4, distance=27.0, discount=0.1), Trip(driver=Driver(name=D-6), passengers=[Passenger(name=P-4)], duration=27, distance=38.0, discount=null)), (Trip(driver=Driver(name=D-9), passengers=[Passenger(name=P-3), Passenger(name=P-18), Passenger(name=P-1)], duration=4, distance=27.0, discount=0.1), Trip(driver=Driver(name=D-4), passengers=[Passenger(name=P-7), Passenger(name=P-9)], duration=38, distance=20.0, discount=null)), (Trip(driver=Driver(name=D-9), passengers=[Passenger(name=P-3), Passenger(name=P-18), Passenger(name=P-1)], duration=4, distance=27.0, discount=0.1), Trip(driver=Driver(name=D-9), passengers=[Passenger(name=P-6), Passenger(name=P-13)], duration=19, distance=5.0, discount=null)), (Trip(driver=Driver(name=D-9), passengers=[Passenger(name=P-3), Passenger(name=P-18), Passenger(name=P-1)], duration=4, distance=27.0, discount=0.1), Trip(driver=Driver(name=D-5), passengers=[Passenger(name=P-4)], duration=20, distance=5.0, discount=0.4)), (Trip(driver=Driver(name=D-9), passengers=[Passenger(name=P-3), Passenger(name=P-18), Passenger(name=P-1)], duration=4, distance=27.0, discount=0.1), Trip(driver=Driver(name=D-3), passengers=[Passenger(name=P-14)], duration=32, distance=37.0, discount=null)), (Trip(driver=Driver(name=D-9), passengers=[Passenger(name=P-3), Passenger(name=P-18), Passenger(name=P-1)], duration=4, distance=27.0, discount=0.1), Trip(driver=Driver(name=D-1), passengers=[Passenger(name=P-11)], duration=19, distance=11.0, discount=0.4)), (Trip(driver=Driver(name=D-9), passengers=[Passenger(name=P-3), Passenger(name=P-18), Passenger(name=P-1)], duration=4, distance=27.0, discount=0.1), Trip(driver=Driver(name=D-3), passengers=[Passenger(name=P-6), Passenger(name=P-16)], duration=39, distance=10.0, discount=null)), (Trip(driver=Driver(name=D-9), passengers=[Passenger(name=P-3), Passenger(name=P-18), Passenger(name=P-1)], duration=4, distance=27.0, discount=0.1), Trip(driver=Driver(name=D-7), passengers=[Passenger(name=P-4), Passenger(name=P-6), Passenger(name=P-11)], duration=8, distance=16.0, discount=0.4)), (Trip(driver=Driver(name=D-9), passengers=[Passenger(name=P-3), Passenger(name=P-18), Passenger(name=P-1)], duration=4, distance=27.0, discount=0.1), Trip(driver=Driver(name=D-0), passengers=[Passenger(name=P-5)], duration=19, distance=39.0, discount=0.1)), (Trip(driver=Driver(name=D-9), passengers=[Passenger(name=P-3), Passenger(name=P-18), Passenger(name=P-1)], duration=4, distance=27.0, discount=0.1), Trip(driver=Driver(name=D-5), passengers=[Passenger(name=P-8), Passenger(name=P-19)], duration=35, distance=31.0, discount=0.4))]
item [(Trip(driver=Driver(name=D-4), passengers=[Passenger(name=P-2), Passenger(name=P-3), Passenger(name=P-8)], duration=7, distance=8.0, discount=null), Trip(driver=Driver(name=D-5), passengers=[Passenger(name=P-4), Passenger(name=P-18)], duration=13, distance=32.0, discount=null)), (Trip(driver=Driver(name=D-4), passengers=[Passenger(name=P-2), Passenger(name=P-3), Passenger(name=P-8)], duration=7, distance=8.0, discount=null), Trip(driver=Driver(name=D-7), passengers=[Passenger(name=P-7), Passenger(name=P-9), Passenger(name=P-16), Passenger(name=P-13)], duration=8, distance=11.0, discount=null)), (Trip(driver=Driver(name=D-4), passengers=[Passenger(name=P-2), Passenger(name=P-3), Passenger(name=P-8)], duration=7, distance=8.0, discount=null), Trip(driver=Driver(name=D-9), passengers=[Passenger(name=P-3), Passenger(name=P-18), Passenger(name=P-1)], duration=4, distance=27.0, discount=0.1)), (Trip(driver=Driver(name=D-4), passengers=[Passenger(name=P-2), Passenger(name=P-3), Passenger(name=P-8)], duration=7, distance=8.0, discount=null), Trip(driver=Driver(name=D-4), passengers=[Passenger(name=P-2), Passenger(name=P-3), Passenger(name=P-8)], duration=7, distance=8.0, discount=null)), (Trip(driver=Driver(name=D-4), passengers=[Passenger(name=P-2), Passenger(name=P-3), Passenger(name=P-8)], duration=7, distance=8.0, discount=null), Trip(driver=Driver(name=D-1), passengers=[Passenger(name=P-14), Passenger(name=P-4)], duration=9, distance=34.0, discount=null)), (Trip(driver=Driver(name=D-4), passengers=[Passenger(name=P-2), Passenger(name=P-3), Passenger(name=P-8)], duration=7, distance=8.0, discount=null), Trip(driver=Driver(name=D-2), passengers=[Passenger(name=P-8), Passenger(name=P-4)], duration=9, distance=19.0, discount=0.1)), (Trip(driver=Driver(name=D-4), passengers=[Passenger(name=P-2), Passenger(name=P-3), Passenger(name=P-8)], duration=7, distance=8.0, discount=null), Trip(driver=Driver(name=D-4), passengers=[Passenger(name=P-8)], duration=35, distance=24.0, discount=0.3)), (Trip(driver=Driver(name=D-4), passengers=[Passenger(name=P-2), Passenger(name=P-3), Passenger(name=P-8)], duration=7, distance=8.0, discount=null), Trip(driver=Driver(name=D-8), passengers=[Passenger(name=P-14), Passenger(name=P-13)], duration=11, distance=4.0, discount=null)), (Trip(driver=Driver(name=D-4), passengers=[Passenger(name=P-2), Passenger(name=P-3), Passenger(name=P-8)], duration=7, distance=8.0, discount=null), Trip(driver=Driver(name=D-9), passengers=[Passenger(name=P-5), Passenger(name=P-1)], duration=20, distance=18.0, discount=0.2)), (Trip(driver=Driver(name=D-4), passengers=[Passenger(name=P-2), Passenger(name=P-3), Passenger(name=P-8)], duration=7, distance=8.0, discount=null), Trip(driver=Driver(name=D-2), passengers=[Passenger(name=P-9), Passenger(name=P-13)], duration=24, distance=13.0, discount=null)), (Trip(driver=Driver(name=D-4), passengers=[Passenger(name=P-2), Passenger(name=P-3), Passenger(name=P-8)], duration=7, distance=8.0, discount=null), Trip(driver=Driver(name=D-1), passengers=[Passenger(name=P-5), Passenger(name=P-14), Passenger(name=P-13)], duration=1, distance=4.0, discount=null)), (Trip(driver=Driver(name=D-4), passengers=[Passenger(name=P-2), Passenger(name=P-3), Passenger(name=P-8)], duration=7, distance=8.0, discount=null), Trip(driver=Driver(name=D-1), passengers=[Passenger(name=P-15), Passenger(name=P-5)], duration=17, distance=34.0, discount=null)), (Trip(driver=Driver(name=D-4), passengers=[Passenger(name=P-2), Passenger(name=P-3), Passenger(name=P-8)], duration=7, distance=8.0, discount=null), Trip(driver=Driver(name=D-0), passengers=[Passenger(name=P-16)], duration=18, distance=7.0, discount=null)), (Trip(driver=Driver(name=D-4), passengers=[Passenger(name=P-2), Passenger(name=P-3), Passenger(name=P-8)], duration=7, distance=8.0, discount=null), Trip(driver=Driver(name=D-5), passengers=[Passenger(name=P-17)], duration=1, distance=34.0, discount=0.1)), (Trip(driver=Driver(name=D-4), passengers=[Passenger(name=P-2), Passenger(name=P-3), Passenger(name=P-8)], duration=7, distance=8.0, discount=null), Trip(driver=Driver(name=D-1), passengers=[Passenger(name=P-11), Passenger(name=P-3), Passenger(name=P-7)], duration=9, distance=23.0, discount=0.2)), (Trip(driver=Driver(name=D-4), passengers=[Passenger(name=P-2), Passenger(name=P-3), Passenger(name=P-8)], duration=7, distance=8.0, discount=null), Trip(driver=Driver(name=D-8), passengers=[Passenger(name=P-8), Passenger(name=P-11)], duration=7, distance=34.0, discount=0.4)), (Trip(driver=Driver(name=D-4), passengers=[Passenger(name=P-2), Passenger(name=P-3), Passenger(name=P-8)], duration=7, distance=8.0, discount=null), Trip(driver=Driver(name=D-8), passengers=[Passenger(name=P-3)], duration=5, distance=20.0, discount=null)), (Trip(driver=Driver(name=D-4), passengers=[Passenger(name=P-2), Passenger(name=P-3), Passenger(name=P-8)], duration=7, distance=8.0, discount=null), Trip(driver=Driver(name=D-9), passengers=[Passenger(name=P-3), Passenger(name=P-13), Passenger(name=P-12), Passenger(name=P-17)], duration=26, distance=19.0, discount=0.1)), (Trip(driver=Driver(name=D-4), passengers=[Passenger(name=P-2), Passenger(name=P-3), Passenger(name=P-8)], duration=7, distance=8.0, discount=null), Trip(driver=Driver(name=D-8), passengers=[Passenger(name=P-16), Passenger(name=P-7)], duration=35, distance=9.0, discount=0.2)), (Trip(driver=Driver(name=D-4), passengers=[Passenger(name=P-2), Passenger(name=P-3), Passenger(name=P-8)], duration=7, distance=8.0, discount=null), Trip(driver=Driver(name=D-0), passengers=[Passenger(name=P-16)], duration=28, distance=5.0, discount=0.1)), (Trip(driver=Driver(name=D-4), passengers=[Passenger(name=P-2), Passenger(name=P-3), Passenger(name=P-8)], duration=7, distance=8.0, discount=null), Trip(driver=Driver(name=D-6), passengers=[Passenger(name=P-4)], duration=27, distance=38.0, discount=null)), (Trip(driver=Driver(name=D-4), passengers=[Passenger(name=P-2), Passenger(name=P-3), Passenger(name=P-8)], duration=7, distance=8.0, discount=null), Trip(driver=Driver(name=D-4), passengers=[Passenger(name=P-7), Passenger(name=P-9)], duration=38, distance=20.0, discount=null)), (Trip(driver=Driver(name=D-4), passengers=[Passenger(name=P-2), Passenger(name=P-3), Passenger(name=P-8)], duration=7, distance=8.0, discount=null), Trip(driver=Driver(name=D-9), passengers=[Passenger(name=P-6), Passenger(name=P-13)], duration=19, distance=5.0, discount=null)), (Trip(driver=Driver(name=D-4), passengers=[Passenger(name=P-2), Passenger(name=P-3), Passenger(name=P-8)], duration=7, distance=8.0, discount=null), Trip(driver=Driver(name=D-5), passengers=[Passenger(name=P-4)], duration=20, distance=5.0, discount=0.4)), (Trip(driver=Driver(name=D-4), passengers=[Passenger(name=P-2), Passenger(name=P-3), Passenger(name=P-8)], duration=7, distance=8.0, discount=null), Trip(driver=Driver(name=D-3), passengers=[Passenger(name=P-14)], duration=32, distance=37.0, discount=null)), (Trip(driver=Driver(name=D-4), passengers=[Passenger(name=P-2), Passenger(name=P-3), Passenger(name=P-8)], duration=7, distance=8.0, discount=null), Trip(driver=Driver(name=D-1), passengers=[Passenger(name=P-11)], duration=19, distance=11.0, discount=0.4)), (Trip(driver=Driver(name=D-4), passengers=[Passenger(name=P-2), Passenger(name=P-3), Passenger(name=P-8)], duration=7, distance=8.0, discount=null), Trip(driver=Driver(name=D-3), passengers=[Passenger(name=P-6), Passenger(name=P-16)], duration=39, distance=10.0, discount=null)), (Trip(driver=Driver(name=D-4), passengers=[Passenger(name=P-2), Passenger(name=P-3), Passenger(name=P-8)], duration=7, distance=8.0, discount=null), Trip(driver=Driver(name=D-7), passengers=[Passenger(name=P-4), Passenger(name=P-6), Passenger(name=P-11)], duration=8, distance=16.0, discount=0.4)), (Trip(driver=Driver(name=D-4), passengers=[Passenger(name=P-2), Passenger(name=P-3), Passenger(name=P-8)], duration=7, distance=8.0, discount=null), Trip(driver=Driver(name=D-0), passengers=[Passenger(name=P-5)], duration=19, distance=39.0, discount=0.1)), (Trip(driver=Driver(name=D-4), passengers=[Passenger(name=P-2), Passenger(name=P-3), Passenger(name=P-8)], duration=7, distance=8.0, discount=null), Trip(driver=Driver(name=D-5), passengers=[Passenger(name=P-8), Passenger(name=P-19)], duration=35, distance=31.0, discount=0.4))]
item [(Trip(driver=Driver(name=D-1), passengers=[Passenger(name=P-14), Passenger(name=P-4)], duration=9, distance=34.0, discount=null), Trip(driver=Driver(name=D-5), passengers=[Passenger(name=P-4), Passenger(name=P-18)], duration=13, distance=32.0, discount=null)), (Trip(driver=Driver(name=D-1), passengers=[Passenger(name=P-14), Passenger(name=P-4)], duration=9, distance=34.0, discount=null), Trip(driver=Driver(name=D-7), passengers=[Passenger(name=P-7), Passenger(name=P-9), Passenger(name=P-16), Passenger(name=P-13)], duration=8, distance=11.0, discount=null)), (Trip(driver=Driver(name=D-1), passengers=[Passenger(name=P-14), Passenger(name=P-4)], duration=9, distance=34.0, discount=null), Trip(driver=Driver(name=D-9), passengers=[Passenger(name=P-3), Passenger(name=P-18), Passenger(name=P-1)], duration=4, distance=27.0, discount=0.1)), (Trip(driver=Driver(name=D-1), passengers=[Passenger(name=P-14), Passenger(name=P-4)], duration=9, distance=34.0, discount=null), Trip(driver=Driver(name=D-4), passengers=[Passenger(name=P-2), Passenger(name=P-3), Passenger(name=P-8)], duration=7, distance=8.0, discount=null)), (Trip(driver=Driver(name=D-1), passengers=[Passenger(name=P-14), Passenger(name=P-4)], duration=9, distance=34.0, discount=null), Trip(driver=Driver(name=D-1), passengers=[Passenger(name=P-14), Passenger(name=P-4)], duration=9, distance=34.0, discount=null)), (Trip(driver=Driver(name=D-1), passengers=[Passenger(name=P-14), Passenger(name=P-4)], duration=9, distance=34.0, discount=null), Trip(driver=Driver(name=D-2), passengers=[Passenger(name=P-8), Passenger(name=P-4)], duration=9, distance=19.0, discount=0.1)), (Trip(driver=Driver(name=D-1), passengers=[Passenger(name=P-14), Passenger(name=P-4)], duration=9, distance=34.0, discount=null), Trip(driver=Driver(name=D-4), passengers=[Passenger(name=P-8)], duration=35, distance=24.0, discount=0.3)), (Trip(driver=Driver(name=D-1), passengers=[Passenger(name=P-14), Passenger(name=P-4)], duration=9, distance=34.0, discount=null), Trip(driver=Driver(name=D-8), passengers=[Passenger(name=P-14), Passenger(name=P-13)], duration=11, distance=4.0, discount=null)), (Trip(driver=Driver(name=D-1), passengers=[Passenger(name=P-14), Passenger(name=P-4)], duration=9, distance=34.0, discount=null), Trip(driver=Driver(name=D-9), passengers=[Passenger(name=P-5), Passenger(name=P-1)], duration=20, distance=18.0, discount=0.2)), (Trip(driver=Driver(name=D-1), passengers=[Passenger(name=P-14), Passenger(name=P-4)], duration=9, distance=34.0, discount=null), Trip(driver=Driver(name=D-2), passengers=[Passenger(name=P-9), Passenger(name=P-13)], duration=24, distance=13.0, discount=null)), (Trip(driver=Driver(name=D-1), passengers=[Passenger(name=P-14), Passenger(name=P-4)], duration=9, distance=34.0, discount=null), Trip(driver=Driver(name=D-1), passengers=[Passenger(name=P-5), Passenger(name=P-14), Passenger(name=P-13)], duration=1, distance=4.0, discount=null)), (Trip(driver=Driver(name=D-1), passengers=[Passenger(name=P-14), Passenger(name=P-4)], duration=9, distance=34.0, discount=null), Trip(driver=Driver(name=D-1), passengers=[Passenger(name=P-15), Passenger(name=P-5)], duration=17, distance=34.0, discount=null)), (Trip(driver=Driver(name=D-1), passengers=[Passenger(name=P-14), Passenger(name=P-4)], duration=9, distance=34.0, discount=null), Trip(driver=Driver(name=D-0), passengers=[Passenger(name=P-16)], duration=18, distance=7.0, discount=null)), (Trip(driver=Driver(name=D-1), passengers=[Passenger(name=P-14), Passenger(name=P-4)], duration=9, distance=34.0, discount=null), Trip(driver=Driver(name=D-5), passengers=[Passenger(name=P-17)], duration=1, distance=34.0, discount=0.1)), (Trip(driver=Driver(name=D-1), passengers=[Passenger(name=P-14), Passenger(name=P-4)], duration=9, distance=34.0, discount=null), Trip(driver=Driver(name=D-1), passengers=[Passenger(name=P-11), Passenger(name=P-3), Passenger(name=P-7)], duration=9, distance=23.0, discount=0.2)), (Trip(driver=Driver(name=D-1), passengers=[Passenger(name=P-14), Passenger(name=P-4)], duration=9, distance=34.0, discount=null), Trip(driver=Driver(name=D-8), passengers=[Passenger(name=P-8), Passenger(name=P-11)], duration=7, distance=34.0, discount=0.4)), (Trip(driver=Driver(name=D-1), passengers=[Passenger(name=P-14), Passenger(name=P-4)], duration=9, distance=34.0, discount=null), Trip(driver=Driver(name=D-8), passengers=[Passenger(name=P-3)], duration=5, distance=20.0, discount=null)), (Trip(driver=Driver(name=D-1), passengers=[Passenger(name=P-14), Passenger(name=P-4)], duration=9, distance=34.0, discount=null), Trip(driver=Driver(name=D-9), passengers=[Passenger(name=P-3), Passenger(name=P-13), Passenger(name=P-12), Passenger(name=P-17)], duration=26, distance=19.0, discount=0.1)), (Trip(driver=Driver(name=D-1), passengers=[Passenger(name=P-14), Passenger(name=P-4)], duration=9, distance=34.0, discount=null), Trip(driver=Driver(name=D-8), passengers=[Passenger(name=P-16), Passenger(name=P-7)], duration=35, distance=9.0, discount=0.2)), (Trip(driver=Driver(name=D-1), passengers=[Passenger(name=P-14), Passenger(name=P-4)], duration=9, distance=34.0, discount=null), Trip(driver=Driver(name=D-0), passengers=[Passenger(name=P-16)], duration=28, distance=5.0, discount=0.1)), (Trip(driver=Driver(name=D-1), passengers=[Passenger(name=P-14), Passenger(name=P-4)], duration=9, distance=34.0, discount=null), Trip(driver=Driver(name=D-6), passengers=[Passenger(name=P-4)], duration=27, distance=38.0, discount=null)), (Trip(driver=Driver(name=D-1), passengers=[Passenger(name=P-14), Passenger(name=P-4)], duration=9, distance=34.0, discount=null), Trip(driver=Driver(name=D-4), passengers=[Passenger(name=P-7), Passenger(name=P-9)], duration=38, distance=20.0, discount=null)), (Trip(driver=Driver(name=D-1), passengers=[Passenger(name=P-14), Passenger(name=P-4)], duration=9, distance=34.0, discount=null), Trip(driver=Driver(name=D-9), passengers=[Passenger(name=P-6), Passenger(name=P-13)], duration=19, distance=5.0, discount=null)), (Trip(driver=Driver(name=D-1), passengers=[Passenger(name=P-14), Passenger(name=P-4)], duration=9, distance=34.0, discount=null), Trip(driver=Driver(name=D-5), passengers=[Passenger(name=P-4)], duration=20, distance=5.0, discount=0.4)), (Trip(driver=Driver(name=D-1), passengers=[Passenger(name=P-14), Passenger(name=P-4)], duration=9, distance=34.0, discount=null), Trip(driver=Driver(name=D-3), passengers=[Passenger(name=P-14)], duration=32, distance=37.0, discount=null)), (Trip(driver=Driver(name=D-1), passengers=[Passenger(name=P-14), Passenger(name=P-4)], duration=9, distance=34.0, discount=null), Trip(driver=Driver(name=D-1), passengers=[Passenger(name=P-11)], duration=19, distance=11.0, discount=0.4)), (Trip(driver=Driver(name=D-1), passengers=[Passenger(name=P-14), Passenger(name=P-4)], duration=9, distance=34.0, discount=null), Trip(driver=Driver(name=D-3), passengers=[Passenger(name=P-6), Passenger(name=P-16)], duration=39, distance=10.0, discount=null)), (Trip(driver=Driver(name=D-1), passengers=[Passenger(name=P-14), Passenger(name=P-4)], duration=9, distance=34.0, discount=null), Trip(driver=Driver(name=D-7), passengers=[Passenger(name=P-4), Passenger(name=P-6), Passenger(name=P-11)], duration=8, distance=16.0, discount=0.4)), (Trip(driver=Driver(name=D-1), passengers=[Passenger(name=P-14), Passenger(name=P-4)], duration=9, distance=34.0, discount=null), Trip(driver=Driver(name=D-0), passengers=[Passenger(name=P-5)], duration=19, distance=39.0, discount=0.1)), (Trip(driver=Driver(name=D-1), passengers=[Passenger(name=P-14), Passenger(name=P-4)], duration=9, distance=34.0, discount=null), Trip(driver=Driver(name=D-5), passengers=[Passenger(name=P-8), Passenger(name=P-19)], duration=35, distance=31.0, discount=0.4))]
item [(Trip(driver=Driver(name=D-2), passengers=[Passenger(name=P-8), Passenger(name=P-4)], duration=9, distance=19.0, discount=0.1), Trip(driver=Driver(name=D-5), passengers=[Passenger(name=P-4), Passenger(name=P-18)], duration=13, distance=32.0, discount=null)), (Trip(driver=Driver(name=D-2), passengers=[Passenger(name=P-8), Passenger(name=P-4)], duration=9, distance=19.0, discount=0.1), Trip(driver=Driver(name=D-7), passengers=[Passenger(name=P-7), Passenger(name=P-9), Passenger(name=P-16), Passenger(name=P-13)], duration=8, distance=11.0, discount=null)), (Trip(driver=Driver(name=D-2), passengers=[Passenger(name=P-8), Passenger(name=P-4)], duration=9, distance=19.0, discount=0.1), Trip(driver=Driver(name=D-9), passengers=[Passenger(name=P-3), Passenger(name=P-18), Passenger(name=P-1)], duration=4, distance=27.0, discount=0.1)), (Trip(driver=Driver(name=D-2), passengers=[Passenger(name=P-8), Passenger(name=P-4)], duration=9, distance=19.0, discount=0.1), Trip(driver=Driver(name=D-4), passengers=[Passenger(name=P-2), Passenger(name=P-3), Passenger(name=P-8)], duration=7, distance=8.0, discount=null)), (Trip(driver=Driver(name=D-2), passengers=[Passenger(name=P-8), Passenger(name=P-4)], duration=9, distance=19.0, discount=0.1), Trip(driver=Driver(name=D-1), passengers=[Passenger(name=P-14), Passenger(name=P-4)], duration=9, distance=34.0, discount=null)), (Trip(driver=Driver(name=D-2), passengers=[Passenger(name=P-8), Passenger(name=P-4)], duration=9, distance=19.0, discount=0.1), Trip(driver=Driver(name=D-2), passengers=[Passenger(name=P-8), Passenger(name=P-4)], duration=9, distance=19.0, discount=0.1)), (Trip(driver=Driver(name=D-2), passengers=[Passenger(name=P-8), Passenger(name=P-4)], duration=9, distance=19.0, discount=0.1), Trip(driver=Driver(name=D-4), passengers=[Passenger(name=P-8)], duration=35, distance=24.0, discount=0.3)), (Trip(driver=Driver(name=D-2), passengers=[Passenger(name=P-8), Passenger(name=P-4)], duration=9, distance=19.0, discount=0.1), Trip(driver=Driver(name=D-8), passengers=[Passenger(name=P-14), Passenger(name=P-13)], duration=11, distance=4.0, discount=null)), (Trip(driver=Driver(name=D-2), passengers=[Passenger(name=P-8), Passenger(name=P-4)], duration=9, distance=19.0, discount=0.1), Trip(driver=Driver(name=D-9), passengers=[Passenger(name=P-5), Passenger(name=P-1)], duration=20, distance=18.0, discount=0.2)), (Trip(driver=Driver(name=D-2), passengers=[Passenger(name=P-8), Passenger(name=P-4)], duration=9, distance=19.0, discount=0.1), Trip(driver=Driver(name=D-2), passengers=[Passenger(name=P-9), Passenger(name=P-13)], duration=24, distance=13.0, discount=null)), (Trip(driver=Driver(name=D-2), passengers=[Passenger(name=P-8), Passenger(name=P-4)], duration=9, distance=19.0, discount=0.1), Trip(driver=Driver(name=D-1), passengers=[Passenger(name=P-5), Passenger(name=P-14), Passenger(name=P-13)], duration=1, distance=4.0, discount=null)), (Trip(driver=Driver(name=D-2), passengers=[Passenger(name=P-8), Passenger(name=P-4)], duration=9, distance=19.0, discount=0.1), Trip(driver=Driver(name=D-1), passengers=[Passenger(name=P-15), Passenger(name=P-5)], duration=17, distance=34.0, discount=null)), (Trip(driver=Driver(name=D-2), passengers=[Passenger(name=P-8), Passenger(name=P-4)], duration=9, distance=19.0, discount=0.1), Trip(driver=Driver(name=D-0), passengers=[Passenger(name=P-16)], duration=18, distance=7.0, discount=null)), (Trip(driver=Driver(name=D-2), passengers=[Passenger(name=P-8), Passenger(name=P-4)], duration=9, distance=19.0, discount=0.1), Trip(driver=Driver(name=D-5), passengers=[Passenger(name=P-17)], duration=1, distance=34.0, discount=0.1)), (Trip(driver=Driver(name=D-2), passengers=[Passenger(name=P-8), Passenger(name=P-4)], duration=9, distance=19.0, discount=0.1), Trip(driver=Driver(name=D-1), passengers=[Passenger(name=P-11), Passenger(name=P-3), Passenger(name=P-7)], duration=9, distance=23.0, discount=0.2)), (Trip(driver=Driver(name=D-2), passengers=[Passenger(name=P-8), Passenger(name=P-4)], duration=9, distance=19.0, discount=0.1), Trip(driver=Driver(name=D-8), passengers=[Passenger(name=P-8), Passenger(name=P-11)], duration=7, distance=34.0, discount=0.4)), (Trip(driver=Driver(name=D-2), passengers=[Passenger(name=P-8), Passenger(name=P-4)], duration=9, distance=19.0, discount=0.1), Trip(driver=Driver(name=D-8), passengers=[Passenger(name=P-3)], duration=5, distance=20.0, discount=null)), (Trip(driver=Driver(name=D-2), passengers=[Passenger(name=P-8), Passenger(name=P-4)], duration=9, distance=19.0, discount=0.1), Trip(driver=Driver(name=D-9), passengers=[Passenger(name=P-3), Passenger(name=P-13), Passenger(name=P-12), Passenger(name=P-17)], duration=26, distance=19.0, discount=0.1)), (Trip(driver=Driver(name=D-2), passengers=[Passenger(name=P-8), Passenger(name=P-4)], duration=9, distance=19.0, discount=0.1), Trip(driver=Driver(name=D-8), passengers=[Passenger(name=P-16), Passenger(name=P-7)], duration=35, distance=9.0, discount=0.2)), (Trip(driver=Driver(name=D-2), passengers=[Passenger(name=P-8), Passenger(name=P-4)], duration=9, distance=19.0, discount=0.1), Trip(driver=Driver(name=D-0), passengers=[Passenger(name=P-16)], duration=28, distance=5.0, discount=0.1)), (Trip(driver=Driver(name=D-2), passengers=[Passenger(name=P-8), Passenger(name=P-4)], duration=9, distance=19.0, discount=0.1), Trip(driver=Driver(name=D-6), passengers=[Passenger(name=P-4)], duration=27, distance=38.0, discount=null)), (Trip(driver=Driver(name=D-2), passengers=[Passenger(name=P-8), Passenger(name=P-4)], duration=9, distance=19.0, discount=0.1), Trip(driver=Driver(name=D-4), passengers=[Passenger(name=P-7), Passenger(name=P-9)], duration=38, distance=20.0, discount=null)), (Trip(driver=Driver(name=D-2), passengers=[Passenger(name=P-8), Passenger(name=P-4)], duration=9, distance=19.0, discount=0.1), Trip(driver=Driver(name=D-9), passengers=[Passenger(name=P-6), Passenger(name=P-13)], duration=19, distance=5.0, discount=null)), (Trip(driver=Driver(name=D-2), passengers=[Passenger(name=P-8), Passenger(name=P-4)], duration=9, distance=19.0, discount=0.1), Trip(driver=Driver(name=D-5), passengers=[Passenger(name=P-4)], duration=20, distance=5.0, discount=0.4)), (Trip(driver=Driver(name=D-2), passengers=[Passenger(name=P-8), Passenger(name=P-4)], duration=9, distance=19.0, discount=0.1), Trip(driver=Driver(name=D-3), passengers=[Passenger(name=P-14)], duration=32, distance=37.0, discount=null)), (Trip(driver=Driver(name=D-2), passengers=[Passenger(name=P-8), Passenger(name=P-4)], duration=9, distance=19.0, discount=0.1), Trip(driver=Driver(name=D-1), passengers=[Passenger(name=P-11)], duration=19, distance=11.0, discount=0.4)), (Trip(driver=Driver(name=D-2), passengers=[Passenger(name=P-8), Passenger(name=P-4)], duration=9, distance=19.0, discount=0.1), Trip(driver=Driver(name=D-3), passengers=[Passenger(name=P-6), Passenger(name=P-16)], duration=39, distance=10.0, discount=null)), (Trip(driver=Driver(name=D-2), passengers=[Passenger(name=P-8), Passenger(name=P-4)], duration=9, distance=19.0, discount=0.1), Trip(driver=Driver(name=D-7), passengers=[Passenger(name=P-4), Passenger(name=P-6), Passenger(name=P-11)], duration=8, distance=16.0, discount=0.4)), (Trip(driver=Driver(name=D-2), passengers=[Passenger(name=P-8), Passenger(name=P-4)], duration=9, distance=19.0, discount=0.1), Trip(driver=Driver(name=D-0), passengers=[Passenger(name=P-5)], duration=19, distance=39.0, discount=0.1)), (Trip(driver=Driver(name=D-2), passengers=[Passenger(name=P-8), Passenger(name=P-4)], duration=9, distance=19.0, discount=0.1), Trip(driver=Driver(name=D-5), passengers=[Passenger(name=P-8), Passenger(name=P-19)], duration=35, distance=31.0, discount=0.4))]
item [(Trip(driver=Driver(name=D-4), passengers=[Passenger(name=P-8)], duration=35, distance=24.0, discount=0.3), Trip(driver=Driver(name=D-5), passengers=[Passenger(name=P-4), Passenger(name=P-18)], duration=13, distance=32.0, discount=null)), (Trip(driver=Driver(name=D-4), passengers=[Passenger(name=P-8)], duration=35, distance=24.0, discount=0.3), Trip(driver=Driver(name=D-7), passengers=[Passenger(name=P-7), Passenger(name=P-9), Passenger(name=P-16), Passenger(name=P-13)], duration=8, distance=11.0, discount=null)), (Trip(driver=Driver(name=D-4), passengers=[Passenger(name=P-8)], duration=35, distance=24.0, discount=0.3), Trip(driver=Driver(name=D-9), passengers=[Passenger(name=P-3), Passenger(name=P-18), Passenger(name=P-1)], duration=4, distance=27.0, discount=0.1)), (Trip(driver=Driver(name=D-4), passengers=[Passenger(name=P-8)], duration=35, distance=24.0, discount=0.3), Trip(driver=Driver(name=D-4), passengers=[Passenger(name=P-2), Passenger(name=P-3), Passenger(name=P-8)], duration=7, distance=8.0, discount=null)), (Trip(driver=Driver(name=D-4), passengers=[Passenger(name=P-8)], duration=35, distance=24.0, discount=0.3), Trip(driver=Driver(name=D-1), passengers=[Passenger(name=P-14), Passenger(name=P-4)], duration=9, distance=34.0, discount=null)), (Trip(driver=Driver(name=D-4), passengers=[Passenger(name=P-8)], duration=35, distance=24.0, discount=0.3), Trip(driver=Driver(name=D-2), passengers=[Passenger(name=P-8), Passenger(name=P-4)], duration=9, distance=19.0, discount=0.1)), (Trip(driver=Driver(name=D-4), passengers=[Passenger(name=P-8)], duration=35, distance=24.0, discount=0.3), Trip(driver=Driver(name=D-4), passengers=[Passenger(name=P-8)], duration=35, distance=24.0, discount=0.3)), (Trip(driver=Driver(name=D-4), passengers=[Passenger(name=P-8)], duration=35, distance=24.0, discount=0.3), Trip(driver=Driver(name=D-8), passengers=[Passenger(name=P-14), Passenger(name=P-13)], duration=11, distance=4.0, discount=null)), (Trip(driver=Driver(name=D-4), passengers=[Passenger(name=P-8)], duration=35, distance=24.0, discount=0.3), Trip(driver=Driver(name=D-9), passengers=[Passenger(name=P-5), Passenger(name=P-1)], duration=20, distance=18.0, discount=0.2)), (Trip(driver=Driver(name=D-4), passengers=[Passenger(name=P-8)], duration=35, distance=24.0, discount=0.3), Trip(driver=Driver(name=D-2), passengers=[Passenger(name=P-9), Passenger(name=P-13)], duration=24, distance=13.0, discount=null)), (Trip(driver=Driver(name=D-4), passengers=[Passenger(name=P-8)], duration=35, distance=24.0, discount=0.3), Trip(driver=Driver(name=D-1), passengers=[Passenger(name=P-5), Passenger(name=P-14), Passenger(name=P-13)], duration=1, distance=4.0, discount=null)), (Trip(driver=Driver(name=D-4), passengers=[Passenger(name=P-8)], duration=35, distance=24.0, discount=0.3), Trip(driver=Driver(name=D-1), passengers=[Passenger(name=P-15), Passenger(name=P-5)], duration=17, distance=34.0, discount=null)), (Trip(driver=Driver(name=D-4), passengers=[Passenger(name=P-8)], duration=35, distance=24.0, discount=0.3), Trip(driver=Driver(name=D-0), passengers=[Passenger(name=P-16)], duration=18, distance=7.0, discount=null)), (Trip(driver=Driver(name=D-4), passengers=[Passenger(name=P-8)], duration=35, distance=24.0, discount=0.3), Trip(driver=Driver(name=D-5), passengers=[Passenger(name=P-17)], duration=1, distance=34.0, discount=0.1)), (Trip(driver=Driver(name=D-4), passengers=[Passenger(name=P-8)], duration=35, distance=24.0, discount=0.3), Trip(driver=Driver(name=D-1), passengers=[Passenger(name=P-11), Passenger(name=P-3), Passenger(name=P-7)], duration=9, distance=23.0, discount=0.2)), (Trip(driver=Driver(name=D-4), passengers=[Passenger(name=P-8)], duration=35, distance=24.0, discount=0.3), Trip(driver=Driver(name=D-8), passengers=[Passenger(name=P-8), Passenger(name=P-11)], duration=7, distance=34.0, discount=0.4)), (Trip(driver=Driver(name=D-4), passengers=[Passenger(name=P-8)], duration=35, distance=24.0, discount=0.3), Trip(driver=Driver(name=D-8), passengers=[Passenger(name=P-3)], duration=5, distance=20.0, discount=null)), (Trip(driver=Driver(name=D-4), passengers=[Passenger(name=P-8)], duration=35, distance=24.0, discount=0.3), Trip(driver=Driver(name=D-9), passengers=[Passenger(name=P-3), Passenger(name=P-13), Passenger(name=P-12), Passenger(name=P-17)], duration=26, distance=19.0, discount=0.1)), (Trip(driver=Driver(name=D-4), passengers=[Passenger(name=P-8)], duration=35, distance=24.0, discount=0.3), Trip(driver=Driver(name=D-8), passengers=[Passenger(name=P-16), Passenger(name=P-7)], duration=35, distance=9.0, discount=0.2)), (Trip(driver=Driver(name=D-4), passengers=[Passenger(name=P-8)], duration=35, distance=24.0, discount=0.3), Trip(driver=Driver(name=D-0), passengers=[Passenger(name=P-16)], duration=28, distance=5.0, discount=0.1)), (Trip(driver=Driver(name=D-4), passengers=[Passenger(name=P-8)], duration=35, distance=24.0, discount=0.3), Trip(driver=Driver(name=D-6), passengers=[Passenger(name=P-4)], duration=27, distance=38.0, discount=null)), (Trip(driver=Driver(name=D-4), passengers=[Passenger(name=P-8)], duration=35, distance=24.0, discount=0.3), Trip(driver=Driver(name=D-4), passengers=[Passenger(name=P-7), Passenger(name=P-9)], duration=38, distance=20.0, discount=null)), (Trip(driver=Driver(name=D-4), passengers=[Passenger(name=P-8)], duration=35, distance=24.0, discount=0.3), Trip(driver=Driver(name=D-9), passengers=[Passenger(name=P-6), Passenger(name=P-13)], duration=19, distance=5.0, discount=null)), (Trip(driver=Driver(name=D-4), passengers=[Passenger(name=P-8)], duration=35, distance=24.0, discount=0.3), Trip(driver=Driver(name=D-5), passengers=[Passenger(name=P-4)], duration=20, distance=5.0, discount=0.4)), (Trip(driver=Driver(name=D-4), passengers=[Passenger(name=P-8)], duration=35, distance=24.0, discount=0.3), Trip(driver=Driver(name=D-3), passengers=[Passenger(name=P-14)], duration=32, distance=37.0, discount=null)), (Trip(driver=Driver(name=D-4), passengers=[Passenger(name=P-8)], duration=35, distance=24.0, discount=0.3), Trip(driver=Driver(name=D-1), passengers=[Passenger(name=P-11)], duration=19, distance=11.0, discount=0.4)), (Trip(driver=Driver(name=D-4), passengers=[Passenger(name=P-8)], duration=35, distance=24.0, discount=0.3), Trip(driver=Driver(name=D-3), passengers=[Passenger(name=P-6), Passenger(name=P-16)], duration=39, distance=10.0, discount=null)), (Trip(driver=Driver(name=D-4), passengers=[Passenger(name=P-8)], duration=35, distance=24.0, discount=0.3), Trip(driver=Driver(name=D-7), passengers=[Passenger(name=P-4), Passenger(name=P-6), Passenger(name=P-11)], duration=8, distance=16.0, discount=0.4)), (Trip(driver=Driver(name=D-4), passengers=[Passenger(name=P-8)], duration=35, distance=24.0, discount=0.3), Trip(driver=Driver(name=D-0), passengers=[Passenger(name=P-5)], duration=19, distance=39.0, discount=0.1)), (Trip(driver=Driver(name=D-4), passengers=[Passenger(name=P-8)], duration=35, distance=24.0, discount=0.3), Trip(driver=Driver(name=D-5), passengers=[Passenger(name=P-8), Passenger(name=P-19)], duration=35, distance=31.0, discount=0.4))]
item [(Trip(driver=Driver(name=D-8), passengers=[Passenger(name=P-14), Passenger(name=P-13)], duration=11, distance=4.0, discount=null), Trip(driver=Driver(name=D-5), passengers=[Passenger(name=P-4), Passenger(name=P-18)], duration=13, distance=32.0, discount=null)), (Trip(driver=Driver(name=D-8), passengers=[Passenger(name=P-14), Passenger(name=P-13)], duration=11, distance=4.0, discount=null), Trip(driver=Driver(name=D-7), passengers=[Passenger(name=P-7), Passenger(name=P-9), Passenger(name=P-16), Passenger(name=P-13)], duration=8, distance=11.0, discount=null)), (Trip(driver=Driver(name=D-8), passengers=[Passenger(name=P-14), Passenger(name=P-13)], duration=11, distance=4.0, discount=null), Trip(driver=Driver(name=D-9), passengers=[Passenger(name=P-3), Passenger(name=P-18), Passenger(name=P-1)], duration=4, distance=27.0, discount=0.1)), (Trip(driver=Driver(name=D-8), passengers=[Passenger(name=P-14), Passenger(name=P-13)], duration=11, distance=4.0, discount=null), Trip(driver=Driver(name=D-4), passengers=[Passenger(name=P-2), Passenger(name=P-3), Passenger(name=P-8)], duration=7, distance=8.0, discount=null)), (Trip(driver=Driver(name=D-8), passengers=[Passenger(name=P-14), Passenger(name=P-13)], duration=11, distance=4.0, discount=null), Trip(driver=Driver(name=D-1), passengers=[Passenger(name=P-14), Passenger(name=P-4)], duration=9, distance=34.0, discount=null)), (Trip(driver=Driver(name=D-8), passengers=[Passenger(name=P-14), Passenger(name=P-13)], duration=11, distance=4.0, discount=null), Trip(driver=Driver(name=D-2), passengers=[Passenger(name=P-8), Passenger(name=P-4)], duration=9, distance=19.0, discount=0.1)), (Trip(driver=Driver(name=D-8), passengers=[Passenger(name=P-14), Passenger(name=P-13)], duration=11, distance=4.0, discount=null), Trip(driver=Driver(name=D-4), passengers=[Passenger(name=P-8)], duration=35, distance=24.0, discount=0.3)), (Trip(driver=Driver(name=D-8), passengers=[Passenger(name=P-14), Passenger(name=P-13)], duration=11, distance=4.0, discount=null), Trip(driver=Driver(name=D-8), passengers=[Passenger(name=P-14), Passenger(name=P-13)], duration=11, distance=4.0, discount=null)), (Trip(driver=Driver(name=D-8), passengers=[Passenger(name=P-14), Passenger(name=P-13)], duration=11, distance=4.0, discount=null), Trip(driver=Driver(name=D-9), passengers=[Passenger(name=P-5), Passenger(name=P-1)], duration=20, distance=18.0, discount=0.2)), (Trip(driver=Driver(name=D-8), passengers=[Passenger(name=P-14), Passenger(name=P-13)], duration=11, distance=4.0, discount=null), Trip(driver=Driver(name=D-2), passengers=[Passenger(name=P-9), Passenger(name=P-13)], duration=24, distance=13.0, discount=null)), (Trip(driver=Driver(name=D-8), passengers=[Passenger(name=P-14), Passenger(name=P-13)], duration=11, distance=4.0, discount=null), Trip(driver=Driver(name=D-1), passengers=[Passenger(name=P-5), Passenger(name=P-14), Passenger(name=P-13)], duration=1, distance=4.0, discount=null)), (Trip(driver=Driver(name=D-8), passengers=[Passenger(name=P-14), Passenger(name=P-13)], duration=11, distance=4.0, discount=null), Trip(driver=Driver(name=D-1), passengers=[Passenger(name=P-15), Passenger(name=P-5)], duration=17, distance=34.0, discount=null)), (Trip(driver=Driver(name=D-8), passengers=[Passenger(name=P-14), Passenger(name=P-13)], duration=11, distance=4.0, discount=null), Trip(driver=Driver(name=D-0), passengers=[Passenger(name=P-16)], duration=18, distance=7.0, discount=null)), (Trip(driver=Driver(name=D-8), passengers=[Passenger(name=P-14), Passenger(name=P-13)], duration=11, distance=4.0, discount=null), Trip(driver=Driver(name=D-5), passengers=[Passenger(name=P-17)], duration=1, distance=34.0, discount=0.1)), (Trip(driver=Driver(name=D-8), passengers=[Passenger(name=P-14), Passenger(name=P-13)], duration=11, distance=4.0, discount=null), Trip(driver=Driver(name=D-1), passengers=[Passenger(name=P-11), Passenger(name=P-3), Passenger(name=P-7)], duration=9, distance=23.0, discount=0.2)), (Trip(driver=Driver(name=D-8), passengers=[Passenger(name=P-14), Passenger(name=P-13)], duration=11, distance=4.0, discount=null), Trip(driver=Driver(name=D-8), passengers=[Passenger(name=P-8), Passenger(name=P-11)], duration=7, distance=34.0, discount=0.4)), (Trip(driver=Driver(name=D-8), passengers=[Passenger(name=P-14), Passenger(name=P-13)], duration=11, distance=4.0, discount=null), Trip(driver=Driver(name=D-8), passengers=[Passenger(name=P-3)], duration=5, distance=20.0, discount=null)), (Trip(driver=Driver(name=D-8), passengers=[Passenger(name=P-14), Passenger(name=P-13)], duration=11, distance=4.0, discount=null), Trip(driver=Driver(name=D-9), passengers=[Passenger(name=P-3), Passenger(name=P-13), Passenger(name=P-12), Passenger(name=P-17)], duration=26, distance=19.0, discount=0.1)), (Trip(driver=Driver(name=D-8), passengers=[Passenger(name=P-14), Passenger(name=P-13)], duration=11, distance=4.0, discount=null), Trip(driver=Driver(name=D-8), passengers=[Passenger(name=P-16), Passenger(name=P-7)], duration=35, distance=9.0, discount=0.2)), (Trip(driver=Driver(name=D-8), passengers=[Passenger(name=P-14), Passenger(name=P-13)], duration=11, distance=4.0, discount=null), Trip(driver=Driver(name=D-0), passengers=[Passenger(name=P-16)], duration=28, distance=5.0, discount=0.1)), (Trip(driver=Driver(name=D-8), passengers=[Passenger(name=P-14), Passenger(name=P-13)], duration=11, distance=4.0, discount=null), Trip(driver=Driver(name=D-6), passengers=[Passenger(name=P-4)], duration=27, distance=38.0, discount=null)), (Trip(driver=Driver(name=D-8), passengers=[Passenger(name=P-14), Passenger(name=P-13)], duration=11, distance=4.0, discount=null), Trip(driver=Driver(name=D-4), passengers=[Passenger(name=P-7), Passenger(name=P-9)], duration=38, distance=20.0, discount=null)), (Trip(driver=Driver(name=D-8), passengers=[Passenger(name=P-14), Passenger(name=P-13)], duration=11, distance=4.0, discount=null), Trip(driver=Driver(name=D-9), passengers=[Passenger(name=P-6), Passenger(name=P-13)], duration=19, distance=5.0, discount=null)), (Trip(driver=Driver(name=D-8), passengers=[Passenger(name=P-14), Passenger(name=P-13)], duration=11, distance=4.0, discount=null), Trip(driver=Driver(name=D-5), passengers=[Passenger(name=P-4)], duration=20, distance=5.0, discount=0.4)), (Trip(driver=Driver(name=D-8), passengers=[Passenger(name=P-14), Passenger(name=P-13)], duration=11, distance=4.0, discount=null), Trip(driver=Driver(name=D-3), passengers=[Passenger(name=P-14)], duration=32, distance=37.0, discount=null)), (Trip(driver=Driver(name=D-8), passengers=[Passenger(name=P-14), Passenger(name=P-13)], duration=11, distance=4.0, discount=null), Trip(driver=Driver(name=D-1), passengers=[Passenger(name=P-11)], duration=19, distance=11.0, discount=0.4)), (Trip(driver=Driver(name=D-8), passengers=[Passenger(name=P-14), Passenger(name=P-13)], duration=11, distance=4.0, discount=null), Trip(driver=Driver(name=D-3), passengers=[Passenger(name=P-6), Passenger(name=P-16)], duration=39, distance=10.0, discount=null)), (Trip(driver=Driver(name=D-8), passengers=[Passenger(name=P-14), Passenger(name=P-13)], duration=11, distance=4.0, discount=null), Trip(driver=Driver(name=D-7), passengers=[Passenger(name=P-4), Passenger(name=P-6), Passenger(name=P-11)], duration=8, distance=16.0, discount=0.4)), (Trip(driver=Driver(name=D-8), passengers=[Passenger(name=P-14), Passenger(name=P-13)], duration=11, distance=4.0, discount=null), Trip(driver=Driver(name=D-0), passengers=[Passenger(name=P-5)], duration=19, distance=39.0, discount=0.1)), (Trip(driver=Driver(name=D-8), passengers=[Passenger(name=P-14), Passenger(name=P-13)], duration=11, distance=4.0, discount=null), Trip(driver=Driver(name=D-5), passengers=[Passenger(name=P-8), Passenger(name=P-19)], duration=35, distance=31.0, discount=0.4))]
item [(Trip(driver=Driver(name=D-9), passengers=[Passenger(name=P-5), Passenger(name=P-1)], duration=20, distance=18.0, discount=0.2), Trip(driver=Driver(name=D-5), passengers=[Passenger(name=P-4), Passenger(name=P-18)], duration=13, distance=32.0, discount=null)), (Trip(driver=Driver(name=D-9), passengers=[Passenger(name=P-5), Passenger(name=P-1)], duration=20, distance=18.0, discount=0.2), Trip(driver=Driver(name=D-7), passengers=[Passenger(name=P-7), Passenger(name=P-9), Passenger(name=P-16), Passenger(name=P-13)], duration=8, distance=11.0, discount=null)), (Trip(driver=Driver(name=D-9), passengers=[Passenger(name=P-5), Passenger(name=P-1)], duration=20, distance=18.0, discount=0.2), Trip(driver=Driver(name=D-9), passengers=[Passenger(name=P-3), Passenger(name=P-18), Passenger(name=P-1)], duration=4, distance=27.0, discount=0.1)), (Trip(driver=Driver(name=D-9), passengers=[Passenger(name=P-5), Passenger(name=P-1)], duration=20, distance=18.0, discount=0.2), Trip(driver=Driver(name=D-4), passengers=[Passenger(name=P-2), Passenger(name=P-3), Passenger(name=P-8)], duration=7, distance=8.0, discount=null)), (Trip(driver=Driver(name=D-9), passengers=[Passenger(name=P-5), Passenger(name=P-1)], duration=20, distance=18.0, discount=0.2), Trip(driver=Driver(name=D-1), passengers=[Passenger(name=P-14), Passenger(name=P-4)], duration=9, distance=34.0, discount=null)), (Trip(driver=Driver(name=D-9), passengers=[Passenger(name=P-5), Passenger(name=P-1)], duration=20, distance=18.0, discount=0.2), Trip(driver=Driver(name=D-2), passengers=[Passenger(name=P-8), Passenger(name=P-4)], duration=9, distance=19.0, discount=0.1)), (Trip(driver=Driver(name=D-9), passengers=[Passenger(name=P-5), Passenger(name=P-1)], duration=20, distance=18.0, discount=0.2), Trip(driver=Driver(name=D-4), passengers=[Passenger(name=P-8)], duration=35, distance=24.0, discount=0.3)), (Trip(driver=Driver(name=D-9), passengers=[Passenger(name=P-5), Passenger(name=P-1)], duration=20, distance=18.0, discount=0.2), Trip(driver=Driver(name=D-8), passengers=[Passenger(name=P-14), Passenger(name=P-13)], duration=11, distance=4.0, discount=null)), (Trip(driver=Driver(name=D-9), passengers=[Passenger(name=P-5), Passenger(name=P-1)], duration=20, distance=18.0, discount=0.2), Trip(driver=Driver(name=D-9), passengers=[Passenger(name=P-5), Passenger(name=P-1)], duration=20, distance=18.0, discount=0.2)), (Trip(driver=Driver(name=D-9), passengers=[Passenger(name=P-5), Passenger(name=P-1)], duration=20, distance=18.0, discount=0.2), Trip(driver=Driver(name=D-2), passengers=[Passenger(name=P-9), Passenger(name=P-13)], duration=24, distance=13.0, discount=null)), (Trip(driver=Driver(name=D-9), passengers=[Passenger(name=P-5), Passenger(name=P-1)], duration=20, distance=18.0, discount=0.2), Trip(driver=Driver(name=D-1), passengers=[Passenger(name=P-5), Passenger(name=P-14), Passenger(name=P-13)], duration=1, distance=4.0, discount=null)), (Trip(driver=Driver(name=D-9), passengers=[Passenger(name=P-5), Passenger(name=P-1)], duration=20, distance=18.0, discount=0.2), Trip(driver=Driver(name=D-1), passengers=[Passenger(name=P-15), Passenger(name=P-5)], duration=17, distance=34.0, discount=null)), (Trip(driver=Driver(name=D-9), passengers=[Passenger(name=P-5), Passenger(name=P-1)], duration=20, distance=18.0, discount=0.2), Trip(driver=Driver(name=D-0), passengers=[Passenger(name=P-16)], duration=18, distance=7.0, discount=null)), (Trip(driver=Driver(name=D-9), passengers=[Passenger(name=P-5), Passenger(name=P-1)], duration=20, distance=18.0, discount=0.2), Trip(driver=Driver(name=D-5), passengers=[Passenger(name=P-17)], duration=1, distance=34.0, discount=0.1)), (Trip(driver=Driver(name=D-9), passengers=[Passenger(name=P-5), Passenger(name=P-1)], duration=20, distance=18.0, discount=0.2), Trip(driver=Driver(name=D-1), passengers=[Passenger(name=P-11), Passenger(name=P-3), Passenger(name=P-7)], duration=9, distance=23.0, discount=0.2)), (Trip(driver=Driver(name=D-9), passengers=[Passenger(name=P-5), Passenger(name=P-1)], duration=20, distance=18.0, discount=0.2), Trip(driver=Driver(name=D-8), passengers=[Passenger(name=P-8), Passenger(name=P-11)], duration=7, distance=34.0, discount=0.4)), (Trip(driver=Driver(name=D-9), passengers=[Passenger(name=P-5), Passenger(name=P-1)], duration=20, distance=18.0, discount=0.2), Trip(driver=Driver(name=D-8), passengers=[Passenger(name=P-3)], duration=5, distance=20.0, discount=null)), (Trip(driver=Driver(name=D-9), passengers=[Passenger(name=P-5), Passenger(name=P-1)], duration=20, distance=18.0, discount=0.2), Trip(driver=Driver(name=D-9), passengers=[Passenger(name=P-3), Passenger(name=P-13), Passenger(name=P-12), Passenger(name=P-17)], duration=26, distance=19.0, discount=0.1)), (Trip(driver=Driver(name=D-9), passengers=[Passenger(name=P-5), Passenger(name=P-1)], duration=20, distance=18.0, discount=0.2), Trip(driver=Driver(name=D-8), passengers=[Passenger(name=P-16), Passenger(name=P-7)], duration=35, distance=9.0, discount=0.2)), (Trip(driver=Driver(name=D-9), passengers=[Passenger(name=P-5), Passenger(name=P-1)], duration=20, distance=18.0, discount=0.2), Trip(driver=Driver(name=D-0), passengers=[Passenger(name=P-16)], duration=28, distance=5.0, discount=0.1)), (Trip(driver=Driver(name=D-9), passengers=[Passenger(name=P-5), Passenger(name=P-1)], duration=20, distance=18.0, discount=0.2), Trip(driver=Driver(name=D-6), passengers=[Passenger(name=P-4)], duration=27, distance=38.0, discount=null)), (Trip(driver=Driver(name=D-9), passengers=[Passenger(name=P-5), Passenger(name=P-1)], duration=20, distance=18.0, discount=0.2), Trip(driver=Driver(name=D-4), passengers=[Passenger(name=P-7), Passenger(name=P-9)], duration=38, distance=20.0, discount=null)), (Trip(driver=Driver(name=D-9), passengers=[Passenger(name=P-5), Passenger(name=P-1)], duration=20, distance=18.0, discount=0.2), Trip(driver=Driver(name=D-9), passengers=[Passenger(name=P-6), Passenger(name=P-13)], duration=19, distance=5.0, discount=null)), (Trip(driver=Driver(name=D-9), passengers=[Passenger(name=P-5), Passenger(name=P-1)], duration=20, distance=18.0, discount=0.2), Trip(driver=Driver(name=D-5), passengers=[Passenger(name=P-4)], duration=20, distance=5.0, discount=0.4)), (Trip(driver=Driver(name=D-9), passengers=[Passenger(name=P-5), Passenger(name=P-1)], duration=20, distance=18.0, discount=0.2), Trip(driver=Driver(name=D-3), passengers=[Passenger(name=P-14)], duration=32, distance=37.0, discount=null)), (Trip(driver=Driver(name=D-9), passengers=[Passenger(name=P-5), Passenger(name=P-1)], duration=20, distance=18.0, discount=0.2), Trip(driver=Driver(name=D-1), passengers=[Passenger(name=P-11)], duration=19, distance=11.0, discount=0.4)), (Trip(driver=Driver(name=D-9), passengers=[Passenger(name=P-5), Passenger(name=P-1)], duration=20, distance=18.0, discount=0.2), Trip(driver=Driver(name=D-3), passengers=[Passenger(name=P-6), Passenger(name=P-16)], duration=39, distance=10.0, discount=null)), (Trip(driver=Driver(name=D-9), passengers=[Passenger(name=P-5), Passenger(name=P-1)], duration=20, distance=18.0, discount=0.2), Trip(driver=Driver(name=D-7), passengers=[Passenger(name=P-4), Passenger(name=P-6), Passenger(name=P-11)], duration=8, distance=16.0, discount=0.4)), (Trip(driver=Driver(name=D-9), passengers=[Passenger(name=P-5), Passenger(name=P-1)], duration=20, distance=18.0, discount=0.2), Trip(driver=Driver(name=D-0), passengers=[Passenger(name=P-5)], duration=19, distance=39.0, discount=0.1)), (Trip(driver=Driver(name=D-9), passengers=[Passenger(name=P-5), Passenger(name=P-1)], duration=20, distance=18.0, discount=0.2), Trip(driver=Driver(name=D-5), passengers=[Passenger(name=P-8), Passenger(name=P-19)], duration=35, distance=31.0, discount=0.4))]
item [(Trip(driver=Driver(name=D-2), passengers=[Passenger(name=P-9), Passenger(name=P-13)], duration=24, distance=13.0, discount=null), Trip(driver=Driver(name=D-5), passengers=[Passenger(name=P-4), Passenger(name=P-18)], duration=13, distance=32.0, discount=null)), (Trip(driver=Driver(name=D-2), passengers=[Passenger(name=P-9), Passenger(name=P-13)], duration=24, distance=13.0, discount=null), Trip(driver=Driver(name=D-7), passengers=[Passenger(name=P-7), Passenger(name=P-9), Passenger(name=P-16), Passenger(name=P-13)], duration=8, distance=11.0, discount=null)), (Trip(driver=Driver(name=D-2), passengers=[Passenger(name=P-9), Passenger(name=P-13)], duration=24, distance=13.0, discount=null), Trip(driver=Driver(name=D-9), passengers=[Passenger(name=P-3), Passenger(name=P-18), Passenger(name=P-1)], duration=4, distance=27.0, discount=0.1)), (Trip(driver=Driver(name=D-2), passengers=[Passenger(name=P-9), Passenger(name=P-13)], duration=24, distance=13.0, discount=null), Trip(driver=Driver(name=D-4), passengers=[Passenger(name=P-2), Passenger(name=P-3), Passenger(name=P-8)], duration=7, distance=8.0, discount=null)), (Trip(driver=Driver(name=D-2), passengers=[Passenger(name=P-9), Passenger(name=P-13)], duration=24, distance=13.0, discount=null), Trip(driver=Driver(name=D-1), passengers=[Passenger(name=P-14), Passenger(name=P-4)], duration=9, distance=34.0, discount=null)), (Trip(driver=Driver(name=D-2), passengers=[Passenger(name=P-9), Passenger(name=P-13)], duration=24, distance=13.0, discount=null), Trip(driver=Driver(name=D-2), passengers=[Passenger(name=P-8), Passenger(name=P-4)], duration=9, distance=19.0, discount=0.1)), (Trip(driver=Driver(name=D-2), passengers=[Passenger(name=P-9), Passenger(name=P-13)], duration=24, distance=13.0, discount=null), Trip(driver=Driver(name=D-4), passengers=[Passenger(name=P-8)], duration=35, distance=24.0, discount=0.3)), (Trip(driver=Driver(name=D-2), passengers=[Passenger(name=P-9), Passenger(name=P-13)], duration=24, distance=13.0, discount=null), Trip(driver=Driver(name=D-8), passengers=[Passenger(name=P-14), Passenger(name=P-13)], duration=11, distance=4.0, discount=null)), (Trip(driver=Driver(name=D-2), passengers=[Passenger(name=P-9), Passenger(name=P-13)], duration=24, distance=13.0, discount=null), Trip(driver=Driver(name=D-9), passengers=[Passenger(name=P-5), Passenger(name=P-1)], duration=20, distance=18.0, discount=0.2)), (Trip(driver=Driver(name=D-2), passengers=[Passenger(name=P-9), Passenger(name=P-13)], duration=24, distance=13.0, discount=null), Trip(driver=Driver(name=D-2), passengers=[Passenger(name=P-9), Passenger(name=P-13)], duration=24, distance=13.0, discount=null)), (Trip(driver=Driver(name=D-2), passengers=[Passenger(name=P-9), Passenger(name=P-13)], duration=24, distance=13.0, discount=null), Trip(driver=Driver(name=D-1), passengers=[Passenger(name=P-5), Passenger(name=P-14), Passenger(name=P-13)], duration=1, distance=4.0, discount=null)), (Trip(driver=Driver(name=D-2), passengers=[Passenger(name=P-9), Passenger(name=P-13)], duration=24, distance=13.0, discount=null), Trip(driver=Driver(name=D-1), passengers=[Passenger(name=P-15), Passenger(name=P-5)], duration=17, distance=34.0, discount=null)), (Trip(driver=Driver(name=D-2), passengers=[Passenger(name=P-9), Passenger(name=P-13)], duration=24, distance=13.0, discount=null), Trip(driver=Driver(name=D-0), passengers=[Passenger(name=P-16)], duration=18, distance=7.0, discount=null)), (Trip(driver=Driver(name=D-2), passengers=[Passenger(name=P-9), Passenger(name=P-13)], duration=24, distance=13.0, discount=null), Trip(driver=Driver(name=D-5), passengers=[Passenger(name=P-17)], duration=1, distance=34.0, discount=0.1)), (Trip(driver=Driver(name=D-2), passengers=[Passenger(name=P-9), Passenger(name=P-13)], duration=24, distance=13.0, discount=null), Trip(driver=Driver(name=D-1), passengers=[Passenger(name=P-11), Passenger(name=P-3), Passenger(name=P-7)], duration=9, distance=23.0, discount=0.2)), (Trip(driver=Driver(name=D-2), passengers=[Passenger(name=P-9), Passenger(name=P-13)], duration=24, distance=13.0, discount=null), Trip(driver=Driver(name=D-8), passengers=[Passenger(name=P-8), Passenger(name=P-11)], duration=7, distance=34.0, discount=0.4)), (Trip(driver=Driver(name=D-2), passengers=[Passenger(name=P-9), Passenger(name=P-13)], duration=24, distance=13.0, discount=null), Trip(driver=Driver(name=D-8), passengers=[Passenger(name=P-3)], duration=5, distance=20.0, discount=null)), (Trip(driver=Driver(name=D-2), passengers=[Passenger(name=P-9), Passenger(name=P-13)], duration=24, distance=13.0, discount=null), Trip(driver=Driver(name=D-9), passengers=[Passenger(name=P-3), Passenger(name=P-13), Passenger(name=P-12), Passenger(name=P-17)], duration=26, distance=19.0, discount=0.1)), (Trip(driver=Driver(name=D-2), passengers=[Passenger(name=P-9), Passenger(name=P-13)], duration=24, distance=13.0, discount=null), Trip(driver=Driver(name=D-8), passengers=[Passenger(name=P-16), Passenger(name=P-7)], duration=35, distance=9.0, discount=0.2)), (Trip(driver=Driver(name=D-2), passengers=[Passenger(name=P-9), Passenger(name=P-13)], duration=24, distance=13.0, discount=null), Trip(driver=Driver(name=D-0), passengers=[Passenger(name=P-16)], duration=28, distance=5.0, discount=0.1)), (Trip(driver=Driver(name=D-2), passengers=[Passenger(name=P-9), Passenger(name=P-13)], duration=24, distance=13.0, discount=null), Trip(driver=Driver(name=D-6), passengers=[Passenger(name=P-4)], duration=27, distance=38.0, discount=null)), (Trip(driver=Driver(name=D-2), passengers=[Passenger(name=P-9), Passenger(name=P-13)], duration=24, distance=13.0, discount=null), Trip(driver=Driver(name=D-4), passengers=[Passenger(name=P-7), Passenger(name=P-9)], duration=38, distance=20.0, discount=null)), (Trip(driver=Driver(name=D-2), passengers=[Passenger(name=P-9), Passenger(name=P-13)], duration=24, distance=13.0, discount=null), Trip(driver=Driver(name=D-9), passengers=[Passenger(name=P-6), Passenger(name=P-13)], duration=19, distance=5.0, discount=null)), (Trip(driver=Driver(name=D-2), passengers=[Passenger(name=P-9), Passenger(name=P-13)], duration=24, distance=13.0, discount=null), Trip(driver=Driver(name=D-5), passengers=[Passenger(name=P-4)], duration=20, distance=5.0, discount=0.4)), (Trip(driver=Driver(name=D-2), passengers=[Passenger(name=P-9), Passenger(name=P-13)], duration=24, distance=13.0, discount=null), Trip(driver=Driver(name=D-3), passengers=[Passenger(name=P-14)], duration=32, distance=37.0, discount=null)), (Trip(driver=Driver(name=D-2), passengers=[Passenger(name=P-9), Passenger(name=P-13)], duration=24, distance=13.0, discount=null), Trip(driver=Driver(name=D-1), passengers=[Passenger(name=P-11)], duration=19, distance=11.0, discount=0.4)), (Trip(driver=Driver(name=D-2), passengers=[Passenger(name=P-9), Passenger(name=P-13)], duration=24, distance=13.0, discount=null), Trip(driver=Driver(name=D-3), passengers=[Passenger(name=P-6), Passenger(name=P-16)], duration=39, distance=10.0, discount=null)), (Trip(driver=Driver(name=D-2), passengers=[Passenger(name=P-9), Passenger(name=P-13)], duration=24, distance=13.0, discount=null), Trip(driver=Driver(name=D-7), passengers=[Passenger(name=P-4), Passenger(name=P-6), Passenger(name=P-11)], duration=8, distance=16.0, discount=0.4)), (Trip(driver=Driver(name=D-2), passengers=[Passenger(name=P-9), Passenger(name=P-13)], duration=24, distance=13.0, discount=null), Trip(driver=Driver(name=D-0), passengers=[Passenger(name=P-5)], duration=19, distance=39.0, discount=0.1)), (Trip(driver=Driver(name=D-2), passengers=[Passenger(name=P-9), Passenger(name=P-13)], duration=24, distance=13.0, discount=null), Trip(driver=Driver(name=D-5), passengers=[Passenger(name=P-8), Passenger(name=P-19)], duration=35, distance=31.0, discount=0.4))]
item [(Trip(driver=Driver(name=D-1), passengers=[Passenger(name=P-5), Passenger(name=P-14), Passenger(name=P-13)], duration=1, distance=4.0, discount=null), Trip(driver=Driver(name=D-5), passengers=[Passenger(name=P-4), Passenger(name=P-18)], duration=13, distance=32.0, discount=null)), (Trip(driver=Driver(name=D-1), passengers=[Passenger(name=P-5), Passenger(name=P-14), Passenger(name=P-13)], duration=1, distance=4.0, discount=null), Trip(driver=Driver(name=D-7), passengers=[Passenger(name=P-7), Passenger(name=P-9), Passenger(name=P-16), Passenger(name=P-13)], duration=8, distance=11.0, discount=null)), (Trip(driver=Driver(name=D-1), passengers=[Passenger(name=P-5), Passenger(name=P-14), Passenger(name=P-13)], duration=1, distance=4.0, discount=null), Trip(driver=Driver(name=D-9), passengers=[Passenger(name=P-3), Passenger(name=P-18), Passenger(name=P-1)], duration=4, distance=27.0, discount=0.1)), (Trip(driver=Driver(name=D-1), passengers=[Passenger(name=P-5), Passenger(name=P-14), Passenger(name=P-13)], duration=1, distance=4.0, discount=null), Trip(driver=Driver(name=D-4), passengers=[Passenger(name=P-2), Passenger(name=P-3), Passenger(name=P-8)], duration=7, distance=8.0, discount=null)), (Trip(driver=Driver(name=D-1), passengers=[Passenger(name=P-5), Passenger(name=P-14), Passenger(name=P-13)], duration=1, distance=4.0, discount=null), Trip(driver=Driver(name=D-1), passengers=[Passenger(name=P-14), Passenger(name=P-4)], duration=9, distance=34.0, discount=null)), (Trip(driver=Driver(name=D-1), passengers=[Passenger(name=P-5), Passenger(name=P-14), Passenger(name=P-13)], duration=1, distance=4.0, discount=null), Trip(driver=Driver(name=D-2), passengers=[Passenger(name=P-8), Passenger(name=P-4)], duration=9, distance=19.0, discount=0.1)), (Trip(driver=Driver(name=D-1), passengers=[Passenger(name=P-5), Passenger(name=P-14), Passenger(name=P-13)], duration=1, distance=4.0, discount=null), Trip(driver=Driver(name=D-4), passengers=[Passenger(name=P-8)], duration=35, distance=24.0, discount=0.3)), (Trip(driver=Driver(name=D-1), passengers=[Passenger(name=P-5), Passenger(name=P-14), Passenger(name=P-13)], duration=1, distance=4.0, discount=null), Trip(driver=Driver(name=D-8), passengers=[Passenger(name=P-14), Passenger(name=P-13)], duration=11, distance=4.0, discount=null)), (Trip(driver=Driver(name=D-1), passengers=[Passenger(name=P-5), Passenger(name=P-14), Passenger(name=P-13)], duration=1, distance=4.0, discount=null), Trip(driver=Driver(name=D-9), passengers=[Passenger(name=P-5), Passenger(name=P-1)], duration=20, distance=18.0, discount=0.2)), (Trip(driver=Driver(name=D-1), passengers=[Passenger(name=P-5), Passenger(name=P-14), Passenger(name=P-13)], duration=1, distance=4.0, discount=null), Trip(driver=Driver(name=D-2), passengers=[Passenger(name=P-9), Passenger(name=P-13)], duration=24, distance=13.0, discount=null)), (Trip(driver=Driver(name=D-1), passengers=[Passenger(name=P-5), Passenger(name=P-14), Passenger(name=P-13)], duration=1, distance=4.0, discount=null), Trip(driver=Driver(name=D-1), passengers=[Passenger(name=P-5), Passenger(name=P-14), Passenger(name=P-13)], duration=1, distance=4.0, discount=null)), (Trip(driver=Driver(name=D-1), passengers=[Passenger(name=P-5), Passenger(name=P-14), Passenger(name=P-13)], duration=1, distance=4.0, discount=null), Trip(driver=Driver(name=D-1), passengers=[Passenger(name=P-15), Passenger(name=P-5)], duration=17, distance=34.0, discount=null)), (Trip(driver=Driver(name=D-1), passengers=[Passenger(name=P-5), Passenger(name=P-14), Passenger(name=P-13)], duration=1, distance=4.0, discount=null), Trip(driver=Driver(name=D-0), passengers=[Passenger(name=P-16)], duration=18, distance=7.0, discount=null)), (Trip(driver=Driver(name=D-1), passengers=[Passenger(name=P-5), Passenger(name=P-14), Passenger(name=P-13)], duration=1, distance=4.0, discount=null), Trip(driver=Driver(name=D-5), passengers=[Passenger(name=P-17)], duration=1, distance=34.0, discount=0.1)), (Trip(driver=Driver(name=D-1), passengers=[Passenger(name=P-5), Passenger(name=P-14), Passenger(name=P-13)], duration=1, distance=4.0, discount=null), Trip(driver=Driver(name=D-1), passengers=[Passenger(name=P-11), Passenger(name=P-3), Passenger(name=P-7)], duration=9, distance=23.0, discount=0.2)), (Trip(driver=Driver(name=D-1), passengers=[Passenger(name=P-5), Passenger(name=P-14), Passenger(name=P-13)], duration=1, distance=4.0, discount=null), Trip(driver=Driver(name=D-8), passengers=[Passenger(name=P-8), Passenger(name=P-11)], duration=7, distance=34.0, discount=0.4)), (Trip(driver=Driver(name=D-1), passengers=[Passenger(name=P-5), Passenger(name=P-14), Passenger(name=P-13)], duration=1, distance=4.0, discount=null), Trip(driver=Driver(name=D-8), passengers=[Passenger(name=P-3)], duration=5, distance=20.0, discount=null)), (Trip(driver=Driver(name=D-1), passengers=[Passenger(name=P-5), Passenger(name=P-14), Passenger(name=P-13)], duration=1, distance=4.0, discount=null), Trip(driver=Driver(name=D-9), passengers=[Passenger(name=P-3), Passenger(name=P-13), Passenger(name=P-12), Passenger(name=P-17)], duration=26, distance=19.0, discount=0.1)), (Trip(driver=Driver(name=D-1), passengers=[Passenger(name=P-5), Passenger(name=P-14), Passenger(name=P-13)], duration=1, distance=4.0, discount=null), Trip(driver=Driver(name=D-8), passengers=[Passenger(name=P-16), Passenger(name=P-7)], duration=35, distance=9.0, discount=0.2)), (Trip(driver=Driver(name=D-1), passengers=[Passenger(name=P-5), Passenger(name=P-14), Passenger(name=P-13)], duration=1, distance=4.0, discount=null), Trip(driver=Driver(name=D-0), passengers=[Passenger(name=P-16)], duration=28, distance=5.0, discount=0.1)), (Trip(driver=Driver(name=D-1), passengers=[Passenger(name=P-5), Passenger(name=P-14), Passenger(name=P-13)], duration=1, distance=4.0, discount=null), Trip(driver=Driver(name=D-6), passengers=[Passenger(name=P-4)], duration=27, distance=38.0, discount=null)), (Trip(driver=Driver(name=D-1), passengers=[Passenger(name=P-5), Passenger(name=P-14), Passenger(name=P-13)], duration=1, distance=4.0, discount=null), Trip(driver=Driver(name=D-4), passengers=[Passenger(name=P-7), Passenger(name=P-9)], duration=38, distance=20.0, discount=null)), (Trip(driver=Driver(name=D-1), passengers=[Passenger(name=P-5), Passenger(name=P-14), Passenger(name=P-13)], duration=1, distance=4.0, discount=null), Trip(driver=Driver(name=D-9), passengers=[Passenger(name=P-6), Passenger(name=P-13)], duration=19, distance=5.0, discount=null)), (Trip(driver=Driver(name=D-1), passengers=[Passenger(name=P-5), Passenger(name=P-14), Passenger(name=P-13)], duration=1, distance=4.0, discount=null), Trip(driver=Driver(name=D-5), passengers=[Passenger(name=P-4)], duration=20, distance=5.0, discount=0.4)), (Trip(driver=Driver(name=D-1), passengers=[Passenger(name=P-5), Passenger(name=P-14), Passenger(name=P-13)], duration=1, distance=4.0, discount=null), Trip(driver=Driver(name=D-3), passengers=[Passenger(name=P-14)], duration=32, distance=37.0, discount=null)), (Trip(driver=Driver(name=D-1), passengers=[Passenger(name=P-5), Passenger(name=P-14), Passenger(name=P-13)], duration=1, distance=4.0, discount=null), Trip(driver=Driver(name=D-1), passengers=[Passenger(name=P-11)], duration=19, distance=11.0, discount=0.4)), (Trip(driver=Driver(name=D-1), passengers=[Passenger(name=P-5), Passenger(name=P-14), Passenger(name=P-13)], duration=1, distance=4.0, discount=null), Trip(driver=Driver(name=D-3), passengers=[Passenger(name=P-6), Passenger(name=P-16)], duration=39, distance=10.0, discount=null)), (Trip(driver=Driver(name=D-1), passengers=[Passenger(name=P-5), Passenger(name=P-14), Passenger(name=P-13)], duration=1, distance=4.0, discount=null), Trip(driver=Driver(name=D-7), passengers=[Passenger(name=P-4), Passenger(name=P-6), Passenger(name=P-11)], duration=8, distance=16.0, discount=0.4)), (Trip(driver=Driver(name=D-1), passengers=[Passenger(name=P-5), Passenger(name=P-14), Passenger(name=P-13)], duration=1, distance=4.0, discount=null), Trip(driver=Driver(name=D-0), passengers=[Passenger(name=P-5)], duration=19, distance=39.0, discount=0.1)), (Trip(driver=Driver(name=D-1), passengers=[Passenger(name=P-5), Passenger(name=P-14), Passenger(name=P-13)], duration=1, distance=4.0, discount=null), Trip(driver=Driver(name=D-5), passengers=[Passenger(name=P-8), Passenger(name=P-19)], duration=35, distance=31.0, discount=0.4))]
item [(Trip(driver=Driver(name=D-1), passengers=[Passenger(name=P-15), Passenger(name=P-5)], duration=17, distance=34.0, discount=null), Trip(driver=Driver(name=D-5), passengers=[Passenger(name=P-4), Passenger(name=P-18)], duration=13, distance=32.0, discount=null)), (Trip(driver=Driver(name=D-1), passengers=[Passenger(name=P-15), Passenger(name=P-5)], duration=17, distance=34.0, discount=null), Trip(driver=Driver(name=D-7), passengers=[Passenger(name=P-7), Passenger(name=P-9), Passenger(name=P-16), Passenger(name=P-13)], duration=8, distance=11.0, discount=null)), (Trip(driver=Driver(name=D-1), passengers=[Passenger(name=P-15), Passenger(name=P-5)], duration=17, distance=34.0, discount=null), Trip(driver=Driver(name=D-9), passengers=[Passenger(name=P-3), Passenger(name=P-18), Passenger(name=P-1)], duration=4, distance=27.0, discount=0.1)), (Trip(driver=Driver(name=D-1), passengers=[Passenger(name=P-15), Passenger(name=P-5)], duration=17, distance=34.0, discount=null), Trip(driver=Driver(name=D-4), passengers=[Passenger(name=P-2), Passenger(name=P-3), Passenger(name=P-8)], duration=7, distance=8.0, discount=null)), (Trip(driver=Driver(name=D-1), passengers=[Passenger(name=P-15), Passenger(name=P-5)], duration=17, distance=34.0, discount=null), Trip(driver=Driver(name=D-1), passengers=[Passenger(name=P-14), Passenger(name=P-4)], duration=9, distance=34.0, discount=null)), (Trip(driver=Driver(name=D-1), passengers=[Passenger(name=P-15), Passenger(name=P-5)], duration=17, distance=34.0, discount=null), Trip(driver=Driver(name=D-2), passengers=[Passenger(name=P-8), Passenger(name=P-4)], duration=9, distance=19.0, discount=0.1)), (Trip(driver=Driver(name=D-1), passengers=[Passenger(name=P-15), Passenger(name=P-5)], duration=17, distance=34.0, discount=null), Trip(driver=Driver(name=D-4), passengers=[Passenger(name=P-8)], duration=35, distance=24.0, discount=0.3)), (Trip(driver=Driver(name=D-1), passengers=[Passenger(name=P-15), Passenger(name=P-5)], duration=17, distance=34.0, discount=null), Trip(driver=Driver(name=D-8), passengers=[Passenger(name=P-14), Passenger(name=P-13)], duration=11, distance=4.0, discount=null)), (Trip(driver=Driver(name=D-1), passengers=[Passenger(name=P-15), Passenger(name=P-5)], duration=17, distance=34.0, discount=null), Trip(driver=Driver(name=D-9), passengers=[Passenger(name=P-5), Passenger(name=P-1)], duration=20, distance=18.0, discount=0.2)), (Trip(driver=Driver(name=D-1), passengers=[Passenger(name=P-15), Passenger(name=P-5)], duration=17, distance=34.0, discount=null), Trip(driver=Driver(name=D-2), passengers=[Passenger(name=P-9), Passenger(name=P-13)], duration=24, distance=13.0, discount=null)), (Trip(driver=Driver(name=D-1), passengers=[Passenger(name=P-15), Passenger(name=P-5)], duration=17, distance=34.0, discount=null), Trip(driver=Driver(name=D-1), passengers=[Passenger(name=P-5), Passenger(name=P-14), Passenger(name=P-13)], duration=1, distance=4.0, discount=null)), (Trip(driver=Driver(name=D-1), passengers=[Passenger(name=P-15), Passenger(name=P-5)], duration=17, distance=34.0, discount=null), Trip(driver=Driver(name=D-1), passengers=[Passenger(name=P-15), Passenger(name=P-5)], duration=17, distance=34.0, discount=null)), (Trip(driver=Driver(name=D-1), passengers=[Passenger(name=P-15), Passenger(name=P-5)], duration=17, distance=34.0, discount=null), Trip(driver=Driver(name=D-0), passengers=[Passenger(name=P-16)], duration=18, distance=7.0, discount=null)), (Trip(driver=Driver(name=D-1), passengers=[Passenger(name=P-15), Passenger(name=P-5)], duration=17, distance=34.0, discount=null), Trip(driver=Driver(name=D-5), passengers=[Passenger(name=P-17)], duration=1, distance=34.0, discount=0.1)), (Trip(driver=Driver(name=D-1), passengers=[Passenger(name=P-15), Passenger(name=P-5)], duration=17, distance=34.0, discount=null), Trip(driver=Driver(name=D-1), passengers=[Passenger(name=P-11), Passenger(name=P-3), Passenger(name=P-7)], duration=9, distance=23.0, discount=0.2)), (Trip(driver=Driver(name=D-1), passengers=[Passenger(name=P-15), Passenger(name=P-5)], duration=17, distance=34.0, discount=null), Trip(driver=Driver(name=D-8), passengers=[Passenger(name=P-8), Passenger(name=P-11)], duration=7, distance=34.0, discount=0.4)), (Trip(driver=Driver(name=D-1), passengers=[Passenger(name=P-15), Passenger(name=P-5)], duration=17, distance=34.0, discount=null), Trip(driver=Driver(name=D-8), passengers=[Passenger(name=P-3)], duration=5, distance=20.0, discount=null)), (Trip(driver=Driver(name=D-1), passengers=[Passenger(name=P-15), Passenger(name=P-5)], duration=17, distance=34.0, discount=null), Trip(driver=Driver(name=D-9), passengers=[Passenger(name=P-3), Passenger(name=P-13), Passenger(name=P-12), Passenger(name=P-17)], duration=26, distance=19.0, discount=0.1)), (Trip(driver=Driver(name=D-1), passengers=[Passenger(name=P-15), Passenger(name=P-5)], duration=17, distance=34.0, discount=null), Trip(driver=Driver(name=D-8), passengers=[Passenger(name=P-16), Passenger(name=P-7)], duration=35, distance=9.0, discount=0.2)), (Trip(driver=Driver(name=D-1), passengers=[Passenger(name=P-15), Passenger(name=P-5)], duration=17, distance=34.0, discount=null), Trip(driver=Driver(name=D-0), passengers=[Passenger(name=P-16)], duration=28, distance=5.0, discount=0.1)), (Trip(driver=Driver(name=D-1), passengers=[Passenger(name=P-15), Passenger(name=P-5)], duration=17, distance=34.0, discount=null), Trip(driver=Driver(name=D-6), passengers=[Passenger(name=P-4)], duration=27, distance=38.0, discount=null)), (Trip(driver=Driver(name=D-1), passengers=[Passenger(name=P-15), Passenger(name=P-5)], duration=17, distance=34.0, discount=null), Trip(driver=Driver(name=D-4), passengers=[Passenger(name=P-7), Passenger(name=P-9)], duration=38, distance=20.0, discount=null)), (Trip(driver=Driver(name=D-1), passengers=[Passenger(name=P-15), Passenger(name=P-5)], duration=17, distance=34.0, discount=null), Trip(driver=Driver(name=D-9), passengers=[Passenger(name=P-6), Passenger(name=P-13)], duration=19, distance=5.0, discount=null)), (Trip(driver=Driver(name=D-1), passengers=[Passenger(name=P-15), Passenger(name=P-5)], duration=17, distance=34.0, discount=null), Trip(driver=Driver(name=D-5), passengers=[Passenger(name=P-4)], duration=20, distance=5.0, discount=0.4)), (Trip(driver=Driver(name=D-1), passengers=[Passenger(name=P-15), Passenger(name=P-5)], duration=17, distance=34.0, discount=null), Trip(driver=Driver(name=D-3), passengers=[Passenger(name=P-14)], duration=32, distance=37.0, discount=null)), (Trip(driver=Driver(name=D-1), passengers=[Passenger(name=P-15), Passenger(name=P-5)], duration=17, distance=34.0, discount=null), Trip(driver=Driver(name=D-1), passengers=[Passenger(name=P-11)], duration=19, distance=11.0, discount=0.4)), (Trip(driver=Driver(name=D-1), passengers=[Passenger(name=P-15), Passenger(name=P-5)], duration=17, distance=34.0, discount=null), Trip(driver=Driver(name=D-3), passengers=[Passenger(name=P-6), Passenger(name=P-16)], duration=39, distance=10.0, discount=null)), (Trip(driver=Driver(name=D-1), passengers=[Passenger(name=P-15), Passenger(name=P-5)], duration=17, distance=34.0, discount=null), Trip(driver=Driver(name=D-7), passengers=[Passenger(name=P-4), Passenger(name=P-6), Passenger(name=P-11)], duration=8, distance=16.0, discount=0.4)), (Trip(driver=Driver(name=D-1), passengers=[Passenger(name=P-15), Passenger(name=P-5)], duration=17, distance=34.0, discount=null), Trip(driver=Driver(name=D-0), passengers=[Passenger(name=P-5)], duration=19, distance=39.0, discount=0.1)), (Trip(driver=Driver(name=D-1), passengers=[Passenger(name=P-15), Passenger(name=P-5)], duration=17, distance=34.0, discount=null), Trip(driver=Driver(name=D-5), passengers=[Passenger(name=P-8), Passenger(name=P-19)], duration=35, distance=31.0, discount=0.4))]
item [(Trip(driver=Driver(name=D-0), passengers=[Passenger(name=P-16)], duration=18, distance=7.0, discount=null), Trip(driver=Driver(name=D-5), passengers=[Passenger(name=P-4), Passenger(name=P-18)], duration=13, distance=32.0, discount=null)), (Trip(driver=Driver(name=D-0), passengers=[Passenger(name=P-16)], duration=18, distance=7.0, discount=null), Trip(driver=Driver(name=D-7), passengers=[Passenger(name=P-7), Passenger(name=P-9), Passenger(name=P-16), Passenger(name=P-13)], duration=8, distance=11.0, discount=null)), (Trip(driver=Driver(name=D-0), passengers=[Passenger(name=P-16)], duration=18, distance=7.0, discount=null), Trip(driver=Driver(name=D-9), passengers=[Passenger(name=P-3), Passenger(name=P-18), Passenger(name=P-1)], duration=4, distance=27.0, discount=0.1)), (Trip(driver=Driver(name=D-0), passengers=[Passenger(name=P-16)], duration=18, distance=7.0, discount=null), Trip(driver=Driver(name=D-4), passengers=[Passenger(name=P-2), Passenger(name=P-3), Passenger(name=P-8)], duration=7, distance=8.0, discount=null)), (Trip(driver=Driver(name=D-0), passengers=[Passenger(name=P-16)], duration=18, distance=7.0, discount=null), Trip(driver=Driver(name=D-1), passengers=[Passenger(name=P-14), Passenger(name=P-4)], duration=9, distance=34.0, discount=null)), (Trip(driver=Driver(name=D-0), passengers=[Passenger(name=P-16)], duration=18, distance=7.0, discount=null), Trip(driver=Driver(name=D-2), passengers=[Passenger(name=P-8), Passenger(name=P-4)], duration=9, distance=19.0, discount=0.1)), (Trip(driver=Driver(name=D-0), passengers=[Passenger(name=P-16)], duration=18, distance=7.0, discount=null), Trip(driver=Driver(name=D-4), passengers=[Passenger(name=P-8)], duration=35, distance=24.0, discount=0.3)), (Trip(driver=Driver(name=D-0), passengers=[Passenger(name=P-16)], duration=18, distance=7.0, discount=null), Trip(driver=Driver(name=D-8), passengers=[Passenger(name=P-14), Passenger(name=P-13)], duration=11, distance=4.0, discount=null)), (Trip(driver=Driver(name=D-0), passengers=[Passenger(name=P-16)], duration=18, distance=7.0, discount=null), Trip(driver=Driver(name=D-9), passengers=[Passenger(name=P-5), Passenger(name=P-1)], duration=20, distance=18.0, discount=0.2)), (Trip(driver=Driver(name=D-0), passengers=[Passenger(name=P-16)], duration=18, distance=7.0, discount=null), Trip(driver=Driver(name=D-2), passengers=[Passenger(name=P-9), Passenger(name=P-13)], duration=24, distance=13.0, discount=null)), (Trip(driver=Driver(name=D-0), passengers=[Passenger(name=P-16)], duration=18, distance=7.0, discount=null), Trip(driver=Driver(name=D-1), passengers=[Passenger(name=P-5), Passenger(name=P-14), Passenger(name=P-13)], duration=1, distance=4.0, discount=null)), (Trip(driver=Driver(name=D-0), passengers=[Passenger(name=P-16)], duration=18, distance=7.0, discount=null), Trip(driver=Driver(name=D-1), passengers=[Passenger(name=P-15), Passenger(name=P-5)], duration=17, distance=34.0, discount=null)), (Trip(driver=Driver(name=D-0), passengers=[Passenger(name=P-16)], duration=18, distance=7.0, discount=null), Trip(driver=Driver(name=D-0), passengers=[Passenger(name=P-16)], duration=18, distance=7.0, discount=null)), (Trip(driver=Driver(name=D-0), passengers=[Passenger(name=P-16)], duration=18, distance=7.0, discount=null), Trip(driver=Driver(name=D-5), passengers=[Passenger(name=P-17)], duration=1, distance=34.0, discount=0.1)), (Trip(driver=Driver(name=D-0), passengers=[Passenger(name=P-16)], duration=18, distance=7.0, discount=null), Trip(driver=Driver(name=D-1), passengers=[Passenger(name=P-11), Passenger(name=P-3), Passenger(name=P-7)], duration=9, distance=23.0, discount=0.2)), (Trip(driver=Driver(name=D-0), passengers=[Passenger(name=P-16)], duration=18, distance=7.0, discount=null), Trip(driver=Driver(name=D-8), passengers=[Passenger(name=P-8), Passenger(name=P-11)], duration=7, distance=34.0, discount=0.4)), (Trip(driver=Driver(name=D-0), passengers=[Passenger(name=P-16)], duration=18, distance=7.0, discount=null), Trip(driver=Driver(name=D-8), passengers=[Passenger(name=P-3)], duration=5, distance=20.0, discount=null)), (Trip(driver=Driver(name=D-0), passengers=[Passenger(name=P-16)], duration=18, distance=7.0, discount=null), Trip(driver=Driver(name=D-9), passengers=[Passenger(name=P-3), Passenger(name=P-13), Passenger(name=P-12), Passenger(name=P-17)], duration=26, distance=19.0, discount=0.1)), (Trip(driver=Driver(name=D-0), passengers=[Passenger(name=P-16)], duration=18, distance=7.0, discount=null), Trip(driver=Driver(name=D-8), passengers=[Passenger(name=P-16), Passenger(name=P-7)], duration=35, distance=9.0, discount=0.2)), (Trip(driver=Driver(name=D-0), passengers=[Passenger(name=P-16)], duration=18, distance=7.0, discount=null), Trip(driver=Driver(name=D-0), passengers=[Passenger(name=P-16)], duration=28, distance=5.0, discount=0.1)), (Trip(driver=Driver(name=D-0), passengers=[Passenger(name=P-16)], duration=18, distance=7.0, discount=null), Trip(driver=Driver(name=D-6), passengers=[Passenger(name=P-4)], duration=27, distance=38.0, discount=null)), (Trip(driver=Driver(name=D-0), passengers=[Passenger(name=P-16)], duration=18, distance=7.0, discount=null), Trip(driver=Driver(name=D-4), passengers=[Passenger(name=P-7), Passenger(name=P-9)], duration=38, distance=20.0, discount=null)), (Trip(driver=Driver(name=D-0), passengers=[Passenger(name=P-16)], duration=18, distance=7.0, discount=null), Trip(driver=Driver(name=D-9), passengers=[Passenger(name=P-6), Passenger(name=P-13)], duration=19, distance=5.0, discount=null)), (Trip(driver=Driver(name=D-0), passengers=[Passenger(name=P-16)], duration=18, distance=7.0, discount=null), Trip(driver=Driver(name=D-5), passengers=[Passenger(name=P-4)], duration=20, distance=5.0, discount=0.4)), (Trip(driver=Driver(name=D-0), passengers=[Passenger(name=P-16)], duration=18, distance=7.0, discount=null), Trip(driver=Driver(name=D-3), passengers=[Passenger(name=P-14)], duration=32, distance=37.0, discount=null)), (Trip(driver=Driver(name=D-0), passengers=[Passenger(name=P-16)], duration=18, distance=7.0, discount=null), Trip(driver=Driver(name=D-1), passengers=[Passenger(name=P-11)], duration=19, distance=11.0, discount=0.4)), (Trip(driver=Driver(name=D-0), passengers=[Passenger(name=P-16)], duration=18, distance=7.0, discount=null), Trip(driver=Driver(name=D-3), passengers=[Passenger(name=P-6), Passenger(name=P-16)], duration=39, distance=10.0, discount=null)), (Trip(driver=Driver(name=D-0), passengers=[Passenger(name=P-16)], duration=18, distance=7.0, discount=null), Trip(driver=Driver(name=D-7), passengers=[Passenger(name=P-4), Passenger(name=P-6), Passenger(name=P-11)], duration=8, distance=16.0, discount=0.4)), (Trip(driver=Driver(name=D-0), passengers=[Passenger(name=P-16)], duration=18, distance=7.0, discount=null), Trip(driver=Driver(name=D-0), passengers=[Passenger(name=P-5)], duration=19, distance=39.0, discount=0.1)), (Trip(driver=Driver(name=D-0), passengers=[Passenger(name=P-16)], duration=18, distance=7.0, discount=null), Trip(driver=Driver(name=D-5), passengers=[Passenger(name=P-8), Passenger(name=P-19)], duration=35, distance=31.0, discount=0.4))]
item [(Trip(driver=Driver(name=D-5), passengers=[Passenger(name=P-17)], duration=1, distance=34.0, discount=0.1), Trip(driver=Driver(name=D-5), passengers=[Passenger(name=P-4), Passenger(name=P-18)], duration=13, distance=32.0, discount=null)), (Trip(driver=Driver(name=D-5), passengers=[Passenger(name=P-17)], duration=1, distance=34.0, discount=0.1), Trip(driver=Driver(name=D-7), passengers=[Passenger(name=P-7), Passenger(name=P-9), Passenger(name=P-16), Passenger(name=P-13)], duration=8, distance=11.0, discount=null)), (Trip(driver=Driver(name=D-5), passengers=[Passenger(name=P-17)], duration=1, distance=34.0, discount=0.1), Trip(driver=Driver(name=D-9), passengers=[Passenger(name=P-3), Passenger(name=P-18), Passenger(name=P-1)], duration=4, distance=27.0, discount=0.1)), (Trip(driver=Driver(name=D-5), passengers=[Passenger(name=P-17)], duration=1, distance=34.0, discount=0.1), Trip(driver=Driver(name=D-4), passengers=[Passenger(name=P-2), Passenger(name=P-3), Passenger(name=P-8)], duration=7, distance=8.0, discount=null)), (Trip(driver=Driver(name=D-5), passengers=[Passenger(name=P-17)], duration=1, distance=34.0, discount=0.1), Trip(driver=Driver(name=D-1), passengers=[Passenger(name=P-14), Passenger(name=P-4)], duration=9, distance=34.0, discount=null)), (Trip(driver=Driver(name=D-5), passengers=[Passenger(name=P-17)], duration=1, distance=34.0, discount=0.1), Trip(driver=Driver(name=D-2), passengers=[Passenger(name=P-8), Passenger(name=P-4)], duration=9, distance=19.0, discount=0.1)), (Trip(driver=Driver(name=D-5), passengers=[Passenger(name=P-17)], duration=1, distance=34.0, discount=0.1), Trip(driver=Driver(name=D-4), passengers=[Passenger(name=P-8)], duration=35, distance=24.0, discount=0.3)), (Trip(driver=Driver(name=D-5), passengers=[Passenger(name=P-17)], duration=1, distance=34.0, discount=0.1), Trip(driver=Driver(name=D-8), passengers=[Passenger(name=P-14), Passenger(name=P-13)], duration=11, distance=4.0, discount=null)), (Trip(driver=Driver(name=D-5), passengers=[Passenger(name=P-17)], duration=1, distance=34.0, discount=0.1), Trip(driver=Driver(name=D-9), passengers=[Passenger(name=P-5), Passenger(name=P-1)], duration=20, distance=18.0, discount=0.2)), (Trip(driver=Driver(name=D-5), passengers=[Passenger(name=P-17)], duration=1, distance=34.0, discount=0.1), Trip(driver=Driver(name=D-2), passengers=[Passenger(name=P-9), Passenger(name=P-13)], duration=24, distance=13.0, discount=null)), (Trip(driver=Driver(name=D-5), passengers=[Passenger(name=P-17)], duration=1, distance=34.0, discount=0.1), Trip(driver=Driver(name=D-1), passengers=[Passenger(name=P-5), Passenger(name=P-14), Passenger(name=P-13)], duration=1, distance=4.0, discount=null)), (Trip(driver=Driver(name=D-5), passengers=[Passenger(name=P-17)], duration=1, distance=34.0, discount=0.1), Trip(driver=Driver(name=D-1), passengers=[Passenger(name=P-15), Passenger(name=P-5)], duration=17, distance=34.0, discount=null)), (Trip(driver=Driver(name=D-5), passengers=[Passenger(name=P-17)], duration=1, distance=34.0, discount=0.1), Trip(driver=Driver(name=D-0), passengers=[Passenger(name=P-16)], duration=18, distance=7.0, discount=null)), (Trip(driver=Driver(name=D-5), passengers=[Passenger(name=P-17)], duration=1, distance=34.0, discount=0.1), Trip(driver=Driver(name=D-5), passengers=[Passenger(name=P-17)], duration=1, distance=34.0, discount=0.1)), (Trip(driver=Driver(name=D-5), passengers=[Passenger(name=P-17)], duration=1, distance=34.0, discount=0.1), Trip(driver=Driver(name=D-1), passengers=[Passenger(name=P-11), Passenger(name=P-3), Passenger(name=P-7)], duration=9, distance=23.0, discount=0.2)), (Trip(driver=Driver(name=D-5), passengers=[Passenger(name=P-17)], duration=1, distance=34.0, discount=0.1), Trip(driver=Driver(name=D-8), passengers=[Passenger(name=P-8), Passenger(name=P-11)], duration=7, distance=34.0, discount=0.4)), (Trip(driver=Driver(name=D-5), passengers=[Passenger(name=P-17)], duration=1, distance=34.0, discount=0.1), Trip(driver=Driver(name=D-8), passengers=[Passenger(name=P-3)], duration=5, distance=20.0, discount=null)), (Trip(driver=Driver(name=D-5), passengers=[Passenger(name=P-17)], duration=1, distance=34.0, discount=0.1), Trip(driver=Driver(name=D-9), passengers=[Passenger(name=P-3), Passenger(name=P-13), Passenger(name=P-12), Passenger(name=P-17)], duration=26, distance=19.0, discount=0.1)), (Trip(driver=Driver(name=D-5), passengers=[Passenger(name=P-17)], duration=1, distance=34.0, discount=0.1), Trip(driver=Driver(name=D-8), passengers=[Passenger(name=P-16), Passenger(name=P-7)], duration=35, distance=9.0, discount=0.2)), (Trip(driver=Driver(name=D-5), passengers=[Passenger(name=P-17)], duration=1, distance=34.0, discount=0.1), Trip(driver=Driver(name=D-0), passengers=[Passenger(name=P-16)], duration=28, distance=5.0, discount=0.1)), (Trip(driver=Driver(name=D-5), passengers=[Passenger(name=P-17)], duration=1, distance=34.0, discount=0.1), Trip(driver=Driver(name=D-6), passengers=[Passenger(name=P-4)], duration=27, distance=38.0, discount=null)), (Trip(driver=Driver(name=D-5), passengers=[Passenger(name=P-17)], duration=1, distance=34.0, discount=0.1), Trip(driver=Driver(name=D-4), passengers=[Passenger(name=P-7), Passenger(name=P-9)], duration=38, distance=20.0, discount=null)), (Trip(driver=Driver(name=D-5), passengers=[Passenger(name=P-17)], duration=1, distance=34.0, discount=0.1), Trip(driver=Driver(name=D-9), passengers=[Passenger(name=P-6), Passenger(name=P-13)], duration=19, distance=5.0, discount=null)), (Trip(driver=Driver(name=D-5), passengers=[Passenger(name=P-17)], duration=1, distance=34.0, discount=0.1), Trip(driver=Driver(name=D-5), passengers=[Passenger(name=P-4)], duration=20, distance=5.0, discount=0.4)), (Trip(driver=Driver(name=D-5), passengers=[Passenger(name=P-17)], duration=1, distance=34.0, discount=0.1), Trip(driver=Driver(name=D-3), passengers=[Passenger(name=P-14)], duration=32, distance=37.0, discount=null)), (Trip(driver=Driver(name=D-5), passengers=[Passenger(name=P-17)], duration=1, distance=34.0, discount=0.1), Trip(driver=Driver(name=D-1), passengers=[Passenger(name=P-11)], duration=19, distance=11.0, discount=0.4)), (Trip(driver=Driver(name=D-5), passengers=[Passenger(name=P-17)], duration=1, distance=34.0, discount=0.1), Trip(driver=Driver(name=D-3), passengers=[Passenger(name=P-6), Passenger(name=P-16)], duration=39, distance=10.0, discount=null)), (Trip(driver=Driver(name=D-5), passengers=[Passenger(name=P-17)], duration=1, distance=34.0, discount=0.1), Trip(driver=Driver(name=D-7), passengers=[Passenger(name=P-4), Passenger(name=P-6), Passenger(name=P-11)], duration=8, distance=16.0, discount=0.4)), (Trip(driver=Driver(name=D-5), passengers=[Passenger(name=P-17)], duration=1, distance=34.0, discount=0.1), Trip(driver=Driver(name=D-0), passengers=[Passenger(name=P-5)], duration=19, distance=39.0, discount=0.1)), (Trip(driver=Driver(name=D-5), passengers=[Passenger(name=P-17)], duration=1, distance=34.0, discount=0.1), Trip(driver=Driver(name=D-5), passengers=[Passenger(name=P-8), Passenger(name=P-19)], duration=35, distance=31.0, discount=0.4))]
item [(Trip(driver=Driver(name=D-1), passengers=[Passenger(name=P-11), Passenger(name=P-3), Passenger(name=P-7)], duration=9, distance=23.0, discount=0.2), Trip(driver=Driver(name=D-5), passengers=[Passenger(name=P-4), Passenger(name=P-18)], duration=13, distance=32.0, discount=null)), (Trip(driver=Driver(name=D-1), passengers=[Passenger(name=P-11), Passenger(name=P-3), Passenger(name=P-7)], duration=9, distance=23.0, discount=0.2), Trip(driver=Driver(name=D-7), passengers=[Passenger(name=P-7), Passenger(name=P-9), Passenger(name=P-16), Passenger(name=P-13)], duration=8, distance=11.0, discount=null)), (Trip(driver=Driver(name=D-1), passengers=[Passenger(name=P-11), Passenger(name=P-3), Passenger(name=P-7)], duration=9, distance=23.0, discount=0.2), Trip(driver=Driver(name=D-9), passengers=[Passenger(name=P-3), Passenger(name=P-18), Passenger(name=P-1)], duration=4, distance=27.0, discount=0.1)), (Trip(driver=Driver(name=D-1), passengers=[Passenger(name=P-11), Passenger(name=P-3), Passenger(name=P-7)], duration=9, distance=23.0, discount=0.2), Trip(driver=Driver(name=D-4), passengers=[Passenger(name=P-2), Passenger(name=P-3), Passenger(name=P-8)], duration=7, distance=8.0, discount=null)), (Trip(driver=Driver(name=D-1), passengers=[Passenger(name=P-11), Passenger(name=P-3), Passenger(name=P-7)], duration=9, distance=23.0, discount=0.2), Trip(driver=Driver(name=D-1), passengers=[Passenger(name=P-14), Passenger(name=P-4)], duration=9, distance=34.0, discount=null)), (Trip(driver=Driver(name=D-1), passengers=[Passenger(name=P-11), Passenger(name=P-3), Passenger(name=P-7)], duration=9, distance=23.0, discount=0.2), Trip(driver=Driver(name=D-2), passengers=[Passenger(name=P-8), Passenger(name=P-4)], duration=9, distance=19.0, discount=0.1)), (Trip(driver=Driver(name=D-1), passengers=[Passenger(name=P-11), Passenger(name=P-3), Passenger(name=P-7)], duration=9, distance=23.0, discount=0.2), Trip(driver=Driver(name=D-4), passengers=[Passenger(name=P-8)], duration=35, distance=24.0, discount=0.3)), (Trip(driver=Driver(name=D-1), passengers=[Passenger(name=P-11), Passenger(name=P-3), Passenger(name=P-7)], duration=9, distance=23.0, discount=0.2), Trip(driver=Driver(name=D-8), passengers=[Passenger(name=P-14), Passenger(name=P-13)], duration=11, distance=4.0, discount=null)), (Trip(driver=Driver(name=D-1), passengers=[Passenger(name=P-11), Passenger(name=P-3), Passenger(name=P-7)], duration=9, distance=23.0, discount=0.2), Trip(driver=Driver(name=D-9), passengers=[Passenger(name=P-5), Passenger(name=P-1)], duration=20, distance=18.0, discount=0.2)), (Trip(driver=Driver(name=D-1), passengers=[Passenger(name=P-11), Passenger(name=P-3), Passenger(name=P-7)], duration=9, distance=23.0, discount=0.2), Trip(driver=Driver(name=D-2), passengers=[Passenger(name=P-9), Passenger(name=P-13)], duration=24, distance=13.0, discount=null)), (Trip(driver=Driver(name=D-1), passengers=[Passenger(name=P-11), Passenger(name=P-3), Passenger(name=P-7)], duration=9, distance=23.0, discount=0.2), Trip(driver=Driver(name=D-1), passengers=[Passenger(name=P-5), Passenger(name=P-14), Passenger(name=P-13)], duration=1, distance=4.0, discount=null)), (Trip(driver=Driver(name=D-1), passengers=[Passenger(name=P-11), Passenger(name=P-3), Passenger(name=P-7)], duration=9, distance=23.0, discount=0.2), Trip(driver=Driver(name=D-1), passengers=[Passenger(name=P-15), Passenger(name=P-5)], duration=17, distance=34.0, discount=null)), (Trip(driver=Driver(name=D-1), passengers=[Passenger(name=P-11), Passenger(name=P-3), Passenger(name=P-7)], duration=9, distance=23.0, discount=0.2), Trip(driver=Driver(name=D-0), passengers=[Passenger(name=P-16)], duration=18, distance=7.0, discount=null)), (Trip(driver=Driver(name=D-1), passengers=[Passenger(name=P-11), Passenger(name=P-3), Passenger(name=P-7)], duration=9, distance=23.0, discount=0.2), Trip(driver=Driver(name=D-5), passengers=[Passenger(name=P-17)], duration=1, distance=34.0, discount=0.1)), (Trip(driver=Driver(name=D-1), passengers=[Passenger(name=P-11), Passenger(name=P-3), Passenger(name=P-7)], duration=9, distance=23.0, discount=0.2), Trip(driver=Driver(name=D-1), passengers=[Passenger(name=P-11), Passenger(name=P-3), Passenger(name=P-7)], duration=9, distance=23.0, discount=0.2)), (Trip(driver=Driver(name=D-1), passengers=[Passenger(name=P-11), Passenger(name=P-3), Passenger(name=P-7)], duration=9, distance=23.0, discount=0.2), Trip(driver=Driver(name=D-8), passengers=[Passenger(name=P-8), Passenger(name=P-11)], duration=7, distance=34.0, discount=0.4)), (Trip(driver=Driver(name=D-1), passengers=[Passenger(name=P-11), Passenger(name=P-3), Passenger(name=P-7)], duration=9, distance=23.0, discount=0.2), Trip(driver=Driver(name=D-8), passengers=[Passenger(name=P-3)], duration=5, distance=20.0, discount=null)), (Trip(driver=Driver(name=D-1), passengers=[Passenger(name=P-11), Passenger(name=P-3), Passenger(name=P-7)], duration=9, distance=23.0, discount=0.2), Trip(driver=Driver(name=D-9), passengers=[Passenger(name=P-3), Passenger(name=P-13), Passenger(name=P-12), Passenger(name=P-17)], duration=26, distance=19.0, discount=0.1)), (Trip(driver=Driver(name=D-1), passengers=[Passenger(name=P-11), Passenger(name=P-3), Passenger(name=P-7)], duration=9, distance=23.0, discount=0.2), Trip(driver=Driver(name=D-8), passengers=[Passenger(name=P-16), Passenger(name=P-7)], duration=35, distance=9.0, discount=0.2)), (Trip(driver=Driver(name=D-1), passengers=[Passenger(name=P-11), Passenger(name=P-3), Passenger(name=P-7)], duration=9, distance=23.0, discount=0.2), Trip(driver=Driver(name=D-0), passengers=[Passenger(name=P-16)], duration=28, distance=5.0, discount=0.1)), (Trip(driver=Driver(name=D-1), passengers=[Passenger(name=P-11), Passenger(name=P-3), Passenger(name=P-7)], duration=9, distance=23.0, discount=0.2), Trip(driver=Driver(name=D-6), passengers=[Passenger(name=P-4)], duration=27, distance=38.0, discount=null)), (Trip(driver=Driver(name=D-1), passengers=[Passenger(name=P-11), Passenger(name=P-3), Passenger(name=P-7)], duration=9, distance=23.0, discount=0.2), Trip(driver=Driver(name=D-4), passengers=[Passenger(name=P-7), Passenger(name=P-9)], duration=38, distance=20.0, discount=null)), (Trip(driver=Driver(name=D-1), passengers=[Passenger(name=P-11), Passenger(name=P-3), Passenger(name=P-7)], duration=9, distance=23.0, discount=0.2), Trip(driver=Driver(name=D-9), passengers=[Passenger(name=P-6), Passenger(name=P-13)], duration=19, distance=5.0, discount=null)), (Trip(driver=Driver(name=D-1), passengers=[Passenger(name=P-11), Passenger(name=P-3), Passenger(name=P-7)], duration=9, distance=23.0, discount=0.2), Trip(driver=Driver(name=D-5), passengers=[Passenger(name=P-4)], duration=20, distance=5.0, discount=0.4)), (Trip(driver=Driver(name=D-1), passengers=[Passenger(name=P-11), Passenger(name=P-3), Passenger(name=P-7)], duration=9, distance=23.0, discount=0.2), Trip(driver=Driver(name=D-3), passengers=[Passenger(name=P-14)], duration=32, distance=37.0, discount=null)), (Trip(driver=Driver(name=D-1), passengers=[Passenger(name=P-11), Passenger(name=P-3), Passenger(name=P-7)], duration=9, distance=23.0, discount=0.2), Trip(driver=Driver(name=D-1), passengers=[Passenger(name=P-11)], duration=19, distance=11.0, discount=0.4)), (Trip(driver=Driver(name=D-1), passengers=[Passenger(name=P-11), Passenger(name=P-3), Passenger(name=P-7)], duration=9, distance=23.0, discount=0.2), Trip(driver=Driver(name=D-3), passengers=[Passenger(name=P-6), Passenger(name=P-16)], duration=39, distance=10.0, discount=null)), (Trip(driver=Driver(name=D-1), passengers=[Passenger(name=P-11), Passenger(name=P-3), Passenger(name=P-7)], duration=9, distance=23.0, discount=0.2), Trip(driver=Driver(name=D-7), passengers=[Passenger(name=P-4), Passenger(name=P-6), Passenger(name=P-11)], duration=8, distance=16.0, discount=0.4)), (Trip(driver=Driver(name=D-1), passengers=[Passenger(name=P-11), Passenger(name=P-3), Passenger(name=P-7)], duration=9, distance=23.0, discount=0.2), Trip(driver=Driver(name=D-0), passengers=[Passenger(name=P-5)], duration=19, distance=39.0, discount=0.1)), (Trip(driver=Driver(name=D-1), passengers=[Passenger(name=P-11), Passenger(name=P-3), Passenger(name=P-7)], duration=9, distance=23.0, discount=0.2), Trip(driver=Driver(name=D-5), passengers=[Passenger(name=P-8), Passenger(name=P-19)], duration=35, distance=31.0, discount=0.4))]
item [(Trip(driver=Driver(name=D-8), passengers=[Passenger(name=P-8), Passenger(name=P-11)], duration=7, distance=34.0, discount=0.4), Trip(driver=Driver(name=D-5), passengers=[Passenger(name=P-4), Passenger(name=P-18)], duration=13, distance=32.0, discount=null)), (Trip(driver=Driver(name=D-8), passengers=[Passenger(name=P-8), Passenger(name=P-11)], duration=7, distance=34.0, discount=0.4), Trip(driver=Driver(name=D-7), passengers=[Passenger(name=P-7), Passenger(name=P-9), Passenger(name=P-16), Passenger(name=P-13)], duration=8, distance=11.0, discount=null)), (Trip(driver=Driver(name=D-8), passengers=[Passenger(name=P-8), Passenger(name=P-11)], duration=7, distance=34.0, discount=0.4), Trip(driver=Driver(name=D-9), passengers=[Passenger(name=P-3), Passenger(name=P-18), Passenger(name=P-1)], duration=4, distance=27.0, discount=0.1)), (Trip(driver=Driver(name=D-8), passengers=[Passenger(name=P-8), Passenger(name=P-11)], duration=7, distance=34.0, discount=0.4), Trip(driver=Driver(name=D-4), passengers=[Passenger(name=P-2), Passenger(name=P-3), Passenger(name=P-8)], duration=7, distance=8.0, discount=null)), (Trip(driver=Driver(name=D-8), passengers=[Passenger(name=P-8), Passenger(name=P-11)], duration=7, distance=34.0, discount=0.4), Trip(driver=Driver(name=D-1), passengers=[Passenger(name=P-14), Passenger(name=P-4)], duration=9, distance=34.0, discount=null)), (Trip(driver=Driver(name=D-8), passengers=[Passenger(name=P-8), Passenger(name=P-11)], duration=7, distance=34.0, discount=0.4), Trip(driver=Driver(name=D-2), passengers=[Passenger(name=P-8), Passenger(name=P-4)], duration=9, distance=19.0, discount=0.1)), (Trip(driver=Driver(name=D-8), passengers=[Passenger(name=P-8), Passenger(name=P-11)], duration=7, distance=34.0, discount=0.4), Trip(driver=Driver(name=D-4), passengers=[Passenger(name=P-8)], duration=35, distance=24.0, discount=0.3)), (Trip(driver=Driver(name=D-8), passengers=[Passenger(name=P-8), Passenger(name=P-11)], duration=7, distance=34.0, discount=0.4), Trip(driver=Driver(name=D-8), passengers=[Passenger(name=P-14), Passenger(name=P-13)], duration=11, distance=4.0, discount=null)), (Trip(driver=Driver(name=D-8), passengers=[Passenger(name=P-8), Passenger(name=P-11)], duration=7, distance=34.0, discount=0.4), Trip(driver=Driver(name=D-9), passengers=[Passenger(name=P-5), Passenger(name=P-1)], duration=20, distance=18.0, discount=0.2)), (Trip(driver=Driver(name=D-8), passengers=[Passenger(name=P-8), Passenger(name=P-11)], duration=7, distance=34.0, discount=0.4), Trip(driver=Driver(name=D-2), passengers=[Passenger(name=P-9), Passenger(name=P-13)], duration=24, distance=13.0, discount=null)), (Trip(driver=Driver(name=D-8), passengers=[Passenger(name=P-8), Passenger(name=P-11)], duration=7, distance=34.0, discount=0.4), Trip(driver=Driver(name=D-1), passengers=[Passenger(name=P-5), Passenger(name=P-14), Passenger(name=P-13)], duration=1, distance=4.0, discount=null)), (Trip(driver=Driver(name=D-8), passengers=[Passenger(name=P-8), Passenger(name=P-11)], duration=7, distance=34.0, discount=0.4), Trip(driver=Driver(name=D-1), passengers=[Passenger(name=P-15), Passenger(name=P-5)], duration=17, distance=34.0, discount=null)), (Trip(driver=Driver(name=D-8), passengers=[Passenger(name=P-8), Passenger(name=P-11)], duration=7, distance=34.0, discount=0.4), Trip(driver=Driver(name=D-0), passengers=[Passenger(name=P-16)], duration=18, distance=7.0, discount=null)), (Trip(driver=Driver(name=D-8), passengers=[Passenger(name=P-8), Passenger(name=P-11)], duration=7, distance=34.0, discount=0.4), Trip(driver=Driver(name=D-5), passengers=[Passenger(name=P-17)], duration=1, distance=34.0, discount=0.1)), (Trip(driver=Driver(name=D-8), passengers=[Passenger(name=P-8), Passenger(name=P-11)], duration=7, distance=34.0, discount=0.4), Trip(driver=Driver(name=D-1), passengers=[Passenger(name=P-11), Passenger(name=P-3), Passenger(name=P-7)], duration=9, distance=23.0, discount=0.2)), (Trip(driver=Driver(name=D-8), passengers=[Passenger(name=P-8), Passenger(name=P-11)], duration=7, distance=34.0, discount=0.4), Trip(driver=Driver(name=D-8), passengers=[Passenger(name=P-8), Passenger(name=P-11)], duration=7, distance=34.0, discount=0.4)), (Trip(driver=Driver(name=D-8), passengers=[Passenger(name=P-8), Passenger(name=P-11)], duration=7, distance=34.0, discount=0.4), Trip(driver=Driver(name=D-8), passengers=[Passenger(name=P-3)], duration=5, distance=20.0, discount=null)), (Trip(driver=Driver(name=D-8), passengers=[Passenger(name=P-8), Passenger(name=P-11)], duration=7, distance=34.0, discount=0.4), Trip(driver=Driver(name=D-9), passengers=[Passenger(name=P-3), Passenger(name=P-13), Passenger(name=P-12), Passenger(name=P-17)], duration=26, distance=19.0, discount=0.1)), (Trip(driver=Driver(name=D-8), passengers=[Passenger(name=P-8), Passenger(name=P-11)], duration=7, distance=34.0, discount=0.4), Trip(driver=Driver(name=D-8), passengers=[Passenger(name=P-16), Passenger(name=P-7)], duration=35, distance=9.0, discount=0.2)), (Trip(driver=Driver(name=D-8), passengers=[Passenger(name=P-8), Passenger(name=P-11)], duration=7, distance=34.0, discount=0.4), Trip(driver=Driver(name=D-0), passengers=[Passenger(name=P-16)], duration=28, distance=5.0, discount=0.1)), (Trip(driver=Driver(name=D-8), passengers=[Passenger(name=P-8), Passenger(name=P-11)], duration=7, distance=34.0, discount=0.4), Trip(driver=Driver(name=D-6), passengers=[Passenger(name=P-4)], duration=27, distance=38.0, discount=null)), (Trip(driver=Driver(name=D-8), passengers=[Passenger(name=P-8), Passenger(name=P-11)], duration=7, distance=34.0, discount=0.4), Trip(driver=Driver(name=D-4), passengers=[Passenger(name=P-7), Passenger(name=P-9)], duration=38, distance=20.0, discount=null)), (Trip(driver=Driver(name=D-8), passengers=[Passenger(name=P-8), Passenger(name=P-11)], duration=7, distance=34.0, discount=0.4), Trip(driver=Driver(name=D-9), passengers=[Passenger(name=P-6), Passenger(name=P-13)], duration=19, distance=5.0, discount=null)), (Trip(driver=Driver(name=D-8), passengers=[Passenger(name=P-8), Passenger(name=P-11)], duration=7, distance=34.0, discount=0.4), Trip(driver=Driver(name=D-5), passengers=[Passenger(name=P-4)], duration=20, distance=5.0, discount=0.4)), (Trip(driver=Driver(name=D-8), passengers=[Passenger(name=P-8), Passenger(name=P-11)], duration=7, distance=34.0, discount=0.4), Trip(driver=Driver(name=D-3), passengers=[Passenger(name=P-14)], duration=32, distance=37.0, discount=null)), (Trip(driver=Driver(name=D-8), passengers=[Passenger(name=P-8), Passenger(name=P-11)], duration=7, distance=34.0, discount=0.4), Trip(driver=Driver(name=D-1), passengers=[Passenger(name=P-11)], duration=19, distance=11.0, discount=0.4)), (Trip(driver=Driver(name=D-8), passengers=[Passenger(name=P-8), Passenger(name=P-11)], duration=7, distance=34.0, discount=0.4), Trip(driver=Driver(name=D-3), passengers=[Passenger(name=P-6), Passenger(name=P-16)], duration=39, distance=10.0, discount=null)), (Trip(driver=Driver(name=D-8), passengers=[Passenger(name=P-8), Passenger(name=P-11)], duration=7, distance=34.0, discount=0.4), Trip(driver=Driver(name=D-7), passengers=[Passenger(name=P-4), Passenger(name=P-6), Passenger(name=P-11)], duration=8, distance=16.0, discount=0.4)), (Trip(driver=Driver(name=D-8), passengers=[Passenger(name=P-8), Passenger(name=P-11)], duration=7, distance=34.0, discount=0.4), Trip(driver=Driver(name=D-0), passengers=[Passenger(name=P-5)], duration=19, distance=39.0, discount=0.1)), (Trip(driver=Driver(name=D-8), passengers=[Passenger(name=P-8), Passenger(name=P-11)], duration=7, distance=34.0, discount=0.4), Trip(driver=Driver(name=D-5), passengers=[Passenger(name=P-8), Passenger(name=P-19)], duration=35, distance=31.0, discount=0.4))]
item [(Trip(driver=Driver(name=D-8), passengers=[Passenger(name=P-3)], duration=5, distance=20.0, discount=null), Trip(driver=Driver(name=D-5), passengers=[Passenger(name=P-4), Passenger(name=P-18)], duration=13, distance=32.0, discount=null)), (Trip(driver=Driver(name=D-8), passengers=[Passenger(name=P-3)], duration=5, distance=20.0, discount=null), Trip(driver=Driver(name=D-7), passengers=[Passenger(name=P-7), Passenger(name=P-9), Passenger(name=P-16), Passenger(name=P-13)], duration=8, distance=11.0, discount=null)), (Trip(driver=Driver(name=D-8), passengers=[Passenger(name=P-3)], duration=5, distance=20.0, discount=null), Trip(driver=Driver(name=D-9), passengers=[Passenger(name=P-3), Passenger(name=P-18), Passenger(name=P-1)], duration=4, distance=27.0, discount=0.1)), (Trip(driver=Driver(name=D-8), passengers=[Passenger(name=P-3)], duration=5, distance=20.0, discount=null), Trip(driver=Driver(name=D-4), passengers=[Passenger(name=P-2), Passenger(name=P-3), Passenger(name=P-8)], duration=7, distance=8.0, discount=null)), (Trip(driver=Driver(name=D-8), passengers=[Passenger(name=P-3)], duration=5, distance=20.0, discount=null), Trip(driver=Driver(name=D-1), passengers=[Passenger(name=P-14), Passenger(name=P-4)], duration=9, distance=34.0, discount=null)), (Trip(driver=Driver(name=D-8), passengers=[Passenger(name=P-3)], duration=5, distance=20.0, discount=null), Trip(driver=Driver(name=D-2), passengers=[Passenger(name=P-8), Passenger(name=P-4)], duration=9, distance=19.0, discount=0.1)), (Trip(driver=Driver(name=D-8), passengers=[Passenger(name=P-3)], duration=5, distance=20.0, discount=null), Trip(driver=Driver(name=D-4), passengers=[Passenger(name=P-8)], duration=35, distance=24.0, discount=0.3)), (Trip(driver=Driver(name=D-8), passengers=[Passenger(name=P-3)], duration=5, distance=20.0, discount=null), Trip(driver=Driver(name=D-8), passengers=[Passenger(name=P-14), Passenger(name=P-13)], duration=11, distance=4.0, discount=null)), (Trip(driver=Driver(name=D-8), passengers=[Passenger(name=P-3)], duration=5, distance=20.0, discount=null), Trip(driver=Driver(name=D-9), passengers=[Passenger(name=P-5), Passenger(name=P-1)], duration=20, distance=18.0, discount=0.2)), (Trip(driver=Driver(name=D-8), passengers=[Passenger(name=P-3)], duration=5, distance=20.0, discount=null), Trip(driver=Driver(name=D-2), passengers=[Passenger(name=P-9), Passenger(name=P-13)], duration=24, distance=13.0, discount=null)), (Trip(driver=Driver(name=D-8), passengers=[Passenger(name=P-3)], duration=5, distance=20.0, discount=null), Trip(driver=Driver(name=D-1), passengers=[Passenger(name=P-5), Passenger(name=P-14), Passenger(name=P-13)], duration=1, distance=4.0, discount=null)), (Trip(driver=Driver(name=D-8), passengers=[Passenger(name=P-3)], duration=5, distance=20.0, discount=null), Trip(driver=Driver(name=D-1), passengers=[Passenger(name=P-15), Passenger(name=P-5)], duration=17, distance=34.0, discount=null)), (Trip(driver=Driver(name=D-8), passengers=[Passenger(name=P-3)], duration=5, distance=20.0, discount=null), Trip(driver=Driver(name=D-0), passengers=[Passenger(name=P-16)], duration=18, distance=7.0, discount=null)), (Trip(driver=Driver(name=D-8), passengers=[Passenger(name=P-3)], duration=5, distance=20.0, discount=null), Trip(driver=Driver(name=D-5), passengers=[Passenger(name=P-17)], duration=1, distance=34.0, discount=0.1)), (Trip(driver=Driver(name=D-8), passengers=[Passenger(name=P-3)], duration=5, distance=20.0, discount=null), Trip(driver=Driver(name=D-1), passengers=[Passenger(name=P-11), Passenger(name=P-3), Passenger(name=P-7)], duration=9, distance=23.0, discount=0.2)), (Trip(driver=Driver(name=D-8), passengers=[Passenger(name=P-3)], duration=5, distance=20.0, discount=null), Trip(driver=Driver(name=D-8), passengers=[Passenger(name=P-8), Passenger(name=P-11)], duration=7, distance=34.0, discount=0.4)), (Trip(driver=Driver(name=D-8), passengers=[Passenger(name=P-3)], duration=5, distance=20.0, discount=null), Trip(driver=Driver(name=D-8), passengers=[Passenger(name=P-3)], duration=5, distance=20.0, discount=null)), (Trip(driver=Driver(name=D-8), passengers=[Passenger(name=P-3)], duration=5, distance=20.0, discount=null), Trip(driver=Driver(name=D-9), passengers=[Passenger(name=P-3), Passenger(name=P-13), Passenger(name=P-12), Passenger(name=P-17)], duration=26, distance=19.0, discount=0.1)), (Trip(driver=Driver(name=D-8), passengers=[Passenger(name=P-3)], duration=5, distance=20.0, discount=null), Trip(driver=Driver(name=D-8), passengers=[Passenger(name=P-16), Passenger(name=P-7)], duration=35, distance=9.0, discount=0.2)), (Trip(driver=Driver(name=D-8), passengers=[Passenger(name=P-3)], duration=5, distance=20.0, discount=null), Trip(driver=Driver(name=D-0), passengers=[Passenger(name=P-16)], duration=28, distance=5.0, discount=0.1)), (Trip(driver=Driver(name=D-8), passengers=[Passenger(name=P-3)], duration=5, distance=20.0, discount=null), Trip(driver=Driver(name=D-6), passengers=[Passenger(name=P-4)], duration=27, distance=38.0, discount=null)), (Trip(driver=Driver(name=D-8), passengers=[Passenger(name=P-3)], duration=5, distance=20.0, discount=null), Trip(driver=Driver(name=D-4), passengers=[Passenger(name=P-7), Passenger(name=P-9)], duration=38, distance=20.0, discount=null)), (Trip(driver=Driver(name=D-8), passengers=[Passenger(name=P-3)], duration=5, distance=20.0, discount=null), Trip(driver=Driver(name=D-9), passengers=[Passenger(name=P-6), Passenger(name=P-13)], duration=19, distance=5.0, discount=null)), (Trip(driver=Driver(name=D-8), passengers=[Passenger(name=P-3)], duration=5, distance=20.0, discount=null), Trip(driver=Driver(name=D-5), passengers=[Passenger(name=P-4)], duration=20, distance=5.0, discount=0.4)), (Trip(driver=Driver(name=D-8), passengers=[Passenger(name=P-3)], duration=5, distance=20.0, discount=null), Trip(driver=Driver(name=D-3), passengers=[Passenger(name=P-14)], duration=32, distance=37.0, discount=null)), (Trip(driver=Driver(name=D-8), passengers=[Passenger(name=P-3)], duration=5, distance=20.0, discount=null), Trip(driver=Driver(name=D-1), passengers=[Passenger(name=P-11)], duration=19, distance=11.0, discount=0.4)), (Trip(driver=Driver(name=D-8), passengers=[Passenger(name=P-3)], duration=5, distance=20.0, discount=null), Trip(driver=Driver(name=D-3), passengers=[Passenger(name=P-6), Passenger(name=P-16)], duration=39, distance=10.0, discount=null)), (Trip(driver=Driver(name=D-8), passengers=[Passenger(name=P-3)], duration=5, distance=20.0, discount=null), Trip(driver=Driver(name=D-7), passengers=[Passenger(name=P-4), Passenger(name=P-6), Passenger(name=P-11)], duration=8, distance=16.0, discount=0.4)), (Trip(driver=Driver(name=D-8), passengers=[Passenger(name=P-3)], duration=5, distance=20.0, discount=null), Trip(driver=Driver(name=D-0), passengers=[Passenger(name=P-5)], duration=19, distance=39.0, discount=0.1)), (Trip(driver=Driver(name=D-8), passengers=[Passenger(name=P-3)], duration=5, distance=20.0, discount=null), Trip(driver=Driver(name=D-5), passengers=[Passenger(name=P-8), Passenger(name=P-19)], duration=35, distance=31.0, discount=0.4))]
item [(Trip(driver=Driver(name=D-9), passengers=[Passenger(name=P-3), Passenger(name=P-13), Passenger(name=P-12), Passenger(name=P-17)], duration=26, distance=19.0, discount=0.1), Trip(driver=Driver(name=D-5), passengers=[Passenger(name=P-4), Passenger(name=P-18)], duration=13, distance=32.0, discount=null)), (Trip(driver=Driver(name=D-9), passengers=[Passenger(name=P-3), Passenger(name=P-13), Passenger(name=P-12), Passenger(name=P-17)], duration=26, distance=19.0, discount=0.1), Trip(driver=Driver(name=D-7), passengers=[Passenger(name=P-7), Passenger(name=P-9), Passenger(name=P-16), Passenger(name=P-13)], duration=8, distance=11.0, discount=null)), (Trip(driver=Driver(name=D-9), passengers=[Passenger(name=P-3), Passenger(name=P-13), Passenger(name=P-12), Passenger(name=P-17)], duration=26, distance=19.0, discount=0.1), Trip(driver=Driver(name=D-9), passengers=[Passenger(name=P-3), Passenger(name=P-18), Passenger(name=P-1)], duration=4, distance=27.0, discount=0.1)), (Trip(driver=Driver(name=D-9), passengers=[Passenger(name=P-3), Passenger(name=P-13), Passenger(name=P-12), Passenger(name=P-17)], duration=26, distance=19.0, discount=0.1), Trip(driver=Driver(name=D-4), passengers=[Passenger(name=P-2), Passenger(name=P-3), Passenger(name=P-8)], duration=7, distance=8.0, discount=null)), (Trip(driver=Driver(name=D-9), passengers=[Passenger(name=P-3), Passenger(name=P-13), Passenger(name=P-12), Passenger(name=P-17)], duration=26, distance=19.0, discount=0.1), Trip(driver=Driver(name=D-1), passengers=[Passenger(name=P-14), Passenger(name=P-4)], duration=9, distance=34.0, discount=null)), (Trip(driver=Driver(name=D-9), passengers=[Passenger(name=P-3), Passenger(name=P-13), Passenger(name=P-12), Passenger(name=P-17)], duration=26, distance=19.0, discount=0.1), Trip(driver=Driver(name=D-2), passengers=[Passenger(name=P-8), Passenger(name=P-4)], duration=9, distance=19.0, discount=0.1)), (Trip(driver=Driver(name=D-9), passengers=[Passenger(name=P-3), Passenger(name=P-13), Passenger(name=P-12), Passenger(name=P-17)], duration=26, distance=19.0, discount=0.1), Trip(driver=Driver(name=D-4), passengers=[Passenger(name=P-8)], duration=35, distance=24.0, discount=0.3)), (Trip(driver=Driver(name=D-9), passengers=[Passenger(name=P-3), Passenger(name=P-13), Passenger(name=P-12), Passenger(name=P-17)], duration=26, distance=19.0, discount=0.1), Trip(driver=Driver(name=D-8), passengers=[Passenger(name=P-14), Passenger(name=P-13)], duration=11, distance=4.0, discount=null)), (Trip(driver=Driver(name=D-9), passengers=[Passenger(name=P-3), Passenger(name=P-13), Passenger(name=P-12), Passenger(name=P-17)], duration=26, distance=19.0, discount=0.1), Trip(driver=Driver(name=D-9), passengers=[Passenger(name=P-5), Passenger(name=P-1)], duration=20, distance=18.0, discount=0.2)), (Trip(driver=Driver(name=D-9), passengers=[Passenger(name=P-3), Passenger(name=P-13), Passenger(name=P-12), Passenger(name=P-17)], duration=26, distance=19.0, discount=0.1), Trip(driver=Driver(name=D-2), passengers=[Passenger(name=P-9), Passenger(name=P-13)], duration=24, distance=13.0, discount=null)), (Trip(driver=Driver(name=D-9), passengers=[Passenger(name=P-3), Passenger(name=P-13), Passenger(name=P-12), Passenger(name=P-17)], duration=26, distance=19.0, discount=0.1), Trip(driver=Driver(name=D-1), passengers=[Passenger(name=P-5), Passenger(name=P-14), Passenger(name=P-13)], duration=1, distance=4.0, discount=null)), (Trip(driver=Driver(name=D-9), passengers=[Passenger(name=P-3), Passenger(name=P-13), Passenger(name=P-12), Passenger(name=P-17)], duration=26, distance=19.0, discount=0.1), Trip(driver=Driver(name=D-1), passengers=[Passenger(name=P-15), Passenger(name=P-5)], duration=17, distance=34.0, discount=null)), (Trip(driver=Driver(name=D-9), passengers=[Passenger(name=P-3), Passenger(name=P-13), Passenger(name=P-12), Passenger(name=P-17)], duration=26, distance=19.0, discount=0.1), Trip(driver=Driver(name=D-0), passengers=[Passenger(name=P-16)], duration=18, distance=7.0, discount=null)), (Trip(driver=Driver(name=D-9), passengers=[Passenger(name=P-3), Passenger(name=P-13), Passenger(name=P-12), Passenger(name=P-17)], duration=26, distance=19.0, discount=0.1), Trip(driver=Driver(name=D-5), passengers=[Passenger(name=P-17)], duration=1, distance=34.0, discount=0.1)), (Trip(driver=Driver(name=D-9), passengers=[Passenger(name=P-3), Passenger(name=P-13), Passenger(name=P-12), Passenger(name=P-17)], duration=26, distance=19.0, discount=0.1), Trip(driver=Driver(name=D-1), passengers=[Passenger(name=P-11), Passenger(name=P-3), Passenger(name=P-7)], duration=9, distance=23.0, discount=0.2)), (Trip(driver=Driver(name=D-9), passengers=[Passenger(name=P-3), Passenger(name=P-13), Passenger(name=P-12), Passenger(name=P-17)], duration=26, distance=19.0, discount=0.1), Trip(driver=Driver(name=D-8), passengers=[Passenger(name=P-8), Passenger(name=P-11)], duration=7, distance=34.0, discount=0.4)), (Trip(driver=Driver(name=D-9), passengers=[Passenger(name=P-3), Passenger(name=P-13), Passenger(name=P-12), Passenger(name=P-17)], duration=26, distance=19.0, discount=0.1), Trip(driver=Driver(name=D-8), passengers=[Passenger(name=P-3)], duration=5, distance=20.0, discount=null)), (Trip(driver=Driver(name=D-9), passengers=[Passenger(name=P-3), Passenger(name=P-13), Passenger(name=P-12), Passenger(name=P-17)], duration=26, distance=19.0, discount=0.1), Trip(driver=Driver(name=D-9), passengers=[Passenger(name=P-3), Passenger(name=P-13), Passenger(name=P-12), Passenger(name=P-17)], duration=26, distance=19.0, discount=0.1)), (Trip(driver=Driver(name=D-9), passengers=[Passenger(name=P-3), Passenger(name=P-13), Passenger(name=P-12), Passenger(name=P-17)], duration=26, distance=19.0, discount=0.1), Trip(driver=Driver(name=D-8), passengers=[Passenger(name=P-16), Passenger(name=P-7)], duration=35, distance=9.0, discount=0.2)), (Trip(driver=Driver(name=D-9), passengers=[Passenger(name=P-3), Passenger(name=P-13), Passenger(name=P-12), Passenger(name=P-17)], duration=26, distance=19.0, discount=0.1), Trip(driver=Driver(name=D-0), passengers=[Passenger(name=P-16)], duration=28, distance=5.0, discount=0.1)), (Trip(driver=Driver(name=D-9), passengers=[Passenger(name=P-3), Passenger(name=P-13), Passenger(name=P-12), Passenger(name=P-17)], duration=26, distance=19.0, discount=0.1), Trip(driver=Driver(name=D-6), passengers=[Passenger(name=P-4)], duration=27, distance=38.0, discount=null)), (Trip(driver=Driver(name=D-9), passengers=[Passenger(name=P-3), Passenger(name=P-13), Passenger(name=P-12), Passenger(name=P-17)], duration=26, distance=19.0, discount=0.1), Trip(driver=Driver(name=D-4), passengers=[Passenger(name=P-7), Passenger(name=P-9)], duration=38, distance=20.0, discount=null)), (Trip(driver=Driver(name=D-9), passengers=[Passenger(name=P-3), Passenger(name=P-13), Passenger(name=P-12), Passenger(name=P-17)], duration=26, distance=19.0, discount=0.1), Trip(driver=Driver(name=D-9), passengers=[Passenger(name=P-6), Passenger(name=P-13)], duration=19, distance=5.0, discount=null)), (Trip(driver=Driver(name=D-9), passengers=[Passenger(name=P-3), Passenger(name=P-13), Passenger(name=P-12), Passenger(name=P-17)], duration=26, distance=19.0, discount=0.1), Trip(driver=Driver(name=D-5), passengers=[Passenger(name=P-4)], duration=20, distance=5.0, discount=0.4)), (Trip(driver=Driver(name=D-9), passengers=[Passenger(name=P-3), Passenger(name=P-13), Passenger(name=P-12), Passenger(name=P-17)], duration=26, distance=19.0, discount=0.1), Trip(driver=Driver(name=D-3), passengers=[Passenger(name=P-14)], duration=32, distance=37.0, discount=null)), (Trip(driver=Driver(name=D-9), passengers=[Passenger(name=P-3), Passenger(name=P-13), Passenger(name=P-12), Passenger(name=P-17)], duration=26, distance=19.0, discount=0.1), Trip(driver=Driver(name=D-1), passengers=[Passenger(name=P-11)], duration=19, distance=11.0, discount=0.4)), (Trip(driver=Driver(name=D-9), passengers=[Passenger(name=P-3), Passenger(name=P-13), Passenger(name=P-12), Passenger(name=P-17)], duration=26, distance=19.0, discount=0.1), Trip(driver=Driver(name=D-3), passengers=[Passenger(name=P-6), Passenger(name=P-16)], duration=39, distance=10.0, discount=null)), (Trip(driver=Driver(name=D-9), passengers=[Passenger(name=P-3), Passenger(name=P-13), Passenger(name=P-12), Passenger(name=P-17)], duration=26, distance=19.0, discount=0.1), Trip(driver=Driver(name=D-7), passengers=[Passenger(name=P-4), Passenger(name=P-6), Passenger(name=P-11)], duration=8, distance=16.0, discount=0.4)), (Trip(driver=Driver(name=D-9), passengers=[Passenger(name=P-3), Passenger(name=P-13), Passenger(name=P-12), Passenger(name=P-17)], duration=26, distance=19.0, discount=0.1), Trip(driver=Driver(name=D-0), passengers=[Passenger(name=P-5)], duration=19, distance=39.0, discount=0.1)), (Trip(driver=Driver(name=D-9), passengers=[Passenger(name=P-3), Passenger(name=P-13), Passenger(name=P-12), Passenger(name=P-17)], duration=26, distance=19.0, discount=0.1), Trip(driver=Driver(name=D-5), passengers=[Passenger(name=P-8), Passenger(name=P-19)], duration=35, distance=31.0, discount=0.4))]
item [(Trip(driver=Driver(name=D-8), passengers=[Passenger(name=P-16), Passenger(name=P-7)], duration=35, distance=9.0, discount=0.2), Trip(driver=Driver(name=D-5), passengers=[Passenger(name=P-4), Passenger(name=P-18)], duration=13, distance=32.0, discount=null)), (Trip(driver=Driver(name=D-8), passengers=[Passenger(name=P-16), Passenger(name=P-7)], duration=35, distance=9.0, discount=0.2), Trip(driver=Driver(name=D-7), passengers=[Passenger(name=P-7), Passenger(name=P-9), Passenger(name=P-16), Passenger(name=P-13)], duration=8, distance=11.0, discount=null)), (Trip(driver=Driver(name=D-8), passengers=[Passenger(name=P-16), Passenger(name=P-7)], duration=35, distance=9.0, discount=0.2), Trip(driver=Driver(name=D-9), passengers=[Passenger(name=P-3), Passenger(name=P-18), Passenger(name=P-1)], duration=4, distance=27.0, discount=0.1)), (Trip(driver=Driver(name=D-8), passengers=[Passenger(name=P-16), Passenger(name=P-7)], duration=35, distance=9.0, discount=0.2), Trip(driver=Driver(name=D-4), passengers=[Passenger(name=P-2), Passenger(name=P-3), Passenger(name=P-8)], duration=7, distance=8.0, discount=null)), (Trip(driver=Driver(name=D-8), passengers=[Passenger(name=P-16), Passenger(name=P-7)], duration=35, distance=9.0, discount=0.2), Trip(driver=Driver(name=D-1), passengers=[Passenger(name=P-14), Passenger(name=P-4)], duration=9, distance=34.0, discount=null)), (Trip(driver=Driver(name=D-8), passengers=[Passenger(name=P-16), Passenger(name=P-7)], duration=35, distance=9.0, discount=0.2), Trip(driver=Driver(name=D-2), passengers=[Passenger(name=P-8), Passenger(name=P-4)], duration=9, distance=19.0, discount=0.1)), (Trip(driver=Driver(name=D-8), passengers=[Passenger(name=P-16), Passenger(name=P-7)], duration=35, distance=9.0, discount=0.2), Trip(driver=Driver(name=D-4), passengers=[Passenger(name=P-8)], duration=35, distance=24.0, discount=0.3)), (Trip(driver=Driver(name=D-8), passengers=[Passenger(name=P-16), Passenger(name=P-7)], duration=35, distance=9.0, discount=0.2), Trip(driver=Driver(name=D-8), passengers=[Passenger(name=P-14), Passenger(name=P-13)], duration=11, distance=4.0, discount=null)), (Trip(driver=Driver(name=D-8), passengers=[Passenger(name=P-16), Passenger(name=P-7)], duration=35, distance=9.0, discount=0.2), Trip(driver=Driver(name=D-9), passengers=[Passenger(name=P-5), Passenger(name=P-1)], duration=20, distance=18.0, discount=0.2)), (Trip(driver=Driver(name=D-8), passengers=[Passenger(name=P-16), Passenger(name=P-7)], duration=35, distance=9.0, discount=0.2), Trip(driver=Driver(name=D-2), passengers=[Passenger(name=P-9), Passenger(name=P-13)], duration=24, distance=13.0, discount=null)), (Trip(driver=Driver(name=D-8), passengers=[Passenger(name=P-16), Passenger(name=P-7)], duration=35, distance=9.0, discount=0.2), Trip(driver=Driver(name=D-1), passengers=[Passenger(name=P-5), Passenger(name=P-14), Passenger(name=P-13)], duration=1, distance=4.0, discount=null)), (Trip(driver=Driver(name=D-8), passengers=[Passenger(name=P-16), Passenger(name=P-7)], duration=35, distance=9.0, discount=0.2), Trip(driver=Driver(name=D-1), passengers=[Passenger(name=P-15), Passenger(name=P-5)], duration=17, distance=34.0, discount=null)), (Trip(driver=Driver(name=D-8), passengers=[Passenger(name=P-16), Passenger(name=P-7)], duration=35, distance=9.0, discount=0.2), Trip(driver=Driver(name=D-0), passengers=[Passenger(name=P-16)], duration=18, distance=7.0, discount=null)), (Trip(driver=Driver(name=D-8), passengers=[Passenger(name=P-16), Passenger(name=P-7)], duration=35, distance=9.0, discount=0.2), Trip(driver=Driver(name=D-5), passengers=[Passenger(name=P-17)], duration=1, distance=34.0, discount=0.1)), (Trip(driver=Driver(name=D-8), passengers=[Passenger(name=P-16), Passenger(name=P-7)], duration=35, distance=9.0, discount=0.2), Trip(driver=Driver(name=D-1), passengers=[Passenger(name=P-11), Passenger(name=P-3), Passenger(name=P-7)], duration=9, distance=23.0, discount=0.2)), (Trip(driver=Driver(name=D-8), passengers=[Passenger(name=P-16), Passenger(name=P-7)], duration=35, distance=9.0, discount=0.2), Trip(driver=Driver(name=D-8), passengers=[Passenger(name=P-8), Passenger(name=P-11)], duration=7, distance=34.0, discount=0.4)), (Trip(driver=Driver(name=D-8), passengers=[Passenger(name=P-16), Passenger(name=P-7)], duration=35, distance=9.0, discount=0.2), Trip(driver=Driver(name=D-8), passengers=[Passenger(name=P-3)], duration=5, distance=20.0, discount=null)), (Trip(driver=Driver(name=D-8), passengers=[Passenger(name=P-16), Passenger(name=P-7)], duration=35, distance=9.0, discount=0.2), Trip(driver=Driver(name=D-9), passengers=[Passenger(name=P-3), Passenger(name=P-13), Passenger(name=P-12), Passenger(name=P-17)], duration=26, distance=19.0, discount=0.1)), (Trip(driver=Driver(name=D-8), passengers=[Passenger(name=P-16), Passenger(name=P-7)], duration=35, distance=9.0, discount=0.2), Trip(driver=Driver(name=D-8), passengers=[Passenger(name=P-16), Passenger(name=P-7)], duration=35, distance=9.0, discount=0.2)), (Trip(driver=Driver(name=D-8), passengers=[Passenger(name=P-16), Passenger(name=P-7)], duration=35, distance=9.0, discount=0.2), Trip(driver=Driver(name=D-0), passengers=[Passenger(name=P-16)], duration=28, distance=5.0, discount=0.1)), (Trip(driver=Driver(name=D-8), passengers=[Passenger(name=P-16), Passenger(name=P-7)], duration=35, distance=9.0, discount=0.2), Trip(driver=Driver(name=D-6), passengers=[Passenger(name=P-4)], duration=27, distance=38.0, discount=null)), (Trip(driver=Driver(name=D-8), passengers=[Passenger(name=P-16), Passenger(name=P-7)], duration=35, distance=9.0, discount=0.2), Trip(driver=Driver(name=D-4), passengers=[Passenger(name=P-7), Passenger(name=P-9)], duration=38, distance=20.0, discount=null)), (Trip(driver=Driver(name=D-8), passengers=[Passenger(name=P-16), Passenger(name=P-7)], duration=35, distance=9.0, discount=0.2), Trip(driver=Driver(name=D-9), passengers=[Passenger(name=P-6), Passenger(name=P-13)], duration=19, distance=5.0, discount=null)), (Trip(driver=Driver(name=D-8), passengers=[Passenger(name=P-16), Passenger(name=P-7)], duration=35, distance=9.0, discount=0.2), Trip(driver=Driver(name=D-5), passengers=[Passenger(name=P-4)], duration=20, distance=5.0, discount=0.4)), (Trip(driver=Driver(name=D-8), passengers=[Passenger(name=P-16), Passenger(name=P-7)], duration=35, distance=9.0, discount=0.2), Trip(driver=Driver(name=D-3), passengers=[Passenger(name=P-14)], duration=32, distance=37.0, discount=null)), (Trip(driver=Driver(name=D-8), passengers=[Passenger(name=P-16), Passenger(name=P-7)], duration=35, distance=9.0, discount=0.2), Trip(driver=Driver(name=D-1), passengers=[Passenger(name=P-11)], duration=19, distance=11.0, discount=0.4)), (Trip(driver=Driver(name=D-8), passengers=[Passenger(name=P-16), Passenger(name=P-7)], duration=35, distance=9.0, discount=0.2), Trip(driver=Driver(name=D-3), passengers=[Passenger(name=P-6), Passenger(name=P-16)], duration=39, distance=10.0, discount=null)), (Trip(driver=Driver(name=D-8), passengers=[Passenger(name=P-16), Passenger(name=P-7)], duration=35, distance=9.0, discount=0.2), Trip(driver=Driver(name=D-7), passengers=[Passenger(name=P-4), Passenger(name=P-6), Passenger(name=P-11)], duration=8, distance=16.0, discount=0.4)), (Trip(driver=Driver(name=D-8), passengers=[Passenger(name=P-16), Passenger(name=P-7)], duration=35, distance=9.0, discount=0.2), Trip(driver=Driver(name=D-0), passengers=[Passenger(name=P-5)], duration=19, distance=39.0, discount=0.1)), (Trip(driver=Driver(name=D-8), passengers=[Passenger(name=P-16), Passenger(name=P-7)], duration=35, distance=9.0, discount=0.2), Trip(driver=Driver(name=D-5), passengers=[Passenger(name=P-8), Passenger(name=P-19)], duration=35, distance=31.0, discount=0.4))]
item [(Trip(driver=Driver(name=D-0), passengers=[Passenger(name=P-16)], duration=28, distance=5.0, discount=0.1), Trip(driver=Driver(name=D-5), passengers=[Passenger(name=P-4), Passenger(name=P-18)], duration=13, distance=32.0, discount=null)), (Trip(driver=Driver(name=D-0), passengers=[Passenger(name=P-16)], duration=28, distance=5.0, discount=0.1), Trip(driver=Driver(name=D-7), passengers=[Passenger(name=P-7), Passenger(name=P-9), Passenger(name=P-16), Passenger(name=P-13)], duration=8, distance=11.0, discount=null)), (Trip(driver=Driver(name=D-0), passengers=[Passenger(name=P-16)], duration=28, distance=5.0, discount=0.1), Trip(driver=Driver(name=D-9), passengers=[Passenger(name=P-3), Passenger(name=P-18), Passenger(name=P-1)], duration=4, distance=27.0, discount=0.1)), (Trip(driver=Driver(name=D-0), passengers=[Passenger(name=P-16)], duration=28, distance=5.0, discount=0.1), Trip(driver=Driver(name=D-4), passengers=[Passenger(name=P-2), Passenger(name=P-3), Passenger(name=P-8)], duration=7, distance=8.0, discount=null)), (Trip(driver=Driver(name=D-0), passengers=[Passenger(name=P-16)], duration=28, distance=5.0, discount=0.1), Trip(driver=Driver(name=D-1), passengers=[Passenger(name=P-14), Passenger(name=P-4)], duration=9, distance=34.0, discount=null)), (Trip(driver=Driver(name=D-0), passengers=[Passenger(name=P-16)], duration=28, distance=5.0, discount=0.1), Trip(driver=Driver(name=D-2), passengers=[Passenger(name=P-8), Passenger(name=P-4)], duration=9, distance=19.0, discount=0.1)), (Trip(driver=Driver(name=D-0), passengers=[Passenger(name=P-16)], duration=28, distance=5.0, discount=0.1), Trip(driver=Driver(name=D-4), passengers=[Passenger(name=P-8)], duration=35, distance=24.0, discount=0.3)), (Trip(driver=Driver(name=D-0), passengers=[Passenger(name=P-16)], duration=28, distance=5.0, discount=0.1), Trip(driver=Driver(name=D-8), passengers=[Passenger(name=P-14), Passenger(name=P-13)], duration=11, distance=4.0, discount=null)), (Trip(driver=Driver(name=D-0), passengers=[Passenger(name=P-16)], duration=28, distance=5.0, discount=0.1), Trip(driver=Driver(name=D-9), passengers=[Passenger(name=P-5), Passenger(name=P-1)], duration=20, distance=18.0, discount=0.2)), (Trip(driver=Driver(name=D-0), passengers=[Passenger(name=P-16)], duration=28, distance=5.0, discount=0.1), Trip(driver=Driver(name=D-2), passengers=[Passenger(name=P-9), Passenger(name=P-13)], duration=24, distance=13.0, discount=null)), (Trip(driver=Driver(name=D-0), passengers=[Passenger(name=P-16)], duration=28, distance=5.0, discount=0.1), Trip(driver=Driver(name=D-1), passengers=[Passenger(name=P-5), Passenger(name=P-14), Passenger(name=P-13)], duration=1, distance=4.0, discount=null)), (Trip(driver=Driver(name=D-0), passengers=[Passenger(name=P-16)], duration=28, distance=5.0, discount=0.1), Trip(driver=Driver(name=D-1), passengers=[Passenger(name=P-15), Passenger(name=P-5)], duration=17, distance=34.0, discount=null)), (Trip(driver=Driver(name=D-0), passengers=[Passenger(name=P-16)], duration=28, distance=5.0, discount=0.1), Trip(driver=Driver(name=D-0), passengers=[Passenger(name=P-16)], duration=18, distance=7.0, discount=null)), (Trip(driver=Driver(name=D-0), passengers=[Passenger(name=P-16)], duration=28, distance=5.0, discount=0.1), Trip(driver=Driver(name=D-5), passengers=[Passenger(name=P-17)], duration=1, distance=34.0, discount=0.1)), (Trip(driver=Driver(name=D-0), passengers=[Passenger(name=P-16)], duration=28, distance=5.0, discount=0.1), Trip(driver=Driver(name=D-1), passengers=[Passenger(name=P-11), Passenger(name=P-3), Passenger(name=P-7)], duration=9, distance=23.0, discount=0.2)), (Trip(driver=Driver(name=D-0), passengers=[Passenger(name=P-16)], duration=28, distance=5.0, discount=0.1), Trip(driver=Driver(name=D-8), passengers=[Passenger(name=P-8), Passenger(name=P-11)], duration=7, distance=34.0, discount=0.4)), (Trip(driver=Driver(name=D-0), passengers=[Passenger(name=P-16)], duration=28, distance=5.0, discount=0.1), Trip(driver=Driver(name=D-8), passengers=[Passenger(name=P-3)], duration=5, distance=20.0, discount=null)), (Trip(driver=Driver(name=D-0), passengers=[Passenger(name=P-16)], duration=28, distance=5.0, discount=0.1), Trip(driver=Driver(name=D-9), passengers=[Passenger(name=P-3), Passenger(name=P-13), Passenger(name=P-12), Passenger(name=P-17)], duration=26, distance=19.0, discount=0.1)), (Trip(driver=Driver(name=D-0), passengers=[Passenger(name=P-16)], duration=28, distance=5.0, discount=0.1), Trip(driver=Driver(name=D-8), passengers=[Passenger(name=P-16), Passenger(name=P-7)], duration=35, distance=9.0, discount=0.2)), (Trip(driver=Driver(name=D-0), passengers=[Passenger(name=P-16)], duration=28, distance=5.0, discount=0.1), Trip(driver=Driver(name=D-0), passengers=[Passenger(name=P-16)], duration=28, distance=5.0, discount=0.1)), (Trip(driver=Driver(name=D-0), passengers=[Passenger(name=P-16)], duration=28, distance=5.0, discount=0.1), Trip(driver=Driver(name=D-6), passengers=[Passenger(name=P-4)], duration=27, distance=38.0, discount=null)), (Trip(driver=Driver(name=D-0), passengers=[Passenger(name=P-16)], duration=28, distance=5.0, discount=0.1), Trip(driver=Driver(name=D-4), passengers=[Passenger(name=P-7), Passenger(name=P-9)], duration=38, distance=20.0, discount=null)), (Trip(driver=Driver(name=D-0), passengers=[Passenger(name=P-16)], duration=28, distance=5.0, discount=0.1), Trip(driver=Driver(name=D-9), passengers=[Passenger(name=P-6), Passenger(name=P-13)], duration=19, distance=5.0, discount=null)), (Trip(driver=Driver(name=D-0), passengers=[Passenger(name=P-16)], duration=28, distance=5.0, discount=0.1), Trip(driver=Driver(name=D-5), passengers=[Passenger(name=P-4)], duration=20, distance=5.0, discount=0.4)), (Trip(driver=Driver(name=D-0), passengers=[Passenger(name=P-16)], duration=28, distance=5.0, discount=0.1), Trip(driver=Driver(name=D-3), passengers=[Passenger(name=P-14)], duration=32, distance=37.0, discount=null)), (Trip(driver=Driver(name=D-0), passengers=[Passenger(name=P-16)], duration=28, distance=5.0, discount=0.1), Trip(driver=Driver(name=D-1), passengers=[Passenger(name=P-11)], duration=19, distance=11.0, discount=0.4)), (Trip(driver=Driver(name=D-0), passengers=[Passenger(name=P-16)], duration=28, distance=5.0, discount=0.1), Trip(driver=Driver(name=D-3), passengers=[Passenger(name=P-6), Passenger(name=P-16)], duration=39, distance=10.0, discount=null)), (Trip(driver=Driver(name=D-0), passengers=[Passenger(name=P-16)], duration=28, distance=5.0, discount=0.1), Trip(driver=Driver(name=D-7), passengers=[Passenger(name=P-4), Passenger(name=P-6), Passenger(name=P-11)], duration=8, distance=16.0, discount=0.4)), (Trip(driver=Driver(name=D-0), passengers=[Passenger(name=P-16)], duration=28, distance=5.0, discount=0.1), Trip(driver=Driver(name=D-0), passengers=[Passenger(name=P-5)], duration=19, distance=39.0, discount=0.1)), (Trip(driver=Driver(name=D-0), passengers=[Passenger(name=P-16)], duration=28, distance=5.0, discount=0.1), Trip(driver=Driver(name=D-5), passengers=[Passenger(name=P-8), Passenger(name=P-19)], duration=35, distance=31.0, discount=0.4))]
item [(Trip(driver=Driver(name=D-6), passengers=[Passenger(name=P-4)], duration=27, distance=38.0, discount=null), Trip(driver=Driver(name=D-5), passengers=[Passenger(name=P-4), Passenger(name=P-18)], duration=13, distance=32.0, discount=null)), (Trip(driver=Driver(name=D-6), passengers=[Passenger(name=P-4)], duration=27, distance=38.0, discount=null), Trip(driver=Driver(name=D-7), passengers=[Passenger(name=P-7), Passenger(name=P-9), Passenger(name=P-16), Passenger(name=P-13)], duration=8, distance=11.0, discount=null)), (Trip(driver=Driver(name=D-6), passengers=[Passenger(name=P-4)], duration=27, distance=38.0, discount=null), Trip(driver=Driver(name=D-9), passengers=[Passenger(name=P-3), Passenger(name=P-18), Passenger(name=P-1)], duration=4, distance=27.0, discount=0.1)), (Trip(driver=Driver(name=D-6), passengers=[Passenger(name=P-4)], duration=27, distance=38.0, discount=null), Trip(driver=Driver(name=D-4), passengers=[Passenger(name=P-2), Passenger(name=P-3), Passenger(name=P-8)], duration=7, distance=8.0, discount=null)), (Trip(driver=Driver(name=D-6), passengers=[Passenger(name=P-4)], duration=27, distance=38.0, discount=null), Trip(driver=Driver(name=D-1), passengers=[Passenger(name=P-14), Passenger(name=P-4)], duration=9, distance=34.0, discount=null)), (Trip(driver=Driver(name=D-6), passengers=[Passenger(name=P-4)], duration=27, distance=38.0, discount=null), Trip(driver=Driver(name=D-2), passengers=[Passenger(name=P-8), Passenger(name=P-4)], duration=9, distance=19.0, discount=0.1)), (Trip(driver=Driver(name=D-6), passengers=[Passenger(name=P-4)], duration=27, distance=38.0, discount=null), Trip(driver=Driver(name=D-4), passengers=[Passenger(name=P-8)], duration=35, distance=24.0, discount=0.3)), (Trip(driver=Driver(name=D-6), passengers=[Passenger(name=P-4)], duration=27, distance=38.0, discount=null), Trip(driver=Driver(name=D-8), passengers=[Passenger(name=P-14), Passenger(name=P-13)], duration=11, distance=4.0, discount=null)), (Trip(driver=Driver(name=D-6), passengers=[Passenger(name=P-4)], duration=27, distance=38.0, discount=null), Trip(driver=Driver(name=D-9), passengers=[Passenger(name=P-5), Passenger(name=P-1)], duration=20, distance=18.0, discount=0.2)), (Trip(driver=Driver(name=D-6), passengers=[Passenger(name=P-4)], duration=27, distance=38.0, discount=null), Trip(driver=Driver(name=D-2), passengers=[Passenger(name=P-9), Passenger(name=P-13)], duration=24, distance=13.0, discount=null)), (Trip(driver=Driver(name=D-6), passengers=[Passenger(name=P-4)], duration=27, distance=38.0, discount=null), Trip(driver=Driver(name=D-1), passengers=[Passenger(name=P-5), Passenger(name=P-14), Passenger(name=P-13)], duration=1, distance=4.0, discount=null)), (Trip(driver=Driver(name=D-6), passengers=[Passenger(name=P-4)], duration=27, distance=38.0, discount=null), Trip(driver=Driver(name=D-1), passengers=[Passenger(name=P-15), Passenger(name=P-5)], duration=17, distance=34.0, discount=null)), (Trip(driver=Driver(name=D-6), passengers=[Passenger(name=P-4)], duration=27, distance=38.0, discount=null), Trip(driver=Driver(name=D-0), passengers=[Passenger(name=P-16)], duration=18, distance=7.0, discount=null)), (Trip(driver=Driver(name=D-6), passengers=[Passenger(name=P-4)], duration=27, distance=38.0, discount=null), Trip(driver=Driver(name=D-5), passengers=[Passenger(name=P-17)], duration=1, distance=34.0, discount=0.1)), (Trip(driver=Driver(name=D-6), passengers=[Passenger(name=P-4)], duration=27, distance=38.0, discount=null), Trip(driver=Driver(name=D-1), passengers=[Passenger(name=P-11), Passenger(name=P-3), Passenger(name=P-7)], duration=9, distance=23.0, discount=0.2)), (Trip(driver=Driver(name=D-6), passengers=[Passenger(name=P-4)], duration=27, distance=38.0, discount=null), Trip(driver=Driver(name=D-8), passengers=[Passenger(name=P-8), Passenger(name=P-11)], duration=7, distance=34.0, discount=0.4)), (Trip(driver=Driver(name=D-6), passengers=[Passenger(name=P-4)], duration=27, distance=38.0, discount=null), Trip(driver=Driver(name=D-8), passengers=[Passenger(name=P-3)], duration=5, distance=20.0, discount=null)), (Trip(driver=Driver(name=D-6), passengers=[Passenger(name=P-4)], duration=27, distance=38.0, discount=null), Trip(driver=Driver(name=D-9), passengers=[Passenger(name=P-3), Passenger(name=P-13), Passenger(name=P-12), Passenger(name=P-17)], duration=26, distance=19.0, discount=0.1)), (Trip(driver=Driver(name=D-6), passengers=[Passenger(name=P-4)], duration=27, distance=38.0, discount=null), Trip(driver=Driver(name=D-8), passengers=[Passenger(name=P-16), Passenger(name=P-7)], duration=35, distance=9.0, discount=0.2)), (Trip(driver=Driver(name=D-6), passengers=[Passenger(name=P-4)], duration=27, distance=38.0, discount=null), Trip(driver=Driver(name=D-0), passengers=[Passenger(name=P-16)], duration=28, distance=5.0, discount=0.1)), (Trip(driver=Driver(name=D-6), passengers=[Passenger(name=P-4)], duration=27, distance=38.0, discount=null), Trip(driver=Driver(name=D-6), passengers=[Passenger(name=P-4)], duration=27, distance=38.0, discount=null)), (Trip(driver=Driver(name=D-6), passengers=[Passenger(name=P-4)], duration=27, distance=38.0, discount=null), Trip(driver=Driver(name=D-4), passengers=[Passenger(name=P-7), Passenger(name=P-9)], duration=38, distance=20.0, discount=null)), (Trip(driver=Driver(name=D-6), passengers=[Passenger(name=P-4)], duration=27, distance=38.0, discount=null), Trip(driver=Driver(name=D-9), passengers=[Passenger(name=P-6), Passenger(name=P-13)], duration=19, distance=5.0, discount=null)), (Trip(driver=Driver(name=D-6), passengers=[Passenger(name=P-4)], duration=27, distance=38.0, discount=null), Trip(driver=Driver(name=D-5), passengers=[Passenger(name=P-4)], duration=20, distance=5.0, discount=0.4)), (Trip(driver=Driver(name=D-6), passengers=[Passenger(name=P-4)], duration=27, distance=38.0, discount=null), Trip(driver=Driver(name=D-3), passengers=[Passenger(name=P-14)], duration=32, distance=37.0, discount=null)), (Trip(driver=Driver(name=D-6), passengers=[Passenger(name=P-4)], duration=27, distance=38.0, discount=null), Trip(driver=Driver(name=D-1), passengers=[Passenger(name=P-11)], duration=19, distance=11.0, discount=0.4)), (Trip(driver=Driver(name=D-6), passengers=[Passenger(name=P-4)], duration=27, distance=38.0, discount=null), Trip(driver=Driver(name=D-3), passengers=[Passenger(name=P-6), Passenger(name=P-16)], duration=39, distance=10.0, discount=null)), (Trip(driver=Driver(name=D-6), passengers=[Passenger(name=P-4)], duration=27, distance=38.0, discount=null), Trip(driver=Driver(name=D-7), passengers=[Passenger(name=P-4), Passenger(name=P-6), Passenger(name=P-11)], duration=8, distance=16.0, discount=0.4)), (Trip(driver=Driver(name=D-6), passengers=[Passenger(name=P-4)], duration=27, distance=38.0, discount=null), Trip(driver=Driver(name=D-0), passengers=[Passenger(name=P-5)], duration=19, distance=39.0, discount=0.1)), (Trip(driver=Driver(name=D-6), passengers=[Passenger(name=P-4)], duration=27, distance=38.0, discount=null), Trip(driver=Driver(name=D-5), passengers=[Passenger(name=P-8), Passenger(name=P-19)], duration=35, distance=31.0, discount=0.4))]
item [(Trip(driver=Driver(name=D-4), passengers=[Passenger(name=P-7), Passenger(name=P-9)], duration=38, distance=20.0, discount=null), Trip(driver=Driver(name=D-5), passengers=[Passenger(name=P-4), Passenger(name=P-18)], duration=13, distance=32.0, discount=null)), (Trip(driver=Driver(name=D-4), passengers=[Passenger(name=P-7), Passenger(name=P-9)], duration=38, distance=20.0, discount=null), Trip(driver=Driver(name=D-7), passengers=[Passenger(name=P-7), Passenger(name=P-9), Passenger(name=P-16), Passenger(name=P-13)], duration=8, distance=11.0, discount=null)), (Trip(driver=Driver(name=D-4), passengers=[Passenger(name=P-7), Passenger(name=P-9)], duration=38, distance=20.0, discount=null), Trip(driver=Driver(name=D-9), passengers=[Passenger(name=P-3), Passenger(name=P-18), Passenger(name=P-1)], duration=4, distance=27.0, discount=0.1)), (Trip(driver=Driver(name=D-4), passengers=[Passenger(name=P-7), Passenger(name=P-9)], duration=38, distance=20.0, discount=null), Trip(driver=Driver(name=D-4), passengers=[Passenger(name=P-2), Passenger(name=P-3), Passenger(name=P-8)], duration=7, distance=8.0, discount=null)), (Trip(driver=Driver(name=D-4), passengers=[Passenger(name=P-7), Passenger(name=P-9)], duration=38, distance=20.0, discount=null), Trip(driver=Driver(name=D-1), passengers=[Passenger(name=P-14), Passenger(name=P-4)], duration=9, distance=34.0, discount=null)), (Trip(driver=Driver(name=D-4), passengers=[Passenger(name=P-7), Passenger(name=P-9)], duration=38, distance=20.0, discount=null), Trip(driver=Driver(name=D-2), passengers=[Passenger(name=P-8), Passenger(name=P-4)], duration=9, distance=19.0, discount=0.1)), (Trip(driver=Driver(name=D-4), passengers=[Passenger(name=P-7), Passenger(name=P-9)], duration=38, distance=20.0, discount=null), Trip(driver=Driver(name=D-4), passengers=[Passenger(name=P-8)], duration=35, distance=24.0, discount=0.3)), (Trip(driver=Driver(name=D-4), passengers=[Passenger(name=P-7), Passenger(name=P-9)], duration=38, distance=20.0, discount=null), Trip(driver=Driver(name=D-8), passengers=[Passenger(name=P-14), Passenger(name=P-13)], duration=11, distance=4.0, discount=null)), (Trip(driver=Driver(name=D-4), passengers=[Passenger(name=P-7), Passenger(name=P-9)], duration=38, distance=20.0, discount=null), Trip(driver=Driver(name=D-9), passengers=[Passenger(name=P-5), Passenger(name=P-1)], duration=20, distance=18.0, discount=0.2)), (Trip(driver=Driver(name=D-4), passengers=[Passenger(name=P-7), Passenger(name=P-9)], duration=38, distance=20.0, discount=null), Trip(driver=Driver(name=D-2), passengers=[Passenger(name=P-9), Passenger(name=P-13)], duration=24, distance=13.0, discount=null)), (Trip(driver=Driver(name=D-4), passengers=[Passenger(name=P-7), Passenger(name=P-9)], duration=38, distance=20.0, discount=null), Trip(driver=Driver(name=D-1), passengers=[Passenger(name=P-5), Passenger(name=P-14), Passenger(name=P-13)], duration=1, distance=4.0, discount=null)), (Trip(driver=Driver(name=D-4), passengers=[Passenger(name=P-7), Passenger(name=P-9)], duration=38, distance=20.0, discount=null), Trip(driver=Driver(name=D-1), passengers=[Passenger(name=P-15), Passenger(name=P-5)], duration=17, distance=34.0, discount=null)), (Trip(driver=Driver(name=D-4), passengers=[Passenger(name=P-7), Passenger(name=P-9)], duration=38, distance=20.0, discount=null), Trip(driver=Driver(name=D-0), passengers=[Passenger(name=P-16)], duration=18, distance=7.0, discount=null)), (Trip(driver=Driver(name=D-4), passengers=[Passenger(name=P-7), Passenger(name=P-9)], duration=38, distance=20.0, discount=null), Trip(driver=Driver(name=D-5), passengers=[Passenger(name=P-17)], duration=1, distance=34.0, discount=0.1)), (Trip(driver=Driver(name=D-4), passengers=[Passenger(name=P-7), Passenger(name=P-9)], duration=38, distance=20.0, discount=null), Trip(driver=Driver(name=D-1), passengers=[Passenger(name=P-11), Passenger(name=P-3), Passenger(name=P-7)], duration=9, distance=23.0, discount=0.2)), (Trip(driver=Driver(name=D-4), passengers=[Passenger(name=P-7), Passenger(name=P-9)], duration=38, distance=20.0, discount=null), Trip(driver=Driver(name=D-8), passengers=[Passenger(name=P-8), Passenger(name=P-11)], duration=7, distance=34.0, discount=0.4)), (Trip(driver=Driver(name=D-4), passengers=[Passenger(name=P-7), Passenger(name=P-9)], duration=38, distance=20.0, discount=null), Trip(driver=Driver(name=D-8), passengers=[Passenger(name=P-3)], duration=5, distance=20.0, discount=null)), (Trip(driver=Driver(name=D-4), passengers=[Passenger(name=P-7), Passenger(name=P-9)], duration=38, distance=20.0, discount=null), Trip(driver=Driver(name=D-9), passengers=[Passenger(name=P-3), Passenger(name=P-13), Passenger(name=P-12), Passenger(name=P-17)], duration=26, distance=19.0, discount=0.1)), (Trip(driver=Driver(name=D-4), passengers=[Passenger(name=P-7), Passenger(name=P-9)], duration=38, distance=20.0, discount=null), Trip(driver=Driver(name=D-8), passengers=[Passenger(name=P-16), Passenger(name=P-7)], duration=35, distance=9.0, discount=0.2)), (Trip(driver=Driver(name=D-4), passengers=[Passenger(name=P-7), Passenger(name=P-9)], duration=38, distance=20.0, discount=null), Trip(driver=Driver(name=D-0), passengers=[Passenger(name=P-16)], duration=28, distance=5.0, discount=0.1)), (Trip(driver=Driver(name=D-4), passengers=[Passenger(name=P-7), Passenger(name=P-9)], duration=38, distance=20.0, discount=null), Trip(driver=Driver(name=D-6), passengers=[Passenger(name=P-4)], duration=27, distance=38.0, discount=null)), (Trip(driver=Driver(name=D-4), passengers=[Passenger(name=P-7), Passenger(name=P-9)], duration=38, distance=20.0, discount=null), Trip(driver=Driver(name=D-4), passengers=[Passenger(name=P-7), Passenger(name=P-9)], duration=38, distance=20.0, discount=null)), (Trip(driver=Driver(name=D-4), passengers=[Passenger(name=P-7), Passenger(name=P-9)], duration=38, distance=20.0, discount=null), Trip(driver=Driver(name=D-9), passengers=[Passenger(name=P-6), Passenger(name=P-13)], duration=19, distance=5.0, discount=null)), (Trip(driver=Driver(name=D-4), passengers=[Passenger(name=P-7), Passenger(name=P-9)], duration=38, distance=20.0, discount=null), Trip(driver=Driver(name=D-5), passengers=[Passenger(name=P-4)], duration=20, distance=5.0, discount=0.4)), (Trip(driver=Driver(name=D-4), passengers=[Passenger(name=P-7), Passenger(name=P-9)], duration=38, distance=20.0, discount=null), Trip(driver=Driver(name=D-3), passengers=[Passenger(name=P-14)], duration=32, distance=37.0, discount=null)), (Trip(driver=Driver(name=D-4), passengers=[Passenger(name=P-7), Passenger(name=P-9)], duration=38, distance=20.0, discount=null), Trip(driver=Driver(name=D-1), passengers=[Passenger(name=P-11)], duration=19, distance=11.0, discount=0.4)), (Trip(driver=Driver(name=D-4), passengers=[Passenger(name=P-7), Passenger(name=P-9)], duration=38, distance=20.0, discount=null), Trip(driver=Driver(name=D-3), passengers=[Passenger(name=P-6), Passenger(name=P-16)], duration=39, distance=10.0, discount=null)), (Trip(driver=Driver(name=D-4), passengers=[Passenger(name=P-7), Passenger(name=P-9)], duration=38, distance=20.0, discount=null), Trip(driver=Driver(name=D-7), passengers=[Passenger(name=P-4), Passenger(name=P-6), Passenger(name=P-11)], duration=8, distance=16.0, discount=0.4)), (Trip(driver=Driver(name=D-4), passengers=[Passenger(name=P-7), Passenger(name=P-9)], duration=38, distance=20.0, discount=null), Trip(driver=Driver(name=D-0), passengers=[Passenger(name=P-5)], duration=19, distance=39.0, discount=0.1)), (Trip(driver=Driver(name=D-4), passengers=[Passenger(name=P-7), Passenger(name=P-9)], duration=38, distance=20.0, discount=null), Trip(driver=Driver(name=D-5), passengers=[Passenger(name=P-8), Passenger(name=P-19)], duration=35, distance=31.0, discount=0.4))]
item [(Trip(driver=Driver(name=D-9), passengers=[Passenger(name=P-6), Passenger(name=P-13)], duration=19, distance=5.0, discount=null), Trip(driver=Driver(name=D-5), passengers=[Passenger(name=P-4), Passenger(name=P-18)], duration=13, distance=32.0, discount=null)), (Trip(driver=Driver(name=D-9), passengers=[Passenger(name=P-6), Passenger(name=P-13)], duration=19, distance=5.0, discount=null), Trip(driver=Driver(name=D-7), passengers=[Passenger(name=P-7), Passenger(name=P-9), Passenger(name=P-16), Passenger(name=P-13)], duration=8, distance=11.0, discount=null)), (Trip(driver=Driver(name=D-9), passengers=[Passenger(name=P-6), Passenger(name=P-13)], duration=19, distance=5.0, discount=null), Trip(driver=Driver(name=D-9), passengers=[Passenger(name=P-3), Passenger(name=P-18), Passenger(name=P-1)], duration=4, distance=27.0, discount=0.1)), (Trip(driver=Driver(name=D-9), passengers=[Passenger(name=P-6), Passenger(name=P-13)], duration=19, distance=5.0, discount=null), Trip(driver=Driver(name=D-4), passengers=[Passenger(name=P-2), Passenger(name=P-3), Passenger(name=P-8)], duration=7, distance=8.0, discount=null)), (Trip(driver=Driver(name=D-9), passengers=[Passenger(name=P-6), Passenger(name=P-13)], duration=19, distance=5.0, discount=null), Trip(driver=Driver(name=D-1), passengers=[Passenger(name=P-14), Passenger(name=P-4)], duration=9, distance=34.0, discount=null)), (Trip(driver=Driver(name=D-9), passengers=[Passenger(name=P-6), Passenger(name=P-13)], duration=19, distance=5.0, discount=null), Trip(driver=Driver(name=D-2), passengers=[Passenger(name=P-8), Passenger(name=P-4)], duration=9, distance=19.0, discount=0.1)), (Trip(driver=Driver(name=D-9), passengers=[Passenger(name=P-6), Passenger(name=P-13)], duration=19, distance=5.0, discount=null), Trip(driver=Driver(name=D-4), passengers=[Passenger(name=P-8)], duration=35, distance=24.0, discount=0.3)), (Trip(driver=Driver(name=D-9), passengers=[Passenger(name=P-6), Passenger(name=P-13)], duration=19, distance=5.0, discount=null), Trip(driver=Driver(name=D-8), passengers=[Passenger(name=P-14), Passenger(name=P-13)], duration=11, distance=4.0, discount=null)), (Trip(driver=Driver(name=D-9), passengers=[Passenger(name=P-6), Passenger(name=P-13)], duration=19, distance=5.0, discount=null), Trip(driver=Driver(name=D-9), passengers=[Passenger(name=P-5), Passenger(name=P-1)], duration=20, distance=18.0, discount=0.2)), (Trip(driver=Driver(name=D-9), passengers=[Passenger(name=P-6), Passenger(name=P-13)], duration=19, distance=5.0, discount=null), Trip(driver=Driver(name=D-2), passengers=[Passenger(name=P-9), Passenger(name=P-13)], duration=24, distance=13.0, discount=null)), (Trip(driver=Driver(name=D-9), passengers=[Passenger(name=P-6), Passenger(name=P-13)], duration=19, distance=5.0, discount=null), Trip(driver=Driver(name=D-1), passengers=[Passenger(name=P-5), Passenger(name=P-14), Passenger(name=P-13)], duration=1, distance=4.0, discount=null)), (Trip(driver=Driver(name=D-9), passengers=[Passenger(name=P-6), Passenger(name=P-13)], duration=19, distance=5.0, discount=null), Trip(driver=Driver(name=D-1), passengers=[Passenger(name=P-15), Passenger(name=P-5)], duration=17, distance=34.0, discount=null)), (Trip(driver=Driver(name=D-9), passengers=[Passenger(name=P-6), Passenger(name=P-13)], duration=19, distance=5.0, discount=null), Trip(driver=Driver(name=D-0), passengers=[Passenger(name=P-16)], duration=18, distance=7.0, discount=null)), (Trip(driver=Driver(name=D-9), passengers=[Passenger(name=P-6), Passenger(name=P-13)], duration=19, distance=5.0, discount=null), Trip(driver=Driver(name=D-5), passengers=[Passenger(name=P-17)], duration=1, distance=34.0, discount=0.1)), (Trip(driver=Driver(name=D-9), passengers=[Passenger(name=P-6), Passenger(name=P-13)], duration=19, distance=5.0, discount=null), Trip(driver=Driver(name=D-1), passengers=[Passenger(name=P-11), Passenger(name=P-3), Passenger(name=P-7)], duration=9, distance=23.0, discount=0.2)), (Trip(driver=Driver(name=D-9), passengers=[Passenger(name=P-6), Passenger(name=P-13)], duration=19, distance=5.0, discount=null), Trip(driver=Driver(name=D-8), passengers=[Passenger(name=P-8), Passenger(name=P-11)], duration=7, distance=34.0, discount=0.4)), (Trip(driver=Driver(name=D-9), passengers=[Passenger(name=P-6), Passenger(name=P-13)], duration=19, distance=5.0, discount=null), Trip(driver=Driver(name=D-8), passengers=[Passenger(name=P-3)], duration=5, distance=20.0, discount=null)), (Trip(driver=Driver(name=D-9), passengers=[Passenger(name=P-6), Passenger(name=P-13)], duration=19, distance=5.0, discount=null), Trip(driver=Driver(name=D-9), passengers=[Passenger(name=P-3), Passenger(name=P-13), Passenger(name=P-12), Passenger(name=P-17)], duration=26, distance=19.0, discount=0.1)), (Trip(driver=Driver(name=D-9), passengers=[Passenger(name=P-6), Passenger(name=P-13)], duration=19, distance=5.0, discount=null), Trip(driver=Driver(name=D-8), passengers=[Passenger(name=P-16), Passenger(name=P-7)], duration=35, distance=9.0, discount=0.2)), (Trip(driver=Driver(name=D-9), passengers=[Passenger(name=P-6), Passenger(name=P-13)], duration=19, distance=5.0, discount=null), Trip(driver=Driver(name=D-0), passengers=[Passenger(name=P-16)], duration=28, distance=5.0, discount=0.1)), (Trip(driver=Driver(name=D-9), passengers=[Passenger(name=P-6), Passenger(name=P-13)], duration=19, distance=5.0, discount=null), Trip(driver=Driver(name=D-6), passengers=[Passenger(name=P-4)], duration=27, distance=38.0, discount=null)), (Trip(driver=Driver(name=D-9), passengers=[Passenger(name=P-6), Passenger(name=P-13)], duration=19, distance=5.0, discount=null), Trip(driver=Driver(name=D-4), passengers=[Passenger(name=P-7), Passenger(name=P-9)], duration=38, distance=20.0, discount=null)), (Trip(driver=Driver(name=D-9), passengers=[Passenger(name=P-6), Passenger(name=P-13)], duration=19, distance=5.0, discount=null), Trip(driver=Driver(name=D-9), passengers=[Passenger(name=P-6), Passenger(name=P-13)], duration=19, distance=5.0, discount=null)), (Trip(driver=Driver(name=D-9), passengers=[Passenger(name=P-6), Passenger(name=P-13)], duration=19, distance=5.0, discount=null), Trip(driver=Driver(name=D-5), passengers=[Passenger(name=P-4)], duration=20, distance=5.0, discount=0.4)), (Trip(driver=Driver(name=D-9), passengers=[Passenger(name=P-6), Passenger(name=P-13)], duration=19, distance=5.0, discount=null), Trip(driver=Driver(name=D-3), passengers=[Passenger(name=P-14)], duration=32, distance=37.0, discount=null)), (Trip(driver=Driver(name=D-9), passengers=[Passenger(name=P-6), Passenger(name=P-13)], duration=19, distance=5.0, discount=null), Trip(driver=Driver(name=D-1), passengers=[Passenger(name=P-11)], duration=19, distance=11.0, discount=0.4)), (Trip(driver=Driver(name=D-9), passengers=[Passenger(name=P-6), Passenger(name=P-13)], duration=19, distance=5.0, discount=null), Trip(driver=Driver(name=D-3), passengers=[Passenger(name=P-6), Passenger(name=P-16)], duration=39, distance=10.0, discount=null)), (Trip(driver=Driver(name=D-9), passengers=[Passenger(name=P-6), Passenger(name=P-13)], duration=19, distance=5.0, discount=null), Trip(driver=Driver(name=D-7), passengers=[Passenger(name=P-4), Passenger(name=P-6), Passenger(name=P-11)], duration=8, distance=16.0, discount=0.4)), (Trip(driver=Driver(name=D-9), passengers=[Passenger(name=P-6), Passenger(name=P-13)], duration=19, distance=5.0, discount=null), Trip(driver=Driver(name=D-0), passengers=[Passenger(name=P-5)], duration=19, distance=39.0, discount=0.1)), (Trip(driver=Driver(name=D-9), passengers=[Passenger(name=P-6), Passenger(name=P-13)], duration=19, distance=5.0, discount=null), Trip(driver=Driver(name=D-5), passengers=[Passenger(name=P-8), Passenger(name=P-19)], duration=35, distance=31.0, discount=0.4))]
item [(Trip(driver=Driver(name=D-5), passengers=[Passenger(name=P-4)], duration=20, distance=5.0, discount=0.4), Trip(driver=Driver(name=D-5), passengers=[Passenger(name=P-4), Passenger(name=P-18)], duration=13, distance=32.0, discount=null)), (Trip(driver=Driver(name=D-5), passengers=[Passenger(name=P-4)], duration=20, distance=5.0, discount=0.4), Trip(driver=Driver(name=D-7), passengers=[Passenger(name=P-7), Passenger(name=P-9), Passenger(name=P-16), Passenger(name=P-13)], duration=8, distance=11.0, discount=null)), (Trip(driver=Driver(name=D-5), passengers=[Passenger(name=P-4)], duration=20, distance=5.0, discount=0.4), Trip(driver=Driver(name=D-9), passengers=[Passenger(name=P-3), Passenger(name=P-18), Passenger(name=P-1)], duration=4, distance=27.0, discount=0.1)), (Trip(driver=Driver(name=D-5), passengers=[Passenger(name=P-4)], duration=20, distance=5.0, discount=0.4), Trip(driver=Driver(name=D-4), passengers=[Passenger(name=P-2), Passenger(name=P-3), Passenger(name=P-8)], duration=7, distance=8.0, discount=null)), (Trip(driver=Driver(name=D-5), passengers=[Passenger(name=P-4)], duration=20, distance=5.0, discount=0.4), Trip(driver=Driver(name=D-1), passengers=[Passenger(name=P-14), Passenger(name=P-4)], duration=9, distance=34.0, discount=null)), (Trip(driver=Driver(name=D-5), passengers=[Passenger(name=P-4)], duration=20, distance=5.0, discount=0.4), Trip(driver=Driver(name=D-2), passengers=[Passenger(name=P-8), Passenger(name=P-4)], duration=9, distance=19.0, discount=0.1)), (Trip(driver=Driver(name=D-5), passengers=[Passenger(name=P-4)], duration=20, distance=5.0, discount=0.4), Trip(driver=Driver(name=D-4), passengers=[Passenger(name=P-8)], duration=35, distance=24.0, discount=0.3)), (Trip(driver=Driver(name=D-5), passengers=[Passenger(name=P-4)], duration=20, distance=5.0, discount=0.4), Trip(driver=Driver(name=D-8), passengers=[Passenger(name=P-14), Passenger(name=P-13)], duration=11, distance=4.0, discount=null)), (Trip(driver=Driver(name=D-5), passengers=[Passenger(name=P-4)], duration=20, distance=5.0, discount=0.4), Trip(driver=Driver(name=D-9), passengers=[Passenger(name=P-5), Passenger(name=P-1)], duration=20, distance=18.0, discount=0.2)), (Trip(driver=Driver(name=D-5), passengers=[Passenger(name=P-4)], duration=20, distance=5.0, discount=0.4), Trip(driver=Driver(name=D-2), passengers=[Passenger(name=P-9), Passenger(name=P-13)], duration=24, distance=13.0, discount=null)), (Trip(driver=Driver(name=D-5), passengers=[Passenger(name=P-4)], duration=20, distance=5.0, discount=0.4), Trip(driver=Driver(name=D-1), passengers=[Passenger(name=P-5), Passenger(name=P-14), Passenger(name=P-13)], duration=1, distance=4.0, discount=null)), (Trip(driver=Driver(name=D-5), passengers=[Passenger(name=P-4)], duration=20, distance=5.0, discount=0.4), Trip(driver=Driver(name=D-1), passengers=[Passenger(name=P-15), Passenger(name=P-5)], duration=17, distance=34.0, discount=null)), (Trip(driver=Driver(name=D-5), passengers=[Passenger(name=P-4)], duration=20, distance=5.0, discount=0.4), Trip(driver=Driver(name=D-0), passengers=[Passenger(name=P-16)], duration=18, distance=7.0, discount=null)), (Trip(driver=Driver(name=D-5), passengers=[Passenger(name=P-4)], duration=20, distance=5.0, discount=0.4), Trip(driver=Driver(name=D-5), passengers=[Passenger(name=P-17)], duration=1, distance=34.0, discount=0.1)), (Trip(driver=Driver(name=D-5), passengers=[Passenger(name=P-4)], duration=20, distance=5.0, discount=0.4), Trip(driver=Driver(name=D-1), passengers=[Passenger(name=P-11), Passenger(name=P-3), Passenger(name=P-7)], duration=9, distance=23.0, discount=0.2)), (Trip(driver=Driver(name=D-5), passengers=[Passenger(name=P-4)], duration=20, distance=5.0, discount=0.4), Trip(driver=Driver(name=D-8), passengers=[Passenger(name=P-8), Passenger(name=P-11)], duration=7, distance=34.0, discount=0.4)), (Trip(driver=Driver(name=D-5), passengers=[Passenger(name=P-4)], duration=20, distance=5.0, discount=0.4), Trip(driver=Driver(name=D-8), passengers=[Passenger(name=P-3)], duration=5, distance=20.0, discount=null)), (Trip(driver=Driver(name=D-5), passengers=[Passenger(name=P-4)], duration=20, distance=5.0, discount=0.4), Trip(driver=Driver(name=D-9), passengers=[Passenger(name=P-3), Passenger(name=P-13), Passenger(name=P-12), Passenger(name=P-17)], duration=26, distance=19.0, discount=0.1)), (Trip(driver=Driver(name=D-5), passengers=[Passenger(name=P-4)], duration=20, distance=5.0, discount=0.4), Trip(driver=Driver(name=D-8), passengers=[Passenger(name=P-16), Passenger(name=P-7)], duration=35, distance=9.0, discount=0.2)), (Trip(driver=Driver(name=D-5), passengers=[Passenger(name=P-4)], duration=20, distance=5.0, discount=0.4), Trip(driver=Driver(name=D-0), passengers=[Passenger(name=P-16)], duration=28, distance=5.0, discount=0.1)), (Trip(driver=Driver(name=D-5), passengers=[Passenger(name=P-4)], duration=20, distance=5.0, discount=0.4), Trip(driver=Driver(name=D-6), passengers=[Passenger(name=P-4)], duration=27, distance=38.0, discount=null)), (Trip(driver=Driver(name=D-5), passengers=[Passenger(name=P-4)], duration=20, distance=5.0, discount=0.4), Trip(driver=Driver(name=D-4), passengers=[Passenger(name=P-7), Passenger(name=P-9)], duration=38, distance=20.0, discount=null)), (Trip(driver=Driver(name=D-5), passengers=[Passenger(name=P-4)], duration=20, distance=5.0, discount=0.4), Trip(driver=Driver(name=D-9), passengers=[Passenger(name=P-6), Passenger(name=P-13)], duration=19, distance=5.0, discount=null)), (Trip(driver=Driver(name=D-5), passengers=[Passenger(name=P-4)], duration=20, distance=5.0, discount=0.4), Trip(driver=Driver(name=D-5), passengers=[Passenger(name=P-4)], duration=20, distance=5.0, discount=0.4)), (Trip(driver=Driver(name=D-5), passengers=[Passenger(name=P-4)], duration=20, distance=5.0, discount=0.4), Trip(driver=Driver(name=D-3), passengers=[Passenger(name=P-14)], duration=32, distance=37.0, discount=null)), (Trip(driver=Driver(name=D-5), passengers=[Passenger(name=P-4)], duration=20, distance=5.0, discount=0.4), Trip(driver=Driver(name=D-1), passengers=[Passenger(name=P-11)], duration=19, distance=11.0, discount=0.4)), (Trip(driver=Driver(name=D-5), passengers=[Passenger(name=P-4)], duration=20, distance=5.0, discount=0.4), Trip(driver=Driver(name=D-3), passengers=[Passenger(name=P-6), Passenger(name=P-16)], duration=39, distance=10.0, discount=null)), (Trip(driver=Driver(name=D-5), passengers=[Passenger(name=P-4)], duration=20, distance=5.0, discount=0.4), Trip(driver=Driver(name=D-7), passengers=[Passenger(name=P-4), Passenger(name=P-6), Passenger(name=P-11)], duration=8, distance=16.0, discount=0.4)), (Trip(driver=Driver(name=D-5), passengers=[Passenger(name=P-4)], duration=20, distance=5.0, discount=0.4), Trip(driver=Driver(name=D-0), passengers=[Passenger(name=P-5)], duration=19, distance=39.0, discount=0.1)), (Trip(driver=Driver(name=D-5), passengers=[Passenger(name=P-4)], duration=20, distance=5.0, discount=0.4), Trip(driver=Driver(name=D-5), passengers=[Passenger(name=P-8), Passenger(name=P-19)], duration=35, distance=31.0, discount=0.4))]
item [(Trip(driver=Driver(name=D-3), passengers=[Passenger(name=P-14)], duration=32, distance=37.0, discount=null), Trip(driver=Driver(name=D-5), passengers=[Passenger(name=P-4), Passenger(name=P-18)], duration=13, distance=32.0, discount=null)), (Trip(driver=Driver(name=D-3), passengers=[Passenger(name=P-14)], duration=32, distance=37.0, discount=null), Trip(driver=Driver(name=D-7), passengers=[Passenger(name=P-7), Passenger(name=P-9), Passenger(name=P-16), Passenger(name=P-13)], duration=8, distance=11.0, discount=null)), (Trip(driver=Driver(name=D-3), passengers=[Passenger(name=P-14)], duration=32, distance=37.0, discount=null), Trip(driver=Driver(name=D-9), passengers=[Passenger(name=P-3), Passenger(name=P-18), Passenger(name=P-1)], duration=4, distance=27.0, discount=0.1)), (Trip(driver=Driver(name=D-3), passengers=[Passenger(name=P-14)], duration=32, distance=37.0, discount=null), Trip(driver=Driver(name=D-4), passengers=[Passenger(name=P-2), Passenger(name=P-3), Passenger(name=P-8)], duration=7, distance=8.0, discount=null)), (Trip(driver=Driver(name=D-3), passengers=[Passenger(name=P-14)], duration=32, distance=37.0, discount=null), Trip(driver=Driver(name=D-1), passengers=[Passenger(name=P-14), Passenger(name=P-4)], duration=9, distance=34.0, discount=null)), (Trip(driver=Driver(name=D-3), passengers=[Passenger(name=P-14)], duration=32, distance=37.0, discount=null), Trip(driver=Driver(name=D-2), passengers=[Passenger(name=P-8), Passenger(name=P-4)], duration=9, distance=19.0, discount=0.1)), (Trip(driver=Driver(name=D-3), passengers=[Passenger(name=P-14)], duration=32, distance=37.0, discount=null), Trip(driver=Driver(name=D-4), passengers=[Passenger(name=P-8)], duration=35, distance=24.0, discount=0.3)), (Trip(driver=Driver(name=D-3), passengers=[Passenger(name=P-14)], duration=32, distance=37.0, discount=null), Trip(driver=Driver(name=D-8), passengers=[Passenger(name=P-14), Passenger(name=P-13)], duration=11, distance=4.0, discount=null)), (Trip(driver=Driver(name=D-3), passengers=[Passenger(name=P-14)], duration=32, distance=37.0, discount=null), Trip(driver=Driver(name=D-9), passengers=[Passenger(name=P-5), Passenger(name=P-1)], duration=20, distance=18.0, discount=0.2)), (Trip(driver=Driver(name=D-3), passengers=[Passenger(name=P-14)], duration=32, distance=37.0, discount=null), Trip(driver=Driver(name=D-2), passengers=[Passenger(name=P-9), Passenger(name=P-13)], duration=24, distance=13.0, discount=null)), (Trip(driver=Driver(name=D-3), passengers=[Passenger(name=P-14)], duration=32, distance=37.0, discount=null), Trip(driver=Driver(name=D-1), passengers=[Passenger(name=P-5), Passenger(name=P-14), Passenger(name=P-13)], duration=1, distance=4.0, discount=null)), (Trip(driver=Driver(name=D-3), passengers=[Passenger(name=P-14)], duration=32, distance=37.0, discount=null), Trip(driver=Driver(name=D-1), passengers=[Passenger(name=P-15), Passenger(name=P-5)], duration=17, distance=34.0, discount=null)), (Trip(driver=Driver(name=D-3), passengers=[Passenger(name=P-14)], duration=32, distance=37.0, discount=null), Trip(driver=Driver(name=D-0), passengers=[Passenger(name=P-16)], duration=18, distance=7.0, discount=null)), (Trip(driver=Driver(name=D-3), passengers=[Passenger(name=P-14)], duration=32, distance=37.0, discount=null), Trip(driver=Driver(name=D-5), passengers=[Passenger(name=P-17)], duration=1, distance=34.0, discount=0.1)), (Trip(driver=Driver(name=D-3), passengers=[Passenger(name=P-14)], duration=32, distance=37.0, discount=null), Trip(driver=Driver(name=D-1), passengers=[Passenger(name=P-11), Passenger(name=P-3), Passenger(name=P-7)], duration=9, distance=23.0, discount=0.2)), (Trip(driver=Driver(name=D-3), passengers=[Passenger(name=P-14)], duration=32, distance=37.0, discount=null), Trip(driver=Driver(name=D-8), passengers=[Passenger(name=P-8), Passenger(name=P-11)], duration=7, distance=34.0, discount=0.4)), (Trip(driver=Driver(name=D-3), passengers=[Passenger(name=P-14)], duration=32, distance=37.0, discount=null), Trip(driver=Driver(name=D-8), passengers=[Passenger(name=P-3)], duration=5, distance=20.0, discount=null)), (Trip(driver=Driver(name=D-3), passengers=[Passenger(name=P-14)], duration=32, distance=37.0, discount=null), Trip(driver=Driver(name=D-9), passengers=[Passenger(name=P-3), Passenger(name=P-13), Passenger(name=P-12), Passenger(name=P-17)], duration=26, distance=19.0, discount=0.1)), (Trip(driver=Driver(name=D-3), passengers=[Passenger(name=P-14)], duration=32, distance=37.0, discount=null), Trip(driver=Driver(name=D-8), passengers=[Passenger(name=P-16), Passenger(name=P-7)], duration=35, distance=9.0, discount=0.2)), (Trip(driver=Driver(name=D-3), passengers=[Passenger(name=P-14)], duration=32, distance=37.0, discount=null), Trip(driver=Driver(name=D-0), passengers=[Passenger(name=P-16)], duration=28, distance=5.0, discount=0.1)), (Trip(driver=Driver(name=D-3), passengers=[Passenger(name=P-14)], duration=32, distance=37.0, discount=null), Trip(driver=Driver(name=D-6), passengers=[Passenger(name=P-4)], duration=27, distance=38.0, discount=null)), (Trip(driver=Driver(name=D-3), passengers=[Passenger(name=P-14)], duration=32, distance=37.0, discount=null), Trip(driver=Driver(name=D-4), passengers=[Passenger(name=P-7), Passenger(name=P-9)], duration=38, distance=20.0, discount=null)), (Trip(driver=Driver(name=D-3), passengers=[Passenger(name=P-14)], duration=32, distance=37.0, discount=null), Trip(driver=Driver(name=D-9), passengers=[Passenger(name=P-6), Passenger(name=P-13)], duration=19, distance=5.0, discount=null)), (Trip(driver=Driver(name=D-3), passengers=[Passenger(name=P-14)], duration=32, distance=37.0, discount=null), Trip(driver=Driver(name=D-5), passengers=[Passenger(name=P-4)], duration=20, distance=5.0, discount=0.4)), (Trip(driver=Driver(name=D-3), passengers=[Passenger(name=P-14)], duration=32, distance=37.0, discount=null), Trip(driver=Driver(name=D-3), passengers=[Passenger(name=P-14)], duration=32, distance=37.0, discount=null)), (Trip(driver=Driver(name=D-3), passengers=[Passenger(name=P-14)], duration=32, distance=37.0, discount=null), Trip(driver=Driver(name=D-1), passengers=[Passenger(name=P-11)], duration=19, distance=11.0, discount=0.4)), (Trip(driver=Driver(name=D-3), passengers=[Passenger(name=P-14)], duration=32, distance=37.0, discount=null), Trip(driver=Driver(name=D-3), passengers=[Passenger(name=P-6), Passenger(name=P-16)], duration=39, distance=10.0, discount=null)), (Trip(driver=Driver(name=D-3), passengers=[Passenger(name=P-14)], duration=32, distance=37.0, discount=null), Trip(driver=Driver(name=D-7), passengers=[Passenger(name=P-4), Passenger(name=P-6), Passenger(name=P-11)], duration=8, distance=16.0, discount=0.4)), (Trip(driver=Driver(name=D-3), passengers=[Passenger(name=P-14)], duration=32, distance=37.0, discount=null), Trip(driver=Driver(name=D-0), passengers=[Passenger(name=P-5)], duration=19, distance=39.0, discount=0.1)), (Trip(driver=Driver(name=D-3), passengers=[Passenger(name=P-14)], duration=32, distance=37.0, discount=null), Trip(driver=Driver(name=D-5), passengers=[Passenger(name=P-8), Passenger(name=P-19)], duration=35, distance=31.0, discount=0.4))]
item [(Trip(driver=Driver(name=D-1), passengers=[Passenger(name=P-11)], duration=19, distance=11.0, discount=0.4), Trip(driver=Driver(name=D-5), passengers=[Passenger(name=P-4), Passenger(name=P-18)], duration=13, distance=32.0, discount=null)), (Trip(driver=Driver(name=D-1), passengers=[Passenger(name=P-11)], duration=19, distance=11.0, discount=0.4), Trip(driver=Driver(name=D-7), passengers=[Passenger(name=P-7), Passenger(name=P-9), Passenger(name=P-16), Passenger(name=P-13)], duration=8, distance=11.0, discount=null)), (Trip(driver=Driver(name=D-1), passengers=[Passenger(name=P-11)], duration=19, distance=11.0, discount=0.4), Trip(driver=Driver(name=D-9), passengers=[Passenger(name=P-3), Passenger(name=P-18), Passenger(name=P-1)], duration=4, distance=27.0, discount=0.1)), (Trip(driver=Driver(name=D-1), passengers=[Passenger(name=P-11)], duration=19, distance=11.0, discount=0.4), Trip(driver=Driver(name=D-4), passengers=[Passenger(name=P-2), Passenger(name=P-3), Passenger(name=P-8)], duration=7, distance=8.0, discount=null)), (Trip(driver=Driver(name=D-1), passengers=[Passenger(name=P-11)], duration=19, distance=11.0, discount=0.4), Trip(driver=Driver(name=D-1), passengers=[Passenger(name=P-14), Passenger(name=P-4)], duration=9, distance=34.0, discount=null)), (Trip(driver=Driver(name=D-1), passengers=[Passenger(name=P-11)], duration=19, distance=11.0, discount=0.4), Trip(driver=Driver(name=D-2), passengers=[Passenger(name=P-8), Passenger(name=P-4)], duration=9, distance=19.0, discount=0.1)), (Trip(driver=Driver(name=D-1), passengers=[Passenger(name=P-11)], duration=19, distance=11.0, discount=0.4), Trip(driver=Driver(name=D-4), passengers=[Passenger(name=P-8)], duration=35, distance=24.0, discount=0.3)), (Trip(driver=Driver(name=D-1), passengers=[Passenger(name=P-11)], duration=19, distance=11.0, discount=0.4), Trip(driver=Driver(name=D-8), passengers=[Passenger(name=P-14), Passenger(name=P-13)], duration=11, distance=4.0, discount=null)), (Trip(driver=Driver(name=D-1), passengers=[Passenger(name=P-11)], duration=19, distance=11.0, discount=0.4), Trip(driver=Driver(name=D-9), passengers=[Passenger(name=P-5), Passenger(name=P-1)], duration=20, distance=18.0, discount=0.2)), (Trip(driver=Driver(name=D-1), passengers=[Passenger(name=P-11)], duration=19, distance=11.0, discount=0.4), Trip(driver=Driver(name=D-2), passengers=[Passenger(name=P-9), Passenger(name=P-13)], duration=24, distance=13.0, discount=null)), (Trip(driver=Driver(name=D-1), passengers=[Passenger(name=P-11)], duration=19, distance=11.0, discount=0.4), Trip(driver=Driver(name=D-1), passengers=[Passenger(name=P-5), Passenger(name=P-14), Passenger(name=P-13)], duration=1, distance=4.0, discount=null)), (Trip(driver=Driver(name=D-1), passengers=[Passenger(name=P-11)], duration=19, distance=11.0, discount=0.4), Trip(driver=Driver(name=D-1), passengers=[Passenger(name=P-15), Passenger(name=P-5)], duration=17, distance=34.0, discount=null)), (Trip(driver=Driver(name=D-1), passengers=[Passenger(name=P-11)], duration=19, distance=11.0, discount=0.4), Trip(driver=Driver(name=D-0), passengers=[Passenger(name=P-16)], duration=18, distance=7.0, discount=null)), (Trip(driver=Driver(name=D-1), passengers=[Passenger(name=P-11)], duration=19, distance=11.0, discount=0.4), Trip(driver=Driver(name=D-5), passengers=[Passenger(name=P-17)], duration=1, distance=34.0, discount=0.1)), (Trip(driver=Driver(name=D-1), passengers=[Passenger(name=P-11)], duration=19, distance=11.0, discount=0.4), Trip(driver=Driver(name=D-1), passengers=[Passenger(name=P-11), Passenger(name=P-3), Passenger(name=P-7)], duration=9, distance=23.0, discount=0.2)), (Trip(driver=Driver(name=D-1), passengers=[Passenger(name=P-11)], duration=19, distance=11.0, discount=0.4), Trip(driver=Driver(name=D-8), passengers=[Passenger(name=P-8), Passenger(name=P-11)], duration=7, distance=34.0, discount=0.4)), (Trip(driver=Driver(name=D-1), passengers=[Passenger(name=P-11)], duration=19, distance=11.0, discount=0.4), Trip(driver=Driver(name=D-8), passengers=[Passenger(name=P-3)], duration=5, distance=20.0, discount=null)), (Trip(driver=Driver(name=D-1), passengers=[Passenger(name=P-11)], duration=19, distance=11.0, discount=0.4), Trip(driver=Driver(name=D-9), passengers=[Passenger(name=P-3), Passenger(name=P-13), Passenger(name=P-12), Passenger(name=P-17)], duration=26, distance=19.0, discount=0.1)), (Trip(driver=Driver(name=D-1), passengers=[Passenger(name=P-11)], duration=19, distance=11.0, discount=0.4), Trip(driver=Driver(name=D-8), passengers=[Passenger(name=P-16), Passenger(name=P-7)], duration=35, distance=9.0, discount=0.2)), (Trip(driver=Driver(name=D-1), passengers=[Passenger(name=P-11)], duration=19, distance=11.0, discount=0.4), Trip(driver=Driver(name=D-0), passengers=[Passenger(name=P-16)], duration=28, distance=5.0, discount=0.1)), (Trip(driver=Driver(name=D-1), passengers=[Passenger(name=P-11)], duration=19, distance=11.0, discount=0.4), Trip(driver=Driver(name=D-6), passengers=[Passenger(name=P-4)], duration=27, distance=38.0, discount=null)), (Trip(driver=Driver(name=D-1), passengers=[Passenger(name=P-11)], duration=19, distance=11.0, discount=0.4), Trip(driver=Driver(name=D-4), passengers=[Passenger(name=P-7), Passenger(name=P-9)], duration=38, distance=20.0, discount=null)), (Trip(driver=Driver(name=D-1), passengers=[Passenger(name=P-11)], duration=19, distance=11.0, discount=0.4), Trip(driver=Driver(name=D-9), passengers=[Passenger(name=P-6), Passenger(name=P-13)], duration=19, distance=5.0, discount=null)), (Trip(driver=Driver(name=D-1), passengers=[Passenger(name=P-11)], duration=19, distance=11.0, discount=0.4), Trip(driver=Driver(name=D-5), passengers=[Passenger(name=P-4)], duration=20, distance=5.0, discount=0.4)), (Trip(driver=Driver(name=D-1), passengers=[Passenger(name=P-11)], duration=19, distance=11.0, discount=0.4), Trip(driver=Driver(name=D-3), passengers=[Passenger(name=P-14)], duration=32, distance=37.0, discount=null)), (Trip(driver=Driver(name=D-1), passengers=[Passenger(name=P-11)], duration=19, distance=11.0, discount=0.4), Trip(driver=Driver(name=D-1), passengers=[Passenger(name=P-11)], duration=19, distance=11.0, discount=0.4)), (Trip(driver=Driver(name=D-1), passengers=[Passenger(name=P-11)], duration=19, distance=11.0, discount=0.4), Trip(driver=Driver(name=D-3), passengers=[Passenger(name=P-6), Passenger(name=P-16)], duration=39, distance=10.0, discount=null)), (Trip(driver=Driver(name=D-1), passengers=[Passenger(name=P-11)], duration=19, distance=11.0, discount=0.4), Trip(driver=Driver(name=D-7), passengers=[Passenger(name=P-4), Passenger(name=P-6), Passenger(name=P-11)], duration=8, distance=16.0, discount=0.4)), (Trip(driver=Driver(name=D-1), passengers=[Passenger(name=P-11)], duration=19, distance=11.0, discount=0.4), Trip(driver=Driver(name=D-0), passengers=[Passenger(name=P-5)], duration=19, distance=39.0, discount=0.1)), (Trip(driver=Driver(name=D-1), passengers=[Passenger(name=P-11)], duration=19, distance=11.0, discount=0.4), Trip(driver=Driver(name=D-5), passengers=[Passenger(name=P-8), Passenger(name=P-19)], duration=35, distance=31.0, discount=0.4))]
item [(Trip(driver=Driver(name=D-3), passengers=[Passenger(name=P-6), Passenger(name=P-16)], duration=39, distance=10.0, discount=null), Trip(driver=Driver(name=D-5), passengers=[Passenger(name=P-4), Passenger(name=P-18)], duration=13, distance=32.0, discount=null)), (Trip(driver=Driver(name=D-3), passengers=[Passenger(name=P-6), Passenger(name=P-16)], duration=39, distance=10.0, discount=null), Trip(driver=Driver(name=D-7), passengers=[Passenger(name=P-7), Passenger(name=P-9), Passenger(name=P-16), Passenger(name=P-13)], duration=8, distance=11.0, discount=null)), (Trip(driver=Driver(name=D-3), passengers=[Passenger(name=P-6), Passenger(name=P-16)], duration=39, distance=10.0, discount=null), Trip(driver=Driver(name=D-9), passengers=[Passenger(name=P-3), Passenger(name=P-18), Passenger(name=P-1)], duration=4, distance=27.0, discount=0.1)), (Trip(driver=Driver(name=D-3), passengers=[Passenger(name=P-6), Passenger(name=P-16)], duration=39, distance=10.0, discount=null), Trip(driver=Driver(name=D-4), passengers=[Passenger(name=P-2), Passenger(name=P-3), Passenger(name=P-8)], duration=7, distance=8.0, discount=null)), (Trip(driver=Driver(name=D-3), passengers=[Passenger(name=P-6), Passenger(name=P-16)], duration=39, distance=10.0, discount=null), Trip(driver=Driver(name=D-1), passengers=[Passenger(name=P-14), Passenger(name=P-4)], duration=9, distance=34.0, discount=null)), (Trip(driver=Driver(name=D-3), passengers=[Passenger(name=P-6), Passenger(name=P-16)], duration=39, distance=10.0, discount=null), Trip(driver=Driver(name=D-2), passengers=[Passenger(name=P-8), Passenger(name=P-4)], duration=9, distance=19.0, discount=0.1)), (Trip(driver=Driver(name=D-3), passengers=[Passenger(name=P-6), Passenger(name=P-16)], duration=39, distance=10.0, discount=null), Trip(driver=Driver(name=D-4), passengers=[Passenger(name=P-8)], duration=35, distance=24.0, discount=0.3)), (Trip(driver=Driver(name=D-3), passengers=[Passenger(name=P-6), Passenger(name=P-16)], duration=39, distance=10.0, discount=null), Trip(driver=Driver(name=D-8), passengers=[Passenger(name=P-14), Passenger(name=P-13)], duration=11, distance=4.0, discount=null)), (Trip(driver=Driver(name=D-3), passengers=[Passenger(name=P-6), Passenger(name=P-16)], duration=39, distance=10.0, discount=null), Trip(driver=Driver(name=D-9), passengers=[Passenger(name=P-5), Passenger(name=P-1)], duration=20, distance=18.0, discount=0.2)), (Trip(driver=Driver(name=D-3), passengers=[Passenger(name=P-6), Passenger(name=P-16)], duration=39, distance=10.0, discount=null), Trip(driver=Driver(name=D-2), passengers=[Passenger(name=P-9), Passenger(name=P-13)], duration=24, distance=13.0, discount=null)), (Trip(driver=Driver(name=D-3), passengers=[Passenger(name=P-6), Passenger(name=P-16)], duration=39, distance=10.0, discount=null), Trip(driver=Driver(name=D-1), passengers=[Passenger(name=P-5), Passenger(name=P-14), Passenger(name=P-13)], duration=1, distance=4.0, discount=null)), (Trip(driver=Driver(name=D-3), passengers=[Passenger(name=P-6), Passenger(name=P-16)], duration=39, distance=10.0, discount=null), Trip(driver=Driver(name=D-1), passengers=[Passenger(name=P-15), Passenger(name=P-5)], duration=17, distance=34.0, discount=null)), (Trip(driver=Driver(name=D-3), passengers=[Passenger(name=P-6), Passenger(name=P-16)], duration=39, distance=10.0, discount=null), Trip(driver=Driver(name=D-0), passengers=[Passenger(name=P-16)], duration=18, distance=7.0, discount=null)), (Trip(driver=Driver(name=D-3), passengers=[Passenger(name=P-6), Passenger(name=P-16)], duration=39, distance=10.0, discount=null), Trip(driver=Driver(name=D-5), passengers=[Passenger(name=P-17)], duration=1, distance=34.0, discount=0.1)), (Trip(driver=Driver(name=D-3), passengers=[Passenger(name=P-6), Passenger(name=P-16)], duration=39, distance=10.0, discount=null), Trip(driver=Driver(name=D-1), passengers=[Passenger(name=P-11), Passenger(name=P-3), Passenger(name=P-7)], duration=9, distance=23.0, discount=0.2)), (Trip(driver=Driver(name=D-3), passengers=[Passenger(name=P-6), Passenger(name=P-16)], duration=39, distance=10.0, discount=null), Trip(driver=Driver(name=D-8), passengers=[Passenger(name=P-8), Passenger(name=P-11)], duration=7, distance=34.0, discount=0.4)), (Trip(driver=Driver(name=D-3), passengers=[Passenger(name=P-6), Passenger(name=P-16)], duration=39, distance=10.0, discount=null), Trip(driver=Driver(name=D-8), passengers=[Passenger(name=P-3)], duration=5, distance=20.0, discount=null)), (Trip(driver=Driver(name=D-3), passengers=[Passenger(name=P-6), Passenger(name=P-16)], duration=39, distance=10.0, discount=null), Trip(driver=Driver(name=D-9), passengers=[Passenger(name=P-3), Passenger(name=P-13), Passenger(name=P-12), Passenger(name=P-17)], duration=26, distance=19.0, discount=0.1)), (Trip(driver=Driver(name=D-3), passengers=[Passenger(name=P-6), Passenger(name=P-16)], duration=39, distance=10.0, discount=null), Trip(driver=Driver(name=D-8), passengers=[Passenger(name=P-16), Passenger(name=P-7)], duration=35, distance=9.0, discount=0.2)), (Trip(driver=Driver(name=D-3), passengers=[Passenger(name=P-6), Passenger(name=P-16)], duration=39, distance=10.0, discount=null), Trip(driver=Driver(name=D-0), passengers=[Passenger(name=P-16)], duration=28, distance=5.0, discount=0.1)), (Trip(driver=Driver(name=D-3), passengers=[Passenger(name=P-6), Passenger(name=P-16)], duration=39, distance=10.0, discount=null), Trip(driver=Driver(name=D-6), passengers=[Passenger(name=P-4)], duration=27, distance=38.0, discount=null)), (Trip(driver=Driver(name=D-3), passengers=[Passenger(name=P-6), Passenger(name=P-16)], duration=39, distance=10.0, discount=null), Trip(driver=Driver(name=D-4), passengers=[Passenger(name=P-7), Passenger(name=P-9)], duration=38, distance=20.0, discount=null)), (Trip(driver=Driver(name=D-3), passengers=[Passenger(name=P-6), Passenger(name=P-16)], duration=39, distance=10.0, discount=null), Trip(driver=Driver(name=D-9), passengers=[Passenger(name=P-6), Passenger(name=P-13)], duration=19, distance=5.0, discount=null)), (Trip(driver=Driver(name=D-3), passengers=[Passenger(name=P-6), Passenger(name=P-16)], duration=39, distance=10.0, discount=null), Trip(driver=Driver(name=D-5), passengers=[Passenger(name=P-4)], duration=20, distance=5.0, discount=0.4)), (Trip(driver=Driver(name=D-3), passengers=[Passenger(name=P-6), Passenger(name=P-16)], duration=39, distance=10.0, discount=null), Trip(driver=Driver(name=D-3), passengers=[Passenger(name=P-14)], duration=32, distance=37.0, discount=null)), (Trip(driver=Driver(name=D-3), passengers=[Passenger(name=P-6), Passenger(name=P-16)], duration=39, distance=10.0, discount=null), Trip(driver=Driver(name=D-1), passengers=[Passenger(name=P-11)], duration=19, distance=11.0, discount=0.4)), (Trip(driver=Driver(name=D-3), passengers=[Passenger(name=P-6), Passenger(name=P-16)], duration=39, distance=10.0, discount=null), Trip(driver=Driver(name=D-3), passengers=[Passenger(name=P-6), Passenger(name=P-16)], duration=39, distance=10.0, discount=null)), (Trip(driver=Driver(name=D-3), passengers=[Passenger(name=P-6), Passenger(name=P-16)], duration=39, distance=10.0, discount=null), Trip(driver=Driver(name=D-7), passengers=[Passenger(name=P-4), Passenger(name=P-6), Passenger(name=P-11)], duration=8, distance=16.0, discount=0.4)), (Trip(driver=Driver(name=D-3), passengers=[Passenger(name=P-6), Passenger(name=P-16)], duration=39, distance=10.0, discount=null), Trip(driver=Driver(name=D-0), passengers=[Passenger(name=P-5)], duration=19, distance=39.0, discount=0.1)), (Trip(driver=Driver(name=D-3), passengers=[Passenger(name=P-6), Passenger(name=P-16)], duration=39, distance=10.0, discount=null), Trip(driver=Driver(name=D-5), passengers=[Passenger(name=P-8), Passenger(name=P-19)], duration=35, distance=31.0, discount=0.4))]
item [(Trip(driver=Driver(name=D-7), passengers=[Passenger(name=P-4), Passenger(name=P-6), Passenger(name=P-11)], duration=8, distance=16.0, discount=0.4), Trip(driver=Driver(name=D-5), passengers=[Passenger(name=P-4), Passenger(name=P-18)], duration=13, distance=32.0, discount=null)), (Trip(driver=Driver(name=D-7), passengers=[Passenger(name=P-4), Passenger(name=P-6), Passenger(name=P-11)], duration=8, distance=16.0, discount=0.4), Trip(driver=Driver(name=D-7), passengers=[Passenger(name=P-7), Passenger(name=P-9), Passenger(name=P-16), Passenger(name=P-13)], duration=8, distance=11.0, discount=null)), (Trip(driver=Driver(name=D-7), passengers=[Passenger(name=P-4), Passenger(name=P-6), Passenger(name=P-11)], duration=8, distance=16.0, discount=0.4), Trip(driver=Driver(name=D-9), passengers=[Passenger(name=P-3), Passenger(name=P-18), Passenger(name=P-1)], duration=4, distance=27.0, discount=0.1)), (Trip(driver=Driver(name=D-7), passengers=[Passenger(name=P-4), Passenger(name=P-6), Passenger(name=P-11)], duration=8, distance=16.0, discount=0.4), Trip(driver=Driver(name=D-4), passengers=[Passenger(name=P-2), Passenger(name=P-3), Passenger(name=P-8)], duration=7, distance=8.0, discount=null)), (Trip(driver=Driver(name=D-7), passengers=[Passenger(name=P-4), Passenger(name=P-6), Passenger(name=P-11)], duration=8, distance=16.0, discount=0.4), Trip(driver=Driver(name=D-1), passengers=[Passenger(name=P-14), Passenger(name=P-4)], duration=9, distance=34.0, discount=null)), (Trip(driver=Driver(name=D-7), passengers=[Passenger(name=P-4), Passenger(name=P-6), Passenger(name=P-11)], duration=8, distance=16.0, discount=0.4), Trip(driver=Driver(name=D-2), passengers=[Passenger(name=P-8), Passenger(name=P-4)], duration=9, distance=19.0, discount=0.1)), (Trip(driver=Driver(name=D-7), passengers=[Passenger(name=P-4), Passenger(name=P-6), Passenger(name=P-11)], duration=8, distance=16.0, discount=0.4), Trip(driver=Driver(name=D-4), passengers=[Passenger(name=P-8)], duration=35, distance=24.0, discount=0.3)), (Trip(driver=Driver(name=D-7), passengers=[Passenger(name=P-4), Passenger(name=P-6), Passenger(name=P-11)], duration=8, distance=16.0, discount=0.4), Trip(driver=Driver(name=D-8), passengers=[Passenger(name=P-14), Passenger(name=P-13)], duration=11, distance=4.0, discount=null)), (Trip(driver=Driver(name=D-7), passengers=[Passenger(name=P-4), Passenger(name=P-6), Passenger(name=P-11)], duration=8, distance=16.0, discount=0.4), Trip(driver=Driver(name=D-9), passengers=[Passenger(name=P-5), Passenger(name=P-1)], duration=20, distance=18.0, discount=0.2)), (Trip(driver=Driver(name=D-7), passengers=[Passenger(name=P-4), Passenger(name=P-6), Passenger(name=P-11)], duration=8, distance=16.0, discount=0.4), Trip(driver=Driver(name=D-2), passengers=[Passenger(name=P-9), Passenger(name=P-13)], duration=24, distance=13.0, discount=null)), (Trip(driver=Driver(name=D-7), passengers=[Passenger(name=P-4), Passenger(name=P-6), Passenger(name=P-11)], duration=8, distance=16.0, discount=0.4), Trip(driver=Driver(name=D-1), passengers=[Passenger(name=P-5), Passenger(name=P-14), Passenger(name=P-13)], duration=1, distance=4.0, discount=null)), (Trip(driver=Driver(name=D-7), passengers=[Passenger(name=P-4), Passenger(name=P-6), Passenger(name=P-11)], duration=8, distance=16.0, discount=0.4), Trip(driver=Driver(name=D-1), passengers=[Passenger(name=P-15), Passenger(name=P-5)], duration=17, distance=34.0, discount=null)), (Trip(driver=Driver(name=D-7), passengers=[Passenger(name=P-4), Passenger(name=P-6), Passenger(name=P-11)], duration=8, distance=16.0, discount=0.4), Trip(driver=Driver(name=D-0), passengers=[Passenger(name=P-16)], duration=18, distance=7.0, discount=null)), (Trip(driver=Driver(name=D-7), passengers=[Passenger(name=P-4), Passenger(name=P-6), Passenger(name=P-11)], duration=8, distance=16.0, discount=0.4), Trip(driver=Driver(name=D-5), passengers=[Passenger(name=P-17)], duration=1, distance=34.0, discount=0.1)), (Trip(driver=Driver(name=D-7), passengers=[Passenger(name=P-4), Passenger(name=P-6), Passenger(name=P-11)], duration=8, distance=16.0, discount=0.4), Trip(driver=Driver(name=D-1), passengers=[Passenger(name=P-11), Passenger(name=P-3), Passenger(name=P-7)], duration=9, distance=23.0, discount=0.2)), (Trip(driver=Driver(name=D-7), passengers=[Passenger(name=P-4), Passenger(name=P-6), Passenger(name=P-11)], duration=8, distance=16.0, discount=0.4), Trip(driver=Driver(name=D-8), passengers=[Passenger(name=P-8), Passenger(name=P-11)], duration=7, distance=34.0, discount=0.4)), (Trip(driver=Driver(name=D-7), passengers=[Passenger(name=P-4), Passenger(name=P-6), Passenger(name=P-11)], duration=8, distance=16.0, discount=0.4), Trip(driver=Driver(name=D-8), passengers=[Passenger(name=P-3)], duration=5, distance=20.0, discount=null)), (Trip(driver=Driver(name=D-7), passengers=[Passenger(name=P-4), Passenger(name=P-6), Passenger(name=P-11)], duration=8, distance=16.0, discount=0.4), Trip(driver=Driver(name=D-9), passengers=[Passenger(name=P-3), Passenger(name=P-13), Passenger(name=P-12), Passenger(name=P-17)], duration=26, distance=19.0, discount=0.1)), (Trip(driver=Driver(name=D-7), passengers=[Passenger(name=P-4), Passenger(name=P-6), Passenger(name=P-11)], duration=8, distance=16.0, discount=0.4), Trip(driver=Driver(name=D-8), passengers=[Passenger(name=P-16), Passenger(name=P-7)], duration=35, distance=9.0, discount=0.2)), (Trip(driver=Driver(name=D-7), passengers=[Passenger(name=P-4), Passenger(name=P-6), Passenger(name=P-11)], duration=8, distance=16.0, discount=0.4), Trip(driver=Driver(name=D-0), passengers=[Passenger(name=P-16)], duration=28, distance=5.0, discount=0.1)), (Trip(driver=Driver(name=D-7), passengers=[Passenger(name=P-4), Passenger(name=P-6), Passenger(name=P-11)], duration=8, distance=16.0, discount=0.4), Trip(driver=Driver(name=D-6), passengers=[Passenger(name=P-4)], duration=27, distance=38.0, discount=null)), (Trip(driver=Driver(name=D-7), passengers=[Passenger(name=P-4), Passenger(name=P-6), Passenger(name=P-11)], duration=8, distance=16.0, discount=0.4), Trip(driver=Driver(name=D-4), passengers=[Passenger(name=P-7), Passenger(name=P-9)], duration=38, distance=20.0, discount=null)), (Trip(driver=Driver(name=D-7), passengers=[Passenger(name=P-4), Passenger(name=P-6), Passenger(name=P-11)], duration=8, distance=16.0, discount=0.4), Trip(driver=Driver(name=D-9), passengers=[Passenger(name=P-6), Passenger(name=P-13)], duration=19, distance=5.0, discount=null)), (Trip(driver=Driver(name=D-7), passengers=[Passenger(name=P-4), Passenger(name=P-6), Passenger(name=P-11)], duration=8, distance=16.0, discount=0.4), Trip(driver=Driver(name=D-5), passengers=[Passenger(name=P-4)], duration=20, distance=5.0, discount=0.4)), (Trip(driver=Driver(name=D-7), passengers=[Passenger(name=P-4), Passenger(name=P-6), Passenger(name=P-11)], duration=8, distance=16.0, discount=0.4), Trip(driver=Driver(name=D-3), passengers=[Passenger(name=P-14)], duration=32, distance=37.0, discount=null)), (Trip(driver=Driver(name=D-7), passengers=[Passenger(name=P-4), Passenger(name=P-6), Passenger(name=P-11)], duration=8, distance=16.0, discount=0.4), Trip(driver=Driver(name=D-1), passengers=[Passenger(name=P-11)], duration=19, distance=11.0, discount=0.4)), (Trip(driver=Driver(name=D-7), passengers=[Passenger(name=P-4), Passenger(name=P-6), Passenger(name=P-11)], duration=8, distance=16.0, discount=0.4), Trip(driver=Driver(name=D-3), passengers=[Passenger(name=P-6), Passenger(name=P-16)], duration=39, distance=10.0, discount=null)), (Trip(driver=Driver(name=D-7), passengers=[Passenger(name=P-4), Passenger(name=P-6), Passenger(name=P-11)], duration=8, distance=16.0, discount=0.4), Trip(driver=Driver(name=D-7), passengers=[Passenger(name=P-4), Passenger(name=P-6), Passenger(name=P-11)], duration=8, distance=16.0, discount=0.4)), (Trip(driver=Driver(name=D-7), passengers=[Passenger(name=P-4), Passenger(name=P-6), Passenger(name=P-11)], duration=8, distance=16.0, discount=0.4), Trip(driver=Driver(name=D-0), passengers=[Passenger(name=P-5)], duration=19, distance=39.0, discount=0.1)), (Trip(driver=Driver(name=D-7), passengers=[Passenger(name=P-4), Passenger(name=P-6), Passenger(name=P-11)], duration=8, distance=16.0, discount=0.4), Trip(driver=Driver(name=D-5), passengers=[Passenger(name=P-8), Passenger(name=P-19)], duration=35, distance=31.0, discount=0.4))]
item [(Trip(driver=Driver(name=D-0), passengers=[Passenger(name=P-5)], duration=19, distance=39.0, discount=0.1), Trip(driver=Driver(name=D-5), passengers=[Passenger(name=P-4), Passenger(name=P-18)], duration=13, distance=32.0, discount=null)), (Trip(driver=Driver(name=D-0), passengers=[Passenger(name=P-5)], duration=19, distance=39.0, discount=0.1), Trip(driver=Driver(name=D-7), passengers=[Passenger(name=P-7), Passenger(name=P-9), Passenger(name=P-16), Passenger(name=P-13)], duration=8, distance=11.0, discount=null)), (Trip(driver=Driver(name=D-0), passengers=[Passenger(name=P-5)], duration=19, distance=39.0, discount=0.1), Trip(driver=Driver(name=D-9), passengers=[Passenger(name=P-3), Passenger(name=P-18), Passenger(name=P-1)], duration=4, distance=27.0, discount=0.1)), (Trip(driver=Driver(name=D-0), passengers=[Passenger(name=P-5)], duration=19, distance=39.0, discount=0.1), Trip(driver=Driver(name=D-4), passengers=[Passenger(name=P-2), Passenger(name=P-3), Passenger(name=P-8)], duration=7, distance=8.0, discount=null)), (Trip(driver=Driver(name=D-0), passengers=[Passenger(name=P-5)], duration=19, distance=39.0, discount=0.1), Trip(driver=Driver(name=D-1), passengers=[Passenger(name=P-14), Passenger(name=P-4)], duration=9, distance=34.0, discount=null)), (Trip(driver=Driver(name=D-0), passengers=[Passenger(name=P-5)], duration=19, distance=39.0, discount=0.1), Trip(driver=Driver(name=D-2), passengers=[Passenger(name=P-8), Passenger(name=P-4)], duration=9, distance=19.0, discount=0.1)), (Trip(driver=Driver(name=D-0), passengers=[Passenger(name=P-5)], duration=19, distance=39.0, discount=0.1), Trip(driver=Driver(name=D-4), passengers=[Passenger(name=P-8)], duration=35, distance=24.0, discount=0.3)), (Trip(driver=Driver(name=D-0), passengers=[Passenger(name=P-5)], duration=19, distance=39.0, discount=0.1), Trip(driver=Driver(name=D-8), passengers=[Passenger(name=P-14), Passenger(name=P-13)], duration=11, distance=4.0, discount=null)), (Trip(driver=Driver(name=D-0), passengers=[Passenger(name=P-5)], duration=19, distance=39.0, discount=0.1), Trip(driver=Driver(name=D-9), passengers=[Passenger(name=P-5), Passenger(name=P-1)], duration=20, distance=18.0, discount=0.2)), (Trip(driver=Driver(name=D-0), passengers=[Passenger(name=P-5)], duration=19, distance=39.0, discount=0.1), Trip(driver=Driver(name=D-2), passengers=[Passenger(name=P-9), Passenger(name=P-13)], duration=24, distance=13.0, discount=null)), (Trip(driver=Driver(name=D-0), passengers=[Passenger(name=P-5)], duration=19, distance=39.0, discount=0.1), Trip(driver=Driver(name=D-1), passengers=[Passenger(name=P-5), Passenger(name=P-14), Passenger(name=P-13)], duration=1, distance=4.0, discount=null)), (Trip(driver=Driver(name=D-0), passengers=[Passenger(name=P-5)], duration=19, distance=39.0, discount=0.1), Trip(driver=Driver(name=D-1), passengers=[Passenger(name=P-15), Passenger(name=P-5)], duration=17, distance=34.0, discount=null)), (Trip(driver=Driver(name=D-0), passengers=[Passenger(name=P-5)], duration=19, distance=39.0, discount=0.1), Trip(driver=Driver(name=D-0), passengers=[Passenger(name=P-16)], duration=18, distance=7.0, discount=null)), (Trip(driver=Driver(name=D-0), passengers=[Passenger(name=P-5)], duration=19, distance=39.0, discount=0.1), Trip(driver=Driver(name=D-5), passengers=[Passenger(name=P-17)], duration=1, distance=34.0, discount=0.1)), (Trip(driver=Driver(name=D-0), passengers=[Passenger(name=P-5)], duration=19, distance=39.0, discount=0.1), Trip(driver=Driver(name=D-1), passengers=[Passenger(name=P-11), Passenger(name=P-3), Passenger(name=P-7)], duration=9, distance=23.0, discount=0.2)), (Trip(driver=Driver(name=D-0), passengers=[Passenger(name=P-5)], duration=19, distance=39.0, discount=0.1), Trip(driver=Driver(name=D-8), passengers=[Passenger(name=P-8), Passenger(name=P-11)], duration=7, distance=34.0, discount=0.4)), (Trip(driver=Driver(name=D-0), passengers=[Passenger(name=P-5)], duration=19, distance=39.0, discount=0.1), Trip(driver=Driver(name=D-8), passengers=[Passenger(name=P-3)], duration=5, distance=20.0, discount=null)), (Trip(driver=Driver(name=D-0), passengers=[Passenger(name=P-5)], duration=19, distance=39.0, discount=0.1), Trip(driver=Driver(name=D-9), passengers=[Passenger(name=P-3), Passenger(name=P-13), Passenger(name=P-12), Passenger(name=P-17)], duration=26, distance=19.0, discount=0.1)), (Trip(driver=Driver(name=D-0), passengers=[Passenger(name=P-5)], duration=19, distance=39.0, discount=0.1), Trip(driver=Driver(name=D-8), passengers=[Passenger(name=P-16), Passenger(name=P-7)], duration=35, distance=9.0, discount=0.2)), (Trip(driver=Driver(name=D-0), passengers=[Passenger(name=P-5)], duration=19, distance=39.0, discount=0.1), Trip(driver=Driver(name=D-0), passengers=[Passenger(name=P-16)], duration=28, distance=5.0, discount=0.1)), (Trip(driver=Driver(name=D-0), passengers=[Passenger(name=P-5)], duration=19, distance=39.0, discount=0.1), Trip(driver=Driver(name=D-6), passengers=[Passenger(name=P-4)], duration=27, distance=38.0, discount=null)), (Trip(driver=Driver(name=D-0), passengers=[Passenger(name=P-5)], duration=19, distance=39.0, discount=0.1), Trip(driver=Driver(name=D-4), passengers=[Passenger(name=P-7), Passenger(name=P-9)], duration=38, distance=20.0, discount=null)), (Trip(driver=Driver(name=D-0), passengers=[Passenger(name=P-5)], duration=19, distance=39.0, discount=0.1), Trip(driver=Driver(name=D-9), passengers=[Passenger(name=P-6), Passenger(name=P-13)], duration=19, distance=5.0, discount=null)), (Trip(driver=Driver(name=D-0), passengers=[Passenger(name=P-5)], duration=19, distance=39.0, discount=0.1), Trip(driver=Driver(name=D-5), passengers=[Passenger(name=P-4)], duration=20, distance=5.0, discount=0.4)), (Trip(driver=Driver(name=D-0), passengers=[Passenger(name=P-5)], duration=19, distance=39.0, discount=0.1), Trip(driver=Driver(name=D-3), passengers=[Passenger(name=P-14)], duration=32, distance=37.0, discount=null)), (Trip(driver=Driver(name=D-0), passengers=[Passenger(name=P-5)], duration=19, distance=39.0, discount=0.1), Trip(driver=Driver(name=D-1), passengers=[Passenger(name=P-11)], duration=19, distance=11.0, discount=0.4)), (Trip(driver=Driver(name=D-0), passengers=[Passenger(name=P-5)], duration=19, distance=39.0, discount=0.1), Trip(driver=Driver(name=D-3), passengers=[Passenger(name=P-6), Passenger(name=P-16)], duration=39, distance=10.0, discount=null)), (Trip(driver=Driver(name=D-0), passengers=[Passenger(name=P-5)], duration=19, distance=39.0, discount=0.1), Trip(driver=Driver(name=D-7), passengers=[Passenger(name=P-4), Passenger(name=P-6), Passenger(name=P-11)], duration=8, distance=16.0, discount=0.4)), (Trip(driver=Driver(name=D-0), passengers=[Passenger(name=P-5)], duration=19, distance=39.0, discount=0.1), Trip(driver=Driver(name=D-0), passengers=[Passenger(name=P-5)], duration=19, distance=39.0, discount=0.1)), (Trip(driver=Driver(name=D-0), passengers=[Passenger(name=P-5)], duration=19, distance=39.0, discount=0.1), Trip(driver=Driver(name=D-5), passengers=[Passenger(name=P-8), Passenger(name=P-19)], duration=35, distance=31.0, discount=0.4))]
item [(Trip(driver=Driver(name=D-5), passengers=[Passenger(name=P-8), Passenger(name=P-19)], duration=35, distance=31.0, discount=0.4), Trip(driver=Driver(name=D-5), passengers=[Passenger(name=P-4), Passenger(name=P-18)], duration=13, distance=32.0, discount=null)), (Trip(driver=Driver(name=D-5), passengers=[Passenger(name=P-8), Passenger(name=P-19)], duration=35, distance=31.0, discount=0.4), Trip(driver=Driver(name=D-7), passengers=[Passenger(name=P-7), Passenger(name=P-9), Passenger(name=P-16), Passenger(name=P-13)], duration=8, distance=11.0, discount=null)), (Trip(driver=Driver(name=D-5), passengers=[Passenger(name=P-8), Passenger(name=P-19)], duration=35, distance=31.0, discount=0.4), Trip(driver=Driver(name=D-9), passengers=[Passenger(name=P-3), Passenger(name=P-18), Passenger(name=P-1)], duration=4, distance=27.0, discount=0.1)), (Trip(driver=Driver(name=D-5), passengers=[Passenger(name=P-8), Passenger(name=P-19)], duration=35, distance=31.0, discount=0.4), Trip(driver=Driver(name=D-4), passengers=[Passenger(name=P-2), Passenger(name=P-3), Passenger(name=P-8)], duration=7, distance=8.0, discount=null)), (Trip(driver=Driver(name=D-5), passengers=[Passenger(name=P-8), Passenger(name=P-19)], duration=35, distance=31.0, discount=0.4), Trip(driver=Driver(name=D-1), passengers=[Passenger(name=P-14), Passenger(name=P-4)], duration=9, distance=34.0, discount=null)), (Trip(driver=Driver(name=D-5), passengers=[Passenger(name=P-8), Passenger(name=P-19)], duration=35, distance=31.0, discount=0.4), Trip(driver=Driver(name=D-2), passengers=[Passenger(name=P-8), Passenger(name=P-4)], duration=9, distance=19.0, discount=0.1)), (Trip(driver=Driver(name=D-5), passengers=[Passenger(name=P-8), Passenger(name=P-19)], duration=35, distance=31.0, discount=0.4), Trip(driver=Driver(name=D-4), passengers=[Passenger(name=P-8)], duration=35, distance=24.0, discount=0.3)), (Trip(driver=Driver(name=D-5), passengers=[Passenger(name=P-8), Passenger(name=P-19)], duration=35, distance=31.0, discount=0.4), Trip(driver=Driver(name=D-8), passengers=[Passenger(name=P-14), Passenger(name=P-13)], duration=11, distance=4.0, discount=null)), (Trip(driver=Driver(name=D-5), passengers=[Passenger(name=P-8), Passenger(name=P-19)], duration=35, distance=31.0, discount=0.4), Trip(driver=Driver(name=D-9), passengers=[Passenger(name=P-5), Passenger(name=P-1)], duration=20, distance=18.0, discount=0.2)), (Trip(driver=Driver(name=D-5), passengers=[Passenger(name=P-8), Passenger(name=P-19)], duration=35, distance=31.0, discount=0.4), Trip(driver=Driver(name=D-2), passengers=[Passenger(name=P-9), Passenger(name=P-13)], duration=24, distance=13.0, discount=null)), (Trip(driver=Driver(name=D-5), passengers=[Passenger(name=P-8), Passenger(name=P-19)], duration=35, distance=31.0, discount=0.4), Trip(driver=Driver(name=D-1), passengers=[Passenger(name=P-5), Passenger(name=P-14), Passenger(name=P-13)], duration=1, distance=4.0, discount=null)), (Trip(driver=Driver(name=D-5), passengers=[Passenger(name=P-8), Passenger(name=P-19)], duration=35, distance=31.0, discount=0.4), Trip(driver=Driver(name=D-1), passengers=[Passenger(name=P-15), Passenger(name=P-5)], duration=17, distance=34.0, discount=null)), (Trip(driver=Driver(name=D-5), passengers=[Passenger(name=P-8), Passenger(name=P-19)], duration=35, distance=31.0, discount=0.4), Trip(driver=Driver(name=D-0), passengers=[Passenger(name=P-16)], duration=18, distance=7.0, discount=null)), (Trip(driver=Driver(name=D-5), passengers=[Passenger(name=P-8), Passenger(name=P-19)], duration=35, distance=31.0, discount=0.4), Trip(driver=Driver(name=D-5), passengers=[Passenger(name=P-17)], duration=1, distance=34.0, discount=0.1)), (Trip(driver=Driver(name=D-5), passengers=[Passenger(name=P-8), Passenger(name=P-19)], duration=35, distance=31.0, discount=0.4), Trip(driver=Driver(name=D-1), passengers=[Passenger(name=P-11), Passenger(name=P-3), Passenger(name=P-7)], duration=9, distance=23.0, discount=0.2)), (Trip(driver=Driver(name=D-5), passengers=[Passenger(name=P-8), Passenger(name=P-19)], duration=35, distance=31.0, discount=0.4), Trip(driver=Driver(name=D-8), passengers=[Passenger(name=P-8), Passenger(name=P-11)], duration=7, distance=34.0, discount=0.4)), (Trip(driver=Driver(name=D-5), passengers=[Passenger(name=P-8), Passenger(name=P-19)], duration=35, distance=31.0, discount=0.4), Trip(driver=Driver(name=D-8), passengers=[Passenger(name=P-3)], duration=5, distance=20.0, discount=null)), (Trip(driver=Driver(name=D-5), passengers=[Passenger(name=P-8), Passenger(name=P-19)], duration=35, distance=31.0, discount=0.4), Trip(driver=Driver(name=D-9), passengers=[Passenger(name=P-3), Passenger(name=P-13), Passenger(name=P-12), Passenger(name=P-17)], duration=26, distance=19.0, discount=0.1)), (Trip(driver=Driver(name=D-5), passengers=[Passenger(name=P-8), Passenger(name=P-19)], duration=35, distance=31.0, discount=0.4), Trip(driver=Driver(name=D-8), passengers=[Passenger(name=P-16), Passenger(name=P-7)], duration=35, distance=9.0, discount=0.2)), (Trip(driver=Driver(name=D-5), passengers=[Passenger(name=P-8), Passenger(name=P-19)], duration=35, distance=31.0, discount=0.4), Trip(driver=Driver(name=D-0), passengers=[Passenger(name=P-16)], duration=28, distance=5.0, discount=0.1)), (Trip(driver=Driver(name=D-5), passengers=[Passenger(name=P-8), Passenger(name=P-19)], duration=35, distance=31.0, discount=0.4), Trip(driver=Driver(name=D-6), passengers=[Passenger(name=P-4)], duration=27, distance=38.0, discount=null)), (Trip(driver=Driver(name=D-5), passengers=[Passenger(name=P-8), Passenger(name=P-19)], duration=35, distance=31.0, discount=0.4), Trip(driver=Driver(name=D-4), passengers=[Passenger(name=P-7), Passenger(name=P-9)], duration=38, distance=20.0, discount=null)), (Trip(driver=Driver(name=D-5), passengers=[Passenger(name=P-8), Passenger(name=P-19)], duration=35, distance=31.0, discount=0.4), Trip(driver=Driver(name=D-9), passengers=[Passenger(name=P-6), Passenger(name=P-13)], duration=19, distance=5.0, discount=null)), (Trip(driver=Driver(name=D-5), passengers=[Passenger(name=P-8), Passenger(name=P-19)], duration=35, distance=31.0, discount=0.4), Trip(driver=Driver(name=D-5), passengers=[Passenger(name=P-4)], duration=20, distance=5.0, discount=0.4)), (Trip(driver=Driver(name=D-5), passengers=[Passenger(name=P-8), Passenger(name=P-19)], duration=35, distance=31.0, discount=0.4), Trip(driver=Driver(name=D-3), passengers=[Passenger(name=P-14)], duration=32, distance=37.0, discount=null)), (Trip(driver=Driver(name=D-5), passengers=[Passenger(name=P-8), Passenger(name=P-19)], duration=35, distance=31.0, discount=0.4), Trip(driver=Driver(name=D-1), passengers=[Passenger(name=P-11)], duration=19, distance=11.0, discount=0.4)), (Trip(driver=Driver(name=D-5), passengers=[Passenger(name=P-8), Passenger(name=P-19)], duration=35, distance=31.0, discount=0.4), Trip(driver=Driver(name=D-3), passengers=[Passenger(name=P-6), Passenger(name=P-16)], duration=39, distance=10.0, discount=null)), (Trip(driver=Driver(name=D-5), passengers=[Passenger(name=P-8), Passenger(name=P-19)], duration=35, distance=31.0, discount=0.4), Trip(driver=Driver(name=D-7), passengers=[Passenger(name=P-4), Passenger(name=P-6), Passenger(name=P-11)], duration=8, distance=16.0, discount=0.4)), (Trip(driver=Driver(name=D-5), passengers=[Passenger(name=P-8), Passenger(name=P-19)], duration=35, distance=31.0, discount=0.4), Trip(driver=Driver(name=D-0), passengers=[Passenger(name=P-5)], duration=19, distance=39.0, discount=0.1)), (Trip(driver=Driver(name=D-5), passengers=[Passenger(name=P-8), Passenger(name=P-19)], duration=35, distance=31.0, discount=0.4), Trip(driver=Driver(name=D-5), passengers=[Passenger(name=P-8), Passenger(name=P-19)], duration=35, distance=31.0, discount=0.4))]
item [(Trip(driver=Driver(name=D-3), passengers=[Passenger(name=P-7), Passenger(name=P-3), Passenger(name=P-4)], duration=400, distance=890.0, discount=null), Trip(driver=Driver(name=D-3), passengers=[Passenger(name=P-7), Passenger(name=P-3), Passenger(name=P-4)], duration=400, distance=890.0, discount=null)), (Trip(driver=Driver(name=D-3), passengers=[Passenger(name=P-7), Passenger(name=P-3), Passenger(name=P-4)], duration=400, distance=890.0, discount=null), Trip(driver=Driver(name=D-5), passengers=[Passenger(name=P-4), Passenger(name=P-1)], duration=10, distance=897.0, discount=0.1)), (Trip(driver=Driver(name=D-3), passengers=[Passenger(name=P-7), Passenger(name=P-3), Passenger(name=P-4)], duration=400, distance=890.0, discount=null), Trip(driver=Driver(name=D-0), passengers=[Passenger(name=P-4), Passenger(name=P-2)], duration=672, distance=818.0, discount=null)), (Trip(driver=Driver(name=D-3), passengers=[Passenger(name=P-7), Passenger(name=P-3), Passenger(name=P-4)], duration=400, distance=890.0, discount=null), Trip(driver=Driver(name=D-5), passengers=[Passenger(name=P-9)], duration=715, distance=807.0, discount=0.2)), (Trip(driver=Driver(name=D-3), passengers=[Passenger(name=P-7), Passenger(name=P-3), Passenger(name=P-4)], duration=400, distance=890.0, discount=null), Trip(driver=Driver(name=D-4), passengers=[Passenger(name=P-5), Passenger(name=P-3), Passenger(name=P-2)], duration=462, distance=816.0, discount=null)), (Trip(driver=Driver(name=D-3), passengers=[Passenger(name=P-7), Passenger(name=P-3), Passenger(name=P-4)], duration=400, distance=890.0, discount=null), Trip(driver=Driver(name=D-2), passengers=[Passenger(name=P-6), Passenger(name=P-2)], duration=824, distance=948.0, discount=null)), (Trip(driver=Driver(name=D-3), passengers=[Passenger(name=P-7), Passenger(name=P-3), Passenger(name=P-4)], duration=400, distance=890.0, discount=null), Trip(driver=Driver(name=D-5), passengers=[Passenger(name=P-5), Passenger(name=P-3), Passenger(name=P-7)], duration=261, distance=26.0, discount=null)), (Trip(driver=Driver(name=D-3), passengers=[Passenger(name=P-7), Passenger(name=P-3), Passenger(name=P-4)], duration=400, distance=890.0, discount=null), Trip(driver=Driver(name=D-3), passengers=[Passenger(name=P-8), Passenger(name=P-3), Passenger(name=P-5)], duration=575, distance=57.0, discount=0.1)), (Trip(driver=Driver(name=D-3), passengers=[Passenger(name=P-7), Passenger(name=P-3), Passenger(name=P-4)], duration=400, distance=890.0, discount=null), Trip(driver=Driver(name=D-3), passengers=[Passenger(name=P-2), Passenger(name=P-1)], duration=341, distance=607.0, discount=0.3)), (Trip(driver=Driver(name=D-3), passengers=[Passenger(name=P-7), Passenger(name=P-3), Passenger(name=P-4)], duration=400, distance=890.0, discount=null), Trip(driver=Driver(name=D-4), passengers=[Passenger(name=P-3), Passenger(name=P-8), Passenger(name=P-6)], duration=349, distance=26.0, discount=null))]
item [(Trip(driver=Driver(name=D-5), passengers=[Passenger(name=P-4), Passenger(name=P-1)], duration=10, distance=897.0, discount=0.1), Trip(driver=Driver(name=D-3), passengers=[Passenger(name=P-7), Passenger(name=P-3), Passenger(name=P-4)], duration=400, distance=890.0, discount=null)), (Trip(driver=Driver(name=D-5), passengers=[Passenger(name=P-4), Passenger(name=P-1)], duration=10, distance=897.0, discount=0.1), Trip(driver=Driver(name=D-5), passengers=[Passenger(name=P-4), Passenger(name=P-1)], duration=10, distance=897.0, discount=0.1)), (Trip(driver=Driver(name=D-5), passengers=[Passenger(name=P-4), Passenger(name=P-1)], duration=10, distance=897.0, discount=0.1), Trip(driver=Driver(name=D-0), passengers=[Passenger(name=P-4), Passenger(name=P-2)], duration=672, distance=818.0, discount=null)), (Trip(driver=Driver(name=D-5), passengers=[Passenger(name=P-4), Passenger(name=P-1)], duration=10, distance=897.0, discount=0.1), Trip(driver=Driver(name=D-5), passengers=[Passenger(name=P-9)], duration=715, distance=807.0, discount=0.2)), (Trip(driver=Driver(name=D-5), passengers=[Passenger(name=P-4), Passenger(name=P-1)], duration=10, distance=897.0, discount=0.1), Trip(driver=Driver(name=D-4), passengers=[Passenger(name=P-5), Passenger(name=P-3), Passenger(name=P-2)], duration=462, distance=816.0, discount=null)), (Trip(driver=Driver(name=D-5), passengers=[Passenger(name=P-4), Passenger(name=P-1)], duration=10, distance=897.0, discount=0.1), Trip(driver=Driver(name=D-2), passengers=[Passenger(name=P-6), Passenger(name=P-2)], duration=824, distance=948.0, discount=null)), (Trip(driver=Driver(name=D-5), passengers=[Passenger(name=P-4), Passenger(name=P-1)], duration=10, distance=897.0, discount=0.1), Trip(driver=Driver(name=D-5), passengers=[Passenger(name=P-5), Passenger(name=P-3), Passenger(name=P-7)], duration=261, distance=26.0, discount=null)), (Trip(driver=Driver(name=D-5), passengers=[Passenger(name=P-4), Passenger(name=P-1)], duration=10, distance=897.0, discount=0.1), Trip(driver=Driver(name=D-3), passengers=[Passenger(name=P-8), Passenger(name=P-3), Passenger(name=P-5)], duration=575, distance=57.0, discount=0.1)), (Trip(driver=Driver(name=D-5), passengers=[Passenger(name=P-4), Passenger(name=P-1)], duration=10, distance=897.0, discount=0.1), Trip(driver=Driver(name=D-3), passengers=[Passenger(name=P-2), Passenger(name=P-1)], duration=341, distance=607.0, discount=0.3)), (Trip(driver=Driver(name=D-5), passengers=[Passenger(name=P-4), Passenger(name=P-1)], duration=10, distance=897.0, discount=0.1), Trip(driver=Driver(name=D-4), passengers=[Passenger(name=P-3), Passenger(name=P-8), Passenger(name=P-6)], duration=349, distance=26.0, discount=null))]
item [(Trip(driver=Driver(name=D-0), passengers=[Passenger(name=P-4), Passenger(name=P-2)], duration=672, distance=818.0, discount=null), Trip(driver=Driver(name=D-3), passengers=[Passenger(name=P-7), Passenger(name=P-3), Passenger(name=P-4)], duration=400, distance=890.0, discount=null)), (Trip(driver=Driver(name=D-0), passengers=[Passenger(name=P-4), Passenger(name=P-2)], duration=672, distance=818.0, discount=null), Trip(driver=Driver(name=D-5), passengers=[Passenger(name=P-4), Passenger(name=P-1)], duration=10, distance=897.0, discount=0.1)), (Trip(driver=Driver(name=D-0), passengers=[Passenger(name=P-4), Passenger(name=P-2)], duration=672, distance=818.0, discount=null), Trip(driver=Driver(name=D-0), passengers=[Passenger(name=P-4), Passenger(name=P-2)], duration=672, distance=818.0, discount=null)), (Trip(driver=Driver(name=D-0), passengers=[Passenger(name=P-4), Passenger(name=P-2)], duration=672, distance=818.0, discount=null), Trip(driver=Driver(name=D-5), passengers=[Passenger(name=P-9)], duration=715, distance=807.0, discount=0.2)), (Trip(driver=Driver(name=D-0), passengers=[Passenger(name=P-4), Passenger(name=P-2)], duration=672, distance=818.0, discount=null), Trip(driver=Driver(name=D-4), passengers=[Passenger(name=P-5), Passenger(name=P-3), Passenger(name=P-2)], duration=462, distance=816.0, discount=null)), (Trip(driver=Driver(name=D-0), passengers=[Passenger(name=P-4), Passenger(name=P-2)], duration=672, distance=818.0, discount=null), Trip(driver=Driver(name=D-2), passengers=[Passenger(name=P-6), Passenger(name=P-2)], duration=824, distance=948.0, discount=null)), (Trip(driver=Driver(name=D-0), passengers=[Passenger(name=P-4), Passenger(name=P-2)], duration=672, distance=818.0, discount=null), Trip(driver=Driver(name=D-5), passengers=[Passenger(name=P-5), Passenger(name=P-3), Passenger(name=P-7)], duration=261, distance=26.0, discount=null)), (Trip(driver=Driver(name=D-0), passengers=[Passenger(name=P-4), Passenger(name=P-2)], duration=672, distance=818.0, discount=null), Trip(driver=Driver(name=D-3), passengers=[Passenger(name=P-8), Passenger(name=P-3), Passenger(name=P-5)], duration=575, distance=57.0, discount=0.1)), (Trip(driver=Driver(name=D-0), passengers=[Passenger(name=P-4), Passenger(name=P-2)], duration=672, distance=818.0, discount=null), Trip(driver=Driver(name=D-3), passengers=[Passenger(name=P-2), Passenger(name=P-1)], duration=341, distance=607.0, discount=0.3)), (Trip(driver=Driver(name=D-0), passengers=[Passenger(name=P-4), Passenger(name=P-2)], duration=672, distance=818.0, discount=null), Trip(driver=Driver(name=D-4), passengers=[Passenger(name=P-3), Passenger(name=P-8), Passenger(name=P-6)], duration=349, distance=26.0, discount=null))]
item [(Trip(driver=Driver(name=D-5), passengers=[Passenger(name=P-9)], duration=715, distance=807.0, discount=0.2), Trip(driver=Driver(name=D-3), passengers=[Passenger(name=P-7), Passenger(name=P-3), Passenger(name=P-4)], duration=400, distance=890.0, discount=null)), (Trip(driver=Driver(name=D-5), passengers=[Passenger(name=P-9)], duration=715, distance=807.0, discount=0.2), Trip(driver=Driver(name=D-5), passengers=[Passenger(name=P-4), Passenger(name=P-1)], duration=10, distance=897.0, discount=0.1)), (Trip(driver=Driver(name=D-5), passengers=[Passenger(name=P-9)], duration=715, distance=807.0, discount=0.2), Trip(driver=Driver(name=D-0), passengers=[Passenger(name=P-4), Passenger(name=P-2)], duration=672, distance=818.0, discount=null)), (Trip(driver=Driver(name=D-5), passengers=[Passenger(name=P-9)], duration=715, distance=807.0, discount=0.2), Trip(driver=Driver(name=D-5), passengers=[Passenger(name=P-9)], duration=715, distance=807.0, discount=0.2)), (Trip(driver=Driver(name=D-5), passengers=[Passenger(name=P-9)], duration=715, distance=807.0, discount=0.2), Trip(driver=Driver(name=D-4), passengers=[Passenger(name=P-5), Passenger(name=P-3), Passenger(name=P-2)], duration=462, distance=816.0, discount=null)), (Trip(driver=Driver(name=D-5), passengers=[Passenger(name=P-9)], duration=715, distance=807.0, discount=0.2), Trip(driver=Driver(name=D-2), passengers=[Passenger(name=P-6), Passenger(name=P-2)], duration=824, distance=948.0, discount=null)), (Trip(driver=Driver(name=D-5), passengers=[Passenger(name=P-9)], duration=715, distance=807.0, discount=0.2), Trip(driver=Driver(name=D-5), passengers=[Passenger(name=P-5), Passenger(name=P-3), Passenger(name=P-7)], duration=261, distance=26.0, discount=null)), (Trip(driver=Driver(name=D-5), passengers=[Passenger(name=P-9)], duration=715, distance=807.0, discount=0.2), Trip(driver=Driver(name=D-3), passengers=[Passenger(name=P-8), Passenger(name=P-3), Passenger(name=P-5)], duration=575, distance=57.0, discount=0.1)), (Trip(driver=Driver(name=D-5), passengers=[Passenger(name=P-9)], duration=715, distance=807.0, discount=0.2), Trip(driver=Driver(name=D-3), passengers=[Passenger(name=P-2), Passenger(name=P-1)], duration=341, distance=607.0, discount=0.3)), (Trip(driver=Driver(name=D-5), passengers=[Passenger(name=P-9)], duration=715, distance=807.0, discount=0.2), Trip(driver=Driver(name=D-4), passengers=[Passenger(name=P-3), Passenger(name=P-8), Passenger(name=P-6)], duration=349, distance=26.0, discount=null))]
item [(Trip(driver=Driver(name=D-4), passengers=[Passenger(name=P-5), Passenger(name=P-3), Passenger(name=P-2)], duration=462, distance=816.0, discount=null), Trip(driver=Driver(name=D-3), passengers=[Passenger(name=P-7), Passenger(name=P-3), Passenger(name=P-4)], duration=400, distance=890.0, discount=null)), (Trip(driver=Driver(name=D-4), passengers=[Passenger(name=P-5), Passenger(name=P-3), Passenger(name=P-2)], duration=462, distance=816.0, discount=null), Trip(driver=Driver(name=D-5), passengers=[Passenger(name=P-4), Passenger(name=P-1)], duration=10, distance=897.0, discount=0.1)), (Trip(driver=Driver(name=D-4), passengers=[Passenger(name=P-5), Passenger(name=P-3), Passenger(name=P-2)], duration=462, distance=816.0, discount=null), Trip(driver=Driver(name=D-0), passengers=[Passenger(name=P-4), Passenger(name=P-2)], duration=672, distance=818.0, discount=null)), (Trip(driver=Driver(name=D-4), passengers=[Passenger(name=P-5), Passenger(name=P-3), Passenger(name=P-2)], duration=462, distance=816.0, discount=null), Trip(driver=Driver(name=D-5), passengers=[Passenger(name=P-9)], duration=715, distance=807.0, discount=0.2)), (Trip(driver=Driver(name=D-4), passengers=[Passenger(name=P-5), Passenger(name=P-3), Passenger(name=P-2)], duration=462, distance=816.0, discount=null), Trip(driver=Driver(name=D-4), passengers=[Passenger(name=P-5), Passenger(name=P-3), Passenger(name=P-2)], duration=462, distance=816.0, discount=null)), (Trip(driver=Driver(name=D-4), passengers=[Passenger(name=P-5), Passenger(name=P-3), Passenger(name=P-2)], duration=462, distance=816.0, discount=null), Trip(driver=Driver(name=D-2), passengers=[Passenger(name=P-6), Passenger(name=P-2)], duration=824, distance=948.0, discount=null)), (Trip(driver=Driver(name=D-4), passengers=[Passenger(name=P-5), Passenger(name=P-3), Passenger(name=P-2)], duration=462, distance=816.0, discount=null), Trip(driver=Driver(name=D-5), passengers=[Passenger(name=P-5), Passenger(name=P-3), Passenger(name=P-7)], duration=261, distance=26.0, discount=null)), (Trip(driver=Driver(name=D-4), passengers=[Passenger(name=P-5), Passenger(name=P-3), Passenger(name=P-2)], duration=462, distance=816.0, discount=null), Trip(driver=Driver(name=D-3), passengers=[Passenger(name=P-8), Passenger(name=P-3), Passenger(name=P-5)], duration=575, distance=57.0, discount=0.1)), (Trip(driver=Driver(name=D-4), passengers=[Passenger(name=P-5), Passenger(name=P-3), Passenger(name=P-2)], duration=462, distance=816.0, discount=null), Trip(driver=Driver(name=D-3), passengers=[Passenger(name=P-2), Passenger(name=P-1)], duration=341, distance=607.0, discount=0.3)), (Trip(driver=Driver(name=D-4), passengers=[Passenger(name=P-5), Passenger(name=P-3), Passenger(name=P-2)], duration=462, distance=816.0, discount=null), Trip(driver=Driver(name=D-4), passengers=[Passenger(name=P-3), Passenger(name=P-8), Passenger(name=P-6)], duration=349, distance=26.0, discount=null))]
item [(Trip(driver=Driver(name=D-2), passengers=[Passenger(name=P-6), Passenger(name=P-2)], duration=824, distance=948.0, discount=null), Trip(driver=Driver(name=D-3), passengers=[Passenger(name=P-7), Passenger(name=P-3), Passenger(name=P-4)], duration=400, distance=890.0, discount=null)), (Trip(driver=Driver(name=D-2), passengers=[Passenger(name=P-6), Passenger(name=P-2)], duration=824, distance=948.0, discount=null), Trip(driver=Driver(name=D-5), passengers=[Passenger(name=P-4), Passenger(name=P-1)], duration=10, distance=897.0, discount=0.1)), (Trip(driver=Driver(name=D-2), passengers=[Passenger(name=P-6), Passenger(name=P-2)], duration=824, distance=948.0, discount=null), Trip(driver=Driver(name=D-0), passengers=[Passenger(name=P-4), Passenger(name=P-2)], duration=672, distance=818.0, discount=null)), (Trip(driver=Driver(name=D-2), passengers=[Passenger(name=P-6), Passenger(name=P-2)], duration=824, distance=948.0, discount=null), Trip(driver=Driver(name=D-5), passengers=[Passenger(name=P-9)], duration=715, distance=807.0, discount=0.2)), (Trip(driver=Driver(name=D-2), passengers=[Passenger(name=P-6), Passenger(name=P-2)], duration=824, distance=948.0, discount=null), Trip(driver=Driver(name=D-4), passengers=[Passenger(name=P-5), Passenger(name=P-3), Passenger(name=P-2)], duration=462, distance=816.0, discount=null)), (Trip(driver=Driver(name=D-2), passengers=[Passenger(name=P-6), Passenger(name=P-2)], duration=824, distance=948.0, discount=null), Trip(driver=Driver(name=D-2), passengers=[Passenger(name=P-6), Passenger(name=P-2)], duration=824, distance=948.0, discount=null)), (Trip(driver=Driver(name=D-2), passengers=[Passenger(name=P-6), Passenger(name=P-2)], duration=824, distance=948.0, discount=null), Trip(driver=Driver(name=D-5), passengers=[Passenger(name=P-5), Passenger(name=P-3), Passenger(name=P-7)], duration=261, distance=26.0, discount=null)), (Trip(driver=Driver(name=D-2), passengers=[Passenger(name=P-6), Passenger(name=P-2)], duration=824, distance=948.0, discount=null), Trip(driver=Driver(name=D-3), passengers=[Passenger(name=P-8), Passenger(name=P-3), Passenger(name=P-5)], duration=575, distance=57.0, discount=0.1)), (Trip(driver=Driver(name=D-2), passengers=[Passenger(name=P-6), Passenger(name=P-2)], duration=824, distance=948.0, discount=null), Trip(driver=Driver(name=D-3), passengers=[Passenger(name=P-2), Passenger(name=P-1)], duration=341, distance=607.0, discount=0.3)), (Trip(driver=Driver(name=D-2), passengers=[Passenger(name=P-6), Passenger(name=P-2)], duration=824, distance=948.0, discount=null), Trip(driver=Driver(name=D-4), passengers=[Passenger(name=P-3), Passenger(name=P-8), Passenger(name=P-6)], duration=349, distance=26.0, discount=null))]
item [(Trip(driver=Driver(name=D-5), passengers=[Passenger(name=P-5), Passenger(name=P-3), Passenger(name=P-7)], duration=261, distance=26.0, discount=null), Trip(driver=Driver(name=D-3), passengers=[Passenger(name=P-7), Passenger(name=P-3), Passenger(name=P-4)], duration=400, distance=890.0, discount=null)), (Trip(driver=Driver(name=D-5), passengers=[Passenger(name=P-5), Passenger(name=P-3), Passenger(name=P-7)], duration=261, distance=26.0, discount=null), Trip(driver=Driver(name=D-5), passengers=[Passenger(name=P-4), Passenger(name=P-1)], duration=10, distance=897.0, discount=0.1)), (Trip(driver=Driver(name=D-5), passengers=[Passenger(name=P-5), Passenger(name=P-3), Passenger(name=P-7)], duration=261, distance=26.0, discount=null), Trip(driver=Driver(name=D-0), passengers=[Passenger(name=P-4), Passenger(name=P-2)], duration=672, distance=818.0, discount=null)), (Trip(driver=Driver(name=D-5), passengers=[Passenger(name=P-5), Passenger(name=P-3), Passenger(name=P-7)], duration=261, distance=26.0, discount=null), Trip(driver=Driver(name=D-5), passengers=[Passenger(name=P-9)], duration=715, distance=807.0, discount=0.2)), (Trip(driver=Driver(name=D-5), passengers=[Passenger(name=P-5), Passenger(name=P-3), Passenger(name=P-7)], duration=261, distance=26.0, discount=null), Trip(driver=Driver(name=D-4), passengers=[Passenger(name=P-5), Passenger(name=P-3), Passenger(name=P-2)], duration=462, distance=816.0, discount=null)), (Trip(driver=Driver(name=D-5), passengers=[Passenger(name=P-5), Passenger(name=P-3), Passenger(name=P-7)], duration=261, distance=26.0, discount=null), Trip(driver=Driver(name=D-2), passengers=[Passenger(name=P-6), Passenger(name=P-2)], duration=824, distance=948.0, discount=null)), (Trip(driver=Driver(name=D-5), passengers=[Passenger(name=P-5), Passenger(name=P-3), Passenger(name=P-7)], duration=261, distance=26.0, discount=null), Trip(driver=Driver(name=D-5), passengers=[Passenger(name=P-5), Passenger(name=P-3), Passenger(name=P-7)], duration=261, distance=26.0, discount=null)), (Trip(driver=Driver(name=D-5), passengers=[Passenger(name=P-5), Passenger(name=P-3), Passenger(name=P-7)], duration=261, distance=26.0, discount=null), Trip(driver=Driver(name=D-3), passengers=[Passenger(name=P-8), Passenger(name=P-3), Passenger(name=P-5)], duration=575, distance=57.0, discount=0.1)), (Trip(driver=Driver(name=D-5), passengers=[Passenger(name=P-5), Passenger(name=P-3), Passenger(name=P-7)], duration=261, distance=26.0, discount=null), Trip(driver=Driver(name=D-3), passengers=[Passenger(name=P-2), Passenger(name=P-1)], duration=341, distance=607.0, discount=0.3)), (Trip(driver=Driver(name=D-5), passengers=[Passenger(name=P-5), Passenger(name=P-3), Passenger(name=P-7)], duration=261, distance=26.0, discount=null), Trip(driver=Driver(name=D-4), passengers=[Passenger(name=P-3), Passenger(name=P-8), Passenger(name=P-6)], duration=349, distance=26.0, discount=null))]
item [(Trip(driver=Driver(name=D-3), passengers=[Passenger(name=P-8), Passenger(name=P-3), Passenger(name=P-5)], duration=575, distance=57.0, discount=0.1), Trip(driver=Driver(name=D-3), passengers=[Passenger(name=P-7), Passenger(name=P-3), Passenger(name=P-4)], duration=400, distance=890.0, discount=null)), (Trip(driver=Driver(name=D-3), passengers=[Passenger(name=P-8), Passenger(name=P-3), Passenger(name=P-5)], duration=575, distance=57.0, discount=0.1), Trip(driver=Driver(name=D-5), passengers=[Passenger(name=P-4), Passenger(name=P-1)], duration=10, distance=897.0, discount=0.1)), (Trip(driver=Driver(name=D-3), passengers=[Passenger(name=P-8), Passenger(name=P-3), Passenger(name=P-5)], duration=575, distance=57.0, discount=0.1), Trip(driver=Driver(name=D-0), passengers=[Passenger(name=P-4), Passenger(name=P-2)], duration=672, distance=818.0, discount=null)), (Trip(driver=Driver(name=D-3), passengers=[Passenger(name=P-8), Passenger(name=P-3), Passenger(name=P-5)], duration=575, distance=57.0, discount=0.1), Trip(driver=Driver(name=D-5), passengers=[Passenger(name=P-9)], duration=715, distance=807.0, discount=0.2)), (Trip(driver=Driver(name=D-3), passengers=[Passenger(name=P-8), Passenger(name=P-3), Passenger(name=P-5)], duration=575, distance=57.0, discount=0.1), Trip(driver=Driver(name=D-4), passengers=[Passenger(name=P-5), Passenger(name=P-3), Passenger(name=P-2)], duration=462, distance=816.0, discount=null)), (Trip(driver=Driver(name=D-3), passengers=[Passenger(name=P-8), Passenger(name=P-3), Passenger(name=P-5)], duration=575, distance=57.0, discount=0.1), Trip(driver=Driver(name=D-2), passengers=[Passenger(name=P-6), Passenger(name=P-2)], duration=824, distance=948.0, discount=null)), (Trip(driver=Driver(name=D-3), passengers=[Passenger(name=P-8), Passenger(name=P-3), Passenger(name=P-5)], duration=575, distance=57.0, discount=0.1), Trip(driver=Driver(name=D-5), passengers=[Passenger(name=P-5), Passenger(name=P-3), Passenger(name=P-7)], duration=261, distance=26.0, discount=null)), (Trip(driver=Driver(name=D-3), passengers=[Passenger(name=P-8), Passenger(name=P-3), Passenger(name=P-5)], duration=575, distance=57.0, discount=0.1), Trip(driver=Driver(name=D-3), passengers=[Passenger(name=P-8), Passenger(name=P-3), Passenger(name=P-5)], duration=575, distance=57.0, discount=0.1)), (Trip(driver=Driver(name=D-3), passengers=[Passenger(name=P-8), Passenger(name=P-3), Passenger(name=P-5)], duration=575, distance=57.0, discount=0.1), Trip(driver=Driver(name=D-3), passengers=[Passenger(name=P-2), Passenger(name=P-1)], duration=341, distance=607.0, discount=0.3)), (Trip(driver=Driver(name=D-3), passengers=[Passenger(name=P-8), Passenger(name=P-3), Passenger(name=P-5)], duration=575, distance=57.0, discount=0.1), Trip(driver=Driver(name=D-4), passengers=[Passenger(name=P-3), Passenger(name=P-8), Passenger(name=P-6)], duration=349, distance=26.0, discount=null))]
item [(Trip(driver=Driver(name=D-3), passengers=[Passenger(name=P-2), Passenger(name=P-1)], duration=341, distance=607.0, discount=0.3), Trip(driver=Driver(name=D-3), passengers=[Passenger(name=P-7), Passenger(name=P-3), Passenger(name=P-4)], duration=400, distance=890.0, discount=null)), (Trip(driver=Driver(name=D-3), passengers=[Passenger(name=P-2), Passenger(name=P-1)], duration=341, distance=607.0, discount=0.3), Trip(driver=Driver(name=D-5), passengers=[Passenger(name=P-4), Passenger(name=P-1)], duration=10, distance=897.0, discount=0.1)), (Trip(driver=Driver(name=D-3), passengers=[Passenger(name=P-2), Passenger(name=P-1)], duration=341, distance=607.0, discount=0.3), Trip(driver=Driver(name=D-0), passengers=[Passenger(name=P-4), Passenger(name=P-2)], duration=672, distance=818.0, discount=null)), (Trip(driver=Driver(name=D-3), passengers=[Passenger(name=P-2), Passenger(name=P-1)], duration=341, distance=607.0, discount=0.3), Trip(driver=Driver(name=D-5), passengers=[Passenger(name=P-9)], duration=715, distance=807.0, discount=0.2)), (Trip(driver=Driver(name=D-3), passengers=[Passenger(name=P-2), Passenger(name=P-1)], duration=341, distance=607.0, discount=0.3), Trip(driver=Driver(name=D-4), passengers=[Passenger(name=P-5), Passenger(name=P-3), Passenger(name=P-2)], duration=462, distance=816.0, discount=null)), (Trip(driver=Driver(name=D-3), passengers=[Passenger(name=P-2), Passenger(name=P-1)], duration=341, distance=607.0, discount=0.3), Trip(driver=Driver(name=D-2), passengers=[Passenger(name=P-6), Passenger(name=P-2)], duration=824, distance=948.0, discount=null)), (Trip(driver=Driver(name=D-3), passengers=[Passenger(name=P-2), Passenger(name=P-1)], duration=341, distance=607.0, discount=0.3), Trip(driver=Driver(name=D-5), passengers=[Passenger(name=P-5), Passenger(name=P-3), Passenger(name=P-7)], duration=261, distance=26.0, discount=null)), (Trip(driver=Driver(name=D-3), passengers=[Passenger(name=P-2), Passenger(name=P-1)], duration=341, distance=607.0, discount=0.3), Trip(driver=Driver(name=D-3), passengers=[Passenger(name=P-8), Passenger(name=P-3), Passenger(name=P-5)], duration=575, distance=57.0, discount=0.1)), (Trip(driver=Driver(name=D-3), passengers=[Passenger(name=P-2), Passenger(name=P-1)], duration=341, distance=607.0, discount=0.3), Trip(driver=Driver(name=D-3), passengers=[Passenger(name=P-2), Passenger(name=P-1)], duration=341, distance=607.0, discount=0.3)), (Trip(driver=Driver(name=D-3), passengers=[Passenger(name=P-2), Passenger(name=P-1)], duration=341, distance=607.0, discount=0.3), Trip(driver=Driver(name=D-4), passengers=[Passenger(name=P-3), Passenger(name=P-8), Passenger(name=P-6)], duration=349, distance=26.0, discount=null))]
item [(Trip(driver=Driver(name=D-4), passengers=[Passenger(name=P-3), Passenger(name=P-8), Passenger(name=P-6)], duration=349, distance=26.0, discount=null), Trip(driver=Driver(name=D-3), passengers=[Passenger(name=P-7), Passenger(name=P-3), Passenger(name=P-4)], duration=400, distance=890.0, discount=null)), (Trip(driver=Driver(name=D-4), passengers=[Passenger(name=P-3), Passenger(name=P-8), Passenger(name=P-6)], duration=349, distance=26.0, discount=null), Trip(driver=Driver(name=D-5), passengers=[Passenger(name=P-4), Passenger(name=P-1)], duration=10, distance=897.0, discount=0.1)), (Trip(driver=Driver(name=D-4), passengers=[Passenger(name=P-3), Passenger(name=P-8), Passenger(name=P-6)], duration=349, distance=26.0, discount=null), Trip(driver=Driver(name=D-0), passengers=[Passenger(name=P-4), Passenger(name=P-2)], duration=672, distance=818.0, discount=null)), (Trip(driver=Driver(name=D-4), passengers=[Passenger(name=P-3), Passenger(name=P-8), Passenger(name=P-6)], duration=349, distance=26.0, discount=null), Trip(driver=Driver(name=D-5), passengers=[Passenger(name=P-9)], duration=715, distance=807.0, discount=0.2)), (Trip(driver=Driver(name=D-4), passengers=[Passenger(name=P-3), Passenger(name=P-8), Passenger(name=P-6)], duration=349, distance=26.0, discount=null), Trip(driver=Driver(name=D-4), passengers=[Passenger(name=P-5), Passenger(name=P-3), Passenger(name=P-2)], duration=462, distance=816.0, discount=null)), (Trip(driver=Driver(name=D-4), passengers=[Passenger(name=P-3), Passenger(name=P-8), Passenger(name=P-6)], duration=349, distance=26.0, discount=null), Trip(driver=Driver(name=D-2), passengers=[Passenger(name=P-6), Passenger(name=P-2)], duration=824, distance=948.0, discount=null)), (Trip(driver=Driver(name=D-4), passengers=[Passenger(name=P-3), Passenger(name=P-8), Passenger(name=P-6)], duration=349, distance=26.0, discount=null), Trip(driver=Driver(name=D-5), passengers=[Passenger(name=P-5), Passenger(name=P-3), Passenger(name=P-7)], duration=261, distance=26.0, discount=null)), (Trip(driver=Driver(name=D-4), passengers=[Passenger(name=P-3), Passenger(name=P-8), Passenger(name=P-6)], duration=349, distance=26.0, discount=null), Trip(driver=Driver(name=D-3), passengers=[Passenger(name=P-8), Passenger(name=P-3), Passenger(name=P-5)], duration=575, distance=57.0, discount=0.1)), (Trip(driver=Driver(name=D-4), passengers=[Passenger(name=P-3), Passenger(name=P-8), Passenger(name=P-6)], duration=349, distance=26.0, discount=null), Trip(driver=Driver(name=D-3), passengers=[Passenger(name=P-2), Passenger(name=P-1)], duration=341, distance=607.0, discount=0.3)), (Trip(driver=Driver(name=D-4), passengers=[Passenger(name=P-3), Passenger(name=P-8), Passenger(name=P-6)], duration=349, distance=26.0, discount=null), Trip(driver=Driver(name=D-4), passengers=[Passenger(name=P-3), Passenger(name=P-8), Passenger(name=P-6)], duration=349, distance=26.0, discount=null))]
item [(Trip(driver=Driver(name=D-5), passengers=[Passenger(name=P-6), Passenger(name=P-8), Passenger(name=P-3)], duration=425, distance=230.0, discount=0.3), Trip(driver=Driver(name=D-5), passengers=[Passenger(name=P-6), Passenger(name=P-8), Passenger(name=P-3)], duration=425, distance=230.0, discount=0.3)), (Trip(driver=Driver(name=D-5), passengers=[Passenger(name=P-6), Passenger(name=P-8), Passenger(name=P-3)], duration=425, distance=230.0, discount=0.3), Trip(driver=Driver(name=D-3), passengers=[Passenger(name=P-4)], duration=151, distance=351.0, discount=null)), (Trip(driver=Driver(name=D-5), passengers=[Passenger(name=P-6), Passenger(name=P-8), Passenger(name=P-3)], duration=425, distance=230.0, discount=0.3), Trip(driver=Driver(name=D-0), passengers=[Passenger(name=P-6)], duration=892, distance=165.0, discount=0.2)), (Trip(driver=Driver(name=D-5), passengers=[Passenger(name=P-6), Passenger(name=P-8), Passenger(name=P-3)], duration=425, distance=230.0, discount=0.3), Trip(driver=Driver(name=D-2), passengers=[Passenger(name=P-4), Passenger(name=P-7), Passenger(name=P-6)], duration=538, distance=699.0, discount=0.3)), (Trip(driver=Driver(name=D-5), passengers=[Passenger(name=P-6), Passenger(name=P-8), Passenger(name=P-3)], duration=425, distance=230.0, discount=0.3), Trip(driver=Driver(name=D-2), passengers=[Passenger(name=P-3)], duration=477, distance=706.0, discount=0.3)), (Trip(driver=Driver(name=D-5), passengers=[Passenger(name=P-6), Passenger(name=P-8), Passenger(name=P-3)], duration=425, distance=230.0, discount=0.3), Trip(driver=Driver(name=D-2), passengers=[Passenger(name=P-6), Passenger(name=P-7), Passenger(name=P-1)], duration=79, distance=924.0, discount=null)), (Trip(driver=Driver(name=D-5), passengers=[Passenger(name=P-6), Passenger(name=P-8), Passenger(name=P-3)], duration=425, distance=230.0, discount=0.3), Trip(driver=Driver(name=D-3), passengers=[Passenger(name=P-4)], duration=433, distance=404.0, discount=0.3)), (Trip(driver=Driver(name=D-5), passengers=[Passenger(name=P-6), Passenger(name=P-8), Passenger(name=P-3)], duration=425, distance=230.0, discount=0.3), Trip(driver=Driver(name=D-0), passengers=[Passenger(name=P-3), Passenger(name=P-5)], duration=264, distance=217.0, discount=null)), (Trip(driver=Driver(name=D-5), passengers=[Passenger(name=P-6), Passenger(name=P-8), Passenger(name=P-3)], duration=425, distance=230.0, discount=0.3), Trip(driver=Driver(name=D-2), passengers=[Passenger(name=P-5)], duration=81, distance=8.0, discount=0.3)), (Trip(driver=Driver(name=D-5), passengers=[Passenger(name=P-6), Passenger(name=P-8), Passenger(name=P-3)], duration=425, distance=230.0, discount=0.3), Trip(driver=Driver(name=D-0), passengers=[Passenger(name=P-5)], duration=67, distance=613.0, discount=null))]
item [(Trip(driver=Driver(name=D-3), passengers=[Passenger(name=P-4)], duration=151, distance=351.0, discount=null), Trip(driver=Driver(name=D-5), passengers=[Passenger(name=P-6), Passenger(name=P-8), Passenger(name=P-3)], duration=425, distance=230.0, discount=0.3)), (Trip(driver=Driver(name=D-3), passengers=[Passenger(name=P-4)], duration=151, distance=351.0, discount=null), Trip(driver=Driver(name=D-3), passengers=[Passenger(name=P-4)], duration=151, distance=351.0, discount=null)), (Trip(driver=Driver(name=D-3), passengers=[Passenger(name=P-4)], duration=151, distance=351.0, discount=null), Trip(driver=Driver(name=D-0), passengers=[Passenger(name=P-6)], duration=892, distance=165.0, discount=0.2)), (Trip(driver=Driver(name=D-3), passengers=[Passenger(name=P-4)], duration=151, distance=351.0, discount=null), Trip(driver=Driver(name=D-2), passengers=[Passenger(name=P-4), Passenger(name=P-7), Passenger(name=P-6)], duration=538, distance=699.0, discount=0.3)), (Trip(driver=Driver(name=D-3), passengers=[Passenger(name=P-4)], duration=151, distance=351.0, discount=null), Trip(driver=Driver(name=D-2), passengers=[Passenger(name=P-3)], duration=477, distance=706.0, discount=0.3)), (Trip(driver=Driver(name=D-3), passengers=[Passenger(name=P-4)], duration=151, distance=351.0, discount=null), Trip(driver=Driver(name=D-2), passengers=[Passenger(name=P-6), Passenger(name=P-7), Passenger(name=P-1)], duration=79, distance=924.0, discount=null)), (Trip(driver=Driver(name=D-3), passengers=[Passenger(name=P-4)], duration=151, distance=351.0, discount=null), Trip(driver=Driver(name=D-3), passengers=[Passenger(name=P-4)], duration=433, distance=404.0, discount=0.3)), (Trip(driver=Driver(name=D-3), passengers=[Passenger(name=P-4)], duration=151, distance=351.0, discount=null), Trip(driver=Driver(name=D-0), passengers=[Passenger(name=P-3), Passenger(name=P-5)], duration=264, distance=217.0, discount=null)), (Trip(driver=Driver(name=D-3), passengers=[Passenger(name=P-4)], duration=151, distance=351.0, discount=null), Trip(driver=Driver(name=D-2), passengers=[Passenger(name=P-5)], duration=81, distance=8.0, discount=0.3)), (Trip(driver=Driver(name=D-3), passengers=[Passenger(name=P-4)], duration=151, distance=351.0, discount=null), Trip(driver=Driver(name=D-0), passengers=[Passenger(name=P-5)], duration=67, distance=613.0, discount=null))]
item [(Trip(driver=Driver(name=D-0), passengers=[Passenger(name=P-6)], duration=892, distance=165.0, discount=0.2), Trip(driver=Driver(name=D-5), passengers=[Passenger(name=P-6), Passenger(name=P-8), Passenger(name=P-3)], duration=425, distance=230.0, discount=0.3)), (Trip(driver=Driver(name=D-0), passengers=[Passenger(name=P-6)], duration=892, distance=165.0, discount=0.2), Trip(driver=Driver(name=D-3), passengers=[Passenger(name=P-4)], duration=151, distance=351.0, discount=null)), (Trip(driver=Driver(name=D-0), passengers=[Passenger(name=P-6)], duration=892, distance=165.0, discount=0.2), Trip(driver=Driver(name=D-0), passengers=[Passenger(name=P-6)], duration=892, distance=165.0, discount=0.2)), (Trip(driver=Driver(name=D-0), passengers=[Passenger(name=P-6)], duration=892, distance=165.0, discount=0.2), Trip(driver=Driver(name=D-2), passengers=[Passenger(name=P-4), Passenger(name=P-7), Passenger(name=P-6)], duration=538, distance=699.0, discount=0.3)), (Trip(driver=Driver(name=D-0), passengers=[Passenger(name=P-6)], duration=892, distance=165.0, discount=0.2), Trip(driver=Driver(name=D-2), passengers=[Passenger(name=P-3)], duration=477, distance=706.0, discount=0.3)), (Trip(driver=Driver(name=D-0), passengers=[Passenger(name=P-6)], duration=892, distance=165.0, discount=0.2), Trip(driver=Driver(name=D-2), passengers=[Passenger(name=P-6), Passenger(name=P-7), Passenger(name=P-1)], duration=79, distance=924.0, discount=null)), (Trip(driver=Driver(name=D-0), passengers=[Passenger(name=P-6)], duration=892, distance=165.0, discount=0.2), Trip(driver=Driver(name=D-3), passengers=[Passenger(name=P-4)], duration=433, distance=404.0, discount=0.3)), (Trip(driver=Driver(name=D-0), passengers=[Passenger(name=P-6)], duration=892, distance=165.0, discount=0.2), Trip(driver=Driver(name=D-0), passengers=[Passenger(name=P-3), Passenger(name=P-5)], duration=264, distance=217.0, discount=null)), (Trip(driver=Driver(name=D-0), passengers=[Passenger(name=P-6)], duration=892, distance=165.0, discount=0.2), Trip(driver=Driver(name=D-2), passengers=[Passenger(name=P-5)], duration=81, distance=8.0, discount=0.3)), (Trip(driver=Driver(name=D-0), passengers=[Passenger(name=P-6)], duration=892, distance=165.0, discount=0.2), Trip(driver=Driver(name=D-0), passengers=[Passenger(name=P-5)], duration=67, distance=613.0, discount=null))]
item [(Trip(driver=Driver(name=D-2), passengers=[Passenger(name=P-4), Passenger(name=P-7), Passenger(name=P-6)], duration=538, distance=699.0, discount=0.3), Trip(driver=Driver(name=D-5), passengers=[Passenger(name=P-6), Passenger(name=P-8), Passenger(name=P-3)], duration=425, distance=230.0, discount=0.3)), (Trip(driver=Driver(name=D-2), passengers=[Passenger(name=P-4), Passenger(name=P-7), Passenger(name=P-6)], duration=538, distance=699.0, discount=0.3), Trip(driver=Driver(name=D-3), passengers=[Passenger(name=P-4)], duration=151, distance=351.0, discount=null)), (Trip(driver=Driver(name=D-2), passengers=[Passenger(name=P-4), Passenger(name=P-7), Passenger(name=P-6)], duration=538, distance=699.0, discount=0.3), Trip(driver=Driver(name=D-0), passengers=[Passenger(name=P-6)], duration=892, distance=165.0, discount=0.2)), (Trip(driver=Driver(name=D-2), passengers=[Passenger(name=P-4), Passenger(name=P-7), Passenger(name=P-6)], duration=538, distance=699.0, discount=0.3), Trip(driver=Driver(name=D-2), passengers=[Passenger(name=P-4), Passenger(name=P-7), Passenger(name=P-6)], duration=538, distance=699.0, discount=0.3)), (Trip(driver=Driver(name=D-2), passengers=[Passenger(name=P-4), Passenger(name=P-7), Passenger(name=P-6)], duration=538, distance=699.0, discount=0.3), Trip(driver=Driver(name=D-2), passengers=[Passenger(name=P-3)], duration=477, distance=706.0, discount=0.3)), (Trip(driver=Driver(name=D-2), passengers=[Passenger(name=P-4), Passenger(name=P-7), Passenger(name=P-6)], duration=538, distance=699.0, discount=0.3), Trip(driver=Driver(name=D-2), passengers=[Passenger(name=P-6), Passenger(name=P-7), Passenger(name=P-1)], duration=79, distance=924.0, discount=null)), (Trip(driver=Driver(name=D-2), passengers=[Passenger(name=P-4), Passenger(name=P-7), Passenger(name=P-6)], duration=538, distance=699.0, discount=0.3), Trip(driver=Driver(name=D-3), passengers=[Passenger(name=P-4)], duration=433, distance=404.0, discount=0.3)), (Trip(driver=Driver(name=D-2), passengers=[Passenger(name=P-4), Passenger(name=P-7), Passenger(name=P-6)], duration=538, distance=699.0, discount=0.3), Trip(driver=Driver(name=D-0), passengers=[Passenger(name=P-3), Passenger(name=P-5)], duration=264, distance=217.0, discount=null)), (Trip(driver=Driver(name=D-2), passengers=[Passenger(name=P-4), Passenger(name=P-7), Passenger(name=P-6)], duration=538, distance=699.0, discount=0.3), Trip(driver=Driver(name=D-2), passengers=[Passenger(name=P-5)], duration=81, distance=8.0, discount=0.3)), (Trip(driver=Driver(name=D-2), passengers=[Passenger(name=P-4), Passenger(name=P-7), Passenger(name=P-6)], duration=538, distance=699.0, discount=0.3), Trip(driver=Driver(name=D-0), passengers=[Passenger(name=P-5)], duration=67, distance=613.0, discount=null))]
item [(Trip(driver=Driver(name=D-2), passengers=[Passenger(name=P-3)], duration=477, distance=706.0, discount=0.3), Trip(driver=Driver(name=D-5), passengers=[Passenger(name=P-6), Passenger(name=P-8), Passenger(name=P-3)], duration=425, distance=230.0, discount=0.3)), (Trip(driver=Driver(name=D-2), passengers=[Passenger(name=P-3)], duration=477, distance=706.0, discount=0.3), Trip(driver=Driver(name=D-3), passengers=[Passenger(name=P-4)], duration=151, distance=351.0, discount=null)), (Trip(driver=Driver(name=D-2), passengers=[Passenger(name=P-3)], duration=477, distance=706.0, discount=0.3), Trip(driver=Driver(name=D-0), passengers=[Passenger(name=P-6)], duration=892, distance=165.0, discount=0.2)), (Trip(driver=Driver(name=D-2), passengers=[Passenger(name=P-3)], duration=477, distance=706.0, discount=0.3), Trip(driver=Driver(name=D-2), passengers=[Passenger(name=P-4), Passenger(name=P-7), Passenger(name=P-6)], duration=538, distance=699.0, discount=0.3)), (Trip(driver=Driver(name=D-2), passengers=[Passenger(name=P-3)], duration=477, distance=706.0, discount=0.3), Trip(driver=Driver(name=D-2), passengers=[Passenger(name=P-3)], duration=477, distance=706.0, discount=0.3)), (Trip(driver=Driver(name=D-2), passengers=[Passenger(name=P-3)], duration=477, distance=706.0, discount=0.3), Trip(driver=Driver(name=D-2), passengers=[Passenger(name=P-6), Passenger(name=P-7), Passenger(name=P-1)], duration=79, distance=924.0, discount=null)), (Trip(driver=Driver(name=D-2), passengers=[Passenger(name=P-3)], duration=477, distance=706.0, discount=0.3), Trip(driver=Driver(name=D-3), passengers=[Passenger(name=P-4)], duration=433, distance=404.0, discount=0.3)), (Trip(driver=Driver(name=D-2), passengers=[Passenger(name=P-3)], duration=477, distance=706.0, discount=0.3), Trip(driver=Driver(name=D-0), passengers=[Passenger(name=P-3), Passenger(name=P-5)], duration=264, distance=217.0, discount=null)), (Trip(driver=Driver(name=D-2), passengers=[Passenger(name=P-3)], duration=477, distance=706.0, discount=0.3), Trip(driver=Driver(name=D-2), passengers=[Passenger(name=P-5)], duration=81, distance=8.0, discount=0.3)), (Trip(driver=Driver(name=D-2), passengers=[Passenger(name=P-3)], duration=477, distance=706.0, discount=0.3), Trip(driver=Driver(name=D-0), passengers=[Passenger(name=P-5)], duration=67, distance=613.0, discount=null))]
item [(Trip(driver=Driver(name=D-2), passengers=[Passenger(name=P-6), Passenger(name=P-7), Passenger(name=P-1)], duration=79, distance=924.0, discount=null), Trip(driver=Driver(name=D-5), passengers=[Passenger(name=P-6), Passenger(name=P-8), Passenger(name=P-3)], duration=425, distance=230.0, discount=0.3)), (Trip(driver=Driver(name=D-2), passengers=[Passenger(name=P-6), Passenger(name=P-7), Passenger(name=P-1)], duration=79, distance=924.0, discount=null), Trip(driver=Driver(name=D-3), passengers=[Passenger(name=P-4)], duration=151, distance=351.0, discount=null)), (Trip(driver=Driver(name=D-2), passengers=[Passenger(name=P-6), Passenger(name=P-7), Passenger(name=P-1)], duration=79, distance=924.0, discount=null), Trip(driver=Driver(name=D-0), passengers=[Passenger(name=P-6)], duration=892, distance=165.0, discount=0.2)), (Trip(driver=Driver(name=D-2), passengers=[Passenger(name=P-6), Passenger(name=P-7), Passenger(name=P-1)], duration=79, distance=924.0, discount=null), Trip(driver=Driver(name=D-2), passengers=[Passenger(name=P-4), Passenger(name=P-7), Passenger(name=P-6)], duration=538, distance=699.0, discount=0.3)), (Trip(driver=Driver(name=D-2), passengers=[Passenger(name=P-6), Passenger(name=P-7), Passenger(name=P-1)], duration=79, distance=924.0, discount=null), Trip(driver=Driver(name=D-2), passengers=[Passenger(name=P-3)], duration=477, distance=706.0, discount=0.3)), (Trip(driver=Driver(name=D-2), passengers=[Passenger(name=P-6), Passenger(name=P-7), Passenger(name=P-1)], duration=79, distance=924.0, discount=null), Trip(driver=Driver(name=D-2), passengers=[Passenger(name=P-6), Passenger(name=P-7), Passenger(name=P-1)], duration=79, distance=924.0, discount=null)), (Trip(driver=Driver(name=D-2), passengers=[Passenger(name=P-6), Passenger(name=P-7), Passenger(name=P-1)], duration=79, distance=924.0, discount=null), Trip(driver=Driver(name=D-3), passengers=[Passenger(name=P-4)], duration=433, distance=404.0, discount=0.3)), (Trip(driver=Driver(name=D-2), passengers=[Passenger(name=P-6), Passenger(name=P-7), Passenger(name=P-1)], duration=79, distance=924.0, discount=null), Trip(driver=Driver(name=D-0), passengers=[Passenger(name=P-3), Passenger(name=P-5)], duration=264, distance=217.0, discount=null)), (Trip(driver=Driver(name=D-2), passengers=[Passenger(name=P-6), Passenger(name=P-7), Passenger(name=P-1)], duration=79, distance=924.0, discount=null), Trip(driver=Driver(name=D-2), passengers=[Passenger(name=P-5)], duration=81, distance=8.0, discount=0.3)), (Trip(driver=Driver(name=D-2), passengers=[Passenger(name=P-6), Passenger(name=P-7), Passenger(name=P-1)], duration=79, distance=924.0, discount=null), Trip(driver=Driver(name=D-0), passengers=[Passenger(name=P-5)], duration=67, distance=613.0, discount=null))]
item [(Trip(driver=Driver(name=D-3), passengers=[Passenger(name=P-4)], duration=433, distance=404.0, discount=0.3), Trip(driver=Driver(name=D-5), passengers=[Passenger(name=P-6), Passenger(name=P-8), Passenger(name=P-3)], duration=425, distance=230.0, discount=0.3)), (Trip(driver=Driver(name=D-3), passengers=[Passenger(name=P-4)], duration=433, distance=404.0, discount=0.3), Trip(driver=Driver(name=D-3), passengers=[Passenger(name=P-4)], duration=151, distance=351.0, discount=null)), (Trip(driver=Driver(name=D-3), passengers=[Passenger(name=P-4)], duration=433, distance=404.0, discount=0.3), Trip(driver=Driver(name=D-0), passengers=[Passenger(name=P-6)], duration=892, distance=165.0, discount=0.2)), (Trip(driver=Driver(name=D-3), passengers=[Passenger(name=P-4)], duration=433, distance=404.0, discount=0.3), Trip(driver=Driver(name=D-2), passengers=[Passenger(name=P-4), Passenger(name=P-7), Passenger(name=P-6)], duration=538, distance=699.0, discount=0.3)), (Trip(driver=Driver(name=D-3), passengers=[Passenger(name=P-4)], duration=433, distance=404.0, discount=0.3), Trip(driver=Driver(name=D-2), passengers=[Passenger(name=P-3)], duration=477, distance=706.0, discount=0.3)), (Trip(driver=Driver(name=D-3), passengers=[Passenger(name=P-4)], duration=433, distance=404.0, discount=0.3), Trip(driver=Driver(name=D-2), passengers=[Passenger(name=P-6), Passenger(name=P-7), Passenger(name=P-1)], duration=79, distance=924.0, discount=null)), (Trip(driver=Driver(name=D-3), passengers=[Passenger(name=P-4)], duration=433, distance=404.0, discount=0.3), Trip(driver=Driver(name=D-3), passengers=[Passenger(name=P-4)], duration=433, distance=404.0, discount=0.3)), (Trip(driver=Driver(name=D-3), passengers=[Passenger(name=P-4)], duration=433, distance=404.0, discount=0.3), Trip(driver=Driver(name=D-0), passengers=[Passenger(name=P-3), Passenger(name=P-5)], duration=264, distance=217.0, discount=null)), (Trip(driver=Driver(name=D-3), passengers=[Passenger(name=P-4)], duration=433, distance=404.0, discount=0.3), Trip(driver=Driver(name=D-2), passengers=[Passenger(name=P-5)], duration=81, distance=8.0, discount=0.3)), (Trip(driver=Driver(name=D-3), passengers=[Passenger(name=P-4)], duration=433, distance=404.0, discount=0.3), Trip(driver=Driver(name=D-0), passengers=[Passenger(name=P-5)], duration=67, distance=613.0, discount=null))]
item [(Trip(driver=Driver(name=D-0), passengers=[Passenger(name=P-3), Passenger(name=P-5)], duration=264, distance=217.0, discount=null), Trip(driver=Driver(name=D-5), passengers=[Passenger(name=P-6), Passenger(name=P-8), Passenger(name=P-3)], duration=425, distance=230.0, discount=0.3)), (Trip(driver=Driver(name=D-0), passengers=[Passenger(name=P-3), Passenger(name=P-5)], duration=264, distance=217.0, discount=null), Trip(driver=Driver(name=D-3), passengers=[Passenger(name=P-4)], duration=151, distance=351.0, discount=null)), (Trip(driver=Driver(name=D-0), passengers=[Passenger(name=P-3), Passenger(name=P-5)], duration=264, distance=217.0, discount=null), Trip(driver=Driver(name=D-0), passengers=[Passenger(name=P-6)], duration=892, distance=165.0, discount=0.2)), (Trip(driver=Driver(name=D-0), passengers=[Passenger(name=P-3), Passenger(name=P-5)], duration=264, distance=217.0, discount=null), Trip(driver=Driver(name=D-2), passengers=[Passenger(name=P-4), Passenger(name=P-7), Passenger(name=P-6)], duration=538, distance=699.0, discount=0.3)), (Trip(driver=Driver(name=D-0), passengers=[Passenger(name=P-3), Passenger(name=P-5)], duration=264, distance=217.0, discount=null), Trip(driver=Driver(name=D-2), passengers=[Passenger(name=P-3)], duration=477, distance=706.0, discount=0.3)), (Trip(driver=Driver(name=D-0), passengers=[Passenger(name=P-3), Passenger(name=P-5)], duration=264, distance=217.0, discount=null), Trip(driver=Driver(name=D-2), passengers=[Passenger(name=P-6), Passenger(name=P-7), Passenger(name=P-1)], duration=79, distance=924.0, discount=null)), (Trip(driver=Driver(name=D-0), passengers=[Passenger(name=P-3), Passenger(name=P-5)], duration=264, distance=217.0, discount=null), Trip(driver=Driver(name=D-3), passengers=[Passenger(name=P-4)], duration=433, distance=404.0, discount=0.3)), (Trip(driver=Driver(name=D-0), passengers=[Passenger(name=P-3), Passenger(name=P-5)], duration=264, distance=217.0, discount=null), Trip(driver=Driver(name=D-0), passengers=[Passenger(name=P-3), Passenger(name=P-5)], duration=264, distance=217.0, discount=null)), (Trip(driver=Driver(name=D-0), passengers=[Passenger(name=P-3), Passenger(name=P-5)], duration=264, distance=217.0, discount=null), Trip(driver=Driver(name=D-2), passengers=[Passenger(name=P-5)], duration=81, distance=8.0, discount=0.3)), (Trip(driver=Driver(name=D-0), passengers=[Passenger(name=P-3), Passenger(name=P-5)], duration=264, distance=217.0, discount=null), Trip(driver=Driver(name=D-0), passengers=[Passenger(name=P-5)], duration=67, distance=613.0, discount=null))]
item [(Trip(driver=Driver(name=D-2), passengers=[Passenger(name=P-5)], duration=81, distance=8.0, discount=0.3), Trip(driver=Driver(name=D-5), passengers=[Passenger(name=P-6), Passenger(name=P-8), Passenger(name=P-3)], duration=425, distance=230.0, discount=0.3)), (Trip(driver=Driver(name=D-2), passengers=[Passenger(name=P-5)], duration=81, distance=8.0, discount=0.3), Trip(driver=Driver(name=D-3), passengers=[Passenger(name=P-4)], duration=151, distance=351.0, discount=null)), (Trip(driver=Driver(name=D-2), passengers=[Passenger(name=P-5)], duration=81, distance=8.0, discount=0.3), Trip(driver=Driver(name=D-0), passengers=[Passenger(name=P-6)], duration=892, distance=165.0, discount=0.2)), (Trip(driver=Driver(name=D-2), passengers=[Passenger(name=P-5)], duration=81, distance=8.0, discount=0.3), Trip(driver=Driver(name=D-2), passengers=[Passenger(name=P-4), Passenger(name=P-7), Passenger(name=P-6)], duration=538, distance=699.0, discount=0.3)), (Trip(driver=Driver(name=D-2), passengers=[Passenger(name=P-5)], duration=81, distance=8.0, discount=0.3), Trip(driver=Driver(name=D-2), passengers=[Passenger(name=P-3)], duration=477, distance=706.0, discount=0.3)), (Trip(driver=Driver(name=D-2), passengers=[Passenger(name=P-5)], duration=81, distance=8.0, discount=0.3), Trip(driver=Driver(name=D-2), passengers=[Passenger(name=P-6), Passenger(name=P-7), Passenger(name=P-1)], duration=79, distance=924.0, discount=null)), (Trip(driver=Driver(name=D-2), passengers=[Passenger(name=P-5)], duration=81, distance=8.0, discount=0.3), Trip(driver=Driver(name=D-3), passengers=[Passenger(name=P-4)], duration=433, distance=404.0, discount=0.3)), (Trip(driver=Driver(name=D-2), passengers=[Passenger(name=P-5)], duration=81, distance=8.0, discount=0.3), Trip(driver=Driver(name=D-0), passengers=[Passenger(name=P-3), Passenger(name=P-5)], duration=264, distance=217.0, discount=null)), (Trip(driver=Driver(name=D-2), passengers=[Passenger(name=P-5)], duration=81, distance=8.0, discount=0.3), Trip(driver=Driver(name=D-2), passengers=[Passenger(name=P-5)], duration=81, distance=8.0, discount=0.3)), (Trip(driver=Driver(name=D-2), passengers=[Passenger(name=P-5)], duration=81, distance=8.0, discount=0.3), Trip(driver=Driver(name=D-0), passengers=[Passenger(name=P-5)], duration=67, distance=613.0, discount=null))]
item [(Trip(driver=Driver(name=D-0), passengers=[Passenger(name=P-5)], duration=67, distance=613.0, discount=null), Trip(driver=Driver(name=D-5), passengers=[Passenger(name=P-6), Passenger(name=P-8), Passenger(name=P-3)], duration=425, distance=230.0, discount=0.3)), (Trip(driver=Driver(name=D-0), passengers=[Passenger(name=P-5)], duration=67, distance=613.0, discount=null), Trip(driver=Driver(name=D-3), passengers=[Passenger(name=P-4)], duration=151, distance=351.0, discount=null)), (Trip(driver=Driver(name=D-0), passengers=[Passenger(name=P-5)], duration=67, distance=613.0, discount=null), Trip(driver=Driver(name=D-0), passengers=[Passenger(name=P-6)], duration=892, distance=165.0, discount=0.2)), (Trip(driver=Driver(name=D-0), passengers=[Passenger(name=P-5)], duration=67, distance=613.0, discount=null), Trip(driver=Driver(name=D-2), passengers=[Passenger(name=P-4), Passenger(name=P-7), Passenger(name=P-6)], duration=538, distance=699.0, discount=0.3)), (Trip(driver=Driver(name=D-0), passengers=[Passenger(name=P-5)], duration=67, distance=613.0, discount=null), Trip(driver=Driver(name=D-2), passengers=[Passenger(name=P-3)], duration=477, distance=706.0, discount=0.3)), (Trip(driver=Driver(name=D-0), passengers=[Passenger(name=P-5)], duration=67, distance=613.0, discount=null), Trip(driver=Driver(name=D-2), passengers=[Passenger(name=P-6), Passenger(name=P-7), Passenger(name=P-1)], duration=79, distance=924.0, discount=null)), (Trip(driver=Driver(name=D-0), passengers=[Passenger(name=P-5)], duration=67, distance=613.0, discount=null), Trip(driver=Driver(name=D-3), passengers=[Passenger(name=P-4)], duration=433, distance=404.0, discount=0.3)), (Trip(driver=Driver(name=D-0), passengers=[Passenger(name=P-5)], duration=67, distance=613.0, discount=null), Trip(driver=Driver(name=D-0), passengers=[Passenger(name=P-3), Passenger(name=P-5)], duration=264, distance=217.0, discount=null)), (Trip(driver=Driver(name=D-0), passengers=[Passenger(name=P-5)], duration=67, distance=613.0, discount=null), Trip(driver=Driver(name=D-2), passengers=[Passenger(name=P-5)], duration=81, distance=8.0, discount=0.3)), (Trip(driver=Driver(name=D-0), passengers=[Passenger(name=P-5)], duration=67, distance=613.0, discount=null), Trip(driver=Driver(name=D-0), passengers=[Passenger(name=P-5)], duration=67, distance=613.0, discount=null))]
item [(Trip(driver=Driver(name=D-0), passengers=[Passenger(name=P-8), Passenger(name=P-1), Passenger(name=P-9)], duration=716, distance=164.0, discount=null), Trip(driver=Driver(name=D-0), passengers=[Passenger(name=P-8), Passenger(name=P-1), Passenger(name=P-9)], duration=716, distance=164.0, discount=null)), (Trip(driver=Driver(name=D-0), passengers=[Passenger(name=P-8), Passenger(name=P-1), Passenger(name=P-9)], duration=716, distance=164.0, discount=null), Trip(driver=Driver(name=D-3), passengers=[Passenger(name=P-9)], duration=406, distance=180.0, discount=0.1)), (Trip(driver=Driver(name=D-0), passengers=[Passenger(name=P-8), Passenger(name=P-1), Passenger(name=P-9)], duration=716, distance=164.0, discount=null), Trip(driver=Driver(name=D-2), passengers=[Passenger(name=P-8)], duration=856, distance=104.0, discount=0.2)), (Trip(driver=Driver(name=D-0), passengers=[Passenger(name=P-8), Passenger(name=P-1), Passenger(name=P-9)], duration=716, distance=164.0, discount=null), Trip(driver=Driver(name=D-5), passengers=[Passenger(name=P-4)], duration=592, distance=270.0, discount=null)), (Trip(driver=Driver(name=D-0), passengers=[Passenger(name=P-8), Passenger(name=P-1), Passenger(name=P-9)], duration=716, distance=164.0, discount=null), Trip(driver=Driver(name=D-0), passengers=[Passenger(name=P-4), Passenger(name=P-7), Passenger(name=P-6), Passenger(name=P-2)], duration=101, distance=880.0, discount=null)), (Trip(driver=Driver(name=D-0), passengers=[Passenger(name=P-8), Passenger(name=P-1), Passenger(name=P-9)], duration=716, distance=164.0, discount=null), Trip(driver=Driver(name=D-5), passengers=[Passenger(name=P-5), Passenger(name=P-2), Passenger(name=P-0)], duration=323, distance=253.0, discount=0.4)), (Trip(driver=Driver(name=D-0), passengers=[Passenger(name=P-8), Passenger(name=P-1), Passenger(name=P-9)], duration=716, distance=164.0, discount=null), Trip(driver=Driver(name=D-2), passengers=[Passenger(name=P-1), Passenger(name=P-0), Passenger(name=P-4)], duration=127, distance=99.0, discount=null)), (Trip(driver=Driver(name=D-0), passengers=[Passenger(name=P-8), Passenger(name=P-1), Passenger(name=P-9)], duration=716, distance=164.0, discount=null), Trip(driver=Driver(name=D-0), passengers=[Passenger(name=P-4), Passenger(name=P-6), Passenger(name=P-2)], duration=324, distance=182.0, discount=null)), (Trip(driver=Driver(name=D-0), passengers=[Passenger(name=P-8), Passenger(name=P-1), Passenger(name=P-9)], duration=716, distance=164.0, discount=null), Trip(driver=Driver(name=D-1), passengers=[Passenger(name=P-6), Passenger(name=P-0)], duration=325, distance=36.0, discount=null)), (Trip(driver=Driver(name=D-0), passengers=[Passenger(name=P-8), Passenger(name=P-1), Passenger(name=P-9)], duration=716, distance=164.0, discount=null), Trip(driver=Driver(name=D-4), passengers=[Passenger(name=P-0), Passenger(name=P-9)], duration=213, distance=182.0, discount=null))]
item [(Trip(driver=Driver(name=D-3), passengers=[Passenger(name=P-9)], duration=406, distance=180.0, discount=0.1), Trip(driver=Driver(name=D-0), passengers=[Passenger(name=P-8), Passenger(name=P-1), Passenger(name=P-9)], duration=716, distance=164.0, discount=null)), (Trip(driver=Driver(name=D-3), passengers=[Passenger(name=P-9)], duration=406, distance=180.0, discount=0.1), Trip(driver=Driver(name=D-3), passengers=[Passenger(name=P-9)], duration=406, distance=180.0, discount=0.1)), (Trip(driver=Driver(name=D-3), passengers=[Passenger(name=P-9)], duration=406, distance=180.0, discount=0.1), Trip(driver=Driver(name=D-2), passengers=[Passenger(name=P-8)], duration=856, distance=104.0, discount=0.2)), (Trip(driver=Driver(name=D-3), passengers=[Passenger(name=P-9)], duration=406, distance=180.0, discount=0.1), Trip(driver=Driver(name=D-5), passengers=[Passenger(name=P-4)], duration=592, distance=270.0, discount=null)), (Trip(driver=Driver(name=D-3), passengers=[Passenger(name=P-9)], duration=406, distance=180.0, discount=0.1), Trip(driver=Driver(name=D-0), passengers=[Passenger(name=P-4), Passenger(name=P-7), Passenger(name=P-6), Passenger(name=P-2)], duration=101, distance=880.0, discount=null)), (Trip(driver=Driver(name=D-3), passengers=[Passenger(name=P-9)], duration=406, distance=180.0, discount=0.1), Trip(driver=Driver(name=D-5), passengers=[Passenger(name=P-5), Passenger(name=P-2), Passenger(name=P-0)], duration=323, distance=253.0, discount=0.4)), (Trip(driver=Driver(name=D-3), passengers=[Passenger(name=P-9)], duration=406, distance=180.0, discount=0.1), Trip(driver=Driver(name=D-2), passengers=[Passenger(name=P-1), Passenger(name=P-0), Passenger(name=P-4)], duration=127, distance=99.0, discount=null)), (Trip(driver=Driver(name=D-3), passengers=[Passenger(name=P-9)], duration=406, distance=180.0, discount=0.1), Trip(driver=Driver(name=D-0), passengers=[Passenger(name=P-4), Passenger(name=P-6), Passenger(name=P-2)], duration=324, distance=182.0, discount=null)), (Trip(driver=Driver(name=D-3), passengers=[Passenger(name=P-9)], duration=406, distance=180.0, discount=0.1), Trip(driver=Driver(name=D-1), passengers=[Passenger(name=P-6), Passenger(name=P-0)], duration=325, distance=36.0, discount=null)), (Trip(driver=Driver(name=D-3), passengers=[Passenger(name=P-9)], duration=406, distance=180.0, discount=0.1), Trip(driver=Driver(name=D-4), passengers=[Passenger(name=P-0), Passenger(name=P-9)], duration=213, distance=182.0, discount=null))]
item [(Trip(driver=Driver(name=D-2), passengers=[Passenger(name=P-8)], duration=856, distance=104.0, discount=0.2), Trip(driver=Driver(name=D-0), passengers=[Passenger(name=P-8), Passenger(name=P-1), Passenger(name=P-9)], duration=716, distance=164.0, discount=null)), (Trip(driver=Driver(name=D-2), passengers=[Passenger(name=P-8)], duration=856, distance=104.0, discount=0.2), Trip(driver=Driver(name=D-3), passengers=[Passenger(name=P-9)], duration=406, distance=180.0, discount=0.1)), (Trip(driver=Driver(name=D-2), passengers=[Passenger(name=P-8)], duration=856, distance=104.0, discount=0.2), Trip(driver=Driver(name=D-2), passengers=[Passenger(name=P-8)], duration=856, distance=104.0, discount=0.2)), (Trip(driver=Driver(name=D-2), passengers=[Passenger(name=P-8)], duration=856, distance=104.0, discount=0.2), Trip(driver=Driver(name=D-5), passengers=[Passenger(name=P-4)], duration=592, distance=270.0, discount=null)), (Trip(driver=Driver(name=D-2), passengers=[Passenger(name=P-8)], duration=856, distance=104.0, discount=0.2), Trip(driver=Driver(name=D-0), passengers=[Passenger(name=P-4), Passenger(name=P-7), Passenger(name=P-6), Passenger(name=P-2)], duration=101, distance=880.0, discount=null)), (Trip(driver=Driver(name=D-2), passengers=[Passenger(name=P-8)], duration=856, distance=104.0, discount=0.2), Trip(driver=Driver(name=D-5), passengers=[Passenger(name=P-5), Passenger(name=P-2), Passenger(name=P-0)], duration=323, distance=253.0, discount=0.4)), (Trip(driver=Driver(name=D-2), passengers=[Passenger(name=P-8)], duration=856, distance=104.0, discount=0.2), Trip(driver=Driver(name=D-2), passengers=[Passenger(name=P-1), Passenger(name=P-0), Passenger(name=P-4)], duration=127, distance=99.0, discount=null)), (Trip(driver=Driver(name=D-2), passengers=[Passenger(name=P-8)], duration=856, distance=104.0, discount=0.2), Trip(driver=Driver(name=D-0), passengers=[Passenger(name=P-4), Passenger(name=P-6), Passenger(name=P-2)], duration=324, distance=182.0, discount=null)), (Trip(driver=Driver(name=D-2), passengers=[Passenger(name=P-8)], duration=856, distance=104.0, discount=0.2), Trip(driver=Driver(name=D-1), passengers=[Passenger(name=P-6), Passenger(name=P-0)], duration=325, distance=36.0, discount=null)), (Trip(driver=Driver(name=D-2), passengers=[Passenger(name=P-8)], duration=856, distance=104.0, discount=0.2), Trip(driver=Driver(name=D-4), passengers=[Passenger(name=P-0), Passenger(name=P-9)], duration=213, distance=182.0, discount=null))]
item [(Trip(driver=Driver(name=D-5), passengers=[Passenger(name=P-4)], duration=592, distance=270.0, discount=null), Trip(driver=Driver(name=D-0), passengers=[Passenger(name=P-8), Passenger(name=P-1), Passenger(name=P-9)], duration=716, distance=164.0, discount=null)), (Trip(driver=Driver(name=D-5), passengers=[Passenger(name=P-4)], duration=592, distance=270.0, discount=null), Trip(driver=Driver(name=D-3), passengers=[Passenger(name=P-9)], duration=406, distance=180.0, discount=0.1)), (Trip(driver=Driver(name=D-5), passengers=[Passenger(name=P-4)], duration=592, distance=270.0, discount=null), Trip(driver=Driver(name=D-2), passengers=[Passenger(name=P-8)], duration=856, distance=104.0, discount=0.2)), (Trip(driver=Driver(name=D-5), passengers=[Passenger(name=P-4)], duration=592, distance=270.0, discount=null), Trip(driver=Driver(name=D-5), passengers=[Passenger(name=P-4)], duration=592, distance=270.0, discount=null)), (Trip(driver=Driver(name=D-5), passengers=[Passenger(name=P-4)], duration=592, distance=270.0, discount=null), Trip(driver=Driver(name=D-0), passengers=[Passenger(name=P-4), Passenger(name=P-7), Passenger(name=P-6), Passenger(name=P-2)], duration=101, distance=880.0, discount=null)), (Trip(driver=Driver(name=D-5), passengers=[Passenger(name=P-4)], duration=592, distance=270.0, discount=null), Trip(driver=Driver(name=D-5), passengers=[Passenger(name=P-5), Passenger(name=P-2), Passenger(name=P-0)], duration=323, distance=253.0, discount=0.4)), (Trip(driver=Driver(name=D-5), passengers=[Passenger(name=P-4)], duration=592, distance=270.0, discount=null), Trip(driver=Driver(name=D-2), passengers=[Passenger(name=P-1), Passenger(name=P-0), Passenger(name=P-4)], duration=127, distance=99.0, discount=null)), (Trip(driver=Driver(name=D-5), passengers=[Passenger(name=P-4)], duration=592, distance=270.0, discount=null), Trip(driver=Driver(name=D-0), passengers=[Passenger(name=P-4), Passenger(name=P-6), Passenger(name=P-2)], duration=324, distance=182.0, discount=null)), (Trip(driver=Driver(name=D-5), passengers=[Passenger(name=P-4)], duration=592, distance=270.0, discount=null), Trip(driver=Driver(name=D-1), passengers=[Passenger(name=P-6), Passenger(name=P-0)], duration=325, distance=36.0, discount=null)), (Trip(driver=Driver(name=D-5), passengers=[Passenger(name=P-4)], duration=592, distance=270.0, discount=null), Trip(driver=Driver(name=D-4), passengers=[Passenger(name=P-0), Passenger(name=P-9)], duration=213, distance=182.0, discount=null))]
item [(Trip(driver=Driver(name=D-0), passengers=[Passenger(name=P-4), Passenger(name=P-7), Passenger(name=P-6), Passenger(name=P-2)], duration=101, distance=880.0, discount=null), Trip(driver=Driver(name=D-0), passengers=[Passenger(name=P-8), Passenger(name=P-1), Passenger(name=P-9)], duration=716, distance=164.0, discount=null)), (Trip(driver=Driver(name=D-0), passengers=[Passenger(name=P-4), Passenger(name=P-7), Passenger(name=P-6), Passenger(name=P-2)], duration=101, distance=880.0, discount=null), Trip(driver=Driver(name=D-3), passengers=[Passenger(name=P-9)], duration=406, distance=180.0, discount=0.1)), (Trip(driver=Driver(name=D-0), passengers=[Passenger(name=P-4), Passenger(name=P-7), Passenger(name=P-6), Passenger(name=P-2)], duration=101, distance=880.0, discount=null), Trip(driver=Driver(name=D-2), passengers=[Passenger(name=P-8)], duration=856, distance=104.0, discount=0.2)), (Trip(driver=Driver(name=D-0), passengers=[Passenger(name=P-4), Passenger(name=P-7), Passenger(name=P-6), Passenger(name=P-2)], duration=101, distance=880.0, discount=null), Trip(driver=Driver(name=D-5), passengers=[Passenger(name=P-4)], duration=592, distance=270.0, discount=null)), (Trip(driver=Driver(name=D-0), passengers=[Passenger(name=P-4), Passenger(name=P-7), Passenger(name=P-6), Passenger(name=P-2)], duration=101, distance=880.0, discount=null), Trip(driver=Driver(name=D-0), passengers=[Passenger(name=P-4), Passenger(name=P-7), Passenger(name=P-6), Passenger(name=P-2)], duration=101, distance=880.0, discount=null)), (Trip(driver=Driver(name=D-0), passengers=[Passenger(name=P-4), Passenger(name=P-7), Passenger(name=P-6), Passenger(name=P-2)], duration=101, distance=880.0, discount=null), Trip(driver=Driver(name=D-5), passengers=[Passenger(name=P-5), Passenger(name=P-2), Passenger(name=P-0)], duration=323, distance=253.0, discount=0.4)), (Trip(driver=Driver(name=D-0), passengers=[Passenger(name=P-4), Passenger(name=P-7), Passenger(name=P-6), Passenger(name=P-2)], duration=101, distance=880.0, discount=null), Trip(driver=Driver(name=D-2), passengers=[Passenger(name=P-1), Passenger(name=P-0), Passenger(name=P-4)], duration=127, distance=99.0, discount=null)), (Trip(driver=Driver(name=D-0), passengers=[Passenger(name=P-4), Passenger(name=P-7), Passenger(name=P-6), Passenger(name=P-2)], duration=101, distance=880.0, discount=null), Trip(driver=Driver(name=D-0), passengers=[Passenger(name=P-4), Passenger(name=P-6), Passenger(name=P-2)], duration=324, distance=182.0, discount=null)), (Trip(driver=Driver(name=D-0), passengers=[Passenger(name=P-4), Passenger(name=P-7), Passenger(name=P-6), Passenger(name=P-2)], duration=101, distance=880.0, discount=null), Trip(driver=Driver(name=D-1), passengers=[Passenger(name=P-6), Passenger(name=P-0)], duration=325, distance=36.0, discount=null)), (Trip(driver=Driver(name=D-0), passengers=[Passenger(name=P-4), Passenger(name=P-7), Passenger(name=P-6), Passenger(name=P-2)], duration=101, distance=880.0, discount=null), Trip(driver=Driver(name=D-4), passengers=[Passenger(name=P-0), Passenger(name=P-9)], duration=213, distance=182.0, discount=null))]
item [(Trip(driver=Driver(name=D-5), passengers=[Passenger(name=P-5), Passenger(name=P-2), Passenger(name=P-0)], duration=323, distance=253.0, discount=0.4), Trip(driver=Driver(name=D-0), passengers=[Passenger(name=P-8), Passenger(name=P-1), Passenger(name=P-9)], duration=716, distance=164.0, discount=null)), (Trip(driver=Driver(name=D-5), passengers=[Passenger(name=P-5), Passenger(name=P-2), Passenger(name=P-0)], duration=323, distance=253.0, discount=0.4), Trip(driver=Driver(name=D-3), passengers=[Passenger(name=P-9)], duration=406, distance=180.0, discount=0.1)), (Trip(driver=Driver(name=D-5), passengers=[Passenger(name=P-5), Passenger(name=P-2), Passenger(name=P-0)], duration=323, distance=253.0, discount=0.4), Trip(driver=Driver(name=D-2), passengers=[Passenger(name=P-8)], duration=856, distance=104.0, discount=0.2)), (Trip(driver=Driver(name=D-5), passengers=[Passenger(name=P-5), Passenger(name=P-2), Passenger(name=P-0)], duration=323, distance=253.0, discount=0.4), Trip(driver=Driver(name=D-5), passengers=[Passenger(name=P-4)], duration=592, distance=270.0, discount=null)), (Trip(driver=Driver(name=D-5), passengers=[Passenger(name=P-5), Passenger(name=P-2), Passenger(name=P-0)], duration=323, distance=253.0, discount=0.4), Trip(driver=Driver(name=D-0), passengers=[Passenger(name=P-4), Passenger(name=P-7), Passenger(name=P-6), Passenger(name=P-2)], duration=101, distance=880.0, discount=null)), (Trip(driver=Driver(name=D-5), passengers=[Passenger(name=P-5), Passenger(name=P-2), Passenger(name=P-0)], duration=323, distance=253.0, discount=0.4), Trip(driver=Driver(name=D-5), passengers=[Passenger(name=P-5), Passenger(name=P-2), Passenger(name=P-0)], duration=323, distance=253.0, discount=0.4)), (Trip(driver=Driver(name=D-5), passengers=[Passenger(name=P-5), Passenger(name=P-2), Passenger(name=P-0)], duration=323, distance=253.0, discount=0.4), Trip(driver=Driver(name=D-2), passengers=[Passenger(name=P-1), Passenger(name=P-0), Passenger(name=P-4)], duration=127, distance=99.0, discount=null)), (Trip(driver=Driver(name=D-5), passengers=[Passenger(name=P-5), Passenger(name=P-2), Passenger(name=P-0)], duration=323, distance=253.0, discount=0.4), Trip(driver=Driver(name=D-0), passengers=[Passenger(name=P-4), Passenger(name=P-6), Passenger(name=P-2)], duration=324, distance=182.0, discount=null)), (Trip(driver=Driver(name=D-5), passengers=[Passenger(name=P-5), Passenger(name=P-2), Passenger(name=P-0)], duration=323, distance=253.0, discount=0.4), Trip(driver=Driver(name=D-1), passengers=[Passenger(name=P-6), Passenger(name=P-0)], duration=325, distance=36.0, discount=null)), (Trip(driver=Driver(name=D-5), passengers=[Passenger(name=P-5), Passenger(name=P-2), Passenger(name=P-0)], duration=323, distance=253.0, discount=0.4), Trip(driver=Driver(name=D-4), passengers=[Passenger(name=P-0), Passenger(name=P-9)], duration=213, distance=182.0, discount=null))]
item [(Trip(driver=Driver(name=D-2), passengers=[Passenger(name=P-1), Passenger(name=P-0), Passenger(name=P-4)], duration=127, distance=99.0, discount=null), Trip(driver=Driver(name=D-0), passengers=[Passenger(name=P-8), Passenger(name=P-1), Passenger(name=P-9)], duration=716, distance=164.0, discount=null)), (Trip(driver=Driver(name=D-2), passengers=[Passenger(name=P-1), Passenger(name=P-0), Passenger(name=P-4)], duration=127, distance=99.0, discount=null), Trip(driver=Driver(name=D-3), passengers=[Passenger(name=P-9)], duration=406, distance=180.0, discount=0.1)), (Trip(driver=Driver(name=D-2), passengers=[Passenger(name=P-1), Passenger(name=P-0), Passenger(name=P-4)], duration=127, distance=99.0, discount=null), Trip(driver=Driver(name=D-2), passengers=[Passenger(name=P-8)], duration=856, distance=104.0, discount=0.2)), (Trip(driver=Driver(name=D-2), passengers=[Passenger(name=P-1), Passenger(name=P-0), Passenger(name=P-4)], duration=127, distance=99.0, discount=null), Trip(driver=Driver(name=D-5), passengers=[Passenger(name=P-4)], duration=592, distance=270.0, discount=null)), (Trip(driver=Driver(name=D-2), passengers=[Passenger(name=P-1), Passenger(name=P-0), Passenger(name=P-4)], duration=127, distance=99.0, discount=null), Trip(driver=Driver(name=D-0), passengers=[Passenger(name=P-4), Passenger(name=P-7), Passenger(name=P-6), Passenger(name=P-2)], duration=101, distance=880.0, discount=null)), (Trip(driver=Driver(name=D-2), passengers=[Passenger(name=P-1), Passenger(name=P-0), Passenger(name=P-4)], duration=127, distance=99.0, discount=null), Trip(driver=Driver(name=D-5), passengers=[Passenger(name=P-5), Passenger(name=P-2), Passenger(name=P-0)], duration=323, distance=253.0, discount=0.4)), (Trip(driver=Driver(name=D-2), passengers=[Passenger(name=P-1), Passenger(name=P-0), Passenger(name=P-4)], duration=127, distance=99.0, discount=null), Trip(driver=Driver(name=D-2), passengers=[Passenger(name=P-1), Passenger(name=P-0), Passenger(name=P-4)], duration=127, distance=99.0, discount=null)), (Trip(driver=Driver(name=D-2), passengers=[Passenger(name=P-1), Passenger(name=P-0), Passenger(name=P-4)], duration=127, distance=99.0, discount=null), Trip(driver=Driver(name=D-0), passengers=[Passenger(name=P-4), Passenger(name=P-6), Passenger(name=P-2)], duration=324, distance=182.0, discount=null)), (Trip(driver=Driver(name=D-2), passengers=[Passenger(name=P-1), Passenger(name=P-0), Passenger(name=P-4)], duration=127, distance=99.0, discount=null), Trip(driver=Driver(name=D-1), passengers=[Passenger(name=P-6), Passenger(name=P-0)], duration=325, distance=36.0, discount=null)), (Trip(driver=Driver(name=D-2), passengers=[Passenger(name=P-1), Passenger(name=P-0), Passenger(name=P-4)], duration=127, distance=99.0, discount=null), Trip(driver=Driver(name=D-4), passengers=[Passenger(name=P-0), Passenger(name=P-9)], duration=213, distance=182.0, discount=null))]
item [(Trip(driver=Driver(name=D-0), passengers=[Passenger(name=P-4), Passenger(name=P-6), Passenger(name=P-2)], duration=324, distance=182.0, discount=null), Trip(driver=Driver(name=D-0), passengers=[Passenger(name=P-8), Passenger(name=P-1), Passenger(name=P-9)], duration=716, distance=164.0, discount=null)), (Trip(driver=Driver(name=D-0), passengers=[Passenger(name=P-4), Passenger(name=P-6), Passenger(name=P-2)], duration=324, distance=182.0, discount=null), Trip(driver=Driver(name=D-3), passengers=[Passenger(name=P-9)], duration=406, distance=180.0, discount=0.1)), (Trip(driver=Driver(name=D-0), passengers=[Passenger(name=P-4), Passenger(name=P-6), Passenger(name=P-2)], duration=324, distance=182.0, discount=null), Trip(driver=Driver(name=D-2), passengers=[Passenger(name=P-8)], duration=856, distance=104.0, discount=0.2)), (Trip(driver=Driver(name=D-0), passengers=[Passenger(name=P-4), Passenger(name=P-6), Passenger(name=P-2)], duration=324, distance=182.0, discount=null), Trip(driver=Driver(name=D-5), passengers=[Passenger(name=P-4)], duration=592, distance=270.0, discount=null)), (Trip(driver=Driver(name=D-0), passengers=[Passenger(name=P-4), Passenger(name=P-6), Passenger(name=P-2)], duration=324, distance=182.0, discount=null), Trip(driver=Driver(name=D-0), passengers=[Passenger(name=P-4), Passenger(name=P-7), Passenger(name=P-6), Passenger(name=P-2)], duration=101, distance=880.0, discount=null)), (Trip(driver=Driver(name=D-0), passengers=[Passenger(name=P-4), Passenger(name=P-6), Passenger(name=P-2)], duration=324, distance=182.0, discount=null), Trip(driver=Driver(name=D-5), passengers=[Passenger(name=P-5), Passenger(name=P-2), Passenger(name=P-0)], duration=323, distance=253.0, discount=0.4)), (Trip(driver=Driver(name=D-0), passengers=[Passenger(name=P-4), Passenger(name=P-6), Passenger(name=P-2)], duration=324, distance=182.0, discount=null), Trip(driver=Driver(name=D-2), passengers=[Passenger(name=P-1), Passenger(name=P-0), Passenger(name=P-4)], duration=127, distance=99.0, discount=null)), (Trip(driver=Driver(name=D-0), passengers=[Passenger(name=P-4), Passenger(name=P-6), Passenger(name=P-2)], duration=324, distance=182.0, discount=null), Trip(driver=Driver(name=D-0), passengers=[Passenger(name=P-4), Passenger(name=P-6), Passenger(name=P-2)], duration=324, distance=182.0, discount=null)), (Trip(driver=Driver(name=D-0), passengers=[Passenger(name=P-4), Passenger(name=P-6), Passenger(name=P-2)], duration=324, distance=182.0, discount=null), Trip(driver=Driver(name=D-1), passengers=[Passenger(name=P-6), Passenger(name=P-0)], duration=325, distance=36.0, discount=null)), (Trip(driver=Driver(name=D-0), passengers=[Passenger(name=P-4), Passenger(name=P-6), Passenger(name=P-2)], duration=324, distance=182.0, discount=null), Trip(driver=Driver(name=D-4), passengers=[Passenger(name=P-0), Passenger(name=P-9)], duration=213, distance=182.0, discount=null))]
item [(Trip(driver=Driver(name=D-1), passengers=[Passenger(name=P-6), Passenger(name=P-0)], duration=325, distance=36.0, discount=null), Trip(driver=Driver(name=D-0), passengers=[Passenger(name=P-8), Passenger(name=P-1), Passenger(name=P-9)], duration=716, distance=164.0, discount=null)), (Trip(driver=Driver(name=D-1), passengers=[Passenger(name=P-6), Passenger(name=P-0)], duration=325, distance=36.0, discount=null), Trip(driver=Driver(name=D-3), passengers=[Passenger(name=P-9)], duration=406, distance=180.0, discount=0.1)), (Trip(driver=Driver(name=D-1), passengers=[Passenger(name=P-6), Passenger(name=P-0)], duration=325, distance=36.0, discount=null), Trip(driver=Driver(name=D-2), passengers=[Passenger(name=P-8)], duration=856, distance=104.0, discount=0.2)), (Trip(driver=Driver(name=D-1), passengers=[Passenger(name=P-6), Passenger(name=P-0)], duration=325, distance=36.0, discount=null), Trip(driver=Driver(name=D-5), passengers=[Passenger(name=P-4)], duration=592, distance=270.0, discount=null)), (Trip(driver=Driver(name=D-1), passengers=[Passenger(name=P-6), Passenger(name=P-0)], duration=325, distance=36.0, discount=null), Trip(driver=Driver(name=D-0), passengers=[Passenger(name=P-4), Passenger(name=P-7), Passenger(name=P-6), Passenger(name=P-2)], duration=101, distance=880.0, discount=null)), (Trip(driver=Driver(name=D-1), passengers=[Passenger(name=P-6), Passenger(name=P-0)], duration=325, distance=36.0, discount=null), Trip(driver=Driver(name=D-5), passengers=[Passenger(name=P-5), Passenger(name=P-2), Passenger(name=P-0)], duration=323, distance=253.0, discount=0.4)), (Trip(driver=Driver(name=D-1), passengers=[Passenger(name=P-6), Passenger(name=P-0)], duration=325, distance=36.0, discount=null), Trip(driver=Driver(name=D-2), passengers=[Passenger(name=P-1), Passenger(name=P-0), Passenger(name=P-4)], duration=127, distance=99.0, discount=null)), (Trip(driver=Driver(name=D-1), passengers=[Passenger(name=P-6), Passenger(name=P-0)], duration=325, distance=36.0, discount=null), Trip(driver=Driver(name=D-0), passengers=[Passenger(name=P-4), Passenger(name=P-6), Passenger(name=P-2)], duration=324, distance=182.0, discount=null)), (Trip(driver=Driver(name=D-1), passengers=[Passenger(name=P-6), Passenger(name=P-0)], duration=325, distance=36.0, discount=null), Trip(driver=Driver(name=D-1), passengers=[Passenger(name=P-6), Passenger(name=P-0)], duration=325, distance=36.0, discount=null)), (Trip(driver=Driver(name=D-1), passengers=[Passenger(name=P-6), Passenger(name=P-0)], duration=325, distance=36.0, discount=null), Trip(driver=Driver(name=D-4), passengers=[Passenger(name=P-0), Passenger(name=P-9)], duration=213, distance=182.0, discount=null))]
item [(Trip(driver=Driver(name=D-4), passengers=[Passenger(name=P-0), Passenger(name=P-9)], duration=213, distance=182.0, discount=null), Trip(driver=Driver(name=D-0), passengers=[Passenger(name=P-8), Passenger(name=P-1), Passenger(name=P-9)], duration=716, distance=164.0, discount=null)), (Trip(driver=Driver(name=D-4), passengers=[Passenger(name=P-0), Passenger(name=P-9)], duration=213, distance=182.0, discount=null), Trip(driver=Driver(name=D-3), passengers=[Passenger(name=P-9)], duration=406, distance=180.0, discount=0.1)), (Trip(driver=Driver(name=D-4), passengers=[Passenger(name=P-0), Passenger(name=P-9)], duration=213, distance=182.0, discount=null), Trip(driver=Driver(name=D-2), passengers=[Passenger(name=P-8)], duration=856, distance=104.0, discount=0.2)), (Trip(driver=Driver(name=D-4), passengers=[Passenger(name=P-0), Passenger(name=P-9)], duration=213, distance=182.0, discount=null), Trip(driver=Driver(name=D-5), passengers=[Passenger(name=P-4)], duration=592, distance=270.0, discount=null)), (Trip(driver=Driver(name=D-4), passengers=[Passenger(name=P-0), Passenger(name=P-9)], duration=213, distance=182.0, discount=null), Trip(driver=Driver(name=D-0), passengers=[Passenger(name=P-4), Passenger(name=P-7), Passenger(name=P-6), Passenger(name=P-2)], duration=101, distance=880.0, discount=null)), (Trip(driver=Driver(name=D-4), passengers=[Passenger(name=P-0), Passenger(name=P-9)], duration=213, distance=182.0, discount=null), Trip(driver=Driver(name=D-5), passengers=[Passenger(name=P-5), Passenger(name=P-2), Passenger(name=P-0)], duration=323, distance=253.0, discount=0.4)), (Trip(driver=Driver(name=D-4), passengers=[Passenger(name=P-0), Passenger(name=P-9)], duration=213, distance=182.0, discount=null), Trip(driver=Driver(name=D-2), passengers=[Passenger(name=P-1), Passenger(name=P-0), Passenger(name=P-4)], duration=127, distance=99.0, discount=null)), (Trip(driver=Driver(name=D-4), passengers=[Passenger(name=P-0), Passenger(name=P-9)], duration=213, distance=182.0, discount=null), Trip(driver=Driver(name=D-0), passengers=[Passenger(name=P-4), Passenger(name=P-6), Passenger(name=P-2)], duration=324, distance=182.0, discount=null)), (Trip(driver=Driver(name=D-4), passengers=[Passenger(name=P-0), Passenger(name=P-9)], duration=213, distance=182.0, discount=null), Trip(driver=Driver(name=D-1), passengers=[Passenger(name=P-6), Passenger(name=P-0)], duration=325, distance=36.0, discount=null)), (Trip(driver=Driver(name=D-4), passengers=[Passenger(name=P-0), Passenger(name=P-9)], duration=213, distance=182.0, discount=null), Trip(driver=Driver(name=D-4), passengers=[Passenger(name=P-0), Passenger(name=P-9)], duration=213, distance=182.0, discount=null))]
item [(Trip(driver=Driver(name=D-0), passengers=[Passenger(name=P-15), Passenger(name=P-14), Passenger(name=P-10)], duration=0, distance=19.0, discount=null), Trip(driver=Driver(name=D-0), passengers=[Passenger(name=P-15), Passenger(name=P-14), Passenger(name=P-10)], duration=0, distance=19.0, discount=null)), (Trip(driver=Driver(name=D-0), passengers=[Passenger(name=P-15), Passenger(name=P-14), Passenger(name=P-10)], duration=0, distance=19.0, discount=null), Trip(driver=Driver(name=D-0), passengers=[Passenger(name=P-18), Passenger(name=P-8), Passenger(name=P-7), Passenger(name=P-14)], duration=15, distance=1.0, discount=null)), (Trip(driver=Driver(name=D-0), passengers=[Passenger(name=P-15), Passenger(name=P-14), Passenger(name=P-10)], duration=0, distance=19.0, discount=null), Trip(driver=Driver(name=D-9), passengers=[Passenger(name=P-4), Passenger(name=P-19), Passenger(name=P-0)], duration=9, distance=15.0, discount=null)), (Trip(driver=Driver(name=D-0), passengers=[Passenger(name=P-15), Passenger(name=P-14), Passenger(name=P-10)], duration=0, distance=19.0, discount=null), Trip(driver=Driver(name=D-0), passengers=[Passenger(name=P-12), Passenger(name=P-7), Passenger(name=P-2)], duration=13, distance=19.0, discount=0.3)), (Trip(driver=Driver(name=D-0), passengers=[Passenger(name=P-15), Passenger(name=P-14), Passenger(name=P-10)], duration=0, distance=19.0, discount=null), Trip(driver=Driver(name=D-6), passengers=[Passenger(name=P-11), Passenger(name=P-8)], duration=14, distance=19.0, discount=null)), (Trip(driver=Driver(name=D-0), passengers=[Passenger(name=P-15), Passenger(name=P-14), Passenger(name=P-10)], duration=0, distance=19.0, discount=null), Trip(driver=Driver(name=D-0), passengers=[Passenger(name=P-2)], duration=12, distance=14.0, discount=0.3)), (Trip(driver=Driver(name=D-0), passengers=[Passenger(name=P-15), Passenger(name=P-14), Passenger(name=P-10)], duration=0, distance=19.0, discount=null), Trip(driver=Driver(name=D-8), passengers=[Passenger(name=P-1), Passenger(name=P-17), Passenger(name=P-9), Passenger(name=P-10)], duration=16, distance=3.0, discount=null)), (Trip(driver=Driver(name=D-0), passengers=[Passenger(name=P-15), Passenger(name=P-14), Passenger(name=P-10)], duration=0, distance=19.0, discount=null), Trip(driver=Driver(name=D-0), passengers=[Passenger(name=P-17)], duration=10, distance=6.0, discount=0.4)), (Trip(driver=Driver(name=D-0), passengers=[Passenger(name=P-15), Passenger(name=P-14), Passenger(name=P-10)], duration=0, distance=19.0, discount=null), Trip(driver=Driver(name=D-1), passengers=[Passenger(name=P-8), Passenger(name=P-1)], duration=7, distance=5.0, discount=null)), (Trip(driver=Driver(name=D-0), passengers=[Passenger(name=P-15), Passenger(name=P-14), Passenger(name=P-10)], duration=0, distance=19.0, discount=null), Trip(driver=Driver(name=D-9), passengers=[Passenger(name=P-6)], duration=3, distance=6.0, discount=null)), (Trip(driver=Driver(name=D-0), passengers=[Passenger(name=P-15), Passenger(name=P-14), Passenger(name=P-10)], duration=0, distance=19.0, discount=null), Trip(driver=Driver(name=D-4), passengers=[Passenger(name=P-12), Passenger(name=P-19), Passenger(name=P-7), Passenger(name=P-0)], duration=9, distance=10.0, discount=0.4)), (Trip(driver=Driver(name=D-0), passengers=[Passenger(name=P-15), Passenger(name=P-14), Passenger(name=P-10)], duration=0, distance=19.0, discount=null), Trip(driver=Driver(name=D-7), passengers=[Passenger(name=P-16)], duration=11, distance=12.0, discount=0.1)), (Trip(driver=Driver(name=D-0), passengers=[Passenger(name=P-15), Passenger(name=P-14), Passenger(name=P-10)], duration=0, distance=19.0, discount=null), Trip(driver=Driver(name=D-9), passengers=[Passenger(name=P-6), Passenger(name=P-14)], duration=9, distance=7.0, discount=null)), (Trip(driver=Driver(name=D-0), passengers=[Passenger(name=P-15), Passenger(name=P-14), Passenger(name=P-10)], duration=0, distance=19.0, discount=null), Trip(driver=Driver(name=D-5), passengers=[Passenger(name=P-4)], duration=1, distance=16.0, discount=0.4)), (Trip(driver=Driver(name=D-0), passengers=[Passenger(name=P-15), Passenger(name=P-14), Passenger(name=P-10)], duration=0, distance=19.0, discount=null), Trip(driver=Driver(name=D-2), passengers=[Passenger(name=P-15), Passenger(name=P-7), Passenger(name=P-12)], duration=9, distance=6.0, discount=null)), (Trip(driver=Driver(name=D-0), passengers=[Passenger(name=P-15), Passenger(name=P-14), Passenger(name=P-10)], duration=0, distance=19.0, discount=null), Trip(driver=Driver(name=D-1), passengers=[Passenger(name=P-13)], duration=2, distance=7.0, discount=0.1)), (Trip(driver=Driver(name=D-0), passengers=[Passenger(name=P-15), Passenger(name=P-14), Passenger(name=P-10)], duration=0, distance=19.0, discount=null), Trip(driver=Driver(name=D-5), passengers=[Passenger(name=P-0), Passenger(name=P-18), Passenger(name=P-3)], duration=10, distance=11.0, discount=null)), (Trip(driver=Driver(name=D-0), passengers=[Passenger(name=P-15), Passenger(name=P-14), Passenger(name=P-10)], duration=0, distance=19.0, discount=null), Trip(driver=Driver(name=D-0), passengers=[Passenger(name=P-9)], duration=6, distance=18.0, discount=0.4)), (Trip(driver=Driver(name=D-0), passengers=[Passenger(name=P-15), Passenger(name=P-14), Passenger(name=P-10)], duration=0, distance=19.0, discount=null), Trip(driver=Driver(name=D-1), passengers=[Passenger(name=P-9), Passenger(name=P-0), Passenger(name=P-3), Passenger(name=P-14)], duration=0, distance=15.0, discount=null)), (Trip(driver=Driver(name=D-0), passengers=[Passenger(name=P-15), Passenger(name=P-14), Passenger(name=P-10)], duration=0, distance=19.0, discount=null), Trip(driver=Driver(name=D-1), passengers=[Passenger(name=P-10)], duration=17, distance=15.0, discount=null)), (Trip(driver=Driver(name=D-0), passengers=[Passenger(name=P-15), Passenger(name=P-14), Passenger(name=P-10)], duration=0, distance=19.0, discount=null), Trip(driver=Driver(name=D-6), passengers=[Passenger(name=P-0), Passenger(name=P-18), Passenger(name=P-13)], duration=3, distance=5.0, discount=null)), (Trip(driver=Driver(name=D-0), passengers=[Passenger(name=P-15), Passenger(name=P-14), Passenger(name=P-10)], duration=0, distance=19.0, discount=null), Trip(driver=Driver(name=D-7), passengers=[Passenger(name=P-19), Passenger(name=P-10)], duration=0, distance=8.0, discount=null)), (Trip(driver=Driver(name=D-0), passengers=[Passenger(name=P-15), Passenger(name=P-14), Passenger(name=P-10)], duration=0, distance=19.0, discount=null), Trip(driver=Driver(name=D-8), passengers=[Passenger(name=P-4), Passenger(name=P-15)], duration=9, distance=17.0, discount=0.1)), (Trip(driver=Driver(name=D-0), passengers=[Passenger(name=P-15), Passenger(name=P-14), Passenger(name=P-10)], duration=0, distance=19.0, discount=null), Trip(driver=Driver(name=D-6), passengers=[Passenger(name=P-15)], duration=13, distance=1.0, discount=null)), (Trip(driver=Driver(name=D-0), passengers=[Passenger(name=P-15), Passenger(name=P-14), Passenger(name=P-10)], duration=0, distance=19.0, discount=null), Trip(driver=Driver(name=D-2), passengers=[Passenger(name=P-3)], duration=13, distance=15.0, discount=0.2)), (Trip(driver=Driver(name=D-0), passengers=[Passenger(name=P-15), Passenger(name=P-14), Passenger(name=P-10)], duration=0, distance=19.0, discount=null), Trip(driver=Driver(name=D-3), passengers=[Passenger(name=P-13), Passenger(name=P-11), Passenger(name=P-15)], duration=2, distance=9.0, discount=null)), (Trip(driver=Driver(name=D-0), passengers=[Passenger(name=P-15), Passenger(name=P-14), Passenger(name=P-10)], duration=0, distance=19.0, discount=null), Trip(driver=Driver(name=D-2), passengers=[Passenger(name=P-12)], duration=2, distance=16.0, discount=null)), (Trip(driver=Driver(name=D-0), passengers=[Passenger(name=P-15), Passenger(name=P-14), Passenger(name=P-10)], duration=0, distance=19.0, discount=null), Trip(driver=Driver(name=D-6), passengers=[Passenger(name=P-13), Passenger(name=P-18)], duration=12, distance=14.0, discount=null)), (Trip(driver=Driver(name=D-0), passengers=[Passenger(name=P-15), Passenger(name=P-14), Passenger(name=P-10)], duration=0, distance=19.0, discount=null), Trip(driver=Driver(name=D-8), passengers=[Passenger(name=P-19)], duration=1, distance=13.0, discount=0.4)), (Trip(driver=Driver(name=D-0), passengers=[Passenger(name=P-15), Passenger(name=P-14), Passenger(name=P-10)], duration=0, distance=19.0, discount=null), Trip(driver=Driver(name=D-6), passengers=[Passenger(name=P-9), Passenger(name=P-13), Passenger(name=P-1), Passenger(name=P-19)], duration=5, distance=14.0, discount=0.2)), (Trip(driver=Driver(name=D-0), passengers=[Passenger(name=P-15), Passenger(name=P-14), Passenger(name=P-10)], duration=0, distance=19.0, discount=null), Trip(driver=Driver(name=D-4), passengers=[Passenger(name=P-8)], duration=15, distance=8.0, discount=0.2)), (Trip(driver=Driver(name=D-0), passengers=[Passenger(name=P-15), Passenger(name=P-14), Passenger(name=P-10)], duration=0, distance=19.0, discount=null), Trip(driver=Driver(name=D-6), passengers=[Passenger(name=P-16), Passenger(name=P-15)], duration=9, distance=4.0, discount=null)), (Trip(driver=Driver(name=D-0), passengers=[Passenger(name=P-15), Passenger(name=P-14), Passenger(name=P-10)], duration=0, distance=19.0, discount=null), Trip(driver=Driver(name=D-2), passengers=[Passenger(name=P-14), Passenger(name=P-0)], duration=7, distance=2.0, discount=null)), (Trip(driver=Driver(name=D-0), passengers=[Passenger(name=P-15), Passenger(name=P-14), Passenger(name=P-10)], duration=0, distance=19.0, discount=null), Trip(driver=Driver(name=D-5), passengers=[Passenger(name=P-18)], duration=7, distance=19.0, discount=null)), (Trip(driver=Driver(name=D-0), passengers=[Passenger(name=P-15), Passenger(name=P-14), Passenger(name=P-10)], duration=0, distance=19.0, discount=null), Trip(driver=Driver(name=D-9), passengers=[Passenger(name=P-15)], duration=15, distance=10.0, discount=0.4)), (Trip(driver=Driver(name=D-0), passengers=[Passenger(name=P-15), Passenger(name=P-14), Passenger(name=P-10)], duration=0, distance=19.0, discount=null), Trip(driver=Driver(name=D-7), passengers=[Passenger(name=P-7), Passenger(name=P-18)], duration=12, distance=11.0, discount=null)), (Trip(driver=Driver(name=D-0), passengers=[Passenger(name=P-15), Passenger(name=P-14), Passenger(name=P-10)], duration=0, distance=19.0, discount=null), Trip(driver=Driver(name=D-3), passengers=[Passenger(name=P-10), Passenger(name=P-19), Passenger(name=P-17)], duration=10, distance=7.0, discount=null)), (Trip(driver=Driver(name=D-0), passengers=[Passenger(name=P-15), Passenger(name=P-14), Passenger(name=P-10)], duration=0, distance=19.0, discount=null), Trip(driver=Driver(name=D-3), passengers=[Passenger(name=P-10)], duration=18, distance=10.0, discount=0.2)), (Trip(driver=Driver(name=D-0), passengers=[Passenger(name=P-15), Passenger(name=P-14), Passenger(name=P-10)], duration=0, distance=19.0, discount=null), Trip(driver=Driver(name=D-8), passengers=[Passenger(name=P-9), Passenger(name=P-15), Passenger(name=P-16), Passenger(name=P-19)], duration=19, distance=12.0, discount=0.3)), (Trip(driver=Driver(name=D-0), passengers=[Passenger(name=P-15), Passenger(name=P-14), Passenger(name=P-10)], duration=0, distance=19.0, discount=null), Trip(driver=Driver(name=D-5), passengers=[Passenger(name=P-13)], duration=16, distance=11.0, discount=0.3))]
item [(Trip(driver=Driver(name=D-0), passengers=[Passenger(name=P-18), Passenger(name=P-8), Passenger(name=P-7), Passenger(name=P-14)], duration=15, distance=1.0, discount=null), Trip(driver=Driver(name=D-0), passengers=[Passenger(name=P-15), Passenger(name=P-14), Passenger(name=P-10)], duration=0, distance=19.0, discount=null)), (Trip(driver=Driver(name=D-0), passengers=[Passenger(name=P-18), Passenger(name=P-8), Passenger(name=P-7), Passenger(name=P-14)], duration=15, distance=1.0, discount=null), Trip(driver=Driver(name=D-0), passengers=[Passenger(name=P-18), Passenger(name=P-8), Passenger(name=P-7), Passenger(name=P-14)], duration=15, distance=1.0, discount=null)), (Trip(driver=Driver(name=D-0), passengers=[Passenger(name=P-18), Passenger(name=P-8), Passenger(name=P-7), Passenger(name=P-14)], duration=15, distance=1.0, discount=null), Trip(driver=Driver(name=D-9), passengers=[Passenger(name=P-4), Passenger(name=P-19), Passenger(name=P-0)], duration=9, distance=15.0, discount=null)), (Trip(driver=Driver(name=D-0), passengers=[Passenger(name=P-18), Passenger(name=P-8), Passenger(name=P-7), Passenger(name=P-14)], duration=15, distance=1.0, discount=null), Trip(driver=Driver(name=D-0), passengers=[Passenger(name=P-12), Passenger(name=P-7), Passenger(name=P-2)], duration=13, distance=19.0, discount=0.3)), (Trip(driver=Driver(name=D-0), passengers=[Passenger(name=P-18), Passenger(name=P-8), Passenger(name=P-7), Passenger(name=P-14)], duration=15, distance=1.0, discount=null), Trip(driver=Driver(name=D-6), passengers=[Passenger(name=P-11), Passenger(name=P-8)], duration=14, distance=19.0, discount=null)), (Trip(driver=Driver(name=D-0), passengers=[Passenger(name=P-18), Passenger(name=P-8), Passenger(name=P-7), Passenger(name=P-14)], duration=15, distance=1.0, discount=null), Trip(driver=Driver(name=D-0), passengers=[Passenger(name=P-2)], duration=12, distance=14.0, discount=0.3)), (Trip(driver=Driver(name=D-0), passengers=[Passenger(name=P-18), Passenger(name=P-8), Passenger(name=P-7), Passenger(name=P-14)], duration=15, distance=1.0, discount=null), Trip(driver=Driver(name=D-8), passengers=[Passenger(name=P-1), Passenger(name=P-17), Passenger(name=P-9), Passenger(name=P-10)], duration=16, distance=3.0, discount=null)), (Trip(driver=Driver(name=D-0), passengers=[Passenger(name=P-18), Passenger(name=P-8), Passenger(name=P-7), Passenger(name=P-14)], duration=15, distance=1.0, discount=null), Trip(driver=Driver(name=D-0), passengers=[Passenger(name=P-17)], duration=10, distance=6.0, discount=0.4)), (Trip(driver=Driver(name=D-0), passengers=[Passenger(name=P-18), Passenger(name=P-8), Passenger(name=P-7), Passenger(name=P-14)], duration=15, distance=1.0, discount=null), Trip(driver=Driver(name=D-1), passengers=[Passenger(name=P-8), Passenger(name=P-1)], duration=7, distance=5.0, discount=null)), (Trip(driver=Driver(name=D-0), passengers=[Passenger(name=P-18), Passenger(name=P-8), Passenger(name=P-7), Passenger(name=P-14)], duration=15, distance=1.0, discount=null), Trip(driver=Driver(name=D-9), passengers=[Passenger(name=P-6)], duration=3, distance=6.0, discount=null)), (Trip(driver=Driver(name=D-0), passengers=[Passenger(name=P-18), Passenger(name=P-8), Passenger(name=P-7), Passenger(name=P-14)], duration=15, distance=1.0, discount=null), Trip(driver=Driver(name=D-4), passengers=[Passenger(name=P-12), Passenger(name=P-19), Passenger(name=P-7), Passenger(name=P-0)], duration=9, distance=10.0, discount=0.4)), (Trip(driver=Driver(name=D-0), passengers=[Passenger(name=P-18), Passenger(name=P-8), Passenger(name=P-7), Passenger(name=P-14)], duration=15, distance=1.0, discount=null), Trip(driver=Driver(name=D-7), passengers=[Passenger(name=P-16)], duration=11, distance=12.0, discount=0.1)), (Trip(driver=Driver(name=D-0), passengers=[Passenger(name=P-18), Passenger(name=P-8), Passenger(name=P-7), Passenger(name=P-14)], duration=15, distance=1.0, discount=null), Trip(driver=Driver(name=D-9), passengers=[Passenger(name=P-6), Passenger(name=P-14)], duration=9, distance=7.0, discount=null)), (Trip(driver=Driver(name=D-0), passengers=[Passenger(name=P-18), Passenger(name=P-8), Passenger(name=P-7), Passenger(name=P-14)], duration=15, distance=1.0, discount=null), Trip(driver=Driver(name=D-5), passengers=[Passenger(name=P-4)], duration=1, distance=16.0, discount=0.4)), (Trip(driver=Driver(name=D-0), passengers=[Passenger(name=P-18), Passenger(name=P-8), Passenger(name=P-7), Passenger(name=P-14)], duration=15, distance=1.0, discount=null), Trip(driver=Driver(name=D-2), passengers=[Passenger(name=P-15), Passenger(name=P-7), Passenger(name=P-12)], duration=9, distance=6.0, discount=null)), (Trip(driver=Driver(name=D-0), passengers=[Passenger(name=P-18), Passenger(name=P-8), Passenger(name=P-7), Passenger(name=P-14)], duration=15, distance=1.0, discount=null), Trip(driver=Driver(name=D-1), passengers=[Passenger(name=P-13)], duration=2, distance=7.0, discount=0.1)), (Trip(driver=Driver(name=D-0), passengers=[Passenger(name=P-18), Passenger(name=P-8), Passenger(name=P-7), Passenger(name=P-14)], duration=15, distance=1.0, discount=null), Trip(driver=Driver(name=D-5), passengers=[Passenger(name=P-0), Passenger(name=P-18), Passenger(name=P-3)], duration=10, distance=11.0, discount=null)), (Trip(driver=Driver(name=D-0), passengers=[Passenger(name=P-18), Passenger(name=P-8), Passenger(name=P-7), Passenger(name=P-14)], duration=15, distance=1.0, discount=null), Trip(driver=Driver(name=D-0), passengers=[Passenger(name=P-9)], duration=6, distance=18.0, discount=0.4)), (Trip(driver=Driver(name=D-0), passengers=[Passenger(name=P-18), Passenger(name=P-8), Passenger(name=P-7), Passenger(name=P-14)], duration=15, distance=1.0, discount=null), Trip(driver=Driver(name=D-1), passengers=[Passenger(name=P-9), Passenger(name=P-0), Passenger(name=P-3), Passenger(name=P-14)], duration=0, distance=15.0, discount=null)), (Trip(driver=Driver(name=D-0), passengers=[Passenger(name=P-18), Passenger(name=P-8), Passenger(name=P-7), Passenger(name=P-14)], duration=15, distance=1.0, discount=null), Trip(driver=Driver(name=D-1), passengers=[Passenger(name=P-10)], duration=17, distance=15.0, discount=null)), (Trip(driver=Driver(name=D-0), passengers=[Passenger(name=P-18), Passenger(name=P-8), Passenger(name=P-7), Passenger(name=P-14)], duration=15, distance=1.0, discount=null), Trip(driver=Driver(name=D-6), passengers=[Passenger(name=P-0), Passenger(name=P-18), Passenger(name=P-13)], duration=3, distance=5.0, discount=null)), (Trip(driver=Driver(name=D-0), passengers=[Passenger(name=P-18), Passenger(name=P-8), Passenger(name=P-7), Passenger(name=P-14)], duration=15, distance=1.0, discount=null), Trip(driver=Driver(name=D-7), passengers=[Passenger(name=P-19), Passenger(name=P-10)], duration=0, distance=8.0, discount=null)), (Trip(driver=Driver(name=D-0), passengers=[Passenger(name=P-18), Passenger(name=P-8), Passenger(name=P-7), Passenger(name=P-14)], duration=15, distance=1.0, discount=null), Trip(driver=Driver(name=D-8), passengers=[Passenger(name=P-4), Passenger(name=P-15)], duration=9, distance=17.0, discount=0.1)), (Trip(driver=Driver(name=D-0), passengers=[Passenger(name=P-18), Passenger(name=P-8), Passenger(name=P-7), Passenger(name=P-14)], duration=15, distance=1.0, discount=null), Trip(driver=Driver(name=D-6), passengers=[Passenger(name=P-15)], duration=13, distance=1.0, discount=null)), (Trip(driver=Driver(name=D-0), passengers=[Passenger(name=P-18), Passenger(name=P-8), Passenger(name=P-7), Passenger(name=P-14)], duration=15, distance=1.0, discount=null), Trip(driver=Driver(name=D-2), passengers=[Passenger(name=P-3)], duration=13, distance=15.0, discount=0.2)), (Trip(driver=Driver(name=D-0), passengers=[Passenger(name=P-18), Passenger(name=P-8), Passenger(name=P-7), Passenger(name=P-14)], duration=15, distance=1.0, discount=null), Trip(driver=Driver(name=D-3), passengers=[Passenger(name=P-13), Passenger(name=P-11), Passenger(name=P-15)], duration=2, distance=9.0, discount=null)), (Trip(driver=Driver(name=D-0), passengers=[Passenger(name=P-18), Passenger(name=P-8), Passenger(name=P-7), Passenger(name=P-14)], duration=15, distance=1.0, discount=null), Trip(driver=Driver(name=D-2), passengers=[Passenger(name=P-12)], duration=2, distance=16.0, discount=null)), (Trip(driver=Driver(name=D-0), passengers=[Passenger(name=P-18), Passenger(name=P-8), Passenger(name=P-7), Passenger(name=P-14)], duration=15, distance=1.0, discount=null), Trip(driver=Driver(name=D-6), passengers=[Passenger(name=P-13), Passenger(name=P-18)], duration=12, distance=14.0, discount=null)), (Trip(driver=Driver(name=D-0), passengers=[Passenger(name=P-18), Passenger(name=P-8), Passenger(name=P-7), Passenger(name=P-14)], duration=15, distance=1.0, discount=null), Trip(driver=Driver(name=D-8), passengers=[Passenger(name=P-19)], duration=1, distance=13.0, discount=0.4)), (Trip(driver=Driver(name=D-0), passengers=[Passenger(name=P-18), Passenger(name=P-8), Passenger(name=P-7), Passenger(name=P-14)], duration=15, distance=1.0, discount=null), Trip(driver=Driver(name=D-6), passengers=[Passenger(name=P-9), Passenger(name=P-13), Passenger(name=P-1), Passenger(name=P-19)], duration=5, distance=14.0, discount=0.2)), (Trip(driver=Driver(name=D-0), passengers=[Passenger(name=P-18), Passenger(name=P-8), Passenger(name=P-7), Passenger(name=P-14)], duration=15, distance=1.0, discount=null), Trip(driver=Driver(name=D-4), passengers=[Passenger(name=P-8)], duration=15, distance=8.0, discount=0.2)), (Trip(driver=Driver(name=D-0), passengers=[Passenger(name=P-18), Passenger(name=P-8), Passenger(name=P-7), Passenger(name=P-14)], duration=15, distance=1.0, discount=null), Trip(driver=Driver(name=D-6), passengers=[Passenger(name=P-16), Passenger(name=P-15)], duration=9, distance=4.0, discount=null)), (Trip(driver=Driver(name=D-0), passengers=[Passenger(name=P-18), Passenger(name=P-8), Passenger(name=P-7), Passenger(name=P-14)], duration=15, distance=1.0, discount=null), Trip(driver=Driver(name=D-2), passengers=[Passenger(name=P-14), Passenger(name=P-0)], duration=7, distance=2.0, discount=null)), (Trip(driver=Driver(name=D-0), passengers=[Passenger(name=P-18), Passenger(name=P-8), Passenger(name=P-7), Passenger(name=P-14)], duration=15, distance=1.0, discount=null), Trip(driver=Driver(name=D-5), passengers=[Passenger(name=P-18)], duration=7, distance=19.0, discount=null)), (Trip(driver=Driver(name=D-0), passengers=[Passenger(name=P-18), Passenger(name=P-8), Passenger(name=P-7), Passenger(name=P-14)], duration=15, distance=1.0, discount=null), Trip(driver=Driver(name=D-9), passengers=[Passenger(name=P-15)], duration=15, distance=10.0, discount=0.4)), (Trip(driver=Driver(name=D-0), passengers=[Passenger(name=P-18), Passenger(name=P-8), Passenger(name=P-7), Passenger(name=P-14)], duration=15, distance=1.0, discount=null), Trip(driver=Driver(name=D-7), passengers=[Passenger(name=P-7), Passenger(name=P-18)], duration=12, distance=11.0, discount=null)), (Trip(driver=Driver(name=D-0), passengers=[Passenger(name=P-18), Passenger(name=P-8), Passenger(name=P-7), Passenger(name=P-14)], duration=15, distance=1.0, discount=null), Trip(driver=Driver(name=D-3), passengers=[Passenger(name=P-10), Passenger(name=P-19), Passenger(name=P-17)], duration=10, distance=7.0, discount=null)), (Trip(driver=Driver(name=D-0), passengers=[Passenger(name=P-18), Passenger(name=P-8), Passenger(name=P-7), Passenger(name=P-14)], duration=15, distance=1.0, discount=null), Trip(driver=Driver(name=D-3), passengers=[Passenger(name=P-10)], duration=18, distance=10.0, discount=0.2)), (Trip(driver=Driver(name=D-0), passengers=[Passenger(name=P-18), Passenger(name=P-8), Passenger(name=P-7), Passenger(name=P-14)], duration=15, distance=1.0, discount=null), Trip(driver=Driver(name=D-8), passengers=[Passenger(name=P-9), Passenger(name=P-15), Passenger(name=P-16), Passenger(name=P-19)], duration=19, distance=12.0, discount=0.3)), (Trip(driver=Driver(name=D-0), passengers=[Passenger(name=P-18), Passenger(name=P-8), Passenger(name=P-7), Passenger(name=P-14)], duration=15, distance=1.0, discount=null), Trip(driver=Driver(name=D-5), passengers=[Passenger(name=P-13)], duration=16, distance=11.0, discount=0.3))]
item [(Trip(driver=Driver(name=D-9), passengers=[Passenger(name=P-4), Passenger(name=P-19), Passenger(name=P-0)], duration=9, distance=15.0, discount=null), Trip(driver=Driver(name=D-0), passengers=[Passenger(name=P-15), Passenger(name=P-14), Passenger(name=P-10)], duration=0, distance=19.0, discount=null)), (Trip(driver=Driver(name=D-9), passengers=[Passenger(name=P-4), Passenger(name=P-19), Passenger(name=P-0)], duration=9, distance=15.0, discount=null), Trip(driver=Driver(name=D-0), passengers=[Passenger(name=P-18), Passenger(name=P-8), Passenger(name=P-7), Passenger(name=P-14)], duration=15, distance=1.0, discount=null)), (Trip(driver=Driver(name=D-9), passengers=[Passenger(name=P-4), Passenger(name=P-19), Passenger(name=P-0)], duration=9, distance=15.0, discount=null), Trip(driver=Driver(name=D-9), passengers=[Passenger(name=P-4), Passenger(name=P-19), Passenger(name=P-0)], duration=9, distance=15.0, discount=null)), (Trip(driver=Driver(name=D-9), passengers=[Passenger(name=P-4), Passenger(name=P-19), Passenger(name=P-0)], duration=9, distance=15.0, discount=null), Trip(driver=Driver(name=D-0), passengers=[Passenger(name=P-12), Passenger(name=P-7), Passenger(name=P-2)], duration=13, distance=19.0, discount=0.3)), (Trip(driver=Driver(name=D-9), passengers=[Passenger(name=P-4), Passenger(name=P-19), Passenger(name=P-0)], duration=9, distance=15.0, discount=null), Trip(driver=Driver(name=D-6), passengers=[Passenger(name=P-11), Passenger(name=P-8)], duration=14, distance=19.0, discount=null)), (Trip(driver=Driver(name=D-9), passengers=[Passenger(name=P-4), Passenger(name=P-19), Passenger(name=P-0)], duration=9, distance=15.0, discount=null), Trip(driver=Driver(name=D-0), passengers=[Passenger(name=P-2)], duration=12, distance=14.0, discount=0.3)), (Trip(driver=Driver(name=D-9), passengers=[Passenger(name=P-4), Passenger(name=P-19), Passenger(name=P-0)], duration=9, distance=15.0, discount=null), Trip(driver=Driver(name=D-8), passengers=[Passenger(name=P-1), Passenger(name=P-17), Passenger(name=P-9), Passenger(name=P-10)], duration=16, distance=3.0, discount=null)), (Trip(driver=Driver(name=D-9), passengers=[Passenger(name=P-4), Passenger(name=P-19), Passenger(name=P-0)], duration=9, distance=15.0, discount=null), Trip(driver=Driver(name=D-0), passengers=[Passenger(name=P-17)], duration=10, distance=6.0, discount=0.4)), (Trip(driver=Driver(name=D-9), passengers=[Passenger(name=P-4), Passenger(name=P-19), Passenger(name=P-0)], duration=9, distance=15.0, discount=null), Trip(driver=Driver(name=D-1), passengers=[Passenger(name=P-8), Passenger(name=P-1)], duration=7, distance=5.0, discount=null)), (Trip(driver=Driver(name=D-9), passengers=[Passenger(name=P-4), Passenger(name=P-19), Passenger(name=P-0)], duration=9, distance=15.0, discount=null), Trip(driver=Driver(name=D-9), passengers=[Passenger(name=P-6)], duration=3, distance=6.0, discount=null)), (Trip(driver=Driver(name=D-9), passengers=[Passenger(name=P-4), Passenger(name=P-19), Passenger(name=P-0)], duration=9, distance=15.0, discount=null), Trip(driver=Driver(name=D-4), passengers=[Passenger(name=P-12), Passenger(name=P-19), Passenger(name=P-7), Passenger(name=P-0)], duration=9, distance=10.0, discount=0.4)), (Trip(driver=Driver(name=D-9), passengers=[Passenger(name=P-4), Passenger(name=P-19), Passenger(name=P-0)], duration=9, distance=15.0, discount=null), Trip(driver=Driver(name=D-7), passengers=[Passenger(name=P-16)], duration=11, distance=12.0, discount=0.1)), (Trip(driver=Driver(name=D-9), passengers=[Passenger(name=P-4), Passenger(name=P-19), Passenger(name=P-0)], duration=9, distance=15.0, discount=null), Trip(driver=Driver(name=D-9), passengers=[Passenger(name=P-6), Passenger(name=P-14)], duration=9, distance=7.0, discount=null)), (Trip(driver=Driver(name=D-9), passengers=[Passenger(name=P-4), Passenger(name=P-19), Passenger(name=P-0)], duration=9, distance=15.0, discount=null), Trip(driver=Driver(name=D-5), passengers=[Passenger(name=P-4)], duration=1, distance=16.0, discount=0.4)), (Trip(driver=Driver(name=D-9), passengers=[Passenger(name=P-4), Passenger(name=P-19), Passenger(name=P-0)], duration=9, distance=15.0, discount=null), Trip(driver=Driver(name=D-2), passengers=[Passenger(name=P-15), Passenger(name=P-7), Passenger(name=P-12)], duration=9, distance=6.0, discount=null)), (Trip(driver=Driver(name=D-9), passengers=[Passenger(name=P-4), Passenger(name=P-19), Passenger(name=P-0)], duration=9, distance=15.0, discount=null), Trip(driver=Driver(name=D-1), passengers=[Passenger(name=P-13)], duration=2, distance=7.0, discount=0.1)), (Trip(driver=Driver(name=D-9), passengers=[Passenger(name=P-4), Passenger(name=P-19), Passenger(name=P-0)], duration=9, distance=15.0, discount=null), Trip(driver=Driver(name=D-5), passengers=[Passenger(name=P-0), Passenger(name=P-18), Passenger(name=P-3)], duration=10, distance=11.0, discount=null)), (Trip(driver=Driver(name=D-9), passengers=[Passenger(name=P-4), Passenger(name=P-19), Passenger(name=P-0)], duration=9, distance=15.0, discount=null), Trip(driver=Driver(name=D-0), passengers=[Passenger(name=P-9)], duration=6, distance=18.0, discount=0.4)), (Trip(driver=Driver(name=D-9), passengers=[Passenger(name=P-4), Passenger(name=P-19), Passenger(name=P-0)], duration=9, distance=15.0, discount=null), Trip(driver=Driver(name=D-1), passengers=[Passenger(name=P-9), Passenger(name=P-0), Passenger(name=P-3), Passenger(name=P-14)], duration=0, distance=15.0, discount=null)), (Trip(driver=Driver(name=D-9), passengers=[Passenger(name=P-4), Passenger(name=P-19), Passenger(name=P-0)], duration=9, distance=15.0, discount=null), Trip(driver=Driver(name=D-1), passengers=[Passenger(name=P-10)], duration=17, distance=15.0, discount=null)), (Trip(driver=Driver(name=D-9), passengers=[Passenger(name=P-4), Passenger(name=P-19), Passenger(name=P-0)], duration=9, distance=15.0, discount=null), Trip(driver=Driver(name=D-6), passengers=[Passenger(name=P-0), Passenger(name=P-18), Passenger(name=P-13)], duration=3, distance=5.0, discount=null)), (Trip(driver=Driver(name=D-9), passengers=[Passenger(name=P-4), Passenger(name=P-19), Passenger(name=P-0)], duration=9, distance=15.0, discount=null), Trip(driver=Driver(name=D-7), passengers=[Passenger(name=P-19), Passenger(name=P-10)], duration=0, distance=8.0, discount=null)), (Trip(driver=Driver(name=D-9), passengers=[Passenger(name=P-4), Passenger(name=P-19), Passenger(name=P-0)], duration=9, distance=15.0, discount=null), Trip(driver=Driver(name=D-8), passengers=[Passenger(name=P-4), Passenger(name=P-15)], duration=9, distance=17.0, discount=0.1)), (Trip(driver=Driver(name=D-9), passengers=[Passenger(name=P-4), Passenger(name=P-19), Passenger(name=P-0)], duration=9, distance=15.0, discount=null), Trip(driver=Driver(name=D-6), passengers=[Passenger(name=P-15)], duration=13, distance=1.0, discount=null)), (Trip(driver=Driver(name=D-9), passengers=[Passenger(name=P-4), Passenger(name=P-19), Passenger(name=P-0)], duration=9, distance=15.0, discount=null), Trip(driver=Driver(name=D-2), passengers=[Passenger(name=P-3)], duration=13, distance=15.0, discount=0.2)), (Trip(driver=Driver(name=D-9), passengers=[Passenger(name=P-4), Passenger(name=P-19), Passenger(name=P-0)], duration=9, distance=15.0, discount=null), Trip(driver=Driver(name=D-3), passengers=[Passenger(name=P-13), Passenger(name=P-11), Passenger(name=P-15)], duration=2, distance=9.0, discount=null)), (Trip(driver=Driver(name=D-9), passengers=[Passenger(name=P-4), Passenger(name=P-19), Passenger(name=P-0)], duration=9, distance=15.0, discount=null), Trip(driver=Driver(name=D-2), passengers=[Passenger(name=P-12)], duration=2, distance=16.0, discount=null)), (Trip(driver=Driver(name=D-9), passengers=[Passenger(name=P-4), Passenger(name=P-19), Passenger(name=P-0)], duration=9, distance=15.0, discount=null), Trip(driver=Driver(name=D-6), passengers=[Passenger(name=P-13), Passenger(name=P-18)], duration=12, distance=14.0, discount=null)), (Trip(driver=Driver(name=D-9), passengers=[Passenger(name=P-4), Passenger(name=P-19), Passenger(name=P-0)], duration=9, distance=15.0, discount=null), Trip(driver=Driver(name=D-8), passengers=[Passenger(name=P-19)], duration=1, distance=13.0, discount=0.4)), (Trip(driver=Driver(name=D-9), passengers=[Passenger(name=P-4), Passenger(name=P-19), Passenger(name=P-0)], duration=9, distance=15.0, discount=null), Trip(driver=Driver(name=D-6), passengers=[Passenger(name=P-9), Passenger(name=P-13), Passenger(name=P-1), Passenger(name=P-19)], duration=5, distance=14.0, discount=0.2)), (Trip(driver=Driver(name=D-9), passengers=[Passenger(name=P-4), Passenger(name=P-19), Passenger(name=P-0)], duration=9, distance=15.0, discount=null), Trip(driver=Driver(name=D-4), passengers=[Passenger(name=P-8)], duration=15, distance=8.0, discount=0.2)), (Trip(driver=Driver(name=D-9), passengers=[Passenger(name=P-4), Passenger(name=P-19), Passenger(name=P-0)], duration=9, distance=15.0, discount=null), Trip(driver=Driver(name=D-6), passengers=[Passenger(name=P-16), Passenger(name=P-15)], duration=9, distance=4.0, discount=null)), (Trip(driver=Driver(name=D-9), passengers=[Passenger(name=P-4), Passenger(name=P-19), Passenger(name=P-0)], duration=9, distance=15.0, discount=null), Trip(driver=Driver(name=D-2), passengers=[Passenger(name=P-14), Passenger(name=P-0)], duration=7, distance=2.0, discount=null)), (Trip(driver=Driver(name=D-9), passengers=[Passenger(name=P-4), Passenger(name=P-19), Passenger(name=P-0)], duration=9, distance=15.0, discount=null), Trip(driver=Driver(name=D-5), passengers=[Passenger(name=P-18)], duration=7, distance=19.0, discount=null)), (Trip(driver=Driver(name=D-9), passengers=[Passenger(name=P-4), Passenger(name=P-19), Passenger(name=P-0)], duration=9, distance=15.0, discount=null), Trip(driver=Driver(name=D-9), passengers=[Passenger(name=P-15)], duration=15, distance=10.0, discount=0.4)), (Trip(driver=Driver(name=D-9), passengers=[Passenger(name=P-4), Passenger(name=P-19), Passenger(name=P-0)], duration=9, distance=15.0, discount=null), Trip(driver=Driver(name=D-7), passengers=[Passenger(name=P-7), Passenger(name=P-18)], duration=12, distance=11.0, discount=null)), (Trip(driver=Driver(name=D-9), passengers=[Passenger(name=P-4), Passenger(name=P-19), Passenger(name=P-0)], duration=9, distance=15.0, discount=null), Trip(driver=Driver(name=D-3), passengers=[Passenger(name=P-10), Passenger(name=P-19), Passenger(name=P-17)], duration=10, distance=7.0, discount=null)), (Trip(driver=Driver(name=D-9), passengers=[Passenger(name=P-4), Passenger(name=P-19), Passenger(name=P-0)], duration=9, distance=15.0, discount=null), Trip(driver=Driver(name=D-3), passengers=[Passenger(name=P-10)], duration=18, distance=10.0, discount=0.2)), (Trip(driver=Driver(name=D-9), passengers=[Passenger(name=P-4), Passenger(name=P-19), Passenger(name=P-0)], duration=9, distance=15.0, discount=null), Trip(driver=Driver(name=D-8), passengers=[Passenger(name=P-9), Passenger(name=P-15), Passenger(name=P-16), Passenger(name=P-19)], duration=19, distance=12.0, discount=0.3)), (Trip(driver=Driver(name=D-9), passengers=[Passenger(name=P-4), Passenger(name=P-19), Passenger(name=P-0)], duration=9, distance=15.0, discount=null), Trip(driver=Driver(name=D-5), passengers=[Passenger(name=P-13)], duration=16, distance=11.0, discount=0.3))]
item [(Trip(driver=Driver(name=D-0), passengers=[Passenger(name=P-12), Passenger(name=P-7), Passenger(name=P-2)], duration=13, distance=19.0, discount=0.3), Trip(driver=Driver(name=D-0), passengers=[Passenger(name=P-15), Passenger(name=P-14), Passenger(name=P-10)], duration=0, distance=19.0, discount=null)), (Trip(driver=Driver(name=D-0), passengers=[Passenger(name=P-12), Passenger(name=P-7), Passenger(name=P-2)], duration=13, distance=19.0, discount=0.3), Trip(driver=Driver(name=D-0), passengers=[Passenger(name=P-18), Passenger(name=P-8), Passenger(name=P-7), Passenger(name=P-14)], duration=15, distance=1.0, discount=null)), (Trip(driver=Driver(name=D-0), passengers=[Passenger(name=P-12), Passenger(name=P-7), Passenger(name=P-2)], duration=13, distance=19.0, discount=0.3), Trip(driver=Driver(name=D-9), passengers=[Passenger(name=P-4), Passenger(name=P-19), Passenger(name=P-0)], duration=9, distance=15.0, discount=null)), (Trip(driver=Driver(name=D-0), passengers=[Passenger(name=P-12), Passenger(name=P-7), Passenger(name=P-2)], duration=13, distance=19.0, discount=0.3), Trip(driver=Driver(name=D-0), passengers=[Passenger(name=P-12), Passenger(name=P-7), Passenger(name=P-2)], duration=13, distance=19.0, discount=0.3)), (Trip(driver=Driver(name=D-0), passengers=[Passenger(name=P-12), Passenger(name=P-7), Passenger(name=P-2)], duration=13, distance=19.0, discount=0.3), Trip(driver=Driver(name=D-6), passengers=[Passenger(name=P-11), Passenger(name=P-8)], duration=14, distance=19.0, discount=null)), (Trip(driver=Driver(name=D-0), passengers=[Passenger(name=P-12), Passenger(name=P-7), Passenger(name=P-2)], duration=13, distance=19.0, discount=0.3), Trip(driver=Driver(name=D-0), passengers=[Passenger(name=P-2)], duration=12, distance=14.0, discount=0.3)), (Trip(driver=Driver(name=D-0), passengers=[Passenger(name=P-12), Passenger(name=P-7), Passenger(name=P-2)], duration=13, distance=19.0, discount=0.3), Trip(driver=Driver(name=D-8), passengers=[Passenger(name=P-1), Passenger(name=P-17), Passenger(name=P-9), Passenger(name=P-10)], duration=16, distance=3.0, discount=null)), (Trip(driver=Driver(name=D-0), passengers=[Passenger(name=P-12), Passenger(name=P-7), Passenger(name=P-2)], duration=13, distance=19.0, discount=0.3), Trip(driver=Driver(name=D-0), passengers=[Passenger(name=P-17)], duration=10, distance=6.0, discount=0.4)), (Trip(driver=Driver(name=D-0), passengers=[Passenger(name=P-12), Passenger(name=P-7), Passenger(name=P-2)], duration=13, distance=19.0, discount=0.3), Trip(driver=Driver(name=D-1), passengers=[Passenger(name=P-8), Passenger(name=P-1)], duration=7, distance=5.0, discount=null)), (Trip(driver=Driver(name=D-0), passengers=[Passenger(name=P-12), Passenger(name=P-7), Passenger(name=P-2)], duration=13, distance=19.0, discount=0.3), Trip(driver=Driver(name=D-9), passengers=[Passenger(name=P-6)], duration=3, distance=6.0, discount=null)), (Trip(driver=Driver(name=D-0), passengers=[Passenger(name=P-12), Passenger(name=P-7), Passenger(name=P-2)], duration=13, distance=19.0, discount=0.3), Trip(driver=Driver(name=D-4), passengers=[Passenger(name=P-12), Passenger(name=P-19), Passenger(name=P-7), Passenger(name=P-0)], duration=9, distance=10.0, discount=0.4)), (Trip(driver=Driver(name=D-0), passengers=[Passenger(name=P-12), Passenger(name=P-7), Passenger(name=P-2)], duration=13, distance=19.0, discount=0.3), Trip(driver=Driver(name=D-7), passengers=[Passenger(name=P-16)], duration=11, distance=12.0, discount=0.1)), (Trip(driver=Driver(name=D-0), passengers=[Passenger(name=P-12), Passenger(name=P-7), Passenger(name=P-2)], duration=13, distance=19.0, discount=0.3), Trip(driver=Driver(name=D-9), passengers=[Passenger(name=P-6), Passenger(name=P-14)], duration=9, distance=7.0, discount=null)), (Trip(driver=Driver(name=D-0), passengers=[Passenger(name=P-12), Passenger(name=P-7), Passenger(name=P-2)], duration=13, distance=19.0, discount=0.3), Trip(driver=Driver(name=D-5), passengers=[Passenger(name=P-4)], duration=1, distance=16.0, discount=0.4)), (Trip(driver=Driver(name=D-0), passengers=[Passenger(name=P-12), Passenger(name=P-7), Passenger(name=P-2)], duration=13, distance=19.0, discount=0.3), Trip(driver=Driver(name=D-2), passengers=[Passenger(name=P-15), Passenger(name=P-7), Passenger(name=P-12)], duration=9, distance=6.0, discount=null)), (Trip(driver=Driver(name=D-0), passengers=[Passenger(name=P-12), Passenger(name=P-7), Passenger(name=P-2)], duration=13, distance=19.0, discount=0.3), Trip(driver=Driver(name=D-1), passengers=[Passenger(name=P-13)], duration=2, distance=7.0, discount=0.1)), (Trip(driver=Driver(name=D-0), passengers=[Passenger(name=P-12), Passenger(name=P-7), Passenger(name=P-2)], duration=13, distance=19.0, discount=0.3), Trip(driver=Driver(name=D-5), passengers=[Passenger(name=P-0), Passenger(name=P-18), Passenger(name=P-3)], duration=10, distance=11.0, discount=null)), (Trip(driver=Driver(name=D-0), passengers=[Passenger(name=P-12), Passenger(name=P-7), Passenger(name=P-2)], duration=13, distance=19.0, discount=0.3), Trip(driver=Driver(name=D-0), passengers=[Passenger(name=P-9)], duration=6, distance=18.0, discount=0.4)), (Trip(driver=Driver(name=D-0), passengers=[Passenger(name=P-12), Passenger(name=P-7), Passenger(name=P-2)], duration=13, distance=19.0, discount=0.3), Trip(driver=Driver(name=D-1), passengers=[Passenger(name=P-9), Passenger(name=P-0), Passenger(name=P-3), Passenger(name=P-14)], duration=0, distance=15.0, discount=null)), (Trip(driver=Driver(name=D-0), passengers=[Passenger(name=P-12), Passenger(name=P-7), Passenger(name=P-2)], duration=13, distance=19.0, discount=0.3), Trip(driver=Driver(name=D-1), passengers=[Passenger(name=P-10)], duration=17, distance=15.0, discount=null)), (Trip(driver=Driver(name=D-0), passengers=[Passenger(name=P-12), Passenger(name=P-7), Passenger(name=P-2)], duration=13, distance=19.0, discount=0.3), Trip(driver=Driver(name=D-6), passengers=[Passenger(name=P-0), Passenger(name=P-18), Passenger(name=P-13)], duration=3, distance=5.0, discount=null)), (Trip(driver=Driver(name=D-0), passengers=[Passenger(name=P-12), Passenger(name=P-7), Passenger(name=P-2)], duration=13, distance=19.0, discount=0.3), Trip(driver=Driver(name=D-7), passengers=[Passenger(name=P-19), Passenger(name=P-10)], duration=0, distance=8.0, discount=null)), (Trip(driver=Driver(name=D-0), passengers=[Passenger(name=P-12), Passenger(name=P-7), Passenger(name=P-2)], duration=13, distance=19.0, discount=0.3), Trip(driver=Driver(name=D-8), passengers=[Passenger(name=P-4), Passenger(name=P-15)], duration=9, distance=17.0, discount=0.1)), (Trip(driver=Driver(name=D-0), passengers=[Passenger(name=P-12), Passenger(name=P-7), Passenger(name=P-2)], duration=13, distance=19.0, discount=0.3), Trip(driver=Driver(name=D-6), passengers=[Passenger(name=P-15)], duration=13, distance=1.0, discount=null)), (Trip(driver=Driver(name=D-0), passengers=[Passenger(name=P-12), Passenger(name=P-7), Passenger(name=P-2)], duration=13, distance=19.0, discount=0.3), Trip(driver=Driver(name=D-2), passengers=[Passenger(name=P-3)], duration=13, distance=15.0, discount=0.2)), (Trip(driver=Driver(name=D-0), passengers=[Passenger(name=P-12), Passenger(name=P-7), Passenger(name=P-2)], duration=13, distance=19.0, discount=0.3), Trip(driver=Driver(name=D-3), passengers=[Passenger(name=P-13), Passenger(name=P-11), Passenger(name=P-15)], duration=2, distance=9.0, discount=null)), (Trip(driver=Driver(name=D-0), passengers=[Passenger(name=P-12), Passenger(name=P-7), Passenger(name=P-2)], duration=13, distance=19.0, discount=0.3), Trip(driver=Driver(name=D-2), passengers=[Passenger(name=P-12)], duration=2, distance=16.0, discount=null)), (Trip(driver=Driver(name=D-0), passengers=[Passenger(name=P-12), Passenger(name=P-7), Passenger(name=P-2)], duration=13, distance=19.0, discount=0.3), Trip(driver=Driver(name=D-6), passengers=[Passenger(name=P-13), Passenger(name=P-18)], duration=12, distance=14.0, discount=null)), (Trip(driver=Driver(name=D-0), passengers=[Passenger(name=P-12), Passenger(name=P-7), Passenger(name=P-2)], duration=13, distance=19.0, discount=0.3), Trip(driver=Driver(name=D-8), passengers=[Passenger(name=P-19)], duration=1, distance=13.0, discount=0.4)), (Trip(driver=Driver(name=D-0), passengers=[Passenger(name=P-12), Passenger(name=P-7), Passenger(name=P-2)], duration=13, distance=19.0, discount=0.3), Trip(driver=Driver(name=D-6), passengers=[Passenger(name=P-9), Passenger(name=P-13), Passenger(name=P-1), Passenger(name=P-19)], duration=5, distance=14.0, discount=0.2)), (Trip(driver=Driver(name=D-0), passengers=[Passenger(name=P-12), Passenger(name=P-7), Passenger(name=P-2)], duration=13, distance=19.0, discount=0.3), Trip(driver=Driver(name=D-4), passengers=[Passenger(name=P-8)], duration=15, distance=8.0, discount=0.2)), (Trip(driver=Driver(name=D-0), passengers=[Passenger(name=P-12), Passenger(name=P-7), Passenger(name=P-2)], duration=13, distance=19.0, discount=0.3), Trip(driver=Driver(name=D-6), passengers=[Passenger(name=P-16), Passenger(name=P-15)], duration=9, distance=4.0, discount=null)), (Trip(driver=Driver(name=D-0), passengers=[Passenger(name=P-12), Passenger(name=P-7), Passenger(name=P-2)], duration=13, distance=19.0, discount=0.3), Trip(driver=Driver(name=D-2), passengers=[Passenger(name=P-14), Passenger(name=P-0)], duration=7, distance=2.0, discount=null)), (Trip(driver=Driver(name=D-0), passengers=[Passenger(name=P-12), Passenger(name=P-7), Passenger(name=P-2)], duration=13, distance=19.0, discount=0.3), Trip(driver=Driver(name=D-5), passengers=[Passenger(name=P-18)], duration=7, distance=19.0, discount=null)), (Trip(driver=Driver(name=D-0), passengers=[Passenger(name=P-12), Passenger(name=P-7), Passenger(name=P-2)], duration=13, distance=19.0, discount=0.3), Trip(driver=Driver(name=D-9), passengers=[Passenger(name=P-15)], duration=15, distance=10.0, discount=0.4)), (Trip(driver=Driver(name=D-0), passengers=[Passenger(name=P-12), Passenger(name=P-7), Passenger(name=P-2)], duration=13, distance=19.0, discount=0.3), Trip(driver=Driver(name=D-7), passengers=[Passenger(name=P-7), Passenger(name=P-18)], duration=12, distance=11.0, discount=null)), (Trip(driver=Driver(name=D-0), passengers=[Passenger(name=P-12), Passenger(name=P-7), Passenger(name=P-2)], duration=13, distance=19.0, discount=0.3), Trip(driver=Driver(name=D-3), passengers=[Passenger(name=P-10), Passenger(name=P-19), Passenger(name=P-17)], duration=10, distance=7.0, discount=null)), (Trip(driver=Driver(name=D-0), passengers=[Passenger(name=P-12), Passenger(name=P-7), Passenger(name=P-2)], duration=13, distance=19.0, discount=0.3), Trip(driver=Driver(name=D-3), passengers=[Passenger(name=P-10)], duration=18, distance=10.0, discount=0.2)), (Trip(driver=Driver(name=D-0), passengers=[Passenger(name=P-12), Passenger(name=P-7), Passenger(name=P-2)], duration=13, distance=19.0, discount=0.3), Trip(driver=Driver(name=D-8), passengers=[Passenger(name=P-9), Passenger(name=P-15), Passenger(name=P-16), Passenger(name=P-19)], duration=19, distance=12.0, discount=0.3)), (Trip(driver=Driver(name=D-0), passengers=[Passenger(name=P-12), Passenger(name=P-7), Passenger(name=P-2)], duration=13, distance=19.0, discount=0.3), Trip(driver=Driver(name=D-5), passengers=[Passenger(name=P-13)], duration=16, distance=11.0, discount=0.3))]
item [(Trip(driver=Driver(name=D-6), passengers=[Passenger(name=P-11), Passenger(name=P-8)], duration=14, distance=19.0, discount=null), Trip(driver=Driver(name=D-0), passengers=[Passenger(name=P-15), Passenger(name=P-14), Passenger(name=P-10)], duration=0, distance=19.0, discount=null)), (Trip(driver=Driver(name=D-6), passengers=[Passenger(name=P-11), Passenger(name=P-8)], duration=14, distance=19.0, discount=null), Trip(driver=Driver(name=D-0), passengers=[Passenger(name=P-18), Passenger(name=P-8), Passenger(name=P-7), Passenger(name=P-14)], duration=15, distance=1.0, discount=null)), (Trip(driver=Driver(name=D-6), passengers=[Passenger(name=P-11), Passenger(name=P-8)], duration=14, distance=19.0, discount=null), Trip(driver=Driver(name=D-9), passengers=[Passenger(name=P-4), Passenger(name=P-19), Passenger(name=P-0)], duration=9, distance=15.0, discount=null)), (Trip(driver=Driver(name=D-6), passengers=[Passenger(name=P-11), Passenger(name=P-8)], duration=14, distance=19.0, discount=null), Trip(driver=Driver(name=D-0), passengers=[Passenger(name=P-12), Passenger(name=P-7), Passenger(name=P-2)], duration=13, distance=19.0, discount=0.3)), (Trip(driver=Driver(name=D-6), passengers=[Passenger(name=P-11), Passenger(name=P-8)], duration=14, distance=19.0, discount=null), Trip(driver=Driver(name=D-6), passengers=[Passenger(name=P-11), Passenger(name=P-8)], duration=14, distance=19.0, discount=null)), (Trip(driver=Driver(name=D-6), passengers=[Passenger(name=P-11), Passenger(name=P-8)], duration=14, distance=19.0, discount=null), Trip(driver=Driver(name=D-0), passengers=[Passenger(name=P-2)], duration=12, distance=14.0, discount=0.3)), (Trip(driver=Driver(name=D-6), passengers=[Passenger(name=P-11), Passenger(name=P-8)], duration=14, distance=19.0, discount=null), Trip(driver=Driver(name=D-8), passengers=[Passenger(name=P-1), Passenger(name=P-17), Passenger(name=P-9), Passenger(name=P-10)], duration=16, distance=3.0, discount=null)), (Trip(driver=Driver(name=D-6), passengers=[Passenger(name=P-11), Passenger(name=P-8)], duration=14, distance=19.0, discount=null), Trip(driver=Driver(name=D-0), passengers=[Passenger(name=P-17)], duration=10, distance=6.0, discount=0.4)), (Trip(driver=Driver(name=D-6), passengers=[Passenger(name=P-11), Passenger(name=P-8)], duration=14, distance=19.0, discount=null), Trip(driver=Driver(name=D-1), passengers=[Passenger(name=P-8), Passenger(name=P-1)], duration=7, distance=5.0, discount=null)), (Trip(driver=Driver(name=D-6), passengers=[Passenger(name=P-11), Passenger(name=P-8)], duration=14, distance=19.0, discount=null), Trip(driver=Driver(name=D-9), passengers=[Passenger(name=P-6)], duration=3, distance=6.0, discount=null)), (Trip(driver=Driver(name=D-6), passengers=[Passenger(name=P-11), Passenger(name=P-8)], duration=14, distance=19.0, discount=null), Trip(driver=Driver(name=D-4), passengers=[Passenger(name=P-12), Passenger(name=P-19), Passenger(name=P-7), Passenger(name=P-0)], duration=9, distance=10.0, discount=0.4)), (Trip(driver=Driver(name=D-6), passengers=[Passenger(name=P-11), Passenger(name=P-8)], duration=14, distance=19.0, discount=null), Trip(driver=Driver(name=D-7), passengers=[Passenger(name=P-16)], duration=11, distance=12.0, discount=0.1)), (Trip(driver=Driver(name=D-6), passengers=[Passenger(name=P-11), Passenger(name=P-8)], duration=14, distance=19.0, discount=null), Trip(driver=Driver(name=D-9), passengers=[Passenger(name=P-6), Passenger(name=P-14)], duration=9, distance=7.0, discount=null)), (Trip(driver=Driver(name=D-6), passengers=[Passenger(name=P-11), Passenger(name=P-8)], duration=14, distance=19.0, discount=null), Trip(driver=Driver(name=D-5), passengers=[Passenger(name=P-4)], duration=1, distance=16.0, discount=0.4)), (Trip(driver=Driver(name=D-6), passengers=[Passenger(name=P-11), Passenger(name=P-8)], duration=14, distance=19.0, discount=null), Trip(driver=Driver(name=D-2), passengers=[Passenger(name=P-15), Passenger(name=P-7), Passenger(name=P-12)], duration=9, distance=6.0, discount=null)), (Trip(driver=Driver(name=D-6), passengers=[Passenger(name=P-11), Passenger(name=P-8)], duration=14, distance=19.0, discount=null), Trip(driver=Driver(name=D-1), passengers=[Passenger(name=P-13)], duration=2, distance=7.0, discount=0.1)), (Trip(driver=Driver(name=D-6), passengers=[Passenger(name=P-11), Passenger(name=P-8)], duration=14, distance=19.0, discount=null), Trip(driver=Driver(name=D-5), passengers=[Passenger(name=P-0), Passenger(name=P-18), Passenger(name=P-3)], duration=10, distance=11.0, discount=null)), (Trip(driver=Driver(name=D-6), passengers=[Passenger(name=P-11), Passenger(name=P-8)], duration=14, distance=19.0, discount=null), Trip(driver=Driver(name=D-0), passengers=[Passenger(name=P-9)], duration=6, distance=18.0, discount=0.4)), (Trip(driver=Driver(name=D-6), passengers=[Passenger(name=P-11), Passenger(name=P-8)], duration=14, distance=19.0, discount=null), Trip(driver=Driver(name=D-1), passengers=[Passenger(name=P-9), Passenger(name=P-0), Passenger(name=P-3), Passenger(name=P-14)], duration=0, distance=15.0, discount=null)), (Trip(driver=Driver(name=D-6), passengers=[Passenger(name=P-11), Passenger(name=P-8)], duration=14, distance=19.0, discount=null), Trip(driver=Driver(name=D-1), passengers=[Passenger(name=P-10)], duration=17, distance=15.0, discount=null)), (Trip(driver=Driver(name=D-6), passengers=[Passenger(name=P-11), Passenger(name=P-8)], duration=14, distance=19.0, discount=null), Trip(driver=Driver(name=D-6), passengers=[Passenger(name=P-0), Passenger(name=P-18), Passenger(name=P-13)], duration=3, distance=5.0, discount=null)), (Trip(driver=Driver(name=D-6), passengers=[Passenger(name=P-11), Passenger(name=P-8)], duration=14, distance=19.0, discount=null), Trip(driver=Driver(name=D-7), passengers=[Passenger(name=P-19), Passenger(name=P-10)], duration=0, distance=8.0, discount=null)), (Trip(driver=Driver(name=D-6), passengers=[Passenger(name=P-11), Passenger(name=P-8)], duration=14, distance=19.0, discount=null), Trip(driver=Driver(name=D-8), passengers=[Passenger(name=P-4), Passenger(name=P-15)], duration=9, distance=17.0, discount=0.1)), (Trip(driver=Driver(name=D-6), passengers=[Passenger(name=P-11), Passenger(name=P-8)], duration=14, distance=19.0, discount=null), Trip(driver=Driver(name=D-6), passengers=[Passenger(name=P-15)], duration=13, distance=1.0, discount=null)), (Trip(driver=Driver(name=D-6), passengers=[Passenger(name=P-11), Passenger(name=P-8)], duration=14, distance=19.0, discount=null), Trip(driver=Driver(name=D-2), passengers=[Passenger(name=P-3)], duration=13, distance=15.0, discount=0.2)), (Trip(driver=Driver(name=D-6), passengers=[Passenger(name=P-11), Passenger(name=P-8)], duration=14, distance=19.0, discount=null), Trip(driver=Driver(name=D-3), passengers=[Passenger(name=P-13), Passenger(name=P-11), Passenger(name=P-15)], duration=2, distance=9.0, discount=null)), (Trip(driver=Driver(name=D-6), passengers=[Passenger(name=P-11), Passenger(name=P-8)], duration=14, distance=19.0, discount=null), Trip(driver=Driver(name=D-2), passengers=[Passenger(name=P-12)], duration=2, distance=16.0, discount=null)), (Trip(driver=Driver(name=D-6), passengers=[Passenger(name=P-11), Passenger(name=P-8)], duration=14, distance=19.0, discount=null), Trip(driver=Driver(name=D-6), passengers=[Passenger(name=P-13), Passenger(name=P-18)], duration=12, distance=14.0, discount=null)), (Trip(driver=Driver(name=D-6), passengers=[Passenger(name=P-11), Passenger(name=P-8)], duration=14, distance=19.0, discount=null), Trip(driver=Driver(name=D-8), passengers=[Passenger(name=P-19)], duration=1, distance=13.0, discount=0.4)), (Trip(driver=Driver(name=D-6), passengers=[Passenger(name=P-11), Passenger(name=P-8)], duration=14, distance=19.0, discount=null), Trip(driver=Driver(name=D-6), passengers=[Passenger(name=P-9), Passenger(name=P-13), Passenger(name=P-1), Passenger(name=P-19)], duration=5, distance=14.0, discount=0.2)), (Trip(driver=Driver(name=D-6), passengers=[Passenger(name=P-11), Passenger(name=P-8)], duration=14, distance=19.0, discount=null), Trip(driver=Driver(name=D-4), passengers=[Passenger(name=P-8)], duration=15, distance=8.0, discount=0.2)), (Trip(driver=Driver(name=D-6), passengers=[Passenger(name=P-11), Passenger(name=P-8)], duration=14, distance=19.0, discount=null), Trip(driver=Driver(name=D-6), passengers=[Passenger(name=P-16), Passenger(name=P-15)], duration=9, distance=4.0, discount=null)), (Trip(driver=Driver(name=D-6), passengers=[Passenger(name=P-11), Passenger(name=P-8)], duration=14, distance=19.0, discount=null), Trip(driver=Driver(name=D-2), passengers=[Passenger(name=P-14), Passenger(name=P-0)], duration=7, distance=2.0, discount=null)), (Trip(driver=Driver(name=D-6), passengers=[Passenger(name=P-11), Passenger(name=P-8)], duration=14, distance=19.0, discount=null), Trip(driver=Driver(name=D-5), passengers=[Passenger(name=P-18)], duration=7, distance=19.0, discount=null)), (Trip(driver=Driver(name=D-6), passengers=[Passenger(name=P-11), Passenger(name=P-8)], duration=14, distance=19.0, discount=null), Trip(driver=Driver(name=D-9), passengers=[Passenger(name=P-15)], duration=15, distance=10.0, discount=0.4)), (Trip(driver=Driver(name=D-6), passengers=[Passenger(name=P-11), Passenger(name=P-8)], duration=14, distance=19.0, discount=null), Trip(driver=Driver(name=D-7), passengers=[Passenger(name=P-7), Passenger(name=P-18)], duration=12, distance=11.0, discount=null)), (Trip(driver=Driver(name=D-6), passengers=[Passenger(name=P-11), Passenger(name=P-8)], duration=14, distance=19.0, discount=null), Trip(driver=Driver(name=D-3), passengers=[Passenger(name=P-10), Passenger(name=P-19), Passenger(name=P-17)], duration=10, distance=7.0, discount=null)), (Trip(driver=Driver(name=D-6), passengers=[Passenger(name=P-11), Passenger(name=P-8)], duration=14, distance=19.0, discount=null), Trip(driver=Driver(name=D-3), passengers=[Passenger(name=P-10)], duration=18, distance=10.0, discount=0.2)), (Trip(driver=Driver(name=D-6), passengers=[Passenger(name=P-11), Passenger(name=P-8)], duration=14, distance=19.0, discount=null), Trip(driver=Driver(name=D-8), passengers=[Passenger(name=P-9), Passenger(name=P-15), Passenger(name=P-16), Passenger(name=P-19)], duration=19, distance=12.0, discount=0.3)), (Trip(driver=Driver(name=D-6), passengers=[Passenger(name=P-11), Passenger(name=P-8)], duration=14, distance=19.0, discount=null), Trip(driver=Driver(name=D-5), passengers=[Passenger(name=P-13)], duration=16, distance=11.0, discount=0.3))]
item [(Trip(driver=Driver(name=D-0), passengers=[Passenger(name=P-2)], duration=12, distance=14.0, discount=0.3), Trip(driver=Driver(name=D-0), passengers=[Passenger(name=P-15), Passenger(name=P-14), Passenger(name=P-10)], duration=0, distance=19.0, discount=null)), (Trip(driver=Driver(name=D-0), passengers=[Passenger(name=P-2)], duration=12, distance=14.0, discount=0.3), Trip(driver=Driver(name=D-0), passengers=[Passenger(name=P-18), Passenger(name=P-8), Passenger(name=P-7), Passenger(name=P-14)], duration=15, distance=1.0, discount=null)), (Trip(driver=Driver(name=D-0), passengers=[Passenger(name=P-2)], duration=12, distance=14.0, discount=0.3), Trip(driver=Driver(name=D-9), passengers=[Passenger(name=P-4), Passenger(name=P-19), Passenger(name=P-0)], duration=9, distance=15.0, discount=null)), (Trip(driver=Driver(name=D-0), passengers=[Passenger(name=P-2)], duration=12, distance=14.0, discount=0.3), Trip(driver=Driver(name=D-0), passengers=[Passenger(name=P-12), Passenger(name=P-7), Passenger(name=P-2)], duration=13, distance=19.0, discount=0.3)), (Trip(driver=Driver(name=D-0), passengers=[Passenger(name=P-2)], duration=12, distance=14.0, discount=0.3), Trip(driver=Driver(name=D-6), passengers=[Passenger(name=P-11), Passenger(name=P-8)], duration=14, distance=19.0, discount=null)), (Trip(driver=Driver(name=D-0), passengers=[Passenger(name=P-2)], duration=12, distance=14.0, discount=0.3), Trip(driver=Driver(name=D-0), passengers=[Passenger(name=P-2)], duration=12, distance=14.0, discount=0.3)), (Trip(driver=Driver(name=D-0), passengers=[Passenger(name=P-2)], duration=12, distance=14.0, discount=0.3), Trip(driver=Driver(name=D-8), passengers=[Passenger(name=P-1), Passenger(name=P-17), Passenger(name=P-9), Passenger(name=P-10)], duration=16, distance=3.0, discount=null)), (Trip(driver=Driver(name=D-0), passengers=[Passenger(name=P-2)], duration=12, distance=14.0, discount=0.3), Trip(driver=Driver(name=D-0), passengers=[Passenger(name=P-17)], duration=10, distance=6.0, discount=0.4)), (Trip(driver=Driver(name=D-0), passengers=[Passenger(name=P-2)], duration=12, distance=14.0, discount=0.3), Trip(driver=Driver(name=D-1), passengers=[Passenger(name=P-8), Passenger(name=P-1)], duration=7, distance=5.0, discount=null)), (Trip(driver=Driver(name=D-0), passengers=[Passenger(name=P-2)], duration=12, distance=14.0, discount=0.3), Trip(driver=Driver(name=D-9), passengers=[Passenger(name=P-6)], duration=3, distance=6.0, discount=null)), (Trip(driver=Driver(name=D-0), passengers=[Passenger(name=P-2)], duration=12, distance=14.0, discount=0.3), Trip(driver=Driver(name=D-4), passengers=[Passenger(name=P-12), Passenger(name=P-19), Passenger(name=P-7), Passenger(name=P-0)], duration=9, distance=10.0, discount=0.4)), (Trip(driver=Driver(name=D-0), passengers=[Passenger(name=P-2)], duration=12, distance=14.0, discount=0.3), Trip(driver=Driver(name=D-7), passengers=[Passenger(name=P-16)], duration=11, distance=12.0, discount=0.1)), (Trip(driver=Driver(name=D-0), passengers=[Passenger(name=P-2)], duration=12, distance=14.0, discount=0.3), Trip(driver=Driver(name=D-9), passengers=[Passenger(name=P-6), Passenger(name=P-14)], duration=9, distance=7.0, discount=null)), (Trip(driver=Driver(name=D-0), passengers=[Passenger(name=P-2)], duration=12, distance=14.0, discount=0.3), Trip(driver=Driver(name=D-5), passengers=[Passenger(name=P-4)], duration=1, distance=16.0, discount=0.4)), (Trip(driver=Driver(name=D-0), passengers=[Passenger(name=P-2)], duration=12, distance=14.0, discount=0.3), Trip(driver=Driver(name=D-2), passengers=[Passenger(name=P-15), Passenger(name=P-7), Passenger(name=P-12)], duration=9, distance=6.0, discount=null)), (Trip(driver=Driver(name=D-0), passengers=[Passenger(name=P-2)], duration=12, distance=14.0, discount=0.3), Trip(driver=Driver(name=D-1), passengers=[Passenger(name=P-13)], duration=2, distance=7.0, discount=0.1)), (Trip(driver=Driver(name=D-0), passengers=[Passenger(name=P-2)], duration=12, distance=14.0, discount=0.3), Trip(driver=Driver(name=D-5), passengers=[Passenger(name=P-0), Passenger(name=P-18), Passenger(name=P-3)], duration=10, distance=11.0, discount=null)), (Trip(driver=Driver(name=D-0), passengers=[Passenger(name=P-2)], duration=12, distance=14.0, discount=0.3), Trip(driver=Driver(name=D-0), passengers=[Passenger(name=P-9)], duration=6, distance=18.0, discount=0.4)), (Trip(driver=Driver(name=D-0), passengers=[Passenger(name=P-2)], duration=12, distance=14.0, discount=0.3), Trip(driver=Driver(name=D-1), passengers=[Passenger(name=P-9), Passenger(name=P-0), Passenger(name=P-3), Passenger(name=P-14)], duration=0, distance=15.0, discount=null)), (Trip(driver=Driver(name=D-0), passengers=[Passenger(name=P-2)], duration=12, distance=14.0, discount=0.3), Trip(driver=Driver(name=D-1), passengers=[Passenger(name=P-10)], duration=17, distance=15.0, discount=null)), (Trip(driver=Driver(name=D-0), passengers=[Passenger(name=P-2)], duration=12, distance=14.0, discount=0.3), Trip(driver=Driver(name=D-6), passengers=[Passenger(name=P-0), Passenger(name=P-18), Passenger(name=P-13)], duration=3, distance=5.0, discount=null)), (Trip(driver=Driver(name=D-0), passengers=[Passenger(name=P-2)], duration=12, distance=14.0, discount=0.3), Trip(driver=Driver(name=D-7), passengers=[Passenger(name=P-19), Passenger(name=P-10)], duration=0, distance=8.0, discount=null)), (Trip(driver=Driver(name=D-0), passengers=[Passenger(name=P-2)], duration=12, distance=14.0, discount=0.3), Trip(driver=Driver(name=D-8), passengers=[Passenger(name=P-4), Passenger(name=P-15)], duration=9, distance=17.0, discount=0.1)), (Trip(driver=Driver(name=D-0), passengers=[Passenger(name=P-2)], duration=12, distance=14.0, discount=0.3), Trip(driver=Driver(name=D-6), passengers=[Passenger(name=P-15)], duration=13, distance=1.0, discount=null)), (Trip(driver=Driver(name=D-0), passengers=[Passenger(name=P-2)], duration=12, distance=14.0, discount=0.3), Trip(driver=Driver(name=D-2), passengers=[Passenger(name=P-3)], duration=13, distance=15.0, discount=0.2)), (Trip(driver=Driver(name=D-0), passengers=[Passenger(name=P-2)], duration=12, distance=14.0, discount=0.3), Trip(driver=Driver(name=D-3), passengers=[Passenger(name=P-13), Passenger(name=P-11), Passenger(name=P-15)], duration=2, distance=9.0, discount=null)), (Trip(driver=Driver(name=D-0), passengers=[Passenger(name=P-2)], duration=12, distance=14.0, discount=0.3), Trip(driver=Driver(name=D-2), passengers=[Passenger(name=P-12)], duration=2, distance=16.0, discount=null)), (Trip(driver=Driver(name=D-0), passengers=[Passenger(name=P-2)], duration=12, distance=14.0, discount=0.3), Trip(driver=Driver(name=D-6), passengers=[Passenger(name=P-13), Passenger(name=P-18)], duration=12, distance=14.0, discount=null)), (Trip(driver=Driver(name=D-0), passengers=[Passenger(name=P-2)], duration=12, distance=14.0, discount=0.3), Trip(driver=Driver(name=D-8), passengers=[Passenger(name=P-19)], duration=1, distance=13.0, discount=0.4)), (Trip(driver=Driver(name=D-0), passengers=[Passenger(name=P-2)], duration=12, distance=14.0, discount=0.3), Trip(driver=Driver(name=D-6), passengers=[Passenger(name=P-9), Passenger(name=P-13), Passenger(name=P-1), Passenger(name=P-19)], duration=5, distance=14.0, discount=0.2)), (Trip(driver=Driver(name=D-0), passengers=[Passenger(name=P-2)], duration=12, distance=14.0, discount=0.3), Trip(driver=Driver(name=D-4), passengers=[Passenger(name=P-8)], duration=15, distance=8.0, discount=0.2)), (Trip(driver=Driver(name=D-0), passengers=[Passenger(name=P-2)], duration=12, distance=14.0, discount=0.3), Trip(driver=Driver(name=D-6), passengers=[Passenger(name=P-16), Passenger(name=P-15)], duration=9, distance=4.0, discount=null)), (Trip(driver=Driver(name=D-0), passengers=[Passenger(name=P-2)], duration=12, distance=14.0, discount=0.3), Trip(driver=Driver(name=D-2), passengers=[Passenger(name=P-14), Passenger(name=P-0)], duration=7, distance=2.0, discount=null)), (Trip(driver=Driver(name=D-0), passengers=[Passenger(name=P-2)], duration=12, distance=14.0, discount=0.3), Trip(driver=Driver(name=D-5), passengers=[Passenger(name=P-18)], duration=7, distance=19.0, discount=null)), (Trip(driver=Driver(name=D-0), passengers=[Passenger(name=P-2)], duration=12, distance=14.0, discount=0.3), Trip(driver=Driver(name=D-9), passengers=[Passenger(name=P-15)], duration=15, distance=10.0, discount=0.4)), (Trip(driver=Driver(name=D-0), passengers=[Passenger(name=P-2)], duration=12, distance=14.0, discount=0.3), Trip(driver=Driver(name=D-7), passengers=[Passenger(name=P-7), Passenger(name=P-18)], duration=12, distance=11.0, discount=null)), (Trip(driver=Driver(name=D-0), passengers=[Passenger(name=P-2)], duration=12, distance=14.0, discount=0.3), Trip(driver=Driver(name=D-3), passengers=[Passenger(name=P-10), Passenger(name=P-19), Passenger(name=P-17)], duration=10, distance=7.0, discount=null)), (Trip(driver=Driver(name=D-0), passengers=[Passenger(name=P-2)], duration=12, distance=14.0, discount=0.3), Trip(driver=Driver(name=D-3), passengers=[Passenger(name=P-10)], duration=18, distance=10.0, discount=0.2)), (Trip(driver=Driver(name=D-0), passengers=[Passenger(name=P-2)], duration=12, distance=14.0, discount=0.3), Trip(driver=Driver(name=D-8), passengers=[Passenger(name=P-9), Passenger(name=P-15), Passenger(name=P-16), Passenger(name=P-19)], duration=19, distance=12.0, discount=0.3)), (Trip(driver=Driver(name=D-0), passengers=[Passenger(name=P-2)], duration=12, distance=14.0, discount=0.3), Trip(driver=Driver(name=D-5), passengers=[Passenger(name=P-13)], duration=16, distance=11.0, discount=0.3))]
item [(Trip(driver=Driver(name=D-8), passengers=[Passenger(name=P-1), Passenger(name=P-17), Passenger(name=P-9), Passenger(name=P-10)], duration=16, distance=3.0, discount=null), Trip(driver=Driver(name=D-0), passengers=[Passenger(name=P-15), Passenger(name=P-14), Passenger(name=P-10)], duration=0, distance=19.0, discount=null)), (Trip(driver=Driver(name=D-8), passengers=[Passenger(name=P-1), Passenger(name=P-17), Passenger(name=P-9), Passenger(name=P-10)], duration=16, distance=3.0, discount=null), Trip(driver=Driver(name=D-0), passengers=[Passenger(name=P-18), Passenger(name=P-8), Passenger(name=P-7), Passenger(name=P-14)], duration=15, distance=1.0, discount=null)), (Trip(driver=Driver(name=D-8), passengers=[Passenger(name=P-1), Passenger(name=P-17), Passenger(name=P-9), Passenger(name=P-10)], duration=16, distance=3.0, discount=null), Trip(driver=Driver(name=D-9), passengers=[Passenger(name=P-4), Passenger(name=P-19), Passenger(name=P-0)], duration=9, distance=15.0, discount=null)), (Trip(driver=Driver(name=D-8), passengers=[Passenger(name=P-1), Passenger(name=P-17), Passenger(name=P-9), Passenger(name=P-10)], duration=16, distance=3.0, discount=null), Trip(driver=Driver(name=D-0), passengers=[Passenger(name=P-12), Passenger(name=P-7), Passenger(name=P-2)], duration=13, distance=19.0, discount=0.3)), (Trip(driver=Driver(name=D-8), passengers=[Passenger(name=P-1), Passenger(name=P-17), Passenger(name=P-9), Passenger(name=P-10)], duration=16, distance=3.0, discount=null), Trip(driver=Driver(name=D-6), passengers=[Passenger(name=P-11), Passenger(name=P-8)], duration=14, distance=19.0, discount=null)), (Trip(driver=Driver(name=D-8), passengers=[Passenger(name=P-1), Passenger(name=P-17), Passenger(name=P-9), Passenger(name=P-10)], duration=16, distance=3.0, discount=null), Trip(driver=Driver(name=D-0), passengers=[Passenger(name=P-2)], duration=12, distance=14.0, discount=0.3)), (Trip(driver=Driver(name=D-8), passengers=[Passenger(name=P-1), Passenger(name=P-17), Passenger(name=P-9), Passenger(name=P-10)], duration=16, distance=3.0, discount=null), Trip(driver=Driver(name=D-8), passengers=[Passenger(name=P-1), Passenger(name=P-17), Passenger(name=P-9), Passenger(name=P-10)], duration=16, distance=3.0, discount=null)), (Trip(driver=Driver(name=D-8), passengers=[Passenger(name=P-1), Passenger(name=P-17), Passenger(name=P-9), Passenger(name=P-10)], duration=16, distance=3.0, discount=null), Trip(driver=Driver(name=D-0), passengers=[Passenger(name=P-17)], duration=10, distance=6.0, discount=0.4)), (Trip(driver=Driver(name=D-8), passengers=[Passenger(name=P-1), Passenger(name=P-17), Passenger(name=P-9), Passenger(name=P-10)], duration=16, distance=3.0, discount=null), Trip(driver=Driver(name=D-1), passengers=[Passenger(name=P-8), Passenger(name=P-1)], duration=7, distance=5.0, discount=null)), (Trip(driver=Driver(name=D-8), passengers=[Passenger(name=P-1), Passenger(name=P-17), Passenger(name=P-9), Passenger(name=P-10)], duration=16, distance=3.0, discount=null), Trip(driver=Driver(name=D-9), passengers=[Passenger(name=P-6)], duration=3, distance=6.0, discount=null)), (Trip(driver=Driver(name=D-8), passengers=[Passenger(name=P-1), Passenger(name=P-17), Passenger(name=P-9), Passenger(name=P-10)], duration=16, distance=3.0, discount=null), Trip(driver=Driver(name=D-4), passengers=[Passenger(name=P-12), Passenger(name=P-19), Passenger(name=P-7), Passenger(name=P-0)], duration=9, distance=10.0, discount=0.4)), (Trip(driver=Driver(name=D-8), passengers=[Passenger(name=P-1), Passenger(name=P-17), Passenger(name=P-9), Passenger(name=P-10)], duration=16, distance=3.0, discount=null), Trip(driver=Driver(name=D-7), passengers=[Passenger(name=P-16)], duration=11, distance=12.0, discount=0.1)), (Trip(driver=Driver(name=D-8), passengers=[Passenger(name=P-1), Passenger(name=P-17), Passenger(name=P-9), Passenger(name=P-10)], duration=16, distance=3.0, discount=null), Trip(driver=Driver(name=D-9), passengers=[Passenger(name=P-6), Passenger(name=P-14)], duration=9, distance=7.0, discount=null)), (Trip(driver=Driver(name=D-8), passengers=[Passenger(name=P-1), Passenger(name=P-17), Passenger(name=P-9), Passenger(name=P-10)], duration=16, distance=3.0, discount=null), Trip(driver=Driver(name=D-5), passengers=[Passenger(name=P-4)], duration=1, distance=16.0, discount=0.4)), (Trip(driver=Driver(name=D-8), passengers=[Passenger(name=P-1), Passenger(name=P-17), Passenger(name=P-9), Passenger(name=P-10)], duration=16, distance=3.0, discount=null), Trip(driver=Driver(name=D-2), passengers=[Passenger(name=P-15), Passenger(name=P-7), Passenger(name=P-12)], duration=9, distance=6.0, discount=null)), (Trip(driver=Driver(name=D-8), passengers=[Passenger(name=P-1), Passenger(name=P-17), Passenger(name=P-9), Passenger(name=P-10)], duration=16, distance=3.0, discount=null), Trip(driver=Driver(name=D-1), passengers=[Passenger(name=P-13)], duration=2, distance=7.0, discount=0.1)), (Trip(driver=Driver(name=D-8), passengers=[Passenger(name=P-1), Passenger(name=P-17), Passenger(name=P-9), Passenger(name=P-10)], duration=16, distance=3.0, discount=null), Trip(driver=Driver(name=D-5), passengers=[Passenger(name=P-0), Passenger(name=P-18), Passenger(name=P-3)], duration=10, distance=11.0, discount=null)), (Trip(driver=Driver(name=D-8), passengers=[Passenger(name=P-1), Passenger(name=P-17), Passenger(name=P-9), Passenger(name=P-10)], duration=16, distance=3.0, discount=null), Trip(driver=Driver(name=D-0), passengers=[Passenger(name=P-9)], duration=6, distance=18.0, discount=0.4)), (Trip(driver=Driver(name=D-8), passengers=[Passenger(name=P-1), Passenger(name=P-17), Passenger(name=P-9), Passenger(name=P-10)], duration=16, distance=3.0, discount=null), Trip(driver=Driver(name=D-1), passengers=[Passenger(name=P-9), Passenger(name=P-0), Passenger(name=P-3), Passenger(name=P-14)], duration=0, distance=15.0, discount=null)), (Trip(driver=Driver(name=D-8), passengers=[Passenger(name=P-1), Passenger(name=P-17), Passenger(name=P-9), Passenger(name=P-10)], duration=16, distance=3.0, discount=null), Trip(driver=Driver(name=D-1), passengers=[Passenger(name=P-10)], duration=17, distance=15.0, discount=null)), (Trip(driver=Driver(name=D-8), passengers=[Passenger(name=P-1), Passenger(name=P-17), Passenger(name=P-9), Passenger(name=P-10)], duration=16, distance=3.0, discount=null), Trip(driver=Driver(name=D-6), passengers=[Passenger(name=P-0), Passenger(name=P-18), Passenger(name=P-13)], duration=3, distance=5.0, discount=null)), (Trip(driver=Driver(name=D-8), passengers=[Passenger(name=P-1), Passenger(name=P-17), Passenger(name=P-9), Passenger(name=P-10)], duration=16, distance=3.0, discount=null), Trip(driver=Driver(name=D-7), passengers=[Passenger(name=P-19), Passenger(name=P-10)], duration=0, distance=8.0, discount=null)), (Trip(driver=Driver(name=D-8), passengers=[Passenger(name=P-1), Passenger(name=P-17), Passenger(name=P-9), Passenger(name=P-10)], duration=16, distance=3.0, discount=null), Trip(driver=Driver(name=D-8), passengers=[Passenger(name=P-4), Passenger(name=P-15)], duration=9, distance=17.0, discount=0.1)), (Trip(driver=Driver(name=D-8), passengers=[Passenger(name=P-1), Passenger(name=P-17), Passenger(name=P-9), Passenger(name=P-10)], duration=16, distance=3.0, discount=null), Trip(driver=Driver(name=D-6), passengers=[Passenger(name=P-15)], duration=13, distance=1.0, discount=null)), (Trip(driver=Driver(name=D-8), passengers=[Passenger(name=P-1), Passenger(name=P-17), Passenger(name=P-9), Passenger(name=P-10)], duration=16, distance=3.0, discount=null), Trip(driver=Driver(name=D-2), passengers=[Passenger(name=P-3)], duration=13, distance=15.0, discount=0.2)), (Trip(driver=Driver(name=D-8), passengers=[Passenger(name=P-1), Passenger(name=P-17), Passenger(name=P-9), Passenger(name=P-10)], duration=16, distance=3.0, discount=null), Trip(driver=Driver(name=D-3), passengers=[Passenger(name=P-13), Passenger(name=P-11), Passenger(name=P-15)], duration=2, distance=9.0, discount=null)), (Trip(driver=Driver(name=D-8), passengers=[Passenger(name=P-1), Passenger(name=P-17), Passenger(name=P-9), Passenger(name=P-10)], duration=16, distance=3.0, discount=null), Trip(driver=Driver(name=D-2), passengers=[Passenger(name=P-12)], duration=2, distance=16.0, discount=null)), (Trip(driver=Driver(name=D-8), passengers=[Passenger(name=P-1), Passenger(name=P-17), Passenger(name=P-9), Passenger(name=P-10)], duration=16, distance=3.0, discount=null), Trip(driver=Driver(name=D-6), passengers=[Passenger(name=P-13), Passenger(name=P-18)], duration=12, distance=14.0, discount=null)), (Trip(driver=Driver(name=D-8), passengers=[Passenger(name=P-1), Passenger(name=P-17), Passenger(name=P-9), Passenger(name=P-10)], duration=16, distance=3.0, discount=null), Trip(driver=Driver(name=D-8), passengers=[Passenger(name=P-19)], duration=1, distance=13.0, discount=0.4)), (Trip(driver=Driver(name=D-8), passengers=[Passenger(name=P-1), Passenger(name=P-17), Passenger(name=P-9), Passenger(name=P-10)], duration=16, distance=3.0, discount=null), Trip(driver=Driver(name=D-6), passengers=[Passenger(name=P-9), Passenger(name=P-13), Passenger(name=P-1), Passenger(name=P-19)], duration=5, distance=14.0, discount=0.2)), (Trip(driver=Driver(name=D-8), passengers=[Passenger(name=P-1), Passenger(name=P-17), Passenger(name=P-9), Passenger(name=P-10)], duration=16, distance=3.0, discount=null), Trip(driver=Driver(name=D-4), passengers=[Passenger(name=P-8)], duration=15, distance=8.0, discount=0.2)), (Trip(driver=Driver(name=D-8), passengers=[Passenger(name=P-1), Passenger(name=P-17), Passenger(name=P-9), Passenger(name=P-10)], duration=16, distance=3.0, discount=null), Trip(driver=Driver(name=D-6), passengers=[Passenger(name=P-16), Passenger(name=P-15)], duration=9, distance=4.0, discount=null)), (Trip(driver=Driver(name=D-8), passengers=[Passenger(name=P-1), Passenger(name=P-17), Passenger(name=P-9), Passenger(name=P-10)], duration=16, distance=3.0, discount=null), Trip(driver=Driver(name=D-2), passengers=[Passenger(name=P-14), Passenger(name=P-0)], duration=7, distance=2.0, discount=null)), (Trip(driver=Driver(name=D-8), passengers=[Passenger(name=P-1), Passenger(name=P-17), Passenger(name=P-9), Passenger(name=P-10)], duration=16, distance=3.0, discount=null), Trip(driver=Driver(name=D-5), passengers=[Passenger(name=P-18)], duration=7, distance=19.0, discount=null)), (Trip(driver=Driver(name=D-8), passengers=[Passenger(name=P-1), Passenger(name=P-17), Passenger(name=P-9), Passenger(name=P-10)], duration=16, distance=3.0, discount=null), Trip(driver=Driver(name=D-9), passengers=[Passenger(name=P-15)], duration=15, distance=10.0, discount=0.4)), (Trip(driver=Driver(name=D-8), passengers=[Passenger(name=P-1), Passenger(name=P-17), Passenger(name=P-9), Passenger(name=P-10)], duration=16, distance=3.0, discount=null), Trip(driver=Driver(name=D-7), passengers=[Passenger(name=P-7), Passenger(name=P-18)], duration=12, distance=11.0, discount=null)), (Trip(driver=Driver(name=D-8), passengers=[Passenger(name=P-1), Passenger(name=P-17), Passenger(name=P-9), Passenger(name=P-10)], duration=16, distance=3.0, discount=null), Trip(driver=Driver(name=D-3), passengers=[Passenger(name=P-10), Passenger(name=P-19), Passenger(name=P-17)], duration=10, distance=7.0, discount=null)), (Trip(driver=Driver(name=D-8), passengers=[Passenger(name=P-1), Passenger(name=P-17), Passenger(name=P-9), Passenger(name=P-10)], duration=16, distance=3.0, discount=null), Trip(driver=Driver(name=D-3), passengers=[Passenger(name=P-10)], duration=18, distance=10.0, discount=0.2)), (Trip(driver=Driver(name=D-8), passengers=[Passenger(name=P-1), Passenger(name=P-17), Passenger(name=P-9), Passenger(name=P-10)], duration=16, distance=3.0, discount=null), Trip(driver=Driver(name=D-8), passengers=[Passenger(name=P-9), Passenger(name=P-15), Passenger(name=P-16), Passenger(name=P-19)], duration=19, distance=12.0, discount=0.3)), (Trip(driver=Driver(name=D-8), passengers=[Passenger(name=P-1), Passenger(name=P-17), Passenger(name=P-9), Passenger(name=P-10)], duration=16, distance=3.0, discount=null), Trip(driver=Driver(name=D-5), passengers=[Passenger(name=P-13)], duration=16, distance=11.0, discount=0.3))]
item [(Trip(driver=Driver(name=D-0), passengers=[Passenger(name=P-17)], duration=10, distance=6.0, discount=0.4), Trip(driver=Driver(name=D-0), passengers=[Passenger(name=P-15), Passenger(name=P-14), Passenger(name=P-10)], duration=0, distance=19.0, discount=null)), (Trip(driver=Driver(name=D-0), passengers=[Passenger(name=P-17)], duration=10, distance=6.0, discount=0.4), Trip(driver=Driver(name=D-0), passengers=[Passenger(name=P-18), Passenger(name=P-8), Passenger(name=P-7), Passenger(name=P-14)], duration=15, distance=1.0, discount=null)), (Trip(driver=Driver(name=D-0), passengers=[Passenger(name=P-17)], duration=10, distance=6.0, discount=0.4), Trip(driver=Driver(name=D-9), passengers=[Passenger(name=P-4), Passenger(name=P-19), Passenger(name=P-0)], duration=9, distance=15.0, discount=null)), (Trip(driver=Driver(name=D-0), passengers=[Passenger(name=P-17)], duration=10, distance=6.0, discount=0.4), Trip(driver=Driver(name=D-0), passengers=[Passenger(name=P-12), Passenger(name=P-7), Passenger(name=P-2)], duration=13, distance=19.0, discount=0.3)), (Trip(driver=Driver(name=D-0), passengers=[Passenger(name=P-17)], duration=10, distance=6.0, discount=0.4), Trip(driver=Driver(name=D-6), passengers=[Passenger(name=P-11), Passenger(name=P-8)], duration=14, distance=19.0, discount=null)), (Trip(driver=Driver(name=D-0), passengers=[Passenger(name=P-17)], duration=10, distance=6.0, discount=0.4), Trip(driver=Driver(name=D-0), passengers=[Passenger(name=P-2)], duration=12, distance=14.0, discount=0.3)), (Trip(driver=Driver(name=D-0), passengers=[Passenger(name=P-17)], duration=10, distance=6.0, discount=0.4), Trip(driver=Driver(name=D-8), passengers=[Passenger(name=P-1), Passenger(name=P-17), Passenger(name=P-9), Passenger(name=P-10)], duration=16, distance=3.0, discount=null)), (Trip(driver=Driver(name=D-0), passengers=[Passenger(name=P-17)], duration=10, distance=6.0, discount=0.4), Trip(driver=Driver(name=D-0), passengers=[Passenger(name=P-17)], duration=10, distance=6.0, discount=0.4)), (Trip(driver=Driver(name=D-0), passengers=[Passenger(name=P-17)], duration=10, distance=6.0, discount=0.4), Trip(driver=Driver(name=D-1), passengers=[Passenger(name=P-8), Passenger(name=P-1)], duration=7, distance=5.0, discount=null)), (Trip(driver=Driver(name=D-0), passengers=[Passenger(name=P-17)], duration=10, distance=6.0, discount=0.4), Trip(driver=Driver(name=D-9), passengers=[Passenger(name=P-6)], duration=3, distance=6.0, discount=null)), (Trip(driver=Driver(name=D-0), passengers=[Passenger(name=P-17)], duration=10, distance=6.0, discount=0.4), Trip(driver=Driver(name=D-4), passengers=[Passenger(name=P-12), Passenger(name=P-19), Passenger(name=P-7), Passenger(name=P-0)], duration=9, distance=10.0, discount=0.4)), (Trip(driver=Driver(name=D-0), passengers=[Passenger(name=P-17)], duration=10, distance=6.0, discount=0.4), Trip(driver=Driver(name=D-7), passengers=[Passenger(name=P-16)], duration=11, distance=12.0, discount=0.1)), (Trip(driver=Driver(name=D-0), passengers=[Passenger(name=P-17)], duration=10, distance=6.0, discount=0.4), Trip(driver=Driver(name=D-9), passengers=[Passenger(name=P-6), Passenger(name=P-14)], duration=9, distance=7.0, discount=null)), (Trip(driver=Driver(name=D-0), passengers=[Passenger(name=P-17)], duration=10, distance=6.0, discount=0.4), Trip(driver=Driver(name=D-5), passengers=[Passenger(name=P-4)], duration=1, distance=16.0, discount=0.4)), (Trip(driver=Driver(name=D-0), passengers=[Passenger(name=P-17)], duration=10, distance=6.0, discount=0.4), Trip(driver=Driver(name=D-2), passengers=[Passenger(name=P-15), Passenger(name=P-7), Passenger(name=P-12)], duration=9, distance=6.0, discount=null)), (Trip(driver=Driver(name=D-0), passengers=[Passenger(name=P-17)], duration=10, distance=6.0, discount=0.4), Trip(driver=Driver(name=D-1), passengers=[Passenger(name=P-13)], duration=2, distance=7.0, discount=0.1)), (Trip(driver=Driver(name=D-0), passengers=[Passenger(name=P-17)], duration=10, distance=6.0, discount=0.4), Trip(driver=Driver(name=D-5), passengers=[Passenger(name=P-0), Passenger(name=P-18), Passenger(name=P-3)], duration=10, distance=11.0, discount=null)), (Trip(driver=Driver(name=D-0), passengers=[Passenger(name=P-17)], duration=10, distance=6.0, discount=0.4), Trip(driver=Driver(name=D-0), passengers=[Passenger(name=P-9)], duration=6, distance=18.0, discount=0.4)), (Trip(driver=Driver(name=D-0), passengers=[Passenger(name=P-17)], duration=10, distance=6.0, discount=0.4), Trip(driver=Driver(name=D-1), passengers=[Passenger(name=P-9), Passenger(name=P-0), Passenger(name=P-3), Passenger(name=P-14)], duration=0, distance=15.0, discount=null)), (Trip(driver=Driver(name=D-0), passengers=[Passenger(name=P-17)], duration=10, distance=6.0, discount=0.4), Trip(driver=Driver(name=D-1), passengers=[Passenger(name=P-10)], duration=17, distance=15.0, discount=null)), (Trip(driver=Driver(name=D-0), passengers=[Passenger(name=P-17)], duration=10, distance=6.0, discount=0.4), Trip(driver=Driver(name=D-6), passengers=[Passenger(name=P-0), Passenger(name=P-18), Passenger(name=P-13)], duration=3, distance=5.0, discount=null)), (Trip(driver=Driver(name=D-0), passengers=[Passenger(name=P-17)], duration=10, distance=6.0, discount=0.4), Trip(driver=Driver(name=D-7), passengers=[Passenger(name=P-19), Passenger(name=P-10)], duration=0, distance=8.0, discount=null)), (Trip(driver=Driver(name=D-0), passengers=[Passenger(name=P-17)], duration=10, distance=6.0, discount=0.4), Trip(driver=Driver(name=D-8), passengers=[Passenger(name=P-4), Passenger(name=P-15)], duration=9, distance=17.0, discount=0.1)), (Trip(driver=Driver(name=D-0), passengers=[Passenger(name=P-17)], duration=10, distance=6.0, discount=0.4), Trip(driver=Driver(name=D-6), passengers=[Passenger(name=P-15)], duration=13, distance=1.0, discount=null)), (Trip(driver=Driver(name=D-0), passengers=[Passenger(name=P-17)], duration=10, distance=6.0, discount=0.4), Trip(driver=Driver(name=D-2), passengers=[Passenger(name=P-3)], duration=13, distance=15.0, discount=0.2)), (Trip(driver=Driver(name=D-0), passengers=[Passenger(name=P-17)], duration=10, distance=6.0, discount=0.4), Trip(driver=Driver(name=D-3), passengers=[Passenger(name=P-13), Passenger(name=P-11), Passenger(name=P-15)], duration=2, distance=9.0, discount=null)), (Trip(driver=Driver(name=D-0), passengers=[Passenger(name=P-17)], duration=10, distance=6.0, discount=0.4), Trip(driver=Driver(name=D-2), passengers=[Passenger(name=P-12)], duration=2, distance=16.0, discount=null)), (Trip(driver=Driver(name=D-0), passengers=[Passenger(name=P-17)], duration=10, distance=6.0, discount=0.4), Trip(driver=Driver(name=D-6), passengers=[Passenger(name=P-13), Passenger(name=P-18)], duration=12, distance=14.0, discount=null)), (Trip(driver=Driver(name=D-0), passengers=[Passenger(name=P-17)], duration=10, distance=6.0, discount=0.4), Trip(driver=Driver(name=D-8), passengers=[Passenger(name=P-19)], duration=1, distance=13.0, discount=0.4)), (Trip(driver=Driver(name=D-0), passengers=[Passenger(name=P-17)], duration=10, distance=6.0, discount=0.4), Trip(driver=Driver(name=D-6), passengers=[Passenger(name=P-9), Passenger(name=P-13), Passenger(name=P-1), Passenger(name=P-19)], duration=5, distance=14.0, discount=0.2)), (Trip(driver=Driver(name=D-0), passengers=[Passenger(name=P-17)], duration=10, distance=6.0, discount=0.4), Trip(driver=Driver(name=D-4), passengers=[Passenger(name=P-8)], duration=15, distance=8.0, discount=0.2)), (Trip(driver=Driver(name=D-0), passengers=[Passenger(name=P-17)], duration=10, distance=6.0, discount=0.4), Trip(driver=Driver(name=D-6), passengers=[Passenger(name=P-16), Passenger(name=P-15)], duration=9, distance=4.0, discount=null)), (Trip(driver=Driver(name=D-0), passengers=[Passenger(name=P-17)], duration=10, distance=6.0, discount=0.4), Trip(driver=Driver(name=D-2), passengers=[Passenger(name=P-14), Passenger(name=P-0)], duration=7, distance=2.0, discount=null)), (Trip(driver=Driver(name=D-0), passengers=[Passenger(name=P-17)], duration=10, distance=6.0, discount=0.4), Trip(driver=Driver(name=D-5), passengers=[Passenger(name=P-18)], duration=7, distance=19.0, discount=null)), (Trip(driver=Driver(name=D-0), passengers=[Passenger(name=P-17)], duration=10, distance=6.0, discount=0.4), Trip(driver=Driver(name=D-9), passengers=[Passenger(name=P-15)], duration=15, distance=10.0, discount=0.4)), (Trip(driver=Driver(name=D-0), passengers=[Passenger(name=P-17)], duration=10, distance=6.0, discount=0.4), Trip(driver=Driver(name=D-7), passengers=[Passenger(name=P-7), Passenger(name=P-18)], duration=12, distance=11.0, discount=null)), (Trip(driver=Driver(name=D-0), passengers=[Passenger(name=P-17)], duration=10, distance=6.0, discount=0.4), Trip(driver=Driver(name=D-3), passengers=[Passenger(name=P-10), Passenger(name=P-19), Passenger(name=P-17)], duration=10, distance=7.0, discount=null)), (Trip(driver=Driver(name=D-0), passengers=[Passenger(name=P-17)], duration=10, distance=6.0, discount=0.4), Trip(driver=Driver(name=D-3), passengers=[Passenger(name=P-10)], duration=18, distance=10.0, discount=0.2)), (Trip(driver=Driver(name=D-0), passengers=[Passenger(name=P-17)], duration=10, distance=6.0, discount=0.4), Trip(driver=Driver(name=D-8), passengers=[Passenger(name=P-9), Passenger(name=P-15), Passenger(name=P-16), Passenger(name=P-19)], duration=19, distance=12.0, discount=0.3)), (Trip(driver=Driver(name=D-0), passengers=[Passenger(name=P-17)], duration=10, distance=6.0, discount=0.4), Trip(driver=Driver(name=D-5), passengers=[Passenger(name=P-13)], duration=16, distance=11.0, discount=0.3))]
item [(Trip(driver=Driver(name=D-1), passengers=[Passenger(name=P-8), Passenger(name=P-1)], duration=7, distance=5.0, discount=null), Trip(driver=Driver(name=D-0), passengers=[Passenger(name=P-15), Passenger(name=P-14), Passenger(name=P-10)], duration=0, distance=19.0, discount=null)), (Trip(driver=Driver(name=D-1), passengers=[Passenger(name=P-8), Passenger(name=P-1)], duration=7, distance=5.0, discount=null), Trip(driver=Driver(name=D-0), passengers=[Passenger(name=P-18), Passenger(name=P-8), Passenger(name=P-7), Passenger(name=P-14)], duration=15, distance=1.0, discount=null)), (Trip(driver=Driver(name=D-1), passengers=[Passenger(name=P-8), Passenger(name=P-1)], duration=7, distance=5.0, discount=null), Trip(driver=Driver(name=D-9), passengers=[Passenger(name=P-4), Passenger(name=P-19), Passenger(name=P-0)], duration=9, distance=15.0, discount=null)), (Trip(driver=Driver(name=D-1), passengers=[Passenger(name=P-8), Passenger(name=P-1)], duration=7, distance=5.0, discount=null), Trip(driver=Driver(name=D-0), passengers=[Passenger(name=P-12), Passenger(name=P-7), Passenger(name=P-2)], duration=13, distance=19.0, discount=0.3)), (Trip(driver=Driver(name=D-1), passengers=[Passenger(name=P-8), Passenger(name=P-1)], duration=7, distance=5.0, discount=null), Trip(driver=Driver(name=D-6), passengers=[Passenger(name=P-11), Passenger(name=P-8)], duration=14, distance=19.0, discount=null)), (Trip(driver=Driver(name=D-1), passengers=[Passenger(name=P-8), Passenger(name=P-1)], duration=7, distance=5.0, discount=null), Trip(driver=Driver(name=D-0), passengers=[Passenger(name=P-2)], duration=12, distance=14.0, discount=0.3)), (Trip(driver=Driver(name=D-1), passengers=[Passenger(name=P-8), Passenger(name=P-1)], duration=7, distance=5.0, discount=null), Trip(driver=Driver(name=D-8), passengers=[Passenger(name=P-1), Passenger(name=P-17), Passenger(name=P-9), Passenger(name=P-10)], duration=16, distance=3.0, discount=null)), (Trip(driver=Driver(name=D-1), passengers=[Passenger(name=P-8), Passenger(name=P-1)], duration=7, distance=5.0, discount=null), Trip(driver=Driver(name=D-0), passengers=[Passenger(name=P-17)], duration=10, distance=6.0, discount=0.4)), (Trip(driver=Driver(name=D-1), passengers=[Passenger(name=P-8), Passenger(name=P-1)], duration=7, distance=5.0, discount=null), Trip(driver=Driver(name=D-1), passengers=[Passenger(name=P-8), Passenger(name=P-1)], duration=7, distance=5.0, discount=null)), (Trip(driver=Driver(name=D-1), passengers=[Passenger(name=P-8), Passenger(name=P-1)], duration=7, distance=5.0, discount=null), Trip(driver=Driver(name=D-9), passengers=[Passenger(name=P-6)], duration=3, distance=6.0, discount=null)), (Trip(driver=Driver(name=D-1), passengers=[Passenger(name=P-8), Passenger(name=P-1)], duration=7, distance=5.0, discount=null), Trip(driver=Driver(name=D-4), passengers=[Passenger(name=P-12), Passenger(name=P-19), Passenger(name=P-7), Passenger(name=P-0)], duration=9, distance=10.0, discount=0.4)), (Trip(driver=Driver(name=D-1), passengers=[Passenger(name=P-8), Passenger(name=P-1)], duration=7, distance=5.0, discount=null), Trip(driver=Driver(name=D-7), passengers=[Passenger(name=P-16)], duration=11, distance=12.0, discount=0.1)), (Trip(driver=Driver(name=D-1), passengers=[Passenger(name=P-8), Passenger(name=P-1)], duration=7, distance=5.0, discount=null), Trip(driver=Driver(name=D-9), passengers=[Passenger(name=P-6), Passenger(name=P-14)], duration=9, distance=7.0, discount=null)), (Trip(driver=Driver(name=D-1), passengers=[Passenger(name=P-8), Passenger(name=P-1)], duration=7, distance=5.0, discount=null), Trip(driver=Driver(name=D-5), passengers=[Passenger(name=P-4)], duration=1, distance=16.0, discount=0.4)), (Trip(driver=Driver(name=D-1), passengers=[Passenger(name=P-8), Passenger(name=P-1)], duration=7, distance=5.0, discount=null), Trip(driver=Driver(name=D-2), passengers=[Passenger(name=P-15), Passenger(name=P-7), Passenger(name=P-12)], duration=9, distance=6.0, discount=null)), (Trip(driver=Driver(name=D-1), passengers=[Passenger(name=P-8), Passenger(name=P-1)], duration=7, distance=5.0, discount=null), Trip(driver=Driver(name=D-1), passengers=[Passenger(name=P-13)], duration=2, distance=7.0, discount=0.1)), (Trip(driver=Driver(name=D-1), passengers=[Passenger(name=P-8), Passenger(name=P-1)], duration=7, distance=5.0, discount=null), Trip(driver=Driver(name=D-5), passengers=[Passenger(name=P-0), Passenger(name=P-18), Passenger(name=P-3)], duration=10, distance=11.0, discount=null)), (Trip(driver=Driver(name=D-1), passengers=[Passenger(name=P-8), Passenger(name=P-1)], duration=7, distance=5.0, discount=null), Trip(driver=Driver(name=D-0), passengers=[Passenger(name=P-9)], duration=6, distance=18.0, discount=0.4)), (Trip(driver=Driver(name=D-1), passengers=[Passenger(name=P-8), Passenger(name=P-1)], duration=7, distance=5.0, discount=null), Trip(driver=Driver(name=D-1), passengers=[Passenger(name=P-9), Passenger(name=P-0), Passenger(name=P-3), Passenger(name=P-14)], duration=0, distance=15.0, discount=null)), (Trip(driver=Driver(name=D-1), passengers=[Passenger(name=P-8), Passenger(name=P-1)], duration=7, distance=5.0, discount=null), Trip(driver=Driver(name=D-1), passengers=[Passenger(name=P-10)], duration=17, distance=15.0, discount=null)), (Trip(driver=Driver(name=D-1), passengers=[Passenger(name=P-8), Passenger(name=P-1)], duration=7, distance=5.0, discount=null), Trip(driver=Driver(name=D-6), passengers=[Passenger(name=P-0), Passenger(name=P-18), Passenger(name=P-13)], duration=3, distance=5.0, discount=null)), (Trip(driver=Driver(name=D-1), passengers=[Passenger(name=P-8), Passenger(name=P-1)], duration=7, distance=5.0, discount=null), Trip(driver=Driver(name=D-7), passengers=[Passenger(name=P-19), Passenger(name=P-10)], duration=0, distance=8.0, discount=null)), (Trip(driver=Driver(name=D-1), passengers=[Passenger(name=P-8), Passenger(name=P-1)], duration=7, distance=5.0, discount=null), Trip(driver=Driver(name=D-8), passengers=[Passenger(name=P-4), Passenger(name=P-15)], duration=9, distance=17.0, discount=0.1)), (Trip(driver=Driver(name=D-1), passengers=[Passenger(name=P-8), Passenger(name=P-1)], duration=7, distance=5.0, discount=null), Trip(driver=Driver(name=D-6), passengers=[Passenger(name=P-15)], duration=13, distance=1.0, discount=null)), (Trip(driver=Driver(name=D-1), passengers=[Passenger(name=P-8), Passenger(name=P-1)], duration=7, distance=5.0, discount=null), Trip(driver=Driver(name=D-2), passengers=[Passenger(name=P-3)], duration=13, distance=15.0, discount=0.2)), (Trip(driver=Driver(name=D-1), passengers=[Passenger(name=P-8), Passenger(name=P-1)], duration=7, distance=5.0, discount=null), Trip(driver=Driver(name=D-3), passengers=[Passenger(name=P-13), Passenger(name=P-11), Passenger(name=P-15)], duration=2, distance=9.0, discount=null)), (Trip(driver=Driver(name=D-1), passengers=[Passenger(name=P-8), Passenger(name=P-1)], duration=7, distance=5.0, discount=null), Trip(driver=Driver(name=D-2), passengers=[Passenger(name=P-12)], duration=2, distance=16.0, discount=null)), (Trip(driver=Driver(name=D-1), passengers=[Passenger(name=P-8), Passenger(name=P-1)], duration=7, distance=5.0, discount=null), Trip(driver=Driver(name=D-6), passengers=[Passenger(name=P-13), Passenger(name=P-18)], duration=12, distance=14.0, discount=null)), (Trip(driver=Driver(name=D-1), passengers=[Passenger(name=P-8), Passenger(name=P-1)], duration=7, distance=5.0, discount=null), Trip(driver=Driver(name=D-8), passengers=[Passenger(name=P-19)], duration=1, distance=13.0, discount=0.4)), (Trip(driver=Driver(name=D-1), passengers=[Passenger(name=P-8), Passenger(name=P-1)], duration=7, distance=5.0, discount=null), Trip(driver=Driver(name=D-6), passengers=[Passenger(name=P-9), Passenger(name=P-13), Passenger(name=P-1), Passenger(name=P-19)], duration=5, distance=14.0, discount=0.2)), (Trip(driver=Driver(name=D-1), passengers=[Passenger(name=P-8), Passenger(name=P-1)], duration=7, distance=5.0, discount=null), Trip(driver=Driver(name=D-4), passengers=[Passenger(name=P-8)], duration=15, distance=8.0, discount=0.2)), (Trip(driver=Driver(name=D-1), passengers=[Passenger(name=P-8), Passenger(name=P-1)], duration=7, distance=5.0, discount=null), Trip(driver=Driver(name=D-6), passengers=[Passenger(name=P-16), Passenger(name=P-15)], duration=9, distance=4.0, discount=null)), (Trip(driver=Driver(name=D-1), passengers=[Passenger(name=P-8), Passenger(name=P-1)], duration=7, distance=5.0, discount=null), Trip(driver=Driver(name=D-2), passengers=[Passenger(name=P-14), Passenger(name=P-0)], duration=7, distance=2.0, discount=null)), (Trip(driver=Driver(name=D-1), passengers=[Passenger(name=P-8), Passenger(name=P-1)], duration=7, distance=5.0, discount=null), Trip(driver=Driver(name=D-5), passengers=[Passenger(name=P-18)], duration=7, distance=19.0, discount=null)), (Trip(driver=Driver(name=D-1), passengers=[Passenger(name=P-8), Passenger(name=P-1)], duration=7, distance=5.0, discount=null), Trip(driver=Driver(name=D-9), passengers=[Passenger(name=P-15)], duration=15, distance=10.0, discount=0.4)), (Trip(driver=Driver(name=D-1), passengers=[Passenger(name=P-8), Passenger(name=P-1)], duration=7, distance=5.0, discount=null), Trip(driver=Driver(name=D-7), passengers=[Passenger(name=P-7), Passenger(name=P-18)], duration=12, distance=11.0, discount=null)), (Trip(driver=Driver(name=D-1), passengers=[Passenger(name=P-8), Passenger(name=P-1)], duration=7, distance=5.0, discount=null), Trip(driver=Driver(name=D-3), passengers=[Passenger(name=P-10), Passenger(name=P-19), Passenger(name=P-17)], duration=10, distance=7.0, discount=null)), (Trip(driver=Driver(name=D-1), passengers=[Passenger(name=P-8), Passenger(name=P-1)], duration=7, distance=5.0, discount=null), Trip(driver=Driver(name=D-3), passengers=[Passenger(name=P-10)], duration=18, distance=10.0, discount=0.2)), (Trip(driver=Driver(name=D-1), passengers=[Passenger(name=P-8), Passenger(name=P-1)], duration=7, distance=5.0, discount=null), Trip(driver=Driver(name=D-8), passengers=[Passenger(name=P-9), Passenger(name=P-15), Passenger(name=P-16), Passenger(name=P-19)], duration=19, distance=12.0, discount=0.3)), (Trip(driver=Driver(name=D-1), passengers=[Passenger(name=P-8), Passenger(name=P-1)], duration=7, distance=5.0, discount=null), Trip(driver=Driver(name=D-5), passengers=[Passenger(name=P-13)], duration=16, distance=11.0, discount=0.3))]
item [(Trip(driver=Driver(name=D-9), passengers=[Passenger(name=P-6)], duration=3, distance=6.0, discount=null), Trip(driver=Driver(name=D-0), passengers=[Passenger(name=P-15), Passenger(name=P-14), Passenger(name=P-10)], duration=0, distance=19.0, discount=null)), (Trip(driver=Driver(name=D-9), passengers=[Passenger(name=P-6)], duration=3, distance=6.0, discount=null), Trip(driver=Driver(name=D-0), passengers=[Passenger(name=P-18), Passenger(name=P-8), Passenger(name=P-7), Passenger(name=P-14)], duration=15, distance=1.0, discount=null)), (Trip(driver=Driver(name=D-9), passengers=[Passenger(name=P-6)], duration=3, distance=6.0, discount=null), Trip(driver=Driver(name=D-9), passengers=[Passenger(name=P-4), Passenger(name=P-19), Passenger(name=P-0)], duration=9, distance=15.0, discount=null)), (Trip(driver=Driver(name=D-9), passengers=[Passenger(name=P-6)], duration=3, distance=6.0, discount=null), Trip(driver=Driver(name=D-0), passengers=[Passenger(name=P-12), Passenger(name=P-7), Passenger(name=P-2)], duration=13, distance=19.0, discount=0.3)), (Trip(driver=Driver(name=D-9), passengers=[Passenger(name=P-6)], duration=3, distance=6.0, discount=null), Trip(driver=Driver(name=D-6), passengers=[Passenger(name=P-11), Passenger(name=P-8)], duration=14, distance=19.0, discount=null)), (Trip(driver=Driver(name=D-9), passengers=[Passenger(name=P-6)], duration=3, distance=6.0, discount=null), Trip(driver=Driver(name=D-0), passengers=[Passenger(name=P-2)], duration=12, distance=14.0, discount=0.3)), (Trip(driver=Driver(name=D-9), passengers=[Passenger(name=P-6)], duration=3, distance=6.0, discount=null), Trip(driver=Driver(name=D-8), passengers=[Passenger(name=P-1), Passenger(name=P-17), Passenger(name=P-9), Passenger(name=P-10)], duration=16, distance=3.0, discount=null)), (Trip(driver=Driver(name=D-9), passengers=[Passenger(name=P-6)], duration=3, distance=6.0, discount=null), Trip(driver=Driver(name=D-0), passengers=[Passenger(name=P-17)], duration=10, distance=6.0, discount=0.4)), (Trip(driver=Driver(name=D-9), passengers=[Passenger(name=P-6)], duration=3, distance=6.0, discount=null), Trip(driver=Driver(name=D-1), passengers=[Passenger(name=P-8), Passenger(name=P-1)], duration=7, distance=5.0, discount=null)), (Trip(driver=Driver(name=D-9), passengers=[Passenger(name=P-6)], duration=3, distance=6.0, discount=null), Trip(driver=Driver(name=D-9), passengers=[Passenger(name=P-6)], duration=3, distance=6.0, discount=null)), (Trip(driver=Driver(name=D-9), passengers=[Passenger(name=P-6)], duration=3, distance=6.0, discount=null), Trip(driver=Driver(name=D-4), passengers=[Passenger(name=P-12), Passenger(name=P-19), Passenger(name=P-7), Passenger(name=P-0)], duration=9, distance=10.0, discount=0.4)), (Trip(driver=Driver(name=D-9), passengers=[Passenger(name=P-6)], duration=3, distance=6.0, discount=null), Trip(driver=Driver(name=D-7), passengers=[Passenger(name=P-16)], duration=11, distance=12.0, discount=0.1)), (Trip(driver=Driver(name=D-9), passengers=[Passenger(name=P-6)], duration=3, distance=6.0, discount=null), Trip(driver=Driver(name=D-9), passengers=[Passenger(name=P-6), Passenger(name=P-14)], duration=9, distance=7.0, discount=null)), (Trip(driver=Driver(name=D-9), passengers=[Passenger(name=P-6)], duration=3, distance=6.0, discount=null), Trip(driver=Driver(name=D-5), passengers=[Passenger(name=P-4)], duration=1, distance=16.0, discount=0.4)), (Trip(driver=Driver(name=D-9), passengers=[Passenger(name=P-6)], duration=3, distance=6.0, discount=null), Trip(driver=Driver(name=D-2), passengers=[Passenger(name=P-15), Passenger(name=P-7), Passenger(name=P-12)], duration=9, distance=6.0, discount=null)), (Trip(driver=Driver(name=D-9), passengers=[Passenger(name=P-6)], duration=3, distance=6.0, discount=null), Trip(driver=Driver(name=D-1), passengers=[Passenger(name=P-13)], duration=2, distance=7.0, discount=0.1)), (Trip(driver=Driver(name=D-9), passengers=[Passenger(name=P-6)], duration=3, distance=6.0, discount=null), Trip(driver=Driver(name=D-5), passengers=[Passenger(name=P-0), Passenger(name=P-18), Passenger(name=P-3)], duration=10, distance=11.0, discount=null)), (Trip(driver=Driver(name=D-9), passengers=[Passenger(name=P-6)], duration=3, distance=6.0, discount=null), Trip(driver=Driver(name=D-0), passengers=[Passenger(name=P-9)], duration=6, distance=18.0, discount=0.4)), (Trip(driver=Driver(name=D-9), passengers=[Passenger(name=P-6)], duration=3, distance=6.0, discount=null), Trip(driver=Driver(name=D-1), passengers=[Passenger(name=P-9), Passenger(name=P-0), Passenger(name=P-3), Passenger(name=P-14)], duration=0, distance=15.0, discount=null)), (Trip(driver=Driver(name=D-9), passengers=[Passenger(name=P-6)], duration=3, distance=6.0, discount=null), Trip(driver=Driver(name=D-1), passengers=[Passenger(name=P-10)], duration=17, distance=15.0, discount=null)), (Trip(driver=Driver(name=D-9), passengers=[Passenger(name=P-6)], duration=3, distance=6.0, discount=null), Trip(driver=Driver(name=D-6), passengers=[Passenger(name=P-0), Passenger(name=P-18), Passenger(name=P-13)], duration=3, distance=5.0, discount=null)), (Trip(driver=Driver(name=D-9), passengers=[Passenger(name=P-6)], duration=3, distance=6.0, discount=null), Trip(driver=Driver(name=D-7), passengers=[Passenger(name=P-19), Passenger(name=P-10)], duration=0, distance=8.0, discount=null)), (Trip(driver=Driver(name=D-9), passengers=[Passenger(name=P-6)], duration=3, distance=6.0, discount=null), Trip(driver=Driver(name=D-8), passengers=[Passenger(name=P-4), Passenger(name=P-15)], duration=9, distance=17.0, discount=0.1)), (Trip(driver=Driver(name=D-9), passengers=[Passenger(name=P-6)], duration=3, distance=6.0, discount=null), Trip(driver=Driver(name=D-6), passengers=[Passenger(name=P-15)], duration=13, distance=1.0, discount=null)), (Trip(driver=Driver(name=D-9), passengers=[Passenger(name=P-6)], duration=3, distance=6.0, discount=null), Trip(driver=Driver(name=D-2), passengers=[Passenger(name=P-3)], duration=13, distance=15.0, discount=0.2)), (Trip(driver=Driver(name=D-9), passengers=[Passenger(name=P-6)], duration=3, distance=6.0, discount=null), Trip(driver=Driver(name=D-3), passengers=[Passenger(name=P-13), Passenger(name=P-11), Passenger(name=P-15)], duration=2, distance=9.0, discount=null)), (Trip(driver=Driver(name=D-9), passengers=[Passenger(name=P-6)], duration=3, distance=6.0, discount=null), Trip(driver=Driver(name=D-2), passengers=[Passenger(name=P-12)], duration=2, distance=16.0, discount=null)), (Trip(driver=Driver(name=D-9), passengers=[Passenger(name=P-6)], duration=3, distance=6.0, discount=null), Trip(driver=Driver(name=D-6), passengers=[Passenger(name=P-13), Passenger(name=P-18)], duration=12, distance=14.0, discount=null)), (Trip(driver=Driver(name=D-9), passengers=[Passenger(name=P-6)], duration=3, distance=6.0, discount=null), Trip(driver=Driver(name=D-8), passengers=[Passenger(name=P-19)], duration=1, distance=13.0, discount=0.4)), (Trip(driver=Driver(name=D-9), passengers=[Passenger(name=P-6)], duration=3, distance=6.0, discount=null), Trip(driver=Driver(name=D-6), passengers=[Passenger(name=P-9), Passenger(name=P-13), Passenger(name=P-1), Passenger(name=P-19)], duration=5, distance=14.0, discount=0.2)), (Trip(driver=Driver(name=D-9), passengers=[Passenger(name=P-6)], duration=3, distance=6.0, discount=null), Trip(driver=Driver(name=D-4), passengers=[Passenger(name=P-8)], duration=15, distance=8.0, discount=0.2)), (Trip(driver=Driver(name=D-9), passengers=[Passenger(name=P-6)], duration=3, distance=6.0, discount=null), Trip(driver=Driver(name=D-6), passengers=[Passenger(name=P-16), Passenger(name=P-15)], duration=9, distance=4.0, discount=null)), (Trip(driver=Driver(name=D-9), passengers=[Passenger(name=P-6)], duration=3, distance=6.0, discount=null), Trip(driver=Driver(name=D-2), passengers=[Passenger(name=P-14), Passenger(name=P-0)], duration=7, distance=2.0, discount=null)), (Trip(driver=Driver(name=D-9), passengers=[Passenger(name=P-6)], duration=3, distance=6.0, discount=null), Trip(driver=Driver(name=D-5), passengers=[Passenger(name=P-18)], duration=7, distance=19.0, discount=null)), (Trip(driver=Driver(name=D-9), passengers=[Passenger(name=P-6)], duration=3, distance=6.0, discount=null), Trip(driver=Driver(name=D-9), passengers=[Passenger(name=P-15)], duration=15, distance=10.0, discount=0.4)), (Trip(driver=Driver(name=D-9), passengers=[Passenger(name=P-6)], duration=3, distance=6.0, discount=null), Trip(driver=Driver(name=D-7), passengers=[Passenger(name=P-7), Passenger(name=P-18)], duration=12, distance=11.0, discount=null)), (Trip(driver=Driver(name=D-9), passengers=[Passenger(name=P-6)], duration=3, distance=6.0, discount=null), Trip(driver=Driver(name=D-3), passengers=[Passenger(name=P-10), Passenger(name=P-19), Passenger(name=P-17)], duration=10, distance=7.0, discount=null)), (Trip(driver=Driver(name=D-9), passengers=[Passenger(name=P-6)], duration=3, distance=6.0, discount=null), Trip(driver=Driver(name=D-3), passengers=[Passenger(name=P-10)], duration=18, distance=10.0, discount=0.2)), (Trip(driver=Driver(name=D-9), passengers=[Passenger(name=P-6)], duration=3, distance=6.0, discount=null), Trip(driver=Driver(name=D-8), passengers=[Passenger(name=P-9), Passenger(name=P-15), Passenger(name=P-16), Passenger(name=P-19)], duration=19, distance=12.0, discount=0.3)), (Trip(driver=Driver(name=D-9), passengers=[Passenger(name=P-6)], duration=3, distance=6.0, discount=null), Trip(driver=Driver(name=D-5), passengers=[Passenger(name=P-13)], duration=16, distance=11.0, discount=0.3))]
item [(Trip(driver=Driver(name=D-4), passengers=[Passenger(name=P-12), Passenger(name=P-19), Passenger(name=P-7), Passenger(name=P-0)], duration=9, distance=10.0, discount=0.4), Trip(driver=Driver(name=D-0), passengers=[Passenger(name=P-15), Passenger(name=P-14), Passenger(name=P-10)], duration=0, distance=19.0, discount=null)), (Trip(driver=Driver(name=D-4), passengers=[Passenger(name=P-12), Passenger(name=P-19), Passenger(name=P-7), Passenger(name=P-0)], duration=9, distance=10.0, discount=0.4), Trip(driver=Driver(name=D-0), passengers=[Passenger(name=P-18), Passenger(name=P-8), Passenger(name=P-7), Passenger(name=P-14)], duration=15, distance=1.0, discount=null)), (Trip(driver=Driver(name=D-4), passengers=[Passenger(name=P-12), Passenger(name=P-19), Passenger(name=P-7), Passenger(name=P-0)], duration=9, distance=10.0, discount=0.4), Trip(driver=Driver(name=D-9), passengers=[Passenger(name=P-4), Passenger(name=P-19), Passenger(name=P-0)], duration=9, distance=15.0, discount=null)), (Trip(driver=Driver(name=D-4), passengers=[Passenger(name=P-12), Passenger(name=P-19), Passenger(name=P-7), Passenger(name=P-0)], duration=9, distance=10.0, discount=0.4), Trip(driver=Driver(name=D-0), passengers=[Passenger(name=P-12), Passenger(name=P-7), Passenger(name=P-2)], duration=13, distance=19.0, discount=0.3)), (Trip(driver=Driver(name=D-4), passengers=[Passenger(name=P-12), Passenger(name=P-19), Passenger(name=P-7), Passenger(name=P-0)], duration=9, distance=10.0, discount=0.4), Trip(driver=Driver(name=D-6), passengers=[Passenger(name=P-11), Passenger(name=P-8)], duration=14, distance=19.0, discount=null)), (Trip(driver=Driver(name=D-4), passengers=[Passenger(name=P-12), Passenger(name=P-19), Passenger(name=P-7), Passenger(name=P-0)], duration=9, distance=10.0, discount=0.4), Trip(driver=Driver(name=D-0), passengers=[Passenger(name=P-2)], duration=12, distance=14.0, discount=0.3)), (Trip(driver=Driver(name=D-4), passengers=[Passenger(name=P-12), Passenger(name=P-19), Passenger(name=P-7), Passenger(name=P-0)], duration=9, distance=10.0, discount=0.4), Trip(driver=Driver(name=D-8), passengers=[Passenger(name=P-1), Passenger(name=P-17), Passenger(name=P-9), Passenger(name=P-10)], duration=16, distance=3.0, discount=null)), (Trip(driver=Driver(name=D-4), passengers=[Passenger(name=P-12), Passenger(name=P-19), Passenger(name=P-7), Passenger(name=P-0)], duration=9, distance=10.0, discount=0.4), Trip(driver=Driver(name=D-0), passengers=[Passenger(name=P-17)], duration=10, distance=6.0, discount=0.4)), (Trip(driver=Driver(name=D-4), passengers=[Passenger(name=P-12), Passenger(name=P-19), Passenger(name=P-7), Passenger(name=P-0)], duration=9, distance=10.0, discount=0.4), Trip(driver=Driver(name=D-1), passengers=[Passenger(name=P-8), Passenger(name=P-1)], duration=7, distance=5.0, discount=null)), (Trip(driver=Driver(name=D-4), passengers=[Passenger(name=P-12), Passenger(name=P-19), Passenger(name=P-7), Passenger(name=P-0)], duration=9, distance=10.0, discount=0.4), Trip(driver=Driver(name=D-9), passengers=[Passenger(name=P-6)], duration=3, distance=6.0, discount=null)), (Trip(driver=Driver(name=D-4), passengers=[Passenger(name=P-12), Passenger(name=P-19), Passenger(name=P-7), Passenger(name=P-0)], duration=9, distance=10.0, discount=0.4), Trip(driver=Driver(name=D-4), passengers=[Passenger(name=P-12), Passenger(name=P-19), Passenger(name=P-7), Passenger(name=P-0)], duration=9, distance=10.0, discount=0.4)), (Trip(driver=Driver(name=D-4), passengers=[Passenger(name=P-12), Passenger(name=P-19), Passenger(name=P-7), Passenger(name=P-0)], duration=9, distance=10.0, discount=0.4), Trip(driver=Driver(name=D-7), passengers=[Passenger(name=P-16)], duration=11, distance=12.0, discount=0.1)), (Trip(driver=Driver(name=D-4), passengers=[Passenger(name=P-12), Passenger(name=P-19), Passenger(name=P-7), Passenger(name=P-0)], duration=9, distance=10.0, discount=0.4), Trip(driver=Driver(name=D-9), passengers=[Passenger(name=P-6), Passenger(name=P-14)], duration=9, distance=7.0, discount=null)), (Trip(driver=Driver(name=D-4), passengers=[Passenger(name=P-12), Passenger(name=P-19), Passenger(name=P-7), Passenger(name=P-0)], duration=9, distance=10.0, discount=0.4), Trip(driver=Driver(name=D-5), passengers=[Passenger(name=P-4)], duration=1, distance=16.0, discount=0.4)), (Trip(driver=Driver(name=D-4), passengers=[Passenger(name=P-12), Passenger(name=P-19), Passenger(name=P-7), Passenger(name=P-0)], duration=9, distance=10.0, discount=0.4), Trip(driver=Driver(name=D-2), passengers=[Passenger(name=P-15), Passenger(name=P-7), Passenger(name=P-12)], duration=9, distance=6.0, discount=null)), (Trip(driver=Driver(name=D-4), passengers=[Passenger(name=P-12), Passenger(name=P-19), Passenger(name=P-7), Passenger(name=P-0)], duration=9, distance=10.0, discount=0.4), Trip(driver=Driver(name=D-1), passengers=[Passenger(name=P-13)], duration=2, distance=7.0, discount=0.1)), (Trip(driver=Driver(name=D-4), passengers=[Passenger(name=P-12), Passenger(name=P-19), Passenger(name=P-7), Passenger(name=P-0)], duration=9, distance=10.0, discount=0.4), Trip(driver=Driver(name=D-5), passengers=[Passenger(name=P-0), Passenger(name=P-18), Passenger(name=P-3)], duration=10, distance=11.0, discount=null)), (Trip(driver=Driver(name=D-4), passengers=[Passenger(name=P-12), Passenger(name=P-19), Passenger(name=P-7), Passenger(name=P-0)], duration=9, distance=10.0, discount=0.4), Trip(driver=Driver(name=D-0), passengers=[Passenger(name=P-9)], duration=6, distance=18.0, discount=0.4)), (Trip(driver=Driver(name=D-4), passengers=[Passenger(name=P-12), Passenger(name=P-19), Passenger(name=P-7), Passenger(name=P-0)], duration=9, distance=10.0, discount=0.4), Trip(driver=Driver(name=D-1), passengers=[Passenger(name=P-9), Passenger(name=P-0), Passenger(name=P-3), Passenger(name=P-14)], duration=0, distance=15.0, discount=null)), (Trip(driver=Driver(name=D-4), passengers=[Passenger(name=P-12), Passenger(name=P-19), Passenger(name=P-7), Passenger(name=P-0)], duration=9, distance=10.0, discount=0.4), Trip(driver=Driver(name=D-1), passengers=[Passenger(name=P-10)], duration=17, distance=15.0, discount=null)), (Trip(driver=Driver(name=D-4), passengers=[Passenger(name=P-12), Passenger(name=P-19), Passenger(name=P-7), Passenger(name=P-0)], duration=9, distance=10.0, discount=0.4), Trip(driver=Driver(name=D-6), passengers=[Passenger(name=P-0), Passenger(name=P-18), Passenger(name=P-13)], duration=3, distance=5.0, discount=null)), (Trip(driver=Driver(name=D-4), passengers=[Passenger(name=P-12), Passenger(name=P-19), Passenger(name=P-7), Passenger(name=P-0)], duration=9, distance=10.0, discount=0.4), Trip(driver=Driver(name=D-7), passengers=[Passenger(name=P-19), Passenger(name=P-10)], duration=0, distance=8.0, discount=null)), (Trip(driver=Driver(name=D-4), passengers=[Passenger(name=P-12), Passenger(name=P-19), Passenger(name=P-7), Passenger(name=P-0)], duration=9, distance=10.0, discount=0.4), Trip(driver=Driver(name=D-8), passengers=[Passenger(name=P-4), Passenger(name=P-15)], duration=9, distance=17.0, discount=0.1)), (Trip(driver=Driver(name=D-4), passengers=[Passenger(name=P-12), Passenger(name=P-19), Passenger(name=P-7), Passenger(name=P-0)], duration=9, distance=10.0, discount=0.4), Trip(driver=Driver(name=D-6), passengers=[Passenger(name=P-15)], duration=13, distance=1.0, discount=null)), (Trip(driver=Driver(name=D-4), passengers=[Passenger(name=P-12), Passenger(name=P-19), Passenger(name=P-7), Passenger(name=P-0)], duration=9, distance=10.0, discount=0.4), Trip(driver=Driver(name=D-2), passengers=[Passenger(name=P-3)], duration=13, distance=15.0, discount=0.2)), (Trip(driver=Driver(name=D-4), passengers=[Passenger(name=P-12), Passenger(name=P-19), Passenger(name=P-7), Passenger(name=P-0)], duration=9, distance=10.0, discount=0.4), Trip(driver=Driver(name=D-3), passengers=[Passenger(name=P-13), Passenger(name=P-11), Passenger(name=P-15)], duration=2, distance=9.0, discount=null)), (Trip(driver=Driver(name=D-4), passengers=[Passenger(name=P-12), Passenger(name=P-19), Passenger(name=P-7), Passenger(name=P-0)], duration=9, distance=10.0, discount=0.4), Trip(driver=Driver(name=D-2), passengers=[Passenger(name=P-12)], duration=2, distance=16.0, discount=null)), (Trip(driver=Driver(name=D-4), passengers=[Passenger(name=P-12), Passenger(name=P-19), Passenger(name=P-7), Passenger(name=P-0)], duration=9, distance=10.0, discount=0.4), Trip(driver=Driver(name=D-6), passengers=[Passenger(name=P-13), Passenger(name=P-18)], duration=12, distance=14.0, discount=null)), (Trip(driver=Driver(name=D-4), passengers=[Passenger(name=P-12), Passenger(name=P-19), Passenger(name=P-7), Passenger(name=P-0)], duration=9, distance=10.0, discount=0.4), Trip(driver=Driver(name=D-8), passengers=[Passenger(name=P-19)], duration=1, distance=13.0, discount=0.4)), (Trip(driver=Driver(name=D-4), passengers=[Passenger(name=P-12), Passenger(name=P-19), Passenger(name=P-7), Passenger(name=P-0)], duration=9, distance=10.0, discount=0.4), Trip(driver=Driver(name=D-6), passengers=[Passenger(name=P-9), Passenger(name=P-13), Passenger(name=P-1), Passenger(name=P-19)], duration=5, distance=14.0, discount=0.2)), (Trip(driver=Driver(name=D-4), passengers=[Passenger(name=P-12), Passenger(name=P-19), Passenger(name=P-7), Passenger(name=P-0)], duration=9, distance=10.0, discount=0.4), Trip(driver=Driver(name=D-4), passengers=[Passenger(name=P-8)], duration=15, distance=8.0, discount=0.2)), (Trip(driver=Driver(name=D-4), passengers=[Passenger(name=P-12), Passenger(name=P-19), Passenger(name=P-7), Passenger(name=P-0)], duration=9, distance=10.0, discount=0.4), Trip(driver=Driver(name=D-6), passengers=[Passenger(name=P-16), Passenger(name=P-15)], duration=9, distance=4.0, discount=null)), (Trip(driver=Driver(name=D-4), passengers=[Passenger(name=P-12), Passenger(name=P-19), Passenger(name=P-7), Passenger(name=P-0)], duration=9, distance=10.0, discount=0.4), Trip(driver=Driver(name=D-2), passengers=[Passenger(name=P-14), Passenger(name=P-0)], duration=7, distance=2.0, discount=null)), (Trip(driver=Driver(name=D-4), passengers=[Passenger(name=P-12), Passenger(name=P-19), Passenger(name=P-7), Passenger(name=P-0)], duration=9, distance=10.0, discount=0.4), Trip(driver=Driver(name=D-5), passengers=[Passenger(name=P-18)], duration=7, distance=19.0, discount=null)), (Trip(driver=Driver(name=D-4), passengers=[Passenger(name=P-12), Passenger(name=P-19), Passenger(name=P-7), Passenger(name=P-0)], duration=9, distance=10.0, discount=0.4), Trip(driver=Driver(name=D-9), passengers=[Passenger(name=P-15)], duration=15, distance=10.0, discount=0.4)), (Trip(driver=Driver(name=D-4), passengers=[Passenger(name=P-12), Passenger(name=P-19), Passenger(name=P-7), Passenger(name=P-0)], duration=9, distance=10.0, discount=0.4), Trip(driver=Driver(name=D-7), passengers=[Passenger(name=P-7), Passenger(name=P-18)], duration=12, distance=11.0, discount=null)), (Trip(driver=Driver(name=D-4), passengers=[Passenger(name=P-12), Passenger(name=P-19), Passenger(name=P-7), Passenger(name=P-0)], duration=9, distance=10.0, discount=0.4), Trip(driver=Driver(name=D-3), passengers=[Passenger(name=P-10), Passenger(name=P-19), Passenger(name=P-17)], duration=10, distance=7.0, discount=null)), (Trip(driver=Driver(name=D-4), passengers=[Passenger(name=P-12), Passenger(name=P-19), Passenger(name=P-7), Passenger(name=P-0)], duration=9, distance=10.0, discount=0.4), Trip(driver=Driver(name=D-3), passengers=[Passenger(name=P-10)], duration=18, distance=10.0, discount=0.2)), (Trip(driver=Driver(name=D-4), passengers=[Passenger(name=P-12), Passenger(name=P-19), Passenger(name=P-7), Passenger(name=P-0)], duration=9, distance=10.0, discount=0.4), Trip(driver=Driver(name=D-8), passengers=[Passenger(name=P-9), Passenger(name=P-15), Passenger(name=P-16), Passenger(name=P-19)], duration=19, distance=12.0, discount=0.3)), (Trip(driver=Driver(name=D-4), passengers=[Passenger(name=P-12), Passenger(name=P-19), Passenger(name=P-7), Passenger(name=P-0)], duration=9, distance=10.0, discount=0.4), Trip(driver=Driver(name=D-5), passengers=[Passenger(name=P-13)], duration=16, distance=11.0, discount=0.3))]
item [(Trip(driver=Driver(name=D-7), passengers=[Passenger(name=P-16)], duration=11, distance=12.0, discount=0.1), Trip(driver=Driver(name=D-0), passengers=[Passenger(name=P-15), Passenger(name=P-14), Passenger(name=P-10)], duration=0, distance=19.0, discount=null)), (Trip(driver=Driver(name=D-7), passengers=[Passenger(name=P-16)], duration=11, distance=12.0, discount=0.1), Trip(driver=Driver(name=D-0), passengers=[Passenger(name=P-18), Passenger(name=P-8), Passenger(name=P-7), Passenger(name=P-14)], duration=15, distance=1.0, discount=null)), (Trip(driver=Driver(name=D-7), passengers=[Passenger(name=P-16)], duration=11, distance=12.0, discount=0.1), Trip(driver=Driver(name=D-9), passengers=[Passenger(name=P-4), Passenger(name=P-19), Passenger(name=P-0)], duration=9, distance=15.0, discount=null)), (Trip(driver=Driver(name=D-7), passengers=[Passenger(name=P-16)], duration=11, distance=12.0, discount=0.1), Trip(driver=Driver(name=D-0), passengers=[Passenger(name=P-12), Passenger(name=P-7), Passenger(name=P-2)], duration=13, distance=19.0, discount=0.3)), (Trip(driver=Driver(name=D-7), passengers=[Passenger(name=P-16)], duration=11, distance=12.0, discount=0.1), Trip(driver=Driver(name=D-6), passengers=[Passenger(name=P-11), Passenger(name=P-8)], duration=14, distance=19.0, discount=null)), (Trip(driver=Driver(name=D-7), passengers=[Passenger(name=P-16)], duration=11, distance=12.0, discount=0.1), Trip(driver=Driver(name=D-0), passengers=[Passenger(name=P-2)], duration=12, distance=14.0, discount=0.3)), (Trip(driver=Driver(name=D-7), passengers=[Passenger(name=P-16)], duration=11, distance=12.0, discount=0.1), Trip(driver=Driver(name=D-8), passengers=[Passenger(name=P-1), Passenger(name=P-17), Passenger(name=P-9), Passenger(name=P-10)], duration=16, distance=3.0, discount=null)), (Trip(driver=Driver(name=D-7), passengers=[Passenger(name=P-16)], duration=11, distance=12.0, discount=0.1), Trip(driver=Driver(name=D-0), passengers=[Passenger(name=P-17)], duration=10, distance=6.0, discount=0.4)), (Trip(driver=Driver(name=D-7), passengers=[Passenger(name=P-16)], duration=11, distance=12.0, discount=0.1), Trip(driver=Driver(name=D-1), passengers=[Passenger(name=P-8), Passenger(name=P-1)], duration=7, distance=5.0, discount=null)), (Trip(driver=Driver(name=D-7), passengers=[Passenger(name=P-16)], duration=11, distance=12.0, discount=0.1), Trip(driver=Driver(name=D-9), passengers=[Passenger(name=P-6)], duration=3, distance=6.0, discount=null)), (Trip(driver=Driver(name=D-7), passengers=[Passenger(name=P-16)], duration=11, distance=12.0, discount=0.1), Trip(driver=Driver(name=D-4), passengers=[Passenger(name=P-12), Passenger(name=P-19), Passenger(name=P-7), Passenger(name=P-0)], duration=9, distance=10.0, discount=0.4)), (Trip(driver=Driver(name=D-7), passengers=[Passenger(name=P-16)], duration=11, distance=12.0, discount=0.1), Trip(driver=Driver(name=D-7), passengers=[Passenger(name=P-16)], duration=11, distance=12.0, discount=0.1)), (Trip(driver=Driver(name=D-7), passengers=[Passenger(name=P-16)], duration=11, distance=12.0, discount=0.1), Trip(driver=Driver(name=D-9), passengers=[Passenger(name=P-6), Passenger(name=P-14)], duration=9, distance=7.0, discount=null)), (Trip(driver=Driver(name=D-7), passengers=[Passenger(name=P-16)], duration=11, distance=12.0, discount=0.1), Trip(driver=Driver(name=D-5), passengers=[Passenger(name=P-4)], duration=1, distance=16.0, discount=0.4)), (Trip(driver=Driver(name=D-7), passengers=[Passenger(name=P-16)], duration=11, distance=12.0, discount=0.1), Trip(driver=Driver(name=D-2), passengers=[Passenger(name=P-15), Passenger(name=P-7), Passenger(name=P-12)], duration=9, distance=6.0, discount=null)), (Trip(driver=Driver(name=D-7), passengers=[Passenger(name=P-16)], duration=11, distance=12.0, discount=0.1), Trip(driver=Driver(name=D-1), passengers=[Passenger(name=P-13)], duration=2, distance=7.0, discount=0.1)), (Trip(driver=Driver(name=D-7), passengers=[Passenger(name=P-16)], duration=11, distance=12.0, discount=0.1), Trip(driver=Driver(name=D-5), passengers=[Passenger(name=P-0), Passenger(name=P-18), Passenger(name=P-3)], duration=10, distance=11.0, discount=null)), (Trip(driver=Driver(name=D-7), passengers=[Passenger(name=P-16)], duration=11, distance=12.0, discount=0.1), Trip(driver=Driver(name=D-0), passengers=[Passenger(name=P-9)], duration=6, distance=18.0, discount=0.4)), (Trip(driver=Driver(name=D-7), passengers=[Passenger(name=P-16)], duration=11, distance=12.0, discount=0.1), Trip(driver=Driver(name=D-1), passengers=[Passenger(name=P-9), Passenger(name=P-0), Passenger(name=P-3), Passenger(name=P-14)], duration=0, distance=15.0, discount=null)), (Trip(driver=Driver(name=D-7), passengers=[Passenger(name=P-16)], duration=11, distance=12.0, discount=0.1), Trip(driver=Driver(name=D-1), passengers=[Passenger(name=P-10)], duration=17, distance=15.0, discount=null)), (Trip(driver=Driver(name=D-7), passengers=[Passenger(name=P-16)], duration=11, distance=12.0, discount=0.1), Trip(driver=Driver(name=D-6), passengers=[Passenger(name=P-0), Passenger(name=P-18), Passenger(name=P-13)], duration=3, distance=5.0, discount=null)), (Trip(driver=Driver(name=D-7), passengers=[Passenger(name=P-16)], duration=11, distance=12.0, discount=0.1), Trip(driver=Driver(name=D-7), passengers=[Passenger(name=P-19), Passenger(name=P-10)], duration=0, distance=8.0, discount=null)), (Trip(driver=Driver(name=D-7), passengers=[Passenger(name=P-16)], duration=11, distance=12.0, discount=0.1), Trip(driver=Driver(name=D-8), passengers=[Passenger(name=P-4), Passenger(name=P-15)], duration=9, distance=17.0, discount=0.1)), (Trip(driver=Driver(name=D-7), passengers=[Passenger(name=P-16)], duration=11, distance=12.0, discount=0.1), Trip(driver=Driver(name=D-6), passengers=[Passenger(name=P-15)], duration=13, distance=1.0, discount=null)), (Trip(driver=Driver(name=D-7), passengers=[Passenger(name=P-16)], duration=11, distance=12.0, discount=0.1), Trip(driver=Driver(name=D-2), passengers=[Passenger(name=P-3)], duration=13, distance=15.0, discount=0.2)), (Trip(driver=Driver(name=D-7), passengers=[Passenger(name=P-16)], duration=11, distance=12.0, discount=0.1), Trip(driver=Driver(name=D-3), passengers=[Passenger(name=P-13), Passenger(name=P-11), Passenger(name=P-15)], duration=2, distance=9.0, discount=null)), (Trip(driver=Driver(name=D-7), passengers=[Passenger(name=P-16)], duration=11, distance=12.0, discount=0.1), Trip(driver=Driver(name=D-2), passengers=[Passenger(name=P-12)], duration=2, distance=16.0, discount=null)), (Trip(driver=Driver(name=D-7), passengers=[Passenger(name=P-16)], duration=11, distance=12.0, discount=0.1), Trip(driver=Driver(name=D-6), passengers=[Passenger(name=P-13), Passenger(name=P-18)], duration=12, distance=14.0, discount=null)), (Trip(driver=Driver(name=D-7), passengers=[Passenger(name=P-16)], duration=11, distance=12.0, discount=0.1), Trip(driver=Driver(name=D-8), passengers=[Passenger(name=P-19)], duration=1, distance=13.0, discount=0.4)), (Trip(driver=Driver(name=D-7), passengers=[Passenger(name=P-16)], duration=11, distance=12.0, discount=0.1), Trip(driver=Driver(name=D-6), passengers=[Passenger(name=P-9), Passenger(name=P-13), Passenger(name=P-1), Passenger(name=P-19)], duration=5, distance=14.0, discount=0.2)), (Trip(driver=Driver(name=D-7), passengers=[Passenger(name=P-16)], duration=11, distance=12.0, discount=0.1), Trip(driver=Driver(name=D-4), passengers=[Passenger(name=P-8)], duration=15, distance=8.0, discount=0.2)), (Trip(driver=Driver(name=D-7), passengers=[Passenger(name=P-16)], duration=11, distance=12.0, discount=0.1), Trip(driver=Driver(name=D-6), passengers=[Passenger(name=P-16), Passenger(name=P-15)], duration=9, distance=4.0, discount=null)), (Trip(driver=Driver(name=D-7), passengers=[Passenger(name=P-16)], duration=11, distance=12.0, discount=0.1), Trip(driver=Driver(name=D-2), passengers=[Passenger(name=P-14), Passenger(name=P-0)], duration=7, distance=2.0, discount=null)), (Trip(driver=Driver(name=D-7), passengers=[Passenger(name=P-16)], duration=11, distance=12.0, discount=0.1), Trip(driver=Driver(name=D-5), passengers=[Passenger(name=P-18)], duration=7, distance=19.0, discount=null)), (Trip(driver=Driver(name=D-7), passengers=[Passenger(name=P-16)], duration=11, distance=12.0, discount=0.1), Trip(driver=Driver(name=D-9), passengers=[Passenger(name=P-15)], duration=15, distance=10.0, discount=0.4)), (Trip(driver=Driver(name=D-7), passengers=[Passenger(name=P-16)], duration=11, distance=12.0, discount=0.1), Trip(driver=Driver(name=D-7), passengers=[Passenger(name=P-7), Passenger(name=P-18)], duration=12, distance=11.0, discount=null)), (Trip(driver=Driver(name=D-7), passengers=[Passenger(name=P-16)], duration=11, distance=12.0, discount=0.1), Trip(driver=Driver(name=D-3), passengers=[Passenger(name=P-10), Passenger(name=P-19), Passenger(name=P-17)], duration=10, distance=7.0, discount=null)), (Trip(driver=Driver(name=D-7), passengers=[Passenger(name=P-16)], duration=11, distance=12.0, discount=0.1), Trip(driver=Driver(name=D-3), passengers=[Passenger(name=P-10)], duration=18, distance=10.0, discount=0.2)), (Trip(driver=Driver(name=D-7), passengers=[Passenger(name=P-16)], duration=11, distance=12.0, discount=0.1), Trip(driver=Driver(name=D-8), passengers=[Passenger(name=P-9), Passenger(name=P-15), Passenger(name=P-16), Passenger(name=P-19)], duration=19, distance=12.0, discount=0.3)), (Trip(driver=Driver(name=D-7), passengers=[Passenger(name=P-16)], duration=11, distance=12.0, discount=0.1), Trip(driver=Driver(name=D-5), passengers=[Passenger(name=P-13)], duration=16, distance=11.0, discount=0.3))]
item [(Trip(driver=Driver(name=D-9), passengers=[Passenger(name=P-6), Passenger(name=P-14)], duration=9, distance=7.0, discount=null), Trip(driver=Driver(name=D-0), passengers=[Passenger(name=P-15), Passenger(name=P-14), Passenger(name=P-10)], duration=0, distance=19.0, discount=null)), (Trip(driver=Driver(name=D-9), passengers=[Passenger(name=P-6), Passenger(name=P-14)], duration=9, distance=7.0, discount=null), Trip(driver=Driver(name=D-0), passengers=[Passenger(name=P-18), Passenger(name=P-8), Passenger(name=P-7), Passenger(name=P-14)], duration=15, distance=1.0, discount=null)), (Trip(driver=Driver(name=D-9), passengers=[Passenger(name=P-6), Passenger(name=P-14)], duration=9, distance=7.0, discount=null), Trip(driver=Driver(name=D-9), passengers=[Passenger(name=P-4), Passenger(name=P-19), Passenger(name=P-0)], duration=9, distance=15.0, discount=null)), (Trip(driver=Driver(name=D-9), passengers=[Passenger(name=P-6), Passenger(name=P-14)], duration=9, distance=7.0, discount=null), Trip(driver=Driver(name=D-0), passengers=[Passenger(name=P-12), Passenger(name=P-7), Passenger(name=P-2)], duration=13, distance=19.0, discount=0.3)), (Trip(driver=Driver(name=D-9), passengers=[Passenger(name=P-6), Passenger(name=P-14)], duration=9, distance=7.0, discount=null), Trip(driver=Driver(name=D-6), passengers=[Passenger(name=P-11), Passenger(name=P-8)], duration=14, distance=19.0, discount=null)), (Trip(driver=Driver(name=D-9), passengers=[Passenger(name=P-6), Passenger(name=P-14)], duration=9, distance=7.0, discount=null), Trip(driver=Driver(name=D-0), passengers=[Passenger(name=P-2)], duration=12, distance=14.0, discount=0.3)), (Trip(driver=Driver(name=D-9), passengers=[Passenger(name=P-6), Passenger(name=P-14)], duration=9, distance=7.0, discount=null), Trip(driver=Driver(name=D-8), passengers=[Passenger(name=P-1), Passenger(name=P-17), Passenger(name=P-9), Passenger(name=P-10)], duration=16, distance=3.0, discount=null)), (Trip(driver=Driver(name=D-9), passengers=[Passenger(name=P-6), Passenger(name=P-14)], duration=9, distance=7.0, discount=null), Trip(driver=Driver(name=D-0), passengers=[Passenger(name=P-17)], duration=10, distance=6.0, discount=0.4)), (Trip(driver=Driver(name=D-9), passengers=[Passenger(name=P-6), Passenger(name=P-14)], duration=9, distance=7.0, discount=null), Trip(driver=Driver(name=D-1), passengers=[Passenger(name=P-8), Passenger(name=P-1)], duration=7, distance=5.0, discount=null)), (Trip(driver=Driver(name=D-9), passengers=[Passenger(name=P-6), Passenger(name=P-14)], duration=9, distance=7.0, discount=null), Trip(driver=Driver(name=D-9), passengers=[Passenger(name=P-6)], duration=3, distance=6.0, discount=null)), (Trip(driver=Driver(name=D-9), passengers=[Passenger(name=P-6), Passenger(name=P-14)], duration=9, distance=7.0, discount=null), Trip(driver=Driver(name=D-4), passengers=[Passenger(name=P-12), Passenger(name=P-19), Passenger(name=P-7), Passenger(name=P-0)], duration=9, distance=10.0, discount=0.4)), (Trip(driver=Driver(name=D-9), passengers=[Passenger(name=P-6), Passenger(name=P-14)], duration=9, distance=7.0, discount=null), Trip(driver=Driver(name=D-7), passengers=[Passenger(name=P-16)], duration=11, distance=12.0, discount=0.1)), (Trip(driver=Driver(name=D-9), passengers=[Passenger(name=P-6), Passenger(name=P-14)], duration=9, distance=7.0, discount=null), Trip(driver=Driver(name=D-9), passengers=[Passenger(name=P-6), Passenger(name=P-14)], duration=9, distance=7.0, discount=null)), (Trip(driver=Driver(name=D-9), passengers=[Passenger(name=P-6), Passenger(name=P-14)], duration=9, distance=7.0, discount=null), Trip(driver=Driver(name=D-5), passengers=[Passenger(name=P-4)], duration=1, distance=16.0, discount=0.4)), (Trip(driver=Driver(name=D-9), passengers=[Passenger(name=P-6), Passenger(name=P-14)], duration=9, distance=7.0, discount=null), Trip(driver=Driver(name=D-2), passengers=[Passenger(name=P-15), Passenger(name=P-7), Passenger(name=P-12)], duration=9, distance=6.0, discount=null)), (Trip(driver=Driver(name=D-9), passengers=[Passenger(name=P-6), Passenger(name=P-14)], duration=9, distance=7.0, discount=null), Trip(driver=Driver(name=D-1), passengers=[Passenger(name=P-13)], duration=2, distance=7.0, discount=0.1)), (Trip(driver=Driver(name=D-9), passengers=[Passenger(name=P-6), Passenger(name=P-14)], duration=9, distance=7.0, discount=null), Trip(driver=Driver(name=D-5), passengers=[Passenger(name=P-0), Passenger(name=P-18), Passenger(name=P-3)], duration=10, distance=11.0, discount=null)), (Trip(driver=Driver(name=D-9), passengers=[Passenger(name=P-6), Passenger(name=P-14)], duration=9, distance=7.0, discount=null), Trip(driver=Driver(name=D-0), passengers=[Passenger(name=P-9)], duration=6, distance=18.0, discount=0.4)), (Trip(driver=Driver(name=D-9), passengers=[Passenger(name=P-6), Passenger(name=P-14)], duration=9, distance=7.0, discount=null), Trip(driver=Driver(name=D-1), passengers=[Passenger(name=P-9), Passenger(name=P-0), Passenger(name=P-3), Passenger(name=P-14)], duration=0, distance=15.0, discount=null)), (Trip(driver=Driver(name=D-9), passengers=[Passenger(name=P-6), Passenger(name=P-14)], duration=9, distance=7.0, discount=null), Trip(driver=Driver(name=D-1), passengers=[Passenger(name=P-10)], duration=17, distance=15.0, discount=null)), (Trip(driver=Driver(name=D-9), passengers=[Passenger(name=P-6), Passenger(name=P-14)], duration=9, distance=7.0, discount=null), Trip(driver=Driver(name=D-6), passengers=[Passenger(name=P-0), Passenger(name=P-18), Passenger(name=P-13)], duration=3, distance=5.0, discount=null)), (Trip(driver=Driver(name=D-9), passengers=[Passenger(name=P-6), Passenger(name=P-14)], duration=9, distance=7.0, discount=null), Trip(driver=Driver(name=D-7), passengers=[Passenger(name=P-19), Passenger(name=P-10)], duration=0, distance=8.0, discount=null)), (Trip(driver=Driver(name=D-9), passengers=[Passenger(name=P-6), Passenger(name=P-14)], duration=9, distance=7.0, discount=null), Trip(driver=Driver(name=D-8), passengers=[Passenger(name=P-4), Passenger(name=P-15)], duration=9, distance=17.0, discount=0.1)), (Trip(driver=Driver(name=D-9), passengers=[Passenger(name=P-6), Passenger(name=P-14)], duration=9, distance=7.0, discount=null), Trip(driver=Driver(name=D-6), passengers=[Passenger(name=P-15)], duration=13, distance=1.0, discount=null)), (Trip(driver=Driver(name=D-9), passengers=[Passenger(name=P-6), Passenger(name=P-14)], duration=9, distance=7.0, discount=null), Trip(driver=Driver(name=D-2), passengers=[Passenger(name=P-3)], duration=13, distance=15.0, discount=0.2)), (Trip(driver=Driver(name=D-9), passengers=[Passenger(name=P-6), Passenger(name=P-14)], duration=9, distance=7.0, discount=null), Trip(driver=Driver(name=D-3), passengers=[Passenger(name=P-13), Passenger(name=P-11), Passenger(name=P-15)], duration=2, distance=9.0, discount=null)), (Trip(driver=Driver(name=D-9), passengers=[Passenger(name=P-6), Passenger(name=P-14)], duration=9, distance=7.0, discount=null), Trip(driver=Driver(name=D-2), passengers=[Passenger(name=P-12)], duration=2, distance=16.0, discount=null)), (Trip(driver=Driver(name=D-9), passengers=[Passenger(name=P-6), Passenger(name=P-14)], duration=9, distance=7.0, discount=null), Trip(driver=Driver(name=D-6), passengers=[Passenger(name=P-13), Passenger(name=P-18)], duration=12, distance=14.0, discount=null)), (Trip(driver=Driver(name=D-9), passengers=[Passenger(name=P-6), Passenger(name=P-14)], duration=9, distance=7.0, discount=null), Trip(driver=Driver(name=D-8), passengers=[Passenger(name=P-19)], duration=1, distance=13.0, discount=0.4)), (Trip(driver=Driver(name=D-9), passengers=[Passenger(name=P-6), Passenger(name=P-14)], duration=9, distance=7.0, discount=null), Trip(driver=Driver(name=D-6), passengers=[Passenger(name=P-9), Passenger(name=P-13), Passenger(name=P-1), Passenger(name=P-19)], duration=5, distance=14.0, discount=0.2)), (Trip(driver=Driver(name=D-9), passengers=[Passenger(name=P-6), Passenger(name=P-14)], duration=9, distance=7.0, discount=null), Trip(driver=Driver(name=D-4), passengers=[Passenger(name=P-8)], duration=15, distance=8.0, discount=0.2)), (Trip(driver=Driver(name=D-9), passengers=[Passenger(name=P-6), Passenger(name=P-14)], duration=9, distance=7.0, discount=null), Trip(driver=Driver(name=D-6), passengers=[Passenger(name=P-16), Passenger(name=P-15)], duration=9, distance=4.0, discount=null)), (Trip(driver=Driver(name=D-9), passengers=[Passenger(name=P-6), Passenger(name=P-14)], duration=9, distance=7.0, discount=null), Trip(driver=Driver(name=D-2), passengers=[Passenger(name=P-14), Passenger(name=P-0)], duration=7, distance=2.0, discount=null)), (Trip(driver=Driver(name=D-9), passengers=[Passenger(name=P-6), Passenger(name=P-14)], duration=9, distance=7.0, discount=null), Trip(driver=Driver(name=D-5), passengers=[Passenger(name=P-18)], duration=7, distance=19.0, discount=null)), (Trip(driver=Driver(name=D-9), passengers=[Passenger(name=P-6), Passenger(name=P-14)], duration=9, distance=7.0, discount=null), Trip(driver=Driver(name=D-9), passengers=[Passenger(name=P-15)], duration=15, distance=10.0, discount=0.4)), (Trip(driver=Driver(name=D-9), passengers=[Passenger(name=P-6), Passenger(name=P-14)], duration=9, distance=7.0, discount=null), Trip(driver=Driver(name=D-7), passengers=[Passenger(name=P-7), Passenger(name=P-18)], duration=12, distance=11.0, discount=null)), (Trip(driver=Driver(name=D-9), passengers=[Passenger(name=P-6), Passenger(name=P-14)], duration=9, distance=7.0, discount=null), Trip(driver=Driver(name=D-3), passengers=[Passenger(name=P-10), Passenger(name=P-19), Passenger(name=P-17)], duration=10, distance=7.0, discount=null)), (Trip(driver=Driver(name=D-9), passengers=[Passenger(name=P-6), Passenger(name=P-14)], duration=9, distance=7.0, discount=null), Trip(driver=Driver(name=D-3), passengers=[Passenger(name=P-10)], duration=18, distance=10.0, discount=0.2)), (Trip(driver=Driver(name=D-9), passengers=[Passenger(name=P-6), Passenger(name=P-14)], duration=9, distance=7.0, discount=null), Trip(driver=Driver(name=D-8), passengers=[Passenger(name=P-9), Passenger(name=P-15), Passenger(name=P-16), Passenger(name=P-19)], duration=19, distance=12.0, discount=0.3)), (Trip(driver=Driver(name=D-9), passengers=[Passenger(name=P-6), Passenger(name=P-14)], duration=9, distance=7.0, discount=null), Trip(driver=Driver(name=D-5), passengers=[Passenger(name=P-13)], duration=16, distance=11.0, discount=0.3))]
item [(Trip(driver=Driver(name=D-5), passengers=[Passenger(name=P-4)], duration=1, distance=16.0, discount=0.4), Trip(driver=Driver(name=D-0), passengers=[Passenger(name=P-15), Passenger(name=P-14), Passenger(name=P-10)], duration=0, distance=19.0, discount=null)), (Trip(driver=Driver(name=D-5), passengers=[Passenger(name=P-4)], duration=1, distance=16.0, discount=0.4), Trip(driver=Driver(name=D-0), passengers=[Passenger(name=P-18), Passenger(name=P-8), Passenger(name=P-7), Passenger(name=P-14)], duration=15, distance=1.0, discount=null)), (Trip(driver=Driver(name=D-5), passengers=[Passenger(name=P-4)], duration=1, distance=16.0, discount=0.4), Trip(driver=Driver(name=D-9), passengers=[Passenger(name=P-4), Passenger(name=P-19), Passenger(name=P-0)], duration=9, distance=15.0, discount=null)), (Trip(driver=Driver(name=D-5), passengers=[Passenger(name=P-4)], duration=1, distance=16.0, discount=0.4), Trip(driver=Driver(name=D-0), passengers=[Passenger(name=P-12), Passenger(name=P-7), Passenger(name=P-2)], duration=13, distance=19.0, discount=0.3)), (Trip(driver=Driver(name=D-5), passengers=[Passenger(name=P-4)], duration=1, distance=16.0, discount=0.4), Trip(driver=Driver(name=D-6), passengers=[Passenger(name=P-11), Passenger(name=P-8)], duration=14, distance=19.0, discount=null)), (Trip(driver=Driver(name=D-5), passengers=[Passenger(name=P-4)], duration=1, distance=16.0, discount=0.4), Trip(driver=Driver(name=D-0), passengers=[Passenger(name=P-2)], duration=12, distance=14.0, discount=0.3)), (Trip(driver=Driver(name=D-5), passengers=[Passenger(name=P-4)], duration=1, distance=16.0, discount=0.4), Trip(driver=Driver(name=D-8), passengers=[Passenger(name=P-1), Passenger(name=P-17), Passenger(name=P-9), Passenger(name=P-10)], duration=16, distance=3.0, discount=null)), (Trip(driver=Driver(name=D-5), passengers=[Passenger(name=P-4)], duration=1, distance=16.0, discount=0.4), Trip(driver=Driver(name=D-0), passengers=[Passenger(name=P-17)], duration=10, distance=6.0, discount=0.4)), (Trip(driver=Driver(name=D-5), passengers=[Passenger(name=P-4)], duration=1, distance=16.0, discount=0.4), Trip(driver=Driver(name=D-1), passengers=[Passenger(name=P-8), Passenger(name=P-1)], duration=7, distance=5.0, discount=null)), (Trip(driver=Driver(name=D-5), passengers=[Passenger(name=P-4)], duration=1, distance=16.0, discount=0.4), Trip(driver=Driver(name=D-9), passengers=[Passenger(name=P-6)], duration=3, distance=6.0, discount=null)), (Trip(driver=Driver(name=D-5), passengers=[Passenger(name=P-4)], duration=1, distance=16.0, discount=0.4), Trip(driver=Driver(name=D-4), passengers=[Passenger(name=P-12), Passenger(name=P-19), Passenger(name=P-7), Passenger(name=P-0)], duration=9, distance=10.0, discount=0.4)), (Trip(driver=Driver(name=D-5), passengers=[Passenger(name=P-4)], duration=1, distance=16.0, discount=0.4), Trip(driver=Driver(name=D-7), passengers=[Passenger(name=P-16)], duration=11, distance=12.0, discount=0.1)), (Trip(driver=Driver(name=D-5), passengers=[Passenger(name=P-4)], duration=1, distance=16.0, discount=0.4), Trip(driver=Driver(name=D-9), passengers=[Passenger(name=P-6), Passenger(name=P-14)], duration=9, distance=7.0, discount=null)), (Trip(driver=Driver(name=D-5), passengers=[Passenger(name=P-4)], duration=1, distance=16.0, discount=0.4), Trip(driver=Driver(name=D-5), passengers=[Passenger(name=P-4)], duration=1, distance=16.0, discount=0.4)), (Trip(driver=Driver(name=D-5), passengers=[Passenger(name=P-4)], duration=1, distance=16.0, discount=0.4), Trip(driver=Driver(name=D-2), passengers=[Passenger(name=P-15), Passenger(name=P-7), Passenger(name=P-12)], duration=9, distance=6.0, discount=null)), (Trip(driver=Driver(name=D-5), passengers=[Passenger(name=P-4)], duration=1, distance=16.0, discount=0.4), Trip(driver=Driver(name=D-1), passengers=[Passenger(name=P-13)], duration=2, distance=7.0, discount=0.1)), (Trip(driver=Driver(name=D-5), passengers=[Passenger(name=P-4)], duration=1, distance=16.0, discount=0.4), Trip(driver=Driver(name=D-5), passengers=[Passenger(name=P-0), Passenger(name=P-18), Passenger(name=P-3)], duration=10, distance=11.0, discount=null)), (Trip(driver=Driver(name=D-5), passengers=[Passenger(name=P-4)], duration=1, distance=16.0, discount=0.4), Trip(driver=Driver(name=D-0), passengers=[Passenger(name=P-9)], duration=6, distance=18.0, discount=0.4)), (Trip(driver=Driver(name=D-5), passengers=[Passenger(name=P-4)], duration=1, distance=16.0, discount=0.4), Trip(driver=Driver(name=D-1), passengers=[Passenger(name=P-9), Passenger(name=P-0), Passenger(name=P-3), Passenger(name=P-14)], duration=0, distance=15.0, discount=null)), (Trip(driver=Driver(name=D-5), passengers=[Passenger(name=P-4)], duration=1, distance=16.0, discount=0.4), Trip(driver=Driver(name=D-1), passengers=[Passenger(name=P-10)], duration=17, distance=15.0, discount=null)), (Trip(driver=Driver(name=D-5), passengers=[Passenger(name=P-4)], duration=1, distance=16.0, discount=0.4), Trip(driver=Driver(name=D-6), passengers=[Passenger(name=P-0), Passenger(name=P-18), Passenger(name=P-13)], duration=3, distance=5.0, discount=null)), (Trip(driver=Driver(name=D-5), passengers=[Passenger(name=P-4)], duration=1, distance=16.0, discount=0.4), Trip(driver=Driver(name=D-7), passengers=[Passenger(name=P-19), Passenger(name=P-10)], duration=0, distance=8.0, discount=null)), (Trip(driver=Driver(name=D-5), passengers=[Passenger(name=P-4)], duration=1, distance=16.0, discount=0.4), Trip(driver=Driver(name=D-8), passengers=[Passenger(name=P-4), Passenger(name=P-15)], duration=9, distance=17.0, discount=0.1)), (Trip(driver=Driver(name=D-5), passengers=[Passenger(name=P-4)], duration=1, distance=16.0, discount=0.4), Trip(driver=Driver(name=D-6), passengers=[Passenger(name=P-15)], duration=13, distance=1.0, discount=null)), (Trip(driver=Driver(name=D-5), passengers=[Passenger(name=P-4)], duration=1, distance=16.0, discount=0.4), Trip(driver=Driver(name=D-2), passengers=[Passenger(name=P-3)], duration=13, distance=15.0, discount=0.2)), (Trip(driver=Driver(name=D-5), passengers=[Passenger(name=P-4)], duration=1, distance=16.0, discount=0.4), Trip(driver=Driver(name=D-3), passengers=[Passenger(name=P-13), Passenger(name=P-11), Passenger(name=P-15)], duration=2, distance=9.0, discount=null)), (Trip(driver=Driver(name=D-5), passengers=[Passenger(name=P-4)], duration=1, distance=16.0, discount=0.4), Trip(driver=Driver(name=D-2), passengers=[Passenger(name=P-12)], duration=2, distance=16.0, discount=null)), (Trip(driver=Driver(name=D-5), passengers=[Passenger(name=P-4)], duration=1, distance=16.0, discount=0.4), Trip(driver=Driver(name=D-6), passengers=[Passenger(name=P-13), Passenger(name=P-18)], duration=12, distance=14.0, discount=null)), (Trip(driver=Driver(name=D-5), passengers=[Passenger(name=P-4)], duration=1, distance=16.0, discount=0.4), Trip(driver=Driver(name=D-8), passengers=[Passenger(name=P-19)], duration=1, distance=13.0, discount=0.4)), (Trip(driver=Driver(name=D-5), passengers=[Passenger(name=P-4)], duration=1, distance=16.0, discount=0.4), Trip(driver=Driver(name=D-6), passengers=[Passenger(name=P-9), Passenger(name=P-13), Passenger(name=P-1), Passenger(name=P-19)], duration=5, distance=14.0, discount=0.2)), (Trip(driver=Driver(name=D-5), passengers=[Passenger(name=P-4)], duration=1, distance=16.0, discount=0.4), Trip(driver=Driver(name=D-4), passengers=[Passenger(name=P-8)], duration=15, distance=8.0, discount=0.2)), (Trip(driver=Driver(name=D-5), passengers=[Passenger(name=P-4)], duration=1, distance=16.0, discount=0.4), Trip(driver=Driver(name=D-6), passengers=[Passenger(name=P-16), Passenger(name=P-15)], duration=9, distance=4.0, discount=null)), (Trip(driver=Driver(name=D-5), passengers=[Passenger(name=P-4)], duration=1, distance=16.0, discount=0.4), Trip(driver=Driver(name=D-2), passengers=[Passenger(name=P-14), Passenger(name=P-0)], duration=7, distance=2.0, discount=null)), (Trip(driver=Driver(name=D-5), passengers=[Passenger(name=P-4)], duration=1, distance=16.0, discount=0.4), Trip(driver=Driver(name=D-5), passengers=[Passenger(name=P-18)], duration=7, distance=19.0, discount=null)), (Trip(driver=Driver(name=D-5), passengers=[Passenger(name=P-4)], duration=1, distance=16.0, discount=0.4), Trip(driver=Driver(name=D-9), passengers=[Passenger(name=P-15)], duration=15, distance=10.0, discount=0.4)), (Trip(driver=Driver(name=D-5), passengers=[Passenger(name=P-4)], duration=1, distance=16.0, discount=0.4), Trip(driver=Driver(name=D-7), passengers=[Passenger(name=P-7), Passenger(name=P-18)], duration=12, distance=11.0, discount=null)), (Trip(driver=Driver(name=D-5), passengers=[Passenger(name=P-4)], duration=1, distance=16.0, discount=0.4), Trip(driver=Driver(name=D-3), passengers=[Passenger(name=P-10), Passenger(name=P-19), Passenger(name=P-17)], duration=10, distance=7.0, discount=null)), (Trip(driver=Driver(name=D-5), passengers=[Passenger(name=P-4)], duration=1, distance=16.0, discount=0.4), Trip(driver=Driver(name=D-3), passengers=[Passenger(name=P-10)], duration=18, distance=10.0, discount=0.2)), (Trip(driver=Driver(name=D-5), passengers=[Passenger(name=P-4)], duration=1, distance=16.0, discount=0.4), Trip(driver=Driver(name=D-8), passengers=[Passenger(name=P-9), Passenger(name=P-15), Passenger(name=P-16), Passenger(name=P-19)], duration=19, distance=12.0, discount=0.3)), (Trip(driver=Driver(name=D-5), passengers=[Passenger(name=P-4)], duration=1, distance=16.0, discount=0.4), Trip(driver=Driver(name=D-5), passengers=[Passenger(name=P-13)], duration=16, distance=11.0, discount=0.3))]
item [(Trip(driver=Driver(name=D-2), passengers=[Passenger(name=P-15), Passenger(name=P-7), Passenger(name=P-12)], duration=9, distance=6.0, discount=null), Trip(driver=Driver(name=D-0), passengers=[Passenger(name=P-15), Passenger(name=P-14), Passenger(name=P-10)], duration=0, distance=19.0, discount=null)), (Trip(driver=Driver(name=D-2), passengers=[Passenger(name=P-15), Passenger(name=P-7), Passenger(name=P-12)], duration=9, distance=6.0, discount=null), Trip(driver=Driver(name=D-0), passengers=[Passenger(name=P-18), Passenger(name=P-8), Passenger(name=P-7), Passenger(name=P-14)], duration=15, distance=1.0, discount=null)), (Trip(driver=Driver(name=D-2), passengers=[Passenger(name=P-15), Passenger(name=P-7), Passenger(name=P-12)], duration=9, distance=6.0, discount=null), Trip(driver=Driver(name=D-9), passengers=[Passenger(name=P-4), Passenger(name=P-19), Passenger(name=P-0)], duration=9, distance=15.0, discount=null)), (Trip(driver=Driver(name=D-2), passengers=[Passenger(name=P-15), Passenger(name=P-7), Passenger(name=P-12)], duration=9, distance=6.0, discount=null), Trip(driver=Driver(name=D-0), passengers=[Passenger(name=P-12), Passenger(name=P-7), Passenger(name=P-2)], duration=13, distance=19.0, discount=0.3)), (Trip(driver=Driver(name=D-2), passengers=[Passenger(name=P-15), Passenger(name=P-7), Passenger(name=P-12)], duration=9, distance=6.0, discount=null), Trip(driver=Driver(name=D-6), passengers=[Passenger(name=P-11), Passenger(name=P-8)], duration=14, distance=19.0, discount=null)), (Trip(driver=Driver(name=D-2), passengers=[Passenger(name=P-15), Passenger(name=P-7), Passenger(name=P-12)], duration=9, distance=6.0, discount=null), Trip(driver=Driver(name=D-0), passengers=[Passenger(name=P-2)], duration=12, distance=14.0, discount=0.3)), (Trip(driver=Driver(name=D-2), passengers=[Passenger(name=P-15), Passenger(name=P-7), Passenger(name=P-12)], duration=9, distance=6.0, discount=null), Trip(driver=Driver(name=D-8), passengers=[Passenger(name=P-1), Passenger(name=P-17), Passenger(name=P-9), Passenger(name=P-10)], duration=16, distance=3.0, discount=null)), (Trip(driver=Driver(name=D-2), passengers=[Passenger(name=P-15), Passenger(name=P-7), Passenger(name=P-12)], duration=9, distance=6.0, discount=null), Trip(driver=Driver(name=D-0), passengers=[Passenger(name=P-17)], duration=10, distance=6.0, discount=0.4)), (Trip(driver=Driver(name=D-2), passengers=[Passenger(name=P-15), Passenger(name=P-7), Passenger(name=P-12)], duration=9, distance=6.0, discount=null), Trip(driver=Driver(name=D-1), passengers=[Passenger(name=P-8), Passenger(name=P-1)], duration=7, distance=5.0, discount=null)), (Trip(driver=Driver(name=D-2), passengers=[Passenger(name=P-15), Passenger(name=P-7), Passenger(name=P-12)], duration=9, distance=6.0, discount=null), Trip(driver=Driver(name=D-9), passengers=[Passenger(name=P-6)], duration=3, distance=6.0, discount=null)), (Trip(driver=Driver(name=D-2), passengers=[Passenger(name=P-15), Passenger(name=P-7), Passenger(name=P-12)], duration=9, distance=6.0, discount=null), Trip(driver=Driver(name=D-4), passengers=[Passenger(name=P-12), Passenger(name=P-19), Passenger(name=P-7), Passenger(name=P-0)], duration=9, distance=10.0, discount=0.4)), (Trip(driver=Driver(name=D-2), passengers=[Passenger(name=P-15), Passenger(name=P-7), Passenger(name=P-12)], duration=9, distance=6.0, discount=null), Trip(driver=Driver(name=D-7), passengers=[Passenger(name=P-16)], duration=11, distance=12.0, discount=0.1)), (Trip(driver=Driver(name=D-2), passengers=[Passenger(name=P-15), Passenger(name=P-7), Passenger(name=P-12)], duration=9, distance=6.0, discount=null), Trip(driver=Driver(name=D-9), passengers=[Passenger(name=P-6), Passenger(name=P-14)], duration=9, distance=7.0, discount=null)), (Trip(driver=Driver(name=D-2), passengers=[Passenger(name=P-15), Passenger(name=P-7), Passenger(name=P-12)], duration=9, distance=6.0, discount=null), Trip(driver=Driver(name=D-5), passengers=[Passenger(name=P-4)], duration=1, distance=16.0, discount=0.4)), (Trip(driver=Driver(name=D-2), passengers=[Passenger(name=P-15), Passenger(name=P-7), Passenger(name=P-12)], duration=9, distance=6.0, discount=null), Trip(driver=Driver(name=D-2), passengers=[Passenger(name=P-15), Passenger(name=P-7), Passenger(name=P-12)], duration=9, distance=6.0, discount=null)), (Trip(driver=Driver(name=D-2), passengers=[Passenger(name=P-15), Passenger(name=P-7), Passenger(name=P-12)], duration=9, distance=6.0, discount=null), Trip(driver=Driver(name=D-1), passengers=[Passenger(name=P-13)], duration=2, distance=7.0, discount=0.1)), (Trip(driver=Driver(name=D-2), passengers=[Passenger(name=P-15), Passenger(name=P-7), Passenger(name=P-12)], duration=9, distance=6.0, discount=null), Trip(driver=Driver(name=D-5), passengers=[Passenger(name=P-0), Passenger(name=P-18), Passenger(name=P-3)], duration=10, distance=11.0, discount=null)), (Trip(driver=Driver(name=D-2), passengers=[Passenger(name=P-15), Passenger(name=P-7), Passenger(name=P-12)], duration=9, distance=6.0, discount=null), Trip(driver=Driver(name=D-0), passengers=[Passenger(name=P-9)], duration=6, distance=18.0, discount=0.4)), (Trip(driver=Driver(name=D-2), passengers=[Passenger(name=P-15), Passenger(name=P-7), Passenger(name=P-12)], duration=9, distance=6.0, discount=null), Trip(driver=Driver(name=D-1), passengers=[Passenger(name=P-9), Passenger(name=P-0), Passenger(name=P-3), Passenger(name=P-14)], duration=0, distance=15.0, discount=null)), (Trip(driver=Driver(name=D-2), passengers=[Passenger(name=P-15), Passenger(name=P-7), Passenger(name=P-12)], duration=9, distance=6.0, discount=null), Trip(driver=Driver(name=D-1), passengers=[Passenger(name=P-10)], duration=17, distance=15.0, discount=null)), (Trip(driver=Driver(name=D-2), passengers=[Passenger(name=P-15), Passenger(name=P-7), Passenger(name=P-12)], duration=9, distance=6.0, discount=null), Trip(driver=Driver(name=D-6), passengers=[Passenger(name=P-0), Passenger(name=P-18), Passenger(name=P-13)], duration=3, distance=5.0, discount=null)), (Trip(driver=Driver(name=D-2), passengers=[Passenger(name=P-15), Passenger(name=P-7), Passenger(name=P-12)], duration=9, distance=6.0, discount=null), Trip(driver=Driver(name=D-7), passengers=[Passenger(name=P-19), Passenger(name=P-10)], duration=0, distance=8.0, discount=null)), (Trip(driver=Driver(name=D-2), passengers=[Passenger(name=P-15), Passenger(name=P-7), Passenger(name=P-12)], duration=9, distance=6.0, discount=null), Trip(driver=Driver(name=D-8), passengers=[Passenger(name=P-4), Passenger(name=P-15)], duration=9, distance=17.0, discount=0.1)), (Trip(driver=Driver(name=D-2), passengers=[Passenger(name=P-15), Passenger(name=P-7), Passenger(name=P-12)], duration=9, distance=6.0, discount=null), Trip(driver=Driver(name=D-6), passengers=[Passenger(name=P-15)], duration=13, distance=1.0, discount=null)), (Trip(driver=Driver(name=D-2), passengers=[Passenger(name=P-15), Passenger(name=P-7), Passenger(name=P-12)], duration=9, distance=6.0, discount=null), Trip(driver=Driver(name=D-2), passengers=[Passenger(name=P-3)], duration=13, distance=15.0, discount=0.2)), (Trip(driver=Driver(name=D-2), passengers=[Passenger(name=P-15), Passenger(name=P-7), Passenger(name=P-12)], duration=9, distance=6.0, discount=null), Trip(driver=Driver(name=D-3), passengers=[Passenger(name=P-13), Passenger(name=P-11), Passenger(name=P-15)], duration=2, distance=9.0, discount=null)), (Trip(driver=Driver(name=D-2), passengers=[Passenger(name=P-15), Passenger(name=P-7), Passenger(name=P-12)], duration=9, distance=6.0, discount=null), Trip(driver=Driver(name=D-2), passengers=[Passenger(name=P-12)], duration=2, distance=16.0, discount=null)), (Trip(driver=Driver(name=D-2), passengers=[Passenger(name=P-15), Passenger(name=P-7), Passenger(name=P-12)], duration=9, distance=6.0, discount=null), Trip(driver=Driver(name=D-6), passengers=[Passenger(name=P-13), Passenger(name=P-18)], duration=12, distance=14.0, discount=null)), (Trip(driver=Driver(name=D-2), passengers=[Passenger(name=P-15), Passenger(name=P-7), Passenger(name=P-12)], duration=9, distance=6.0, discount=null), Trip(driver=Driver(name=D-8), passengers=[Passenger(name=P-19)], duration=1, distance=13.0, discount=0.4)), (Trip(driver=Driver(name=D-2), passengers=[Passenger(name=P-15), Passenger(name=P-7), Passenger(name=P-12)], duration=9, distance=6.0, discount=null), Trip(driver=Driver(name=D-6), passengers=[Passenger(name=P-9), Passenger(name=P-13), Passenger(name=P-1), Passenger(name=P-19)], duration=5, distance=14.0, discount=0.2)), (Trip(driver=Driver(name=D-2), passengers=[Passenger(name=P-15), Passenger(name=P-7), Passenger(name=P-12)], duration=9, distance=6.0, discount=null), Trip(driver=Driver(name=D-4), passengers=[Passenger(name=P-8)], duration=15, distance=8.0, discount=0.2)), (Trip(driver=Driver(name=D-2), passengers=[Passenger(name=P-15), Passenger(name=P-7), Passenger(name=P-12)], duration=9, distance=6.0, discount=null), Trip(driver=Driver(name=D-6), passengers=[Passenger(name=P-16), Passenger(name=P-15)], duration=9, distance=4.0, discount=null)), (Trip(driver=Driver(name=D-2), passengers=[Passenger(name=P-15), Passenger(name=P-7), Passenger(name=P-12)], duration=9, distance=6.0, discount=null), Trip(driver=Driver(name=D-2), passengers=[Passenger(name=P-14), Passenger(name=P-0)], duration=7, distance=2.0, discount=null)), (Trip(driver=Driver(name=D-2), passengers=[Passenger(name=P-15), Passenger(name=P-7), Passenger(name=P-12)], duration=9, distance=6.0, discount=null), Trip(driver=Driver(name=D-5), passengers=[Passenger(name=P-18)], duration=7, distance=19.0, discount=null)), (Trip(driver=Driver(name=D-2), passengers=[Passenger(name=P-15), Passenger(name=P-7), Passenger(name=P-12)], duration=9, distance=6.0, discount=null), Trip(driver=Driver(name=D-9), passengers=[Passenger(name=P-15)], duration=15, distance=10.0, discount=0.4)), (Trip(driver=Driver(name=D-2), passengers=[Passenger(name=P-15), Passenger(name=P-7), Passenger(name=P-12)], duration=9, distance=6.0, discount=null), Trip(driver=Driver(name=D-7), passengers=[Passenger(name=P-7), Passenger(name=P-18)], duration=12, distance=11.0, discount=null)), (Trip(driver=Driver(name=D-2), passengers=[Passenger(name=P-15), Passenger(name=P-7), Passenger(name=P-12)], duration=9, distance=6.0, discount=null), Trip(driver=Driver(name=D-3), passengers=[Passenger(name=P-10), Passenger(name=P-19), Passenger(name=P-17)], duration=10, distance=7.0, discount=null)), (Trip(driver=Driver(name=D-2), passengers=[Passenger(name=P-15), Passenger(name=P-7), Passenger(name=P-12)], duration=9, distance=6.0, discount=null), Trip(driver=Driver(name=D-3), passengers=[Passenger(name=P-10)], duration=18, distance=10.0, discount=0.2)), (Trip(driver=Driver(name=D-2), passengers=[Passenger(name=P-15), Passenger(name=P-7), Passenger(name=P-12)], duration=9, distance=6.0, discount=null), Trip(driver=Driver(name=D-8), passengers=[Passenger(name=P-9), Passenger(name=P-15), Passenger(name=P-16), Passenger(name=P-19)], duration=19, distance=12.0, discount=0.3)), (Trip(driver=Driver(name=D-2), passengers=[Passenger(name=P-15), Passenger(name=P-7), Passenger(name=P-12)], duration=9, distance=6.0, discount=null), Trip(driver=Driver(name=D-5), passengers=[Passenger(name=P-13)], duration=16, distance=11.0, discount=0.3))]
item [(Trip(driver=Driver(name=D-1), passengers=[Passenger(name=P-13)], duration=2, distance=7.0, discount=0.1), Trip(driver=Driver(name=D-0), passengers=[Passenger(name=P-15), Passenger(name=P-14), Passenger(name=P-10)], duration=0, distance=19.0, discount=null)), (Trip(driver=Driver(name=D-1), passengers=[Passenger(name=P-13)], duration=2, distance=7.0, discount=0.1), Trip(driver=Driver(name=D-0), passengers=[Passenger(name=P-18), Passenger(name=P-8), Passenger(name=P-7), Passenger(name=P-14)], duration=15, distance=1.0, discount=null)), (Trip(driver=Driver(name=D-1), passengers=[Passenger(name=P-13)], duration=2, distance=7.0, discount=0.1), Trip(driver=Driver(name=D-9), passengers=[Passenger(name=P-4), Passenger(name=P-19), Passenger(name=P-0)], duration=9, distance=15.0, discount=null)), (Trip(driver=Driver(name=D-1), passengers=[Passenger(name=P-13)], duration=2, distance=7.0, discount=0.1), Trip(driver=Driver(name=D-0), passengers=[Passenger(name=P-12), Passenger(name=P-7), Passenger(name=P-2)], duration=13, distance=19.0, discount=0.3)), (Trip(driver=Driver(name=D-1), passengers=[Passenger(name=P-13)], duration=2, distance=7.0, discount=0.1), Trip(driver=Driver(name=D-6), passengers=[Passenger(name=P-11), Passenger(name=P-8)], duration=14, distance=19.0, discount=null)), (Trip(driver=Driver(name=D-1), passengers=[Passenger(name=P-13)], duration=2, distance=7.0, discount=0.1), Trip(driver=Driver(name=D-0), passengers=[Passenger(name=P-2)], duration=12, distance=14.0, discount=0.3)), (Trip(driver=Driver(name=D-1), passengers=[Passenger(name=P-13)], duration=2, distance=7.0, discount=0.1), Trip(driver=Driver(name=D-8), passengers=[Passenger(name=P-1), Passenger(name=P-17), Passenger(name=P-9), Passenger(name=P-10)], duration=16, distance=3.0, discount=null)), (Trip(driver=Driver(name=D-1), passengers=[Passenger(name=P-13)], duration=2, distance=7.0, discount=0.1), Trip(driver=Driver(name=D-0), passengers=[Passenger(name=P-17)], duration=10, distance=6.0, discount=0.4)), (Trip(driver=Driver(name=D-1), passengers=[Passenger(name=P-13)], duration=2, distance=7.0, discount=0.1), Trip(driver=Driver(name=D-1), passengers=[Passenger(name=P-8), Passenger(name=P-1)], duration=7, distance=5.0, discount=null)), (Trip(driver=Driver(name=D-1), passengers=[Passenger(name=P-13)], duration=2, distance=7.0, discount=0.1), Trip(driver=Driver(name=D-9), passengers=[Passenger(name=P-6)], duration=3, distance=6.0, discount=null)), (Trip(driver=Driver(name=D-1), passengers=[Passenger(name=P-13)], duration=2, distance=7.0, discount=0.1), Trip(driver=Driver(name=D-4), passengers=[Passenger(name=P-12), Passenger(name=P-19), Passenger(name=P-7), Passenger(name=P-0)], duration=9, distance=10.0, discount=0.4)), (Trip(driver=Driver(name=D-1), passengers=[Passenger(name=P-13)], duration=2, distance=7.0, discount=0.1), Trip(driver=Driver(name=D-7), passengers=[Passenger(name=P-16)], duration=11, distance=12.0, discount=0.1)), (Trip(driver=Driver(name=D-1), passengers=[Passenger(name=P-13)], duration=2, distance=7.0, discount=0.1), Trip(driver=Driver(name=D-9), passengers=[Passenger(name=P-6), Passenger(name=P-14)], duration=9, distance=7.0, discount=null)), (Trip(driver=Driver(name=D-1), passengers=[Passenger(name=P-13)], duration=2, distance=7.0, discount=0.1), Trip(driver=Driver(name=D-5), passengers=[Passenger(name=P-4)], duration=1, distance=16.0, discount=0.4)), (Trip(driver=Driver(name=D-1), passengers=[Passenger(name=P-13)], duration=2, distance=7.0, discount=0.1), Trip(driver=Driver(name=D-2), passengers=[Passenger(name=P-15), Passenger(name=P-7), Passenger(name=P-12)], duration=9, distance=6.0, discount=null)), (Trip(driver=Driver(name=D-1), passengers=[Passenger(name=P-13)], duration=2, distance=7.0, discount=0.1), Trip(driver=Driver(name=D-1), passengers=[Passenger(name=P-13)], duration=2, distance=7.0, discount=0.1)), (Trip(driver=Driver(name=D-1), passengers=[Passenger(name=P-13)], duration=2, distance=7.0, discount=0.1), Trip(driver=Driver(name=D-5), passengers=[Passenger(name=P-0), Passenger(name=P-18), Passenger(name=P-3)], duration=10, distance=11.0, discount=null)), (Trip(driver=Driver(name=D-1), passengers=[Passenger(name=P-13)], duration=2, distance=7.0, discount=0.1), Trip(driver=Driver(name=D-0), passengers=[Passenger(name=P-9)], duration=6, distance=18.0, discount=0.4)), (Trip(driver=Driver(name=D-1), passengers=[Passenger(name=P-13)], duration=2, distance=7.0, discount=0.1), Trip(driver=Driver(name=D-1), passengers=[Passenger(name=P-9), Passenger(name=P-0), Passenger(name=P-3), Passenger(name=P-14)], duration=0, distance=15.0, discount=null)), (Trip(driver=Driver(name=D-1), passengers=[Passenger(name=P-13)], duration=2, distance=7.0, discount=0.1), Trip(driver=Driver(name=D-1), passengers=[Passenger(name=P-10)], duration=17, distance=15.0, discount=null)), (Trip(driver=Driver(name=D-1), passengers=[Passenger(name=P-13)], duration=2, distance=7.0, discount=0.1), Trip(driver=Driver(name=D-6), passengers=[Passenger(name=P-0), Passenger(name=P-18), Passenger(name=P-13)], duration=3, distance=5.0, discount=null)), (Trip(driver=Driver(name=D-1), passengers=[Passenger(name=P-13)], duration=2, distance=7.0, discount=0.1), Trip(driver=Driver(name=D-7), passengers=[Passenger(name=P-19), Passenger(name=P-10)], duration=0, distance=8.0, discount=null)), (Trip(driver=Driver(name=D-1), passengers=[Passenger(name=P-13)], duration=2, distance=7.0, discount=0.1), Trip(driver=Driver(name=D-8), passengers=[Passenger(name=P-4), Passenger(name=P-15)], duration=9, distance=17.0, discount=0.1)), (Trip(driver=Driver(name=D-1), passengers=[Passenger(name=P-13)], duration=2, distance=7.0, discount=0.1), Trip(driver=Driver(name=D-6), passengers=[Passenger(name=P-15)], duration=13, distance=1.0, discount=null)), (Trip(driver=Driver(name=D-1), passengers=[Passenger(name=P-13)], duration=2, distance=7.0, discount=0.1), Trip(driver=Driver(name=D-2), passengers=[Passenger(name=P-3)], duration=13, distance=15.0, discount=0.2)), (Trip(driver=Driver(name=D-1), passengers=[Passenger(name=P-13)], duration=2, distance=7.0, discount=0.1), Trip(driver=Driver(name=D-3), passengers=[Passenger(name=P-13), Passenger(name=P-11), Passenger(name=P-15)], duration=2, distance=9.0, discount=null)), (Trip(driver=Driver(name=D-1), passengers=[Passenger(name=P-13)], duration=2, distance=7.0, discount=0.1), Trip(driver=Driver(name=D-2), passengers=[Passenger(name=P-12)], duration=2, distance=16.0, discount=null)), (Trip(driver=Driver(name=D-1), passengers=[Passenger(name=P-13)], duration=2, distance=7.0, discount=0.1), Trip(driver=Driver(name=D-6), passengers=[Passenger(name=P-13), Passenger(name=P-18)], duration=12, distance=14.0, discount=null)), (Trip(driver=Driver(name=D-1), passengers=[Passenger(name=P-13)], duration=2, distance=7.0, discount=0.1), Trip(driver=Driver(name=D-8), passengers=[Passenger(name=P-19)], duration=1, distance=13.0, discount=0.4)), (Trip(driver=Driver(name=D-1), passengers=[Passenger(name=P-13)], duration=2, distance=7.0, discount=0.1), Trip(driver=Driver(name=D-6), passengers=[Passenger(name=P-9), Passenger(name=P-13), Passenger(name=P-1), Passenger(name=P-19)], duration=5, distance=14.0, discount=0.2)), (Trip(driver=Driver(name=D-1), passengers=[Passenger(name=P-13)], duration=2, distance=7.0, discount=0.1), Trip(driver=Driver(name=D-4), passengers=[Passenger(name=P-8)], duration=15, distance=8.0, discount=0.2)), (Trip(driver=Driver(name=D-1), passengers=[Passenger(name=P-13)], duration=2, distance=7.0, discount=0.1), Trip(driver=Driver(name=D-6), passengers=[Passenger(name=P-16), Passenger(name=P-15)], duration=9, distance=4.0, discount=null)), (Trip(driver=Driver(name=D-1), passengers=[Passenger(name=P-13)], duration=2, distance=7.0, discount=0.1), Trip(driver=Driver(name=D-2), passengers=[Passenger(name=P-14), Passenger(name=P-0)], duration=7, distance=2.0, discount=null)), (Trip(driver=Driver(name=D-1), passengers=[Passenger(name=P-13)], duration=2, distance=7.0, discount=0.1), Trip(driver=Driver(name=D-5), passengers=[Passenger(name=P-18)], duration=7, distance=19.0, discount=null)), (Trip(driver=Driver(name=D-1), passengers=[Passenger(name=P-13)], duration=2, distance=7.0, discount=0.1), Trip(driver=Driver(name=D-9), passengers=[Passenger(name=P-15)], duration=15, distance=10.0, discount=0.4)), (Trip(driver=Driver(name=D-1), passengers=[Passenger(name=P-13)], duration=2, distance=7.0, discount=0.1), Trip(driver=Driver(name=D-7), passengers=[Passenger(name=P-7), Passenger(name=P-18)], duration=12, distance=11.0, discount=null)), (Trip(driver=Driver(name=D-1), passengers=[Passenger(name=P-13)], duration=2, distance=7.0, discount=0.1), Trip(driver=Driver(name=D-3), passengers=[Passenger(name=P-10), Passenger(name=P-19), Passenger(name=P-17)], duration=10, distance=7.0, discount=null)), (Trip(driver=Driver(name=D-1), passengers=[Passenger(name=P-13)], duration=2, distance=7.0, discount=0.1), Trip(driver=Driver(name=D-3), passengers=[Passenger(name=P-10)], duration=18, distance=10.0, discount=0.2)), (Trip(driver=Driver(name=D-1), passengers=[Passenger(name=P-13)], duration=2, distance=7.0, discount=0.1), Trip(driver=Driver(name=D-8), passengers=[Passenger(name=P-9), Passenger(name=P-15), Passenger(name=P-16), Passenger(name=P-19)], duration=19, distance=12.0, discount=0.3)), (Trip(driver=Driver(name=D-1), passengers=[Passenger(name=P-13)], duration=2, distance=7.0, discount=0.1), Trip(driver=Driver(name=D-5), passengers=[Passenger(name=P-13)], duration=16, distance=11.0, discount=0.3))]
item [(Trip(driver=Driver(name=D-5), passengers=[Passenger(name=P-0), Passenger(name=P-18), Passenger(name=P-3)], duration=10, distance=11.0, discount=null), Trip(driver=Driver(name=D-0), passengers=[Passenger(name=P-15), Passenger(name=P-14), Passenger(name=P-10)], duration=0, distance=19.0, discount=null)), (Trip(driver=Driver(name=D-5), passengers=[Passenger(name=P-0), Passenger(name=P-18), Passenger(name=P-3)], duration=10, distance=11.0, discount=null), Trip(driver=Driver(name=D-0), passengers=[Passenger(name=P-18), Passenger(name=P-8), Passenger(name=P-7), Passenger(name=P-14)], duration=15, distance=1.0, discount=null)), (Trip(driver=Driver(name=D-5), passengers=[Passenger(name=P-0), Passenger(name=P-18), Passenger(name=P-3)], duration=10, distance=11.0, discount=null), Trip(driver=Driver(name=D-9), passengers=[Passenger(name=P-4), Passenger(name=P-19), Passenger(name=P-0)], duration=9, distance=15.0, discount=null)), (Trip(driver=Driver(name=D-5), passengers=[Passenger(name=P-0), Passenger(name=P-18), Passenger(name=P-3)], duration=10, distance=11.0, discount=null), Trip(driver=Driver(name=D-0), passengers=[Passenger(name=P-12), Passenger(name=P-7), Passenger(name=P-2)], duration=13, distance=19.0, discount=0.3)), (Trip(driver=Driver(name=D-5), passengers=[Passenger(name=P-0), Passenger(name=P-18), Passenger(name=P-3)], duration=10, distance=11.0, discount=null), Trip(driver=Driver(name=D-6), passengers=[Passenger(name=P-11), Passenger(name=P-8)], duration=14, distance=19.0, discount=null)), (Trip(driver=Driver(name=D-5), passengers=[Passenger(name=P-0), Passenger(name=P-18), Passenger(name=P-3)], duration=10, distance=11.0, discount=null), Trip(driver=Driver(name=D-0), passengers=[Passenger(name=P-2)], duration=12, distance=14.0, discount=0.3)), (Trip(driver=Driver(name=D-5), passengers=[Passenger(name=P-0), Passenger(name=P-18), Passenger(name=P-3)], duration=10, distance=11.0, discount=null), Trip(driver=Driver(name=D-8), passengers=[Passenger(name=P-1), Passenger(name=P-17), Passenger(name=P-9), Passenger(name=P-10)], duration=16, distance=3.0, discount=null)), (Trip(driver=Driver(name=D-5), passengers=[Passenger(name=P-0), Passenger(name=P-18), Passenger(name=P-3)], duration=10, distance=11.0, discount=null), Trip(driver=Driver(name=D-0), passengers=[Passenger(name=P-17)], duration=10, distance=6.0, discount=0.4)), (Trip(driver=Driver(name=D-5), passengers=[Passenger(name=P-0), Passenger(name=P-18), Passenger(name=P-3)], duration=10, distance=11.0, discount=null), Trip(driver=Driver(name=D-1), passengers=[Passenger(name=P-8), Passenger(name=P-1)], duration=7, distance=5.0, discount=null)), (Trip(driver=Driver(name=D-5), passengers=[Passenger(name=P-0), Passenger(name=P-18), Passenger(name=P-3)], duration=10, distance=11.0, discount=null), Trip(driver=Driver(name=D-9), passengers=[Passenger(name=P-6)], duration=3, distance=6.0, discount=null)), (Trip(driver=Driver(name=D-5), passengers=[Passenger(name=P-0), Passenger(name=P-18), Passenger(name=P-3)], duration=10, distance=11.0, discount=null), Trip(driver=Driver(name=D-4), passengers=[Passenger(name=P-12), Passenger(name=P-19), Passenger(name=P-7), Passenger(name=P-0)], duration=9, distance=10.0, discount=0.4)), (Trip(driver=Driver(name=D-5), passengers=[Passenger(name=P-0), Passenger(name=P-18), Passenger(name=P-3)], duration=10, distance=11.0, discount=null), Trip(driver=Driver(name=D-7), passengers=[Passenger(name=P-16)], duration=11, distance=12.0, discount=0.1)), (Trip(driver=Driver(name=D-5), passengers=[Passenger(name=P-0), Passenger(name=P-18), Passenger(name=P-3)], duration=10, distance=11.0, discount=null), Trip(driver=Driver(name=D-9), passengers=[Passenger(name=P-6), Passenger(name=P-14)], duration=9, distance=7.0, discount=null)), (Trip(driver=Driver(name=D-5), passengers=[Passenger(name=P-0), Passenger(name=P-18), Passenger(name=P-3)], duration=10, distance=11.0, discount=null), Trip(driver=Driver(name=D-5), passengers=[Passenger(name=P-4)], duration=1, distance=16.0, discount=0.4)), (Trip(driver=Driver(name=D-5), passengers=[Passenger(name=P-0), Passenger(name=P-18), Passenger(name=P-3)], duration=10, distance=11.0, discount=null), Trip(driver=Driver(name=D-2), passengers=[Passenger(name=P-15), Passenger(name=P-7), Passenger(name=P-12)], duration=9, distance=6.0, discount=null)), (Trip(driver=Driver(name=D-5), passengers=[Passenger(name=P-0), Passenger(name=P-18), Passenger(name=P-3)], duration=10, distance=11.0, discount=null), Trip(driver=Driver(name=D-1), passengers=[Passenger(name=P-13)], duration=2, distance=7.0, discount=0.1)), (Trip(driver=Driver(name=D-5), passengers=[Passenger(name=P-0), Passenger(name=P-18), Passenger(name=P-3)], duration=10, distance=11.0, discount=null), Trip(driver=Driver(name=D-5), passengers=[Passenger(name=P-0), Passenger(name=P-18), Passenger(name=P-3)], duration=10, distance=11.0, discount=null)), (Trip(driver=Driver(name=D-5), passengers=[Passenger(name=P-0), Passenger(name=P-18), Passenger(name=P-3)], duration=10, distance=11.0, discount=null), Trip(driver=Driver(name=D-0), passengers=[Passenger(name=P-9)], duration=6, distance=18.0, discount=0.4)), (Trip(driver=Driver(name=D-5), passengers=[Passenger(name=P-0), Passenger(name=P-18), Passenger(name=P-3)], duration=10, distance=11.0, discount=null), Trip(driver=Driver(name=D-1), passengers=[Passenger(name=P-9), Passenger(name=P-0), Passenger(name=P-3), Passenger(name=P-14)], duration=0, distance=15.0, discount=null)), (Trip(driver=Driver(name=D-5), passengers=[Passenger(name=P-0), Passenger(name=P-18), Passenger(name=P-3)], duration=10, distance=11.0, discount=null), Trip(driver=Driver(name=D-1), passengers=[Passenger(name=P-10)], duration=17, distance=15.0, discount=null)), (Trip(driver=Driver(name=D-5), passengers=[Passenger(name=P-0), Passenger(name=P-18), Passenger(name=P-3)], duration=10, distance=11.0, discount=null), Trip(driver=Driver(name=D-6), passengers=[Passenger(name=P-0), Passenger(name=P-18), Passenger(name=P-13)], duration=3, distance=5.0, discount=null)), (Trip(driver=Driver(name=D-5), passengers=[Passenger(name=P-0), Passenger(name=P-18), Passenger(name=P-3)], duration=10, distance=11.0, discount=null), Trip(driver=Driver(name=D-7), passengers=[Passenger(name=P-19), Passenger(name=P-10)], duration=0, distance=8.0, discount=null)), (Trip(driver=Driver(name=D-5), passengers=[Passenger(name=P-0), Passenger(name=P-18), Passenger(name=P-3)], duration=10, distance=11.0, discount=null), Trip(driver=Driver(name=D-8), passengers=[Passenger(name=P-4), Passenger(name=P-15)], duration=9, distance=17.0, discount=0.1)), (Trip(driver=Driver(name=D-5), passengers=[Passenger(name=P-0), Passenger(name=P-18), Passenger(name=P-3)], duration=10, distance=11.0, discount=null), Trip(driver=Driver(name=D-6), passengers=[Passenger(name=P-15)], duration=13, distance=1.0, discount=null)), (Trip(driver=Driver(name=D-5), passengers=[Passenger(name=P-0), Passenger(name=P-18), Passenger(name=P-3)], duration=10, distance=11.0, discount=null), Trip(driver=Driver(name=D-2), passengers=[Passenger(name=P-3)], duration=13, distance=15.0, discount=0.2)), (Trip(driver=Driver(name=D-5), passengers=[Passenger(name=P-0), Passenger(name=P-18), Passenger(name=P-3)], duration=10, distance=11.0, discount=null), Trip(driver=Driver(name=D-3), passengers=[Passenger(name=P-13), Passenger(name=P-11), Passenger(name=P-15)], duration=2, distance=9.0, discount=null)), (Trip(driver=Driver(name=D-5), passengers=[Passenger(name=P-0), Passenger(name=P-18), Passenger(name=P-3)], duration=10, distance=11.0, discount=null), Trip(driver=Driver(name=D-2), passengers=[Passenger(name=P-12)], duration=2, distance=16.0, discount=null)), (Trip(driver=Driver(name=D-5), passengers=[Passenger(name=P-0), Passenger(name=P-18), Passenger(name=P-3)], duration=10, distance=11.0, discount=null), Trip(driver=Driver(name=D-6), passengers=[Passenger(name=P-13), Passenger(name=P-18)], duration=12, distance=14.0, discount=null)), (Trip(driver=Driver(name=D-5), passengers=[Passenger(name=P-0), Passenger(name=P-18), Passenger(name=P-3)], duration=10, distance=11.0, discount=null), Trip(driver=Driver(name=D-8), passengers=[Passenger(name=P-19)], duration=1, distance=13.0, discount=0.4)), (Trip(driver=Driver(name=D-5), passengers=[Passenger(name=P-0), Passenger(name=P-18), Passenger(name=P-3)], duration=10, distance=11.0, discount=null), Trip(driver=Driver(name=D-6), passengers=[Passenger(name=P-9), Passenger(name=P-13), Passenger(name=P-1), Passenger(name=P-19)], duration=5, distance=14.0, discount=0.2)), (Trip(driver=Driver(name=D-5), passengers=[Passenger(name=P-0), Passenger(name=P-18), Passenger(name=P-3)], duration=10, distance=11.0, discount=null), Trip(driver=Driver(name=D-4), passengers=[Passenger(name=P-8)], duration=15, distance=8.0, discount=0.2)), (Trip(driver=Driver(name=D-5), passengers=[Passenger(name=P-0), Passenger(name=P-18), Passenger(name=P-3)], duration=10, distance=11.0, discount=null), Trip(driver=Driver(name=D-6), passengers=[Passenger(name=P-16), Passenger(name=P-15)], duration=9, distance=4.0, discount=null)), (Trip(driver=Driver(name=D-5), passengers=[Passenger(name=P-0), Passenger(name=P-18), Passenger(name=P-3)], duration=10, distance=11.0, discount=null), Trip(driver=Driver(name=D-2), passengers=[Passenger(name=P-14), Passenger(name=P-0)], duration=7, distance=2.0, discount=null)), (Trip(driver=Driver(name=D-5), passengers=[Passenger(name=P-0), Passenger(name=P-18), Passenger(name=P-3)], duration=10, distance=11.0, discount=null), Trip(driver=Driver(name=D-5), passengers=[Passenger(name=P-18)], duration=7, distance=19.0, discount=null)), (Trip(driver=Driver(name=D-5), passengers=[Passenger(name=P-0), Passenger(name=P-18), Passenger(name=P-3)], duration=10, distance=11.0, discount=null), Trip(driver=Driver(name=D-9), passengers=[Passenger(name=P-15)], duration=15, distance=10.0, discount=0.4)), (Trip(driver=Driver(name=D-5), passengers=[Passenger(name=P-0), Passenger(name=P-18), Passenger(name=P-3)], duration=10, distance=11.0, discount=null), Trip(driver=Driver(name=D-7), passengers=[Passenger(name=P-7), Passenger(name=P-18)], duration=12, distance=11.0, discount=null)), (Trip(driver=Driver(name=D-5), passengers=[Passenger(name=P-0), Passenger(name=P-18), Passenger(name=P-3)], duration=10, distance=11.0, discount=null), Trip(driver=Driver(name=D-3), passengers=[Passenger(name=P-10), Passenger(name=P-19), Passenger(name=P-17)], duration=10, distance=7.0, discount=null)), (Trip(driver=Driver(name=D-5), passengers=[Passenger(name=P-0), Passenger(name=P-18), Passenger(name=P-3)], duration=10, distance=11.0, discount=null), Trip(driver=Driver(name=D-3), passengers=[Passenger(name=P-10)], duration=18, distance=10.0, discount=0.2)), (Trip(driver=Driver(name=D-5), passengers=[Passenger(name=P-0), Passenger(name=P-18), Passenger(name=P-3)], duration=10, distance=11.0, discount=null), Trip(driver=Driver(name=D-8), passengers=[Passenger(name=P-9), Passenger(name=P-15), Passenger(name=P-16), Passenger(name=P-19)], duration=19, distance=12.0, discount=0.3)), (Trip(driver=Driver(name=D-5), passengers=[Passenger(name=P-0), Passenger(name=P-18), Passenger(name=P-3)], duration=10, distance=11.0, discount=null), Trip(driver=Driver(name=D-5), passengers=[Passenger(name=P-13)], duration=16, distance=11.0, discount=0.3))]
item [(Trip(driver=Driver(name=D-0), passengers=[Passenger(name=P-9)], duration=6, distance=18.0, discount=0.4), Trip(driver=Driver(name=D-0), passengers=[Passenger(name=P-15), Passenger(name=P-14), Passenger(name=P-10)], duration=0, distance=19.0, discount=null)), (Trip(driver=Driver(name=D-0), passengers=[Passenger(name=P-9)], duration=6, distance=18.0, discount=0.4), Trip(driver=Driver(name=D-0), passengers=[Passenger(name=P-18), Passenger(name=P-8), Passenger(name=P-7), Passenger(name=P-14)], duration=15, distance=1.0, discount=null)), (Trip(driver=Driver(name=D-0), passengers=[Passenger(name=P-9)], duration=6, distance=18.0, discount=0.4), Trip(driver=Driver(name=D-9), passengers=[Passenger(name=P-4), Passenger(name=P-19), Passenger(name=P-0)], duration=9, distance=15.0, discount=null)), (Trip(driver=Driver(name=D-0), passengers=[Passenger(name=P-9)], duration=6, distance=18.0, discount=0.4), Trip(driver=Driver(name=D-0), passengers=[Passenger(name=P-12), Passenger(name=P-7), Passenger(name=P-2)], duration=13, distance=19.0, discount=0.3)), (Trip(driver=Driver(name=D-0), passengers=[Passenger(name=P-9)], duration=6, distance=18.0, discount=0.4), Trip(driver=Driver(name=D-6), passengers=[Passenger(name=P-11), Passenger(name=P-8)], duration=14, distance=19.0, discount=null)), (Trip(driver=Driver(name=D-0), passengers=[Passenger(name=P-9)], duration=6, distance=18.0, discount=0.4), Trip(driver=Driver(name=D-0), passengers=[Passenger(name=P-2)], duration=12, distance=14.0, discount=0.3)), (Trip(driver=Driver(name=D-0), passengers=[Passenger(name=P-9)], duration=6, distance=18.0, discount=0.4), Trip(driver=Driver(name=D-8), passengers=[Passenger(name=P-1), Passenger(name=P-17), Passenger(name=P-9), Passenger(name=P-10)], duration=16, distance=3.0, discount=null)), (Trip(driver=Driver(name=D-0), passengers=[Passenger(name=P-9)], duration=6, distance=18.0, discount=0.4), Trip(driver=Driver(name=D-0), passengers=[Passenger(name=P-17)], duration=10, distance=6.0, discount=0.4)), (Trip(driver=Driver(name=D-0), passengers=[Passenger(name=P-9)], duration=6, distance=18.0, discount=0.4), Trip(driver=Driver(name=D-1), passengers=[Passenger(name=P-8), Passenger(name=P-1)], duration=7, distance=5.0, discount=null)), (Trip(driver=Driver(name=D-0), passengers=[Passenger(name=P-9)], duration=6, distance=18.0, discount=0.4), Trip(driver=Driver(name=D-9), passengers=[Passenger(name=P-6)], duration=3, distance=6.0, discount=null)), (Trip(driver=Driver(name=D-0), passengers=[Passenger(name=P-9)], duration=6, distance=18.0, discount=0.4), Trip(driver=Driver(name=D-4), passengers=[Passenger(name=P-12), Passenger(name=P-19), Passenger(name=P-7), Passenger(name=P-0)], duration=9, distance=10.0, discount=0.4)), (Trip(driver=Driver(name=D-0), passengers=[Passenger(name=P-9)], duration=6, distance=18.0, discount=0.4), Trip(driver=Driver(name=D-7), passengers=[Passenger(name=P-16)], duration=11, distance=12.0, discount=0.1)), (Trip(driver=Driver(name=D-0), passengers=[Passenger(name=P-9)], duration=6, distance=18.0, discount=0.4), Trip(driver=Driver(name=D-9), passengers=[Passenger(name=P-6), Passenger(name=P-14)], duration=9, distance=7.0, discount=null)), (Trip(driver=Driver(name=D-0), passengers=[Passenger(name=P-9)], duration=6, distance=18.0, discount=0.4), Trip(driver=Driver(name=D-5), passengers=[Passenger(name=P-4)], duration=1, distance=16.0, discount=0.4)), (Trip(driver=Driver(name=D-0), passengers=[Passenger(name=P-9)], duration=6, distance=18.0, discount=0.4), Trip(driver=Driver(name=D-2), passengers=[Passenger(name=P-15), Passenger(name=P-7), Passenger(name=P-12)], duration=9, distance=6.0, discount=null)), (Trip(driver=Driver(name=D-0), passengers=[Passenger(name=P-9)], duration=6, distance=18.0, discount=0.4), Trip(driver=Driver(name=D-1), passengers=[Passenger(name=P-13)], duration=2, distance=7.0, discount=0.1)), (Trip(driver=Driver(name=D-0), passengers=[Passenger(name=P-9)], duration=6, distance=18.0, discount=0.4), Trip(driver=Driver(name=D-5), passengers=[Passenger(name=P-0), Passenger(name=P-18), Passenger(name=P-3)], duration=10, distance=11.0, discount=null)), (Trip(driver=Driver(name=D-0), passengers=[Passenger(name=P-9)], duration=6, distance=18.0, discount=0.4), Trip(driver=Driver(name=D-0), passengers=[Passenger(name=P-9)], duration=6, distance=18.0, discount=0.4)), (Trip(driver=Driver(name=D-0), passengers=[Passenger(name=P-9)], duration=6, distance=18.0, discount=0.4), Trip(driver=Driver(name=D-1), passengers=[Passenger(name=P-9), Passenger(name=P-0), Passenger(name=P-3), Passenger(name=P-14)], duration=0, distance=15.0, discount=null)), (Trip(driver=Driver(name=D-0), passengers=[Passenger(name=P-9)], duration=6, distance=18.0, discount=0.4), Trip(driver=Driver(name=D-1), passengers=[Passenger(name=P-10)], duration=17, distance=15.0, discount=null)), (Trip(driver=Driver(name=D-0), passengers=[Passenger(name=P-9)], duration=6, distance=18.0, discount=0.4), Trip(driver=Driver(name=D-6), passengers=[Passenger(name=P-0), Passenger(name=P-18), Passenger(name=P-13)], duration=3, distance=5.0, discount=null)), (Trip(driver=Driver(name=D-0), passengers=[Passenger(name=P-9)], duration=6, distance=18.0, discount=0.4), Trip(driver=Driver(name=D-7), passengers=[Passenger(name=P-19), Passenger(name=P-10)], duration=0, distance=8.0, discount=null)), (Trip(driver=Driver(name=D-0), passengers=[Passenger(name=P-9)], duration=6, distance=18.0, discount=0.4), Trip(driver=Driver(name=D-8), passengers=[Passenger(name=P-4), Passenger(name=P-15)], duration=9, distance=17.0, discount=0.1)), (Trip(driver=Driver(name=D-0), passengers=[Passenger(name=P-9)], duration=6, distance=18.0, discount=0.4), Trip(driver=Driver(name=D-6), passengers=[Passenger(name=P-15)], duration=13, distance=1.0, discount=null)), (Trip(driver=Driver(name=D-0), passengers=[Passenger(name=P-9)], duration=6, distance=18.0, discount=0.4), Trip(driver=Driver(name=D-2), passengers=[Passenger(name=P-3)], duration=13, distance=15.0, discount=0.2)), (Trip(driver=Driver(name=D-0), passengers=[Passenger(name=P-9)], duration=6, distance=18.0, discount=0.4), Trip(driver=Driver(name=D-3), passengers=[Passenger(name=P-13), Passenger(name=P-11), Passenger(name=P-15)], duration=2, distance=9.0, discount=null)), (Trip(driver=Driver(name=D-0), passengers=[Passenger(name=P-9)], duration=6, distance=18.0, discount=0.4), Trip(driver=Driver(name=D-2), passengers=[Passenger(name=P-12)], duration=2, distance=16.0, discount=null)), (Trip(driver=Driver(name=D-0), passengers=[Passenger(name=P-9)], duration=6, distance=18.0, discount=0.4), Trip(driver=Driver(name=D-6), passengers=[Passenger(name=P-13), Passenger(name=P-18)], duration=12, distance=14.0, discount=null)), (Trip(driver=Driver(name=D-0), passengers=[Passenger(name=P-9)], duration=6, distance=18.0, discount=0.4), Trip(driver=Driver(name=D-8), passengers=[Passenger(name=P-19)], duration=1, distance=13.0, discount=0.4)), (Trip(driver=Driver(name=D-0), passengers=[Passenger(name=P-9)], duration=6, distance=18.0, discount=0.4), Trip(driver=Driver(name=D-6), passengers=[Passenger(name=P-9), Passenger(name=P-13), Passenger(name=P-1), Passenger(name=P-19)], duration=5, distance=14.0, discount=0.2)), (Trip(driver=Driver(name=D-0), passengers=[Passenger(name=P-9)], duration=6, distance=18.0, discount=0.4), Trip(driver=Driver(name=D-4), passengers=[Passenger(name=P-8)], duration=15, distance=8.0, discount=0.2)), (Trip(driver=Driver(name=D-0), passengers=[Passenger(name=P-9)], duration=6, distance=18.0, discount=0.4), Trip(driver=Driver(name=D-6), passengers=[Passenger(name=P-16), Passenger(name=P-15)], duration=9, distance=4.0, discount=null)), (Trip(driver=Driver(name=D-0), passengers=[Passenger(name=P-9)], duration=6, distance=18.0, discount=0.4), Trip(driver=Driver(name=D-2), passengers=[Passenger(name=P-14), Passenger(name=P-0)], duration=7, distance=2.0, discount=null)), (Trip(driver=Driver(name=D-0), passengers=[Passenger(name=P-9)], duration=6, distance=18.0, discount=0.4), Trip(driver=Driver(name=D-5), passengers=[Passenger(name=P-18)], duration=7, distance=19.0, discount=null)), (Trip(driver=Driver(name=D-0), passengers=[Passenger(name=P-9)], duration=6, distance=18.0, discount=0.4), Trip(driver=Driver(name=D-9), passengers=[Passenger(name=P-15)], duration=15, distance=10.0, discount=0.4)), (Trip(driver=Driver(name=D-0), passengers=[Passenger(name=P-9)], duration=6, distance=18.0, discount=0.4), Trip(driver=Driver(name=D-7), passengers=[Passenger(name=P-7), Passenger(name=P-18)], duration=12, distance=11.0, discount=null)), (Trip(driver=Driver(name=D-0), passengers=[Passenger(name=P-9)], duration=6, distance=18.0, discount=0.4), Trip(driver=Driver(name=D-3), passengers=[Passenger(name=P-10), Passenger(name=P-19), Passenger(name=P-17)], duration=10, distance=7.0, discount=null)), (Trip(driver=Driver(name=D-0), passengers=[Passenger(name=P-9)], duration=6, distance=18.0, discount=0.4), Trip(driver=Driver(name=D-3), passengers=[Passenger(name=P-10)], duration=18, distance=10.0, discount=0.2)), (Trip(driver=Driver(name=D-0), passengers=[Passenger(name=P-9)], duration=6, distance=18.0, discount=0.4), Trip(driver=Driver(name=D-8), passengers=[Passenger(name=P-9), Passenger(name=P-15), Passenger(name=P-16), Passenger(name=P-19)], duration=19, distance=12.0, discount=0.3)), (Trip(driver=Driver(name=D-0), passengers=[Passenger(name=P-9)], duration=6, distance=18.0, discount=0.4), Trip(driver=Driver(name=D-5), passengers=[Passenger(name=P-13)], duration=16, distance=11.0, discount=0.3))]
item [(Trip(driver=Driver(name=D-1), passengers=[Passenger(name=P-9), Passenger(name=P-0), Passenger(name=P-3), Passenger(name=P-14)], duration=0, distance=15.0, discount=null), Trip(driver=Driver(name=D-0), passengers=[Passenger(name=P-15), Passenger(name=P-14), Passenger(name=P-10)], duration=0, distance=19.0, discount=null)), (Trip(driver=Driver(name=D-1), passengers=[Passenger(name=P-9), Passenger(name=P-0), Passenger(name=P-3), Passenger(name=P-14)], duration=0, distance=15.0, discount=null), Trip(driver=Driver(name=D-0), passengers=[Passenger(name=P-18), Passenger(name=P-8), Passenger(name=P-7), Passenger(name=P-14)], duration=15, distance=1.0, discount=null)), (Trip(driver=Driver(name=D-1), passengers=[Passenger(name=P-9), Passenger(name=P-0), Passenger(name=P-3), Passenger(name=P-14)], duration=0, distance=15.0, discount=null), Trip(driver=Driver(name=D-9), passengers=[Passenger(name=P-4), Passenger(name=P-19), Passenger(name=P-0)], duration=9, distance=15.0, discount=null)), (Trip(driver=Driver(name=D-1), passengers=[Passenger(name=P-9), Passenger(name=P-0), Passenger(name=P-3), Passenger(name=P-14)], duration=0, distance=15.0, discount=null), Trip(driver=Driver(name=D-0), passengers=[Passenger(name=P-12), Passenger(name=P-7), Passenger(name=P-2)], duration=13, distance=19.0, discount=0.3)), (Trip(driver=Driver(name=D-1), passengers=[Passenger(name=P-9), Passenger(name=P-0), Passenger(name=P-3), Passenger(name=P-14)], duration=0, distance=15.0, discount=null), Trip(driver=Driver(name=D-6), passengers=[Passenger(name=P-11), Passenger(name=P-8)], duration=14, distance=19.0, discount=null)), (Trip(driver=Driver(name=D-1), passengers=[Passenger(name=P-9), Passenger(name=P-0), Passenger(name=P-3), Passenger(name=P-14)], duration=0, distance=15.0, discount=null), Trip(driver=Driver(name=D-0), passengers=[Passenger(name=P-2)], duration=12, distance=14.0, discount=0.3)), (Trip(driver=Driver(name=D-1), passengers=[Passenger(name=P-9), Passenger(name=P-0), Passenger(name=P-3), Passenger(name=P-14)], duration=0, distance=15.0, discount=null), Trip(driver=Driver(name=D-8), passengers=[Passenger(name=P-1), Passenger(name=P-17), Passenger(name=P-9), Passenger(name=P-10)], duration=16, distance=3.0, discount=null)), (Trip(driver=Driver(name=D-1), passengers=[Passenger(name=P-9), Passenger(name=P-0), Passenger(name=P-3), Passenger(name=P-14)], duration=0, distance=15.0, discount=null), Trip(driver=Driver(name=D-0), passengers=[Passenger(name=P-17)], duration=10, distance=6.0, discount=0.4)), (Trip(driver=Driver(name=D-1), passengers=[Passenger(name=P-9), Passenger(name=P-0), Passenger(name=P-3), Passenger(name=P-14)], duration=0, distance=15.0, discount=null), Trip(driver=Driver(name=D-1), passengers=[Passenger(name=P-8), Passenger(name=P-1)], duration=7, distance=5.0, discount=null)), (Trip(driver=Driver(name=D-1), passengers=[Passenger(name=P-9), Passenger(name=P-0), Passenger(name=P-3), Passenger(name=P-14)], duration=0, distance=15.0, discount=null), Trip(driver=Driver(name=D-9), passengers=[Passenger(name=P-6)], duration=3, distance=6.0, discount=null)), (Trip(driver=Driver(name=D-1), passengers=[Passenger(name=P-9), Passenger(name=P-0), Passenger(name=P-3), Passenger(name=P-14)], duration=0, distance=15.0, discount=null), Trip(driver=Driver(name=D-4), passengers=[Passenger(name=P-12), Passenger(name=P-19), Passenger(name=P-7), Passenger(name=P-0)], duration=9, distance=10.0, discount=0.4)), (Trip(driver=Driver(name=D-1), passengers=[Passenger(name=P-9), Passenger(name=P-0), Passenger(name=P-3), Passenger(name=P-14)], duration=0, distance=15.0, discount=null), Trip(driver=Driver(name=D-7), passengers=[Passenger(name=P-16)], duration=11, distance=12.0, discount=0.1)), (Trip(driver=Driver(name=D-1), passengers=[Passenger(name=P-9), Passenger(name=P-0), Passenger(name=P-3), Passenger(name=P-14)], duration=0, distance=15.0, discount=null), Trip(driver=Driver(name=D-9), passengers=[Passenger(name=P-6), Passenger(name=P-14)], duration=9, distance=7.0, discount=null)), (Trip(driver=Driver(name=D-1), passengers=[Passenger(name=P-9), Passenger(name=P-0), Passenger(name=P-3), Passenger(name=P-14)], duration=0, distance=15.0, discount=null), Trip(driver=Driver(name=D-5), passengers=[Passenger(name=P-4)], duration=1, distance=16.0, discount=0.4)), (Trip(driver=Driver(name=D-1), passengers=[Passenger(name=P-9), Passenger(name=P-0), Passenger(name=P-3), Passenger(name=P-14)], duration=0, distance=15.0, discount=null), Trip(driver=Driver(name=D-2), passengers=[Passenger(name=P-15), Passenger(name=P-7), Passenger(name=P-12)], duration=9, distance=6.0, discount=null)), (Trip(driver=Driver(name=D-1), passengers=[Passenger(name=P-9), Passenger(name=P-0), Passenger(name=P-3), Passenger(name=P-14)], duration=0, distance=15.0, discount=null), Trip(driver=Driver(name=D-1), passengers=[Passenger(name=P-13)], duration=2, distance=7.0, discount=0.1)), (Trip(driver=Driver(name=D-1), passengers=[Passenger(name=P-9), Passenger(name=P-0), Passenger(name=P-3), Passenger(name=P-14)], duration=0, distance=15.0, discount=null), Trip(driver=Driver(name=D-5), passengers=[Passenger(name=P-0), Passenger(name=P-18), Passenger(name=P-3)], duration=10, distance=11.0, discount=null)), (Trip(driver=Driver(name=D-1), passengers=[Passenger(name=P-9), Passenger(name=P-0), Passenger(name=P-3), Passenger(name=P-14)], duration=0, distance=15.0, discount=null), Trip(driver=Driver(name=D-0), passengers=[Passenger(name=P-9)], duration=6, distance=18.0, discount=0.4)), (Trip(driver=Driver(name=D-1), passengers=[Passenger(name=P-9), Passenger(name=P-0), Passenger(name=P-3), Passenger(name=P-14)], duration=0, distance=15.0, discount=null), Trip(driver=Driver(name=D-1), passengers=[Passenger(name=P-9), Passenger(name=P-0), Passenger(name=P-3), Passenger(name=P-14)], duration=0, distance=15.0, discount=null)), (Trip(driver=Driver(name=D-1), passengers=[Passenger(name=P-9), Passenger(name=P-0), Passenger(name=P-3), Passenger(name=P-14)], duration=0, distance=15.0, discount=null), Trip(driver=Driver(name=D-1), passengers=[Passenger(name=P-10)], duration=17, distance=15.0, discount=null)), (Trip(driver=Driver(name=D-1), passengers=[Passenger(name=P-9), Passenger(name=P-0), Passenger(name=P-3), Passenger(name=P-14)], duration=0, distance=15.0, discount=null), Trip(driver=Driver(name=D-6), passengers=[Passenger(name=P-0), Passenger(name=P-18), Passenger(name=P-13)], duration=3, distance=5.0, discount=null)), (Trip(driver=Driver(name=D-1), passengers=[Passenger(name=P-9), Passenger(name=P-0), Passenger(name=P-3), Passenger(name=P-14)], duration=0, distance=15.0, discount=null), Trip(driver=Driver(name=D-7), passengers=[Passenger(name=P-19), Passenger(name=P-10)], duration=0, distance=8.0, discount=null)), (Trip(driver=Driver(name=D-1), passengers=[Passenger(name=P-9), Passenger(name=P-0), Passenger(name=P-3), Passenger(name=P-14)], duration=0, distance=15.0, discount=null), Trip(driver=Driver(name=D-8), passengers=[Passenger(name=P-4), Passenger(name=P-15)], duration=9, distance=17.0, discount=0.1)), (Trip(driver=Driver(name=D-1), passengers=[Passenger(name=P-9), Passenger(name=P-0), Passenger(name=P-3), Passenger(name=P-14)], duration=0, distance=15.0, discount=null), Trip(driver=Driver(name=D-6), passengers=[Passenger(name=P-15)], duration=13, distance=1.0, discount=null)), (Trip(driver=Driver(name=D-1), passengers=[Passenger(name=P-9), Passenger(name=P-0), Passenger(name=P-3), Passenger(name=P-14)], duration=0, distance=15.0, discount=null), Trip(driver=Driver(name=D-2), passengers=[Passenger(name=P-3)], duration=13, distance=15.0, discount=0.2)), (Trip(driver=Driver(name=D-1), passengers=[Passenger(name=P-9), Passenger(name=P-0), Passenger(name=P-3), Passenger(name=P-14)], duration=0, distance=15.0, discount=null), Trip(driver=Driver(name=D-3), passengers=[Passenger(name=P-13), Passenger(name=P-11), Passenger(name=P-15)], duration=2, distance=9.0, discount=null)), (Trip(driver=Driver(name=D-1), passengers=[Passenger(name=P-9), Passenger(name=P-0), Passenger(name=P-3), Passenger(name=P-14)], duration=0, distance=15.0, discount=null), Trip(driver=Driver(name=D-2), passengers=[Passenger(name=P-12)], duration=2, distance=16.0, discount=null)), (Trip(driver=Driver(name=D-1), passengers=[Passenger(name=P-9), Passenger(name=P-0), Passenger(name=P-3), Passenger(name=P-14)], duration=0, distance=15.0, discount=null), Trip(driver=Driver(name=D-6), passengers=[Passenger(name=P-13), Passenger(name=P-18)], duration=12, distance=14.0, discount=null)), (Trip(driver=Driver(name=D-1), passengers=[Passenger(name=P-9), Passenger(name=P-0), Passenger(name=P-3), Passenger(name=P-14)], duration=0, distance=15.0, discount=null), Trip(driver=Driver(name=D-8), passengers=[Passenger(name=P-19)], duration=1, distance=13.0, discount=0.4)), (Trip(driver=Driver(name=D-1), passengers=[Passenger(name=P-9), Passenger(name=P-0), Passenger(name=P-3), Passenger(name=P-14)], duration=0, distance=15.0, discount=null), Trip(driver=Driver(name=D-6), passengers=[Passenger(name=P-9), Passenger(name=P-13), Passenger(name=P-1), Passenger(name=P-19)], duration=5, distance=14.0, discount=0.2)), (Trip(driver=Driver(name=D-1), passengers=[Passenger(name=P-9), Passenger(name=P-0), Passenger(name=P-3), Passenger(name=P-14)], duration=0, distance=15.0, discount=null), Trip(driver=Driver(name=D-4), passengers=[Passenger(name=P-8)], duration=15, distance=8.0, discount=0.2)), (Trip(driver=Driver(name=D-1), passengers=[Passenger(name=P-9), Passenger(name=P-0), Passenger(name=P-3), Passenger(name=P-14)], duration=0, distance=15.0, discount=null), Trip(driver=Driver(name=D-6), passengers=[Passenger(name=P-16), Passenger(name=P-15)], duration=9, distance=4.0, discount=null)), (Trip(driver=Driver(name=D-1), passengers=[Passenger(name=P-9), Passenger(name=P-0), Passenger(name=P-3), Passenger(name=P-14)], duration=0, distance=15.0, discount=null), Trip(driver=Driver(name=D-2), passengers=[Passenger(name=P-14), Passenger(name=P-0)], duration=7, distance=2.0, discount=null)), (Trip(driver=Driver(name=D-1), passengers=[Passenger(name=P-9), Passenger(name=P-0), Passenger(name=P-3), Passenger(name=P-14)], duration=0, distance=15.0, discount=null), Trip(driver=Driver(name=D-5), passengers=[Passenger(name=P-18)], duration=7, distance=19.0, discount=null)), (Trip(driver=Driver(name=D-1), passengers=[Passenger(name=P-9), Passenger(name=P-0), Passenger(name=P-3), Passenger(name=P-14)], duration=0, distance=15.0, discount=null), Trip(driver=Driver(name=D-9), passengers=[Passenger(name=P-15)], duration=15, distance=10.0, discount=0.4)), (Trip(driver=Driver(name=D-1), passengers=[Passenger(name=P-9), Passenger(name=P-0), Passenger(name=P-3), Passenger(name=P-14)], duration=0, distance=15.0, discount=null), Trip(driver=Driver(name=D-7), passengers=[Passenger(name=P-7), Passenger(name=P-18)], duration=12, distance=11.0, discount=null)), (Trip(driver=Driver(name=D-1), passengers=[Passenger(name=P-9), Passenger(name=P-0), Passenger(name=P-3), Passenger(name=P-14)], duration=0, distance=15.0, discount=null), Trip(driver=Driver(name=D-3), passengers=[Passenger(name=P-10), Passenger(name=P-19), Passenger(name=P-17)], duration=10, distance=7.0, discount=null)), (Trip(driver=Driver(name=D-1), passengers=[Passenger(name=P-9), Passenger(name=P-0), Passenger(name=P-3), Passenger(name=P-14)], duration=0, distance=15.0, discount=null), Trip(driver=Driver(name=D-3), passengers=[Passenger(name=P-10)], duration=18, distance=10.0, discount=0.2)), (Trip(driver=Driver(name=D-1), passengers=[Passenger(name=P-9), Passenger(name=P-0), Passenger(name=P-3), Passenger(name=P-14)], duration=0, distance=15.0, discount=null), Trip(driver=Driver(name=D-8), passengers=[Passenger(name=P-9), Passenger(name=P-15), Passenger(name=P-16), Passenger(name=P-19)], duration=19, distance=12.0, discount=0.3)), (Trip(driver=Driver(name=D-1), passengers=[Passenger(name=P-9), Passenger(name=P-0), Passenger(name=P-3), Passenger(name=P-14)], duration=0, distance=15.0, discount=null), Trip(driver=Driver(name=D-5), passengers=[Passenger(name=P-13)], duration=16, distance=11.0, discount=0.3))]
item [(Trip(driver=Driver(name=D-1), passengers=[Passenger(name=P-10)], duration=17, distance=15.0, discount=null), Trip(driver=Driver(name=D-0), passengers=[Passenger(name=P-15), Passenger(name=P-14), Passenger(name=P-10)], duration=0, distance=19.0, discount=null)), (Trip(driver=Driver(name=D-1), passengers=[Passenger(name=P-10)], duration=17, distance=15.0, discount=null), Trip(driver=Driver(name=D-0), passengers=[Passenger(name=P-18), Passenger(name=P-8), Passenger(name=P-7), Passenger(name=P-14)], duration=15, distance=1.0, discount=null)), (Trip(driver=Driver(name=D-1), passengers=[Passenger(name=P-10)], duration=17, distance=15.0, discount=null), Trip(driver=Driver(name=D-9), passengers=[Passenger(name=P-4), Passenger(name=P-19), Passenger(name=P-0)], duration=9, distance=15.0, discount=null)), (Trip(driver=Driver(name=D-1), passengers=[Passenger(name=P-10)], duration=17, distance=15.0, discount=null), Trip(driver=Driver(name=D-0), passengers=[Passenger(name=P-12), Passenger(name=P-7), Passenger(name=P-2)], duration=13, distance=19.0, discount=0.3)), (Trip(driver=Driver(name=D-1), passengers=[Passenger(name=P-10)], duration=17, distance=15.0, discount=null), Trip(driver=Driver(name=D-6), passengers=[Passenger(name=P-11), Passenger(name=P-8)], duration=14, distance=19.0, discount=null)), (Trip(driver=Driver(name=D-1), passengers=[Passenger(name=P-10)], duration=17, distance=15.0, discount=null), Trip(driver=Driver(name=D-0), passengers=[Passenger(name=P-2)], duration=12, distance=14.0, discount=0.3)), (Trip(driver=Driver(name=D-1), passengers=[Passenger(name=P-10)], duration=17, distance=15.0, discount=null), Trip(driver=Driver(name=D-8), passengers=[Passenger(name=P-1), Passenger(name=P-17), Passenger(name=P-9), Passenger(name=P-10)], duration=16, distance=3.0, discount=null)), (Trip(driver=Driver(name=D-1), passengers=[Passenger(name=P-10)], duration=17, distance=15.0, discount=null), Trip(driver=Driver(name=D-0), passengers=[Passenger(name=P-17)], duration=10, distance=6.0, discount=0.4)), (Trip(driver=Driver(name=D-1), passengers=[Passenger(name=P-10)], duration=17, distance=15.0, discount=null), Trip(driver=Driver(name=D-1), passengers=[Passenger(name=P-8), Passenger(name=P-1)], duration=7, distance=5.0, discount=null)), (Trip(driver=Driver(name=D-1), passengers=[Passenger(name=P-10)], duration=17, distance=15.0, discount=null), Trip(driver=Driver(name=D-9), passengers=[Passenger(name=P-6)], duration=3, distance=6.0, discount=null)), (Trip(driver=Driver(name=D-1), passengers=[Passenger(name=P-10)], duration=17, distance=15.0, discount=null), Trip(driver=Driver(name=D-4), passengers=[Passenger(name=P-12), Passenger(name=P-19), Passenger(name=P-7), Passenger(name=P-0)], duration=9, distance=10.0, discount=0.4)), (Trip(driver=Driver(name=D-1), passengers=[Passenger(name=P-10)], duration=17, distance=15.0, discount=null), Trip(driver=Driver(name=D-7), passengers=[Passenger(name=P-16)], duration=11, distance=12.0, discount=0.1)), (Trip(driver=Driver(name=D-1), passengers=[Passenger(name=P-10)], duration=17, distance=15.0, discount=null), Trip(driver=Driver(name=D-9), passengers=[Passenger(name=P-6), Passenger(name=P-14)], duration=9, distance=7.0, discount=null)), (Trip(driver=Driver(name=D-1), passengers=[Passenger(name=P-10)], duration=17, distance=15.0, discount=null), Trip(driver=Driver(name=D-5), passengers=[Passenger(name=P-4)], duration=1, distance=16.0, discount=0.4)), (Trip(driver=Driver(name=D-1), passengers=[Passenger(name=P-10)], duration=17, distance=15.0, discount=null), Trip(driver=Driver(name=D-2), passengers=[Passenger(name=P-15), Passenger(name=P-7), Passenger(name=P-12)], duration=9, distance=6.0, discount=null)), (Trip(driver=Driver(name=D-1), passengers=[Passenger(name=P-10)], duration=17, distance=15.0, discount=null), Trip(driver=Driver(name=D-1), passengers=[Passenger(name=P-13)], duration=2, distance=7.0, discount=0.1)), (Trip(driver=Driver(name=D-1), passengers=[Passenger(name=P-10)], duration=17, distance=15.0, discount=null), Trip(driver=Driver(name=D-5), passengers=[Passenger(name=P-0), Passenger(name=P-18), Passenger(name=P-3)], duration=10, distance=11.0, discount=null)), (Trip(driver=Driver(name=D-1), passengers=[Passenger(name=P-10)], duration=17, distance=15.0, discount=null), Trip(driver=Driver(name=D-0), passengers=[Passenger(name=P-9)], duration=6, distance=18.0, discount=0.4)), (Trip(driver=Driver(name=D-1), passengers=[Passenger(name=P-10)], duration=17, distance=15.0, discount=null), Trip(driver=Driver(name=D-1), passengers=[Passenger(name=P-9), Passenger(name=P-0), Passenger(name=P-3), Passenger(name=P-14)], duration=0, distance=15.0, discount=null)), (Trip(driver=Driver(name=D-1), passengers=[Passenger(name=P-10)], duration=17, distance=15.0, discount=null), Trip(driver=Driver(name=D-1), passengers=[Passenger(name=P-10)], duration=17, distance=15.0, discount=null)), (Trip(driver=Driver(name=D-1), passengers=[Passenger(name=P-10)], duration=17, distance=15.0, discount=null), Trip(driver=Driver(name=D-6), passengers=[Passenger(name=P-0), Passenger(name=P-18), Passenger(name=P-13)], duration=3, distance=5.0, discount=null)), (Trip(driver=Driver(name=D-1), passengers=[Passenger(name=P-10)], duration=17, distance=15.0, discount=null), Trip(driver=Driver(name=D-7), passengers=[Passenger(name=P-19), Passenger(name=P-10)], duration=0, distance=8.0, discount=null)), (Trip(driver=Driver(name=D-1), passengers=[Passenger(name=P-10)], duration=17, distance=15.0, discount=null), Trip(driver=Driver(name=D-8), passengers=[Passenger(name=P-4), Passenger(name=P-15)], duration=9, distance=17.0, discount=0.1)), (Trip(driver=Driver(name=D-1), passengers=[Passenger(name=P-10)], duration=17, distance=15.0, discount=null), Trip(driver=Driver(name=D-6), passengers=[Passenger(name=P-15)], duration=13, distance=1.0, discount=null)), (Trip(driver=Driver(name=D-1), passengers=[Passenger(name=P-10)], duration=17, distance=15.0, discount=null), Trip(driver=Driver(name=D-2), passengers=[Passenger(name=P-3)], duration=13, distance=15.0, discount=0.2)), (Trip(driver=Driver(name=D-1), passengers=[Passenger(name=P-10)], duration=17, distance=15.0, discount=null), Trip(driver=Driver(name=D-3), passengers=[Passenger(name=P-13), Passenger(name=P-11), Passenger(name=P-15)], duration=2, distance=9.0, discount=null)), (Trip(driver=Driver(name=D-1), passengers=[Passenger(name=P-10)], duration=17, distance=15.0, discount=null), Trip(driver=Driver(name=D-2), passengers=[Passenger(name=P-12)], duration=2, distance=16.0, discount=null)), (Trip(driver=Driver(name=D-1), passengers=[Passenger(name=P-10)], duration=17, distance=15.0, discount=null), Trip(driver=Driver(name=D-6), passengers=[Passenger(name=P-13), Passenger(name=P-18)], duration=12, distance=14.0, discount=null)), (Trip(driver=Driver(name=D-1), passengers=[Passenger(name=P-10)], duration=17, distance=15.0, discount=null), Trip(driver=Driver(name=D-8), passengers=[Passenger(name=P-19)], duration=1, distance=13.0, discount=0.4)), (Trip(driver=Driver(name=D-1), passengers=[Passenger(name=P-10)], duration=17, distance=15.0, discount=null), Trip(driver=Driver(name=D-6), passengers=[Passenger(name=P-9), Passenger(name=P-13), Passenger(name=P-1), Passenger(name=P-19)], duration=5, distance=14.0, discount=0.2)), (Trip(driver=Driver(name=D-1), passengers=[Passenger(name=P-10)], duration=17, distance=15.0, discount=null), Trip(driver=Driver(name=D-4), passengers=[Passenger(name=P-8)], duration=15, distance=8.0, discount=0.2)), (Trip(driver=Driver(name=D-1), passengers=[Passenger(name=P-10)], duration=17, distance=15.0, discount=null), Trip(driver=Driver(name=D-6), passengers=[Passenger(name=P-16), Passenger(name=P-15)], duration=9, distance=4.0, discount=null)), (Trip(driver=Driver(name=D-1), passengers=[Passenger(name=P-10)], duration=17, distance=15.0, discount=null), Trip(driver=Driver(name=D-2), passengers=[Passenger(name=P-14), Passenger(name=P-0)], duration=7, distance=2.0, discount=null)), (Trip(driver=Driver(name=D-1), passengers=[Passenger(name=P-10)], duration=17, distance=15.0, discount=null), Trip(driver=Driver(name=D-5), passengers=[Passenger(name=P-18)], duration=7, distance=19.0, discount=null)), (Trip(driver=Driver(name=D-1), passengers=[Passenger(name=P-10)], duration=17, distance=15.0, discount=null), Trip(driver=Driver(name=D-9), passengers=[Passenger(name=P-15)], duration=15, distance=10.0, discount=0.4)), (Trip(driver=Driver(name=D-1), passengers=[Passenger(name=P-10)], duration=17, distance=15.0, discount=null), Trip(driver=Driver(name=D-7), passengers=[Passenger(name=P-7), Passenger(name=P-18)], duration=12, distance=11.0, discount=null)), (Trip(driver=Driver(name=D-1), passengers=[Passenger(name=P-10)], duration=17, distance=15.0, discount=null), Trip(driver=Driver(name=D-3), passengers=[Passenger(name=P-10), Passenger(name=P-19), Passenger(name=P-17)], duration=10, distance=7.0, discount=null)), (Trip(driver=Driver(name=D-1), passengers=[Passenger(name=P-10)], duration=17, distance=15.0, discount=null), Trip(driver=Driver(name=D-3), passengers=[Passenger(name=P-10)], duration=18, distance=10.0, discount=0.2)), (Trip(driver=Driver(name=D-1), passengers=[Passenger(name=P-10)], duration=17, distance=15.0, discount=null), Trip(driver=Driver(name=D-8), passengers=[Passenger(name=P-9), Passenger(name=P-15), Passenger(name=P-16), Passenger(name=P-19)], duration=19, distance=12.0, discount=0.3)), (Trip(driver=Driver(name=D-1), passengers=[Passenger(name=P-10)], duration=17, distance=15.0, discount=null), Trip(driver=Driver(name=D-5), passengers=[Passenger(name=P-13)], duration=16, distance=11.0, discount=0.3))]
item [(Trip(driver=Driver(name=D-6), passengers=[Passenger(name=P-0), Passenger(name=P-18), Passenger(name=P-13)], duration=3, distance=5.0, discount=null), Trip(driver=Driver(name=D-0), passengers=[Passenger(name=P-15), Passenger(name=P-14), Passenger(name=P-10)], duration=0, distance=19.0, discount=null)), (Trip(driver=Driver(name=D-6), passengers=[Passenger(name=P-0), Passenger(name=P-18), Passenger(name=P-13)], duration=3, distance=5.0, discount=null), Trip(driver=Driver(name=D-0), passengers=[Passenger(name=P-18), Passenger(name=P-8), Passenger(name=P-7), Passenger(name=P-14)], duration=15, distance=1.0, discount=null)), (Trip(driver=Driver(name=D-6), passengers=[Passenger(name=P-0), Passenger(name=P-18), Passenger(name=P-13)], duration=3, distance=5.0, discount=null), Trip(driver=Driver(name=D-9), passengers=[Passenger(name=P-4), Passenger(name=P-19), Passenger(name=P-0)], duration=9, distance=15.0, discount=null)), (Trip(driver=Driver(name=D-6), passengers=[Passenger(name=P-0), Passenger(name=P-18), Passenger(name=P-13)], duration=3, distance=5.0, discount=null), Trip(driver=Driver(name=D-0), passengers=[Passenger(name=P-12), Passenger(name=P-7), Passenger(name=P-2)], duration=13, distance=19.0, discount=0.3)), (Trip(driver=Driver(name=D-6), passengers=[Passenger(name=P-0), Passenger(name=P-18), Passenger(name=P-13)], duration=3, distance=5.0, discount=null), Trip(driver=Driver(name=D-6), passengers=[Passenger(name=P-11), Passenger(name=P-8)], duration=14, distance=19.0, discount=null)), (Trip(driver=Driver(name=D-6), passengers=[Passenger(name=P-0), Passenger(name=P-18), Passenger(name=P-13)], duration=3, distance=5.0, discount=null), Trip(driver=Driver(name=D-0), passengers=[Passenger(name=P-2)], duration=12, distance=14.0, discount=0.3)), (Trip(driver=Driver(name=D-6), passengers=[Passenger(name=P-0), Passenger(name=P-18), Passenger(name=P-13)], duration=3, distance=5.0, discount=null), Trip(driver=Driver(name=D-8), passengers=[Passenger(name=P-1), Passenger(name=P-17), Passenger(name=P-9), Passenger(name=P-10)], duration=16, distance=3.0, discount=null)), (Trip(driver=Driver(name=D-6), passengers=[Passenger(name=P-0), Passenger(name=P-18), Passenger(name=P-13)], duration=3, distance=5.0, discount=null), Trip(driver=Driver(name=D-0), passengers=[Passenger(name=P-17)], duration=10, distance=6.0, discount=0.4)), (Trip(driver=Driver(name=D-6), passengers=[Passenger(name=P-0), Passenger(name=P-18), Passenger(name=P-13)], duration=3, distance=5.0, discount=null), Trip(driver=Driver(name=D-1), passengers=[Passenger(name=P-8), Passenger(name=P-1)], duration=7, distance=5.0, discount=null)), (Trip(driver=Driver(name=D-6), passengers=[Passenger(name=P-0), Passenger(name=P-18), Passenger(name=P-13)], duration=3, distance=5.0, discount=null), Trip(driver=Driver(name=D-9), passengers=[Passenger(name=P-6)], duration=3, distance=6.0, discount=null)), (Trip(driver=Driver(name=D-6), passengers=[Passenger(name=P-0), Passenger(name=P-18), Passenger(name=P-13)], duration=3, distance=5.0, discount=null), Trip(driver=Driver(name=D-4), passengers=[Passenger(name=P-12), Passenger(name=P-19), Passenger(name=P-7), Passenger(name=P-0)], duration=9, distance=10.0, discount=0.4)), (Trip(driver=Driver(name=D-6), passengers=[Passenger(name=P-0), Passenger(name=P-18), Passenger(name=P-13)], duration=3, distance=5.0, discount=null), Trip(driver=Driver(name=D-7), passengers=[Passenger(name=P-16)], duration=11, distance=12.0, discount=0.1)), (Trip(driver=Driver(name=D-6), passengers=[Passenger(name=P-0), Passenger(name=P-18), Passenger(name=P-13)], duration=3, distance=5.0, discount=null), Trip(driver=Driver(name=D-9), passengers=[Passenger(name=P-6), Passenger(name=P-14)], duration=9, distance=7.0, discount=null)), (Trip(driver=Driver(name=D-6), passengers=[Passenger(name=P-0), Passenger(name=P-18), Passenger(name=P-13)], duration=3, distance=5.0, discount=null), Trip(driver=Driver(name=D-5), passengers=[Passenger(name=P-4)], duration=1, distance=16.0, discount=0.4)), (Trip(driver=Driver(name=D-6), passengers=[Passenger(name=P-0), Passenger(name=P-18), Passenger(name=P-13)], duration=3, distance=5.0, discount=null), Trip(driver=Driver(name=D-2), passengers=[Passenger(name=P-15), Passenger(name=P-7), Passenger(name=P-12)], duration=9, distance=6.0, discount=null)), (Trip(driver=Driver(name=D-6), passengers=[Passenger(name=P-0), Passenger(name=P-18), Passenger(name=P-13)], duration=3, distance=5.0, discount=null), Trip(driver=Driver(name=D-1), passengers=[Passenger(name=P-13)], duration=2, distance=7.0, discount=0.1)), (Trip(driver=Driver(name=D-6), passengers=[Passenger(name=P-0), Passenger(name=P-18), Passenger(name=P-13)], duration=3, distance=5.0, discount=null), Trip(driver=Driver(name=D-5), passengers=[Passenger(name=P-0), Passenger(name=P-18), Passenger(name=P-3)], duration=10, distance=11.0, discount=null)), (Trip(driver=Driver(name=D-6), passengers=[Passenger(name=P-0), Passenger(name=P-18), Passenger(name=P-13)], duration=3, distance=5.0, discount=null), Trip(driver=Driver(name=D-0), passengers=[Passenger(name=P-9)], duration=6, distance=18.0, discount=0.4)), (Trip(driver=Driver(name=D-6), passengers=[Passenger(name=P-0), Passenger(name=P-18), Passenger(name=P-13)], duration=3, distance=5.0, discount=null), Trip(driver=Driver(name=D-1), passengers=[Passenger(name=P-9), Passenger(name=P-0), Passenger(name=P-3), Passenger(name=P-14)], duration=0, distance=15.0, discount=null)), (Trip(driver=Driver(name=D-6), passengers=[Passenger(name=P-0), Passenger(name=P-18), Passenger(name=P-13)], duration=3, distance=5.0, discount=null), Trip(driver=Driver(name=D-1), passengers=[Passenger(name=P-10)], duration=17, distance=15.0, discount=null)), (Trip(driver=Driver(name=D-6), passengers=[Passenger(name=P-0), Passenger(name=P-18), Passenger(name=P-13)], duration=3, distance=5.0, discount=null), Trip(driver=Driver(name=D-6), passengers=[Passenger(name=P-0), Passenger(name=P-18), Passenger(name=P-13)], duration=3, distance=5.0, discount=null)), (Trip(driver=Driver(name=D-6), passengers=[Passenger(name=P-0), Passenger(name=P-18), Passenger(name=P-13)], duration=3, distance=5.0, discount=null), Trip(driver=Driver(name=D-7), passengers=[Passenger(name=P-19), Passenger(name=P-10)], duration=0, distance=8.0, discount=null)), (Trip(driver=Driver(name=D-6), passengers=[Passenger(name=P-0), Passenger(name=P-18), Passenger(name=P-13)], duration=3, distance=5.0, discount=null), Trip(driver=Driver(name=D-8), passengers=[Passenger(name=P-4), Passenger(name=P-15)], duration=9, distance=17.0, discount=0.1)), (Trip(driver=Driver(name=D-6), passengers=[Passenger(name=P-0), Passenger(name=P-18), Passenger(name=P-13)], duration=3, distance=5.0, discount=null), Trip(driver=Driver(name=D-6), passengers=[Passenger(name=P-15)], duration=13, distance=1.0, discount=null)), (Trip(driver=Driver(name=D-6), passengers=[Passenger(name=P-0), Passenger(name=P-18), Passenger(name=P-13)], duration=3, distance=5.0, discount=null), Trip(driver=Driver(name=D-2), passengers=[Passenger(name=P-3)], duration=13, distance=15.0, discount=0.2)), (Trip(driver=Driver(name=D-6), passengers=[Passenger(name=P-0), Passenger(name=P-18), Passenger(name=P-13)], duration=3, distance=5.0, discount=null), Trip(driver=Driver(name=D-3), passengers=[Passenger(name=P-13), Passenger(name=P-11), Passenger(name=P-15)], duration=2, distance=9.0, discount=null)), (Trip(driver=Driver(name=D-6), passengers=[Passenger(name=P-0), Passenger(name=P-18), Passenger(name=P-13)], duration=3, distance=5.0, discount=null), Trip(driver=Driver(name=D-2), passengers=[Passenger(name=P-12)], duration=2, distance=16.0, discount=null)), (Trip(driver=Driver(name=D-6), passengers=[Passenger(name=P-0), Passenger(name=P-18), Passenger(name=P-13)], duration=3, distance=5.0, discount=null), Trip(driver=Driver(name=D-6), passengers=[Passenger(name=P-13), Passenger(name=P-18)], duration=12, distance=14.0, discount=null)), (Trip(driver=Driver(name=D-6), passengers=[Passenger(name=P-0), Passenger(name=P-18), Passenger(name=P-13)], duration=3, distance=5.0, discount=null), Trip(driver=Driver(name=D-8), passengers=[Passenger(name=P-19)], duration=1, distance=13.0, discount=0.4)), (Trip(driver=Driver(name=D-6), passengers=[Passenger(name=P-0), Passenger(name=P-18), Passenger(name=P-13)], duration=3, distance=5.0, discount=null), Trip(driver=Driver(name=D-6), passengers=[Passenger(name=P-9), Passenger(name=P-13), Passenger(name=P-1), Passenger(name=P-19)], duration=5, distance=14.0, discount=0.2)), (Trip(driver=Driver(name=D-6), passengers=[Passenger(name=P-0), Passenger(name=P-18), Passenger(name=P-13)], duration=3, distance=5.0, discount=null), Trip(driver=Driver(name=D-4), passengers=[Passenger(name=P-8)], duration=15, distance=8.0, discount=0.2)), (Trip(driver=Driver(name=D-6), passengers=[Passenger(name=P-0), Passenger(name=P-18), Passenger(name=P-13)], duration=3, distance=5.0, discount=null), Trip(driver=Driver(name=D-6), passengers=[Passenger(name=P-16), Passenger(name=P-15)], duration=9, distance=4.0, discount=null)), (Trip(driver=Driver(name=D-6), passengers=[Passenger(name=P-0), Passenger(name=P-18), Passenger(name=P-13)], duration=3, distance=5.0, discount=null), Trip(driver=Driver(name=D-2), passengers=[Passenger(name=P-14), Passenger(name=P-0)], duration=7, distance=2.0, discount=null)), (Trip(driver=Driver(name=D-6), passengers=[Passenger(name=P-0), Passenger(name=P-18), Passenger(name=P-13)], duration=3, distance=5.0, discount=null), Trip(driver=Driver(name=D-5), passengers=[Passenger(name=P-18)], duration=7, distance=19.0, discount=null)), (Trip(driver=Driver(name=D-6), passengers=[Passenger(name=P-0), Passenger(name=P-18), Passenger(name=P-13)], duration=3, distance=5.0, discount=null), Trip(driver=Driver(name=D-9), passengers=[Passenger(name=P-15)], duration=15, distance=10.0, discount=0.4)), (Trip(driver=Driver(name=D-6), passengers=[Passenger(name=P-0), Passenger(name=P-18), Passenger(name=P-13)], duration=3, distance=5.0, discount=null), Trip(driver=Driver(name=D-7), passengers=[Passenger(name=P-7), Passenger(name=P-18)], duration=12, distance=11.0, discount=null)), (Trip(driver=Driver(name=D-6), passengers=[Passenger(name=P-0), Passenger(name=P-18), Passenger(name=P-13)], duration=3, distance=5.0, discount=null), Trip(driver=Driver(name=D-3), passengers=[Passenger(name=P-10), Passenger(name=P-19), Passenger(name=P-17)], duration=10, distance=7.0, discount=null)), (Trip(driver=Driver(name=D-6), passengers=[Passenger(name=P-0), Passenger(name=P-18), Passenger(name=P-13)], duration=3, distance=5.0, discount=null), Trip(driver=Driver(name=D-3), passengers=[Passenger(name=P-10)], duration=18, distance=10.0, discount=0.2)), (Trip(driver=Driver(name=D-6), passengers=[Passenger(name=P-0), Passenger(name=P-18), Passenger(name=P-13)], duration=3, distance=5.0, discount=null), Trip(driver=Driver(name=D-8), passengers=[Passenger(name=P-9), Passenger(name=P-15), Passenger(name=P-16), Passenger(name=P-19)], duration=19, distance=12.0, discount=0.3)), (Trip(driver=Driver(name=D-6), passengers=[Passenger(name=P-0), Passenger(name=P-18), Passenger(name=P-13)], duration=3, distance=5.0, discount=null), Trip(driver=Driver(name=D-5), passengers=[Passenger(name=P-13)], duration=16, distance=11.0, discount=0.3))]
item [(Trip(driver=Driver(name=D-7), passengers=[Passenger(name=P-19), Passenger(name=P-10)], duration=0, distance=8.0, discount=null), Trip(driver=Driver(name=D-0), passengers=[Passenger(name=P-15), Passenger(name=P-14), Passenger(name=P-10)], duration=0, distance=19.0, discount=null)), (Trip(driver=Driver(name=D-7), passengers=[Passenger(name=P-19), Passenger(name=P-10)], duration=0, distance=8.0, discount=null), Trip(driver=Driver(name=D-0), passengers=[Passenger(name=P-18), Passenger(name=P-8), Passenger(name=P-7), Passenger(name=P-14)], duration=15, distance=1.0, discount=null)), (Trip(driver=Driver(name=D-7), passengers=[Passenger(name=P-19), Passenger(name=P-10)], duration=0, distance=8.0, discount=null), Trip(driver=Driver(name=D-9), passengers=[Passenger(name=P-4), Passenger(name=P-19), Passenger(name=P-0)], duration=9, distance=15.0, discount=null)), (Trip(driver=Driver(name=D-7), passengers=[Passenger(name=P-19), Passenger(name=P-10)], duration=0, distance=8.0, discount=null), Trip(driver=Driver(name=D-0), passengers=[Passenger(name=P-12), Passenger(name=P-7), Passenger(name=P-2)], duration=13, distance=19.0, discount=0.3)), (Trip(driver=Driver(name=D-7), passengers=[Passenger(name=P-19), Passenger(name=P-10)], duration=0, distance=8.0, discount=null), Trip(driver=Driver(name=D-6), passengers=[Passenger(name=P-11), Passenger(name=P-8)], duration=14, distance=19.0, discount=null)), (Trip(driver=Driver(name=D-7), passengers=[Passenger(name=P-19), Passenger(name=P-10)], duration=0, distance=8.0, discount=null), Trip(driver=Driver(name=D-0), passengers=[Passenger(name=P-2)], duration=12, distance=14.0, discount=0.3)), (Trip(driver=Driver(name=D-7), passengers=[Passenger(name=P-19), Passenger(name=P-10)], duration=0, distance=8.0, discount=null), Trip(driver=Driver(name=D-8), passengers=[Passenger(name=P-1), Passenger(name=P-17), Passenger(name=P-9), Passenger(name=P-10)], duration=16, distance=3.0, discount=null)), (Trip(driver=Driver(name=D-7), passengers=[Passenger(name=P-19), Passenger(name=P-10)], duration=0, distance=8.0, discount=null), Trip(driver=Driver(name=D-0), passengers=[Passenger(name=P-17)], duration=10, distance=6.0, discount=0.4)), (Trip(driver=Driver(name=D-7), passengers=[Passenger(name=P-19), Passenger(name=P-10)], duration=0, distance=8.0, discount=null), Trip(driver=Driver(name=D-1), passengers=[Passenger(name=P-8), Passenger(name=P-1)], duration=7, distance=5.0, discount=null)), (Trip(driver=Driver(name=D-7), passengers=[Passenger(name=P-19), Passenger(name=P-10)], duration=0, distance=8.0, discount=null), Trip(driver=Driver(name=D-9), passengers=[Passenger(name=P-6)], duration=3, distance=6.0, discount=null)), (Trip(driver=Driver(name=D-7), passengers=[Passenger(name=P-19), Passenger(name=P-10)], duration=0, distance=8.0, discount=null), Trip(driver=Driver(name=D-4), passengers=[Passenger(name=P-12), Passenger(name=P-19), Passenger(name=P-7), Passenger(name=P-0)], duration=9, distance=10.0, discount=0.4)), (Trip(driver=Driver(name=D-7), passengers=[Passenger(name=P-19), Passenger(name=P-10)], duration=0, distance=8.0, discount=null), Trip(driver=Driver(name=D-7), passengers=[Passenger(name=P-16)], duration=11, distance=12.0, discount=0.1)), (Trip(driver=Driver(name=D-7), passengers=[Passenger(name=P-19), Passenger(name=P-10)], duration=0, distance=8.0, discount=null), Trip(driver=Driver(name=D-9), passengers=[Passenger(name=P-6), Passenger(name=P-14)], duration=9, distance=7.0, discount=null)), (Trip(driver=Driver(name=D-7), passengers=[Passenger(name=P-19), Passenger(name=P-10)], duration=0, distance=8.0, discount=null), Trip(driver=Driver(name=D-5), passengers=[Passenger(name=P-4)], duration=1, distance=16.0, discount=0.4)), (Trip(driver=Driver(name=D-7), passengers=[Passenger(name=P-19), Passenger(name=P-10)], duration=0, distance=8.0, discount=null), Trip(driver=Driver(name=D-2), passengers=[Passenger(name=P-15), Passenger(name=P-7), Passenger(name=P-12)], duration=9, distance=6.0, discount=null)), (Trip(driver=Driver(name=D-7), passengers=[Passenger(name=P-19), Passenger(name=P-10)], duration=0, distance=8.0, discount=null), Trip(driver=Driver(name=D-1), passengers=[Passenger(name=P-13)], duration=2, distance=7.0, discount=0.1)), (Trip(driver=Driver(name=D-7), passengers=[Passenger(name=P-19), Passenger(name=P-10)], duration=0, distance=8.0, discount=null), Trip(driver=Driver(name=D-5), passengers=[Passenger(name=P-0), Passenger(name=P-18), Passenger(name=P-3)], duration=10, distance=11.0, discount=null)), (Trip(driver=Driver(name=D-7), passengers=[Passenger(name=P-19), Passenger(name=P-10)], duration=0, distance=8.0, discount=null), Trip(driver=Driver(name=D-0), passengers=[Passenger(name=P-9)], duration=6, distance=18.0, discount=0.4)), (Trip(driver=Driver(name=D-7), passengers=[Passenger(name=P-19), Passenger(name=P-10)], duration=0, distance=8.0, discount=null), Trip(driver=Driver(name=D-1), passengers=[Passenger(name=P-9), Passenger(name=P-0), Passenger(name=P-3), Passenger(name=P-14)], duration=0, distance=15.0, discount=null)), (Trip(driver=Driver(name=D-7), passengers=[Passenger(name=P-19), Passenger(name=P-10)], duration=0, distance=8.0, discount=null), Trip(driver=Driver(name=D-1), passengers=[Passenger(name=P-10)], duration=17, distance=15.0, discount=null)), (Trip(driver=Driver(name=D-7), passengers=[Passenger(name=P-19), Passenger(name=P-10)], duration=0, distance=8.0, discount=null), Trip(driver=Driver(name=D-6), passengers=[Passenger(name=P-0), Passenger(name=P-18), Passenger(name=P-13)], duration=3, distance=5.0, discount=null)), (Trip(driver=Driver(name=D-7), passengers=[Passenger(name=P-19), Passenger(name=P-10)], duration=0, distance=8.0, discount=null), Trip(driver=Driver(name=D-7), passengers=[Passenger(name=P-19), Passenger(name=P-10)], duration=0, distance=8.0, discount=null)), (Trip(driver=Driver(name=D-7), passengers=[Passenger(name=P-19), Passenger(name=P-10)], duration=0, distance=8.0, discount=null), Trip(driver=Driver(name=D-8), passengers=[Passenger(name=P-4), Passenger(name=P-15)], duration=9, distance=17.0, discount=0.1)), (Trip(driver=Driver(name=D-7), passengers=[Passenger(name=P-19), Passenger(name=P-10)], duration=0, distance=8.0, discount=null), Trip(driver=Driver(name=D-6), passengers=[Passenger(name=P-15)], duration=13, distance=1.0, discount=null)), (Trip(driver=Driver(name=D-7), passengers=[Passenger(name=P-19), Passenger(name=P-10)], duration=0, distance=8.0, discount=null), Trip(driver=Driver(name=D-2), passengers=[Passenger(name=P-3)], duration=13, distance=15.0, discount=0.2)), (Trip(driver=Driver(name=D-7), passengers=[Passenger(name=P-19), Passenger(name=P-10)], duration=0, distance=8.0, discount=null), Trip(driver=Driver(name=D-3), passengers=[Passenger(name=P-13), Passenger(name=P-11), Passenger(name=P-15)], duration=2, distance=9.0, discount=null)), (Trip(driver=Driver(name=D-7), passengers=[Passenger(name=P-19), Passenger(name=P-10)], duration=0, distance=8.0, discount=null), Trip(driver=Driver(name=D-2), passengers=[Passenger(name=P-12)], duration=2, distance=16.0, discount=null)), (Trip(driver=Driver(name=D-7), passengers=[Passenger(name=P-19), Passenger(name=P-10)], duration=0, distance=8.0, discount=null), Trip(driver=Driver(name=D-6), passengers=[Passenger(name=P-13), Passenger(name=P-18)], duration=12, distance=14.0, discount=null)), (Trip(driver=Driver(name=D-7), passengers=[Passenger(name=P-19), Passenger(name=P-10)], duration=0, distance=8.0, discount=null), Trip(driver=Driver(name=D-8), passengers=[Passenger(name=P-19)], duration=1, distance=13.0, discount=0.4)), (Trip(driver=Driver(name=D-7), passengers=[Passenger(name=P-19), Passenger(name=P-10)], duration=0, distance=8.0, discount=null), Trip(driver=Driver(name=D-6), passengers=[Passenger(name=P-9), Passenger(name=P-13), Passenger(name=P-1), Passenger(name=P-19)], duration=5, distance=14.0, discount=0.2)), (Trip(driver=Driver(name=D-7), passengers=[Passenger(name=P-19), Passenger(name=P-10)], duration=0, distance=8.0, discount=null), Trip(driver=Driver(name=D-4), passengers=[Passenger(name=P-8)], duration=15, distance=8.0, discount=0.2)), (Trip(driver=Driver(name=D-7), passengers=[Passenger(name=P-19), Passenger(name=P-10)], duration=0, distance=8.0, discount=null), Trip(driver=Driver(name=D-6), passengers=[Passenger(name=P-16), Passenger(name=P-15)], duration=9, distance=4.0, discount=null)), (Trip(driver=Driver(name=D-7), passengers=[Passenger(name=P-19), Passenger(name=P-10)], duration=0, distance=8.0, discount=null), Trip(driver=Driver(name=D-2), passengers=[Passenger(name=P-14), Passenger(name=P-0)], duration=7, distance=2.0, discount=null)), (Trip(driver=Driver(name=D-7), passengers=[Passenger(name=P-19), Passenger(name=P-10)], duration=0, distance=8.0, discount=null), Trip(driver=Driver(name=D-5), passengers=[Passenger(name=P-18)], duration=7, distance=19.0, discount=null)), (Trip(driver=Driver(name=D-7), passengers=[Passenger(name=P-19), Passenger(name=P-10)], duration=0, distance=8.0, discount=null), Trip(driver=Driver(name=D-9), passengers=[Passenger(name=P-15)], duration=15, distance=10.0, discount=0.4)), (Trip(driver=Driver(name=D-7), passengers=[Passenger(name=P-19), Passenger(name=P-10)], duration=0, distance=8.0, discount=null), Trip(driver=Driver(name=D-7), passengers=[Passenger(name=P-7), Passenger(name=P-18)], duration=12, distance=11.0, discount=null)), (Trip(driver=Driver(name=D-7), passengers=[Passenger(name=P-19), Passenger(name=P-10)], duration=0, distance=8.0, discount=null), Trip(driver=Driver(name=D-3), passengers=[Passenger(name=P-10), Passenger(name=P-19), Passenger(name=P-17)], duration=10, distance=7.0, discount=null)), (Trip(driver=Driver(name=D-7), passengers=[Passenger(name=P-19), Passenger(name=P-10)], duration=0, distance=8.0, discount=null), Trip(driver=Driver(name=D-3), passengers=[Passenger(name=P-10)], duration=18, distance=10.0, discount=0.2)), (Trip(driver=Driver(name=D-7), passengers=[Passenger(name=P-19), Passenger(name=P-10)], duration=0, distance=8.0, discount=null), Trip(driver=Driver(name=D-8), passengers=[Passenger(name=P-9), Passenger(name=P-15), Passenger(name=P-16), Passenger(name=P-19)], duration=19, distance=12.0, discount=0.3)), (Trip(driver=Driver(name=D-7), passengers=[Passenger(name=P-19), Passenger(name=P-10)], duration=0, distance=8.0, discount=null), Trip(driver=Driver(name=D-5), passengers=[Passenger(name=P-13)], duration=16, distance=11.0, discount=0.3))]
item [(Trip(driver=Driver(name=D-8), passengers=[Passenger(name=P-4), Passenger(name=P-15)], duration=9, distance=17.0, discount=0.1), Trip(driver=Driver(name=D-0), passengers=[Passenger(name=P-15), Passenger(name=P-14), Passenger(name=P-10)], duration=0, distance=19.0, discount=null)), (Trip(driver=Driver(name=D-8), passengers=[Passenger(name=P-4), Passenger(name=P-15)], duration=9, distance=17.0, discount=0.1), Trip(driver=Driver(name=D-0), passengers=[Passenger(name=P-18), Passenger(name=P-8), Passenger(name=P-7), Passenger(name=P-14)], duration=15, distance=1.0, discount=null)), (Trip(driver=Driver(name=D-8), passengers=[Passenger(name=P-4), Passenger(name=P-15)], duration=9, distance=17.0, discount=0.1), Trip(driver=Driver(name=D-9), passengers=[Passenger(name=P-4), Passenger(name=P-19), Passenger(name=P-0)], duration=9, distance=15.0, discount=null)), (Trip(driver=Driver(name=D-8), passengers=[Passenger(name=P-4), Passenger(name=P-15)], duration=9, distance=17.0, discount=0.1), Trip(driver=Driver(name=D-0), passengers=[Passenger(name=P-12), Passenger(name=P-7), Passenger(name=P-2)], duration=13, distance=19.0, discount=0.3)), (Trip(driver=Driver(name=D-8), passengers=[Passenger(name=P-4), Passenger(name=P-15)], duration=9, distance=17.0, discount=0.1), Trip(driver=Driver(name=D-6), passengers=[Passenger(name=P-11), Passenger(name=P-8)], duration=14, distance=19.0, discount=null)), (Trip(driver=Driver(name=D-8), passengers=[Passenger(name=P-4), Passenger(name=P-15)], duration=9, distance=17.0, discount=0.1), Trip(driver=Driver(name=D-0), passengers=[Passenger(name=P-2)], duration=12, distance=14.0, discount=0.3)), (Trip(driver=Driver(name=D-8), passengers=[Passenger(name=P-4), Passenger(name=P-15)], duration=9, distance=17.0, discount=0.1), Trip(driver=Driver(name=D-8), passengers=[Passenger(name=P-1), Passenger(name=P-17), Passenger(name=P-9), Passenger(name=P-10)], duration=16, distance=3.0, discount=null)), (Trip(driver=Driver(name=D-8), passengers=[Passenger(name=P-4), Passenger(name=P-15)], duration=9, distance=17.0, discount=0.1), Trip(driver=Driver(name=D-0), passengers=[Passenger(name=P-17)], duration=10, distance=6.0, discount=0.4)), (Trip(driver=Driver(name=D-8), passengers=[Passenger(name=P-4), Passenger(name=P-15)], duration=9, distance=17.0, discount=0.1), Trip(driver=Driver(name=D-1), passengers=[Passenger(name=P-8), Passenger(name=P-1)], duration=7, distance=5.0, discount=null)), (Trip(driver=Driver(name=D-8), passengers=[Passenger(name=P-4), Passenger(name=P-15)], duration=9, distance=17.0, discount=0.1), Trip(driver=Driver(name=D-9), passengers=[Passenger(name=P-6)], duration=3, distance=6.0, discount=null)), (Trip(driver=Driver(name=D-8), passengers=[Passenger(name=P-4), Passenger(name=P-15)], duration=9, distance=17.0, discount=0.1), Trip(driver=Driver(name=D-4), passengers=[Passenger(name=P-12), Passenger(name=P-19), Passenger(name=P-7), Passenger(name=P-0)], duration=9, distance=10.0, discount=0.4)), (Trip(driver=Driver(name=D-8), passengers=[Passenger(name=P-4), Passenger(name=P-15)], duration=9, distance=17.0, discount=0.1), Trip(driver=Driver(name=D-7), passengers=[Passenger(name=P-16)], duration=11, distance=12.0, discount=0.1)), (Trip(driver=Driver(name=D-8), passengers=[Passenger(name=P-4), Passenger(name=P-15)], duration=9, distance=17.0, discount=0.1), Trip(driver=Driver(name=D-9), passengers=[Passenger(name=P-6), Passenger(name=P-14)], duration=9, distance=7.0, discount=null)), (Trip(driver=Driver(name=D-8), passengers=[Passenger(name=P-4), Passenger(name=P-15)], duration=9, distance=17.0, discount=0.1), Trip(driver=Driver(name=D-5), passengers=[Passenger(name=P-4)], duration=1, distance=16.0, discount=0.4)), (Trip(driver=Driver(name=D-8), passengers=[Passenger(name=P-4), Passenger(name=P-15)], duration=9, distance=17.0, discount=0.1), Trip(driver=Driver(name=D-2), passengers=[Passenger(name=P-15), Passenger(name=P-7), Passenger(name=P-12)], duration=9, distance=6.0, discount=null)), (Trip(driver=Driver(name=D-8), passengers=[Passenger(name=P-4), Passenger(name=P-15)], duration=9, distance=17.0, discount=0.1), Trip(driver=Driver(name=D-1), passengers=[Passenger(name=P-13)], duration=2, distance=7.0, discount=0.1)), (Trip(driver=Driver(name=D-8), passengers=[Passenger(name=P-4), Passenger(name=P-15)], duration=9, distance=17.0, discount=0.1), Trip(driver=Driver(name=D-5), passengers=[Passenger(name=P-0), Passenger(name=P-18), Passenger(name=P-3)], duration=10, distance=11.0, discount=null)), (Trip(driver=Driver(name=D-8), passengers=[Passenger(name=P-4), Passenger(name=P-15)], duration=9, distance=17.0, discount=0.1), Trip(driver=Driver(name=D-0), passengers=[Passenger(name=P-9)], duration=6, distance=18.0, discount=0.4)), (Trip(driver=Driver(name=D-8), passengers=[Passenger(name=P-4), Passenger(name=P-15)], duration=9, distance=17.0, discount=0.1), Trip(driver=Driver(name=D-1), passengers=[Passenger(name=P-9), Passenger(name=P-0), Passenger(name=P-3), Passenger(name=P-14)], duration=0, distance=15.0, discount=null)), (Trip(driver=Driver(name=D-8), passengers=[Passenger(name=P-4), Passenger(name=P-15)], duration=9, distance=17.0, discount=0.1), Trip(driver=Driver(name=D-1), passengers=[Passenger(name=P-10)], duration=17, distance=15.0, discount=null)), (Trip(driver=Driver(name=D-8), passengers=[Passenger(name=P-4), Passenger(name=P-15)], duration=9, distance=17.0, discount=0.1), Trip(driver=Driver(name=D-6), passengers=[Passenger(name=P-0), Passenger(name=P-18), Passenger(name=P-13)], duration=3, distance=5.0, discount=null)), (Trip(driver=Driver(name=D-8), passengers=[Passenger(name=P-4), Passenger(name=P-15)], duration=9, distance=17.0, discount=0.1), Trip(driver=Driver(name=D-7), passengers=[Passenger(name=P-19), Passenger(name=P-10)], duration=0, distance=8.0, discount=null)), (Trip(driver=Driver(name=D-8), passengers=[Passenger(name=P-4), Passenger(name=P-15)], duration=9, distance=17.0, discount=0.1), Trip(driver=Driver(name=D-8), passengers=[Passenger(name=P-4), Passenger(name=P-15)], duration=9, distance=17.0, discount=0.1)), (Trip(driver=Driver(name=D-8), passengers=[Passenger(name=P-4), Passenger(name=P-15)], duration=9, distance=17.0, discount=0.1), Trip(driver=Driver(name=D-6), passengers=[Passenger(name=P-15)], duration=13, distance=1.0, discount=null)), (Trip(driver=Driver(name=D-8), passengers=[Passenger(name=P-4), Passenger(name=P-15)], duration=9, distance=17.0, discount=0.1), Trip(driver=Driver(name=D-2), passengers=[Passenger(name=P-3)], duration=13, distance=15.0, discount=0.2)), (Trip(driver=Driver(name=D-8), passengers=[Passenger(name=P-4), Passenger(name=P-15)], duration=9, distance=17.0, discount=0.1), Trip(driver=Driver(name=D-3), passengers=[Passenger(name=P-13), Passenger(name=P-11), Passenger(name=P-15)], duration=2, distance=9.0, discount=null)), (Trip(driver=Driver(name=D-8), passengers=[Passenger(name=P-4), Passenger(name=P-15)], duration=9, distance=17.0, discount=0.1), Trip(driver=Driver(name=D-2), passengers=[Passenger(name=P-12)], duration=2, distance=16.0, discount=null)), (Trip(driver=Driver(name=D-8), passengers=[Passenger(name=P-4), Passenger(name=P-15)], duration=9, distance=17.0, discount=0.1), Trip(driver=Driver(name=D-6), passengers=[Passenger(name=P-13), Passenger(name=P-18)], duration=12, distance=14.0, discount=null)), (Trip(driver=Driver(name=D-8), passengers=[Passenger(name=P-4), Passenger(name=P-15)], duration=9, distance=17.0, discount=0.1), Trip(driver=Driver(name=D-8), passengers=[Passenger(name=P-19)], duration=1, distance=13.0, discount=0.4)), (Trip(driver=Driver(name=D-8), passengers=[Passenger(name=P-4), Passenger(name=P-15)], duration=9, distance=17.0, discount=0.1), Trip(driver=Driver(name=D-6), passengers=[Passenger(name=P-9), Passenger(name=P-13), Passenger(name=P-1), Passenger(name=P-19)], duration=5, distance=14.0, discount=0.2)), (Trip(driver=Driver(name=D-8), passengers=[Passenger(name=P-4), Passenger(name=P-15)], duration=9, distance=17.0, discount=0.1), Trip(driver=Driver(name=D-4), passengers=[Passenger(name=P-8)], duration=15, distance=8.0, discount=0.2)), (Trip(driver=Driver(name=D-8), passengers=[Passenger(name=P-4), Passenger(name=P-15)], duration=9, distance=17.0, discount=0.1), Trip(driver=Driver(name=D-6), passengers=[Passenger(name=P-16), Passenger(name=P-15)], duration=9, distance=4.0, discount=null)), (Trip(driver=Driver(name=D-8), passengers=[Passenger(name=P-4), Passenger(name=P-15)], duration=9, distance=17.0, discount=0.1), Trip(driver=Driver(name=D-2), passengers=[Passenger(name=P-14), Passenger(name=P-0)], duration=7, distance=2.0, discount=null)), (Trip(driver=Driver(name=D-8), passengers=[Passenger(name=P-4), Passenger(name=P-15)], duration=9, distance=17.0, discount=0.1), Trip(driver=Driver(name=D-5), passengers=[Passenger(name=P-18)], duration=7, distance=19.0, discount=null)), (Trip(driver=Driver(name=D-8), passengers=[Passenger(name=P-4), Passenger(name=P-15)], duration=9, distance=17.0, discount=0.1), Trip(driver=Driver(name=D-9), passengers=[Passenger(name=P-15)], duration=15, distance=10.0, discount=0.4)), (Trip(driver=Driver(name=D-8), passengers=[Passenger(name=P-4), Passenger(name=P-15)], duration=9, distance=17.0, discount=0.1), Trip(driver=Driver(name=D-7), passengers=[Passenger(name=P-7), Passenger(name=P-18)], duration=12, distance=11.0, discount=null)), (Trip(driver=Driver(name=D-8), passengers=[Passenger(name=P-4), Passenger(name=P-15)], duration=9, distance=17.0, discount=0.1), Trip(driver=Driver(name=D-3), passengers=[Passenger(name=P-10), Passenger(name=P-19), Passenger(name=P-17)], duration=10, distance=7.0, discount=null)), (Trip(driver=Driver(name=D-8), passengers=[Passenger(name=P-4), Passenger(name=P-15)], duration=9, distance=17.0, discount=0.1), Trip(driver=Driver(name=D-3), passengers=[Passenger(name=P-10)], duration=18, distance=10.0, discount=0.2)), (Trip(driver=Driver(name=D-8), passengers=[Passenger(name=P-4), Passenger(name=P-15)], duration=9, distance=17.0, discount=0.1), Trip(driver=Driver(name=D-8), passengers=[Passenger(name=P-9), Passenger(name=P-15), Passenger(name=P-16), Passenger(name=P-19)], duration=19, distance=12.0, discount=0.3)), (Trip(driver=Driver(name=D-8), passengers=[Passenger(name=P-4), Passenger(name=P-15)], duration=9, distance=17.0, discount=0.1), Trip(driver=Driver(name=D-5), passengers=[Passenger(name=P-13)], duration=16, distance=11.0, discount=0.3))]
item [(Trip(driver=Driver(name=D-6), passengers=[Passenger(name=P-15)], duration=13, distance=1.0, discount=null), Trip(driver=Driver(name=D-0), passengers=[Passenger(name=P-15), Passenger(name=P-14), Passenger(name=P-10)], duration=0, distance=19.0, discount=null)), (Trip(driver=Driver(name=D-6), passengers=[Passenger(name=P-15)], duration=13, distance=1.0, discount=null), Trip(driver=Driver(name=D-0), passengers=[Passenger(name=P-18), Passenger(name=P-8), Passenger(name=P-7), Passenger(name=P-14)], duration=15, distance=1.0, discount=null)), (Trip(driver=Driver(name=D-6), passengers=[Passenger(name=P-15)], duration=13, distance=1.0, discount=null), Trip(driver=Driver(name=D-9), passengers=[Passenger(name=P-4), Passenger(name=P-19), Passenger(name=P-0)], duration=9, distance=15.0, discount=null)), (Trip(driver=Driver(name=D-6), passengers=[Passenger(name=P-15)], duration=13, distance=1.0, discount=null), Trip(driver=Driver(name=D-0), passengers=[Passenger(name=P-12), Passenger(name=P-7), Passenger(name=P-2)], duration=13, distance=19.0, discount=0.3)), (Trip(driver=Driver(name=D-6), passengers=[Passenger(name=P-15)], duration=13, distance=1.0, discount=null), Trip(driver=Driver(name=D-6), passengers=[Passenger(name=P-11), Passenger(name=P-8)], duration=14, distance=19.0, discount=null)), (Trip(driver=Driver(name=D-6), passengers=[Passenger(name=P-15)], duration=13, distance=1.0, discount=null), Trip(driver=Driver(name=D-0), passengers=[Passenger(name=P-2)], duration=12, distance=14.0, discount=0.3)), (Trip(driver=Driver(name=D-6), passengers=[Passenger(name=P-15)], duration=13, distance=1.0, discount=null), Trip(driver=Driver(name=D-8), passengers=[Passenger(name=P-1), Passenger(name=P-17), Passenger(name=P-9), Passenger(name=P-10)], duration=16, distance=3.0, discount=null)), (Trip(driver=Driver(name=D-6), passengers=[Passenger(name=P-15)], duration=13, distance=1.0, discount=null), Trip(driver=Driver(name=D-0), passengers=[Passenger(name=P-17)], duration=10, distance=6.0, discount=0.4)), (Trip(driver=Driver(name=D-6), passengers=[Passenger(name=P-15)], duration=13, distance=1.0, discount=null), Trip(driver=Driver(name=D-1), passengers=[Passenger(name=P-8), Passenger(name=P-1)], duration=7, distance=5.0, discount=null)), (Trip(driver=Driver(name=D-6), passengers=[Passenger(name=P-15)], duration=13, distance=1.0, discount=null), Trip(driver=Driver(name=D-9), passengers=[Passenger(name=P-6)], duration=3, distance=6.0, discount=null)), (Trip(driver=Driver(name=D-6), passengers=[Passenger(name=P-15)], duration=13, distance=1.0, discount=null), Trip(driver=Driver(name=D-4), passengers=[Passenger(name=P-12), Passenger(name=P-19), Passenger(name=P-7), Passenger(name=P-0)], duration=9, distance=10.0, discount=0.4)), (Trip(driver=Driver(name=D-6), passengers=[Passenger(name=P-15)], duration=13, distance=1.0, discount=null), Trip(driver=Driver(name=D-7), passengers=[Passenger(name=P-16)], duration=11, distance=12.0, discount=0.1)), (Trip(driver=Driver(name=D-6), passengers=[Passenger(name=P-15)], duration=13, distance=1.0, discount=null), Trip(driver=Driver(name=D-9), passengers=[Passenger(name=P-6), Passenger(name=P-14)], duration=9, distance=7.0, discount=null)), (Trip(driver=Driver(name=D-6), passengers=[Passenger(name=P-15)], duration=13, distance=1.0, discount=null), Trip(driver=Driver(name=D-5), passengers=[Passenger(name=P-4)], duration=1, distance=16.0, discount=0.4)), (Trip(driver=Driver(name=D-6), passengers=[Passenger(name=P-15)], duration=13, distance=1.0, discount=null), Trip(driver=Driver(name=D-2), passengers=[Passenger(name=P-15), Passenger(name=P-7), Passenger(name=P-12)], duration=9, distance=6.0, discount=null)), (Trip(driver=Driver(name=D-6), passengers=[Passenger(name=P-15)], duration=13, distance=1.0, discount=null), Trip(driver=Driver(name=D-1), passengers=[Passenger(name=P-13)], duration=2, distance=7.0, discount=0.1)), (Trip(driver=Driver(name=D-6), passengers=[Passenger(name=P-15)], duration=13, distance=1.0, discount=null), Trip(driver=Driver(name=D-5), passengers=[Passenger(name=P-0), Passenger(name=P-18), Passenger(name=P-3)], duration=10, distance=11.0, discount=null)), (Trip(driver=Driver(name=D-6), passengers=[Passenger(name=P-15)], duration=13, distance=1.0, discount=null), Trip(driver=Driver(name=D-0), passengers=[Passenger(name=P-9)], duration=6, distance=18.0, discount=0.4)), (Trip(driver=Driver(name=D-6), passengers=[Passenger(name=P-15)], duration=13, distance=1.0, discount=null), Trip(driver=Driver(name=D-1), passengers=[Passenger(name=P-9), Passenger(name=P-0), Passenger(name=P-3), Passenger(name=P-14)], duration=0, distance=15.0, discount=null)), (Trip(driver=Driver(name=D-6), passengers=[Passenger(name=P-15)], duration=13, distance=1.0, discount=null), Trip(driver=Driver(name=D-1), passengers=[Passenger(name=P-10)], duration=17, distance=15.0, discount=null)), (Trip(driver=Driver(name=D-6), passengers=[Passenger(name=P-15)], duration=13, distance=1.0, discount=null), Trip(driver=Driver(name=D-6), passengers=[Passenger(name=P-0), Passenger(name=P-18), Passenger(name=P-13)], duration=3, distance=5.0, discount=null)), (Trip(driver=Driver(name=D-6), passengers=[Passenger(name=P-15)], duration=13, distance=1.0, discount=null), Trip(driver=Driver(name=D-7), passengers=[Passenger(name=P-19), Passenger(name=P-10)], duration=0, distance=8.0, discount=null)), (Trip(driver=Driver(name=D-6), passengers=[Passenger(name=P-15)], duration=13, distance=1.0, discount=null), Trip(driver=Driver(name=D-8), passengers=[Passenger(name=P-4), Passenger(name=P-15)], duration=9, distance=17.0, discount=0.1)), (Trip(driver=Driver(name=D-6), passengers=[Passenger(name=P-15)], duration=13, distance=1.0, discount=null), Trip(driver=Driver(name=D-6), passengers=[Passenger(name=P-15)], duration=13, distance=1.0, discount=null)), (Trip(driver=Driver(name=D-6), passengers=[Passenger(name=P-15)], duration=13, distance=1.0, discount=null), Trip(driver=Driver(name=D-2), passengers=[Passenger(name=P-3)], duration=13, distance=15.0, discount=0.2)), (Trip(driver=Driver(name=D-6), passengers=[Passenger(name=P-15)], duration=13, distance=1.0, discount=null), Trip(driver=Driver(name=D-3), passengers=[Passenger(name=P-13), Passenger(name=P-11), Passenger(name=P-15)], duration=2, distance=9.0, discount=null)), (Trip(driver=Driver(name=D-6), passengers=[Passenger(name=P-15)], duration=13, distance=1.0, discount=null), Trip(driver=Driver(name=D-2), passengers=[Passenger(name=P-12)], duration=2, distance=16.0, discount=null)), (Trip(driver=Driver(name=D-6), passengers=[Passenger(name=P-15)], duration=13, distance=1.0, discount=null), Trip(driver=Driver(name=D-6), passengers=[Passenger(name=P-13), Passenger(name=P-18)], duration=12, distance=14.0, discount=null)), (Trip(driver=Driver(name=D-6), passengers=[Passenger(name=P-15)], duration=13, distance=1.0, discount=null), Trip(driver=Driver(name=D-8), passengers=[Passenger(name=P-19)], duration=1, distance=13.0, discount=0.4)), (Trip(driver=Driver(name=D-6), passengers=[Passenger(name=P-15)], duration=13, distance=1.0, discount=null), Trip(driver=Driver(name=D-6), passengers=[Passenger(name=P-9), Passenger(name=P-13), Passenger(name=P-1), Passenger(name=P-19)], duration=5, distance=14.0, discount=0.2)), (Trip(driver=Driver(name=D-6), passengers=[Passenger(name=P-15)], duration=13, distance=1.0, discount=null), Trip(driver=Driver(name=D-4), passengers=[Passenger(name=P-8)], duration=15, distance=8.0, discount=0.2)), (Trip(driver=Driver(name=D-6), passengers=[Passenger(name=P-15)], duration=13, distance=1.0, discount=null), Trip(driver=Driver(name=D-6), passengers=[Passenger(name=P-16), Passenger(name=P-15)], duration=9, distance=4.0, discount=null)), (Trip(driver=Driver(name=D-6), passengers=[Passenger(name=P-15)], duration=13, distance=1.0, discount=null), Trip(driver=Driver(name=D-2), passengers=[Passenger(name=P-14), Passenger(name=P-0)], duration=7, distance=2.0, discount=null)), (Trip(driver=Driver(name=D-6), passengers=[Passenger(name=P-15)], duration=13, distance=1.0, discount=null), Trip(driver=Driver(name=D-5), passengers=[Passenger(name=P-18)], duration=7, distance=19.0, discount=null)), (Trip(driver=Driver(name=D-6), passengers=[Passenger(name=P-15)], duration=13, distance=1.0, discount=null), Trip(driver=Driver(name=D-9), passengers=[Passenger(name=P-15)], duration=15, distance=10.0, discount=0.4)), (Trip(driver=Driver(name=D-6), passengers=[Passenger(name=P-15)], duration=13, distance=1.0, discount=null), Trip(driver=Driver(name=D-7), passengers=[Passenger(name=P-7), Passenger(name=P-18)], duration=12, distance=11.0, discount=null)), (Trip(driver=Driver(name=D-6), passengers=[Passenger(name=P-15)], duration=13, distance=1.0, discount=null), Trip(driver=Driver(name=D-3), passengers=[Passenger(name=P-10), Passenger(name=P-19), Passenger(name=P-17)], duration=10, distance=7.0, discount=null)), (Trip(driver=Driver(name=D-6), passengers=[Passenger(name=P-15)], duration=13, distance=1.0, discount=null), Trip(driver=Driver(name=D-3), passengers=[Passenger(name=P-10)], duration=18, distance=10.0, discount=0.2)), (Trip(driver=Driver(name=D-6), passengers=[Passenger(name=P-15)], duration=13, distance=1.0, discount=null), Trip(driver=Driver(name=D-8), passengers=[Passenger(name=P-9), Passenger(name=P-15), Passenger(name=P-16), Passenger(name=P-19)], duration=19, distance=12.0, discount=0.3)), (Trip(driver=Driver(name=D-6), passengers=[Passenger(name=P-15)], duration=13, distance=1.0, discount=null), Trip(driver=Driver(name=D-5), passengers=[Passenger(name=P-13)], duration=16, distance=11.0, discount=0.3))]
item [(Trip(driver=Driver(name=D-2), passengers=[Passenger(name=P-3)], duration=13, distance=15.0, discount=0.2), Trip(driver=Driver(name=D-0), passengers=[Passenger(name=P-15), Passenger(name=P-14), Passenger(name=P-10)], duration=0, distance=19.0, discount=null)), (Trip(driver=Driver(name=D-2), passengers=[Passenger(name=P-3)], duration=13, distance=15.0, discount=0.2), Trip(driver=Driver(name=D-0), passengers=[Passenger(name=P-18), Passenger(name=P-8), Passenger(name=P-7), Passenger(name=P-14)], duration=15, distance=1.0, discount=null)), (Trip(driver=Driver(name=D-2), passengers=[Passenger(name=P-3)], duration=13, distance=15.0, discount=0.2), Trip(driver=Driver(name=D-9), passengers=[Passenger(name=P-4), Passenger(name=P-19), Passenger(name=P-0)], duration=9, distance=15.0, discount=null)), (Trip(driver=Driver(name=D-2), passengers=[Passenger(name=P-3)], duration=13, distance=15.0, discount=0.2), Trip(driver=Driver(name=D-0), passengers=[Passenger(name=P-12), Passenger(name=P-7), Passenger(name=P-2)], duration=13, distance=19.0, discount=0.3)), (Trip(driver=Driver(name=D-2), passengers=[Passenger(name=P-3)], duration=13, distance=15.0, discount=0.2), Trip(driver=Driver(name=D-6), passengers=[Passenger(name=P-11), Passenger(name=P-8)], duration=14, distance=19.0, discount=null)), (Trip(driver=Driver(name=D-2), passengers=[Passenger(name=P-3)], duration=13, distance=15.0, discount=0.2), Trip(driver=Driver(name=D-0), passengers=[Passenger(name=P-2)], duration=12, distance=14.0, discount=0.3)), (Trip(driver=Driver(name=D-2), passengers=[Passenger(name=P-3)], duration=13, distance=15.0, discount=0.2), Trip(driver=Driver(name=D-8), passengers=[Passenger(name=P-1), Passenger(name=P-17), Passenger(name=P-9), Passenger(name=P-10)], duration=16, distance=3.0, discount=null)), (Trip(driver=Driver(name=D-2), passengers=[Passenger(name=P-3)], duration=13, distance=15.0, discount=0.2), Trip(driver=Driver(name=D-0), passengers=[Passenger(name=P-17)], duration=10, distance=6.0, discount=0.4)), (Trip(driver=Driver(name=D-2), passengers=[Passenger(name=P-3)], duration=13, distance=15.0, discount=0.2), Trip(driver=Driver(name=D-1), passengers=[Passenger(name=P-8), Passenger(name=P-1)], duration=7, distance=5.0, discount=null)), (Trip(driver=Driver(name=D-2), passengers=[Passenger(name=P-3)], duration=13, distance=15.0, discount=0.2), Trip(driver=Driver(name=D-9), passengers=[Passenger(name=P-6)], duration=3, distance=6.0, discount=null)), (Trip(driver=Driver(name=D-2), passengers=[Passenger(name=P-3)], duration=13, distance=15.0, discount=0.2), Trip(driver=Driver(name=D-4), passengers=[Passenger(name=P-12), Passenger(name=P-19), Passenger(name=P-7), Passenger(name=P-0)], duration=9, distance=10.0, discount=0.4)), (Trip(driver=Driver(name=D-2), passengers=[Passenger(name=P-3)], duration=13, distance=15.0, discount=0.2), Trip(driver=Driver(name=D-7), passengers=[Passenger(name=P-16)], duration=11, distance=12.0, discount=0.1)), (Trip(driver=Driver(name=D-2), passengers=[Passenger(name=P-3)], duration=13, distance=15.0, discount=0.2), Trip(driver=Driver(name=D-9), passengers=[Passenger(name=P-6), Passenger(name=P-14)], duration=9, distance=7.0, discount=null)), (Trip(driver=Driver(name=D-2), passengers=[Passenger(name=P-3)], duration=13, distance=15.0, discount=0.2), Trip(driver=Driver(name=D-5), passengers=[Passenger(name=P-4)], duration=1, distance=16.0, discount=0.4)), (Trip(driver=Driver(name=D-2), passengers=[Passenger(name=P-3)], duration=13, distance=15.0, discount=0.2), Trip(driver=Driver(name=D-2), passengers=[Passenger(name=P-15), Passenger(name=P-7), Passenger(name=P-12)], duration=9, distance=6.0, discount=null)), (Trip(driver=Driver(name=D-2), passengers=[Passenger(name=P-3)], duration=13, distance=15.0, discount=0.2), Trip(driver=Driver(name=D-1), passengers=[Passenger(name=P-13)], duration=2, distance=7.0, discount=0.1)), (Trip(driver=Driver(name=D-2), passengers=[Passenger(name=P-3)], duration=13, distance=15.0, discount=0.2), Trip(driver=Driver(name=D-5), passengers=[Passenger(name=P-0), Passenger(name=P-18), Passenger(name=P-3)], duration=10, distance=11.0, discount=null)), (Trip(driver=Driver(name=D-2), passengers=[Passenger(name=P-3)], duration=13, distance=15.0, discount=0.2), Trip(driver=Driver(name=D-0), passengers=[Passenger(name=P-9)], duration=6, distance=18.0, discount=0.4)), (Trip(driver=Driver(name=D-2), passengers=[Passenger(name=P-3)], duration=13, distance=15.0, discount=0.2), Trip(driver=Driver(name=D-1), passengers=[Passenger(name=P-9), Passenger(name=P-0), Passenger(name=P-3), Passenger(name=P-14)], duration=0, distance=15.0, discount=null)), (Trip(driver=Driver(name=D-2), passengers=[Passenger(name=P-3)], duration=13, distance=15.0, discount=0.2), Trip(driver=Driver(name=D-1), passengers=[Passenger(name=P-10)], duration=17, distance=15.0, discount=null)), (Trip(driver=Driver(name=D-2), passengers=[Passenger(name=P-3)], duration=13, distance=15.0, discount=0.2), Trip(driver=Driver(name=D-6), passengers=[Passenger(name=P-0), Passenger(name=P-18), Passenger(name=P-13)], duration=3, distance=5.0, discount=null)), (Trip(driver=Driver(name=D-2), passengers=[Passenger(name=P-3)], duration=13, distance=15.0, discount=0.2), Trip(driver=Driver(name=D-7), passengers=[Passenger(name=P-19), Passenger(name=P-10)], duration=0, distance=8.0, discount=null)), (Trip(driver=Driver(name=D-2), passengers=[Passenger(name=P-3)], duration=13, distance=15.0, discount=0.2), Trip(driver=Driver(name=D-8), passengers=[Passenger(name=P-4), Passenger(name=P-15)], duration=9, distance=17.0, discount=0.1)), (Trip(driver=Driver(name=D-2), passengers=[Passenger(name=P-3)], duration=13, distance=15.0, discount=0.2), Trip(driver=Driver(name=D-6), passengers=[Passenger(name=P-15)], duration=13, distance=1.0, discount=null)), (Trip(driver=Driver(name=D-2), passengers=[Passenger(name=P-3)], duration=13, distance=15.0, discount=0.2), Trip(driver=Driver(name=D-2), passengers=[Passenger(name=P-3)], duration=13, distance=15.0, discount=0.2)), (Trip(driver=Driver(name=D-2), passengers=[Passenger(name=P-3)], duration=13, distance=15.0, discount=0.2), Trip(driver=Driver(name=D-3), passengers=[Passenger(name=P-13), Passenger(name=P-11), Passenger(name=P-15)], duration=2, distance=9.0, discount=null)), (Trip(driver=Driver(name=D-2), passengers=[Passenger(name=P-3)], duration=13, distance=15.0, discount=0.2), Trip(driver=Driver(name=D-2), passengers=[Passenger(name=P-12)], duration=2, distance=16.0, discount=null)), (Trip(driver=Driver(name=D-2), passengers=[Passenger(name=P-3)], duration=13, distance=15.0, discount=0.2), Trip(driver=Driver(name=D-6), passengers=[Passenger(name=P-13), Passenger(name=P-18)], duration=12, distance=14.0, discount=null)), (Trip(driver=Driver(name=D-2), passengers=[Passenger(name=P-3)], duration=13, distance=15.0, discount=0.2), Trip(driver=Driver(name=D-8), passengers=[Passenger(name=P-19)], duration=1, distance=13.0, discount=0.4)), (Trip(driver=Driver(name=D-2), passengers=[Passenger(name=P-3)], duration=13, distance=15.0, discount=0.2), Trip(driver=Driver(name=D-6), passengers=[Passenger(name=P-9), Passenger(name=P-13), Passenger(name=P-1), Passenger(name=P-19)], duration=5, distance=14.0, discount=0.2)), (Trip(driver=Driver(name=D-2), passengers=[Passenger(name=P-3)], duration=13, distance=15.0, discount=0.2), Trip(driver=Driver(name=D-4), passengers=[Passenger(name=P-8)], duration=15, distance=8.0, discount=0.2)), (Trip(driver=Driver(name=D-2), passengers=[Passenger(name=P-3)], duration=13, distance=15.0, discount=0.2), Trip(driver=Driver(name=D-6), passengers=[Passenger(name=P-16), Passenger(name=P-15)], duration=9, distance=4.0, discount=null)), (Trip(driver=Driver(name=D-2), passengers=[Passenger(name=P-3)], duration=13, distance=15.0, discount=0.2), Trip(driver=Driver(name=D-2), passengers=[Passenger(name=P-14), Passenger(name=P-0)], duration=7, distance=2.0, discount=null)), (Trip(driver=Driver(name=D-2), passengers=[Passenger(name=P-3)], duration=13, distance=15.0, discount=0.2), Trip(driver=Driver(name=D-5), passengers=[Passenger(name=P-18)], duration=7, distance=19.0, discount=null)), (Trip(driver=Driver(name=D-2), passengers=[Passenger(name=P-3)], duration=13, distance=15.0, discount=0.2), Trip(driver=Driver(name=D-9), passengers=[Passenger(name=P-15)], duration=15, distance=10.0, discount=0.4)), (Trip(driver=Driver(name=D-2), passengers=[Passenger(name=P-3)], duration=13, distance=15.0, discount=0.2), Trip(driver=Driver(name=D-7), passengers=[Passenger(name=P-7), Passenger(name=P-18)], duration=12, distance=11.0, discount=null)), (Trip(driver=Driver(name=D-2), passengers=[Passenger(name=P-3)], duration=13, distance=15.0, discount=0.2), Trip(driver=Driver(name=D-3), passengers=[Passenger(name=P-10), Passenger(name=P-19), Passenger(name=P-17)], duration=10, distance=7.0, discount=null)), (Trip(driver=Driver(name=D-2), passengers=[Passenger(name=P-3)], duration=13, distance=15.0, discount=0.2), Trip(driver=Driver(name=D-3), passengers=[Passenger(name=P-10)], duration=18, distance=10.0, discount=0.2)), (Trip(driver=Driver(name=D-2), passengers=[Passenger(name=P-3)], duration=13, distance=15.0, discount=0.2), Trip(driver=Driver(name=D-8), passengers=[Passenger(name=P-9), Passenger(name=P-15), Passenger(name=P-16), Passenger(name=P-19)], duration=19, distance=12.0, discount=0.3)), (Trip(driver=Driver(name=D-2), passengers=[Passenger(name=P-3)], duration=13, distance=15.0, discount=0.2), Trip(driver=Driver(name=D-5), passengers=[Passenger(name=P-13)], duration=16, distance=11.0, discount=0.3))]
item [(Trip(driver=Driver(name=D-3), passengers=[Passenger(name=P-13), Passenger(name=P-11), Passenger(name=P-15)], duration=2, distance=9.0, discount=null), Trip(driver=Driver(name=D-0), passengers=[Passenger(name=P-15), Passenger(name=P-14), Passenger(name=P-10)], duration=0, distance=19.0, discount=null)), (Trip(driver=Driver(name=D-3), passengers=[Passenger(name=P-13), Passenger(name=P-11), Passenger(name=P-15)], duration=2, distance=9.0, discount=null), Trip(driver=Driver(name=D-0), passengers=[Passenger(name=P-18), Passenger(name=P-8), Passenger(name=P-7), Passenger(name=P-14)], duration=15, distance=1.0, discount=null)), (Trip(driver=Driver(name=D-3), passengers=[Passenger(name=P-13), Passenger(name=P-11), Passenger(name=P-15)], duration=2, distance=9.0, discount=null), Trip(driver=Driver(name=D-9), passengers=[Passenger(name=P-4), Passenger(name=P-19), Passenger(name=P-0)], duration=9, distance=15.0, discount=null)), (Trip(driver=Driver(name=D-3), passengers=[Passenger(name=P-13), Passenger(name=P-11), Passenger(name=P-15)], duration=2, distance=9.0, discount=null), Trip(driver=Driver(name=D-0), passengers=[Passenger(name=P-12), Passenger(name=P-7), Passenger(name=P-2)], duration=13, distance=19.0, discount=0.3)), (Trip(driver=Driver(name=D-3), passengers=[Passenger(name=P-13), Passenger(name=P-11), Passenger(name=P-15)], duration=2, distance=9.0, discount=null), Trip(driver=Driver(name=D-6), passengers=[Passenger(name=P-11), Passenger(name=P-8)], duration=14, distance=19.0, discount=null)), (Trip(driver=Driver(name=D-3), passengers=[Passenger(name=P-13), Passenger(name=P-11), Passenger(name=P-15)], duration=2, distance=9.0, discount=null), Trip(driver=Driver(name=D-0), passengers=[Passenger(name=P-2)], duration=12, distance=14.0, discount=0.3)), (Trip(driver=Driver(name=D-3), passengers=[Passenger(name=P-13), Passenger(name=P-11), Passenger(name=P-15)], duration=2, distance=9.0, discount=null), Trip(driver=Driver(name=D-8), passengers=[Passenger(name=P-1), Passenger(name=P-17), Passenger(name=P-9), Passenger(name=P-10)], duration=16, distance=3.0, discount=null)), (Trip(driver=Driver(name=D-3), passengers=[Passenger(name=P-13), Passenger(name=P-11), Passenger(name=P-15)], duration=2, distance=9.0, discount=null), Trip(driver=Driver(name=D-0), passengers=[Passenger(name=P-17)], duration=10, distance=6.0, discount=0.4)), (Trip(driver=Driver(name=D-3), passengers=[Passenger(name=P-13), Passenger(name=P-11), Passenger(name=P-15)], duration=2, distance=9.0, discount=null), Trip(driver=Driver(name=D-1), passengers=[Passenger(name=P-8), Passenger(name=P-1)], duration=7, distance=5.0, discount=null)), (Trip(driver=Driver(name=D-3), passengers=[Passenger(name=P-13), Passenger(name=P-11), Passenger(name=P-15)], duration=2, distance=9.0, discount=null), Trip(driver=Driver(name=D-9), passengers=[Passenger(name=P-6)], duration=3, distance=6.0, discount=null)), (Trip(driver=Driver(name=D-3), passengers=[Passenger(name=P-13), Passenger(name=P-11), Passenger(name=P-15)], duration=2, distance=9.0, discount=null), Trip(driver=Driver(name=D-4), passengers=[Passenger(name=P-12), Passenger(name=P-19), Passenger(name=P-7), Passenger(name=P-0)], duration=9, distance=10.0, discount=0.4)), (Trip(driver=Driver(name=D-3), passengers=[Passenger(name=P-13), Passenger(name=P-11), Passenger(name=P-15)], duration=2, distance=9.0, discount=null), Trip(driver=Driver(name=D-7), passengers=[Passenger(name=P-16)], duration=11, distance=12.0, discount=0.1)), (Trip(driver=Driver(name=D-3), passengers=[Passenger(name=P-13), Passenger(name=P-11), Passenger(name=P-15)], duration=2, distance=9.0, discount=null), Trip(driver=Driver(name=D-9), passengers=[Passenger(name=P-6), Passenger(name=P-14)], duration=9, distance=7.0, discount=null)), (Trip(driver=Driver(name=D-3), passengers=[Passenger(name=P-13), Passenger(name=P-11), Passenger(name=P-15)], duration=2, distance=9.0, discount=null), Trip(driver=Driver(name=D-5), passengers=[Passenger(name=P-4)], duration=1, distance=16.0, discount=0.4)), (Trip(driver=Driver(name=D-3), passengers=[Passenger(name=P-13), Passenger(name=P-11), Passenger(name=P-15)], duration=2, distance=9.0, discount=null), Trip(driver=Driver(name=D-2), passengers=[Passenger(name=P-15), Passenger(name=P-7), Passenger(name=P-12)], duration=9, distance=6.0, discount=null)), (Trip(driver=Driver(name=D-3), passengers=[Passenger(name=P-13), Passenger(name=P-11), Passenger(name=P-15)], duration=2, distance=9.0, discount=null), Trip(driver=Driver(name=D-1), passengers=[Passenger(name=P-13)], duration=2, distance=7.0, discount=0.1)), (Trip(driver=Driver(name=D-3), passengers=[Passenger(name=P-13), Passenger(name=P-11), Passenger(name=P-15)], duration=2, distance=9.0, discount=null), Trip(driver=Driver(name=D-5), passengers=[Passenger(name=P-0), Passenger(name=P-18), Passenger(name=P-3)], duration=10, distance=11.0, discount=null)), (Trip(driver=Driver(name=D-3), passengers=[Passenger(name=P-13), Passenger(name=P-11), Passenger(name=P-15)], duration=2, distance=9.0, discount=null), Trip(driver=Driver(name=D-0), passengers=[Passenger(name=P-9)], duration=6, distance=18.0, discount=0.4)), (Trip(driver=Driver(name=D-3), passengers=[Passenger(name=P-13), Passenger(name=P-11), Passenger(name=P-15)], duration=2, distance=9.0, discount=null), Trip(driver=Driver(name=D-1), passengers=[Passenger(name=P-9), Passenger(name=P-0), Passenger(name=P-3), Passenger(name=P-14)], duration=0, distance=15.0, discount=null)), (Trip(driver=Driver(name=D-3), passengers=[Passenger(name=P-13), Passenger(name=P-11), Passenger(name=P-15)], duration=2, distance=9.0, discount=null), Trip(driver=Driver(name=D-1), passengers=[Passenger(name=P-10)], duration=17, distance=15.0, discount=null)), (Trip(driver=Driver(name=D-3), passengers=[Passenger(name=P-13), Passenger(name=P-11), Passenger(name=P-15)], duration=2, distance=9.0, discount=null), Trip(driver=Driver(name=D-6), passengers=[Passenger(name=P-0), Passenger(name=P-18), Passenger(name=P-13)], duration=3, distance=5.0, discount=null)), (Trip(driver=Driver(name=D-3), passengers=[Passenger(name=P-13), Passenger(name=P-11), Passenger(name=P-15)], duration=2, distance=9.0, discount=null), Trip(driver=Driver(name=D-7), passengers=[Passenger(name=P-19), Passenger(name=P-10)], duration=0, distance=8.0, discount=null)), (Trip(driver=Driver(name=D-3), passengers=[Passenger(name=P-13), Passenger(name=P-11), Passenger(name=P-15)], duration=2, distance=9.0, discount=null), Trip(driver=Driver(name=D-8), passengers=[Passenger(name=P-4), Passenger(name=P-15)], duration=9, distance=17.0, discount=0.1)), (Trip(driver=Driver(name=D-3), passengers=[Passenger(name=P-13), Passenger(name=P-11), Passenger(name=P-15)], duration=2, distance=9.0, discount=null), Trip(driver=Driver(name=D-6), passengers=[Passenger(name=P-15)], duration=13, distance=1.0, discount=null)), (Trip(driver=Driver(name=D-3), passengers=[Passenger(name=P-13), Passenger(name=P-11), Passenger(name=P-15)], duration=2, distance=9.0, discount=null), Trip(driver=Driver(name=D-2), passengers=[Passenger(name=P-3)], duration=13, distance=15.0, discount=0.2)), (Trip(driver=Driver(name=D-3), passengers=[Passenger(name=P-13), Passenger(name=P-11), Passenger(name=P-15)], duration=2, distance=9.0, discount=null), Trip(driver=Driver(name=D-3), passengers=[Passenger(name=P-13), Passenger(name=P-11), Passenger(name=P-15)], duration=2, distance=9.0, discount=null)), (Trip(driver=Driver(name=D-3), passengers=[Passenger(name=P-13), Passenger(name=P-11), Passenger(name=P-15)], duration=2, distance=9.0, discount=null), Trip(driver=Driver(name=D-2), passengers=[Passenger(name=P-12)], duration=2, distance=16.0, discount=null)), (Trip(driver=Driver(name=D-3), passengers=[Passenger(name=P-13), Passenger(name=P-11), Passenger(name=P-15)], duration=2, distance=9.0, discount=null), Trip(driver=Driver(name=D-6), passengers=[Passenger(name=P-13), Passenger(name=P-18)], duration=12, distance=14.0, discount=null)), (Trip(driver=Driver(name=D-3), passengers=[Passenger(name=P-13), Passenger(name=P-11), Passenger(name=P-15)], duration=2, distance=9.0, discount=null), Trip(driver=Driver(name=D-8), passengers=[Passenger(name=P-19)], duration=1, distance=13.0, discount=0.4)), (Trip(driver=Driver(name=D-3), passengers=[Passenger(name=P-13), Passenger(name=P-11), Passenger(name=P-15)], duration=2, distance=9.0, discount=null), Trip(driver=Driver(name=D-6), passengers=[Passenger(name=P-9), Passenger(name=P-13), Passenger(name=P-1), Passenger(name=P-19)], duration=5, distance=14.0, discount=0.2)), (Trip(driver=Driver(name=D-3), passengers=[Passenger(name=P-13), Passenger(name=P-11), Passenger(name=P-15)], duration=2, distance=9.0, discount=null), Trip(driver=Driver(name=D-4), passengers=[Passenger(name=P-8)], duration=15, distance=8.0, discount=0.2)), (Trip(driver=Driver(name=D-3), passengers=[Passenger(name=P-13), Passenger(name=P-11), Passenger(name=P-15)], duration=2, distance=9.0, discount=null), Trip(driver=Driver(name=D-6), passengers=[Passenger(name=P-16), Passenger(name=P-15)], duration=9, distance=4.0, discount=null)), (Trip(driver=Driver(name=D-3), passengers=[Passenger(name=P-13), Passenger(name=P-11), Passenger(name=P-15)], duration=2, distance=9.0, discount=null), Trip(driver=Driver(name=D-2), passengers=[Passenger(name=P-14), Passenger(name=P-0)], duration=7, distance=2.0, discount=null)), (Trip(driver=Driver(name=D-3), passengers=[Passenger(name=P-13), Passenger(name=P-11), Passenger(name=P-15)], duration=2, distance=9.0, discount=null), Trip(driver=Driver(name=D-5), passengers=[Passenger(name=P-18)], duration=7, distance=19.0, discount=null)), (Trip(driver=Driver(name=D-3), passengers=[Passenger(name=P-13), Passenger(name=P-11), Passenger(name=P-15)], duration=2, distance=9.0, discount=null), Trip(driver=Driver(name=D-9), passengers=[Passenger(name=P-15)], duration=15, distance=10.0, discount=0.4)), (Trip(driver=Driver(name=D-3), passengers=[Passenger(name=P-13), Passenger(name=P-11), Passenger(name=P-15)], duration=2, distance=9.0, discount=null), Trip(driver=Driver(name=D-7), passengers=[Passenger(name=P-7), Passenger(name=P-18)], duration=12, distance=11.0, discount=null)), (Trip(driver=Driver(name=D-3), passengers=[Passenger(name=P-13), Passenger(name=P-11), Passenger(name=P-15)], duration=2, distance=9.0, discount=null), Trip(driver=Driver(name=D-3), passengers=[Passenger(name=P-10), Passenger(name=P-19), Passenger(name=P-17)], duration=10, distance=7.0, discount=null)), (Trip(driver=Driver(name=D-3), passengers=[Passenger(name=P-13), Passenger(name=P-11), Passenger(name=P-15)], duration=2, distance=9.0, discount=null), Trip(driver=Driver(name=D-3), passengers=[Passenger(name=P-10)], duration=18, distance=10.0, discount=0.2)), (Trip(driver=Driver(name=D-3), passengers=[Passenger(name=P-13), Passenger(name=P-11), Passenger(name=P-15)], duration=2, distance=9.0, discount=null), Trip(driver=Driver(name=D-8), passengers=[Passenger(name=P-9), Passenger(name=P-15), Passenger(name=P-16), Passenger(name=P-19)], duration=19, distance=12.0, discount=0.3)), (Trip(driver=Driver(name=D-3), passengers=[Passenger(name=P-13), Passenger(name=P-11), Passenger(name=P-15)], duration=2, distance=9.0, discount=null), Trip(driver=Driver(name=D-5), passengers=[Passenger(name=P-13)], duration=16, distance=11.0, discount=0.3))]
item [(Trip(driver=Driver(name=D-2), passengers=[Passenger(name=P-12)], duration=2, distance=16.0, discount=null), Trip(driver=Driver(name=D-0), passengers=[Passenger(name=P-15), Passenger(name=P-14), Passenger(name=P-10)], duration=0, distance=19.0, discount=null)), (Trip(driver=Driver(name=D-2), passengers=[Passenger(name=P-12)], duration=2, distance=16.0, discount=null), Trip(driver=Driver(name=D-0), passengers=[Passenger(name=P-18), Passenger(name=P-8), Passenger(name=P-7), Passenger(name=P-14)], duration=15, distance=1.0, discount=null)), (Trip(driver=Driver(name=D-2), passengers=[Passenger(name=P-12)], duration=2, distance=16.0, discount=null), Trip(driver=Driver(name=D-9), passengers=[Passenger(name=P-4), Passenger(name=P-19), Passenger(name=P-0)], duration=9, distance=15.0, discount=null)), (Trip(driver=Driver(name=D-2), passengers=[Passenger(name=P-12)], duration=2, distance=16.0, discount=null), Trip(driver=Driver(name=D-0), passengers=[Passenger(name=P-12), Passenger(name=P-7), Passenger(name=P-2)], duration=13, distance=19.0, discount=0.3)), (Trip(driver=Driver(name=D-2), passengers=[Passenger(name=P-12)], duration=2, distance=16.0, discount=null), Trip(driver=Driver(name=D-6), passengers=[Passenger(name=P-11), Passenger(name=P-8)], duration=14, distance=19.0, discount=null)), (Trip(driver=Driver(name=D-2), passengers=[Passenger(name=P-12)], duration=2, distance=16.0, discount=null), Trip(driver=Driver(name=D-0), passengers=[Passenger(name=P-2)], duration=12, distance=14.0, discount=0.3)), (Trip(driver=Driver(name=D-2), passengers=[Passenger(name=P-12)], duration=2, distance=16.0, discount=null), Trip(driver=Driver(name=D-8), passengers=[Passenger(name=P-1), Passenger(name=P-17), Passenger(name=P-9), Passenger(name=P-10)], duration=16, distance=3.0, discount=null)), (Trip(driver=Driver(name=D-2), passengers=[Passenger(name=P-12)], duration=2, distance=16.0, discount=null), Trip(driver=Driver(name=D-0), passengers=[Passenger(name=P-17)], duration=10, distance=6.0, discount=0.4)), (Trip(driver=Driver(name=D-2), passengers=[Passenger(name=P-12)], duration=2, distance=16.0, discount=null), Trip(driver=Driver(name=D-1), passengers=[Passenger(name=P-8), Passenger(name=P-1)], duration=7, distance=5.0, discount=null)), (Trip(driver=Driver(name=D-2), passengers=[Passenger(name=P-12)], duration=2, distance=16.0, discount=null), Trip(driver=Driver(name=D-9), passengers=[Passenger(name=P-6)], duration=3, distance=6.0, discount=null)), (Trip(driver=Driver(name=D-2), passengers=[Passenger(name=P-12)], duration=2, distance=16.0, discount=null), Trip(driver=Driver(name=D-4), passengers=[Passenger(name=P-12), Passenger(name=P-19), Passenger(name=P-7), Passenger(name=P-0)], duration=9, distance=10.0, discount=0.4)), (Trip(driver=Driver(name=D-2), passengers=[Passenger(name=P-12)], duration=2, distance=16.0, discount=null), Trip(driver=Driver(name=D-7), passengers=[Passenger(name=P-16)], duration=11, distance=12.0, discount=0.1)), (Trip(driver=Driver(name=D-2), passengers=[Passenger(name=P-12)], duration=2, distance=16.0, discount=null), Trip(driver=Driver(name=D-9), passengers=[Passenger(name=P-6), Passenger(name=P-14)], duration=9, distance=7.0, discount=null)), (Trip(driver=Driver(name=D-2), passengers=[Passenger(name=P-12)], duration=2, distance=16.0, discount=null), Trip(driver=Driver(name=D-5), passengers=[Passenger(name=P-4)], duration=1, distance=16.0, discount=0.4)), (Trip(driver=Driver(name=D-2), passengers=[Passenger(name=P-12)], duration=2, distance=16.0, discount=null), Trip(driver=Driver(name=D-2), passengers=[Passenger(name=P-15), Passenger(name=P-7), Passenger(name=P-12)], duration=9, distance=6.0, discount=null)), (Trip(driver=Driver(name=D-2), passengers=[Passenger(name=P-12)], duration=2, distance=16.0, discount=null), Trip(driver=Driver(name=D-1), passengers=[Passenger(name=P-13)], duration=2, distance=7.0, discount=0.1)), (Trip(driver=Driver(name=D-2), passengers=[Passenger(name=P-12)], duration=2, distance=16.0, discount=null), Trip(driver=Driver(name=D-5), passengers=[Passenger(name=P-0), Passenger(name=P-18), Passenger(name=P-3)], duration=10, distance=11.0, discount=null)), (Trip(driver=Driver(name=D-2), passengers=[Passenger(name=P-12)], duration=2, distance=16.0, discount=null), Trip(driver=Driver(name=D-0), passengers=[Passenger(name=P-9)], duration=6, distance=18.0, discount=0.4)), (Trip(driver=Driver(name=D-2), passengers=[Passenger(name=P-12)], duration=2, distance=16.0, discount=null), Trip(driver=Driver(name=D-1), passengers=[Passenger(name=P-9), Passenger(name=P-0), Passenger(name=P-3), Passenger(name=P-14)], duration=0, distance=15.0, discount=null)), (Trip(driver=Driver(name=D-2), passengers=[Passenger(name=P-12)], duration=2, distance=16.0, discount=null), Trip(driver=Driver(name=D-1), passengers=[Passenger(name=P-10)], duration=17, distance=15.0, discount=null)), (Trip(driver=Driver(name=D-2), passengers=[Passenger(name=P-12)], duration=2, distance=16.0, discount=null), Trip(driver=Driver(name=D-6), passengers=[Passenger(name=P-0), Passenger(name=P-18), Passenger(name=P-13)], duration=3, distance=5.0, discount=null)), (Trip(driver=Driver(name=D-2), passengers=[Passenger(name=P-12)], duration=2, distance=16.0, discount=null), Trip(driver=Driver(name=D-7), passengers=[Passenger(name=P-19), Passenger(name=P-10)], duration=0, distance=8.0, discount=null)), (Trip(driver=Driver(name=D-2), passengers=[Passenger(name=P-12)], duration=2, distance=16.0, discount=null), Trip(driver=Driver(name=D-8), passengers=[Passenger(name=P-4), Passenger(name=P-15)], duration=9, distance=17.0, discount=0.1)), (Trip(driver=Driver(name=D-2), passengers=[Passenger(name=P-12)], duration=2, distance=16.0, discount=null), Trip(driver=Driver(name=D-6), passengers=[Passenger(name=P-15)], duration=13, distance=1.0, discount=null)), (Trip(driver=Driver(name=D-2), passengers=[Passenger(name=P-12)], duration=2, distance=16.0, discount=null), Trip(driver=Driver(name=D-2), passengers=[Passenger(name=P-3)], duration=13, distance=15.0, discount=0.2)), (Trip(driver=Driver(name=D-2), passengers=[Passenger(name=P-12)], duration=2, distance=16.0, discount=null), Trip(driver=Driver(name=D-3), passengers=[Passenger(name=P-13), Passenger(name=P-11), Passenger(name=P-15)], duration=2, distance=9.0, discount=null)), (Trip(driver=Driver(name=D-2), passengers=[Passenger(name=P-12)], duration=2, distance=16.0, discount=null), Trip(driver=Driver(name=D-2), passengers=[Passenger(name=P-12)], duration=2, distance=16.0, discount=null)), (Trip(driver=Driver(name=D-2), passengers=[Passenger(name=P-12)], duration=2, distance=16.0, discount=null), Trip(driver=Driver(name=D-6), passengers=[Passenger(name=P-13), Passenger(name=P-18)], duration=12, distance=14.0, discount=null)), (Trip(driver=Driver(name=D-2), passengers=[Passenger(name=P-12)], duration=2, distance=16.0, discount=null), Trip(driver=Driver(name=D-8), passengers=[Passenger(name=P-19)], duration=1, distance=13.0, discount=0.4)), (Trip(driver=Driver(name=D-2), passengers=[Passenger(name=P-12)], duration=2, distance=16.0, discount=null), Trip(driver=Driver(name=D-6), passengers=[Passenger(name=P-9), Passenger(name=P-13), Passenger(name=P-1), Passenger(name=P-19)], duration=5, distance=14.0, discount=0.2)), (Trip(driver=Driver(name=D-2), passengers=[Passenger(name=P-12)], duration=2, distance=16.0, discount=null), Trip(driver=Driver(name=D-4), passengers=[Passenger(name=P-8)], duration=15, distance=8.0, discount=0.2)), (Trip(driver=Driver(name=D-2), passengers=[Passenger(name=P-12)], duration=2, distance=16.0, discount=null), Trip(driver=Driver(name=D-6), passengers=[Passenger(name=P-16), Passenger(name=P-15)], duration=9, distance=4.0, discount=null)), (Trip(driver=Driver(name=D-2), passengers=[Passenger(name=P-12)], duration=2, distance=16.0, discount=null), Trip(driver=Driver(name=D-2), passengers=[Passenger(name=P-14), Passenger(name=P-0)], duration=7, distance=2.0, discount=null)), (Trip(driver=Driver(name=D-2), passengers=[Passenger(name=P-12)], duration=2, distance=16.0, discount=null), Trip(driver=Driver(name=D-5), passengers=[Passenger(name=P-18)], duration=7, distance=19.0, discount=null)), (Trip(driver=Driver(name=D-2), passengers=[Passenger(name=P-12)], duration=2, distance=16.0, discount=null), Trip(driver=Driver(name=D-9), passengers=[Passenger(name=P-15)], duration=15, distance=10.0, discount=0.4)), (Trip(driver=Driver(name=D-2), passengers=[Passenger(name=P-12)], duration=2, distance=16.0, discount=null), Trip(driver=Driver(name=D-7), passengers=[Passenger(name=P-7), Passenger(name=P-18)], duration=12, distance=11.0, discount=null)), (Trip(driver=Driver(name=D-2), passengers=[Passenger(name=P-12)], duration=2, distance=16.0, discount=null), Trip(driver=Driver(name=D-3), passengers=[Passenger(name=P-10), Passenger(name=P-19), Passenger(name=P-17)], duration=10, distance=7.0, discount=null)), (Trip(driver=Driver(name=D-2), passengers=[Passenger(name=P-12)], duration=2, distance=16.0, discount=null), Trip(driver=Driver(name=D-3), passengers=[Passenger(name=P-10)], duration=18, distance=10.0, discount=0.2)), (Trip(driver=Driver(name=D-2), passengers=[Passenger(name=P-12)], duration=2, distance=16.0, discount=null), Trip(driver=Driver(name=D-8), passengers=[Passenger(name=P-9), Passenger(name=P-15), Passenger(name=P-16), Passenger(name=P-19)], duration=19, distance=12.0, discount=0.3)), (Trip(driver=Driver(name=D-2), passengers=[Passenger(name=P-12)], duration=2, distance=16.0, discount=null), Trip(driver=Driver(name=D-5), passengers=[Passenger(name=P-13)], duration=16, distance=11.0, discount=0.3))]
item [(Trip(driver=Driver(name=D-6), passengers=[Passenger(name=P-13), Passenger(name=P-18)], duration=12, distance=14.0, discount=null), Trip(driver=Driver(name=D-0), passengers=[Passenger(name=P-15), Passenger(name=P-14), Passenger(name=P-10)], duration=0, distance=19.0, discount=null)), (Trip(driver=Driver(name=D-6), passengers=[Passenger(name=P-13), Passenger(name=P-18)], duration=12, distance=14.0, discount=null), Trip(driver=Driver(name=D-0), passengers=[Passenger(name=P-18), Passenger(name=P-8), Passenger(name=P-7), Passenger(name=P-14)], duration=15, distance=1.0, discount=null)), (Trip(driver=Driver(name=D-6), passengers=[Passenger(name=P-13), Passenger(name=P-18)], duration=12, distance=14.0, discount=null), Trip(driver=Driver(name=D-9), passengers=[Passenger(name=P-4), Passenger(name=P-19), Passenger(name=P-0)], duration=9, distance=15.0, discount=null)), (Trip(driver=Driver(name=D-6), passengers=[Passenger(name=P-13), Passenger(name=P-18)], duration=12, distance=14.0, discount=null), Trip(driver=Driver(name=D-0), passengers=[Passenger(name=P-12), Passenger(name=P-7), Passenger(name=P-2)], duration=13, distance=19.0, discount=0.3)), (Trip(driver=Driver(name=D-6), passengers=[Passenger(name=P-13), Passenger(name=P-18)], duration=12, distance=14.0, discount=null), Trip(driver=Driver(name=D-6), passengers=[Passenger(name=P-11), Passenger(name=P-8)], duration=14, distance=19.0, discount=null)), (Trip(driver=Driver(name=D-6), passengers=[Passenger(name=P-13), Passenger(name=P-18)], duration=12, distance=14.0, discount=null), Trip(driver=Driver(name=D-0), passengers=[Passenger(name=P-2)], duration=12, distance=14.0, discount=0.3)), (Trip(driver=Driver(name=D-6), passengers=[Passenger(name=P-13), Passenger(name=P-18)], duration=12, distance=14.0, discount=null), Trip(driver=Driver(name=D-8), passengers=[Passenger(name=P-1), Passenger(name=P-17), Passenger(name=P-9), Passenger(name=P-10)], duration=16, distance=3.0, discount=null)), (Trip(driver=Driver(name=D-6), passengers=[Passenger(name=P-13), Passenger(name=P-18)], duration=12, distance=14.0, discount=null), Trip(driver=Driver(name=D-0), passengers=[Passenger(name=P-17)], duration=10, distance=6.0, discount=0.4)), (Trip(driver=Driver(name=D-6), passengers=[Passenger(name=P-13), Passenger(name=P-18)], duration=12, distance=14.0, discount=null), Trip(driver=Driver(name=D-1), passengers=[Passenger(name=P-8), Passenger(name=P-1)], duration=7, distance=5.0, discount=null)), (Trip(driver=Driver(name=D-6), passengers=[Passenger(name=P-13), Passenger(name=P-18)], duration=12, distance=14.0, discount=null), Trip(driver=Driver(name=D-9), passengers=[Passenger(name=P-6)], duration=3, distance=6.0, discount=null)), (Trip(driver=Driver(name=D-6), passengers=[Passenger(name=P-13), Passenger(name=P-18)], duration=12, distance=14.0, discount=null), Trip(driver=Driver(name=D-4), passengers=[Passenger(name=P-12), Passenger(name=P-19), Passenger(name=P-7), Passenger(name=P-0)], duration=9, distance=10.0, discount=0.4)), (Trip(driver=Driver(name=D-6), passengers=[Passenger(name=P-13), Passenger(name=P-18)], duration=12, distance=14.0, discount=null), Trip(driver=Driver(name=D-7), passengers=[Passenger(name=P-16)], duration=11, distance=12.0, discount=0.1)), (Trip(driver=Driver(name=D-6), passengers=[Passenger(name=P-13), Passenger(name=P-18)], duration=12, distance=14.0, discount=null), Trip(driver=Driver(name=D-9), passengers=[Passenger(name=P-6), Passenger(name=P-14)], duration=9, distance=7.0, discount=null)), (Trip(driver=Driver(name=D-6), passengers=[Passenger(name=P-13), Passenger(name=P-18)], duration=12, distance=14.0, discount=null), Trip(driver=Driver(name=D-5), passengers=[Passenger(name=P-4)], duration=1, distance=16.0, discount=0.4)), (Trip(driver=Driver(name=D-6), passengers=[Passenger(name=P-13), Passenger(name=P-18)], duration=12, distance=14.0, discount=null), Trip(driver=Driver(name=D-2), passengers=[Passenger(name=P-15), Passenger(name=P-7), Passenger(name=P-12)], duration=9, distance=6.0, discount=null)), (Trip(driver=Driver(name=D-6), passengers=[Passenger(name=P-13), Passenger(name=P-18)], duration=12, distance=14.0, discount=null), Trip(driver=Driver(name=D-1), passengers=[Passenger(name=P-13)], duration=2, distance=7.0, discount=0.1)), (Trip(driver=Driver(name=D-6), passengers=[Passenger(name=P-13), Passenger(name=P-18)], duration=12, distance=14.0, discount=null), Trip(driver=Driver(name=D-5), passengers=[Passenger(name=P-0), Passenger(name=P-18), Passenger(name=P-3)], duration=10, distance=11.0, discount=null)), (Trip(driver=Driver(name=D-6), passengers=[Passenger(name=P-13), Passenger(name=P-18)], duration=12, distance=14.0, discount=null), Trip(driver=Driver(name=D-0), passengers=[Passenger(name=P-9)], duration=6, distance=18.0, discount=0.4)), (Trip(driver=Driver(name=D-6), passengers=[Passenger(name=P-13), Passenger(name=P-18)], duration=12, distance=14.0, discount=null), Trip(driver=Driver(name=D-1), passengers=[Passenger(name=P-9), Passenger(name=P-0), Passenger(name=P-3), Passenger(name=P-14)], duration=0, distance=15.0, discount=null)), (Trip(driver=Driver(name=D-6), passengers=[Passenger(name=P-13), Passenger(name=P-18)], duration=12, distance=14.0, discount=null), Trip(driver=Driver(name=D-1), passengers=[Passenger(name=P-10)], duration=17, distance=15.0, discount=null)), (Trip(driver=Driver(name=D-6), passengers=[Passenger(name=P-13), Passenger(name=P-18)], duration=12, distance=14.0, discount=null), Trip(driver=Driver(name=D-6), passengers=[Passenger(name=P-0), Passenger(name=P-18), Passenger(name=P-13)], duration=3, distance=5.0, discount=null)), (Trip(driver=Driver(name=D-6), passengers=[Passenger(name=P-13), Passenger(name=P-18)], duration=12, distance=14.0, discount=null), Trip(driver=Driver(name=D-7), passengers=[Passenger(name=P-19), Passenger(name=P-10)], duration=0, distance=8.0, discount=null)), (Trip(driver=Driver(name=D-6), passengers=[Passenger(name=P-13), Passenger(name=P-18)], duration=12, distance=14.0, discount=null), Trip(driver=Driver(name=D-8), passengers=[Passenger(name=P-4), Passenger(name=P-15)], duration=9, distance=17.0, discount=0.1)), (Trip(driver=Driver(name=D-6), passengers=[Passenger(name=P-13), Passenger(name=P-18)], duration=12, distance=14.0, discount=null), Trip(driver=Driver(name=D-6), passengers=[Passenger(name=P-15)], duration=13, distance=1.0, discount=null)), (Trip(driver=Driver(name=D-6), passengers=[Passenger(name=P-13), Passenger(name=P-18)], duration=12, distance=14.0, discount=null), Trip(driver=Driver(name=D-2), passengers=[Passenger(name=P-3)], duration=13, distance=15.0, discount=0.2)), (Trip(driver=Driver(name=D-6), passengers=[Passenger(name=P-13), Passenger(name=P-18)], duration=12, distance=14.0, discount=null), Trip(driver=Driver(name=D-3), passengers=[Passenger(name=P-13), Passenger(name=P-11), Passenger(name=P-15)], duration=2, distance=9.0, discount=null)), (Trip(driver=Driver(name=D-6), passengers=[Passenger(name=P-13), Passenger(name=P-18)], duration=12, distance=14.0, discount=null), Trip(driver=Driver(name=D-2), passengers=[Passenger(name=P-12)], duration=2, distance=16.0, discount=null)), (Trip(driver=Driver(name=D-6), passengers=[Passenger(name=P-13), Passenger(name=P-18)], duration=12, distance=14.0, discount=null), Trip(driver=Driver(name=D-6), passengers=[Passenger(name=P-13), Passenger(name=P-18)], duration=12, distance=14.0, discount=null)), (Trip(driver=Driver(name=D-6), passengers=[Passenger(name=P-13), Passenger(name=P-18)], duration=12, distance=14.0, discount=null), Trip(driver=Driver(name=D-8), passengers=[Passenger(name=P-19)], duration=1, distance=13.0, discount=0.4)), (Trip(driver=Driver(name=D-6), passengers=[Passenger(name=P-13), Passenger(name=P-18)], duration=12, distance=14.0, discount=null), Trip(driver=Driver(name=D-6), passengers=[Passenger(name=P-9), Passenger(name=P-13), Passenger(name=P-1), Passenger(name=P-19)], duration=5, distance=14.0, discount=0.2)), (Trip(driver=Driver(name=D-6), passengers=[Passenger(name=P-13), Passenger(name=P-18)], duration=12, distance=14.0, discount=null), Trip(driver=Driver(name=D-4), passengers=[Passenger(name=P-8)], duration=15, distance=8.0, discount=0.2)), (Trip(driver=Driver(name=D-6), passengers=[Passenger(name=P-13), Passenger(name=P-18)], duration=12, distance=14.0, discount=null), Trip(driver=Driver(name=D-6), passengers=[Passenger(name=P-16), Passenger(name=P-15)], duration=9, distance=4.0, discount=null)), (Trip(driver=Driver(name=D-6), passengers=[Passenger(name=P-13), Passenger(name=P-18)], duration=12, distance=14.0, discount=null), Trip(driver=Driver(name=D-2), passengers=[Passenger(name=P-14), Passenger(name=P-0)], duration=7, distance=2.0, discount=null)), (Trip(driver=Driver(name=D-6), passengers=[Passenger(name=P-13), Passenger(name=P-18)], duration=12, distance=14.0, discount=null), Trip(driver=Driver(name=D-5), passengers=[Passenger(name=P-18)], duration=7, distance=19.0, discount=null)), (Trip(driver=Driver(name=D-6), passengers=[Passenger(name=P-13), Passenger(name=P-18)], duration=12, distance=14.0, discount=null), Trip(driver=Driver(name=D-9), passengers=[Passenger(name=P-15)], duration=15, distance=10.0, discount=0.4)), (Trip(driver=Driver(name=D-6), passengers=[Passenger(name=P-13), Passenger(name=P-18)], duration=12, distance=14.0, discount=null), Trip(driver=Driver(name=D-7), passengers=[Passenger(name=P-7), Passenger(name=P-18)], duration=12, distance=11.0, discount=null)), (Trip(driver=Driver(name=D-6), passengers=[Passenger(name=P-13), Passenger(name=P-18)], duration=12, distance=14.0, discount=null), Trip(driver=Driver(name=D-3), passengers=[Passenger(name=P-10), Passenger(name=P-19), Passenger(name=P-17)], duration=10, distance=7.0, discount=null)), (Trip(driver=Driver(name=D-6), passengers=[Passenger(name=P-13), Passenger(name=P-18)], duration=12, distance=14.0, discount=null), Trip(driver=Driver(name=D-3), passengers=[Passenger(name=P-10)], duration=18, distance=10.0, discount=0.2)), (Trip(driver=Driver(name=D-6), passengers=[Passenger(name=P-13), Passenger(name=P-18)], duration=12, distance=14.0, discount=null), Trip(driver=Driver(name=D-8), passengers=[Passenger(name=P-9), Passenger(name=P-15), Passenger(name=P-16), Passenger(name=P-19)], duration=19, distance=12.0, discount=0.3)), (Trip(driver=Driver(name=D-6), passengers=[Passenger(name=P-13), Passenger(name=P-18)], duration=12, distance=14.0, discount=null), Trip(driver=Driver(name=D-5), passengers=[Passenger(name=P-13)], duration=16, distance=11.0, discount=0.3))]
item [(Trip(driver=Driver(name=D-8), passengers=[Passenger(name=P-19)], duration=1, distance=13.0, discount=0.4), Trip(driver=Driver(name=D-0), passengers=[Passenger(name=P-15), Passenger(name=P-14), Passenger(name=P-10)], duration=0, distance=19.0, discount=null)), (Trip(driver=Driver(name=D-8), passengers=[Passenger(name=P-19)], duration=1, distance=13.0, discount=0.4), Trip(driver=Driver(name=D-0), passengers=[Passenger(name=P-18), Passenger(name=P-8), Passenger(name=P-7), Passenger(name=P-14)], duration=15, distance=1.0, discount=null)), (Trip(driver=Driver(name=D-8), passengers=[Passenger(name=P-19)], duration=1, distance=13.0, discount=0.4), Trip(driver=Driver(name=D-9), passengers=[Passenger(name=P-4), Passenger(name=P-19), Passenger(name=P-0)], duration=9, distance=15.0, discount=null)), (Trip(driver=Driver(name=D-8), passengers=[Passenger(name=P-19)], duration=1, distance=13.0, discount=0.4), Trip(driver=Driver(name=D-0), passengers=[Passenger(name=P-12), Passenger(name=P-7), Passenger(name=P-2)], duration=13, distance=19.0, discount=0.3)), (Trip(driver=Driver(name=D-8), passengers=[Passenger(name=P-19)], duration=1, distance=13.0, discount=0.4), Trip(driver=Driver(name=D-6), passengers=[Passenger(name=P-11), Passenger(name=P-8)], duration=14, distance=19.0, discount=null)), (Trip(driver=Driver(name=D-8), passengers=[Passenger(name=P-19)], duration=1, distance=13.0, discount=0.4), Trip(driver=Driver(name=D-0), passengers=[Passenger(name=P-2)], duration=12, distance=14.0, discount=0.3)), (Trip(driver=Driver(name=D-8), passengers=[Passenger(name=P-19)], duration=1, distance=13.0, discount=0.4), Trip(driver=Driver(name=D-8), passengers=[Passenger(name=P-1), Passenger(name=P-17), Passenger(name=P-9), Passenger(name=P-10)], duration=16, distance=3.0, discount=null)), (Trip(driver=Driver(name=D-8), passengers=[Passenger(name=P-19)], duration=1, distance=13.0, discount=0.4), Trip(driver=Driver(name=D-0), passengers=[Passenger(name=P-17)], duration=10, distance=6.0, discount=0.4)), (Trip(driver=Driver(name=D-8), passengers=[Passenger(name=P-19)], duration=1, distance=13.0, discount=0.4), Trip(driver=Driver(name=D-1), passengers=[Passenger(name=P-8), Passenger(name=P-1)], duration=7, distance=5.0, discount=null)), (Trip(driver=Driver(name=D-8), passengers=[Passenger(name=P-19)], duration=1, distance=13.0, discount=0.4), Trip(driver=Driver(name=D-9), passengers=[Passenger(name=P-6)], duration=3, distance=6.0, discount=null)), (Trip(driver=Driver(name=D-8), passengers=[Passenger(name=P-19)], duration=1, distance=13.0, discount=0.4), Trip(driver=Driver(name=D-4), passengers=[Passenger(name=P-12), Passenger(name=P-19), Passenger(name=P-7), Passenger(name=P-0)], duration=9, distance=10.0, discount=0.4)), (Trip(driver=Driver(name=D-8), passengers=[Passenger(name=P-19)], duration=1, distance=13.0, discount=0.4), Trip(driver=Driver(name=D-7), passengers=[Passenger(name=P-16)], duration=11, distance=12.0, discount=0.1)), (Trip(driver=Driver(name=D-8), passengers=[Passenger(name=P-19)], duration=1, distance=13.0, discount=0.4), Trip(driver=Driver(name=D-9), passengers=[Passenger(name=P-6), Passenger(name=P-14)], duration=9, distance=7.0, discount=null)), (Trip(driver=Driver(name=D-8), passengers=[Passenger(name=P-19)], duration=1, distance=13.0, discount=0.4), Trip(driver=Driver(name=D-5), passengers=[Passenger(name=P-4)], duration=1, distance=16.0, discount=0.4)), (Trip(driver=Driver(name=D-8), passengers=[Passenger(name=P-19)], duration=1, distance=13.0, discount=0.4), Trip(driver=Driver(name=D-2), passengers=[Passenger(name=P-15), Passenger(name=P-7), Passenger(name=P-12)], duration=9, distance=6.0, discount=null)), (Trip(driver=Driver(name=D-8), passengers=[Passenger(name=P-19)], duration=1, distance=13.0, discount=0.4), Trip(driver=Driver(name=D-1), passengers=[Passenger(name=P-13)], duration=2, distance=7.0, discount=0.1)), (Trip(driver=Driver(name=D-8), passengers=[Passenger(name=P-19)], duration=1, distance=13.0, discount=0.4), Trip(driver=Driver(name=D-5), passengers=[Passenger(name=P-0), Passenger(name=P-18), Passenger(name=P-3)], duration=10, distance=11.0, discount=null)), (Trip(driver=Driver(name=D-8), passengers=[Passenger(name=P-19)], duration=1, distance=13.0, discount=0.4), Trip(driver=Driver(name=D-0), passengers=[Passenger(name=P-9)], duration=6, distance=18.0, discount=0.4)), (Trip(driver=Driver(name=D-8), passengers=[Passenger(name=P-19)], duration=1, distance=13.0, discount=0.4), Trip(driver=Driver(name=D-1), passengers=[Passenger(name=P-9), Passenger(name=P-0), Passenger(name=P-3), Passenger(name=P-14)], duration=0, distance=15.0, discount=null)), (Trip(driver=Driver(name=D-8), passengers=[Passenger(name=P-19)], duration=1, distance=13.0, discount=0.4), Trip(driver=Driver(name=D-1), passengers=[Passenger(name=P-10)], duration=17, distance=15.0, discount=null)), (Trip(driver=Driver(name=D-8), passengers=[Passenger(name=P-19)], duration=1, distance=13.0, discount=0.4), Trip(driver=Driver(name=D-6), passengers=[Passenger(name=P-0), Passenger(name=P-18), Passenger(name=P-13)], duration=3, distance=5.0, discount=null)), (Trip(driver=Driver(name=D-8), passengers=[Passenger(name=P-19)], duration=1, distance=13.0, discount=0.4), Trip(driver=Driver(name=D-7), passengers=[Passenger(name=P-19), Passenger(name=P-10)], duration=0, distance=8.0, discount=null)), (Trip(driver=Driver(name=D-8), passengers=[Passenger(name=P-19)], duration=1, distance=13.0, discount=0.4), Trip(driver=Driver(name=D-8), passengers=[Passenger(name=P-4), Passenger(name=P-15)], duration=9, distance=17.0, discount=0.1)), (Trip(driver=Driver(name=D-8), passengers=[Passenger(name=P-19)], duration=1, distance=13.0, discount=0.4), Trip(driver=Driver(name=D-6), passengers=[Passenger(name=P-15)], duration=13, distance=1.0, discount=null)), (Trip(driver=Driver(name=D-8), passengers=[Passenger(name=P-19)], duration=1, distance=13.0, discount=0.4), Trip(driver=Driver(name=D-2), passengers=[Passenger(name=P-3)], duration=13, distance=15.0, discount=0.2)), (Trip(driver=Driver(name=D-8), passengers=[Passenger(name=P-19)], duration=1, distance=13.0, discount=0.4), Trip(driver=Driver(name=D-3), passengers=[Passenger(name=P-13), Passenger(name=P-11), Passenger(name=P-15)], duration=2, distance=9.0, discount=null)), (Trip(driver=Driver(name=D-8), passengers=[Passenger(name=P-19)], duration=1, distance=13.0, discount=0.4), Trip(driver=Driver(name=D-2), passengers=[Passenger(name=P-12)], duration=2, distance=16.0, discount=null)), (Trip(driver=Driver(name=D-8), passengers=[Passenger(name=P-19)], duration=1, distance=13.0, discount=0.4), Trip(driver=Driver(name=D-6), passengers=[Passenger(name=P-13), Passenger(name=P-18)], duration=12, distance=14.0, discount=null)), (Trip(driver=Driver(name=D-8), passengers=[Passenger(name=P-19)], duration=1, distance=13.0, discount=0.4), Trip(driver=Driver(name=D-8), passengers=[Passenger(name=P-19)], duration=1, distance=13.0, discount=0.4)), (Trip(driver=Driver(name=D-8), passengers=[Passenger(name=P-19)], duration=1, distance=13.0, discount=0.4), Trip(driver=Driver(name=D-6), passengers=[Passenger(name=P-9), Passenger(name=P-13), Passenger(name=P-1), Passenger(name=P-19)], duration=5, distance=14.0, discount=0.2)), (Trip(driver=Driver(name=D-8), passengers=[Passenger(name=P-19)], duration=1, distance=13.0, discount=0.4), Trip(driver=Driver(name=D-4), passengers=[Passenger(name=P-8)], duration=15, distance=8.0, discount=0.2)), (Trip(driver=Driver(name=D-8), passengers=[Passenger(name=P-19)], duration=1, distance=13.0, discount=0.4), Trip(driver=Driver(name=D-6), passengers=[Passenger(name=P-16), Passenger(name=P-15)], duration=9, distance=4.0, discount=null)), (Trip(driver=Driver(name=D-8), passengers=[Passenger(name=P-19)], duration=1, distance=13.0, discount=0.4), Trip(driver=Driver(name=D-2), passengers=[Passenger(name=P-14), Passenger(name=P-0)], duration=7, distance=2.0, discount=null)), (Trip(driver=Driver(name=D-8), passengers=[Passenger(name=P-19)], duration=1, distance=13.0, discount=0.4), Trip(driver=Driver(name=D-5), passengers=[Passenger(name=P-18)], duration=7, distance=19.0, discount=null)), (Trip(driver=Driver(name=D-8), passengers=[Passenger(name=P-19)], duration=1, distance=13.0, discount=0.4), Trip(driver=Driver(name=D-9), passengers=[Passenger(name=P-15)], duration=15, distance=10.0, discount=0.4)), (Trip(driver=Driver(name=D-8), passengers=[Passenger(name=P-19)], duration=1, distance=13.0, discount=0.4), Trip(driver=Driver(name=D-7), passengers=[Passenger(name=P-7), Passenger(name=P-18)], duration=12, distance=11.0, discount=null)), (Trip(driver=Driver(name=D-8), passengers=[Passenger(name=P-19)], duration=1, distance=13.0, discount=0.4), Trip(driver=Driver(name=D-3), passengers=[Passenger(name=P-10), Passenger(name=P-19), Passenger(name=P-17)], duration=10, distance=7.0, discount=null)), (Trip(driver=Driver(name=D-8), passengers=[Passenger(name=P-19)], duration=1, distance=13.0, discount=0.4), Trip(driver=Driver(name=D-3), passengers=[Passenger(name=P-10)], duration=18, distance=10.0, discount=0.2)), (Trip(driver=Driver(name=D-8), passengers=[Passenger(name=P-19)], duration=1, distance=13.0, discount=0.4), Trip(driver=Driver(name=D-8), passengers=[Passenger(name=P-9), Passenger(name=P-15), Passenger(name=P-16), Passenger(name=P-19)], duration=19, distance=12.0, discount=0.3)), (Trip(driver=Driver(name=D-8), passengers=[Passenger(name=P-19)], duration=1, distance=13.0, discount=0.4), Trip(driver=Driver(name=D-5), passengers=[Passenger(name=P-13)], duration=16, distance=11.0, discount=0.3))]
item [(Trip(driver=Driver(name=D-6), passengers=[Passenger(name=P-9), Passenger(name=P-13), Passenger(name=P-1), Passenger(name=P-19)], duration=5, distance=14.0, discount=0.2), Trip(driver=Driver(name=D-0), passengers=[Passenger(name=P-15), Passenger(name=P-14), Passenger(name=P-10)], duration=0, distance=19.0, discount=null)), (Trip(driver=Driver(name=D-6), passengers=[Passenger(name=P-9), Passenger(name=P-13), Passenger(name=P-1), Passenger(name=P-19)], duration=5, distance=14.0, discount=0.2), Trip(driver=Driver(name=D-0), passengers=[Passenger(name=P-18), Passenger(name=P-8), Passenger(name=P-7), Passenger(name=P-14)], duration=15, distance=1.0, discount=null)), (Trip(driver=Driver(name=D-6), passengers=[Passenger(name=P-9), Passenger(name=P-13), Passenger(name=P-1), Passenger(name=P-19)], duration=5, distance=14.0, discount=0.2), Trip(driver=Driver(name=D-9), passengers=[Passenger(name=P-4), Passenger(name=P-19), Passenger(name=P-0)], duration=9, distance=15.0, discount=null)), (Trip(driver=Driver(name=D-6), passengers=[Passenger(name=P-9), Passenger(name=P-13), Passenger(name=P-1), Passenger(name=P-19)], duration=5, distance=14.0, discount=0.2), Trip(driver=Driver(name=D-0), passengers=[Passenger(name=P-12), Passenger(name=P-7), Passenger(name=P-2)], duration=13, distance=19.0, discount=0.3)), (Trip(driver=Driver(name=D-6), passengers=[Passenger(name=P-9), Passenger(name=P-13), Passenger(name=P-1), Passenger(name=P-19)], duration=5, distance=14.0, discount=0.2), Trip(driver=Driver(name=D-6), passengers=[Passenger(name=P-11), Passenger(name=P-8)], duration=14, distance=19.0, discount=null)), (Trip(driver=Driver(name=D-6), passengers=[Passenger(name=P-9), Passenger(name=P-13), Passenger(name=P-1), Passenger(name=P-19)], duration=5, distance=14.0, discount=0.2), Trip(driver=Driver(name=D-0), passengers=[Passenger(name=P-2)], duration=12, distance=14.0, discount=0.3)), (Trip(driver=Driver(name=D-6), passengers=[Passenger(name=P-9), Passenger(name=P-13), Passenger(name=P-1), Passenger(name=P-19)], duration=5, distance=14.0, discount=0.2), Trip(driver=Driver(name=D-8), passengers=[Passenger(name=P-1), Passenger(name=P-17), Passenger(name=P-9), Passenger(name=P-10)], duration=16, distance=3.0, discount=null)), (Trip(driver=Driver(name=D-6), passengers=[Passenger(name=P-9), Passenger(name=P-13), Passenger(name=P-1), Passenger(name=P-19)], duration=5, distance=14.0, discount=0.2), Trip(driver=Driver(name=D-0), passengers=[Passenger(name=P-17)], duration=10, distance=6.0, discount=0.4)), (Trip(driver=Driver(name=D-6), passengers=[Passenger(name=P-9), Passenger(name=P-13), Passenger(name=P-1), Passenger(name=P-19)], duration=5, distance=14.0, discount=0.2), Trip(driver=Driver(name=D-1), passengers=[Passenger(name=P-8), Passenger(name=P-1)], duration=7, distance=5.0, discount=null)), (Trip(driver=Driver(name=D-6), passengers=[Passenger(name=P-9), Passenger(name=P-13), Passenger(name=P-1), Passenger(name=P-19)], duration=5, distance=14.0, discount=0.2), Trip(driver=Driver(name=D-9), passengers=[Passenger(name=P-6)], duration=3, distance=6.0, discount=null)), (Trip(driver=Driver(name=D-6), passengers=[Passenger(name=P-9), Passenger(name=P-13), Passenger(name=P-1), Passenger(name=P-19)], duration=5, distance=14.0, discount=0.2), Trip(driver=Driver(name=D-4), passengers=[Passenger(name=P-12), Passenger(name=P-19), Passenger(name=P-7), Passenger(name=P-0)], duration=9, distance=10.0, discount=0.4)), (Trip(driver=Driver(name=D-6), passengers=[Passenger(name=P-9), Passenger(name=P-13), Passenger(name=P-1), Passenger(name=P-19)], duration=5, distance=14.0, discount=0.2), Trip(driver=Driver(name=D-7), passengers=[Passenger(name=P-16)], duration=11, distance=12.0, discount=0.1)), (Trip(driver=Driver(name=D-6), passengers=[Passenger(name=P-9), Passenger(name=P-13), Passenger(name=P-1), Passenger(name=P-19)], duration=5, distance=14.0, discount=0.2), Trip(driver=Driver(name=D-9), passengers=[Passenger(name=P-6), Passenger(name=P-14)], duration=9, distance=7.0, discount=null)), (Trip(driver=Driver(name=D-6), passengers=[Passenger(name=P-9), Passenger(name=P-13), Passenger(name=P-1), Passenger(name=P-19)], duration=5, distance=14.0, discount=0.2), Trip(driver=Driver(name=D-5), passengers=[Passenger(name=P-4)], duration=1, distance=16.0, discount=0.4)), (Trip(driver=Driver(name=D-6), passengers=[Passenger(name=P-9), Passenger(name=P-13), Passenger(name=P-1), Passenger(name=P-19)], duration=5, distance=14.0, discount=0.2), Trip(driver=Driver(name=D-2), passengers=[Passenger(name=P-15), Passenger(name=P-7), Passenger(name=P-12)], duration=9, distance=6.0, discount=null)), (Trip(driver=Driver(name=D-6), passengers=[Passenger(name=P-9), Passenger(name=P-13), Passenger(name=P-1), Passenger(name=P-19)], duration=5, distance=14.0, discount=0.2), Trip(driver=Driver(name=D-1), passengers=[Passenger(name=P-13)], duration=2, distance=7.0, discount=0.1)), (Trip(driver=Driver(name=D-6), passengers=[Passenger(name=P-9), Passenger(name=P-13), Passenger(name=P-1), Passenger(name=P-19)], duration=5, distance=14.0, discount=0.2), Trip(driver=Driver(name=D-5), passengers=[Passenger(name=P-0), Passenger(name=P-18), Passenger(name=P-3)], duration=10, distance=11.0, discount=null)), (Trip(driver=Driver(name=D-6), passengers=[Passenger(name=P-9), Passenger(name=P-13), Passenger(name=P-1), Passenger(name=P-19)], duration=5, distance=14.0, discount=0.2), Trip(driver=Driver(name=D-0), passengers=[Passenger(name=P-9)], duration=6, distance=18.0, discount=0.4)), (Trip(driver=Driver(name=D-6), passengers=[Passenger(name=P-9), Passenger(name=P-13), Passenger(name=P-1), Passenger(name=P-19)], duration=5, distance=14.0, discount=0.2), Trip(driver=Driver(name=D-1), passengers=[Passenger(name=P-9), Passenger(name=P-0), Passenger(name=P-3), Passenger(name=P-14)], duration=0, distance=15.0, discount=null)), (Trip(driver=Driver(name=D-6), passengers=[Passenger(name=P-9), Passenger(name=P-13), Passenger(name=P-1), Passenger(name=P-19)], duration=5, distance=14.0, discount=0.2), Trip(driver=Driver(name=D-1), passengers=[Passenger(name=P-10)], duration=17, distance=15.0, discount=null)), (Trip(driver=Driver(name=D-6), passengers=[Passenger(name=P-9), Passenger(name=P-13), Passenger(name=P-1), Passenger(name=P-19)], duration=5, distance=14.0, discount=0.2), Trip(driver=Driver(name=D-6), passengers=[Passenger(name=P-0), Passenger(name=P-18), Passenger(name=P-13)], duration=3, distance=5.0, discount=null)), (Trip(driver=Driver(name=D-6), passengers=[Passenger(name=P-9), Passenger(name=P-13), Passenger(name=P-1), Passenger(name=P-19)], duration=5, distance=14.0, discount=0.2), Trip(driver=Driver(name=D-7), passengers=[Passenger(name=P-19), Passenger(name=P-10)], duration=0, distance=8.0, discount=null)), (Trip(driver=Driver(name=D-6), passengers=[Passenger(name=P-9), Passenger(name=P-13), Passenger(name=P-1), Passenger(name=P-19)], duration=5, distance=14.0, discount=0.2), Trip(driver=Driver(name=D-8), passengers=[Passenger(name=P-4), Passenger(name=P-15)], duration=9, distance=17.0, discount=0.1)), (Trip(driver=Driver(name=D-6), passengers=[Passenger(name=P-9), Passenger(name=P-13), Passenger(name=P-1), Passenger(name=P-19)], duration=5, distance=14.0, discount=0.2), Trip(driver=Driver(name=D-6), passengers=[Passenger(name=P-15)], duration=13, distance=1.0, discount=null)), (Trip(driver=Driver(name=D-6), passengers=[Passenger(name=P-9), Passenger(name=P-13), Passenger(name=P-1), Passenger(name=P-19)], duration=5, distance=14.0, discount=0.2), Trip(driver=Driver(name=D-2), passengers=[Passenger(name=P-3)], duration=13, distance=15.0, discount=0.2)), (Trip(driver=Driver(name=D-6), passengers=[Passenger(name=P-9), Passenger(name=P-13), Passenger(name=P-1), Passenger(name=P-19)], duration=5, distance=14.0, discount=0.2), Trip(driver=Driver(name=D-3), passengers=[Passenger(name=P-13), Passenger(name=P-11), Passenger(name=P-15)], duration=2, distance=9.0, discount=null)), (Trip(driver=Driver(name=D-6), passengers=[Passenger(name=P-9), Passenger(name=P-13), Passenger(name=P-1), Passenger(name=P-19)], duration=5, distance=14.0, discount=0.2), Trip(driver=Driver(name=D-2), passengers=[Passenger(name=P-12)], duration=2, distance=16.0, discount=null)), (Trip(driver=Driver(name=D-6), passengers=[Passenger(name=P-9), Passenger(name=P-13), Passenger(name=P-1), Passenger(name=P-19)], duration=5, distance=14.0, discount=0.2), Trip(driver=Driver(name=D-6), passengers=[Passenger(name=P-13), Passenger(name=P-18)], duration=12, distance=14.0, discount=null)), (Trip(driver=Driver(name=D-6), passengers=[Passenger(name=P-9), Passenger(name=P-13), Passenger(name=P-1), Passenger(name=P-19)], duration=5, distance=14.0, discount=0.2), Trip(driver=Driver(name=D-8), passengers=[Passenger(name=P-19)], duration=1, distance=13.0, discount=0.4)), (Trip(driver=Driver(name=D-6), passengers=[Passenger(name=P-9), Passenger(name=P-13), Passenger(name=P-1), Passenger(name=P-19)], duration=5, distance=14.0, discount=0.2), Trip(driver=Driver(name=D-6), passengers=[Passenger(name=P-9), Passenger(name=P-13), Passenger(name=P-1), Passenger(name=P-19)], duration=5, distance=14.0, discount=0.2)), (Trip(driver=Driver(name=D-6), passengers=[Passenger(name=P-9), Passenger(name=P-13), Passenger(name=P-1), Passenger(name=P-19)], duration=5, distance=14.0, discount=0.2), Trip(driver=Driver(name=D-4), passengers=[Passenger(name=P-8)], duration=15, distance=8.0, discount=0.2)), (Trip(driver=Driver(name=D-6), passengers=[Passenger(name=P-9), Passenger(name=P-13), Passenger(name=P-1), Passenger(name=P-19)], duration=5, distance=14.0, discount=0.2), Trip(driver=Driver(name=D-6), passengers=[Passenger(name=P-16), Passenger(name=P-15)], duration=9, distance=4.0, discount=null)), (Trip(driver=Driver(name=D-6), passengers=[Passenger(name=P-9), Passenger(name=P-13), Passenger(name=P-1), Passenger(name=P-19)], duration=5, distance=14.0, discount=0.2), Trip(driver=Driver(name=D-2), passengers=[Passenger(name=P-14), Passenger(name=P-0)], duration=7, distance=2.0, discount=null)), (Trip(driver=Driver(name=D-6), passengers=[Passenger(name=P-9), Passenger(name=P-13), Passenger(name=P-1), Passenger(name=P-19)], duration=5, distance=14.0, discount=0.2), Trip(driver=Driver(name=D-5), passengers=[Passenger(name=P-18)], duration=7, distance=19.0, discount=null)), (Trip(driver=Driver(name=D-6), passengers=[Passenger(name=P-9), Passenger(name=P-13), Passenger(name=P-1), Passenger(name=P-19)], duration=5, distance=14.0, discount=0.2), Trip(driver=Driver(name=D-9), passengers=[Passenger(name=P-15)], duration=15, distance=10.0, discount=0.4)), (Trip(driver=Driver(name=D-6), passengers=[Passenger(name=P-9), Passenger(name=P-13), Passenger(name=P-1), Passenger(name=P-19)], duration=5, distance=14.0, discount=0.2), Trip(driver=Driver(name=D-7), passengers=[Passenger(name=P-7), Passenger(name=P-18)], duration=12, distance=11.0, discount=null)), (Trip(driver=Driver(name=D-6), passengers=[Passenger(name=P-9), Passenger(name=P-13), Passenger(name=P-1), Passenger(name=P-19)], duration=5, distance=14.0, discount=0.2), Trip(driver=Driver(name=D-3), passengers=[Passenger(name=P-10), Passenger(name=P-19), Passenger(name=P-17)], duration=10, distance=7.0, discount=null)), (Trip(driver=Driver(name=D-6), passengers=[Passenger(name=P-9), Passenger(name=P-13), Passenger(name=P-1), Passenger(name=P-19)], duration=5, distance=14.0, discount=0.2), Trip(driver=Driver(name=D-3), passengers=[Passenger(name=P-10)], duration=18, distance=10.0, discount=0.2)), (Trip(driver=Driver(name=D-6), passengers=[Passenger(name=P-9), Passenger(name=P-13), Passenger(name=P-1), Passenger(name=P-19)], duration=5, distance=14.0, discount=0.2), Trip(driver=Driver(name=D-8), passengers=[Passenger(name=P-9), Passenger(name=P-15), Passenger(name=P-16), Passenger(name=P-19)], duration=19, distance=12.0, discount=0.3)), (Trip(driver=Driver(name=D-6), passengers=[Passenger(name=P-9), Passenger(name=P-13), Passenger(name=P-1), Passenger(name=P-19)], duration=5, distance=14.0, discount=0.2), Trip(driver=Driver(name=D-5), passengers=[Passenger(name=P-13)], duration=16, distance=11.0, discount=0.3))]
item [(Trip(driver=Driver(name=D-4), passengers=[Passenger(name=P-8)], duration=15, distance=8.0, discount=0.2), Trip(driver=Driver(name=D-0), passengers=[Passenger(name=P-15), Passenger(name=P-14), Passenger(name=P-10)], duration=0, distance=19.0, discount=null)), (Trip(driver=Driver(name=D-4), passengers=[Passenger(name=P-8)], duration=15, distance=8.0, discount=0.2), Trip(driver=Driver(name=D-0), passengers=[Passenger(name=P-18), Passenger(name=P-8), Passenger(name=P-7), Passenger(name=P-14)], duration=15, distance=1.0, discount=null)), (Trip(driver=Driver(name=D-4), passengers=[Passenger(name=P-8)], duration=15, distance=8.0, discount=0.2), Trip(driver=Driver(name=D-9), passengers=[Passenger(name=P-4), Passenger(name=P-19), Passenger(name=P-0)], duration=9, distance=15.0, discount=null)), (Trip(driver=Driver(name=D-4), passengers=[Passenger(name=P-8)], duration=15, distance=8.0, discount=0.2), Trip(driver=Driver(name=D-0), passengers=[Passenger(name=P-12), Passenger(name=P-7), Passenger(name=P-2)], duration=13, distance=19.0, discount=0.3)), (Trip(driver=Driver(name=D-4), passengers=[Passenger(name=P-8)], duration=15, distance=8.0, discount=0.2), Trip(driver=Driver(name=D-6), passengers=[Passenger(name=P-11), Passenger(name=P-8)], duration=14, distance=19.0, discount=null)), (Trip(driver=Driver(name=D-4), passengers=[Passenger(name=P-8)], duration=15, distance=8.0, discount=0.2), Trip(driver=Driver(name=D-0), passengers=[Passenger(name=P-2)], duration=12, distance=14.0, discount=0.3)), (Trip(driver=Driver(name=D-4), passengers=[Passenger(name=P-8)], duration=15, distance=8.0, discount=0.2), Trip(driver=Driver(name=D-8), passengers=[Passenger(name=P-1), Passenger(name=P-17), Passenger(name=P-9), Passenger(name=P-10)], duration=16, distance=3.0, discount=null)), (Trip(driver=Driver(name=D-4), passengers=[Passenger(name=P-8)], duration=15, distance=8.0, discount=0.2), Trip(driver=Driver(name=D-0), passengers=[Passenger(name=P-17)], duration=10, distance=6.0, discount=0.4)), (Trip(driver=Driver(name=D-4), passengers=[Passenger(name=P-8)], duration=15, distance=8.0, discount=0.2), Trip(driver=Driver(name=D-1), passengers=[Passenger(name=P-8), Passenger(name=P-1)], duration=7, distance=5.0, discount=null)), (Trip(driver=Driver(name=D-4), passengers=[Passenger(name=P-8)], duration=15, distance=8.0, discount=0.2), Trip(driver=Driver(name=D-9), passengers=[Passenger(name=P-6)], duration=3, distance=6.0, discount=null)), (Trip(driver=Driver(name=D-4), passengers=[Passenger(name=P-8)], duration=15, distance=8.0, discount=0.2), Trip(driver=Driver(name=D-4), passengers=[Passenger(name=P-12), Passenger(name=P-19), Passenger(name=P-7), Passenger(name=P-0)], duration=9, distance=10.0, discount=0.4)), (Trip(driver=Driver(name=D-4), passengers=[Passenger(name=P-8)], duration=15, distance=8.0, discount=0.2), Trip(driver=Driver(name=D-7), passengers=[Passenger(name=P-16)], duration=11, distance=12.0, discount=0.1)), (Trip(driver=Driver(name=D-4), passengers=[Passenger(name=P-8)], duration=15, distance=8.0, discount=0.2), Trip(driver=Driver(name=D-9), passengers=[Passenger(name=P-6), Passenger(name=P-14)], duration=9, distance=7.0, discount=null)), (Trip(driver=Driver(name=D-4), passengers=[Passenger(name=P-8)], duration=15, distance=8.0, discount=0.2), Trip(driver=Driver(name=D-5), passengers=[Passenger(name=P-4)], duration=1, distance=16.0, discount=0.4)), (Trip(driver=Driver(name=D-4), passengers=[Passenger(name=P-8)], duration=15, distance=8.0, discount=0.2), Trip(driver=Driver(name=D-2), passengers=[Passenger(name=P-15), Passenger(name=P-7), Passenger(name=P-12)], duration=9, distance=6.0, discount=null)), (Trip(driver=Driver(name=D-4), passengers=[Passenger(name=P-8)], duration=15, distance=8.0, discount=0.2), Trip(driver=Driver(name=D-1), passengers=[Passenger(name=P-13)], duration=2, distance=7.0, discount=0.1)), (Trip(driver=Driver(name=D-4), passengers=[Passenger(name=P-8)], duration=15, distance=8.0, discount=0.2), Trip(driver=Driver(name=D-5), passengers=[Passenger(name=P-0), Passenger(name=P-18), Passenger(name=P-3)], duration=10, distance=11.0, discount=null)), (Trip(driver=Driver(name=D-4), passengers=[Passenger(name=P-8)], duration=15, distance=8.0, discount=0.2), Trip(driver=Driver(name=D-0), passengers=[Passenger(name=P-9)], duration=6, distance=18.0, discount=0.4)), (Trip(driver=Driver(name=D-4), passengers=[Passenger(name=P-8)], duration=15, distance=8.0, discount=0.2), Trip(driver=Driver(name=D-1), passengers=[Passenger(name=P-9), Passenger(name=P-0), Passenger(name=P-3), Passenger(name=P-14)], duration=0, distance=15.0, discount=null)), (Trip(driver=Driver(name=D-4), passengers=[Passenger(name=P-8)], duration=15, distance=8.0, discount=0.2), Trip(driver=Driver(name=D-1), passengers=[Passenger(name=P-10)], duration=17, distance=15.0, discount=null)), (Trip(driver=Driver(name=D-4), passengers=[Passenger(name=P-8)], duration=15, distance=8.0, discount=0.2), Trip(driver=Driver(name=D-6), passengers=[Passenger(name=P-0), Passenger(name=P-18), Passenger(name=P-13)], duration=3, distance=5.0, discount=null)), (Trip(driver=Driver(name=D-4), passengers=[Passenger(name=P-8)], duration=15, distance=8.0, discount=0.2), Trip(driver=Driver(name=D-7), passengers=[Passenger(name=P-19), Passenger(name=P-10)], duration=0, distance=8.0, discount=null)), (Trip(driver=Driver(name=D-4), passengers=[Passenger(name=P-8)], duration=15, distance=8.0, discount=0.2), Trip(driver=Driver(name=D-8), passengers=[Passenger(name=P-4), Passenger(name=P-15)], duration=9, distance=17.0, discount=0.1)), (Trip(driver=Driver(name=D-4), passengers=[Passenger(name=P-8)], duration=15, distance=8.0, discount=0.2), Trip(driver=Driver(name=D-6), passengers=[Passenger(name=P-15)], duration=13, distance=1.0, discount=null)), (Trip(driver=Driver(name=D-4), passengers=[Passenger(name=P-8)], duration=15, distance=8.0, discount=0.2), Trip(driver=Driver(name=D-2), passengers=[Passenger(name=P-3)], duration=13, distance=15.0, discount=0.2)), (Trip(driver=Driver(name=D-4), passengers=[Passenger(name=P-8)], duration=15, distance=8.0, discount=0.2), Trip(driver=Driver(name=D-3), passengers=[Passenger(name=P-13), Passenger(name=P-11), Passenger(name=P-15)], duration=2, distance=9.0, discount=null)), (Trip(driver=Driver(name=D-4), passengers=[Passenger(name=P-8)], duration=15, distance=8.0, discount=0.2), Trip(driver=Driver(name=D-2), passengers=[Passenger(name=P-12)], duration=2, distance=16.0, discount=null)), (Trip(driver=Driver(name=D-4), passengers=[Passenger(name=P-8)], duration=15, distance=8.0, discount=0.2), Trip(driver=Driver(name=D-6), passengers=[Passenger(name=P-13), Passenger(name=P-18)], duration=12, distance=14.0, discount=null)), (Trip(driver=Driver(name=D-4), passengers=[Passenger(name=P-8)], duration=15, distance=8.0, discount=0.2), Trip(driver=Driver(name=D-8), passengers=[Passenger(name=P-19)], duration=1, distance=13.0, discount=0.4)), (Trip(driver=Driver(name=D-4), passengers=[Passenger(name=P-8)], duration=15, distance=8.0, discount=0.2), Trip(driver=Driver(name=D-6), passengers=[Passenger(name=P-9), Passenger(name=P-13), Passenger(name=P-1), Passenger(name=P-19)], duration=5, distance=14.0, discount=0.2)), (Trip(driver=Driver(name=D-4), passengers=[Passenger(name=P-8)], duration=15, distance=8.0, discount=0.2), Trip(driver=Driver(name=D-4), passengers=[Passenger(name=P-8)], duration=15, distance=8.0, discount=0.2)), (Trip(driver=Driver(name=D-4), passengers=[Passenger(name=P-8)], duration=15, distance=8.0, discount=0.2), Trip(driver=Driver(name=D-6), passengers=[Passenger(name=P-16), Passenger(name=P-15)], duration=9, distance=4.0, discount=null)), (Trip(driver=Driver(name=D-4), passengers=[Passenger(name=P-8)], duration=15, distance=8.0, discount=0.2), Trip(driver=Driver(name=D-2), passengers=[Passenger(name=P-14), Passenger(name=P-0)], duration=7, distance=2.0, discount=null)), (Trip(driver=Driver(name=D-4), passengers=[Passenger(name=P-8)], duration=15, distance=8.0, discount=0.2), Trip(driver=Driver(name=D-5), passengers=[Passenger(name=P-18)], duration=7, distance=19.0, discount=null)), (Trip(driver=Driver(name=D-4), passengers=[Passenger(name=P-8)], duration=15, distance=8.0, discount=0.2), Trip(driver=Driver(name=D-9), passengers=[Passenger(name=P-15)], duration=15, distance=10.0, discount=0.4)), (Trip(driver=Driver(name=D-4), passengers=[Passenger(name=P-8)], duration=15, distance=8.0, discount=0.2), Trip(driver=Driver(name=D-7), passengers=[Passenger(name=P-7), Passenger(name=P-18)], duration=12, distance=11.0, discount=null)), (Trip(driver=Driver(name=D-4), passengers=[Passenger(name=P-8)], duration=15, distance=8.0, discount=0.2), Trip(driver=Driver(name=D-3), passengers=[Passenger(name=P-10), Passenger(name=P-19), Passenger(name=P-17)], duration=10, distance=7.0, discount=null)), (Trip(driver=Driver(name=D-4), passengers=[Passenger(name=P-8)], duration=15, distance=8.0, discount=0.2), Trip(driver=Driver(name=D-3), passengers=[Passenger(name=P-10)], duration=18, distance=10.0, discount=0.2)), (Trip(driver=Driver(name=D-4), passengers=[Passenger(name=P-8)], duration=15, distance=8.0, discount=0.2), Trip(driver=Driver(name=D-8), passengers=[Passenger(name=P-9), Passenger(name=P-15), Passenger(name=P-16), Passenger(name=P-19)], duration=19, distance=12.0, discount=0.3)), (Trip(driver=Driver(name=D-4), passengers=[Passenger(name=P-8)], duration=15, distance=8.0, discount=0.2), Trip(driver=Driver(name=D-5), passengers=[Passenger(name=P-13)], duration=16, distance=11.0, discount=0.3))]
item [(Trip(driver=Driver(name=D-6), passengers=[Passenger(name=P-16), Passenger(name=P-15)], duration=9, distance=4.0, discount=null), Trip(driver=Driver(name=D-0), passengers=[Passenger(name=P-15), Passenger(name=P-14), Passenger(name=P-10)], duration=0, distance=19.0, discount=null)), (Trip(driver=Driver(name=D-6), passengers=[Passenger(name=P-16), Passenger(name=P-15)], duration=9, distance=4.0, discount=null), Trip(driver=Driver(name=D-0), passengers=[Passenger(name=P-18), Passenger(name=P-8), Passenger(name=P-7), Passenger(name=P-14)], duration=15, distance=1.0, discount=null)), (Trip(driver=Driver(name=D-6), passengers=[Passenger(name=P-16), Passenger(name=P-15)], duration=9, distance=4.0, discount=null), Trip(driver=Driver(name=D-9), passengers=[Passenger(name=P-4), Passenger(name=P-19), Passenger(name=P-0)], duration=9, distance=15.0, discount=null)), (Trip(driver=Driver(name=D-6), passengers=[Passenger(name=P-16), Passenger(name=P-15)], duration=9, distance=4.0, discount=null), Trip(driver=Driver(name=D-0), passengers=[Passenger(name=P-12), Passenger(name=P-7), Passenger(name=P-2)], duration=13, distance=19.0, discount=0.3)), (Trip(driver=Driver(name=D-6), passengers=[Passenger(name=P-16), Passenger(name=P-15)], duration=9, distance=4.0, discount=null), Trip(driver=Driver(name=D-6), passengers=[Passenger(name=P-11), Passenger(name=P-8)], duration=14, distance=19.0, discount=null)), (Trip(driver=Driver(name=D-6), passengers=[Passenger(name=P-16), Passenger(name=P-15)], duration=9, distance=4.0, discount=null), Trip(driver=Driver(name=D-0), passengers=[Passenger(name=P-2)], duration=12, distance=14.0, discount=0.3)), (Trip(driver=Driver(name=D-6), passengers=[Passenger(name=P-16), Passenger(name=P-15)], duration=9, distance=4.0, discount=null), Trip(driver=Driver(name=D-8), passengers=[Passenger(name=P-1), Passenger(name=P-17), Passenger(name=P-9), Passenger(name=P-10)], duration=16, distance=3.0, discount=null)), (Trip(driver=Driver(name=D-6), passengers=[Passenger(name=P-16), Passenger(name=P-15)], duration=9, distance=4.0, discount=null), Trip(driver=Driver(name=D-0), passengers=[Passenger(name=P-17)], duration=10, distance=6.0, discount=0.4)), (Trip(driver=Driver(name=D-6), passengers=[Passenger(name=P-16), Passenger(name=P-15)], duration=9, distance=4.0, discount=null), Trip(driver=Driver(name=D-1), passengers=[Passenger(name=P-8), Passenger(name=P-1)], duration=7, distance=5.0, discount=null)), (Trip(driver=Driver(name=D-6), passengers=[Passenger(name=P-16), Passenger(name=P-15)], duration=9, distance=4.0, discount=null), Trip(driver=Driver(name=D-9), passengers=[Passenger(name=P-6)], duration=3, distance=6.0, discount=null)), (Trip(driver=Driver(name=D-6), passengers=[Passenger(name=P-16), Passenger(name=P-15)], duration=9, distance=4.0, discount=null), Trip(driver=Driver(name=D-4), passengers=[Passenger(name=P-12), Passenger(name=P-19), Passenger(name=P-7), Passenger(name=P-0)], duration=9, distance=10.0, discount=0.4)), (Trip(driver=Driver(name=D-6), passengers=[Passenger(name=P-16), Passenger(name=P-15)], duration=9, distance=4.0, discount=null), Trip(driver=Driver(name=D-7), passengers=[Passenger(name=P-16)], duration=11, distance=12.0, discount=0.1)), (Trip(driver=Driver(name=D-6), passengers=[Passenger(name=P-16), Passenger(name=P-15)], duration=9, distance=4.0, discount=null), Trip(driver=Driver(name=D-9), passengers=[Passenger(name=P-6), Passenger(name=P-14)], duration=9, distance=7.0, discount=null)), (Trip(driver=Driver(name=D-6), passengers=[Passenger(name=P-16), Passenger(name=P-15)], duration=9, distance=4.0, discount=null), Trip(driver=Driver(name=D-5), passengers=[Passenger(name=P-4)], duration=1, distance=16.0, discount=0.4)), (Trip(driver=Driver(name=D-6), passengers=[Passenger(name=P-16), Passenger(name=P-15)], duration=9, distance=4.0, discount=null), Trip(driver=Driver(name=D-2), passengers=[Passenger(name=P-15), Passenger(name=P-7), Passenger(name=P-12)], duration=9, distance=6.0, discount=null)), (Trip(driver=Driver(name=D-6), passengers=[Passenger(name=P-16), Passenger(name=P-15)], duration=9, distance=4.0, discount=null), Trip(driver=Driver(name=D-1), passengers=[Passenger(name=P-13)], duration=2, distance=7.0, discount=0.1)), (Trip(driver=Driver(name=D-6), passengers=[Passenger(name=P-16), Passenger(name=P-15)], duration=9, distance=4.0, discount=null), Trip(driver=Driver(name=D-5), passengers=[Passenger(name=P-0), Passenger(name=P-18), Passenger(name=P-3)], duration=10, distance=11.0, discount=null)), (Trip(driver=Driver(name=D-6), passengers=[Passenger(name=P-16), Passenger(name=P-15)], duration=9, distance=4.0, discount=null), Trip(driver=Driver(name=D-0), passengers=[Passenger(name=P-9)], duration=6, distance=18.0, discount=0.4)), (Trip(driver=Driver(name=D-6), passengers=[Passenger(name=P-16), Passenger(name=P-15)], duration=9, distance=4.0, discount=null), Trip(driver=Driver(name=D-1), passengers=[Passenger(name=P-9), Passenger(name=P-0), Passenger(name=P-3), Passenger(name=P-14)], duration=0, distance=15.0, discount=null)), (Trip(driver=Driver(name=D-6), passengers=[Passenger(name=P-16), Passenger(name=P-15)], duration=9, distance=4.0, discount=null), Trip(driver=Driver(name=D-1), passengers=[Passenger(name=P-10)], duration=17, distance=15.0, discount=null)), (Trip(driver=Driver(name=D-6), passengers=[Passenger(name=P-16), Passenger(name=P-15)], duration=9, distance=4.0, discount=null), Trip(driver=Driver(name=D-6), passengers=[Passenger(name=P-0), Passenger(name=P-18), Passenger(name=P-13)], duration=3, distance=5.0, discount=null)), (Trip(driver=Driver(name=D-6), passengers=[Passenger(name=P-16), Passenger(name=P-15)], duration=9, distance=4.0, discount=null), Trip(driver=Driver(name=D-7), passengers=[Passenger(name=P-19), Passenger(name=P-10)], duration=0, distance=8.0, discount=null)), (Trip(driver=Driver(name=D-6), passengers=[Passenger(name=P-16), Passenger(name=P-15)], duration=9, distance=4.0, discount=null), Trip(driver=Driver(name=D-8), passengers=[Passenger(name=P-4), Passenger(name=P-15)], duration=9, distance=17.0, discount=0.1)), (Trip(driver=Driver(name=D-6), passengers=[Passenger(name=P-16), Passenger(name=P-15)], duration=9, distance=4.0, discount=null), Trip(driver=Driver(name=D-6), passengers=[Passenger(name=P-15)], duration=13, distance=1.0, discount=null)), (Trip(driver=Driver(name=D-6), passengers=[Passenger(name=P-16), Passenger(name=P-15)], duration=9, distance=4.0, discount=null), Trip(driver=Driver(name=D-2), passengers=[Passenger(name=P-3)], duration=13, distance=15.0, discount=0.2)), (Trip(driver=Driver(name=D-6), passengers=[Passenger(name=P-16), Passenger(name=P-15)], duration=9, distance=4.0, discount=null), Trip(driver=Driver(name=D-3), passengers=[Passenger(name=P-13), Passenger(name=P-11), Passenger(name=P-15)], duration=2, distance=9.0, discount=null)), (Trip(driver=Driver(name=D-6), passengers=[Passenger(name=P-16), Passenger(name=P-15)], duration=9, distance=4.0, discount=null), Trip(driver=Driver(name=D-2), passengers=[Passenger(name=P-12)], duration=2, distance=16.0, discount=null)), (Trip(driver=Driver(name=D-6), passengers=[Passenger(name=P-16), Passenger(name=P-15)], duration=9, distance=4.0, discount=null), Trip(driver=Driver(name=D-6), passengers=[Passenger(name=P-13), Passenger(name=P-18)], duration=12, distance=14.0, discount=null)), (Trip(driver=Driver(name=D-6), passengers=[Passenger(name=P-16), Passenger(name=P-15)], duration=9, distance=4.0, discount=null), Trip(driver=Driver(name=D-8), passengers=[Passenger(name=P-19)], duration=1, distance=13.0, discount=0.4)), (Trip(driver=Driver(name=D-6), passengers=[Passenger(name=P-16), Passenger(name=P-15)], duration=9, distance=4.0, discount=null), Trip(driver=Driver(name=D-6), passengers=[Passenger(name=P-9), Passenger(name=P-13), Passenger(name=P-1), Passenger(name=P-19)], duration=5, distance=14.0, discount=0.2)), (Trip(driver=Driver(name=D-6), passengers=[Passenger(name=P-16), Passenger(name=P-15)], duration=9, distance=4.0, discount=null), Trip(driver=Driver(name=D-4), passengers=[Passenger(name=P-8)], duration=15, distance=8.0, discount=0.2)), (Trip(driver=Driver(name=D-6), passengers=[Passenger(name=P-16), Passenger(name=P-15)], duration=9, distance=4.0, discount=null), Trip(driver=Driver(name=D-6), passengers=[Passenger(name=P-16), Passenger(name=P-15)], duration=9, distance=4.0, discount=null)), (Trip(driver=Driver(name=D-6), passengers=[Passenger(name=P-16), Passenger(name=P-15)], duration=9, distance=4.0, discount=null), Trip(driver=Driver(name=D-2), passengers=[Passenger(name=P-14), Passenger(name=P-0)], duration=7, distance=2.0, discount=null)), (Trip(driver=Driver(name=D-6), passengers=[Passenger(name=P-16), Passenger(name=P-15)], duration=9, distance=4.0, discount=null), Trip(driver=Driver(name=D-5), passengers=[Passenger(name=P-18)], duration=7, distance=19.0, discount=null)), (Trip(driver=Driver(name=D-6), passengers=[Passenger(name=P-16), Passenger(name=P-15)], duration=9, distance=4.0, discount=null), Trip(driver=Driver(name=D-9), passengers=[Passenger(name=P-15)], duration=15, distance=10.0, discount=0.4)), (Trip(driver=Driver(name=D-6), passengers=[Passenger(name=P-16), Passenger(name=P-15)], duration=9, distance=4.0, discount=null), Trip(driver=Driver(name=D-7), passengers=[Passenger(name=P-7), Passenger(name=P-18)], duration=12, distance=11.0, discount=null)), (Trip(driver=Driver(name=D-6), passengers=[Passenger(name=P-16), Passenger(name=P-15)], duration=9, distance=4.0, discount=null), Trip(driver=Driver(name=D-3), passengers=[Passenger(name=P-10), Passenger(name=P-19), Passenger(name=P-17)], duration=10, distance=7.0, discount=null)), (Trip(driver=Driver(name=D-6), passengers=[Passenger(name=P-16), Passenger(name=P-15)], duration=9, distance=4.0, discount=null), Trip(driver=Driver(name=D-3), passengers=[Passenger(name=P-10)], duration=18, distance=10.0, discount=0.2)), (Trip(driver=Driver(name=D-6), passengers=[Passenger(name=P-16), Passenger(name=P-15)], duration=9, distance=4.0, discount=null), Trip(driver=Driver(name=D-8), passengers=[Passenger(name=P-9), Passenger(name=P-15), Passenger(name=P-16), Passenger(name=P-19)], duration=19, distance=12.0, discount=0.3)), (Trip(driver=Driver(name=D-6), passengers=[Passenger(name=P-16), Passenger(name=P-15)], duration=9, distance=4.0, discount=null), Trip(driver=Driver(name=D-5), passengers=[Passenger(name=P-13)], duration=16, distance=11.0, discount=0.3))]
item [(Trip(driver=Driver(name=D-2), passengers=[Passenger(name=P-14), Passenger(name=P-0)], duration=7, distance=2.0, discount=null), Trip(driver=Driver(name=D-0), passengers=[Passenger(name=P-15), Passenger(name=P-14), Passenger(name=P-10)], duration=0, distance=19.0, discount=null)), (Trip(driver=Driver(name=D-2), passengers=[Passenger(name=P-14), Passenger(name=P-0)], duration=7, distance=2.0, discount=null), Trip(driver=Driver(name=D-0), passengers=[Passenger(name=P-18), Passenger(name=P-8), Passenger(name=P-7), Passenger(name=P-14)], duration=15, distance=1.0, discount=null)), (Trip(driver=Driver(name=D-2), passengers=[Passenger(name=P-14), Passenger(name=P-0)], duration=7, distance=2.0, discount=null), Trip(driver=Driver(name=D-9), passengers=[Passenger(name=P-4), Passenger(name=P-19), Passenger(name=P-0)], duration=9, distance=15.0, discount=null)), (Trip(driver=Driver(name=D-2), passengers=[Passenger(name=P-14), Passenger(name=P-0)], duration=7, distance=2.0, discount=null), Trip(driver=Driver(name=D-0), passengers=[Passenger(name=P-12), Passenger(name=P-7), Passenger(name=P-2)], duration=13, distance=19.0, discount=0.3)), (Trip(driver=Driver(name=D-2), passengers=[Passenger(name=P-14), Passenger(name=P-0)], duration=7, distance=2.0, discount=null), Trip(driver=Driver(name=D-6), passengers=[Passenger(name=P-11), Passenger(name=P-8)], duration=14, distance=19.0, discount=null)), (Trip(driver=Driver(name=D-2), passengers=[Passenger(name=P-14), Passenger(name=P-0)], duration=7, distance=2.0, discount=null), Trip(driver=Driver(name=D-0), passengers=[Passenger(name=P-2)], duration=12, distance=14.0, discount=0.3)), (Trip(driver=Driver(name=D-2), passengers=[Passenger(name=P-14), Passenger(name=P-0)], duration=7, distance=2.0, discount=null), Trip(driver=Driver(name=D-8), passengers=[Passenger(name=P-1), Passenger(name=P-17), Passenger(name=P-9), Passenger(name=P-10)], duration=16, distance=3.0, discount=null)), (Trip(driver=Driver(name=D-2), passengers=[Passenger(name=P-14), Passenger(name=P-0)], duration=7, distance=2.0, discount=null), Trip(driver=Driver(name=D-0), passengers=[Passenger(name=P-17)], duration=10, distance=6.0, discount=0.4)), (Trip(driver=Driver(name=D-2), passengers=[Passenger(name=P-14), Passenger(name=P-0)], duration=7, distance=2.0, discount=null), Trip(driver=Driver(name=D-1), passengers=[Passenger(name=P-8), Passenger(name=P-1)], duration=7, distance=5.0, discount=null)), (Trip(driver=Driver(name=D-2), passengers=[Passenger(name=P-14), Passenger(name=P-0)], duration=7, distance=2.0, discount=null), Trip(driver=Driver(name=D-9), passengers=[Passenger(name=P-6)], duration=3, distance=6.0, discount=null)), (Trip(driver=Driver(name=D-2), passengers=[Passenger(name=P-14), Passenger(name=P-0)], duration=7, distance=2.0, discount=null), Trip(driver=Driver(name=D-4), passengers=[Passenger(name=P-12), Passenger(name=P-19), Passenger(name=P-7), Passenger(name=P-0)], duration=9, distance=10.0, discount=0.4)), (Trip(driver=Driver(name=D-2), passengers=[Passenger(name=P-14), Passenger(name=P-0)], duration=7, distance=2.0, discount=null), Trip(driver=Driver(name=D-7), passengers=[Passenger(name=P-16)], duration=11, distance=12.0, discount=0.1)), (Trip(driver=Driver(name=D-2), passengers=[Passenger(name=P-14), Passenger(name=P-0)], duration=7, distance=2.0, discount=null), Trip(driver=Driver(name=D-9), passengers=[Passenger(name=P-6), Passenger(name=P-14)], duration=9, distance=7.0, discount=null)), (Trip(driver=Driver(name=D-2), passengers=[Passenger(name=P-14), Passenger(name=P-0)], duration=7, distance=2.0, discount=null), Trip(driver=Driver(name=D-5), passengers=[Passenger(name=P-4)], duration=1, distance=16.0, discount=0.4)), (Trip(driver=Driver(name=D-2), passengers=[Passenger(name=P-14), Passenger(name=P-0)], duration=7, distance=2.0, discount=null), Trip(driver=Driver(name=D-2), passengers=[Passenger(name=P-15), Passenger(name=P-7), Passenger(name=P-12)], duration=9, distance=6.0, discount=null)), (Trip(driver=Driver(name=D-2), passengers=[Passenger(name=P-14), Passenger(name=P-0)], duration=7, distance=2.0, discount=null), Trip(driver=Driver(name=D-1), passengers=[Passenger(name=P-13)], duration=2, distance=7.0, discount=0.1)), (Trip(driver=Driver(name=D-2), passengers=[Passenger(name=P-14), Passenger(name=P-0)], duration=7, distance=2.0, discount=null), Trip(driver=Driver(name=D-5), passengers=[Passenger(name=P-0), Passenger(name=P-18), Passenger(name=P-3)], duration=10, distance=11.0, discount=null)), (Trip(driver=Driver(name=D-2), passengers=[Passenger(name=P-14), Passenger(name=P-0)], duration=7, distance=2.0, discount=null), Trip(driver=Driver(name=D-0), passengers=[Passenger(name=P-9)], duration=6, distance=18.0, discount=0.4)), (Trip(driver=Driver(name=D-2), passengers=[Passenger(name=P-14), Passenger(name=P-0)], duration=7, distance=2.0, discount=null), Trip(driver=Driver(name=D-1), passengers=[Passenger(name=P-9), Passenger(name=P-0), Passenger(name=P-3), Passenger(name=P-14)], duration=0, distance=15.0, discount=null)), (Trip(driver=Driver(name=D-2), passengers=[Passenger(name=P-14), Passenger(name=P-0)], duration=7, distance=2.0, discount=null), Trip(driver=Driver(name=D-1), passengers=[Passenger(name=P-10)], duration=17, distance=15.0, discount=null)), (Trip(driver=Driver(name=D-2), passengers=[Passenger(name=P-14), Passenger(name=P-0)], duration=7, distance=2.0, discount=null), Trip(driver=Driver(name=D-6), passengers=[Passenger(name=P-0), Passenger(name=P-18), Passenger(name=P-13)], duration=3, distance=5.0, discount=null)), (Trip(driver=Driver(name=D-2), passengers=[Passenger(name=P-14), Passenger(name=P-0)], duration=7, distance=2.0, discount=null), Trip(driver=Driver(name=D-7), passengers=[Passenger(name=P-19), Passenger(name=P-10)], duration=0, distance=8.0, discount=null)), (Trip(driver=Driver(name=D-2), passengers=[Passenger(name=P-14), Passenger(name=P-0)], duration=7, distance=2.0, discount=null), Trip(driver=Driver(name=D-8), passengers=[Passenger(name=P-4), Passenger(name=P-15)], duration=9, distance=17.0, discount=0.1)), (Trip(driver=Driver(name=D-2), passengers=[Passenger(name=P-14), Passenger(name=P-0)], duration=7, distance=2.0, discount=null), Trip(driver=Driver(name=D-6), passengers=[Passenger(name=P-15)], duration=13, distance=1.0, discount=null)), (Trip(driver=Driver(name=D-2), passengers=[Passenger(name=P-14), Passenger(name=P-0)], duration=7, distance=2.0, discount=null), Trip(driver=Driver(name=D-2), passengers=[Passenger(name=P-3)], duration=13, distance=15.0, discount=0.2)), (Trip(driver=Driver(name=D-2), passengers=[Passenger(name=P-14), Passenger(name=P-0)], duration=7, distance=2.0, discount=null), Trip(driver=Driver(name=D-3), passengers=[Passenger(name=P-13), Passenger(name=P-11), Passenger(name=P-15)], duration=2, distance=9.0, discount=null)), (Trip(driver=Driver(name=D-2), passengers=[Passenger(name=P-14), Passenger(name=P-0)], duration=7, distance=2.0, discount=null), Trip(driver=Driver(name=D-2), passengers=[Passenger(name=P-12)], duration=2, distance=16.0, discount=null)), (Trip(driver=Driver(name=D-2), passengers=[Passenger(name=P-14), Passenger(name=P-0)], duration=7, distance=2.0, discount=null), Trip(driver=Driver(name=D-6), passengers=[Passenger(name=P-13), Passenger(name=P-18)], duration=12, distance=14.0, discount=null)), (Trip(driver=Driver(name=D-2), passengers=[Passenger(name=P-14), Passenger(name=P-0)], duration=7, distance=2.0, discount=null), Trip(driver=Driver(name=D-8), passengers=[Passenger(name=P-19)], duration=1, distance=13.0, discount=0.4)), (Trip(driver=Driver(name=D-2), passengers=[Passenger(name=P-14), Passenger(name=P-0)], duration=7, distance=2.0, discount=null), Trip(driver=Driver(name=D-6), passengers=[Passenger(name=P-9), Passenger(name=P-13), Passenger(name=P-1), Passenger(name=P-19)], duration=5, distance=14.0, discount=0.2)), (Trip(driver=Driver(name=D-2), passengers=[Passenger(name=P-14), Passenger(name=P-0)], duration=7, distance=2.0, discount=null), Trip(driver=Driver(name=D-4), passengers=[Passenger(name=P-8)], duration=15, distance=8.0, discount=0.2)), (Trip(driver=Driver(name=D-2), passengers=[Passenger(name=P-14), Passenger(name=P-0)], duration=7, distance=2.0, discount=null), Trip(driver=Driver(name=D-6), passengers=[Passenger(name=P-16), Passenger(name=P-15)], duration=9, distance=4.0, discount=null)), (Trip(driver=Driver(name=D-2), passengers=[Passenger(name=P-14), Passenger(name=P-0)], duration=7, distance=2.0, discount=null), Trip(driver=Driver(name=D-2), passengers=[Passenger(name=P-14), Passenger(name=P-0)], duration=7, distance=2.0, discount=null)), (Trip(driver=Driver(name=D-2), passengers=[Passenger(name=P-14), Passenger(name=P-0)], duration=7, distance=2.0, discount=null), Trip(driver=Driver(name=D-5), passengers=[Passenger(name=P-18)], duration=7, distance=19.0, discount=null)), (Trip(driver=Driver(name=D-2), passengers=[Passenger(name=P-14), Passenger(name=P-0)], duration=7, distance=2.0, discount=null), Trip(driver=Driver(name=D-9), passengers=[Passenger(name=P-15)], duration=15, distance=10.0, discount=0.4)), (Trip(driver=Driver(name=D-2), passengers=[Passenger(name=P-14), Passenger(name=P-0)], duration=7, distance=2.0, discount=null), Trip(driver=Driver(name=D-7), passengers=[Passenger(name=P-7), Passenger(name=P-18)], duration=12, distance=11.0, discount=null)), (Trip(driver=Driver(name=D-2), passengers=[Passenger(name=P-14), Passenger(name=P-0)], duration=7, distance=2.0, discount=null), Trip(driver=Driver(name=D-3), passengers=[Passenger(name=P-10), Passenger(name=P-19), Passenger(name=P-17)], duration=10, distance=7.0, discount=null)), (Trip(driver=Driver(name=D-2), passengers=[Passenger(name=P-14), Passenger(name=P-0)], duration=7, distance=2.0, discount=null), Trip(driver=Driver(name=D-3), passengers=[Passenger(name=P-10)], duration=18, distance=10.0, discount=0.2)), (Trip(driver=Driver(name=D-2), passengers=[Passenger(name=P-14), Passenger(name=P-0)], duration=7, distance=2.0, discount=null), Trip(driver=Driver(name=D-8), passengers=[Passenger(name=P-9), Passenger(name=P-15), Passenger(name=P-16), Passenger(name=P-19)], duration=19, distance=12.0, discount=0.3)), (Trip(driver=Driver(name=D-2), passengers=[Passenger(name=P-14), Passenger(name=P-0)], duration=7, distance=2.0, discount=null), Trip(driver=Driver(name=D-5), passengers=[Passenger(name=P-13)], duration=16, distance=11.0, discount=0.3))]
item [(Trip(driver=Driver(name=D-5), passengers=[Passenger(name=P-18)], duration=7, distance=19.0, discount=null), Trip(driver=Driver(name=D-0), passengers=[Passenger(name=P-15), Passenger(name=P-14), Passenger(name=P-10)], duration=0, distance=19.0, discount=null)), (Trip(driver=Driver(name=D-5), passengers=[Passenger(name=P-18)], duration=7, distance=19.0, discount=null), Trip(driver=Driver(name=D-0), passengers=[Passenger(name=P-18), Passenger(name=P-8), Passenger(name=P-7), Passenger(name=P-14)], duration=15, distance=1.0, discount=null)), (Trip(driver=Driver(name=D-5), passengers=[Passenger(name=P-18)], duration=7, distance=19.0, discount=null), Trip(driver=Driver(name=D-9), passengers=[Passenger(name=P-4), Passenger(name=P-19), Passenger(name=P-0)], duration=9, distance=15.0, discount=null)), (Trip(driver=Driver(name=D-5), passengers=[Passenger(name=P-18)], duration=7, distance=19.0, discount=null), Trip(driver=Driver(name=D-0), passengers=[Passenger(name=P-12), Passenger(name=P-7), Passenger(name=P-2)], duration=13, distance=19.0, discount=0.3)), (Trip(driver=Driver(name=D-5), passengers=[Passenger(name=P-18)], duration=7, distance=19.0, discount=null), Trip(driver=Driver(name=D-6), passengers=[Passenger(name=P-11), Passenger(name=P-8)], duration=14, distance=19.0, discount=null)), (Trip(driver=Driver(name=D-5), passengers=[Passenger(name=P-18)], duration=7, distance=19.0, discount=null), Trip(driver=Driver(name=D-0), passengers=[Passenger(name=P-2)], duration=12, distance=14.0, discount=0.3)), (Trip(driver=Driver(name=D-5), passengers=[Passenger(name=P-18)], duration=7, distance=19.0, discount=null), Trip(driver=Driver(name=D-8), passengers=[Passenger(name=P-1), Passenger(name=P-17), Passenger(name=P-9), Passenger(name=P-10)], duration=16, distance=3.0, discount=null)), (Trip(driver=Driver(name=D-5), passengers=[Passenger(name=P-18)], duration=7, distance=19.0, discount=null), Trip(driver=Driver(name=D-0), passengers=[Passenger(name=P-17)], duration=10, distance=6.0, discount=0.4)), (Trip(driver=Driver(name=D-5), passengers=[Passenger(name=P-18)], duration=7, distance=19.0, discount=null), Trip(driver=Driver(name=D-1), passengers=[Passenger(name=P-8), Passenger(name=P-1)], duration=7, distance=5.0, discount=null)), (Trip(driver=Driver(name=D-5), passengers=[Passenger(name=P-18)], duration=7, distance=19.0, discount=null), Trip(driver=Driver(name=D-9), passengers=[Passenger(name=P-6)], duration=3, distance=6.0, discount=null)), (Trip(driver=Driver(name=D-5), passengers=[Passenger(name=P-18)], duration=7, distance=19.0, discount=null), Trip(driver=Driver(name=D-4), passengers=[Passenger(name=P-12), Passenger(name=P-19), Passenger(name=P-7), Passenger(name=P-0)], duration=9, distance=10.0, discount=0.4)), (Trip(driver=Driver(name=D-5), passengers=[Passenger(name=P-18)], duration=7, distance=19.0, discount=null), Trip(driver=Driver(name=D-7), passengers=[Passenger(name=P-16)], duration=11, distance=12.0, discount=0.1)), (Trip(driver=Driver(name=D-5), passengers=[Passenger(name=P-18)], duration=7, distance=19.0, discount=null), Trip(driver=Driver(name=D-9), passengers=[Passenger(name=P-6), Passenger(name=P-14)], duration=9, distance=7.0, discount=null)), (Trip(driver=Driver(name=D-5), passengers=[Passenger(name=P-18)], duration=7, distance=19.0, discount=null), Trip(driver=Driver(name=D-5), passengers=[Passenger(name=P-4)], duration=1, distance=16.0, discount=0.4)), (Trip(driver=Driver(name=D-5), passengers=[Passenger(name=P-18)], duration=7, distance=19.0, discount=null), Trip(driver=Driver(name=D-2), passengers=[Passenger(name=P-15), Passenger(name=P-7), Passenger(name=P-12)], duration=9, distance=6.0, discount=null)), (Trip(driver=Driver(name=D-5), passengers=[Passenger(name=P-18)], duration=7, distance=19.0, discount=null), Trip(driver=Driver(name=D-1), passengers=[Passenger(name=P-13)], duration=2, distance=7.0, discount=0.1)), (Trip(driver=Driver(name=D-5), passengers=[Passenger(name=P-18)], duration=7, distance=19.0, discount=null), Trip(driver=Driver(name=D-5), passengers=[Passenger(name=P-0), Passenger(name=P-18), Passenger(name=P-3)], duration=10, distance=11.0, discount=null)), (Trip(driver=Driver(name=D-5), passengers=[Passenger(name=P-18)], duration=7, distance=19.0, discount=null), Trip(driver=Driver(name=D-0), passengers=[Passenger(name=P-9)], duration=6, distance=18.0, discount=0.4)), (Trip(driver=Driver(name=D-5), passengers=[Passenger(name=P-18)], duration=7, distance=19.0, discount=null), Trip(driver=Driver(name=D-1), passengers=[Passenger(name=P-9), Passenger(name=P-0), Passenger(name=P-3), Passenger(name=P-14)], duration=0, distance=15.0, discount=null)), (Trip(driver=Driver(name=D-5), passengers=[Passenger(name=P-18)], duration=7, distance=19.0, discount=null), Trip(driver=Driver(name=D-1), passengers=[Passenger(name=P-10)], duration=17, distance=15.0, discount=null)), (Trip(driver=Driver(name=D-5), passengers=[Passenger(name=P-18)], duration=7, distance=19.0, discount=null), Trip(driver=Driver(name=D-6), passengers=[Passenger(name=P-0), Passenger(name=P-18), Passenger(name=P-13)], duration=3, distance=5.0, discount=null)), (Trip(driver=Driver(name=D-5), passengers=[Passenger(name=P-18)], duration=7, distance=19.0, discount=null), Trip(driver=Driver(name=D-7), passengers=[Passenger(name=P-19), Passenger(name=P-10)], duration=0, distance=8.0, discount=null)), (Trip(driver=Driver(name=D-5), passengers=[Passenger(name=P-18)], duration=7, distance=19.0, discount=null), Trip(driver=Driver(name=D-8), passengers=[Passenger(name=P-4), Passenger(name=P-15)], duration=9, distance=17.0, discount=0.1)), (Trip(driver=Driver(name=D-5), passengers=[Passenger(name=P-18)], duration=7, distance=19.0, discount=null), Trip(driver=Driver(name=D-6), passengers=[Passenger(name=P-15)], duration=13, distance=1.0, discount=null)), (Trip(driver=Driver(name=D-5), passengers=[Passenger(name=P-18)], duration=7, distance=19.0, discount=null), Trip(driver=Driver(name=D-2), passengers=[Passenger(name=P-3)], duration=13, distance=15.0, discount=0.2)), (Trip(driver=Driver(name=D-5), passengers=[Passenger(name=P-18)], duration=7, distance=19.0, discount=null), Trip(driver=Driver(name=D-3), passengers=[Passenger(name=P-13), Passenger(name=P-11), Passenger(name=P-15)], duration=2, distance=9.0, discount=null)), (Trip(driver=Driver(name=D-5), passengers=[Passenger(name=P-18)], duration=7, distance=19.0, discount=null), Trip(driver=Driver(name=D-2), passengers=[Passenger(name=P-12)], duration=2, distance=16.0, discount=null)), (Trip(driver=Driver(name=D-5), passengers=[Passenger(name=P-18)], duration=7, distance=19.0, discount=null), Trip(driver=Driver(name=D-6), passengers=[Passenger(name=P-13), Passenger(name=P-18)], duration=12, distance=14.0, discount=null)), (Trip(driver=Driver(name=D-5), passengers=[Passenger(name=P-18)], duration=7, distance=19.0, discount=null), Trip(driver=Driver(name=D-8), passengers=[Passenger(name=P-19)], duration=1, distance=13.0, discount=0.4)), (Trip(driver=Driver(name=D-5), passengers=[Passenger(name=P-18)], duration=7, distance=19.0, discount=null), Trip(driver=Driver(name=D-6), passengers=[Passenger(name=P-9), Passenger(name=P-13), Passenger(name=P-1), Passenger(name=P-19)], duration=5, distance=14.0, discount=0.2)), (Trip(driver=Driver(name=D-5), passengers=[Passenger(name=P-18)], duration=7, distance=19.0, discount=null), Trip(driver=Driver(name=D-4), passengers=[Passenger(name=P-8)], duration=15, distance=8.0, discount=0.2)), (Trip(driver=Driver(name=D-5), passengers=[Passenger(name=P-18)], duration=7, distance=19.0, discount=null), Trip(driver=Driver(name=D-6), passengers=[Passenger(name=P-16), Passenger(name=P-15)], duration=9, distance=4.0, discount=null)), (Trip(driver=Driver(name=D-5), passengers=[Passenger(name=P-18)], duration=7, distance=19.0, discount=null), Trip(driver=Driver(name=D-2), passengers=[Passenger(name=P-14), Passenger(name=P-0)], duration=7, distance=2.0, discount=null)), (Trip(driver=Driver(name=D-5), passengers=[Passenger(name=P-18)], duration=7, distance=19.0, discount=null), Trip(driver=Driver(name=D-5), passengers=[Passenger(name=P-18)], duration=7, distance=19.0, discount=null)), (Trip(driver=Driver(name=D-5), passengers=[Passenger(name=P-18)], duration=7, distance=19.0, discount=null), Trip(driver=Driver(name=D-9), passengers=[Passenger(name=P-15)], duration=15, distance=10.0, discount=0.4)), (Trip(driver=Driver(name=D-5), passengers=[Passenger(name=P-18)], duration=7, distance=19.0, discount=null), Trip(driver=Driver(name=D-7), passengers=[Passenger(name=P-7), Passenger(name=P-18)], duration=12, distance=11.0, discount=null)), (Trip(driver=Driver(name=D-5), passengers=[Passenger(name=P-18)], duration=7, distance=19.0, discount=null), Trip(driver=Driver(name=D-3), passengers=[Passenger(name=P-10), Passenger(name=P-19), Passenger(name=P-17)], duration=10, distance=7.0, discount=null)), (Trip(driver=Driver(name=D-5), passengers=[Passenger(name=P-18)], duration=7, distance=19.0, discount=null), Trip(driver=Driver(name=D-3), passengers=[Passenger(name=P-10)], duration=18, distance=10.0, discount=0.2)), (Trip(driver=Driver(name=D-5), passengers=[Passenger(name=P-18)], duration=7, distance=19.0, discount=null), Trip(driver=Driver(name=D-8), passengers=[Passenger(name=P-9), Passenger(name=P-15), Passenger(name=P-16), Passenger(name=P-19)], duration=19, distance=12.0, discount=0.3)), (Trip(driver=Driver(name=D-5), passengers=[Passenger(name=P-18)], duration=7, distance=19.0, discount=null), Trip(driver=Driver(name=D-5), passengers=[Passenger(name=P-13)], duration=16, distance=11.0, discount=0.3))]
item [(Trip(driver=Driver(name=D-9), passengers=[Passenger(name=P-15)], duration=15, distance=10.0, discount=0.4), Trip(driver=Driver(name=D-0), passengers=[Passenger(name=P-15), Passenger(name=P-14), Passenger(name=P-10)], duration=0, distance=19.0, discount=null)), (Trip(driver=Driver(name=D-9), passengers=[Passenger(name=P-15)], duration=15, distance=10.0, discount=0.4), Trip(driver=Driver(name=D-0), passengers=[Passenger(name=P-18), Passenger(name=P-8), Passenger(name=P-7), Passenger(name=P-14)], duration=15, distance=1.0, discount=null)), (Trip(driver=Driver(name=D-9), passengers=[Passenger(name=P-15)], duration=15, distance=10.0, discount=0.4), Trip(driver=Driver(name=D-9), passengers=[Passenger(name=P-4), Passenger(name=P-19), Passenger(name=P-0)], duration=9, distance=15.0, discount=null)), (Trip(driver=Driver(name=D-9), passengers=[Passenger(name=P-15)], duration=15, distance=10.0, discount=0.4), Trip(driver=Driver(name=D-0), passengers=[Passenger(name=P-12), Passenger(name=P-7), Passenger(name=P-2)], duration=13, distance=19.0, discount=0.3)), (Trip(driver=Driver(name=D-9), passengers=[Passenger(name=P-15)], duration=15, distance=10.0, discount=0.4), Trip(driver=Driver(name=D-6), passengers=[Passenger(name=P-11), Passenger(name=P-8)], duration=14, distance=19.0, discount=null)), (Trip(driver=Driver(name=D-9), passengers=[Passenger(name=P-15)], duration=15, distance=10.0, discount=0.4), Trip(driver=Driver(name=D-0), passengers=[Passenger(name=P-2)], duration=12, distance=14.0, discount=0.3)), (Trip(driver=Driver(name=D-9), passengers=[Passenger(name=P-15)], duration=15, distance=10.0, discount=0.4), Trip(driver=Driver(name=D-8), passengers=[Passenger(name=P-1), Passenger(name=P-17), Passenger(name=P-9), Passenger(name=P-10)], duration=16, distance=3.0, discount=null)), (Trip(driver=Driver(name=D-9), passengers=[Passenger(name=P-15)], duration=15, distance=10.0, discount=0.4), Trip(driver=Driver(name=D-0), passengers=[Passenger(name=P-17)], duration=10, distance=6.0, discount=0.4)), (Trip(driver=Driver(name=D-9), passengers=[Passenger(name=P-15)], duration=15, distance=10.0, discount=0.4), Trip(driver=Driver(name=D-1), passengers=[Passenger(name=P-8), Passenger(name=P-1)], duration=7, distance=5.0, discount=null)), (Trip(driver=Driver(name=D-9), passengers=[Passenger(name=P-15)], duration=15, distance=10.0, discount=0.4), Trip(driver=Driver(name=D-9), passengers=[Passenger(name=P-6)], duration=3, distance=6.0, discount=null)), (Trip(driver=Driver(name=D-9), passengers=[Passenger(name=P-15)], duration=15, distance=10.0, discount=0.4), Trip(driver=Driver(name=D-4), passengers=[Passenger(name=P-12), Passenger(name=P-19), Passenger(name=P-7), Passenger(name=P-0)], duration=9, distance=10.0, discount=0.4)), (Trip(driver=Driver(name=D-9), passengers=[Passenger(name=P-15)], duration=15, distance=10.0, discount=0.4), Trip(driver=Driver(name=D-7), passengers=[Passenger(name=P-16)], duration=11, distance=12.0, discount=0.1)), (Trip(driver=Driver(name=D-9), passengers=[Passenger(name=P-15)], duration=15, distance=10.0, discount=0.4), Trip(driver=Driver(name=D-9), passengers=[Passenger(name=P-6), Passenger(name=P-14)], duration=9, distance=7.0, discount=null)), (Trip(driver=Driver(name=D-9), passengers=[Passenger(name=P-15)], duration=15, distance=10.0, discount=0.4), Trip(driver=Driver(name=D-5), passengers=[Passenger(name=P-4)], duration=1, distance=16.0, discount=0.4)), (Trip(driver=Driver(name=D-9), passengers=[Passenger(name=P-15)], duration=15, distance=10.0, discount=0.4), Trip(driver=Driver(name=D-2), passengers=[Passenger(name=P-15), Passenger(name=P-7), Passenger(name=P-12)], duration=9, distance=6.0, discount=null)), (Trip(driver=Driver(name=D-9), passengers=[Passenger(name=P-15)], duration=15, distance=10.0, discount=0.4), Trip(driver=Driver(name=D-1), passengers=[Passenger(name=P-13)], duration=2, distance=7.0, discount=0.1)), (Trip(driver=Driver(name=D-9), passengers=[Passenger(name=P-15)], duration=15, distance=10.0, discount=0.4), Trip(driver=Driver(name=D-5), passengers=[Passenger(name=P-0), Passenger(name=P-18), Passenger(name=P-3)], duration=10, distance=11.0, discount=null)), (Trip(driver=Driver(name=D-9), passengers=[Passenger(name=P-15)], duration=15, distance=10.0, discount=0.4), Trip(driver=Driver(name=D-0), passengers=[Passenger(name=P-9)], duration=6, distance=18.0, discount=0.4)), (Trip(driver=Driver(name=D-9), passengers=[Passenger(name=P-15)], duration=15, distance=10.0, discount=0.4), Trip(driver=Driver(name=D-1), passengers=[Passenger(name=P-9), Passenger(name=P-0), Passenger(name=P-3), Passenger(name=P-14)], duration=0, distance=15.0, discount=null)), (Trip(driver=Driver(name=D-9), passengers=[Passenger(name=P-15)], duration=15, distance=10.0, discount=0.4), Trip(driver=Driver(name=D-1), passengers=[Passenger(name=P-10)], duration=17, distance=15.0, discount=null)), (Trip(driver=Driver(name=D-9), passengers=[Passenger(name=P-15)], duration=15, distance=10.0, discount=0.4), Trip(driver=Driver(name=D-6), passengers=[Passenger(name=P-0), Passenger(name=P-18), Passenger(name=P-13)], duration=3, distance=5.0, discount=null)), (Trip(driver=Driver(name=D-9), passengers=[Passenger(name=P-15)], duration=15, distance=10.0, discount=0.4), Trip(driver=Driver(name=D-7), passengers=[Passenger(name=P-19), Passenger(name=P-10)], duration=0, distance=8.0, discount=null)), (Trip(driver=Driver(name=D-9), passengers=[Passenger(name=P-15)], duration=15, distance=10.0, discount=0.4), Trip(driver=Driver(name=D-8), passengers=[Passenger(name=P-4), Passenger(name=P-15)], duration=9, distance=17.0, discount=0.1)), (Trip(driver=Driver(name=D-9), passengers=[Passenger(name=P-15)], duration=15, distance=10.0, discount=0.4), Trip(driver=Driver(name=D-6), passengers=[Passenger(name=P-15)], duration=13, distance=1.0, discount=null)), (Trip(driver=Driver(name=D-9), passengers=[Passenger(name=P-15)], duration=15, distance=10.0, discount=0.4), Trip(driver=Driver(name=D-2), passengers=[Passenger(name=P-3)], duration=13, distance=15.0, discount=0.2)), (Trip(driver=Driver(name=D-9), passengers=[Passenger(name=P-15)], duration=15, distance=10.0, discount=0.4), Trip(driver=Driver(name=D-3), passengers=[Passenger(name=P-13), Passenger(name=P-11), Passenger(name=P-15)], duration=2, distance=9.0, discount=null)), (Trip(driver=Driver(name=D-9), passengers=[Passenger(name=P-15)], duration=15, distance=10.0, discount=0.4), Trip(driver=Driver(name=D-2), passengers=[Passenger(name=P-12)], duration=2, distance=16.0, discount=null)), (Trip(driver=Driver(name=D-9), passengers=[Passenger(name=P-15)], duration=15, distance=10.0, discount=0.4), Trip(driver=Driver(name=D-6), passengers=[Passenger(name=P-13), Passenger(name=P-18)], duration=12, distance=14.0, discount=null)), (Trip(driver=Driver(name=D-9), passengers=[Passenger(name=P-15)], duration=15, distance=10.0, discount=0.4), Trip(driver=Driver(name=D-8), passengers=[Passenger(name=P-19)], duration=1, distance=13.0, discount=0.4)), (Trip(driver=Driver(name=D-9), passengers=[Passenger(name=P-15)], duration=15, distance=10.0, discount=0.4), Trip(driver=Driver(name=D-6), passengers=[Passenger(name=P-9), Passenger(name=P-13), Passenger(name=P-1), Passenger(name=P-19)], duration=5, distance=14.0, discount=0.2)), (Trip(driver=Driver(name=D-9), passengers=[Passenger(name=P-15)], duration=15, distance=10.0, discount=0.4), Trip(driver=Driver(name=D-4), passengers=[Passenger(name=P-8)], duration=15, distance=8.0, discount=0.2)), (Trip(driver=Driver(name=D-9), passengers=[Passenger(name=P-15)], duration=15, distance=10.0, discount=0.4), Trip(driver=Driver(name=D-6), passengers=[Passenger(name=P-16), Passenger(name=P-15)], duration=9, distance=4.0, discount=null)), (Trip(driver=Driver(name=D-9), passengers=[Passenger(name=P-15)], duration=15, distance=10.0, discount=0.4), Trip(driver=Driver(name=D-2), passengers=[Passenger(name=P-14), Passenger(name=P-0)], duration=7, distance=2.0, discount=null)), (Trip(driver=Driver(name=D-9), passengers=[Passenger(name=P-15)], duration=15, distance=10.0, discount=0.4), Trip(driver=Driver(name=D-5), passengers=[Passenger(name=P-18)], duration=7, distance=19.0, discount=null)), (Trip(driver=Driver(name=D-9), passengers=[Passenger(name=P-15)], duration=15, distance=10.0, discount=0.4), Trip(driver=Driver(name=D-9), passengers=[Passenger(name=P-15)], duration=15, distance=10.0, discount=0.4)), (Trip(driver=Driver(name=D-9), passengers=[Passenger(name=P-15)], duration=15, distance=10.0, discount=0.4), Trip(driver=Driver(name=D-7), passengers=[Passenger(name=P-7), Passenger(name=P-18)], duration=12, distance=11.0, discount=null)), (Trip(driver=Driver(name=D-9), passengers=[Passenger(name=P-15)], duration=15, distance=10.0, discount=0.4), Trip(driver=Driver(name=D-3), passengers=[Passenger(name=P-10), Passenger(name=P-19), Passenger(name=P-17)], duration=10, distance=7.0, discount=null)), (Trip(driver=Driver(name=D-9), passengers=[Passenger(name=P-15)], duration=15, distance=10.0, discount=0.4), Trip(driver=Driver(name=D-3), passengers=[Passenger(name=P-10)], duration=18, distance=10.0, discount=0.2)), (Trip(driver=Driver(name=D-9), passengers=[Passenger(name=P-15)], duration=15, distance=10.0, discount=0.4), Trip(driver=Driver(name=D-8), passengers=[Passenger(name=P-9), Passenger(name=P-15), Passenger(name=P-16), Passenger(name=P-19)], duration=19, distance=12.0, discount=0.3)), (Trip(driver=Driver(name=D-9), passengers=[Passenger(name=P-15)], duration=15, distance=10.0, discount=0.4), Trip(driver=Driver(name=D-5), passengers=[Passenger(name=P-13)], duration=16, distance=11.0, discount=0.3))]
item [(Trip(driver=Driver(name=D-7), passengers=[Passenger(name=P-7), Passenger(name=P-18)], duration=12, distance=11.0, discount=null), Trip(driver=Driver(name=D-0), passengers=[Passenger(name=P-15), Passenger(name=P-14), Passenger(name=P-10)], duration=0, distance=19.0, discount=null)), (Trip(driver=Driver(name=D-7), passengers=[Passenger(name=P-7), Passenger(name=P-18)], duration=12, distance=11.0, discount=null), Trip(driver=Driver(name=D-0), passengers=[Passenger(name=P-18), Passenger(name=P-8), Passenger(name=P-7), Passenger(name=P-14)], duration=15, distance=1.0, discount=null)), (Trip(driver=Driver(name=D-7), passengers=[Passenger(name=P-7), Passenger(name=P-18)], duration=12, distance=11.0, discount=null), Trip(driver=Driver(name=D-9), passengers=[Passenger(name=P-4), Passenger(name=P-19), Passenger(name=P-0)], duration=9, distance=15.0, discount=null)), (Trip(driver=Driver(name=D-7), passengers=[Passenger(name=P-7), Passenger(name=P-18)], duration=12, distance=11.0, discount=null), Trip(driver=Driver(name=D-0), passengers=[Passenger(name=P-12), Passenger(name=P-7), Passenger(name=P-2)], duration=13, distance=19.0, discount=0.3)), (Trip(driver=Driver(name=D-7), passengers=[Passenger(name=P-7), Passenger(name=P-18)], duration=12, distance=11.0, discount=null), Trip(driver=Driver(name=D-6), passengers=[Passenger(name=P-11), Passenger(name=P-8)], duration=14, distance=19.0, discount=null)), (Trip(driver=Driver(name=D-7), passengers=[Passenger(name=P-7), Passenger(name=P-18)], duration=12, distance=11.0, discount=null), Trip(driver=Driver(name=D-0), passengers=[Passenger(name=P-2)], duration=12, distance=14.0, discount=0.3)), (Trip(driver=Driver(name=D-7), passengers=[Passenger(name=P-7), Passenger(name=P-18)], duration=12, distance=11.0, discount=null), Trip(driver=Driver(name=D-8), passengers=[Passenger(name=P-1), Passenger(name=P-17), Passenger(name=P-9), Passenger(name=P-10)], duration=16, distance=3.0, discount=null)), (Trip(driver=Driver(name=D-7), passengers=[Passenger(name=P-7), Passenger(name=P-18)], duration=12, distance=11.0, discount=null), Trip(driver=Driver(name=D-0), passengers=[Passenger(name=P-17)], duration=10, distance=6.0, discount=0.4)), (Trip(driver=Driver(name=D-7), passengers=[Passenger(name=P-7), Passenger(name=P-18)], duration=12, distance=11.0, discount=null), Trip(driver=Driver(name=D-1), passengers=[Passenger(name=P-8), Passenger(name=P-1)], duration=7, distance=5.0, discount=null)), (Trip(driver=Driver(name=D-7), passengers=[Passenger(name=P-7), Passenger(name=P-18)], duration=12, distance=11.0, discount=null), Trip(driver=Driver(name=D-9), passengers=[Passenger(name=P-6)], duration=3, distance=6.0, discount=null)), (Trip(driver=Driver(name=D-7), passengers=[Passenger(name=P-7), Passenger(name=P-18)], duration=12, distance=11.0, discount=null), Trip(driver=Driver(name=D-4), passengers=[Passenger(name=P-12), Passenger(name=P-19), Passenger(name=P-7), Passenger(name=P-0)], duration=9, distance=10.0, discount=0.4)), (Trip(driver=Driver(name=D-7), passengers=[Passenger(name=P-7), Passenger(name=P-18)], duration=12, distance=11.0, discount=null), Trip(driver=Driver(name=D-7), passengers=[Passenger(name=P-16)], duration=11, distance=12.0, discount=0.1)), (Trip(driver=Driver(name=D-7), passengers=[Passenger(name=P-7), Passenger(name=P-18)], duration=12, distance=11.0, discount=null), Trip(driver=Driver(name=D-9), passengers=[Passenger(name=P-6), Passenger(name=P-14)], duration=9, distance=7.0, discount=null)), (Trip(driver=Driver(name=D-7), passengers=[Passenger(name=P-7), Passenger(name=P-18)], duration=12, distance=11.0, discount=null), Trip(driver=Driver(name=D-5), passengers=[Passenger(name=P-4)], duration=1, distance=16.0, discount=0.4)), (Trip(driver=Driver(name=D-7), passengers=[Passenger(name=P-7), Passenger(name=P-18)], duration=12, distance=11.0, discount=null), Trip(driver=Driver(name=D-2), passengers=[Passenger(name=P-15), Passenger(name=P-7), Passenger(name=P-12)], duration=9, distance=6.0, discount=null)), (Trip(driver=Driver(name=D-7), passengers=[Passenger(name=P-7), Passenger(name=P-18)], duration=12, distance=11.0, discount=null), Trip(driver=Driver(name=D-1), passengers=[Passenger(name=P-13)], duration=2, distance=7.0, discount=0.1)), (Trip(driver=Driver(name=D-7), passengers=[Passenger(name=P-7), Passenger(name=P-18)], duration=12, distance=11.0, discount=null), Trip(driver=Driver(name=D-5), passengers=[Passenger(name=P-0), Passenger(name=P-18), Passenger(name=P-3)], duration=10, distance=11.0, discount=null)), (Trip(driver=Driver(name=D-7), passengers=[Passenger(name=P-7), Passenger(name=P-18)], duration=12, distance=11.0, discount=null), Trip(driver=Driver(name=D-0), passengers=[Passenger(name=P-9)], duration=6, distance=18.0, discount=0.4)), (Trip(driver=Driver(name=D-7), passengers=[Passenger(name=P-7), Passenger(name=P-18)], duration=12, distance=11.0, discount=null), Trip(driver=Driver(name=D-1), passengers=[Passenger(name=P-9), Passenger(name=P-0), Passenger(name=P-3), Passenger(name=P-14)], duration=0, distance=15.0, discount=null)), (Trip(driver=Driver(name=D-7), passengers=[Passenger(name=P-7), Passenger(name=P-18)], duration=12, distance=11.0, discount=null), Trip(driver=Driver(name=D-1), passengers=[Passenger(name=P-10)], duration=17, distance=15.0, discount=null)), (Trip(driver=Driver(name=D-7), passengers=[Passenger(name=P-7), Passenger(name=P-18)], duration=12, distance=11.0, discount=null), Trip(driver=Driver(name=D-6), passengers=[Passenger(name=P-0), Passenger(name=P-18), Passenger(name=P-13)], duration=3, distance=5.0, discount=null)), (Trip(driver=Driver(name=D-7), passengers=[Passenger(name=P-7), Passenger(name=P-18)], duration=12, distance=11.0, discount=null), Trip(driver=Driver(name=D-7), passengers=[Passenger(name=P-19), Passenger(name=P-10)], duration=0, distance=8.0, discount=null)), (Trip(driver=Driver(name=D-7), passengers=[Passenger(name=P-7), Passenger(name=P-18)], duration=12, distance=11.0, discount=null), Trip(driver=Driver(name=D-8), passengers=[Passenger(name=P-4), Passenger(name=P-15)], duration=9, distance=17.0, discount=0.1)), (Trip(driver=Driver(name=D-7), passengers=[Passenger(name=P-7), Passenger(name=P-18)], duration=12, distance=11.0, discount=null), Trip(driver=Driver(name=D-6), passengers=[Passenger(name=P-15)], duration=13, distance=1.0, discount=null)), (Trip(driver=Driver(name=D-7), passengers=[Passenger(name=P-7), Passenger(name=P-18)], duration=12, distance=11.0, discount=null), Trip(driver=Driver(name=D-2), passengers=[Passenger(name=P-3)], duration=13, distance=15.0, discount=0.2)), (Trip(driver=Driver(name=D-7), passengers=[Passenger(name=P-7), Passenger(name=P-18)], duration=12, distance=11.0, discount=null), Trip(driver=Driver(name=D-3), passengers=[Passenger(name=P-13), Passenger(name=P-11), Passenger(name=P-15)], duration=2, distance=9.0, discount=null)), (Trip(driver=Driver(name=D-7), passengers=[Passenger(name=P-7), Passenger(name=P-18)], duration=12, distance=11.0, discount=null), Trip(driver=Driver(name=D-2), passengers=[Passenger(name=P-12)], duration=2, distance=16.0, discount=null)), (Trip(driver=Driver(name=D-7), passengers=[Passenger(name=P-7), Passenger(name=P-18)], duration=12, distance=11.0, discount=null), Trip(driver=Driver(name=D-6), passengers=[Passenger(name=P-13), Passenger(name=P-18)], duration=12, distance=14.0, discount=null)), (Trip(driver=Driver(name=D-7), passengers=[Passenger(name=P-7), Passenger(name=P-18)], duration=12, distance=11.0, discount=null), Trip(driver=Driver(name=D-8), passengers=[Passenger(name=P-19)], duration=1, distance=13.0, discount=0.4)), (Trip(driver=Driver(name=D-7), passengers=[Passenger(name=P-7), Passenger(name=P-18)], duration=12, distance=11.0, discount=null), Trip(driver=Driver(name=D-6), passengers=[Passenger(name=P-9), Passenger(name=P-13), Passenger(name=P-1), Passenger(name=P-19)], duration=5, distance=14.0, discount=0.2)), (Trip(driver=Driver(name=D-7), passengers=[Passenger(name=P-7), Passenger(name=P-18)], duration=12, distance=11.0, discount=null), Trip(driver=Driver(name=D-4), passengers=[Passenger(name=P-8)], duration=15, distance=8.0, discount=0.2)), (Trip(driver=Driver(name=D-7), passengers=[Passenger(name=P-7), Passenger(name=P-18)], duration=12, distance=11.0, discount=null), Trip(driver=Driver(name=D-6), passengers=[Passenger(name=P-16), Passenger(name=P-15)], duration=9, distance=4.0, discount=null)), (Trip(driver=Driver(name=D-7), passengers=[Passenger(name=P-7), Passenger(name=P-18)], duration=12, distance=11.0, discount=null), Trip(driver=Driver(name=D-2), passengers=[Passenger(name=P-14), Passenger(name=P-0)], duration=7, distance=2.0, discount=null)), (Trip(driver=Driver(name=D-7), passengers=[Passenger(name=P-7), Passenger(name=P-18)], duration=12, distance=11.0, discount=null), Trip(driver=Driver(name=D-5), passengers=[Passenger(name=P-18)], duration=7, distance=19.0, discount=null)), (Trip(driver=Driver(name=D-7), passengers=[Passenger(name=P-7), Passenger(name=P-18)], duration=12, distance=11.0, discount=null), Trip(driver=Driver(name=D-9), passengers=[Passenger(name=P-15)], duration=15, distance=10.0, discount=0.4)), (Trip(driver=Driver(name=D-7), passengers=[Passenger(name=P-7), Passenger(name=P-18)], duration=12, distance=11.0, discount=null), Trip(driver=Driver(name=D-7), passengers=[Passenger(name=P-7), Passenger(name=P-18)], duration=12, distance=11.0, discount=null)), (Trip(driver=Driver(name=D-7), passengers=[Passenger(name=P-7), Passenger(name=P-18)], duration=12, distance=11.0, discount=null), Trip(driver=Driver(name=D-3), passengers=[Passenger(name=P-10), Passenger(name=P-19), Passenger(name=P-17)], duration=10, distance=7.0, discount=null)), (Trip(driver=Driver(name=D-7), passengers=[Passenger(name=P-7), Passenger(name=P-18)], duration=12, distance=11.0, discount=null), Trip(driver=Driver(name=D-3), passengers=[Passenger(name=P-10)], duration=18, distance=10.0, discount=0.2)), (Trip(driver=Driver(name=D-7), passengers=[Passenger(name=P-7), Passenger(name=P-18)], duration=12, distance=11.0, discount=null), Trip(driver=Driver(name=D-8), passengers=[Passenger(name=P-9), Passenger(name=P-15), Passenger(name=P-16), Passenger(name=P-19)], duration=19, distance=12.0, discount=0.3)), (Trip(driver=Driver(name=D-7), passengers=[Passenger(name=P-7), Passenger(name=P-18)], duration=12, distance=11.0, discount=null), Trip(driver=Driver(name=D-5), passengers=[Passenger(name=P-13)], duration=16, distance=11.0, discount=0.3))]
item [(Trip(driver=Driver(name=D-3), passengers=[Passenger(name=P-10), Passenger(name=P-19), Passenger(name=P-17)], duration=10, distance=7.0, discount=null), Trip(driver=Driver(name=D-0), passengers=[Passenger(name=P-15), Passenger(name=P-14), Passenger(name=P-10)], duration=0, distance=19.0, discount=null)), (Trip(driver=Driver(name=D-3), passengers=[Passenger(name=P-10), Passenger(name=P-19), Passenger(name=P-17)], duration=10, distance=7.0, discount=null), Trip(driver=Driver(name=D-0), passengers=[Passenger(name=P-18), Passenger(name=P-8), Passenger(name=P-7), Passenger(name=P-14)], duration=15, distance=1.0, discount=null)), (Trip(driver=Driver(name=D-3), passengers=[Passenger(name=P-10), Passenger(name=P-19), Passenger(name=P-17)], duration=10, distance=7.0, discount=null), Trip(driver=Driver(name=D-9), passengers=[Passenger(name=P-4), Passenger(name=P-19), Passenger(name=P-0)], duration=9, distance=15.0, discount=null)), (Trip(driver=Driver(name=D-3), passengers=[Passenger(name=P-10), Passenger(name=P-19), Passenger(name=P-17)], duration=10, distance=7.0, discount=null), Trip(driver=Driver(name=D-0), passengers=[Passenger(name=P-12), Passenger(name=P-7), Passenger(name=P-2)], duration=13, distance=19.0, discount=0.3)), (Trip(driver=Driver(name=D-3), passengers=[Passenger(name=P-10), Passenger(name=P-19), Passenger(name=P-17)], duration=10, distance=7.0, discount=null), Trip(driver=Driver(name=D-6), passengers=[Passenger(name=P-11), Passenger(name=P-8)], duration=14, distance=19.0, discount=null)), (Trip(driver=Driver(name=D-3), passengers=[Passenger(name=P-10), Passenger(name=P-19), Passenger(name=P-17)], duration=10, distance=7.0, discount=null), Trip(driver=Driver(name=D-0), passengers=[Passenger(name=P-2)], duration=12, distance=14.0, discount=0.3)), (Trip(driver=Driver(name=D-3), passengers=[Passenger(name=P-10), Passenger(name=P-19), Passenger(name=P-17)], duration=10, distance=7.0, discount=null), Trip(driver=Driver(name=D-8), passengers=[Passenger(name=P-1), Passenger(name=P-17), Passenger(name=P-9), Passenger(name=P-10)], duration=16, distance=3.0, discount=null)), (Trip(driver=Driver(name=D-3), passengers=[Passenger(name=P-10), Passenger(name=P-19), Passenger(name=P-17)], duration=10, distance=7.0, discount=null), Trip(driver=Driver(name=D-0), passengers=[Passenger(name=P-17)], duration=10, distance=6.0, discount=0.4)), (Trip(driver=Driver(name=D-3), passengers=[Passenger(name=P-10), Passenger(name=P-19), Passenger(name=P-17)], duration=10, distance=7.0, discount=null), Trip(driver=Driver(name=D-1), passengers=[Passenger(name=P-8), Passenger(name=P-1)], duration=7, distance=5.0, discount=null)), (Trip(driver=Driver(name=D-3), passengers=[Passenger(name=P-10), Passenger(name=P-19), Passenger(name=P-17)], duration=10, distance=7.0, discount=null), Trip(driver=Driver(name=D-9), passengers=[Passenger(name=P-6)], duration=3, distance=6.0, discount=null)), (Trip(driver=Driver(name=D-3), passengers=[Passenger(name=P-10), Passenger(name=P-19), Passenger(name=P-17)], duration=10, distance=7.0, discount=null), Trip(driver=Driver(name=D-4), passengers=[Passenger(name=P-12), Passenger(name=P-19), Passenger(name=P-7), Passenger(name=P-0)], duration=9, distance=10.0, discount=0.4)), (Trip(driver=Driver(name=D-3), passengers=[Passenger(name=P-10), Passenger(name=P-19), Passenger(name=P-17)], duration=10, distance=7.0, discount=null), Trip(driver=Driver(name=D-7), passengers=[Passenger(name=P-16)], duration=11, distance=12.0, discount=0.1)), (Trip(driver=Driver(name=D-3), passengers=[Passenger(name=P-10), Passenger(name=P-19), Passenger(name=P-17)], duration=10, distance=7.0, discount=null), Trip(driver=Driver(name=D-9), passengers=[Passenger(name=P-6), Passenger(name=P-14)], duration=9, distance=7.0, discount=null)), (Trip(driver=Driver(name=D-3), passengers=[Passenger(name=P-10), Passenger(name=P-19), Passenger(name=P-17)], duration=10, distance=7.0, discount=null), Trip(driver=Driver(name=D-5), passengers=[Passenger(name=P-4)], duration=1, distance=16.0, discount=0.4)), (Trip(driver=Driver(name=D-3), passengers=[Passenger(name=P-10), Passenger(name=P-19), Passenger(name=P-17)], duration=10, distance=7.0, discount=null), Trip(driver=Driver(name=D-2), passengers=[Passenger(name=P-15), Passenger(name=P-7), Passenger(name=P-12)], duration=9, distance=6.0, discount=null)), (Trip(driver=Driver(name=D-3), passengers=[Passenger(name=P-10), Passenger(name=P-19), Passenger(name=P-17)], duration=10, distance=7.0, discount=null), Trip(driver=Driver(name=D-1), passengers=[Passenger(name=P-13)], duration=2, distance=7.0, discount=0.1)), (Trip(driver=Driver(name=D-3), passengers=[Passenger(name=P-10), Passenger(name=P-19), Passenger(name=P-17)], duration=10, distance=7.0, discount=null), Trip(driver=Driver(name=D-5), passengers=[Passenger(name=P-0), Passenger(name=P-18), Passenger(name=P-3)], duration=10, distance=11.0, discount=null)), (Trip(driver=Driver(name=D-3), passengers=[Passenger(name=P-10), Passenger(name=P-19), Passenger(name=P-17)], duration=10, distance=7.0, discount=null), Trip(driver=Driver(name=D-0), passengers=[Passenger(name=P-9)], duration=6, distance=18.0, discount=0.4)), (Trip(driver=Driver(name=D-3), passengers=[Passenger(name=P-10), Passenger(name=P-19), Passenger(name=P-17)], duration=10, distance=7.0, discount=null), Trip(driver=Driver(name=D-1), passengers=[Passenger(name=P-9), Passenger(name=P-0), Passenger(name=P-3), Passenger(name=P-14)], duration=0, distance=15.0, discount=null)), (Trip(driver=Driver(name=D-3), passengers=[Passenger(name=P-10), Passenger(name=P-19), Passenger(name=P-17)], duration=10, distance=7.0, discount=null), Trip(driver=Driver(name=D-1), passengers=[Passenger(name=P-10)], duration=17, distance=15.0, discount=null)), (Trip(driver=Driver(name=D-3), passengers=[Passenger(name=P-10), Passenger(name=P-19), Passenger(name=P-17)], duration=10, distance=7.0, discount=null), Trip(driver=Driver(name=D-6), passengers=[Passenger(name=P-0), Passenger(name=P-18), Passenger(name=P-13)], duration=3, distance=5.0, discount=null)), (Trip(driver=Driver(name=D-3), passengers=[Passenger(name=P-10), Passenger(name=P-19), Passenger(name=P-17)], duration=10, distance=7.0, discount=null), Trip(driver=Driver(name=D-7), passengers=[Passenger(name=P-19), Passenger(name=P-10)], duration=0, distance=8.0, discount=null)), (Trip(driver=Driver(name=D-3), passengers=[Passenger(name=P-10), Passenger(name=P-19), Passenger(name=P-17)], duration=10, distance=7.0, discount=null), Trip(driver=Driver(name=D-8), passengers=[Passenger(name=P-4), Passenger(name=P-15)], duration=9, distance=17.0, discount=0.1)), (Trip(driver=Driver(name=D-3), passengers=[Passenger(name=P-10), Passenger(name=P-19), Passenger(name=P-17)], duration=10, distance=7.0, discount=null), Trip(driver=Driver(name=D-6), passengers=[Passenger(name=P-15)], duration=13, distance=1.0, discount=null)), (Trip(driver=Driver(name=D-3), passengers=[Passenger(name=P-10), Passenger(name=P-19), Passenger(name=P-17)], duration=10, distance=7.0, discount=null), Trip(driver=Driver(name=D-2), passengers=[Passenger(name=P-3)], duration=13, distance=15.0, discount=0.2)), (Trip(driver=Driver(name=D-3), passengers=[Passenger(name=P-10), Passenger(name=P-19), Passenger(name=P-17)], duration=10, distance=7.0, discount=null), Trip(driver=Driver(name=D-3), passengers=[Passenger(name=P-13), Passenger(name=P-11), Passenger(name=P-15)], duration=2, distance=9.0, discount=null)), (Trip(driver=Driver(name=D-3), passengers=[Passenger(name=P-10), Passenger(name=P-19), Passenger(name=P-17)], duration=10, distance=7.0, discount=null), Trip(driver=Driver(name=D-2), passengers=[Passenger(name=P-12)], duration=2, distance=16.0, discount=null)), (Trip(driver=Driver(name=D-3), passengers=[Passenger(name=P-10), Passenger(name=P-19), Passenger(name=P-17)], duration=10, distance=7.0, discount=null), Trip(driver=Driver(name=D-6), passengers=[Passenger(name=P-13), Passenger(name=P-18)], duration=12, distance=14.0, discount=null)), (Trip(driver=Driver(name=D-3), passengers=[Passenger(name=P-10), Passenger(name=P-19), Passenger(name=P-17)], duration=10, distance=7.0, discount=null), Trip(driver=Driver(name=D-8), passengers=[Passenger(name=P-19)], duration=1, distance=13.0, discount=0.4)), (Trip(driver=Driver(name=D-3), passengers=[Passenger(name=P-10), Passenger(name=P-19), Passenger(name=P-17)], duration=10, distance=7.0, discount=null), Trip(driver=Driver(name=D-6), passengers=[Passenger(name=P-9), Passenger(name=P-13), Passenger(name=P-1), Passenger(name=P-19)], duration=5, distance=14.0, discount=0.2)), (Trip(driver=Driver(name=D-3), passengers=[Passenger(name=P-10), Passenger(name=P-19), Passenger(name=P-17)], duration=10, distance=7.0, discount=null), Trip(driver=Driver(name=D-4), passengers=[Passenger(name=P-8)], duration=15, distance=8.0, discount=0.2)), (Trip(driver=Driver(name=D-3), passengers=[Passenger(name=P-10), Passenger(name=P-19), Passenger(name=P-17)], duration=10, distance=7.0, discount=null), Trip(driver=Driver(name=D-6), passengers=[Passenger(name=P-16), Passenger(name=P-15)], duration=9, distance=4.0, discount=null)), (Trip(driver=Driver(name=D-3), passengers=[Passenger(name=P-10), Passenger(name=P-19), Passenger(name=P-17)], duration=10, distance=7.0, discount=null), Trip(driver=Driver(name=D-2), passengers=[Passenger(name=P-14), Passenger(name=P-0)], duration=7, distance=2.0, discount=null)), (Trip(driver=Driver(name=D-3), passengers=[Passenger(name=P-10), Passenger(name=P-19), Passenger(name=P-17)], duration=10, distance=7.0, discount=null), Trip(driver=Driver(name=D-5), passengers=[Passenger(name=P-18)], duration=7, distance=19.0, discount=null)), (Trip(driver=Driver(name=D-3), passengers=[Passenger(name=P-10), Passenger(name=P-19), Passenger(name=P-17)], duration=10, distance=7.0, discount=null), Trip(driver=Driver(name=D-9), passengers=[Passenger(name=P-15)], duration=15, distance=10.0, discount=0.4)), (Trip(driver=Driver(name=D-3), passengers=[Passenger(name=P-10), Passenger(name=P-19), Passenger(name=P-17)], duration=10, distance=7.0, discount=null), Trip(driver=Driver(name=D-7), passengers=[Passenger(name=P-7), Passenger(name=P-18)], duration=12, distance=11.0, discount=null)), (Trip(driver=Driver(name=D-3), passengers=[Passenger(name=P-10), Passenger(name=P-19), Passenger(name=P-17)], duration=10, distance=7.0, discount=null), Trip(driver=Driver(name=D-3), passengers=[Passenger(name=P-10), Passenger(name=P-19), Passenger(name=P-17)], duration=10, distance=7.0, discount=null)), (Trip(driver=Driver(name=D-3), passengers=[Passenger(name=P-10), Passenger(name=P-19), Passenger(name=P-17)], duration=10, distance=7.0, discount=null), Trip(driver=Driver(name=D-3), passengers=[Passenger(name=P-10)], duration=18, distance=10.0, discount=0.2)), (Trip(driver=Driver(name=D-3), passengers=[Passenger(name=P-10), Passenger(name=P-19), Passenger(name=P-17)], duration=10, distance=7.0, discount=null), Trip(driver=Driver(name=D-8), passengers=[Passenger(name=P-9), Passenger(name=P-15), Passenger(name=P-16), Passenger(name=P-19)], duration=19, distance=12.0, discount=0.3)), (Trip(driver=Driver(name=D-3), passengers=[Passenger(name=P-10), Passenger(name=P-19), Passenger(name=P-17)], duration=10, distance=7.0, discount=null), Trip(driver=Driver(name=D-5), passengers=[Passenger(name=P-13)], duration=16, distance=11.0, discount=0.3))]
item [(Trip(driver=Driver(name=D-3), passengers=[Passenger(name=P-10)], duration=18, distance=10.0, discount=0.2), Trip(driver=Driver(name=D-0), passengers=[Passenger(name=P-15), Passenger(name=P-14), Passenger(name=P-10)], duration=0, distance=19.0, discount=null)), (Trip(driver=Driver(name=D-3), passengers=[Passenger(name=P-10)], duration=18, distance=10.0, discount=0.2), Trip(driver=Driver(name=D-0), passengers=[Passenger(name=P-18), Passenger(name=P-8), Passenger(name=P-7), Passenger(name=P-14)], duration=15, distance=1.0, discount=null)), (Trip(driver=Driver(name=D-3), passengers=[Passenger(name=P-10)], duration=18, distance=10.0, discount=0.2), Trip(driver=Driver(name=D-9), passengers=[Passenger(name=P-4), Passenger(name=P-19), Passenger(name=P-0)], duration=9, distance=15.0, discount=null)), (Trip(driver=Driver(name=D-3), passengers=[Passenger(name=P-10)], duration=18, distance=10.0, discount=0.2), Trip(driver=Driver(name=D-0), passengers=[Passenger(name=P-12), Passenger(name=P-7), Passenger(name=P-2)], duration=13, distance=19.0, discount=0.3)), (Trip(driver=Driver(name=D-3), passengers=[Passenger(name=P-10)], duration=18, distance=10.0, discount=0.2), Trip(driver=Driver(name=D-6), passengers=[Passenger(name=P-11), Passenger(name=P-8)], duration=14, distance=19.0, discount=null)), (Trip(driver=Driver(name=D-3), passengers=[Passenger(name=P-10)], duration=18, distance=10.0, discount=0.2), Trip(driver=Driver(name=D-0), passengers=[Passenger(name=P-2)], duration=12, distance=14.0, discount=0.3)), (Trip(driver=Driver(name=D-3), passengers=[Passenger(name=P-10)], duration=18, distance=10.0, discount=0.2), Trip(driver=Driver(name=D-8), passengers=[Passenger(name=P-1), Passenger(name=P-17), Passenger(name=P-9), Passenger(name=P-10)], duration=16, distance=3.0, discount=null)), (Trip(driver=Driver(name=D-3), passengers=[Passenger(name=P-10)], duration=18, distance=10.0, discount=0.2), Trip(driver=Driver(name=D-0), passengers=[Passenger(name=P-17)], duration=10, distance=6.0, discount=0.4)), (Trip(driver=Driver(name=D-3), passengers=[Passenger(name=P-10)], duration=18, distance=10.0, discount=0.2), Trip(driver=Driver(name=D-1), passengers=[Passenger(name=P-8), Passenger(name=P-1)], duration=7, distance=5.0, discount=null)), (Trip(driver=Driver(name=D-3), passengers=[Passenger(name=P-10)], duration=18, distance=10.0, discount=0.2), Trip(driver=Driver(name=D-9), passengers=[Passenger(name=P-6)], duration=3, distance=6.0, discount=null)), (Trip(driver=Driver(name=D-3), passengers=[Passenger(name=P-10)], duration=18, distance=10.0, discount=0.2), Trip(driver=Driver(name=D-4), passengers=[Passenger(name=P-12), Passenger(name=P-19), Passenger(name=P-7), Passenger(name=P-0)], duration=9, distance=10.0, discount=0.4)), (Trip(driver=Driver(name=D-3), passengers=[Passenger(name=P-10)], duration=18, distance=10.0, discount=0.2), Trip(driver=Driver(name=D-7), passengers=[Passenger(name=P-16)], duration=11, distance=12.0, discount=0.1)), (Trip(driver=Driver(name=D-3), passengers=[Passenger(name=P-10)], duration=18, distance=10.0, discount=0.2), Trip(driver=Driver(name=D-9), passengers=[Passenger(name=P-6), Passenger(name=P-14)], duration=9, distance=7.0, discount=null)), (Trip(driver=Driver(name=D-3), passengers=[Passenger(name=P-10)], duration=18, distance=10.0, discount=0.2), Trip(driver=Driver(name=D-5), passengers=[Passenger(name=P-4)], duration=1, distance=16.0, discount=0.4)), (Trip(driver=Driver(name=D-3), passengers=[Passenger(name=P-10)], duration=18, distance=10.0, discount=0.2), Trip(driver=Driver(name=D-2), passengers=[Passenger(name=P-15), Passenger(name=P-7), Passenger(name=P-12)], duration=9, distance=6.0, discount=null)), (Trip(driver=Driver(name=D-3), passengers=[Passenger(name=P-10)], duration=18, distance=10.0, discount=0.2), Trip(driver=Driver(name=D-1), passengers=[Passenger(name=P-13)], duration=2, distance=7.0, discount=0.1)), (Trip(driver=Driver(name=D-3), passengers=[Passenger(name=P-10)], duration=18, distance=10.0, discount=0.2), Trip(driver=Driver(name=D-5), passengers=[Passenger(name=P-0), Passenger(name=P-18), Passenger(name=P-3)], duration=10, distance=11.0, discount=null)), (Trip(driver=Driver(name=D-3), passengers=[Passenger(name=P-10)], duration=18, distance=10.0, discount=0.2), Trip(driver=Driver(name=D-0), passengers=[Passenger(name=P-9)], duration=6, distance=18.0, discount=0.4)), (Trip(driver=Driver(name=D-3), passengers=[Passenger(name=P-10)], duration=18, distance=10.0, discount=0.2), Trip(driver=Driver(name=D-1), passengers=[Passenger(name=P-9), Passenger(name=P-0), Passenger(name=P-3), Passenger(name=P-14)], duration=0, distance=15.0, discount=null)), (Trip(driver=Driver(name=D-3), passengers=[Passenger(name=P-10)], duration=18, distance=10.0, discount=0.2), Trip(driver=Driver(name=D-1), passengers=[Passenger(name=P-10)], duration=17, distance=15.0, discount=null)), (Trip(driver=Driver(name=D-3), passengers=[Passenger(name=P-10)], duration=18, distance=10.0, discount=0.2), Trip(driver=Driver(name=D-6), passengers=[Passenger(name=P-0), Passenger(name=P-18), Passenger(name=P-13)], duration=3, distance=5.0, discount=null)), (Trip(driver=Driver(name=D-3), passengers=[Passenger(name=P-10)], duration=18, distance=10.0, discount=0.2), Trip(driver=Driver(name=D-7), passengers=[Passenger(name=P-19), Passenger(name=P-10)], duration=0, distance=8.0, discount=null)), (Trip(driver=Driver(name=D-3), passengers=[Passenger(name=P-10)], duration=18, distance=10.0, discount=0.2), Trip(driver=Driver(name=D-8), passengers=[Passenger(name=P-4), Passenger(name=P-15)], duration=9, distance=17.0, discount=0.1)), (Trip(driver=Driver(name=D-3), passengers=[Passenger(name=P-10)], duration=18, distance=10.0, discount=0.2), Trip(driver=Driver(name=D-6), passengers=[Passenger(name=P-15)], duration=13, distance=1.0, discount=null)), (Trip(driver=Driver(name=D-3), passengers=[Passenger(name=P-10)], duration=18, distance=10.0, discount=0.2), Trip(driver=Driver(name=D-2), passengers=[Passenger(name=P-3)], duration=13, distance=15.0, discount=0.2)), (Trip(driver=Driver(name=D-3), passengers=[Passenger(name=P-10)], duration=18, distance=10.0, discount=0.2), Trip(driver=Driver(name=D-3), passengers=[Passenger(name=P-13), Passenger(name=P-11), Passenger(name=P-15)], duration=2, distance=9.0, discount=null)), (Trip(driver=Driver(name=D-3), passengers=[Passenger(name=P-10)], duration=18, distance=10.0, discount=0.2), Trip(driver=Driver(name=D-2), passengers=[Passenger(name=P-12)], duration=2, distance=16.0, discount=null)), (Trip(driver=Driver(name=D-3), passengers=[Passenger(name=P-10)], duration=18, distance=10.0, discount=0.2), Trip(driver=Driver(name=D-6), passengers=[Passenger(name=P-13), Passenger(name=P-18)], duration=12, distance=14.0, discount=null)), (Trip(driver=Driver(name=D-3), passengers=[Passenger(name=P-10)], duration=18, distance=10.0, discount=0.2), Trip(driver=Driver(name=D-8), passengers=[Passenger(name=P-19)], duration=1, distance=13.0, discount=0.4)), (Trip(driver=Driver(name=D-3), passengers=[Passenger(name=P-10)], duration=18, distance=10.0, discount=0.2), Trip(driver=Driver(name=D-6), passengers=[Passenger(name=P-9), Passenger(name=P-13), Passenger(name=P-1), Passenger(name=P-19)], duration=5, distance=14.0, discount=0.2)), (Trip(driver=Driver(name=D-3), passengers=[Passenger(name=P-10)], duration=18, distance=10.0, discount=0.2), Trip(driver=Driver(name=D-4), passengers=[Passenger(name=P-8)], duration=15, distance=8.0, discount=0.2)), (Trip(driver=Driver(name=D-3), passengers=[Passenger(name=P-10)], duration=18, distance=10.0, discount=0.2), Trip(driver=Driver(name=D-6), passengers=[Passenger(name=P-16), Passenger(name=P-15)], duration=9, distance=4.0, discount=null)), (Trip(driver=Driver(name=D-3), passengers=[Passenger(name=P-10)], duration=18, distance=10.0, discount=0.2), Trip(driver=Driver(name=D-2), passengers=[Passenger(name=P-14), Passenger(name=P-0)], duration=7, distance=2.0, discount=null)), (Trip(driver=Driver(name=D-3), passengers=[Passenger(name=P-10)], duration=18, distance=10.0, discount=0.2), Trip(driver=Driver(name=D-5), passengers=[Passenger(name=P-18)], duration=7, distance=19.0, discount=null)), (Trip(driver=Driver(name=D-3), passengers=[Passenger(name=P-10)], duration=18, distance=10.0, discount=0.2), Trip(driver=Driver(name=D-9), passengers=[Passenger(name=P-15)], duration=15, distance=10.0, discount=0.4)), (Trip(driver=Driver(name=D-3), passengers=[Passenger(name=P-10)], duration=18, distance=10.0, discount=0.2), Trip(driver=Driver(name=D-7), passengers=[Passenger(name=P-7), Passenger(name=P-18)], duration=12, distance=11.0, discount=null)), (Trip(driver=Driver(name=D-3), passengers=[Passenger(name=P-10)], duration=18, distance=10.0, discount=0.2), Trip(driver=Driver(name=D-3), passengers=[Passenger(name=P-10), Passenger(name=P-19), Passenger(name=P-17)], duration=10, distance=7.0, discount=null)), (Trip(driver=Driver(name=D-3), passengers=[Passenger(name=P-10)], duration=18, distance=10.0, discount=0.2), Trip(driver=Driver(name=D-3), passengers=[Passenger(name=P-10)], duration=18, distance=10.0, discount=0.2)), (Trip(driver=Driver(name=D-3), passengers=[Passenger(name=P-10)], duration=18, distance=10.0, discount=0.2), Trip(driver=Driver(name=D-8), passengers=[Passenger(name=P-9), Passenger(name=P-15), Passenger(name=P-16), Passenger(name=P-19)], duration=19, distance=12.0, discount=0.3)), (Trip(driver=Driver(name=D-3), passengers=[Passenger(name=P-10)], duration=18, distance=10.0, discount=0.2), Trip(driver=Driver(name=D-5), passengers=[Passenger(name=P-13)], duration=16, distance=11.0, discount=0.3))]
item [(Trip(driver=Driver(name=D-8), passengers=[Passenger(name=P-9), Passenger(name=P-15), Passenger(name=P-16), Passenger(name=P-19)], duration=19, distance=12.0, discount=0.3), Trip(driver=Driver(name=D-0), passengers=[Passenger(name=P-15), Passenger(name=P-14), Passenger(name=P-10)], duration=0, distance=19.0, discount=null)), (Trip(driver=Driver(name=D-8), passengers=[Passenger(name=P-9), Passenger(name=P-15), Passenger(name=P-16), Passenger(name=P-19)], duration=19, distance=12.0, discount=0.3), Trip(driver=Driver(name=D-0), passengers=[Passenger(name=P-18), Passenger(name=P-8), Passenger(name=P-7), Passenger(name=P-14)], duration=15, distance=1.0, discount=null)), (Trip(driver=Driver(name=D-8), passengers=[Passenger(name=P-9), Passenger(name=P-15), Passenger(name=P-16), Passenger(name=P-19)], duration=19, distance=12.0, discount=0.3), Trip(driver=Driver(name=D-9), passengers=[Passenger(name=P-4), Passenger(name=P-19), Passenger(name=P-0)], duration=9, distance=15.0, discount=null)), (Trip(driver=Driver(name=D-8), passengers=[Passenger(name=P-9), Passenger(name=P-15), Passenger(name=P-16), Passenger(name=P-19)], duration=19, distance=12.0, discount=0.3), Trip(driver=Driver(name=D-0), passengers=[Passenger(name=P-12), Passenger(name=P-7), Passenger(name=P-2)], duration=13, distance=19.0, discount=0.3)), (Trip(driver=Driver(name=D-8), passengers=[Passenger(name=P-9), Passenger(name=P-15), Passenger(name=P-16), Passenger(name=P-19)], duration=19, distance=12.0, discount=0.3), Trip(driver=Driver(name=D-6), passengers=[Passenger(name=P-11), Passenger(name=P-8)], duration=14, distance=19.0, discount=null)), (Trip(driver=Driver(name=D-8), passengers=[Passenger(name=P-9), Passenger(name=P-15), Passenger(name=P-16), Passenger(name=P-19)], duration=19, distance=12.0, discount=0.3), Trip(driver=Driver(name=D-0), passengers=[Passenger(name=P-2)], duration=12, distance=14.0, discount=0.3)), (Trip(driver=Driver(name=D-8), passengers=[Passenger(name=P-9), Passenger(name=P-15), Passenger(name=P-16), Passenger(name=P-19)], duration=19, distance=12.0, discount=0.3), Trip(driver=Driver(name=D-8), passengers=[Passenger(name=P-1), Passenger(name=P-17), Passenger(name=P-9), Passenger(name=P-10)], duration=16, distance=3.0, discount=null)), (Trip(driver=Driver(name=D-8), passengers=[Passenger(name=P-9), Passenger(name=P-15), Passenger(name=P-16), Passenger(name=P-19)], duration=19, distance=12.0, discount=0.3), Trip(driver=Driver(name=D-0), passengers=[Passenger(name=P-17)], duration=10, distance=6.0, discount=0.4)), (Trip(driver=Driver(name=D-8), passengers=[Passenger(name=P-9), Passenger(name=P-15), Passenger(name=P-16), Passenger(name=P-19)], duration=19, distance=12.0, discount=0.3), Trip(driver=Driver(name=D-1), passengers=[Passenger(name=P-8), Passenger(name=P-1)], duration=7, distance=5.0, discount=null)), (Trip(driver=Driver(name=D-8), passengers=[Passenger(name=P-9), Passenger(name=P-15), Passenger(name=P-16), Passenger(name=P-19)], duration=19, distance=12.0, discount=0.3), Trip(driver=Driver(name=D-9), passengers=[Passenger(name=P-6)], duration=3, distance=6.0, discount=null)), (Trip(driver=Driver(name=D-8), passengers=[Passenger(name=P-9), Passenger(name=P-15), Passenger(name=P-16), Passenger(name=P-19)], duration=19, distance=12.0, discount=0.3), Trip(driver=Driver(name=D-4), passengers=[Passenger(name=P-12), Passenger(name=P-19), Passenger(name=P-7), Passenger(name=P-0)], duration=9, distance=10.0, discount=0.4)), (Trip(driver=Driver(name=D-8), passengers=[Passenger(name=P-9), Passenger(name=P-15), Passenger(name=P-16), Passenger(name=P-19)], duration=19, distance=12.0, discount=0.3), Trip(driver=Driver(name=D-7), passengers=[Passenger(name=P-16)], duration=11, distance=12.0, discount=0.1)), (Trip(driver=Driver(name=D-8), passengers=[Passenger(name=P-9), Passenger(name=P-15), Passenger(name=P-16), Passenger(name=P-19)], duration=19, distance=12.0, discount=0.3), Trip(driver=Driver(name=D-9), passengers=[Passenger(name=P-6), Passenger(name=P-14)], duration=9, distance=7.0, discount=null)), (Trip(driver=Driver(name=D-8), passengers=[Passenger(name=P-9), Passenger(name=P-15), Passenger(name=P-16), Passenger(name=P-19)], duration=19, distance=12.0, discount=0.3), Trip(driver=Driver(name=D-5), passengers=[Passenger(name=P-4)], duration=1, distance=16.0, discount=0.4)), (Trip(driver=Driver(name=D-8), passengers=[Passenger(name=P-9), Passenger(name=P-15), Passenger(name=P-16), Passenger(name=P-19)], duration=19, distance=12.0, discount=0.3), Trip(driver=Driver(name=D-2), passengers=[Passenger(name=P-15), Passenger(name=P-7), Passenger(name=P-12)], duration=9, distance=6.0, discount=null)), (Trip(driver=Driver(name=D-8), passengers=[Passenger(name=P-9), Passenger(name=P-15), Passenger(name=P-16), Passenger(name=P-19)], duration=19, distance=12.0, discount=0.3), Trip(driver=Driver(name=D-1), passengers=[Passenger(name=P-13)], duration=2, distance=7.0, discount=0.1)), (Trip(driver=Driver(name=D-8), passengers=[Passenger(name=P-9), Passenger(name=P-15), Passenger(name=P-16), Passenger(name=P-19)], duration=19, distance=12.0, discount=0.3), Trip(driver=Driver(name=D-5), passengers=[Passenger(name=P-0), Passenger(name=P-18), Passenger(name=P-3)], duration=10, distance=11.0, discount=null)), (Trip(driver=Driver(name=D-8), passengers=[Passenger(name=P-9), Passenger(name=P-15), Passenger(name=P-16), Passenger(name=P-19)], duration=19, distance=12.0, discount=0.3), Trip(driver=Driver(name=D-0), passengers=[Passenger(name=P-9)], duration=6, distance=18.0, discount=0.4)), (Trip(driver=Driver(name=D-8), passengers=[Passenger(name=P-9), Passenger(name=P-15), Passenger(name=P-16), Passenger(name=P-19)], duration=19, distance=12.0, discount=0.3), Trip(driver=Driver(name=D-1), passengers=[Passenger(name=P-9), Passenger(name=P-0), Passenger(name=P-3), Passenger(name=P-14)], duration=0, distance=15.0, discount=null)), (Trip(driver=Driver(name=D-8), passengers=[Passenger(name=P-9), Passenger(name=P-15), Passenger(name=P-16), Passenger(name=P-19)], duration=19, distance=12.0, discount=0.3), Trip(driver=Driver(name=D-1), passengers=[Passenger(name=P-10)], duration=17, distance=15.0, discount=null)), (Trip(driver=Driver(name=D-8), passengers=[Passenger(name=P-9), Passenger(name=P-15), Passenger(name=P-16), Passenger(name=P-19)], duration=19, distance=12.0, discount=0.3), Trip(driver=Driver(name=D-6), passengers=[Passenger(name=P-0), Passenger(name=P-18), Passenger(name=P-13)], duration=3, distance=5.0, discount=null)), (Trip(driver=Driver(name=D-8), passengers=[Passenger(name=P-9), Passenger(name=P-15), Passenger(name=P-16), Passenger(name=P-19)], duration=19, distance=12.0, discount=0.3), Trip(driver=Driver(name=D-7), passengers=[Passenger(name=P-19), Passenger(name=P-10)], duration=0, distance=8.0, discount=null)), (Trip(driver=Driver(name=D-8), passengers=[Passenger(name=P-9), Passenger(name=P-15), Passenger(name=P-16), Passenger(name=P-19)], duration=19, distance=12.0, discount=0.3), Trip(driver=Driver(name=D-8), passengers=[Passenger(name=P-4), Passenger(name=P-15)], duration=9, distance=17.0, discount=0.1)), (Trip(driver=Driver(name=D-8), passengers=[Passenger(name=P-9), Passenger(name=P-15), Passenger(name=P-16), Passenger(name=P-19)], duration=19, distance=12.0, discount=0.3), Trip(driver=Driver(name=D-6), passengers=[Passenger(name=P-15)], duration=13, distance=1.0, discount=null)), (Trip(driver=Driver(name=D-8), passengers=[Passenger(name=P-9), Passenger(name=P-15), Passenger(name=P-16), Passenger(name=P-19)], duration=19, distance=12.0, discount=0.3), Trip(driver=Driver(name=D-2), passengers=[Passenger(name=P-3)], duration=13, distance=15.0, discount=0.2)), (Trip(driver=Driver(name=D-8), passengers=[Passenger(name=P-9), Passenger(name=P-15), Passenger(name=P-16), Passenger(name=P-19)], duration=19, distance=12.0, discount=0.3), Trip(driver=Driver(name=D-3), passengers=[Passenger(name=P-13), Passenger(name=P-11), Passenger(name=P-15)], duration=2, distance=9.0, discount=null)), (Trip(driver=Driver(name=D-8), passengers=[Passenger(name=P-9), Passenger(name=P-15), Passenger(name=P-16), Passenger(name=P-19)], duration=19, distance=12.0, discount=0.3), Trip(driver=Driver(name=D-2), passengers=[Passenger(name=P-12)], duration=2, distance=16.0, discount=null)), (Trip(driver=Driver(name=D-8), passengers=[Passenger(name=P-9), Passenger(name=P-15), Passenger(name=P-16), Passenger(name=P-19)], duration=19, distance=12.0, discount=0.3), Trip(driver=Driver(name=D-6), passengers=[Passenger(name=P-13), Passenger(name=P-18)], duration=12, distance=14.0, discount=null)), (Trip(driver=Driver(name=D-8), passengers=[Passenger(name=P-9), Passenger(name=P-15), Passenger(name=P-16), Passenger(name=P-19)], duration=19, distance=12.0, discount=0.3), Trip(driver=Driver(name=D-8), passengers=[Passenger(name=P-19)], duration=1, distance=13.0, discount=0.4)), (Trip(driver=Driver(name=D-8), passengers=[Passenger(name=P-9), Passenger(name=P-15), Passenger(name=P-16), Passenger(name=P-19)], duration=19, distance=12.0, discount=0.3), Trip(driver=Driver(name=D-6), passengers=[Passenger(name=P-9), Passenger(name=P-13), Passenger(name=P-1), Passenger(name=P-19)], duration=5, distance=14.0, discount=0.2)), (Trip(driver=Driver(name=D-8), passengers=[Passenger(name=P-9), Passenger(name=P-15), Passenger(name=P-16), Passenger(name=P-19)], duration=19, distance=12.0, discount=0.3), Trip(driver=Driver(name=D-4), passengers=[Passenger(name=P-8)], duration=15, distance=8.0, discount=0.2)), (Trip(driver=Driver(name=D-8), passengers=[Passenger(name=P-9), Passenger(name=P-15), Passenger(name=P-16), Passenger(name=P-19)], duration=19, distance=12.0, discount=0.3), Trip(driver=Driver(name=D-6), passengers=[Passenger(name=P-16), Passenger(name=P-15)], duration=9, distance=4.0, discount=null)), (Trip(driver=Driver(name=D-8), passengers=[Passenger(name=P-9), Passenger(name=P-15), Passenger(name=P-16), Passenger(name=P-19)], duration=19, distance=12.0, discount=0.3), Trip(driver=Driver(name=D-2), passengers=[Passenger(name=P-14), Passenger(name=P-0)], duration=7, distance=2.0, discount=null)), (Trip(driver=Driver(name=D-8), passengers=[Passenger(name=P-9), Passenger(name=P-15), Passenger(name=P-16), Passenger(name=P-19)], duration=19, distance=12.0, discount=0.3), Trip(driver=Driver(name=D-5), passengers=[Passenger(name=P-18)], duration=7, distance=19.0, discount=null)), (Trip(driver=Driver(name=D-8), passengers=[Passenger(name=P-9), Passenger(name=P-15), Passenger(name=P-16), Passenger(name=P-19)], duration=19, distance=12.0, discount=0.3), Trip(driver=Driver(name=D-9), passengers=[Passenger(name=P-15)], duration=15, distance=10.0, discount=0.4)), (Trip(driver=Driver(name=D-8), passengers=[Passenger(name=P-9), Passenger(name=P-15), Passenger(name=P-16), Passenger(name=P-19)], duration=19, distance=12.0, discount=0.3), Trip(driver=Driver(name=D-7), passengers=[Passenger(name=P-7), Passenger(name=P-18)], duration=12, distance=11.0, discount=null)), (Trip(driver=Driver(name=D-8), passengers=[Passenger(name=P-9), Passenger(name=P-15), Passenger(name=P-16), Passenger(name=P-19)], duration=19, distance=12.0, discount=0.3), Trip(driver=Driver(name=D-3), passengers=[Passenger(name=P-10), Passenger(name=P-19), Passenger(name=P-17)], duration=10, distance=7.0, discount=null)), (Trip(driver=Driver(name=D-8), passengers=[Passenger(name=P-9), Passenger(name=P-15), Passenger(name=P-16), Passenger(name=P-19)], duration=19, distance=12.0, discount=0.3), Trip(driver=Driver(name=D-3), passengers=[Passenger(name=P-10)], duration=18, distance=10.0, discount=0.2)), (Trip(driver=Driver(name=D-8), passengers=[Passenger(name=P-9), Passenger(name=P-15), Passenger(name=P-16), Passenger(name=P-19)], duration=19, distance=12.0, discount=0.3), Trip(driver=Driver(name=D-8), passengers=[Passenger(name=P-9), Passenger(name=P-15), Passenger(name=P-16), Passenger(name=P-19)], duration=19, distance=12.0, discount=0.3)), (Trip(driver=Driver(name=D-8), passengers=[Passenger(name=P-9), Passenger(name=P-15), Passenger(name=P-16), Passenger(name=P-19)], duration=19, distance=12.0, discount=0.3), Trip(driver=Driver(name=D-5), passengers=[Passenger(name=P-13)], duration=16, distance=11.0, discount=0.3))]
item [(Trip(driver=Driver(name=D-5), passengers=[Passenger(name=P-13)], duration=16, distance=11.0, discount=0.3), Trip(driver=Driver(name=D-0), passengers=[Passenger(name=P-15), Passenger(name=P-14), Passenger(name=P-10)], duration=0, distance=19.0, discount=null)), (Trip(driver=Driver(name=D-5), passengers=[Passenger(name=P-13)], duration=16, distance=11.0, discount=0.3), Trip(driver=Driver(name=D-0), passengers=[Passenger(name=P-18), Passenger(name=P-8), Passenger(name=P-7), Passenger(name=P-14)], duration=15, distance=1.0, discount=null)), (Trip(driver=Driver(name=D-5), passengers=[Passenger(name=P-13)], duration=16, distance=11.0, discount=0.3), Trip(driver=Driver(name=D-9), passengers=[Passenger(name=P-4), Passenger(name=P-19), Passenger(name=P-0)], duration=9, distance=15.0, discount=null)), (Trip(driver=Driver(name=D-5), passengers=[Passenger(name=P-13)], duration=16, distance=11.0, discount=0.3), Trip(driver=Driver(name=D-0), passengers=[Passenger(name=P-12), Passenger(name=P-7), Passenger(name=P-2)], duration=13, distance=19.0, discount=0.3)), (Trip(driver=Driver(name=D-5), passengers=[Passenger(name=P-13)], duration=16, distance=11.0, discount=0.3), Trip(driver=Driver(name=D-6), passengers=[Passenger(name=P-11), Passenger(name=P-8)], duration=14, distance=19.0, discount=null)), (Trip(driver=Driver(name=D-5), passengers=[Passenger(name=P-13)], duration=16, distance=11.0, discount=0.3), Trip(driver=Driver(name=D-0), passengers=[Passenger(name=P-2)], duration=12, distance=14.0, discount=0.3)), (Trip(driver=Driver(name=D-5), passengers=[Passenger(name=P-13)], duration=16, distance=11.0, discount=0.3), Trip(driver=Driver(name=D-8), passengers=[Passenger(name=P-1), Passenger(name=P-17), Passenger(name=P-9), Passenger(name=P-10)], duration=16, distance=3.0, discount=null)), (Trip(driver=Driver(name=D-5), passengers=[Passenger(name=P-13)], duration=16, distance=11.0, discount=0.3), Trip(driver=Driver(name=D-0), passengers=[Passenger(name=P-17)], duration=10, distance=6.0, discount=0.4)), (Trip(driver=Driver(name=D-5), passengers=[Passenger(name=P-13)], duration=16, distance=11.0, discount=0.3), Trip(driver=Driver(name=D-1), passengers=[Passenger(name=P-8), Passenger(name=P-1)], duration=7, distance=5.0, discount=null)), (Trip(driver=Driver(name=D-5), passengers=[Passenger(name=P-13)], duration=16, distance=11.0, discount=0.3), Trip(driver=Driver(name=D-9), passengers=[Passenger(name=P-6)], duration=3, distance=6.0, discount=null)), (Trip(driver=Driver(name=D-5), passengers=[Passenger(name=P-13)], duration=16, distance=11.0, discount=0.3), Trip(driver=Driver(name=D-4), passengers=[Passenger(name=P-12), Passenger(name=P-19), Passenger(name=P-7), Passenger(name=P-0)], duration=9, distance=10.0, discount=0.4)), (Trip(driver=Driver(name=D-5), passengers=[Passenger(name=P-13)], duration=16, distance=11.0, discount=0.3), Trip(driver=Driver(name=D-7), passengers=[Passenger(name=P-16)], duration=11, distance=12.0, discount=0.1)), (Trip(driver=Driver(name=D-5), passengers=[Passenger(name=P-13)], duration=16, distance=11.0, discount=0.3), Trip(driver=Driver(name=D-9), passengers=[Passenger(name=P-6), Passenger(name=P-14)], duration=9, distance=7.0, discount=null)), (Trip(driver=Driver(name=D-5), passengers=[Passenger(name=P-13)], duration=16, distance=11.0, discount=0.3), Trip(driver=Driver(name=D-5), passengers=[Passenger(name=P-4)], duration=1, distance=16.0, discount=0.4)), (Trip(driver=Driver(name=D-5), passengers=[Passenger(name=P-13)], duration=16, distance=11.0, discount=0.3), Trip(driver=Driver(name=D-2), passengers=[Passenger(name=P-15), Passenger(name=P-7), Passenger(name=P-12)], duration=9, distance=6.0, discount=null)), (Trip(driver=Driver(name=D-5), passengers=[Passenger(name=P-13)], duration=16, distance=11.0, discount=0.3), Trip(driver=Driver(name=D-1), passengers=[Passenger(name=P-13)], duration=2, distance=7.0, discount=0.1)), (Trip(driver=Driver(name=D-5), passengers=[Passenger(name=P-13)], duration=16, distance=11.0, discount=0.3), Trip(driver=Driver(name=D-5), passengers=[Passenger(name=P-0), Passenger(name=P-18), Passenger(name=P-3)], duration=10, distance=11.0, discount=null)), (Trip(driver=Driver(name=D-5), passengers=[Passenger(name=P-13)], duration=16, distance=11.0, discount=0.3), Trip(driver=Driver(name=D-0), passengers=[Passenger(name=P-9)], duration=6, distance=18.0, discount=0.4)), (Trip(driver=Driver(name=D-5), passengers=[Passenger(name=P-13)], duration=16, distance=11.0, discount=0.3), Trip(driver=Driver(name=D-1), passengers=[Passenger(name=P-9), Passenger(name=P-0), Passenger(name=P-3), Passenger(name=P-14)], duration=0, distance=15.0, discount=null)), (Trip(driver=Driver(name=D-5), passengers=[Passenger(name=P-13)], duration=16, distance=11.0, discount=0.3), Trip(driver=Driver(name=D-1), passengers=[Passenger(name=P-10)], duration=17, distance=15.0, discount=null)), (Trip(driver=Driver(name=D-5), passengers=[Passenger(name=P-13)], duration=16, distance=11.0, discount=0.3), Trip(driver=Driver(name=D-6), passengers=[Passenger(name=P-0), Passenger(name=P-18), Passenger(name=P-13)], duration=3, distance=5.0, discount=null)), (Trip(driver=Driver(name=D-5), passengers=[Passenger(name=P-13)], duration=16, distance=11.0, discount=0.3), Trip(driver=Driver(name=D-7), passengers=[Passenger(name=P-19), Passenger(name=P-10)], duration=0, distance=8.0, discount=null)), (Trip(driver=Driver(name=D-5), passengers=[Passenger(name=P-13)], duration=16, distance=11.0, discount=0.3), Trip(driver=Driver(name=D-8), passengers=[Passenger(name=P-4), Passenger(name=P-15)], duration=9, distance=17.0, discount=0.1)), (Trip(driver=Driver(name=D-5), passengers=[Passenger(name=P-13)], duration=16, distance=11.0, discount=0.3), Trip(driver=Driver(name=D-6), passengers=[Passenger(name=P-15)], duration=13, distance=1.0, discount=null)), (Trip(driver=Driver(name=D-5), passengers=[Passenger(name=P-13)], duration=16, distance=11.0, discount=0.3), Trip(driver=Driver(name=D-2), passengers=[Passenger(name=P-3)], duration=13, distance=15.0, discount=0.2)), (Trip(driver=Driver(name=D-5), passengers=[Passenger(name=P-13)], duration=16, distance=11.0, discount=0.3), Trip(driver=Driver(name=D-3), passengers=[Passenger(name=P-13), Passenger(name=P-11), Passenger(name=P-15)], duration=2, distance=9.0, discount=null)), (Trip(driver=Driver(name=D-5), passengers=[Passenger(name=P-13)], duration=16, distance=11.0, discount=0.3), Trip(driver=Driver(name=D-2), passengers=[Passenger(name=P-12)], duration=2, distance=16.0, discount=null)), (Trip(driver=Driver(name=D-5), passengers=[Passenger(name=P-13)], duration=16, distance=11.0, discount=0.3), Trip(driver=Driver(name=D-6), passengers=[Passenger(name=P-13), Passenger(name=P-18)], duration=12, distance=14.0, discount=null)), (Trip(driver=Driver(name=D-5), passengers=[Passenger(name=P-13)], duration=16, distance=11.0, discount=0.3), Trip(driver=Driver(name=D-8), passengers=[Passenger(name=P-19)], duration=1, distance=13.0, discount=0.4)), (Trip(driver=Driver(name=D-5), passengers=[Passenger(name=P-13)], duration=16, distance=11.0, discount=0.3), Trip(driver=Driver(name=D-6), passengers=[Passenger(name=P-9), Passenger(name=P-13), Passenger(name=P-1), Passenger(name=P-19)], duration=5, distance=14.0, discount=0.2)), (Trip(driver=Driver(name=D-5), passengers=[Passenger(name=P-13)], duration=16, distance=11.0, discount=0.3), Trip(driver=Driver(name=D-4), passengers=[Passenger(name=P-8)], duration=15, distance=8.0, discount=0.2)), (Trip(driver=Driver(name=D-5), passengers=[Passenger(name=P-13)], duration=16, distance=11.0, discount=0.3), Trip(driver=Driver(name=D-6), passengers=[Passenger(name=P-16), Passenger(name=P-15)], duration=9, distance=4.0, discount=null)), (Trip(driver=Driver(name=D-5), passengers=[Passenger(name=P-13)], duration=16, distance=11.0, discount=0.3), Trip(driver=Driver(name=D-2), passengers=[Passenger(name=P-14), Passenger(name=P-0)], duration=7, distance=2.0, discount=null)), (Trip(driver=Driver(name=D-5), passengers=[Passenger(name=P-13)], duration=16, distance=11.0, discount=0.3), Trip(driver=Driver(name=D-5), passengers=[Passenger(name=P-18)], duration=7, distance=19.0, discount=null)), (Trip(driver=Driver(name=D-5), passengers=[Passenger(name=P-13)], duration=16, distance=11.0, discount=0.3), Trip(driver=Driver(name=D-9), passengers=[Passenger(name=P-15)], duration=15, distance=10.0, discount=0.4)), (Trip(driver=Driver(name=D-5), passengers=[Passenger(name=P-13)], duration=16, distance=11.0, discount=0.3), Trip(driver=Driver(name=D-7), passengers=[Passenger(name=P-7), Passenger(name=P-18)], duration=12, distance=11.0, discount=null)), (Trip(driver=Driver(name=D-5), passengers=[Passenger(name=P-13)], duration=16, distance=11.0, discount=0.3), Trip(driver=Driver(name=D-3), passengers=[Passenger(name=P-10), Passenger(name=P-19), Passenger(name=P-17)], duration=10, distance=7.0, discount=null)), (Trip(driver=Driver(name=D-5), passengers=[Passenger(name=P-13)], duration=16, distance=11.0, discount=0.3), Trip(driver=Driver(name=D-3), passengers=[Passenger(name=P-10)], duration=18, distance=10.0, discount=0.2)), (Trip(driver=Driver(name=D-5), passengers=[Passenger(name=P-13)], duration=16, distance=11.0, discount=0.3), Trip(driver=Driver(name=D-8), passengers=[Passenger(name=P-9), Passenger(name=P-15), Passenger(name=P-16), Passenger(name=P-19)], duration=19, distance=12.0, discount=0.3)), (Trip(driver=Driver(name=D-5), passengers=[Passenger(name=P-13)], duration=16, distance=11.0, discount=0.3), Trip(driver=Driver(name=D-5), passengers=[Passenger(name=P-13)], duration=16, distance=11.0, discount=0.3))]
item [(Trip(driver=Driver(name=D-6), passengers=[Passenger(name=P-16)], duration=8, distance=17.0, discount=null), Trip(driver=Driver(name=D-6), passengers=[Passenger(name=P-16)], duration=8, distance=17.0, discount=null)), (Trip(driver=Driver(name=D-6), passengers=[Passenger(name=P-16)], duration=8, distance=17.0, discount=null), Trip(driver=Driver(name=D-4), passengers=[Passenger(name=P-11)], duration=10, distance=12.0, discount=null)), (Trip(driver=Driver(name=D-6), passengers=[Passenger(name=P-16)], duration=8, distance=17.0, discount=null), Trip(driver=Driver(name=D-8), passengers=[Passenger(name=P-8), Passenger(name=P-13)], duration=14, distance=4.0, discount=0.1)), (Trip(driver=Driver(name=D-6), passengers=[Passenger(name=P-16)], duration=8, distance=17.0, discount=null), Trip(driver=Driver(name=D-6), passengers=[Passenger(name=P-19)], duration=14, distance=9.0, discount=null)), (Trip(driver=Driver(name=D-6), passengers=[Passenger(name=P-16)], duration=8, distance=17.0, discount=null), Trip(driver=Driver(name=D-4), passengers=[Passenger(name=P-18), Passenger(name=P-10)], duration=6, distance=17.0, discount=0.1)), (Trip(driver=Driver(name=D-6), passengers=[Passenger(name=P-16)], duration=8, distance=17.0, discount=null), Trip(driver=Driver(name=D-0), passengers=[Passenger(name=P-0)], duration=19, distance=17.0, discount=0.1)), (Trip(driver=Driver(name=D-6), passengers=[Passenger(name=P-16)], duration=8, distance=17.0, discount=null), Trip(driver=Driver(name=D-7), passengers=[Passenger(name=P-2), Passenger(name=P-15)], duration=12, distance=9.0, discount=null)), (Trip(driver=Driver(name=D-6), passengers=[Passenger(name=P-16)], duration=8, distance=17.0, discount=null), Trip(driver=Driver(name=D-9), passengers=[Passenger(name=P-11), Passenger(name=P-10), Passenger(name=P-7), Passenger(name=P-15)], duration=11, distance=5.0, discount=null)), (Trip(driver=Driver(name=D-6), passengers=[Passenger(name=P-16)], duration=8, distance=17.0, discount=null), Trip(driver=Driver(name=D-3), passengers=[Passenger(name=P-1), Passenger(name=P-18)], duration=5, distance=14.0, discount=0.3)), (Trip(driver=Driver(name=D-6), passengers=[Passenger(name=P-16)], duration=8, distance=17.0, discount=null), Trip(driver=Driver(name=D-2), passengers=[Passenger(name=P-19), Passenger(name=P-8)], duration=7, distance=8.0, discount=0.2)), (Trip(driver=Driver(name=D-6), passengers=[Passenger(name=P-16)], duration=8, distance=17.0, discount=null), Trip(driver=Driver(name=D-1), passengers=[Passenger(name=P-11)], duration=11, distance=18.0, discount=null)), (Trip(driver=Driver(name=D-6), passengers=[Passenger(name=P-16)], duration=8, distance=17.0, discount=null), Trip(driver=Driver(name=D-5), passengers=[Passenger(name=P-0), Passenger(name=P-18), Passenger(name=P-11), Passenger(name=P-14)], duration=6, distance=17.0, discount=0.3)), (Trip(driver=Driver(name=D-6), passengers=[Passenger(name=P-16)], duration=8, distance=17.0, discount=null), Trip(driver=Driver(name=D-6), passengers=[Passenger(name=P-11), Passenger(name=P-6)], duration=1, distance=4.0, discount=null)), (Trip(driver=Driver(name=D-6), passengers=[Passenger(name=P-16)], duration=8, distance=17.0, discount=null), Trip(driver=Driver(name=D-5), passengers=[Passenger(name=P-11)], duration=10, distance=19.0, discount=null)), (Trip(driver=Driver(name=D-6), passengers=[Passenger(name=P-16)], duration=8, distance=17.0, discount=null), Trip(driver=Driver(name=D-8), passengers=[Passenger(name=P-0), Passenger(name=P-4)], duration=2, distance=12.0, discount=0.4)), (Trip(driver=Driver(name=D-6), passengers=[Passenger(name=P-16)], duration=8, distance=17.0, discount=null), Trip(driver=Driver(name=D-6), passengers=[Passenger(name=P-16), Passenger(name=P-14)], duration=16, distance=0.0, discount=null)), (Trip(driver=Driver(name=D-6), passengers=[Passenger(name=P-16)], duration=8, distance=17.0, discount=null), Trip(driver=Driver(name=D-3), passengers=[Passenger(name=P-12)], duration=2, distance=15.0, discount=0.2)), (Trip(driver=Driver(name=D-6), passengers=[Passenger(name=P-16)], duration=8, distance=17.0, discount=null), Trip(driver=Driver(name=D-5), passengers=[Passenger(name=P-15), Passenger(name=P-6)], duration=5, distance=6.0, discount=null)), (Trip(driver=Driver(name=D-6), passengers=[Passenger(name=P-16)], duration=8, distance=17.0, discount=null), Trip(driver=Driver(name=D-8), passengers=[Passenger(name=P-4), Passenger(name=P-19)], duration=12, distance=0.0, discount=null)), (Trip(driver=Driver(name=D-6), passengers=[Passenger(name=P-16)], duration=8, distance=17.0, discount=null), Trip(driver=Driver(name=D-4), passengers=[Passenger(name=P-8), Passenger(name=P-14)], duration=4, distance=19.0, discount=null)), (Trip(driver=Driver(name=D-6), passengers=[Passenger(name=P-16)], duration=8, distance=17.0, discount=null), Trip(driver=Driver(name=D-3), passengers=[Passenger(name=P-0)], duration=14, distance=19.0, discount=0.3)), (Trip(driver=Driver(name=D-6), passengers=[Passenger(name=P-16)], duration=8, distance=17.0, discount=null), Trip(driver=Driver(name=D-3), passengers=[Passenger(name=P-9)], duration=16, distance=5.0, discount=null)), (Trip(driver=Driver(name=D-6), passengers=[Passenger(name=P-16)], duration=8, distance=17.0, discount=null), Trip(driver=Driver(name=D-2), passengers=[Passenger(name=P-7), Passenger(name=P-6), Passenger(name=P-12)], duration=4, distance=19.0, discount=null)), (Trip(driver=Driver(name=D-6), passengers=[Passenger(name=P-16)], duration=8, distance=17.0, discount=null), Trip(driver=Driver(name=D-9), passengers=[Passenger(name=P-0), Passenger(name=P-1)], duration=10, distance=1.0, discount=null)), (Trip(driver=Driver(name=D-6), passengers=[Passenger(name=P-16)], duration=8, distance=17.0, discount=null), Trip(driver=Driver(name=D-8), passengers=[Passenger(name=P-16)], duration=10, distance=4.0, discount=null)), (Trip(driver=Driver(name=D-6), passengers=[Passenger(name=P-16)], duration=8, distance=17.0, discount=null), Trip(driver=Driver(name=D-7), passengers=[Passenger(name=P-16), Passenger(name=P-3)], duration=12, distance=10.0, discount=0.4)), (Trip(driver=Driver(name=D-6), passengers=[Passenger(name=P-16)], duration=8, distance=17.0, discount=null), Trip(driver=Driver(name=D-9), passengers=[Passenger(name=P-18), Passenger(name=P-0)], duration=15, distance=14.0, discount=0.2)), (Trip(driver=Driver(name=D-6), passengers=[Passenger(name=P-16)], duration=8, distance=17.0, discount=null), Trip(driver=Driver(name=D-9), passengers=[Passenger(name=P-10)], duration=2, distance=2.0, discount=0.2)), (Trip(driver=Driver(name=D-6), passengers=[Passenger(name=P-16)], duration=8, distance=17.0, discount=null), Trip(driver=Driver(name=D-4), passengers=[Passenger(name=P-11), Passenger(name=P-14), Passenger(name=P-18)], duration=4, distance=3.0, discount=null)), (Trip(driver=Driver(name=D-6), passengers=[Passenger(name=P-16)], duration=8, distance=17.0, discount=null), Trip(driver=Driver(name=D-7), passengers=[Passenger(name=P-5)], duration=0, distance=4.0, discount=null)), (Trip(driver=Driver(name=D-6), passengers=[Passenger(name=P-16)], duration=8, distance=17.0, discount=null), Trip(driver=Driver(name=D-9), passengers=[Passenger(name=P-13), Passenger(name=P-17)], duration=0, distance=8.0, discount=0.3)), (Trip(driver=Driver(name=D-6), passengers=[Passenger(name=P-16)], duration=8, distance=17.0, discount=null), Trip(driver=Driver(name=D-3), passengers=[Passenger(name=P-8), Passenger(name=P-5)], duration=16, distance=3.0, discount=null)), (Trip(driver=Driver(name=D-6), passengers=[Passenger(name=P-16)], duration=8, distance=17.0, discount=null), Trip(driver=Driver(name=D-9), passengers=[Passenger(name=P-19), Passenger(name=P-7)], duration=1, distance=3.0, discount=null)), (Trip(driver=Driver(name=D-6), passengers=[Passenger(name=P-16)], duration=8, distance=17.0, discount=null), Trip(driver=Driver(name=D-6), passengers=[Passenger(name=P-4), Passenger(name=P-17)], duration=10, distance=18.0, discount=null)), (Trip(driver=Driver(name=D-6), passengers=[Passenger(name=P-16)], duration=8, distance=17.0, discount=null), Trip(driver=Driver(name=D-2), passengers=[Passenger(name=P-7), Passenger(name=P-12)], duration=9, distance=6.0, discount=0.2)), (Trip(driver=Driver(name=D-6), passengers=[Passenger(name=P-16)], duration=8, distance=17.0, discount=null), Trip(driver=Driver(name=D-6), passengers=[Passenger(name=P-4), Passenger(name=P-11)], duration=8, distance=5.0, discount=null)), (Trip(driver=Driver(name=D-6), passengers=[Passenger(name=P-16)], duration=8, distance=17.0, discount=null), Trip(driver=Driver(name=D-5), passengers=[Passenger(name=P-0)], duration=3, distance=15.0, discount=0.4)), (Trip(driver=Driver(name=D-6), passengers=[Passenger(name=P-16)], duration=8, distance=17.0, discount=null), Trip(driver=Driver(name=D-3), passengers=[Passenger(name=P-1)], duration=1, distance=13.0, discount=null)), (Trip(driver=Driver(name=D-6), passengers=[Passenger(name=P-16)], duration=8, distance=17.0, discount=null), Trip(driver=Driver(name=D-5), passengers=[Passenger(name=P-11)], duration=17, distance=16.0, discount=null)), (Trip(driver=Driver(name=D-6), passengers=[Passenger(name=P-16)], duration=8, distance=17.0, discount=null), Trip(driver=Driver(name=D-3), passengers=[Passenger(name=P-2), Passenger(name=P-19), Passenger(name=P-8), Passenger(name=P-1)], duration=10, distance=15.0, discount=null))]
item [(Trip(driver=Driver(name=D-4), passengers=[Passenger(name=P-11)], duration=10, distance=12.0, discount=null), Trip(driver=Driver(name=D-6), passengers=[Passenger(name=P-16)], duration=8, distance=17.0, discount=null)), (Trip(driver=Driver(name=D-4), passengers=[Passenger(name=P-11)], duration=10, distance=12.0, discount=null), Trip(driver=Driver(name=D-4), passengers=[Passenger(name=P-11)], duration=10, distance=12.0, discount=null)), (Trip(driver=Driver(name=D-4), passengers=[Passenger(name=P-11)], duration=10, distance=12.0, discount=null), Trip(driver=Driver(name=D-8), passengers=[Passenger(name=P-8), Passenger(name=P-13)], duration=14, distance=4.0, discount=0.1)), (Trip(driver=Driver(name=D-4), passengers=[Passenger(name=P-11)], duration=10, distance=12.0, discount=null), Trip(driver=Driver(name=D-6), passengers=[Passenger(name=P-19)], duration=14, distance=9.0, discount=null)), (Trip(driver=Driver(name=D-4), passengers=[Passenger(name=P-11)], duration=10, distance=12.0, discount=null), Trip(driver=Driver(name=D-4), passengers=[Passenger(name=P-18), Passenger(name=P-10)], duration=6, distance=17.0, discount=0.1)), (Trip(driver=Driver(name=D-4), passengers=[Passenger(name=P-11)], duration=10, distance=12.0, discount=null), Trip(driver=Driver(name=D-0), passengers=[Passenger(name=P-0)], duration=19, distance=17.0, discount=0.1)), (Trip(driver=Driver(name=D-4), passengers=[Passenger(name=P-11)], duration=10, distance=12.0, discount=null), Trip(driver=Driver(name=D-7), passengers=[Passenger(name=P-2), Passenger(name=P-15)], duration=12, distance=9.0, discount=null)), (Trip(driver=Driver(name=D-4), passengers=[Passenger(name=P-11)], duration=10, distance=12.0, discount=null), Trip(driver=Driver(name=D-9), passengers=[Passenger(name=P-11), Passenger(name=P-10), Passenger(name=P-7), Passenger(name=P-15)], duration=11, distance=5.0, discount=null)), (Trip(driver=Driver(name=D-4), passengers=[Passenger(name=P-11)], duration=10, distance=12.0, discount=null), Trip(driver=Driver(name=D-3), passengers=[Passenger(name=P-1), Passenger(name=P-18)], duration=5, distance=14.0, discount=0.3)), (Trip(driver=Driver(name=D-4), passengers=[Passenger(name=P-11)], duration=10, distance=12.0, discount=null), Trip(driver=Driver(name=D-2), passengers=[Passenger(name=P-19), Passenger(name=P-8)], duration=7, distance=8.0, discount=0.2)), (Trip(driver=Driver(name=D-4), passengers=[Passenger(name=P-11)], duration=10, distance=12.0, discount=null), Trip(driver=Driver(name=D-1), passengers=[Passenger(name=P-11)], duration=11, distance=18.0, discount=null)), (Trip(driver=Driver(name=D-4), passengers=[Passenger(name=P-11)], duration=10, distance=12.0, discount=null), Trip(driver=Driver(name=D-5), passengers=[Passenger(name=P-0), Passenger(name=P-18), Passenger(name=P-11), Passenger(name=P-14)], duration=6, distance=17.0, discount=0.3)), (Trip(driver=Driver(name=D-4), passengers=[Passenger(name=P-11)], duration=10, distance=12.0, discount=null), Trip(driver=Driver(name=D-6), passengers=[Passenger(name=P-11), Passenger(name=P-6)], duration=1, distance=4.0, discount=null)), (Trip(driver=Driver(name=D-4), passengers=[Passenger(name=P-11)], duration=10, distance=12.0, discount=null), Trip(driver=Driver(name=D-5), passengers=[Passenger(name=P-11)], duration=10, distance=19.0, discount=null)), (Trip(driver=Driver(name=D-4), passengers=[Passenger(name=P-11)], duration=10, distance=12.0, discount=null), Trip(driver=Driver(name=D-8), passengers=[Passenger(name=P-0), Passenger(name=P-4)], duration=2, distance=12.0, discount=0.4)), (Trip(driver=Driver(name=D-4), passengers=[Passenger(name=P-11)], duration=10, distance=12.0, discount=null), Trip(driver=Driver(name=D-6), passengers=[Passenger(name=P-16), Passenger(name=P-14)], duration=16, distance=0.0, discount=null)), (Trip(driver=Driver(name=D-4), passengers=[Passenger(name=P-11)], duration=10, distance=12.0, discount=null), Trip(driver=Driver(name=D-3), passengers=[Passenger(name=P-12)], duration=2, distance=15.0, discount=0.2)), (Trip(driver=Driver(name=D-4), passengers=[Passenger(name=P-11)], duration=10, distance=12.0, discount=null), Trip(driver=Driver(name=D-5), passengers=[Passenger(name=P-15), Passenger(name=P-6)], duration=5, distance=6.0, discount=null)), (Trip(driver=Driver(name=D-4), passengers=[Passenger(name=P-11)], duration=10, distance=12.0, discount=null), Trip(driver=Driver(name=D-8), passengers=[Passenger(name=P-4), Passenger(name=P-19)], duration=12, distance=0.0, discount=null)), (Trip(driver=Driver(name=D-4), passengers=[Passenger(name=P-11)], duration=10, distance=12.0, discount=null), Trip(driver=Driver(name=D-4), passengers=[Passenger(name=P-8), Passenger(name=P-14)], duration=4, distance=19.0, discount=null)), (Trip(driver=Driver(name=D-4), passengers=[Passenger(name=P-11)], duration=10, distance=12.0, discount=null), Trip(driver=Driver(name=D-3), passengers=[Passenger(name=P-0)], duration=14, distance=19.0, discount=0.3)), (Trip(driver=Driver(name=D-4), passengers=[Passenger(name=P-11)], duration=10, distance=12.0, discount=null), Trip(driver=Driver(name=D-3), passengers=[Passenger(name=P-9)], duration=16, distance=5.0, discount=null)), (Trip(driver=Driver(name=D-4), passengers=[Passenger(name=P-11)], duration=10, distance=12.0, discount=null), Trip(driver=Driver(name=D-2), passengers=[Passenger(name=P-7), Passenger(name=P-6), Passenger(name=P-12)], duration=4, distance=19.0, discount=null)), (Trip(driver=Driver(name=D-4), passengers=[Passenger(name=P-11)], duration=10, distance=12.0, discount=null), Trip(driver=Driver(name=D-9), passengers=[Passenger(name=P-0), Passenger(name=P-1)], duration=10, distance=1.0, discount=null)), (Trip(driver=Driver(name=D-4), passengers=[Passenger(name=P-11)], duration=10, distance=12.0, discount=null), Trip(driver=Driver(name=D-8), passengers=[Passenger(name=P-16)], duration=10, distance=4.0, discount=null)), (Trip(driver=Driver(name=D-4), passengers=[Passenger(name=P-11)], duration=10, distance=12.0, discount=null), Trip(driver=Driver(name=D-7), passengers=[Passenger(name=P-16), Passenger(name=P-3)], duration=12, distance=10.0, discount=0.4)), (Trip(driver=Driver(name=D-4), passengers=[Passenger(name=P-11)], duration=10, distance=12.0, discount=null), Trip(driver=Driver(name=D-9), passengers=[Passenger(name=P-18), Passenger(name=P-0)], duration=15, distance=14.0, discount=0.2)), (Trip(driver=Driver(name=D-4), passengers=[Passenger(name=P-11)], duration=10, distance=12.0, discount=null), Trip(driver=Driver(name=D-9), passengers=[Passenger(name=P-10)], duration=2, distance=2.0, discount=0.2)), (Trip(driver=Driver(name=D-4), passengers=[Passenger(name=P-11)], duration=10, distance=12.0, discount=null), Trip(driver=Driver(name=D-4), passengers=[Passenger(name=P-11), Passenger(name=P-14), Passenger(name=P-18)], duration=4, distance=3.0, discount=null)), (Trip(driver=Driver(name=D-4), passengers=[Passenger(name=P-11)], duration=10, distance=12.0, discount=null), Trip(driver=Driver(name=D-7), passengers=[Passenger(name=P-5)], duration=0, distance=4.0, discount=null)), (Trip(driver=Driver(name=D-4), passengers=[Passenger(name=P-11)], duration=10, distance=12.0, discount=null), Trip(driver=Driver(name=D-9), passengers=[Passenger(name=P-13), Passenger(name=P-17)], duration=0, distance=8.0, discount=0.3)), (Trip(driver=Driver(name=D-4), passengers=[Passenger(name=P-11)], duration=10, distance=12.0, discount=null), Trip(driver=Driver(name=D-3), passengers=[Passenger(name=P-8), Passenger(name=P-5)], duration=16, distance=3.0, discount=null)), (Trip(driver=Driver(name=D-4), passengers=[Passenger(name=P-11)], duration=10, distance=12.0, discount=null), Trip(driver=Driver(name=D-9), passengers=[Passenger(name=P-19), Passenger(name=P-7)], duration=1, distance=3.0, discount=null)), (Trip(driver=Driver(name=D-4), passengers=[Passenger(name=P-11)], duration=10, distance=12.0, discount=null), Trip(driver=Driver(name=D-6), passengers=[Passenger(name=P-4), Passenger(name=P-17)], duration=10, distance=18.0, discount=null)), (Trip(driver=Driver(name=D-4), passengers=[Passenger(name=P-11)], duration=10, distance=12.0, discount=null), Trip(driver=Driver(name=D-2), passengers=[Passenger(name=P-7), Passenger(name=P-12)], duration=9, distance=6.0, discount=0.2)), (Trip(driver=Driver(name=D-4), passengers=[Passenger(name=P-11)], duration=10, distance=12.0, discount=null), Trip(driver=Driver(name=D-6), passengers=[Passenger(name=P-4), Passenger(name=P-11)], duration=8, distance=5.0, discount=null)), (Trip(driver=Driver(name=D-4), passengers=[Passenger(name=P-11)], duration=10, distance=12.0, discount=null), Trip(driver=Driver(name=D-5), passengers=[Passenger(name=P-0)], duration=3, distance=15.0, discount=0.4)), (Trip(driver=Driver(name=D-4), passengers=[Passenger(name=P-11)], duration=10, distance=12.0, discount=null), Trip(driver=Driver(name=D-3), passengers=[Passenger(name=P-1)], duration=1, distance=13.0, discount=null)), (Trip(driver=Driver(name=D-4), passengers=[Passenger(name=P-11)], duration=10, distance=12.0, discount=null), Trip(driver=Driver(name=D-5), passengers=[Passenger(name=P-11)], duration=17, distance=16.0, discount=null)), (Trip(driver=Driver(name=D-4), passengers=[Passenger(name=P-11)], duration=10, distance=12.0, discount=null), Trip(driver=Driver(name=D-3), passengers=[Passenger(name=P-2), Passenger(name=P-19), Passenger(name=P-8), Passenger(name=P-1)], duration=10, distance=15.0, discount=null))]
item [(Trip(driver=Driver(name=D-8), passengers=[Passenger(name=P-8), Passenger(name=P-13)], duration=14, distance=4.0, discount=0.1), Trip(driver=Driver(name=D-6), passengers=[Passenger(name=P-16)], duration=8, distance=17.0, discount=null)), (Trip(driver=Driver(name=D-8), passengers=[Passenger(name=P-8), Passenger(name=P-13)], duration=14, distance=4.0, discount=0.1), Trip(driver=Driver(name=D-4), passengers=[Passenger(name=P-11)], duration=10, distance=12.0, discount=null)), (Trip(driver=Driver(name=D-8), passengers=[Passenger(name=P-8), Passenger(name=P-13)], duration=14, distance=4.0, discount=0.1), Trip(driver=Driver(name=D-8), passengers=[Passenger(name=P-8), Passenger(name=P-13)], duration=14, distance=4.0, discount=0.1)), (Trip(driver=Driver(name=D-8), passengers=[Passenger(name=P-8), Passenger(name=P-13)], duration=14, distance=4.0, discount=0.1), Trip(driver=Driver(name=D-6), passengers=[Passenger(name=P-19)], duration=14, distance=9.0, discount=null)), (Trip(driver=Driver(name=D-8), passengers=[Passenger(name=P-8), Passenger(name=P-13)], duration=14, distance=4.0, discount=0.1), Trip(driver=Driver(name=D-4), passengers=[Passenger(name=P-18), Passenger(name=P-10)], duration=6, distance=17.0, discount=0.1)), (Trip(driver=Driver(name=D-8), passengers=[Passenger(name=P-8), Passenger(name=P-13)], duration=14, distance=4.0, discount=0.1), Trip(driver=Driver(name=D-0), passengers=[Passenger(name=P-0)], duration=19, distance=17.0, discount=0.1)), (Trip(driver=Driver(name=D-8), passengers=[Passenger(name=P-8), Passenger(name=P-13)], duration=14, distance=4.0, discount=0.1), Trip(driver=Driver(name=D-7), passengers=[Passenger(name=P-2), Passenger(name=P-15)], duration=12, distance=9.0, discount=null)), (Trip(driver=Driver(name=D-8), passengers=[Passenger(name=P-8), Passenger(name=P-13)], duration=14, distance=4.0, discount=0.1), Trip(driver=Driver(name=D-9), passengers=[Passenger(name=P-11), Passenger(name=P-10), Passenger(name=P-7), Passenger(name=P-15)], duration=11, distance=5.0, discount=null)), (Trip(driver=Driver(name=D-8), passengers=[Passenger(name=P-8), Passenger(name=P-13)], duration=14, distance=4.0, discount=0.1), Trip(driver=Driver(name=D-3), passengers=[Passenger(name=P-1), Passenger(name=P-18)], duration=5, distance=14.0, discount=0.3)), (Trip(driver=Driver(name=D-8), passengers=[Passenger(name=P-8), Passenger(name=P-13)], duration=14, distance=4.0, discount=0.1), Trip(driver=Driver(name=D-2), passengers=[Passenger(name=P-19), Passenger(name=P-8)], duration=7, distance=8.0, discount=0.2)), (Trip(driver=Driver(name=D-8), passengers=[Passenger(name=P-8), Passenger(name=P-13)], duration=14, distance=4.0, discount=0.1), Trip(driver=Driver(name=D-1), passengers=[Passenger(name=P-11)], duration=11, distance=18.0, discount=null)), (Trip(driver=Driver(name=D-8), passengers=[Passenger(name=P-8), Passenger(name=P-13)], duration=14, distance=4.0, discount=0.1), Trip(driver=Driver(name=D-5), passengers=[Passenger(name=P-0), Passenger(name=P-18), Passenger(name=P-11), Passenger(name=P-14)], duration=6, distance=17.0, discount=0.3)), (Trip(driver=Driver(name=D-8), passengers=[Passenger(name=P-8), Passenger(name=P-13)], duration=14, distance=4.0, discount=0.1), Trip(driver=Driver(name=D-6), passengers=[Passenger(name=P-11), Passenger(name=P-6)], duration=1, distance=4.0, discount=null)), (Trip(driver=Driver(name=D-8), passengers=[Passenger(name=P-8), Passenger(name=P-13)], duration=14, distance=4.0, discount=0.1), Trip(driver=Driver(name=D-5), passengers=[Passenger(name=P-11)], duration=10, distance=19.0, discount=null)), (Trip(driver=Driver(name=D-8), passengers=[Passenger(name=P-8), Passenger(name=P-13)], duration=14, distance=4.0, discount=0.1), Trip(driver=Driver(name=D-8), passengers=[Passenger(name=P-0), Passenger(name=P-4)], duration=2, distance=12.0, discount=0.4)), (Trip(driver=Driver(name=D-8), passengers=[Passenger(name=P-8), Passenger(name=P-13)], duration=14, distance=4.0, discount=0.1), Trip(driver=Driver(name=D-6), passengers=[Passenger(name=P-16), Passenger(name=P-14)], duration=16, distance=0.0, discount=null)), (Trip(driver=Driver(name=D-8), passengers=[Passenger(name=P-8), Passenger(name=P-13)], duration=14, distance=4.0, discount=0.1), Trip(driver=Driver(name=D-3), passengers=[Passenger(name=P-12)], duration=2, distance=15.0, discount=0.2)), (Trip(driver=Driver(name=D-8), passengers=[Passenger(name=P-8), Passenger(name=P-13)], duration=14, distance=4.0, discount=0.1), Trip(driver=Driver(name=D-5), passengers=[Passenger(name=P-15), Passenger(name=P-6)], duration=5, distance=6.0, discount=null)), (Trip(driver=Driver(name=D-8), passengers=[Passenger(name=P-8), Passenger(name=P-13)], duration=14, distance=4.0, discount=0.1), Trip(driver=Driver(name=D-8), passengers=[Passenger(name=P-4), Passenger(name=P-19)], duration=12, distance=0.0, discount=null)), (Trip(driver=Driver(name=D-8), passengers=[Passenger(name=P-8), Passenger(name=P-13)], duration=14, distance=4.0, discount=0.1), Trip(driver=Driver(name=D-4), passengers=[Passenger(name=P-8), Passenger(name=P-14)], duration=4, distance=19.0, discount=null)), (Trip(driver=Driver(name=D-8), passengers=[Passenger(name=P-8), Passenger(name=P-13)], duration=14, distance=4.0, discount=0.1), Trip(driver=Driver(name=D-3), passengers=[Passenger(name=P-0)], duration=14, distance=19.0, discount=0.3)), (Trip(driver=Driver(name=D-8), passengers=[Passenger(name=P-8), Passenger(name=P-13)], duration=14, distance=4.0, discount=0.1), Trip(driver=Driver(name=D-3), passengers=[Passenger(name=P-9)], duration=16, distance=5.0, discount=null)), (Trip(driver=Driver(name=D-8), passengers=[Passenger(name=P-8), Passenger(name=P-13)], duration=14, distance=4.0, discount=0.1), Trip(driver=Driver(name=D-2), passengers=[Passenger(name=P-7), Passenger(name=P-6), Passenger(name=P-12)], duration=4, distance=19.0, discount=null)), (Trip(driver=Driver(name=D-8), passengers=[Passenger(name=P-8), Passenger(name=P-13)], duration=14, distance=4.0, discount=0.1), Trip(driver=Driver(name=D-9), passengers=[Passenger(name=P-0), Passenger(name=P-1)], duration=10, distance=1.0, discount=null)), (Trip(driver=Driver(name=D-8), passengers=[Passenger(name=P-8), Passenger(name=P-13)], duration=14, distance=4.0, discount=0.1), Trip(driver=Driver(name=D-8), passengers=[Passenger(name=P-16)], duration=10, distance=4.0, discount=null)), (Trip(driver=Driver(name=D-8), passengers=[Passenger(name=P-8), Passenger(name=P-13)], duration=14, distance=4.0, discount=0.1), Trip(driver=Driver(name=D-7), passengers=[Passenger(name=P-16), Passenger(name=P-3)], duration=12, distance=10.0, discount=0.4)), (Trip(driver=Driver(name=D-8), passengers=[Passenger(name=P-8), Passenger(name=P-13)], duration=14, distance=4.0, discount=0.1), Trip(driver=Driver(name=D-9), passengers=[Passenger(name=P-18), Passenger(name=P-0)], duration=15, distance=14.0, discount=0.2)), (Trip(driver=Driver(name=D-8), passengers=[Passenger(name=P-8), Passenger(name=P-13)], duration=14, distance=4.0, discount=0.1), Trip(driver=Driver(name=D-9), passengers=[Passenger(name=P-10)], duration=2, distance=2.0, discount=0.2)), (Trip(driver=Driver(name=D-8), passengers=[Passenger(name=P-8), Passenger(name=P-13)], duration=14, distance=4.0, discount=0.1), Trip(driver=Driver(name=D-4), passengers=[Passenger(name=P-11), Passenger(name=P-14), Passenger(name=P-18)], duration=4, distance=3.0, discount=null)), (Trip(driver=Driver(name=D-8), passengers=[Passenger(name=P-8), Passenger(name=P-13)], duration=14, distance=4.0, discount=0.1), Trip(driver=Driver(name=D-7), passengers=[Passenger(name=P-5)], duration=0, distance=4.0, discount=null)), (Trip(driver=Driver(name=D-8), passengers=[Passenger(name=P-8), Passenger(name=P-13)], duration=14, distance=4.0, discount=0.1), Trip(driver=Driver(name=D-9), passengers=[Passenger(name=P-13), Passenger(name=P-17)], duration=0, distance=8.0, discount=0.3)), (Trip(driver=Driver(name=D-8), passengers=[Passenger(name=P-8), Passenger(name=P-13)], duration=14, distance=4.0, discount=0.1), Trip(driver=Driver(name=D-3), passengers=[Passenger(name=P-8), Passenger(name=P-5)], duration=16, distance=3.0, discount=null)), (Trip(driver=Driver(name=D-8), passengers=[Passenger(name=P-8), Passenger(name=P-13)], duration=14, distance=4.0, discount=0.1), Trip(driver=Driver(name=D-9), passengers=[Passenger(name=P-19), Passenger(name=P-7)], duration=1, distance=3.0, discount=null)), (Trip(driver=Driver(name=D-8), passengers=[Passenger(name=P-8), Passenger(name=P-13)], duration=14, distance=4.0, discount=0.1), Trip(driver=Driver(name=D-6), passengers=[Passenger(name=P-4), Passenger(name=P-17)], duration=10, distance=18.0, discount=null)), (Trip(driver=Driver(name=D-8), passengers=[Passenger(name=P-8), Passenger(name=P-13)], duration=14, distance=4.0, discount=0.1), Trip(driver=Driver(name=D-2), passengers=[Passenger(name=P-7), Passenger(name=P-12)], duration=9, distance=6.0, discount=0.2)), (Trip(driver=Driver(name=D-8), passengers=[Passenger(name=P-8), Passenger(name=P-13)], duration=14, distance=4.0, discount=0.1), Trip(driver=Driver(name=D-6), passengers=[Passenger(name=P-4), Passenger(name=P-11)], duration=8, distance=5.0, discount=null)), (Trip(driver=Driver(name=D-8), passengers=[Passenger(name=P-8), Passenger(name=P-13)], duration=14, distance=4.0, discount=0.1), Trip(driver=Driver(name=D-5), passengers=[Passenger(name=P-0)], duration=3, distance=15.0, discount=0.4)), (Trip(driver=Driver(name=D-8), passengers=[Passenger(name=P-8), Passenger(name=P-13)], duration=14, distance=4.0, discount=0.1), Trip(driver=Driver(name=D-3), passengers=[Passenger(name=P-1)], duration=1, distance=13.0, discount=null)), (Trip(driver=Driver(name=D-8), passengers=[Passenger(name=P-8), Passenger(name=P-13)], duration=14, distance=4.0, discount=0.1), Trip(driver=Driver(name=D-5), passengers=[Passenger(name=P-11)], duration=17, distance=16.0, discount=null)), (Trip(driver=Driver(name=D-8), passengers=[Passenger(name=P-8), Passenger(name=P-13)], duration=14, distance=4.0, discount=0.1), Trip(driver=Driver(name=D-3), passengers=[Passenger(name=P-2), Passenger(name=P-19), Passenger(name=P-8), Passenger(name=P-1)], duration=10, distance=15.0, discount=null))]
item [(Trip(driver=Driver(name=D-6), passengers=[Passenger(name=P-19)], duration=14, distance=9.0, discount=null), Trip(driver=Driver(name=D-6), passengers=[Passenger(name=P-16)], duration=8, distance=17.0, discount=null)), (Trip(driver=Driver(name=D-6), passengers=[Passenger(name=P-19)], duration=14, distance=9.0, discount=null), Trip(driver=Driver(name=D-4), passengers=[Passenger(name=P-11)], duration=10, distance=12.0, discount=null)), (Trip(driver=Driver(name=D-6), passengers=[Passenger(name=P-19)], duration=14, distance=9.0, discount=null), Trip(driver=Driver(name=D-8), passengers=[Passenger(name=P-8), Passenger(name=P-13)], duration=14, distance=4.0, discount=0.1)), (Trip(driver=Driver(name=D-6), passengers=[Passenger(name=P-19)], duration=14, distance=9.0, discount=null), Trip(driver=Driver(name=D-6), passengers=[Passenger(name=P-19)], duration=14, distance=9.0, discount=null)), (Trip(driver=Driver(name=D-6), passengers=[Passenger(name=P-19)], duration=14, distance=9.0, discount=null), Trip(driver=Driver(name=D-4), passengers=[Passenger(name=P-18), Passenger(name=P-10)], duration=6, distance=17.0, discount=0.1)), (Trip(driver=Driver(name=D-6), passengers=[Passenger(name=P-19)], duration=14, distance=9.0, discount=null), Trip(driver=Driver(name=D-0), passengers=[Passenger(name=P-0)], duration=19, distance=17.0, discount=0.1)), (Trip(driver=Driver(name=D-6), passengers=[Passenger(name=P-19)], duration=14, distance=9.0, discount=null), Trip(driver=Driver(name=D-7), passengers=[Passenger(name=P-2), Passenger(name=P-15)], duration=12, distance=9.0, discount=null)), (Trip(driver=Driver(name=D-6), passengers=[Passenger(name=P-19)], duration=14, distance=9.0, discount=null), Trip(driver=Driver(name=D-9), passengers=[Passenger(name=P-11), Passenger(name=P-10), Passenger(name=P-7), Passenger(name=P-15)], duration=11, distance=5.0, discount=null)), (Trip(driver=Driver(name=D-6), passengers=[Passenger(name=P-19)], duration=14, distance=9.0, discount=null), Trip(driver=Driver(name=D-3), passengers=[Passenger(name=P-1), Passenger(name=P-18)], duration=5, distance=14.0, discount=0.3)), (Trip(driver=Driver(name=D-6), passengers=[Passenger(name=P-19)], duration=14, distance=9.0, discount=null), Trip(driver=Driver(name=D-2), passengers=[Passenger(name=P-19), Passenger(name=P-8)], duration=7, distance=8.0, discount=0.2)), (Trip(driver=Driver(name=D-6), passengers=[Passenger(name=P-19)], duration=14, distance=9.0, discount=null), Trip(driver=Driver(name=D-1), passengers=[Passenger(name=P-11)], duration=11, distance=18.0, discount=null)), (Trip(driver=Driver(name=D-6), passengers=[Passenger(name=P-19)], duration=14, distance=9.0, discount=null), Trip(driver=Driver(name=D-5), passengers=[Passenger(name=P-0), Passenger(name=P-18), Passenger(name=P-11), Passenger(name=P-14)], duration=6, distance=17.0, discount=0.3)), (Trip(driver=Driver(name=D-6), passengers=[Passenger(name=P-19)], duration=14, distance=9.0, discount=null), Trip(driver=Driver(name=D-6), passengers=[Passenger(name=P-11), Passenger(name=P-6)], duration=1, distance=4.0, discount=null)), (Trip(driver=Driver(name=D-6), passengers=[Passenger(name=P-19)], duration=14, distance=9.0, discount=null), Trip(driver=Driver(name=D-5), passengers=[Passenger(name=P-11)], duration=10, distance=19.0, discount=null)), (Trip(driver=Driver(name=D-6), passengers=[Passenger(name=P-19)], duration=14, distance=9.0, discount=null), Trip(driver=Driver(name=D-8), passengers=[Passenger(name=P-0), Passenger(name=P-4)], duration=2, distance=12.0, discount=0.4)), (Trip(driver=Driver(name=D-6), passengers=[Passenger(name=P-19)], duration=14, distance=9.0, discount=null), Trip(driver=Driver(name=D-6), passengers=[Passenger(name=P-16), Passenger(name=P-14)], duration=16, distance=0.0, discount=null)), (Trip(driver=Driver(name=D-6), passengers=[Passenger(name=P-19)], duration=14, distance=9.0, discount=null), Trip(driver=Driver(name=D-3), passengers=[Passenger(name=P-12)], duration=2, distance=15.0, discount=0.2)), (Trip(driver=Driver(name=D-6), passengers=[Passenger(name=P-19)], duration=14, distance=9.0, discount=null), Trip(driver=Driver(name=D-5), passengers=[Passenger(name=P-15), Passenger(name=P-6)], duration=5, distance=6.0, discount=null)), (Trip(driver=Driver(name=D-6), passengers=[Passenger(name=P-19)], duration=14, distance=9.0, discount=null), Trip(driver=Driver(name=D-8), passengers=[Passenger(name=P-4), Passenger(name=P-19)], duration=12, distance=0.0, discount=null)), (Trip(driver=Driver(name=D-6), passengers=[Passenger(name=P-19)], duration=14, distance=9.0, discount=null), Trip(driver=Driver(name=D-4), passengers=[Passenger(name=P-8), Passenger(name=P-14)], duration=4, distance=19.0, discount=null)), (Trip(driver=Driver(name=D-6), passengers=[Passenger(name=P-19)], duration=14, distance=9.0, discount=null), Trip(driver=Driver(name=D-3), passengers=[Passenger(name=P-0)], duration=14, distance=19.0, discount=0.3)), (Trip(driver=Driver(name=D-6), passengers=[Passenger(name=P-19)], duration=14, distance=9.0, discount=null), Trip(driver=Driver(name=D-3), passengers=[Passenger(name=P-9)], duration=16, distance=5.0, discount=null)), (Trip(driver=Driver(name=D-6), passengers=[Passenger(name=P-19)], duration=14, distance=9.0, discount=null), Trip(driver=Driver(name=D-2), passengers=[Passenger(name=P-7), Passenger(name=P-6), Passenger(name=P-12)], duration=4, distance=19.0, discount=null)), (Trip(driver=Driver(name=D-6), passengers=[Passenger(name=P-19)], duration=14, distance=9.0, discount=null), Trip(driver=Driver(name=D-9), passengers=[Passenger(name=P-0), Passenger(name=P-1)], duration=10, distance=1.0, discount=null)), (Trip(driver=Driver(name=D-6), passengers=[Passenger(name=P-19)], duration=14, distance=9.0, discount=null), Trip(driver=Driver(name=D-8), passengers=[Passenger(name=P-16)], duration=10, distance=4.0, discount=null)), (Trip(driver=Driver(name=D-6), passengers=[Passenger(name=P-19)], duration=14, distance=9.0, discount=null), Trip(driver=Driver(name=D-7), passengers=[Passenger(name=P-16), Passenger(name=P-3)], duration=12, distance=10.0, discount=0.4)), (Trip(driver=Driver(name=D-6), passengers=[Passenger(name=P-19)], duration=14, distance=9.0, discount=null), Trip(driver=Driver(name=D-9), passengers=[Passenger(name=P-18), Passenger(name=P-0)], duration=15, distance=14.0, discount=0.2)), (Trip(driver=Driver(name=D-6), passengers=[Passenger(name=P-19)], duration=14, distance=9.0, discount=null), Trip(driver=Driver(name=D-9), passengers=[Passenger(name=P-10)], duration=2, distance=2.0, discount=0.2)), (Trip(driver=Driver(name=D-6), passengers=[Passenger(name=P-19)], duration=14, distance=9.0, discount=null), Trip(driver=Driver(name=D-4), passengers=[Passenger(name=P-11), Passenger(name=P-14), Passenger(name=P-18)], duration=4, distance=3.0, discount=null)), (Trip(driver=Driver(name=D-6), passengers=[Passenger(name=P-19)], duration=14, distance=9.0, discount=null), Trip(driver=Driver(name=D-7), passengers=[Passenger(name=P-5)], duration=0, distance=4.0, discount=null)), (Trip(driver=Driver(name=D-6), passengers=[Passenger(name=P-19)], duration=14, distance=9.0, discount=null), Trip(driver=Driver(name=D-9), passengers=[Passenger(name=P-13), Passenger(name=P-17)], duration=0, distance=8.0, discount=0.3)), (Trip(driver=Driver(name=D-6), passengers=[Passenger(name=P-19)], duration=14, distance=9.0, discount=null), Trip(driver=Driver(name=D-3), passengers=[Passenger(name=P-8), Passenger(name=P-5)], duration=16, distance=3.0, discount=null)), (Trip(driver=Driver(name=D-6), passengers=[Passenger(name=P-19)], duration=14, distance=9.0, discount=null), Trip(driver=Driver(name=D-9), passengers=[Passenger(name=P-19), Passenger(name=P-7)], duration=1, distance=3.0, discount=null)), (Trip(driver=Driver(name=D-6), passengers=[Passenger(name=P-19)], duration=14, distance=9.0, discount=null), Trip(driver=Driver(name=D-6), passengers=[Passenger(name=P-4), Passenger(name=P-17)], duration=10, distance=18.0, discount=null)), (Trip(driver=Driver(name=D-6), passengers=[Passenger(name=P-19)], duration=14, distance=9.0, discount=null), Trip(driver=Driver(name=D-2), passengers=[Passenger(name=P-7), Passenger(name=P-12)], duration=9, distance=6.0, discount=0.2)), (Trip(driver=Driver(name=D-6), passengers=[Passenger(name=P-19)], duration=14, distance=9.0, discount=null), Trip(driver=Driver(name=D-6), passengers=[Passenger(name=P-4), Passenger(name=P-11)], duration=8, distance=5.0, discount=null)), (Trip(driver=Driver(name=D-6), passengers=[Passenger(name=P-19)], duration=14, distance=9.0, discount=null), Trip(driver=Driver(name=D-5), passengers=[Passenger(name=P-0)], duration=3, distance=15.0, discount=0.4)), (Trip(driver=Driver(name=D-6), passengers=[Passenger(name=P-19)], duration=14, distance=9.0, discount=null), Trip(driver=Driver(name=D-3), passengers=[Passenger(name=P-1)], duration=1, distance=13.0, discount=null)), (Trip(driver=Driver(name=D-6), passengers=[Passenger(name=P-19)], duration=14, distance=9.0, discount=null), Trip(driver=Driver(name=D-5), passengers=[Passenger(name=P-11)], duration=17, distance=16.0, discount=null)), (Trip(driver=Driver(name=D-6), passengers=[Passenger(name=P-19)], duration=14, distance=9.0, discount=null), Trip(driver=Driver(name=D-3), passengers=[Passenger(name=P-2), Passenger(name=P-19), Passenger(name=P-8), Passenger(name=P-1)], duration=10, distance=15.0, discount=null))]
item [(Trip(driver=Driver(name=D-4), passengers=[Passenger(name=P-18), Passenger(name=P-10)], duration=6, distance=17.0, discount=0.1), Trip(driver=Driver(name=D-6), passengers=[Passenger(name=P-16)], duration=8, distance=17.0, discount=null)), (Trip(driver=Driver(name=D-4), passengers=[Passenger(name=P-18), Passenger(name=P-10)], duration=6, distance=17.0, discount=0.1), Trip(driver=Driver(name=D-4), passengers=[Passenger(name=P-11)], duration=10, distance=12.0, discount=null)), (Trip(driver=Driver(name=D-4), passengers=[Passenger(name=P-18), Passenger(name=P-10)], duration=6, distance=17.0, discount=0.1), Trip(driver=Driver(name=D-8), passengers=[Passenger(name=P-8), Passenger(name=P-13)], duration=14, distance=4.0, discount=0.1)), (Trip(driver=Driver(name=D-4), passengers=[Passenger(name=P-18), Passenger(name=P-10)], duration=6, distance=17.0, discount=0.1), Trip(driver=Driver(name=D-6), passengers=[Passenger(name=P-19)], duration=14, distance=9.0, discount=null)), (Trip(driver=Driver(name=D-4), passengers=[Passenger(name=P-18), Passenger(name=P-10)], duration=6, distance=17.0, discount=0.1), Trip(driver=Driver(name=D-4), passengers=[Passenger(name=P-18), Passenger(name=P-10)], duration=6, distance=17.0, discount=0.1)), (Trip(driver=Driver(name=D-4), passengers=[Passenger(name=P-18), Passenger(name=P-10)], duration=6, distance=17.0, discount=0.1), Trip(driver=Driver(name=D-0), passengers=[Passenger(name=P-0)], duration=19, distance=17.0, discount=0.1)), (Trip(driver=Driver(name=D-4), passengers=[Passenger(name=P-18), Passenger(name=P-10)], duration=6, distance=17.0, discount=0.1), Trip(driver=Driver(name=D-7), passengers=[Passenger(name=P-2), Passenger(name=P-15)], duration=12, distance=9.0, discount=null)), (Trip(driver=Driver(name=D-4), passengers=[Passenger(name=P-18), Passenger(name=P-10)], duration=6, distance=17.0, discount=0.1), Trip(driver=Driver(name=D-9), passengers=[Passenger(name=P-11), Passenger(name=P-10), Passenger(name=P-7), Passenger(name=P-15)], duration=11, distance=5.0, discount=null)), (Trip(driver=Driver(name=D-4), passengers=[Passenger(name=P-18), Passenger(name=P-10)], duration=6, distance=17.0, discount=0.1), Trip(driver=Driver(name=D-3), passengers=[Passenger(name=P-1), Passenger(name=P-18)], duration=5, distance=14.0, discount=0.3)), (Trip(driver=Driver(name=D-4), passengers=[Passenger(name=P-18), Passenger(name=P-10)], duration=6, distance=17.0, discount=0.1), Trip(driver=Driver(name=D-2), passengers=[Passenger(name=P-19), Passenger(name=P-8)], duration=7, distance=8.0, discount=0.2)), (Trip(driver=Driver(name=D-4), passengers=[Passenger(name=P-18), Passenger(name=P-10)], duration=6, distance=17.0, discount=0.1), Trip(driver=Driver(name=D-1), passengers=[Passenger(name=P-11)], duration=11, distance=18.0, discount=null)), (Trip(driver=Driver(name=D-4), passengers=[Passenger(name=P-18), Passenger(name=P-10)], duration=6, distance=17.0, discount=0.1), Trip(driver=Driver(name=D-5), passengers=[Passenger(name=P-0), Passenger(name=P-18), Passenger(name=P-11), Passenger(name=P-14)], duration=6, distance=17.0, discount=0.3)), (Trip(driver=Driver(name=D-4), passengers=[Passenger(name=P-18), Passenger(name=P-10)], duration=6, distance=17.0, discount=0.1), Trip(driver=Driver(name=D-6), passengers=[Passenger(name=P-11), Passenger(name=P-6)], duration=1, distance=4.0, discount=null)), (Trip(driver=Driver(name=D-4), passengers=[Passenger(name=P-18), Passenger(name=P-10)], duration=6, distance=17.0, discount=0.1), Trip(driver=Driver(name=D-5), passengers=[Passenger(name=P-11)], duration=10, distance=19.0, discount=null)), (Trip(driver=Driver(name=D-4), passengers=[Passenger(name=P-18), Passenger(name=P-10)], duration=6, distance=17.0, discount=0.1), Trip(driver=Driver(name=D-8), passengers=[Passenger(name=P-0), Passenger(name=P-4)], duration=2, distance=12.0, discount=0.4)), (Trip(driver=Driver(name=D-4), passengers=[Passenger(name=P-18), Passenger(name=P-10)], duration=6, distance=17.0, discount=0.1), Trip(driver=Driver(name=D-6), passengers=[Passenger(name=P-16), Passenger(name=P-14)], duration=16, distance=0.0, discount=null)), (Trip(driver=Driver(name=D-4), passengers=[Passenger(name=P-18), Passenger(name=P-10)], duration=6, distance=17.0, discount=0.1), Trip(driver=Driver(name=D-3), passengers=[Passenger(name=P-12)], duration=2, distance=15.0, discount=0.2)), (Trip(driver=Driver(name=D-4), passengers=[Passenger(name=P-18), Passenger(name=P-10)], duration=6, distance=17.0, discount=0.1), Trip(driver=Driver(name=D-5), passengers=[Passenger(name=P-15), Passenger(name=P-6)], duration=5, distance=6.0, discount=null)), (Trip(driver=Driver(name=D-4), passengers=[Passenger(name=P-18), Passenger(name=P-10)], duration=6, distance=17.0, discount=0.1), Trip(driver=Driver(name=D-8), passengers=[Passenger(name=P-4), Passenger(name=P-19)], duration=12, distance=0.0, discount=null)), (Trip(driver=Driver(name=D-4), passengers=[Passenger(name=P-18), Passenger(name=P-10)], duration=6, distance=17.0, discount=0.1), Trip(driver=Driver(name=D-4), passengers=[Passenger(name=P-8), Passenger(name=P-14)], duration=4, distance=19.0, discount=null)), (Trip(driver=Driver(name=D-4), passengers=[Passenger(name=P-18), Passenger(name=P-10)], duration=6, distance=17.0, discount=0.1), Trip(driver=Driver(name=D-3), passengers=[Passenger(name=P-0)], duration=14, distance=19.0, discount=0.3)), (Trip(driver=Driver(name=D-4), passengers=[Passenger(name=P-18), Passenger(name=P-10)], duration=6, distance=17.0, discount=0.1), Trip(driver=Driver(name=D-3), passengers=[Passenger(name=P-9)], duration=16, distance=5.0, discount=null)), (Trip(driver=Driver(name=D-4), passengers=[Passenger(name=P-18), Passenger(name=P-10)], duration=6, distance=17.0, discount=0.1), Trip(driver=Driver(name=D-2), passengers=[Passenger(name=P-7), Passenger(name=P-6), Passenger(name=P-12)], duration=4, distance=19.0, discount=null)), (Trip(driver=Driver(name=D-4), passengers=[Passenger(name=P-18), Passenger(name=P-10)], duration=6, distance=17.0, discount=0.1), Trip(driver=Driver(name=D-9), passengers=[Passenger(name=P-0), Passenger(name=P-1)], duration=10, distance=1.0, discount=null)), (Trip(driver=Driver(name=D-4), passengers=[Passenger(name=P-18), Passenger(name=P-10)], duration=6, distance=17.0, discount=0.1), Trip(driver=Driver(name=D-8), passengers=[Passenger(name=P-16)], duration=10, distance=4.0, discount=null)), (Trip(driver=Driver(name=D-4), passengers=[Passenger(name=P-18), Passenger(name=P-10)], duration=6, distance=17.0, discount=0.1), Trip(driver=Driver(name=D-7), passengers=[Passenger(name=P-16), Passenger(name=P-3)], duration=12, distance=10.0, discount=0.4)), (Trip(driver=Driver(name=D-4), passengers=[Passenger(name=P-18), Passenger(name=P-10)], duration=6, distance=17.0, discount=0.1), Trip(driver=Driver(name=D-9), passengers=[Passenger(name=P-18), Passenger(name=P-0)], duration=15, distance=14.0, discount=0.2)), (Trip(driver=Driver(name=D-4), passengers=[Passenger(name=P-18), Passenger(name=P-10)], duration=6, distance=17.0, discount=0.1), Trip(driver=Driver(name=D-9), passengers=[Passenger(name=P-10)], duration=2, distance=2.0, discount=0.2)), (Trip(driver=Driver(name=D-4), passengers=[Passenger(name=P-18), Passenger(name=P-10)], duration=6, distance=17.0, discount=0.1), Trip(driver=Driver(name=D-4), passengers=[Passenger(name=P-11), Passenger(name=P-14), Passenger(name=P-18)], duration=4, distance=3.0, discount=null)), (Trip(driver=Driver(name=D-4), passengers=[Passenger(name=P-18), Passenger(name=P-10)], duration=6, distance=17.0, discount=0.1), Trip(driver=Driver(name=D-7), passengers=[Passenger(name=P-5)], duration=0, distance=4.0, discount=null)), (Trip(driver=Driver(name=D-4), passengers=[Passenger(name=P-18), Passenger(name=P-10)], duration=6, distance=17.0, discount=0.1), Trip(driver=Driver(name=D-9), passengers=[Passenger(name=P-13), Passenger(name=P-17)], duration=0, distance=8.0, discount=0.3)), (Trip(driver=Driver(name=D-4), passengers=[Passenger(name=P-18), Passenger(name=P-10)], duration=6, distance=17.0, discount=0.1), Trip(driver=Driver(name=D-3), passengers=[Passenger(name=P-8), Passenger(name=P-5)], duration=16, distance=3.0, discount=null)), (Trip(driver=Driver(name=D-4), passengers=[Passenger(name=P-18), Passenger(name=P-10)], duration=6, distance=17.0, discount=0.1), Trip(driver=Driver(name=D-9), passengers=[Passenger(name=P-19), Passenger(name=P-7)], duration=1, distance=3.0, discount=null)), (Trip(driver=Driver(name=D-4), passengers=[Passenger(name=P-18), Passenger(name=P-10)], duration=6, distance=17.0, discount=0.1), Trip(driver=Driver(name=D-6), passengers=[Passenger(name=P-4), Passenger(name=P-17)], duration=10, distance=18.0, discount=null)), (Trip(driver=Driver(name=D-4), passengers=[Passenger(name=P-18), Passenger(name=P-10)], duration=6, distance=17.0, discount=0.1), Trip(driver=Driver(name=D-2), passengers=[Passenger(name=P-7), Passenger(name=P-12)], duration=9, distance=6.0, discount=0.2)), (Trip(driver=Driver(name=D-4), passengers=[Passenger(name=P-18), Passenger(name=P-10)], duration=6, distance=17.0, discount=0.1), Trip(driver=Driver(name=D-6), passengers=[Passenger(name=P-4), Passenger(name=P-11)], duration=8, distance=5.0, discount=null)), (Trip(driver=Driver(name=D-4), passengers=[Passenger(name=P-18), Passenger(name=P-10)], duration=6, distance=17.0, discount=0.1), Trip(driver=Driver(name=D-5), passengers=[Passenger(name=P-0)], duration=3, distance=15.0, discount=0.4)), (Trip(driver=Driver(name=D-4), passengers=[Passenger(name=P-18), Passenger(name=P-10)], duration=6, distance=17.0, discount=0.1), Trip(driver=Driver(name=D-3), passengers=[Passenger(name=P-1)], duration=1, distance=13.0, discount=null)), (Trip(driver=Driver(name=D-4), passengers=[Passenger(name=P-18), Passenger(name=P-10)], duration=6, distance=17.0, discount=0.1), Trip(driver=Driver(name=D-5), passengers=[Passenger(name=P-11)], duration=17, distance=16.0, discount=null)), (Trip(driver=Driver(name=D-4), passengers=[Passenger(name=P-18), Passenger(name=P-10)], duration=6, distance=17.0, discount=0.1), Trip(driver=Driver(name=D-3), passengers=[Passenger(name=P-2), Passenger(name=P-19), Passenger(name=P-8), Passenger(name=P-1)], duration=10, distance=15.0, discount=null))]
item [(Trip(driver=Driver(name=D-0), passengers=[Passenger(name=P-0)], duration=19, distance=17.0, discount=0.1), Trip(driver=Driver(name=D-6), passengers=[Passenger(name=P-16)], duration=8, distance=17.0, discount=null)), (Trip(driver=Driver(name=D-0), passengers=[Passenger(name=P-0)], duration=19, distance=17.0, discount=0.1), Trip(driver=Driver(name=D-4), passengers=[Passenger(name=P-11)], duration=10, distance=12.0, discount=null)), (Trip(driver=Driver(name=D-0), passengers=[Passenger(name=P-0)], duration=19, distance=17.0, discount=0.1), Trip(driver=Driver(name=D-8), passengers=[Passenger(name=P-8), Passenger(name=P-13)], duration=14, distance=4.0, discount=0.1)), (Trip(driver=Driver(name=D-0), passengers=[Passenger(name=P-0)], duration=19, distance=17.0, discount=0.1), Trip(driver=Driver(name=D-6), passengers=[Passenger(name=P-19)], duration=14, distance=9.0, discount=null)), (Trip(driver=Driver(name=D-0), passengers=[Passenger(name=P-0)], duration=19, distance=17.0, discount=0.1), Trip(driver=Driver(name=D-4), passengers=[Passenger(name=P-18), Passenger(name=P-10)], duration=6, distance=17.0, discount=0.1)), (Trip(driver=Driver(name=D-0), passengers=[Passenger(name=P-0)], duration=19, distance=17.0, discount=0.1), Trip(driver=Driver(name=D-0), passengers=[Passenger(name=P-0)], duration=19, distance=17.0, discount=0.1)), (Trip(driver=Driver(name=D-0), passengers=[Passenger(name=P-0)], duration=19, distance=17.0, discount=0.1), Trip(driver=Driver(name=D-7), passengers=[Passenger(name=P-2), Passenger(name=P-15)], duration=12, distance=9.0, discount=null)), (Trip(driver=Driver(name=D-0), passengers=[Passenger(name=P-0)], duration=19, distance=17.0, discount=0.1), Trip(driver=Driver(name=D-9), passengers=[Passenger(name=P-11), Passenger(name=P-10), Passenger(name=P-7), Passenger(name=P-15)], duration=11, distance=5.0, discount=null)), (Trip(driver=Driver(name=D-0), passengers=[Passenger(name=P-0)], duration=19, distance=17.0, discount=0.1), Trip(driver=Driver(name=D-3), passengers=[Passenger(name=P-1), Passenger(name=P-18)], duration=5, distance=14.0, discount=0.3)), (Trip(driver=Driver(name=D-0), passengers=[Passenger(name=P-0)], duration=19, distance=17.0, discount=0.1), Trip(driver=Driver(name=D-2), passengers=[Passenger(name=P-19), Passenger(name=P-8)], duration=7, distance=8.0, discount=0.2)), (Trip(driver=Driver(name=D-0), passengers=[Passenger(name=P-0)], duration=19, distance=17.0, discount=0.1), Trip(driver=Driver(name=D-1), passengers=[Passenger(name=P-11)], duration=11, distance=18.0, discount=null)), (Trip(driver=Driver(name=D-0), passengers=[Passenger(name=P-0)], duration=19, distance=17.0, discount=0.1), Trip(driver=Driver(name=D-5), passengers=[Passenger(name=P-0), Passenger(name=P-18), Passenger(name=P-11), Passenger(name=P-14)], duration=6, distance=17.0, discount=0.3)), (Trip(driver=Driver(name=D-0), passengers=[Passenger(name=P-0)], duration=19, distance=17.0, discount=0.1), Trip(driver=Driver(name=D-6), passengers=[Passenger(name=P-11), Passenger(name=P-6)], duration=1, distance=4.0, discount=null)), (Trip(driver=Driver(name=D-0), passengers=[Passenger(name=P-0)], duration=19, distance=17.0, discount=0.1), Trip(driver=Driver(name=D-5), passengers=[Passenger(name=P-11)], duration=10, distance=19.0, discount=null)), (Trip(driver=Driver(name=D-0), passengers=[Passenger(name=P-0)], duration=19, distance=17.0, discount=0.1), Trip(driver=Driver(name=D-8), passengers=[Passenger(name=P-0), Passenger(name=P-4)], duration=2, distance=12.0, discount=0.4)), (Trip(driver=Driver(name=D-0), passengers=[Passenger(name=P-0)], duration=19, distance=17.0, discount=0.1), Trip(driver=Driver(name=D-6), passengers=[Passenger(name=P-16), Passenger(name=P-14)], duration=16, distance=0.0, discount=null)), (Trip(driver=Driver(name=D-0), passengers=[Passenger(name=P-0)], duration=19, distance=17.0, discount=0.1), Trip(driver=Driver(name=D-3), passengers=[Passenger(name=P-12)], duration=2, distance=15.0, discount=0.2)), (Trip(driver=Driver(name=D-0), passengers=[Passenger(name=P-0)], duration=19, distance=17.0, discount=0.1), Trip(driver=Driver(name=D-5), passengers=[Passenger(name=P-15), Passenger(name=P-6)], duration=5, distance=6.0, discount=null)), (Trip(driver=Driver(name=D-0), passengers=[Passenger(name=P-0)], duration=19, distance=17.0, discount=0.1), Trip(driver=Driver(name=D-8), passengers=[Passenger(name=P-4), Passenger(name=P-19)], duration=12, distance=0.0, discount=null)), (Trip(driver=Driver(name=D-0), passengers=[Passenger(name=P-0)], duration=19, distance=17.0, discount=0.1), Trip(driver=Driver(name=D-4), passengers=[Passenger(name=P-8), Passenger(name=P-14)], duration=4, distance=19.0, discount=null)), (Trip(driver=Driver(name=D-0), passengers=[Passenger(name=P-0)], duration=19, distance=17.0, discount=0.1), Trip(driver=Driver(name=D-3), passengers=[Passenger(name=P-0)], duration=14, distance=19.0, discount=0.3)), (Trip(driver=Driver(name=D-0), passengers=[Passenger(name=P-0)], duration=19, distance=17.0, discount=0.1), Trip(driver=Driver(name=D-3), passengers=[Passenger(name=P-9)], duration=16, distance=5.0, discount=null)), (Trip(driver=Driver(name=D-0), passengers=[Passenger(name=P-0)], duration=19, distance=17.0, discount=0.1), Trip(driver=Driver(name=D-2), passengers=[Passenger(name=P-7), Passenger(name=P-6), Passenger(name=P-12)], duration=4, distance=19.0, discount=null)), (Trip(driver=Driver(name=D-0), passengers=[Passenger(name=P-0)], duration=19, distance=17.0, discount=0.1), Trip(driver=Driver(name=D-9), passengers=[Passenger(name=P-0), Passenger(name=P-1)], duration=10, distance=1.0, discount=null)), (Trip(driver=Driver(name=D-0), passengers=[Passenger(name=P-0)], duration=19, distance=17.0, discount=0.1), Trip(driver=Driver(name=D-8), passengers=[Passenger(name=P-16)], duration=10, distance=4.0, discount=null)), (Trip(driver=Driver(name=D-0), passengers=[Passenger(name=P-0)], duration=19, distance=17.0, discount=0.1), Trip(driver=Driver(name=D-7), passengers=[Passenger(name=P-16), Passenger(name=P-3)], duration=12, distance=10.0, discount=0.4)), (Trip(driver=Driver(name=D-0), passengers=[Passenger(name=P-0)], duration=19, distance=17.0, discount=0.1), Trip(driver=Driver(name=D-9), passengers=[Passenger(name=P-18), Passenger(name=P-0)], duration=15, distance=14.0, discount=0.2)), (Trip(driver=Driver(name=D-0), passengers=[Passenger(name=P-0)], duration=19, distance=17.0, discount=0.1), Trip(driver=Driver(name=D-9), passengers=[Passenger(name=P-10)], duration=2, distance=2.0, discount=0.2)), (Trip(driver=Driver(name=D-0), passengers=[Passenger(name=P-0)], duration=19, distance=17.0, discount=0.1), Trip(driver=Driver(name=D-4), passengers=[Passenger(name=P-11), Passenger(name=P-14), Passenger(name=P-18)], duration=4, distance=3.0, discount=null)), (Trip(driver=Driver(name=D-0), passengers=[Passenger(name=P-0)], duration=19, distance=17.0, discount=0.1), Trip(driver=Driver(name=D-7), passengers=[Passenger(name=P-5)], duration=0, distance=4.0, discount=null)), (Trip(driver=Driver(name=D-0), passengers=[Passenger(name=P-0)], duration=19, distance=17.0, discount=0.1), Trip(driver=Driver(name=D-9), passengers=[Passenger(name=P-13), Passenger(name=P-17)], duration=0, distance=8.0, discount=0.3)), (Trip(driver=Driver(name=D-0), passengers=[Passenger(name=P-0)], duration=19, distance=17.0, discount=0.1), Trip(driver=Driver(name=D-3), passengers=[Passenger(name=P-8), Passenger(name=P-5)], duration=16, distance=3.0, discount=null)), (Trip(driver=Driver(name=D-0), passengers=[Passenger(name=P-0)], duration=19, distance=17.0, discount=0.1), Trip(driver=Driver(name=D-9), passengers=[Passenger(name=P-19), Passenger(name=P-7)], duration=1, distance=3.0, discount=null)), (Trip(driver=Driver(name=D-0), passengers=[Passenger(name=P-0)], duration=19, distance=17.0, discount=0.1), Trip(driver=Driver(name=D-6), passengers=[Passenger(name=P-4), Passenger(name=P-17)], duration=10, distance=18.0, discount=null)), (Trip(driver=Driver(name=D-0), passengers=[Passenger(name=P-0)], duration=19, distance=17.0, discount=0.1), Trip(driver=Driver(name=D-2), passengers=[Passenger(name=P-7), Passenger(name=P-12)], duration=9, distance=6.0, discount=0.2)), (Trip(driver=Driver(name=D-0), passengers=[Passenger(name=P-0)], duration=19, distance=17.0, discount=0.1), Trip(driver=Driver(name=D-6), passengers=[Passenger(name=P-4), Passenger(name=P-11)], duration=8, distance=5.0, discount=null)), (Trip(driver=Driver(name=D-0), passengers=[Passenger(name=P-0)], duration=19, distance=17.0, discount=0.1), Trip(driver=Driver(name=D-5), passengers=[Passenger(name=P-0)], duration=3, distance=15.0, discount=0.4)), (Trip(driver=Driver(name=D-0), passengers=[Passenger(name=P-0)], duration=19, distance=17.0, discount=0.1), Trip(driver=Driver(name=D-3), passengers=[Passenger(name=P-1)], duration=1, distance=13.0, discount=null)), (Trip(driver=Driver(name=D-0), passengers=[Passenger(name=P-0)], duration=19, distance=17.0, discount=0.1), Trip(driver=Driver(name=D-5), passengers=[Passenger(name=P-11)], duration=17, distance=16.0, discount=null)), (Trip(driver=Driver(name=D-0), passengers=[Passenger(name=P-0)], duration=19, distance=17.0, discount=0.1), Trip(driver=Driver(name=D-3), passengers=[Passenger(name=P-2), Passenger(name=P-19), Passenger(name=P-8), Passenger(name=P-1)], duration=10, distance=15.0, discount=null))]
item [(Trip(driver=Driver(name=D-7), passengers=[Passenger(name=P-2), Passenger(name=P-15)], duration=12, distance=9.0, discount=null), Trip(driver=Driver(name=D-6), passengers=[Passenger(name=P-16)], duration=8, distance=17.0, discount=null)), (Trip(driver=Driver(name=D-7), passengers=[Passenger(name=P-2), Passenger(name=P-15)], duration=12, distance=9.0, discount=null), Trip(driver=Driver(name=D-4), passengers=[Passenger(name=P-11)], duration=10, distance=12.0, discount=null)), (Trip(driver=Driver(name=D-7), passengers=[Passenger(name=P-2), Passenger(name=P-15)], duration=12, distance=9.0, discount=null), Trip(driver=Driver(name=D-8), passengers=[Passenger(name=P-8), Passenger(name=P-13)], duration=14, distance=4.0, discount=0.1)), (Trip(driver=Driver(name=D-7), passengers=[Passenger(name=P-2), Passenger(name=P-15)], duration=12, distance=9.0, discount=null), Trip(driver=Driver(name=D-6), passengers=[Passenger(name=P-19)], duration=14, distance=9.0, discount=null)), (Trip(driver=Driver(name=D-7), passengers=[Passenger(name=P-2), Passenger(name=P-15)], duration=12, distance=9.0, discount=null), Trip(driver=Driver(name=D-4), passengers=[Passenger(name=P-18), Passenger(name=P-10)], duration=6, distance=17.0, discount=0.1)), (Trip(driver=Driver(name=D-7), passengers=[Passenger(name=P-2), Passenger(name=P-15)], duration=12, distance=9.0, discount=null), Trip(driver=Driver(name=D-0), passengers=[Passenger(name=P-0)], duration=19, distance=17.0, discount=0.1)), (Trip(driver=Driver(name=D-7), passengers=[Passenger(name=P-2), Passenger(name=P-15)], duration=12, distance=9.0, discount=null), Trip(driver=Driver(name=D-7), passengers=[Passenger(name=P-2), Passenger(name=P-15)], duration=12, distance=9.0, discount=null)), (Trip(driver=Driver(name=D-7), passengers=[Passenger(name=P-2), Passenger(name=P-15)], duration=12, distance=9.0, discount=null), Trip(driver=Driver(name=D-9), passengers=[Passenger(name=P-11), Passenger(name=P-10), Passenger(name=P-7), Passenger(name=P-15)], duration=11, distance=5.0, discount=null)), (Trip(driver=Driver(name=D-7), passengers=[Passenger(name=P-2), Passenger(name=P-15)], duration=12, distance=9.0, discount=null), Trip(driver=Driver(name=D-3), passengers=[Passenger(name=P-1), Passenger(name=P-18)], duration=5, distance=14.0, discount=0.3)), (Trip(driver=Driver(name=D-7), passengers=[Passenger(name=P-2), Passenger(name=P-15)], duration=12, distance=9.0, discount=null), Trip(driver=Driver(name=D-2), passengers=[Passenger(name=P-19), Passenger(name=P-8)], duration=7, distance=8.0, discount=0.2)), (Trip(driver=Driver(name=D-7), passengers=[Passenger(name=P-2), Passenger(name=P-15)], duration=12, distance=9.0, discount=null), Trip(driver=Driver(name=D-1), passengers=[Passenger(name=P-11)], duration=11, distance=18.0, discount=null)), (Trip(driver=Driver(name=D-7), passengers=[Passenger(name=P-2), Passenger(name=P-15)], duration=12, distance=9.0, discount=null), Trip(driver=Driver(name=D-5), passengers=[Passenger(name=P-0), Passenger(name=P-18), Passenger(name=P-11), Passenger(name=P-14)], duration=6, distance=17.0, discount=0.3)), (Trip(driver=Driver(name=D-7), passengers=[Passenger(name=P-2), Passenger(name=P-15)], duration=12, distance=9.0, discount=null), Trip(driver=Driver(name=D-6), passengers=[Passenger(name=P-11), Passenger(name=P-6)], duration=1, distance=4.0, discount=null)), (Trip(driver=Driver(name=D-7), passengers=[Passenger(name=P-2), Passenger(name=P-15)], duration=12, distance=9.0, discount=null), Trip(driver=Driver(name=D-5), passengers=[Passenger(name=P-11)], duration=10, distance=19.0, discount=null)), (Trip(driver=Driver(name=D-7), passengers=[Passenger(name=P-2), Passenger(name=P-15)], duration=12, distance=9.0, discount=null), Trip(driver=Driver(name=D-8), passengers=[Passenger(name=P-0), Passenger(name=P-4)], duration=2, distance=12.0, discount=0.4)), (Trip(driver=Driver(name=D-7), passengers=[Passenger(name=P-2), Passenger(name=P-15)], duration=12, distance=9.0, discount=null), Trip(driver=Driver(name=D-6), passengers=[Passenger(name=P-16), Passenger(name=P-14)], duration=16, distance=0.0, discount=null)), (Trip(driver=Driver(name=D-7), passengers=[Passenger(name=P-2), Passenger(name=P-15)], duration=12, distance=9.0, discount=null), Trip(driver=Driver(name=D-3), passengers=[Passenger(name=P-12)], duration=2, distance=15.0, discount=0.2)), (Trip(driver=Driver(name=D-7), passengers=[Passenger(name=P-2), Passenger(name=P-15)], duration=12, distance=9.0, discount=null), Trip(driver=Driver(name=D-5), passengers=[Passenger(name=P-15), Passenger(name=P-6)], duration=5, distance=6.0, discount=null)), (Trip(driver=Driver(name=D-7), passengers=[Passenger(name=P-2), Passenger(name=P-15)], duration=12, distance=9.0, discount=null), Trip(driver=Driver(name=D-8), passengers=[Passenger(name=P-4), Passenger(name=P-19)], duration=12, distance=0.0, discount=null)), (Trip(driver=Driver(name=D-7), passengers=[Passenger(name=P-2), Passenger(name=P-15)], duration=12, distance=9.0, discount=null), Trip(driver=Driver(name=D-4), passengers=[Passenger(name=P-8), Passenger(name=P-14)], duration=4, distance=19.0, discount=null)), (Trip(driver=Driver(name=D-7), passengers=[Passenger(name=P-2), Passenger(name=P-15)], duration=12, distance=9.0, discount=null), Trip(driver=Driver(name=D-3), passengers=[Passenger(name=P-0)], duration=14, distance=19.0, discount=0.3)), (Trip(driver=Driver(name=D-7), passengers=[Passenger(name=P-2), Passenger(name=P-15)], duration=12, distance=9.0, discount=null), Trip(driver=Driver(name=D-3), passengers=[Passenger(name=P-9)], duration=16, distance=5.0, discount=null)), (Trip(driver=Driver(name=D-7), passengers=[Passenger(name=P-2), Passenger(name=P-15)], duration=12, distance=9.0, discount=null), Trip(driver=Driver(name=D-2), passengers=[Passenger(name=P-7), Passenger(name=P-6), Passenger(name=P-12)], duration=4, distance=19.0, discount=null)), (Trip(driver=Driver(name=D-7), passengers=[Passenger(name=P-2), Passenger(name=P-15)], duration=12, distance=9.0, discount=null), Trip(driver=Driver(name=D-9), passengers=[Passenger(name=P-0), Passenger(name=P-1)], duration=10, distance=1.0, discount=null)), (Trip(driver=Driver(name=D-7), passengers=[Passenger(name=P-2), Passenger(name=P-15)], duration=12, distance=9.0, discount=null), Trip(driver=Driver(name=D-8), passengers=[Passenger(name=P-16)], duration=10, distance=4.0, discount=null)), (Trip(driver=Driver(name=D-7), passengers=[Passenger(name=P-2), Passenger(name=P-15)], duration=12, distance=9.0, discount=null), Trip(driver=Driver(name=D-7), passengers=[Passenger(name=P-16), Passenger(name=P-3)], duration=12, distance=10.0, discount=0.4)), (Trip(driver=Driver(name=D-7), passengers=[Passenger(name=P-2), Passenger(name=P-15)], duration=12, distance=9.0, discount=null), Trip(driver=Driver(name=D-9), passengers=[Passenger(name=P-18), Passenger(name=P-0)], duration=15, distance=14.0, discount=0.2)), (Trip(driver=Driver(name=D-7), passengers=[Passenger(name=P-2), Passenger(name=P-15)], duration=12, distance=9.0, discount=null), Trip(driver=Driver(name=D-9), passengers=[Passenger(name=P-10)], duration=2, distance=2.0, discount=0.2)), (Trip(driver=Driver(name=D-7), passengers=[Passenger(name=P-2), Passenger(name=P-15)], duration=12, distance=9.0, discount=null), Trip(driver=Driver(name=D-4), passengers=[Passenger(name=P-11), Passenger(name=P-14), Passenger(name=P-18)], duration=4, distance=3.0, discount=null)), (Trip(driver=Driver(name=D-7), passengers=[Passenger(name=P-2), Passenger(name=P-15)], duration=12, distance=9.0, discount=null), Trip(driver=Driver(name=D-7), passengers=[Passenger(name=P-5)], duration=0, distance=4.0, discount=null)), (Trip(driver=Driver(name=D-7), passengers=[Passenger(name=P-2), Passenger(name=P-15)], duration=12, distance=9.0, discount=null), Trip(driver=Driver(name=D-9), passengers=[Passenger(name=P-13), Passenger(name=P-17)], duration=0, distance=8.0, discount=0.3)), (Trip(driver=Driver(name=D-7), passengers=[Passenger(name=P-2), Passenger(name=P-15)], duration=12, distance=9.0, discount=null), Trip(driver=Driver(name=D-3), passengers=[Passenger(name=P-8), Passenger(name=P-5)], duration=16, distance=3.0, discount=null)), (Trip(driver=Driver(name=D-7), passengers=[Passenger(name=P-2), Passenger(name=P-15)], duration=12, distance=9.0, discount=null), Trip(driver=Driver(name=D-9), passengers=[Passenger(name=P-19), Passenger(name=P-7)], duration=1, distance=3.0, discount=null)), (Trip(driver=Driver(name=D-7), passengers=[Passenger(name=P-2), Passenger(name=P-15)], duration=12, distance=9.0, discount=null), Trip(driver=Driver(name=D-6), passengers=[Passenger(name=P-4), Passenger(name=P-17)], duration=10, distance=18.0, discount=null)), (Trip(driver=Driver(name=D-7), passengers=[Passenger(name=P-2), Passenger(name=P-15)], duration=12, distance=9.0, discount=null), Trip(driver=Driver(name=D-2), passengers=[Passenger(name=P-7), Passenger(name=P-12)], duration=9, distance=6.0, discount=0.2)), (Trip(driver=Driver(name=D-7), passengers=[Passenger(name=P-2), Passenger(name=P-15)], duration=12, distance=9.0, discount=null), Trip(driver=Driver(name=D-6), passengers=[Passenger(name=P-4), Passenger(name=P-11)], duration=8, distance=5.0, discount=null)), (Trip(driver=Driver(name=D-7), passengers=[Passenger(name=P-2), Passenger(name=P-15)], duration=12, distance=9.0, discount=null), Trip(driver=Driver(name=D-5), passengers=[Passenger(name=P-0)], duration=3, distance=15.0, discount=0.4)), (Trip(driver=Driver(name=D-7), passengers=[Passenger(name=P-2), Passenger(name=P-15)], duration=12, distance=9.0, discount=null), Trip(driver=Driver(name=D-3), passengers=[Passenger(name=P-1)], duration=1, distance=13.0, discount=null)), (Trip(driver=Driver(name=D-7), passengers=[Passenger(name=P-2), Passenger(name=P-15)], duration=12, distance=9.0, discount=null), Trip(driver=Driver(name=D-5), passengers=[Passenger(name=P-11)], duration=17, distance=16.0, discount=null)), (Trip(driver=Driver(name=D-7), passengers=[Passenger(name=P-2), Passenger(name=P-15)], duration=12, distance=9.0, discount=null), Trip(driver=Driver(name=D-3), passengers=[Passenger(name=P-2), Passenger(name=P-19), Passenger(name=P-8), Passenger(name=P-1)], duration=10, distance=15.0, discount=null))]
item [(Trip(driver=Driver(name=D-9), passengers=[Passenger(name=P-11), Passenger(name=P-10), Passenger(name=P-7), Passenger(name=P-15)], duration=11, distance=5.0, discount=null), Trip(driver=Driver(name=D-6), passengers=[Passenger(name=P-16)], duration=8, distance=17.0, discount=null)), (Trip(driver=Driver(name=D-9), passengers=[Passenger(name=P-11), Passenger(name=P-10), Passenger(name=P-7), Passenger(name=P-15)], duration=11, distance=5.0, discount=null), Trip(driver=Driver(name=D-4), passengers=[Passenger(name=P-11)], duration=10, distance=12.0, discount=null)), (Trip(driver=Driver(name=D-9), passengers=[Passenger(name=P-11), Passenger(name=P-10), Passenger(name=P-7), Passenger(name=P-15)], duration=11, distance=5.0, discount=null), Trip(driver=Driver(name=D-8), passengers=[Passenger(name=P-8), Passenger(name=P-13)], duration=14, distance=4.0, discount=0.1)), (Trip(driver=Driver(name=D-9), passengers=[Passenger(name=P-11), Passenger(name=P-10), Passenger(name=P-7), Passenger(name=P-15)], duration=11, distance=5.0, discount=null), Trip(driver=Driver(name=D-6), passengers=[Passenger(name=P-19)], duration=14, distance=9.0, discount=null)), (Trip(driver=Driver(name=D-9), passengers=[Passenger(name=P-11), Passenger(name=P-10), Passenger(name=P-7), Passenger(name=P-15)], duration=11, distance=5.0, discount=null), Trip(driver=Driver(name=D-4), passengers=[Passenger(name=P-18), Passenger(name=P-10)], duration=6, distance=17.0, discount=0.1)), (Trip(driver=Driver(name=D-9), passengers=[Passenger(name=P-11), Passenger(name=P-10), Passenger(name=P-7), Passenger(name=P-15)], duration=11, distance=5.0, discount=null), Trip(driver=Driver(name=D-0), passengers=[Passenger(name=P-0)], duration=19, distance=17.0, discount=0.1)), (Trip(driver=Driver(name=D-9), passengers=[Passenger(name=P-11), Passenger(name=P-10), Passenger(name=P-7), Passenger(name=P-15)], duration=11, distance=5.0, discount=null), Trip(driver=Driver(name=D-7), passengers=[Passenger(name=P-2), Passenger(name=P-15)], duration=12, distance=9.0, discount=null)), (Trip(driver=Driver(name=D-9), passengers=[Passenger(name=P-11), Passenger(name=P-10), Passenger(name=P-7), Passenger(name=P-15)], duration=11, distance=5.0, discount=null), Trip(driver=Driver(name=D-9), passengers=[Passenger(name=P-11), Passenger(name=P-10), Passenger(name=P-7), Passenger(name=P-15)], duration=11, distance=5.0, discount=null)), (Trip(driver=Driver(name=D-9), passengers=[Passenger(name=P-11), Passenger(name=P-10), Passenger(name=P-7), Passenger(name=P-15)], duration=11, distance=5.0, discount=null), Trip(driver=Driver(name=D-3), passengers=[Passenger(name=P-1), Passenger(name=P-18)], duration=5, distance=14.0, discount=0.3)), (Trip(driver=Driver(name=D-9), passengers=[Passenger(name=P-11), Passenger(name=P-10), Passenger(name=P-7), Passenger(name=P-15)], duration=11, distance=5.0, discount=null), Trip(driver=Driver(name=D-2), passengers=[Passenger(name=P-19), Passenger(name=P-8)], duration=7, distance=8.0, discount=0.2)), (Trip(driver=Driver(name=D-9), passengers=[Passenger(name=P-11), Passenger(name=P-10), Passenger(name=P-7), Passenger(name=P-15)], duration=11, distance=5.0, discount=null), Trip(driver=Driver(name=D-1), passengers=[Passenger(name=P-11)], duration=11, distance=18.0, discount=null)), (Trip(driver=Driver(name=D-9), passengers=[Passenger(name=P-11), Passenger(name=P-10), Passenger(name=P-7), Passenger(name=P-15)], duration=11, distance=5.0, discount=null), Trip(driver=Driver(name=D-5), passengers=[Passenger(name=P-0), Passenger(name=P-18), Passenger(name=P-11), Passenger(name=P-14)], duration=6, distance=17.0, discount=0.3)), (Trip(driver=Driver(name=D-9), passengers=[Passenger(name=P-11), Passenger(name=P-10), Passenger(name=P-7), Passenger(name=P-15)], duration=11, distance=5.0, discount=null), Trip(driver=Driver(name=D-6), passengers=[Passenger(name=P-11), Passenger(name=P-6)], duration=1, distance=4.0, discount=null)), (Trip(driver=Driver(name=D-9), passengers=[Passenger(name=P-11), Passenger(name=P-10), Passenger(name=P-7), Passenger(name=P-15)], duration=11, distance=5.0, discount=null), Trip(driver=Driver(name=D-5), passengers=[Passenger(name=P-11)], duration=10, distance=19.0, discount=null)), (Trip(driver=Driver(name=D-9), passengers=[Passenger(name=P-11), Passenger(name=P-10), Passenger(name=P-7), Passenger(name=P-15)], duration=11, distance=5.0, discount=null), Trip(driver=Driver(name=D-8), passengers=[Passenger(name=P-0), Passenger(name=P-4)], duration=2, distance=12.0, discount=0.4)), (Trip(driver=Driver(name=D-9), passengers=[Passenger(name=P-11), Passenger(name=P-10), Passenger(name=P-7), Passenger(name=P-15)], duration=11, distance=5.0, discount=null), Trip(driver=Driver(name=D-6), passengers=[Passenger(name=P-16), Passenger(name=P-14)], duration=16, distance=0.0, discount=null)), (Trip(driver=Driver(name=D-9), passengers=[Passenger(name=P-11), Passenger(name=P-10), Passenger(name=P-7), Passenger(name=P-15)], duration=11, distance=5.0, discount=null), Trip(driver=Driver(name=D-3), passengers=[Passenger(name=P-12)], duration=2, distance=15.0, discount=0.2)), (Trip(driver=Driver(name=D-9), passengers=[Passenger(name=P-11), Passenger(name=P-10), Passenger(name=P-7), Passenger(name=P-15)], duration=11, distance=5.0, discount=null), Trip(driver=Driver(name=D-5), passengers=[Passenger(name=P-15), Passenger(name=P-6)], duration=5, distance=6.0, discount=null)), (Trip(driver=Driver(name=D-9), passengers=[Passenger(name=P-11), Passenger(name=P-10), Passenger(name=P-7), Passenger(name=P-15)], duration=11, distance=5.0, discount=null), Trip(driver=Driver(name=D-8), passengers=[Passenger(name=P-4), Passenger(name=P-19)], duration=12, distance=0.0, discount=null)), (Trip(driver=Driver(name=D-9), passengers=[Passenger(name=P-11), Passenger(name=P-10), Passenger(name=P-7), Passenger(name=P-15)], duration=11, distance=5.0, discount=null), Trip(driver=Driver(name=D-4), passengers=[Passenger(name=P-8), Passenger(name=P-14)], duration=4, distance=19.0, discount=null)), (Trip(driver=Driver(name=D-9), passengers=[Passenger(name=P-11), Passenger(name=P-10), Passenger(name=P-7), Passenger(name=P-15)], duration=11, distance=5.0, discount=null), Trip(driver=Driver(name=D-3), passengers=[Passenger(name=P-0)], duration=14, distance=19.0, discount=0.3)), (Trip(driver=Driver(name=D-9), passengers=[Passenger(name=P-11), Passenger(name=P-10), Passenger(name=P-7), Passenger(name=P-15)], duration=11, distance=5.0, discount=null), Trip(driver=Driver(name=D-3), passengers=[Passenger(name=P-9)], duration=16, distance=5.0, discount=null)), (Trip(driver=Driver(name=D-9), passengers=[Passenger(name=P-11), Passenger(name=P-10), Passenger(name=P-7), Passenger(name=P-15)], duration=11, distance=5.0, discount=null), Trip(driver=Driver(name=D-2), passengers=[Passenger(name=P-7), Passenger(name=P-6), Passenger(name=P-12)], duration=4, distance=19.0, discount=null)), (Trip(driver=Driver(name=D-9), passengers=[Passenger(name=P-11), Passenger(name=P-10), Passenger(name=P-7), Passenger(name=P-15)], duration=11, distance=5.0, discount=null), Trip(driver=Driver(name=D-9), passengers=[Passenger(name=P-0), Passenger(name=P-1)], duration=10, distance=1.0, discount=null)), (Trip(driver=Driver(name=D-9), passengers=[Passenger(name=P-11), Passenger(name=P-10), Passenger(name=P-7), Passenger(name=P-15)], duration=11, distance=5.0, discount=null), Trip(driver=Driver(name=D-8), passengers=[Passenger(name=P-16)], duration=10, distance=4.0, discount=null)), (Trip(driver=Driver(name=D-9), passengers=[Passenger(name=P-11), Passenger(name=P-10), Passenger(name=P-7), Passenger(name=P-15)], duration=11, distance=5.0, discount=null), Trip(driver=Driver(name=D-7), passengers=[Passenger(name=P-16), Passenger(name=P-3)], duration=12, distance=10.0, discount=0.4)), (Trip(driver=Driver(name=D-9), passengers=[Passenger(name=P-11), Passenger(name=P-10), Passenger(name=P-7), Passenger(name=P-15)], duration=11, distance=5.0, discount=null), Trip(driver=Driver(name=D-9), passengers=[Passenger(name=P-18), Passenger(name=P-0)], duration=15, distance=14.0, discount=0.2)), (Trip(driver=Driver(name=D-9), passengers=[Passenger(name=P-11), Passenger(name=P-10), Passenger(name=P-7), Passenger(name=P-15)], duration=11, distance=5.0, discount=null), Trip(driver=Driver(name=D-9), passengers=[Passenger(name=P-10)], duration=2, distance=2.0, discount=0.2)), (Trip(driver=Driver(name=D-9), passengers=[Passenger(name=P-11), Passenger(name=P-10), Passenger(name=P-7), Passenger(name=P-15)], duration=11, distance=5.0, discount=null), Trip(driver=Driver(name=D-4), passengers=[Passenger(name=P-11), Passenger(name=P-14), Passenger(name=P-18)], duration=4, distance=3.0, discount=null)), (Trip(driver=Driver(name=D-9), passengers=[Passenger(name=P-11), Passenger(name=P-10), Passenger(name=P-7), Passenger(name=P-15)], duration=11, distance=5.0, discount=null), Trip(driver=Driver(name=D-7), passengers=[Passenger(name=P-5)], duration=0, distance=4.0, discount=null)), (Trip(driver=Driver(name=D-9), passengers=[Passenger(name=P-11), Passenger(name=P-10), Passenger(name=P-7), Passenger(name=P-15)], duration=11, distance=5.0, discount=null), Trip(driver=Driver(name=D-9), passengers=[Passenger(name=P-13), Passenger(name=P-17)], duration=0, distance=8.0, discount=0.3)), (Trip(driver=Driver(name=D-9), passengers=[Passenger(name=P-11), Passenger(name=P-10), Passenger(name=P-7), Passenger(name=P-15)], duration=11, distance=5.0, discount=null), Trip(driver=Driver(name=D-3), passengers=[Passenger(name=P-8), Passenger(name=P-5)], duration=16, distance=3.0, discount=null)), (Trip(driver=Driver(name=D-9), passengers=[Passenger(name=P-11), Passenger(name=P-10), Passenger(name=P-7), Passenger(name=P-15)], duration=11, distance=5.0, discount=null), Trip(driver=Driver(name=D-9), passengers=[Passenger(name=P-19), Passenger(name=P-7)], duration=1, distance=3.0, discount=null)), (Trip(driver=Driver(name=D-9), passengers=[Passenger(name=P-11), Passenger(name=P-10), Passenger(name=P-7), Passenger(name=P-15)], duration=11, distance=5.0, discount=null), Trip(driver=Driver(name=D-6), passengers=[Passenger(name=P-4), Passenger(name=P-17)], duration=10, distance=18.0, discount=null)), (Trip(driver=Driver(name=D-9), passengers=[Passenger(name=P-11), Passenger(name=P-10), Passenger(name=P-7), Passenger(name=P-15)], duration=11, distance=5.0, discount=null), Trip(driver=Driver(name=D-2), passengers=[Passenger(name=P-7), Passenger(name=P-12)], duration=9, distance=6.0, discount=0.2)), (Trip(driver=Driver(name=D-9), passengers=[Passenger(name=P-11), Passenger(name=P-10), Passenger(name=P-7), Passenger(name=P-15)], duration=11, distance=5.0, discount=null), Trip(driver=Driver(name=D-6), passengers=[Passenger(name=P-4), Passenger(name=P-11)], duration=8, distance=5.0, discount=null)), (Trip(driver=Driver(name=D-9), passengers=[Passenger(name=P-11), Passenger(name=P-10), Passenger(name=P-7), Passenger(name=P-15)], duration=11, distance=5.0, discount=null), Trip(driver=Driver(name=D-5), passengers=[Passenger(name=P-0)], duration=3, distance=15.0, discount=0.4)), (Trip(driver=Driver(name=D-9), passengers=[Passenger(name=P-11), Passenger(name=P-10), Passenger(name=P-7), Passenger(name=P-15)], duration=11, distance=5.0, discount=null), Trip(driver=Driver(name=D-3), passengers=[Passenger(name=P-1)], duration=1, distance=13.0, discount=null)), (Trip(driver=Driver(name=D-9), passengers=[Passenger(name=P-11), Passenger(name=P-10), Passenger(name=P-7), Passenger(name=P-15)], duration=11, distance=5.0, discount=null), Trip(driver=Driver(name=D-5), passengers=[Passenger(name=P-11)], duration=17, distance=16.0, discount=null)), (Trip(driver=Driver(name=D-9), passengers=[Passenger(name=P-11), Passenger(name=P-10), Passenger(name=P-7), Passenger(name=P-15)], duration=11, distance=5.0, discount=null), Trip(driver=Driver(name=D-3), passengers=[Passenger(name=P-2), Passenger(name=P-19), Passenger(name=P-8), Passenger(name=P-1)], duration=10, distance=15.0, discount=null))]
item [(Trip(driver=Driver(name=D-3), passengers=[Passenger(name=P-1), Passenger(name=P-18)], duration=5, distance=14.0, discount=0.3), Trip(driver=Driver(name=D-6), passengers=[Passenger(name=P-16)], duration=8, distance=17.0, discount=null)), (Trip(driver=Driver(name=D-3), passengers=[Passenger(name=P-1), Passenger(name=P-18)], duration=5, distance=14.0, discount=0.3), Trip(driver=Driver(name=D-4), passengers=[Passenger(name=P-11)], duration=10, distance=12.0, discount=null)), (Trip(driver=Driver(name=D-3), passengers=[Passenger(name=P-1), Passenger(name=P-18)], duration=5, distance=14.0, discount=0.3), Trip(driver=Driver(name=D-8), passengers=[Passenger(name=P-8), Passenger(name=P-13)], duration=14, distance=4.0, discount=0.1)), (Trip(driver=Driver(name=D-3), passengers=[Passenger(name=P-1), Passenger(name=P-18)], duration=5, distance=14.0, discount=0.3), Trip(driver=Driver(name=D-6), passengers=[Passenger(name=P-19)], duration=14, distance=9.0, discount=null)), (Trip(driver=Driver(name=D-3), passengers=[Passenger(name=P-1), Passenger(name=P-18)], duration=5, distance=14.0, discount=0.3), Trip(driver=Driver(name=D-4), passengers=[Passenger(name=P-18), Passenger(name=P-10)], duration=6, distance=17.0, discount=0.1)), (Trip(driver=Driver(name=D-3), passengers=[Passenger(name=P-1), Passenger(name=P-18)], duration=5, distance=14.0, discount=0.3), Trip(driver=Driver(name=D-0), passengers=[Passenger(name=P-0)], duration=19, distance=17.0, discount=0.1)), (Trip(driver=Driver(name=D-3), passengers=[Passenger(name=P-1), Passenger(name=P-18)], duration=5, distance=14.0, discount=0.3), Trip(driver=Driver(name=D-7), passengers=[Passenger(name=P-2), Passenger(name=P-15)], duration=12, distance=9.0, discount=null)), (Trip(driver=Driver(name=D-3), passengers=[Passenger(name=P-1), Passenger(name=P-18)], duration=5, distance=14.0, discount=0.3), Trip(driver=Driver(name=D-9), passengers=[Passenger(name=P-11), Passenger(name=P-10), Passenger(name=P-7), Passenger(name=P-15)], duration=11, distance=5.0, discount=null)), (Trip(driver=Driver(name=D-3), passengers=[Passenger(name=P-1), Passenger(name=P-18)], duration=5, distance=14.0, discount=0.3), Trip(driver=Driver(name=D-3), passengers=[Passenger(name=P-1), Passenger(name=P-18)], duration=5, distance=14.0, discount=0.3)), (Trip(driver=Driver(name=D-3), passengers=[Passenger(name=P-1), Passenger(name=P-18)], duration=5, distance=14.0, discount=0.3), Trip(driver=Driver(name=D-2), passengers=[Passenger(name=P-19), Passenger(name=P-8)], duration=7, distance=8.0, discount=0.2)), (Trip(driver=Driver(name=D-3), passengers=[Passenger(name=P-1), Passenger(name=P-18)], duration=5, distance=14.0, discount=0.3), Trip(driver=Driver(name=D-1), passengers=[Passenger(name=P-11)], duration=11, distance=18.0, discount=null)), (Trip(driver=Driver(name=D-3), passengers=[Passenger(name=P-1), Passenger(name=P-18)], duration=5, distance=14.0, discount=0.3), Trip(driver=Driver(name=D-5), passengers=[Passenger(name=P-0), Passenger(name=P-18), Passenger(name=P-11), Passenger(name=P-14)], duration=6, distance=17.0, discount=0.3)), (Trip(driver=Driver(name=D-3), passengers=[Passenger(name=P-1), Passenger(name=P-18)], duration=5, distance=14.0, discount=0.3), Trip(driver=Driver(name=D-6), passengers=[Passenger(name=P-11), Passenger(name=P-6)], duration=1, distance=4.0, discount=null)), (Trip(driver=Driver(name=D-3), passengers=[Passenger(name=P-1), Passenger(name=P-18)], duration=5, distance=14.0, discount=0.3), Trip(driver=Driver(name=D-5), passengers=[Passenger(name=P-11)], duration=10, distance=19.0, discount=null)), (Trip(driver=Driver(name=D-3), passengers=[Passenger(name=P-1), Passenger(name=P-18)], duration=5, distance=14.0, discount=0.3), Trip(driver=Driver(name=D-8), passengers=[Passenger(name=P-0), Passenger(name=P-4)], duration=2, distance=12.0, discount=0.4)), (Trip(driver=Driver(name=D-3), passengers=[Passenger(name=P-1), Passenger(name=P-18)], duration=5, distance=14.0, discount=0.3), Trip(driver=Driver(name=D-6), passengers=[Passenger(name=P-16), Passenger(name=P-14)], duration=16, distance=0.0, discount=null)), (Trip(driver=Driver(name=D-3), passengers=[Passenger(name=P-1), Passenger(name=P-18)], duration=5, distance=14.0, discount=0.3), Trip(driver=Driver(name=D-3), passengers=[Passenger(name=P-12)], duration=2, distance=15.0, discount=0.2)), (Trip(driver=Driver(name=D-3), passengers=[Passenger(name=P-1), Passenger(name=P-18)], duration=5, distance=14.0, discount=0.3), Trip(driver=Driver(name=D-5), passengers=[Passenger(name=P-15), Passenger(name=P-6)], duration=5, distance=6.0, discount=null)), (Trip(driver=Driver(name=D-3), passengers=[Passenger(name=P-1), Passenger(name=P-18)], duration=5, distance=14.0, discount=0.3), Trip(driver=Driver(name=D-8), passengers=[Passenger(name=P-4), Passenger(name=P-19)], duration=12, distance=0.0, discount=null)), (Trip(driver=Driver(name=D-3), passengers=[Passenger(name=P-1), Passenger(name=P-18)], duration=5, distance=14.0, discount=0.3), Trip(driver=Driver(name=D-4), passengers=[Passenger(name=P-8), Passenger(name=P-14)], duration=4, distance=19.0, discount=null)), (Trip(driver=Driver(name=D-3), passengers=[Passenger(name=P-1), Passenger(name=P-18)], duration=5, distance=14.0, discount=0.3), Trip(driver=Driver(name=D-3), passengers=[Passenger(name=P-0)], duration=14, distance=19.0, discount=0.3)), (Trip(driver=Driver(name=D-3), passengers=[Passenger(name=P-1), Passenger(name=P-18)], duration=5, distance=14.0, discount=0.3), Trip(driver=Driver(name=D-3), passengers=[Passenger(name=P-9)], duration=16, distance=5.0, discount=null)), (Trip(driver=Driver(name=D-3), passengers=[Passenger(name=P-1), Passenger(name=P-18)], duration=5, distance=14.0, discount=0.3), Trip(driver=Driver(name=D-2), passengers=[Passenger(name=P-7), Passenger(name=P-6), Passenger(name=P-12)], duration=4, distance=19.0, discount=null)), (Trip(driver=Driver(name=D-3), passengers=[Passenger(name=P-1), Passenger(name=P-18)], duration=5, distance=14.0, discount=0.3), Trip(driver=Driver(name=D-9), passengers=[Passenger(name=P-0), Passenger(name=P-1)], duration=10, distance=1.0, discount=null)), (Trip(driver=Driver(name=D-3), passengers=[Passenger(name=P-1), Passenger(name=P-18)], duration=5, distance=14.0, discount=0.3), Trip(driver=Driver(name=D-8), passengers=[Passenger(name=P-16)], duration=10, distance=4.0, discount=null)), (Trip(driver=Driver(name=D-3), passengers=[Passenger(name=P-1), Passenger(name=P-18)], duration=5, distance=14.0, discount=0.3), Trip(driver=Driver(name=D-7), passengers=[Passenger(name=P-16), Passenger(name=P-3)], duration=12, distance=10.0, discount=0.4)), (Trip(driver=Driver(name=D-3), passengers=[Passenger(name=P-1), Passenger(name=P-18)], duration=5, distance=14.0, discount=0.3), Trip(driver=Driver(name=D-9), passengers=[Passenger(name=P-18), Passenger(name=P-0)], duration=15, distance=14.0, discount=0.2)), (Trip(driver=Driver(name=D-3), passengers=[Passenger(name=P-1), Passenger(name=P-18)], duration=5, distance=14.0, discount=0.3), Trip(driver=Driver(name=D-9), passengers=[Passenger(name=P-10)], duration=2, distance=2.0, discount=0.2)), (Trip(driver=Driver(name=D-3), passengers=[Passenger(name=P-1), Passenger(name=P-18)], duration=5, distance=14.0, discount=0.3), Trip(driver=Driver(name=D-4), passengers=[Passenger(name=P-11), Passenger(name=P-14), Passenger(name=P-18)], duration=4, distance=3.0, discount=null)), (Trip(driver=Driver(name=D-3), passengers=[Passenger(name=P-1), Passenger(name=P-18)], duration=5, distance=14.0, discount=0.3), Trip(driver=Driver(name=D-7), passengers=[Passenger(name=P-5)], duration=0, distance=4.0, discount=null)), (Trip(driver=Driver(name=D-3), passengers=[Passenger(name=P-1), Passenger(name=P-18)], duration=5, distance=14.0, discount=0.3), Trip(driver=Driver(name=D-9), passengers=[Passenger(name=P-13), Passenger(name=P-17)], duration=0, distance=8.0, discount=0.3)), (Trip(driver=Driver(name=D-3), passengers=[Passenger(name=P-1), Passenger(name=P-18)], duration=5, distance=14.0, discount=0.3), Trip(driver=Driver(name=D-3), passengers=[Passenger(name=P-8), Passenger(name=P-5)], duration=16, distance=3.0, discount=null)), (Trip(driver=Driver(name=D-3), passengers=[Passenger(name=P-1), Passenger(name=P-18)], duration=5, distance=14.0, discount=0.3), Trip(driver=Driver(name=D-9), passengers=[Passenger(name=P-19), Passenger(name=P-7)], duration=1, distance=3.0, discount=null)), (Trip(driver=Driver(name=D-3), passengers=[Passenger(name=P-1), Passenger(name=P-18)], duration=5, distance=14.0, discount=0.3), Trip(driver=Driver(name=D-6), passengers=[Passenger(name=P-4), Passenger(name=P-17)], duration=10, distance=18.0, discount=null)), (Trip(driver=Driver(name=D-3), passengers=[Passenger(name=P-1), Passenger(name=P-18)], duration=5, distance=14.0, discount=0.3), Trip(driver=Driver(name=D-2), passengers=[Passenger(name=P-7), Passenger(name=P-12)], duration=9, distance=6.0, discount=0.2)), (Trip(driver=Driver(name=D-3), passengers=[Passenger(name=P-1), Passenger(name=P-18)], duration=5, distance=14.0, discount=0.3), Trip(driver=Driver(name=D-6), passengers=[Passenger(name=P-4), Passenger(name=P-11)], duration=8, distance=5.0, discount=null)), (Trip(driver=Driver(name=D-3), passengers=[Passenger(name=P-1), Passenger(name=P-18)], duration=5, distance=14.0, discount=0.3), Trip(driver=Driver(name=D-5), passengers=[Passenger(name=P-0)], duration=3, distance=15.0, discount=0.4)), (Trip(driver=Driver(name=D-3), passengers=[Passenger(name=P-1), Passenger(name=P-18)], duration=5, distance=14.0, discount=0.3), Trip(driver=Driver(name=D-3), passengers=[Passenger(name=P-1)], duration=1, distance=13.0, discount=null)), (Trip(driver=Driver(name=D-3), passengers=[Passenger(name=P-1), Passenger(name=P-18)], duration=5, distance=14.0, discount=0.3), Trip(driver=Driver(name=D-5), passengers=[Passenger(name=P-11)], duration=17, distance=16.0, discount=null)), (Trip(driver=Driver(name=D-3), passengers=[Passenger(name=P-1), Passenger(name=P-18)], duration=5, distance=14.0, discount=0.3), Trip(driver=Driver(name=D-3), passengers=[Passenger(name=P-2), Passenger(name=P-19), Passenger(name=P-8), Passenger(name=P-1)], duration=10, distance=15.0, discount=null))]
item [(Trip(driver=Driver(name=D-2), passengers=[Passenger(name=P-19), Passenger(name=P-8)], duration=7, distance=8.0, discount=0.2), Trip(driver=Driver(name=D-6), passengers=[Passenger(name=P-16)], duration=8, distance=17.0, discount=null)), (Trip(driver=Driver(name=D-2), passengers=[Passenger(name=P-19), Passenger(name=P-8)], duration=7, distance=8.0, discount=0.2), Trip(driver=Driver(name=D-4), passengers=[Passenger(name=P-11)], duration=10, distance=12.0, discount=null)), (Trip(driver=Driver(name=D-2), passengers=[Passenger(name=P-19), Passenger(name=P-8)], duration=7, distance=8.0, discount=0.2), Trip(driver=Driver(name=D-8), passengers=[Passenger(name=P-8), Passenger(name=P-13)], duration=14, distance=4.0, discount=0.1)), (Trip(driver=Driver(name=D-2), passengers=[Passenger(name=P-19), Passenger(name=P-8)], duration=7, distance=8.0, discount=0.2), Trip(driver=Driver(name=D-6), passengers=[Passenger(name=P-19)], duration=14, distance=9.0, discount=null)), (Trip(driver=Driver(name=D-2), passengers=[Passenger(name=P-19), Passenger(name=P-8)], duration=7, distance=8.0, discount=0.2), Trip(driver=Driver(name=D-4), passengers=[Passenger(name=P-18), Passenger(name=P-10)], duration=6, distance=17.0, discount=0.1)), (Trip(driver=Driver(name=D-2), passengers=[Passenger(name=P-19), Passenger(name=P-8)], duration=7, distance=8.0, discount=0.2), Trip(driver=Driver(name=D-0), passengers=[Passenger(name=P-0)], duration=19, distance=17.0, discount=0.1)), (Trip(driver=Driver(name=D-2), passengers=[Passenger(name=P-19), Passenger(name=P-8)], duration=7, distance=8.0, discount=0.2), Trip(driver=Driver(name=D-7), passengers=[Passenger(name=P-2), Passenger(name=P-15)], duration=12, distance=9.0, discount=null)), (Trip(driver=Driver(name=D-2), passengers=[Passenger(name=P-19), Passenger(name=P-8)], duration=7, distance=8.0, discount=0.2), Trip(driver=Driver(name=D-9), passengers=[Passenger(name=P-11), Passenger(name=P-10), Passenger(name=P-7), Passenger(name=P-15)], duration=11, distance=5.0, discount=null)), (Trip(driver=Driver(name=D-2), passengers=[Passenger(name=P-19), Passenger(name=P-8)], duration=7, distance=8.0, discount=0.2), Trip(driver=Driver(name=D-3), passengers=[Passenger(name=P-1), Passenger(name=P-18)], duration=5, distance=14.0, discount=0.3)), (Trip(driver=Driver(name=D-2), passengers=[Passenger(name=P-19), Passenger(name=P-8)], duration=7, distance=8.0, discount=0.2), Trip(driver=Driver(name=D-2), passengers=[Passenger(name=P-19), Passenger(name=P-8)], duration=7, distance=8.0, discount=0.2)), (Trip(driver=Driver(name=D-2), passengers=[Passenger(name=P-19), Passenger(name=P-8)], duration=7, distance=8.0, discount=0.2), Trip(driver=Driver(name=D-1), passengers=[Passenger(name=P-11)], duration=11, distance=18.0, discount=null)), (Trip(driver=Driver(name=D-2), passengers=[Passenger(name=P-19), Passenger(name=P-8)], duration=7, distance=8.0, discount=0.2), Trip(driver=Driver(name=D-5), passengers=[Passenger(name=P-0), Passenger(name=P-18), Passenger(name=P-11), Passenger(name=P-14)], duration=6, distance=17.0, discount=0.3)), (Trip(driver=Driver(name=D-2), passengers=[Passenger(name=P-19), Passenger(name=P-8)], duration=7, distance=8.0, discount=0.2), Trip(driver=Driver(name=D-6), passengers=[Passenger(name=P-11), Passenger(name=P-6)], duration=1, distance=4.0, discount=null)), (Trip(driver=Driver(name=D-2), passengers=[Passenger(name=P-19), Passenger(name=P-8)], duration=7, distance=8.0, discount=0.2), Trip(driver=Driver(name=D-5), passengers=[Passenger(name=P-11)], duration=10, distance=19.0, discount=null)), (Trip(driver=Driver(name=D-2), passengers=[Passenger(name=P-19), Passenger(name=P-8)], duration=7, distance=8.0, discount=0.2), Trip(driver=Driver(name=D-8), passengers=[Passenger(name=P-0), Passenger(name=P-4)], duration=2, distance=12.0, discount=0.4)), (Trip(driver=Driver(name=D-2), passengers=[Passenger(name=P-19), Passenger(name=P-8)], duration=7, distance=8.0, discount=0.2), Trip(driver=Driver(name=D-6), passengers=[Passenger(name=P-16), Passenger(name=P-14)], duration=16, distance=0.0, discount=null)), (Trip(driver=Driver(name=D-2), passengers=[Passenger(name=P-19), Passenger(name=P-8)], duration=7, distance=8.0, discount=0.2), Trip(driver=Driver(name=D-3), passengers=[Passenger(name=P-12)], duration=2, distance=15.0, discount=0.2)), (Trip(driver=Driver(name=D-2), passengers=[Passenger(name=P-19), Passenger(name=P-8)], duration=7, distance=8.0, discount=0.2), Trip(driver=Driver(name=D-5), passengers=[Passenger(name=P-15), Passenger(name=P-6)], duration=5, distance=6.0, discount=null)), (Trip(driver=Driver(name=D-2), passengers=[Passenger(name=P-19), Passenger(name=P-8)], duration=7, distance=8.0, discount=0.2), Trip(driver=Driver(name=D-8), passengers=[Passenger(name=P-4), Passenger(name=P-19)], duration=12, distance=0.0, discount=null)), (Trip(driver=Driver(name=D-2), passengers=[Passenger(name=P-19), Passenger(name=P-8)], duration=7, distance=8.0, discount=0.2), Trip(driver=Driver(name=D-4), passengers=[Passenger(name=P-8), Passenger(name=P-14)], duration=4, distance=19.0, discount=null)), (Trip(driver=Driver(name=D-2), passengers=[Passenger(name=P-19), Passenger(name=P-8)], duration=7, distance=8.0, discount=0.2), Trip(driver=Driver(name=D-3), passengers=[Passenger(name=P-0)], duration=14, distance=19.0, discount=0.3)), (Trip(driver=Driver(name=D-2), passengers=[Passenger(name=P-19), Passenger(name=P-8)], duration=7, distance=8.0, discount=0.2), Trip(driver=Driver(name=D-3), passengers=[Passenger(name=P-9)], duration=16, distance=5.0, discount=null)), (Trip(driver=Driver(name=D-2), passengers=[Passenger(name=P-19), Passenger(name=P-8)], duration=7, distance=8.0, discount=0.2), Trip(driver=Driver(name=D-2), passengers=[Passenger(name=P-7), Passenger(name=P-6), Passenger(name=P-12)], duration=4, distance=19.0, discount=null)), (Trip(driver=Driver(name=D-2), passengers=[Passenger(name=P-19), Passenger(name=P-8)], duration=7, distance=8.0, discount=0.2), Trip(driver=Driver(name=D-9), passengers=[Passenger(name=P-0), Passenger(name=P-1)], duration=10, distance=1.0, discount=null)), (Trip(driver=Driver(name=D-2), passengers=[Passenger(name=P-19), Passenger(name=P-8)], duration=7, distance=8.0, discount=0.2), Trip(driver=Driver(name=D-8), passengers=[Passenger(name=P-16)], duration=10, distance=4.0, discount=null)), (Trip(driver=Driver(name=D-2), passengers=[Passenger(name=P-19), Passenger(name=P-8)], duration=7, distance=8.0, discount=0.2), Trip(driver=Driver(name=D-7), passengers=[Passenger(name=P-16), Passenger(name=P-3)], duration=12, distance=10.0, discount=0.4)), (Trip(driver=Driver(name=D-2), passengers=[Passenger(name=P-19), Passenger(name=P-8)], duration=7, distance=8.0, discount=0.2), Trip(driver=Driver(name=D-9), passengers=[Passenger(name=P-18), Passenger(name=P-0)], duration=15, distance=14.0, discount=0.2)), (Trip(driver=Driver(name=D-2), passengers=[Passenger(name=P-19), Passenger(name=P-8)], duration=7, distance=8.0, discount=0.2), Trip(driver=Driver(name=D-9), passengers=[Passenger(name=P-10)], duration=2, distance=2.0, discount=0.2)), (Trip(driver=Driver(name=D-2), passengers=[Passenger(name=P-19), Passenger(name=P-8)], duration=7, distance=8.0, discount=0.2), Trip(driver=Driver(name=D-4), passengers=[Passenger(name=P-11), Passenger(name=P-14), Passenger(name=P-18)], duration=4, distance=3.0, discount=null)), (Trip(driver=Driver(name=D-2), passengers=[Passenger(name=P-19), Passenger(name=P-8)], duration=7, distance=8.0, discount=0.2), Trip(driver=Driver(name=D-7), passengers=[Passenger(name=P-5)], duration=0, distance=4.0, discount=null)), (Trip(driver=Driver(name=D-2), passengers=[Passenger(name=P-19), Passenger(name=P-8)], duration=7, distance=8.0, discount=0.2), Trip(driver=Driver(name=D-9), passengers=[Passenger(name=P-13), Passenger(name=P-17)], duration=0, distance=8.0, discount=0.3)), (Trip(driver=Driver(name=D-2), passengers=[Passenger(name=P-19), Passenger(name=P-8)], duration=7, distance=8.0, discount=0.2), Trip(driver=Driver(name=D-3), passengers=[Passenger(name=P-8), Passenger(name=P-5)], duration=16, distance=3.0, discount=null)), (Trip(driver=Driver(name=D-2), passengers=[Passenger(name=P-19), Passenger(name=P-8)], duration=7, distance=8.0, discount=0.2), Trip(driver=Driver(name=D-9), passengers=[Passenger(name=P-19), Passenger(name=P-7)], duration=1, distance=3.0, discount=null)), (Trip(driver=Driver(name=D-2), passengers=[Passenger(name=P-19), Passenger(name=P-8)], duration=7, distance=8.0, discount=0.2), Trip(driver=Driver(name=D-6), passengers=[Passenger(name=P-4), Passenger(name=P-17)], duration=10, distance=18.0, discount=null)), (Trip(driver=Driver(name=D-2), passengers=[Passenger(name=P-19), Passenger(name=P-8)], duration=7, distance=8.0, discount=0.2), Trip(driver=Driver(name=D-2), passengers=[Passenger(name=P-7), Passenger(name=P-12)], duration=9, distance=6.0, discount=0.2)), (Trip(driver=Driver(name=D-2), passengers=[Passenger(name=P-19), Passenger(name=P-8)], duration=7, distance=8.0, discount=0.2), Trip(driver=Driver(name=D-6), passengers=[Passenger(name=P-4), Passenger(name=P-11)], duration=8, distance=5.0, discount=null)), (Trip(driver=Driver(name=D-2), passengers=[Passenger(name=P-19), Passenger(name=P-8)], duration=7, distance=8.0, discount=0.2), Trip(driver=Driver(name=D-5), passengers=[Passenger(name=P-0)], duration=3, distance=15.0, discount=0.4)), (Trip(driver=Driver(name=D-2), passengers=[Passenger(name=P-19), Passenger(name=P-8)], duration=7, distance=8.0, discount=0.2), Trip(driver=Driver(name=D-3), passengers=[Passenger(name=P-1)], duration=1, distance=13.0, discount=null)), (Trip(driver=Driver(name=D-2), passengers=[Passenger(name=P-19), Passenger(name=P-8)], duration=7, distance=8.0, discount=0.2), Trip(driver=Driver(name=D-5), passengers=[Passenger(name=P-11)], duration=17, distance=16.0, discount=null)), (Trip(driver=Driver(name=D-2), passengers=[Passenger(name=P-19), Passenger(name=P-8)], duration=7, distance=8.0, discount=0.2), Trip(driver=Driver(name=D-3), passengers=[Passenger(name=P-2), Passenger(name=P-19), Passenger(name=P-8), Passenger(name=P-1)], duration=10, distance=15.0, discount=null))]
item [(Trip(driver=Driver(name=D-1), passengers=[Passenger(name=P-11)], duration=11, distance=18.0, discount=null), Trip(driver=Driver(name=D-6), passengers=[Passenger(name=P-16)], duration=8, distance=17.0, discount=null)), (Trip(driver=Driver(name=D-1), passengers=[Passenger(name=P-11)], duration=11, distance=18.0, discount=null), Trip(driver=Driver(name=D-4), passengers=[Passenger(name=P-11)], duration=10, distance=12.0, discount=null)), (Trip(driver=Driver(name=D-1), passengers=[Passenger(name=P-11)], duration=11, distance=18.0, discount=null), Trip(driver=Driver(name=D-8), passengers=[Passenger(name=P-8), Passenger(name=P-13)], duration=14, distance=4.0, discount=0.1)), (Trip(driver=Driver(name=D-1), passengers=[Passenger(name=P-11)], duration=11, distance=18.0, discount=null), Trip(driver=Driver(name=D-6), passengers=[Passenger(name=P-19)], duration=14, distance=9.0, discount=null)), (Trip(driver=Driver(name=D-1), passengers=[Passenger(name=P-11)], duration=11, distance=18.0, discount=null), Trip(driver=Driver(name=D-4), passengers=[Passenger(name=P-18), Passenger(name=P-10)], duration=6, distance=17.0, discount=0.1)), (Trip(driver=Driver(name=D-1), passengers=[Passenger(name=P-11)], duration=11, distance=18.0, discount=null), Trip(driver=Driver(name=D-0), passengers=[Passenger(name=P-0)], duration=19, distance=17.0, discount=0.1)), (Trip(driver=Driver(name=D-1), passengers=[Passenger(name=P-11)], duration=11, distance=18.0, discount=null), Trip(driver=Driver(name=D-7), passengers=[Passenger(name=P-2), Passenger(name=P-15)], duration=12, distance=9.0, discount=null)), (Trip(driver=Driver(name=D-1), passengers=[Passenger(name=P-11)], duration=11, distance=18.0, discount=null), Trip(driver=Driver(name=D-9), passengers=[Passenger(name=P-11), Passenger(name=P-10), Passenger(name=P-7), Passenger(name=P-15)], duration=11, distance=5.0, discount=null)), (Trip(driver=Driver(name=D-1), passengers=[Passenger(name=P-11)], duration=11, distance=18.0, discount=null), Trip(driver=Driver(name=D-3), passengers=[Passenger(name=P-1), Passenger(name=P-18)], duration=5, distance=14.0, discount=0.3)), (Trip(driver=Driver(name=D-1), passengers=[Passenger(name=P-11)], duration=11, distance=18.0, discount=null), Trip(driver=Driver(name=D-2), passengers=[Passenger(name=P-19), Passenger(name=P-8)], duration=7, distance=8.0, discount=0.2)), (Trip(driver=Driver(name=D-1), passengers=[Passenger(name=P-11)], duration=11, distance=18.0, discount=null), Trip(driver=Driver(name=D-1), passengers=[Passenger(name=P-11)], duration=11, distance=18.0, discount=null)), (Trip(driver=Driver(name=D-1), passengers=[Passenger(name=P-11)], duration=11, distance=18.0, discount=null), Trip(driver=Driver(name=D-5), passengers=[Passenger(name=P-0), Passenger(name=P-18), Passenger(name=P-11), Passenger(name=P-14)], duration=6, distance=17.0, discount=0.3)), (Trip(driver=Driver(name=D-1), passengers=[Passenger(name=P-11)], duration=11, distance=18.0, discount=null), Trip(driver=Driver(name=D-6), passengers=[Passenger(name=P-11), Passenger(name=P-6)], duration=1, distance=4.0, discount=null)), (Trip(driver=Driver(name=D-1), passengers=[Passenger(name=P-11)], duration=11, distance=18.0, discount=null), Trip(driver=Driver(name=D-5), passengers=[Passenger(name=P-11)], duration=10, distance=19.0, discount=null)), (Trip(driver=Driver(name=D-1), passengers=[Passenger(name=P-11)], duration=11, distance=18.0, discount=null), Trip(driver=Driver(name=D-8), passengers=[Passenger(name=P-0), Passenger(name=P-4)], duration=2, distance=12.0, discount=0.4)), (Trip(driver=Driver(name=D-1), passengers=[Passenger(name=P-11)], duration=11, distance=18.0, discount=null), Trip(driver=Driver(name=D-6), passengers=[Passenger(name=P-16), Passenger(name=P-14)], duration=16, distance=0.0, discount=null)), (Trip(driver=Driver(name=D-1), passengers=[Passenger(name=P-11)], duration=11, distance=18.0, discount=null), Trip(driver=Driver(name=D-3), passengers=[Passenger(name=P-12)], duration=2, distance=15.0, discount=0.2)), (Trip(driver=Driver(name=D-1), passengers=[Passenger(name=P-11)], duration=11, distance=18.0, discount=null), Trip(driver=Driver(name=D-5), passengers=[Passenger(name=P-15), Passenger(name=P-6)], duration=5, distance=6.0, discount=null)), (Trip(driver=Driver(name=D-1), passengers=[Passenger(name=P-11)], duration=11, distance=18.0, discount=null), Trip(driver=Driver(name=D-8), passengers=[Passenger(name=P-4), Passenger(name=P-19)], duration=12, distance=0.0, discount=null)), (Trip(driver=Driver(name=D-1), passengers=[Passenger(name=P-11)], duration=11, distance=18.0, discount=null), Trip(driver=Driver(name=D-4), passengers=[Passenger(name=P-8), Passenger(name=P-14)], duration=4, distance=19.0, discount=null)), (Trip(driver=Driver(name=D-1), passengers=[Passenger(name=P-11)], duration=11, distance=18.0, discount=null), Trip(driver=Driver(name=D-3), passengers=[Passenger(name=P-0)], duration=14, distance=19.0, discount=0.3)), (Trip(driver=Driver(name=D-1), passengers=[Passenger(name=P-11)], duration=11, distance=18.0, discount=null), Trip(driver=Driver(name=D-3), passengers=[Passenger(name=P-9)], duration=16, distance=5.0, discount=null)), (Trip(driver=Driver(name=D-1), passengers=[Passenger(name=P-11)], duration=11, distance=18.0, discount=null), Trip(driver=Driver(name=D-2), passengers=[Passenger(name=P-7), Passenger(name=P-6), Passenger(name=P-12)], duration=4, distance=19.0, discount=null)), (Trip(driver=Driver(name=D-1), passengers=[Passenger(name=P-11)], duration=11, distance=18.0, discount=null), Trip(driver=Driver(name=D-9), passengers=[Passenger(name=P-0), Passenger(name=P-1)], duration=10, distance=1.0, discount=null)), (Trip(driver=Driver(name=D-1), passengers=[Passenger(name=P-11)], duration=11, distance=18.0, discount=null), Trip(driver=Driver(name=D-8), passengers=[Passenger(name=P-16)], duration=10, distance=4.0, discount=null)), (Trip(driver=Driver(name=D-1), passengers=[Passenger(name=P-11)], duration=11, distance=18.0, discount=null), Trip(driver=Driver(name=D-7), passengers=[Passenger(name=P-16), Passenger(name=P-3)], duration=12, distance=10.0, discount=0.4)), (Trip(driver=Driver(name=D-1), passengers=[Passenger(name=P-11)], duration=11, distance=18.0, discount=null), Trip(driver=Driver(name=D-9), passengers=[Passenger(name=P-18), Passenger(name=P-0)], duration=15, distance=14.0, discount=0.2)), (Trip(driver=Driver(name=D-1), passengers=[Passenger(name=P-11)], duration=11, distance=18.0, discount=null), Trip(driver=Driver(name=D-9), passengers=[Passenger(name=P-10)], duration=2, distance=2.0, discount=0.2)), (Trip(driver=Driver(name=D-1), passengers=[Passenger(name=P-11)], duration=11, distance=18.0, discount=null), Trip(driver=Driver(name=D-4), passengers=[Passenger(name=P-11), Passenger(name=P-14), Passenger(name=P-18)], duration=4, distance=3.0, discount=null)), (Trip(driver=Driver(name=D-1), passengers=[Passenger(name=P-11)], duration=11, distance=18.0, discount=null), Trip(driver=Driver(name=D-7), passengers=[Passenger(name=P-5)], duration=0, distance=4.0, discount=null)), (Trip(driver=Driver(name=D-1), passengers=[Passenger(name=P-11)], duration=11, distance=18.0, discount=null), Trip(driver=Driver(name=D-9), passengers=[Passenger(name=P-13), Passenger(name=P-17)], duration=0, distance=8.0, discount=0.3)), (Trip(driver=Driver(name=D-1), passengers=[Passenger(name=P-11)], duration=11, distance=18.0, discount=null), Trip(driver=Driver(name=D-3), passengers=[Passenger(name=P-8), Passenger(name=P-5)], duration=16, distance=3.0, discount=null)), (Trip(driver=Driver(name=D-1), passengers=[Passenger(name=P-11)], duration=11, distance=18.0, discount=null), Trip(driver=Driver(name=D-9), passengers=[Passenger(name=P-19), Passenger(name=P-7)], duration=1, distance=3.0, discount=null)), (Trip(driver=Driver(name=D-1), passengers=[Passenger(name=P-11)], duration=11, distance=18.0, discount=null), Trip(driver=Driver(name=D-6), passengers=[Passenger(name=P-4), Passenger(name=P-17)], duration=10, distance=18.0, discount=null)), (Trip(driver=Driver(name=D-1), passengers=[Passenger(name=P-11)], duration=11, distance=18.0, discount=null), Trip(driver=Driver(name=D-2), passengers=[Passenger(name=P-7), Passenger(name=P-12)], duration=9, distance=6.0, discount=0.2)), (Trip(driver=Driver(name=D-1), passengers=[Passenger(name=P-11)], duration=11, distance=18.0, discount=null), Trip(driver=Driver(name=D-6), passengers=[Passenger(name=P-4), Passenger(name=P-11)], duration=8, distance=5.0, discount=null)), (Trip(driver=Driver(name=D-1), passengers=[Passenger(name=P-11)], duration=11, distance=18.0, discount=null), Trip(driver=Driver(name=D-5), passengers=[Passenger(name=P-0)], duration=3, distance=15.0, discount=0.4)), (Trip(driver=Driver(name=D-1), passengers=[Passenger(name=P-11)], duration=11, distance=18.0, discount=null), Trip(driver=Driver(name=D-3), passengers=[Passenger(name=P-1)], duration=1, distance=13.0, discount=null)), (Trip(driver=Driver(name=D-1), passengers=[Passenger(name=P-11)], duration=11, distance=18.0, discount=null), Trip(driver=Driver(name=D-5), passengers=[Passenger(name=P-11)], duration=17, distance=16.0, discount=null)), (Trip(driver=Driver(name=D-1), passengers=[Passenger(name=P-11)], duration=11, distance=18.0, discount=null), Trip(driver=Driver(name=D-3), passengers=[Passenger(name=P-2), Passenger(name=P-19), Passenger(name=P-8), Passenger(name=P-1)], duration=10, distance=15.0, discount=null))]
item [(Trip(driver=Driver(name=D-5), passengers=[Passenger(name=P-0), Passenger(name=P-18), Passenger(name=P-11), Passenger(name=P-14)], duration=6, distance=17.0, discount=0.3), Trip(driver=Driver(name=D-6), passengers=[Passenger(name=P-16)], duration=8, distance=17.0, discount=null)), (Trip(driver=Driver(name=D-5), passengers=[Passenger(name=P-0), Passenger(name=P-18), Passenger(name=P-11), Passenger(name=P-14)], duration=6, distance=17.0, discount=0.3), Trip(driver=Driver(name=D-4), passengers=[Passenger(name=P-11)], duration=10, distance=12.0, discount=null)), (Trip(driver=Driver(name=D-5), passengers=[Passenger(name=P-0), Passenger(name=P-18), Passenger(name=P-11), Passenger(name=P-14)], duration=6, distance=17.0, discount=0.3), Trip(driver=Driver(name=D-8), passengers=[Passenger(name=P-8), Passenger(name=P-13)], duration=14, distance=4.0, discount=0.1)), (Trip(driver=Driver(name=D-5), passengers=[Passenger(name=P-0), Passenger(name=P-18), Passenger(name=P-11), Passenger(name=P-14)], duration=6, distance=17.0, discount=0.3), Trip(driver=Driver(name=D-6), passengers=[Passenger(name=P-19)], duration=14, distance=9.0, discount=null)), (Trip(driver=Driver(name=D-5), passengers=[Passenger(name=P-0), Passenger(name=P-18), Passenger(name=P-11), Passenger(name=P-14)], duration=6, distance=17.0, discount=0.3), Trip(driver=Driver(name=D-4), passengers=[Passenger(name=P-18), Passenger(name=P-10)], duration=6, distance=17.0, discount=0.1)), (Trip(driver=Driver(name=D-5), passengers=[Passenger(name=P-0), Passenger(name=P-18), Passenger(name=P-11), Passenger(name=P-14)], duration=6, distance=17.0, discount=0.3), Trip(driver=Driver(name=D-0), passengers=[Passenger(name=P-0)], duration=19, distance=17.0, discount=0.1)), (Trip(driver=Driver(name=D-5), passengers=[Passenger(name=P-0), Passenger(name=P-18), Passenger(name=P-11), Passenger(name=P-14)], duration=6, distance=17.0, discount=0.3), Trip(driver=Driver(name=D-7), passengers=[Passenger(name=P-2), Passenger(name=P-15)], duration=12, distance=9.0, discount=null)), (Trip(driver=Driver(name=D-5), passengers=[Passenger(name=P-0), Passenger(name=P-18), Passenger(name=P-11), Passenger(name=P-14)], duration=6, distance=17.0, discount=0.3), Trip(driver=Driver(name=D-9), passengers=[Passenger(name=P-11), Passenger(name=P-10), Passenger(name=P-7), Passenger(name=P-15)], duration=11, distance=5.0, discount=null)), (Trip(driver=Driver(name=D-5), passengers=[Passenger(name=P-0), Passenger(name=P-18), Passenger(name=P-11), Passenger(name=P-14)], duration=6, distance=17.0, discount=0.3), Trip(driver=Driver(name=D-3), passengers=[Passenger(name=P-1), Passenger(name=P-18)], duration=5, distance=14.0, discount=0.3)), (Trip(driver=Driver(name=D-5), passengers=[Passenger(name=P-0), Passenger(name=P-18), Passenger(name=P-11), Passenger(name=P-14)], duration=6, distance=17.0, discount=0.3), Trip(driver=Driver(name=D-2), passengers=[Passenger(name=P-19), Passenger(name=P-8)], duration=7, distance=8.0, discount=0.2)), (Trip(driver=Driver(name=D-5), passengers=[Passenger(name=P-0), Passenger(name=P-18), Passenger(name=P-11), Passenger(name=P-14)], duration=6, distance=17.0, discount=0.3), Trip(driver=Driver(name=D-1), passengers=[Passenger(name=P-11)], duration=11, distance=18.0, discount=null)), (Trip(driver=Driver(name=D-5), passengers=[Passenger(name=P-0), Passenger(name=P-18), Passenger(name=P-11), Passenger(name=P-14)], duration=6, distance=17.0, discount=0.3), Trip(driver=Driver(name=D-5), passengers=[Passenger(name=P-0), Passenger(name=P-18), Passenger(name=P-11), Passenger(name=P-14)], duration=6, distance=17.0, discount=0.3)), (Trip(driver=Driver(name=D-5), passengers=[Passenger(name=P-0), Passenger(name=P-18), Passenger(name=P-11), Passenger(name=P-14)], duration=6, distance=17.0, discount=0.3), Trip(driver=Driver(name=D-6), passengers=[Passenger(name=P-11), Passenger(name=P-6)], duration=1, distance=4.0, discount=null)), (Trip(driver=Driver(name=D-5), passengers=[Passenger(name=P-0), Passenger(name=P-18), Passenger(name=P-11), Passenger(name=P-14)], duration=6, distance=17.0, discount=0.3), Trip(driver=Driver(name=D-5), passengers=[Passenger(name=P-11)], duration=10, distance=19.0, discount=null)), (Trip(driver=Driver(name=D-5), passengers=[Passenger(name=P-0), Passenger(name=P-18), Passenger(name=P-11), Passenger(name=P-14)], duration=6, distance=17.0, discount=0.3), Trip(driver=Driver(name=D-8), passengers=[Passenger(name=P-0), Passenger(name=P-4)], duration=2, distance=12.0, discount=0.4)), (Trip(driver=Driver(name=D-5), passengers=[Passenger(name=P-0), Passenger(name=P-18), Passenger(name=P-11), Passenger(name=P-14)], duration=6, distance=17.0, discount=0.3), Trip(driver=Driver(name=D-6), passengers=[Passenger(name=P-16), Passenger(name=P-14)], duration=16, distance=0.0, discount=null)), (Trip(driver=Driver(name=D-5), passengers=[Passenger(name=P-0), Passenger(name=P-18), Passenger(name=P-11), Passenger(name=P-14)], duration=6, distance=17.0, discount=0.3), Trip(driver=Driver(name=D-3), passengers=[Passenger(name=P-12)], duration=2, distance=15.0, discount=0.2)), (Trip(driver=Driver(name=D-5), passengers=[Passenger(name=P-0), Passenger(name=P-18), Passenger(name=P-11), Passenger(name=P-14)], duration=6, distance=17.0, discount=0.3), Trip(driver=Driver(name=D-5), passengers=[Passenger(name=P-15), Passenger(name=P-6)], duration=5, distance=6.0, discount=null)), (Trip(driver=Driver(name=D-5), passengers=[Passenger(name=P-0), Passenger(name=P-18), Passenger(name=P-11), Passenger(name=P-14)], duration=6, distance=17.0, discount=0.3), Trip(driver=Driver(name=D-8), passengers=[Passenger(name=P-4), Passenger(name=P-19)], duration=12, distance=0.0, discount=null)), (Trip(driver=Driver(name=D-5), passengers=[Passenger(name=P-0), Passenger(name=P-18), Passenger(name=P-11), Passenger(name=P-14)], duration=6, distance=17.0, discount=0.3), Trip(driver=Driver(name=D-4), passengers=[Passenger(name=P-8), Passenger(name=P-14)], duration=4, distance=19.0, discount=null)), (Trip(driver=Driver(name=D-5), passengers=[Passenger(name=P-0), Passenger(name=P-18), Passenger(name=P-11), Passenger(name=P-14)], duration=6, distance=17.0, discount=0.3), Trip(driver=Driver(name=D-3), passengers=[Passenger(name=P-0)], duration=14, distance=19.0, discount=0.3)), (Trip(driver=Driver(name=D-5), passengers=[Passenger(name=P-0), Passenger(name=P-18), Passenger(name=P-11), Passenger(name=P-14)], duration=6, distance=17.0, discount=0.3), Trip(driver=Driver(name=D-3), passengers=[Passenger(name=P-9)], duration=16, distance=5.0, discount=null)), (Trip(driver=Driver(name=D-5), passengers=[Passenger(name=P-0), Passenger(name=P-18), Passenger(name=P-11), Passenger(name=P-14)], duration=6, distance=17.0, discount=0.3), Trip(driver=Driver(name=D-2), passengers=[Passenger(name=P-7), Passenger(name=P-6), Passenger(name=P-12)], duration=4, distance=19.0, discount=null)), (Trip(driver=Driver(name=D-5), passengers=[Passenger(name=P-0), Passenger(name=P-18), Passenger(name=P-11), Passenger(name=P-14)], duration=6, distance=17.0, discount=0.3), Trip(driver=Driver(name=D-9), passengers=[Passenger(name=P-0), Passenger(name=P-1)], duration=10, distance=1.0, discount=null)), (Trip(driver=Driver(name=D-5), passengers=[Passenger(name=P-0), Passenger(name=P-18), Passenger(name=P-11), Passenger(name=P-14)], duration=6, distance=17.0, discount=0.3), Trip(driver=Driver(name=D-8), passengers=[Passenger(name=P-16)], duration=10, distance=4.0, discount=null)), (Trip(driver=Driver(name=D-5), passengers=[Passenger(name=P-0), Passenger(name=P-18), Passenger(name=P-11), Passenger(name=P-14)], duration=6, distance=17.0, discount=0.3), Trip(driver=Driver(name=D-7), passengers=[Passenger(name=P-16), Passenger(name=P-3)], duration=12, distance=10.0, discount=0.4)), (Trip(driver=Driver(name=D-5), passengers=[Passenger(name=P-0), Passenger(name=P-18), Passenger(name=P-11), Passenger(name=P-14)], duration=6, distance=17.0, discount=0.3), Trip(driver=Driver(name=D-9), passengers=[Passenger(name=P-18), Passenger(name=P-0)], duration=15, distance=14.0, discount=0.2)), (Trip(driver=Driver(name=D-5), passengers=[Passenger(name=P-0), Passenger(name=P-18), Passenger(name=P-11), Passenger(name=P-14)], duration=6, distance=17.0, discount=0.3), Trip(driver=Driver(name=D-9), passengers=[Passenger(name=P-10)], duration=2, distance=2.0, discount=0.2)), (Trip(driver=Driver(name=D-5), passengers=[Passenger(name=P-0), Passenger(name=P-18), Passenger(name=P-11), Passenger(name=P-14)], duration=6, distance=17.0, discount=0.3), Trip(driver=Driver(name=D-4), passengers=[Passenger(name=P-11), Passenger(name=P-14), Passenger(name=P-18)], duration=4, distance=3.0, discount=null)), (Trip(driver=Driver(name=D-5), passengers=[Passenger(name=P-0), Passenger(name=P-18), Passenger(name=P-11), Passenger(name=P-14)], duration=6, distance=17.0, discount=0.3), Trip(driver=Driver(name=D-7), passengers=[Passenger(name=P-5)], duration=0, distance=4.0, discount=null)), (Trip(driver=Driver(name=D-5), passengers=[Passenger(name=P-0), Passenger(name=P-18), Passenger(name=P-11), Passenger(name=P-14)], duration=6, distance=17.0, discount=0.3), Trip(driver=Driver(name=D-9), passengers=[Passenger(name=P-13), Passenger(name=P-17)], duration=0, distance=8.0, discount=0.3)), (Trip(driver=Driver(name=D-5), passengers=[Passenger(name=P-0), Passenger(name=P-18), Passenger(name=P-11), Passenger(name=P-14)], duration=6, distance=17.0, discount=0.3), Trip(driver=Driver(name=D-3), passengers=[Passenger(name=P-8), Passenger(name=P-5)], duration=16, distance=3.0, discount=null)), (Trip(driver=Driver(name=D-5), passengers=[Passenger(name=P-0), Passenger(name=P-18), Passenger(name=P-11), Passenger(name=P-14)], duration=6, distance=17.0, discount=0.3), Trip(driver=Driver(name=D-9), passengers=[Passenger(name=P-19), Passenger(name=P-7)], duration=1, distance=3.0, discount=null)), (Trip(driver=Driver(name=D-5), passengers=[Passenger(name=P-0), Passenger(name=P-18), Passenger(name=P-11), Passenger(name=P-14)], duration=6, distance=17.0, discount=0.3), Trip(driver=Driver(name=D-6), passengers=[Passenger(name=P-4), Passenger(name=P-17)], duration=10, distance=18.0, discount=null)), (Trip(driver=Driver(name=D-5), passengers=[Passenger(name=P-0), Passenger(name=P-18), Passenger(name=P-11), Passenger(name=P-14)], duration=6, distance=17.0, discount=0.3), Trip(driver=Driver(name=D-2), passengers=[Passenger(name=P-7), Passenger(name=P-12)], duration=9, distance=6.0, discount=0.2)), (Trip(driver=Driver(name=D-5), passengers=[Passenger(name=P-0), Passenger(name=P-18), Passenger(name=P-11), Passenger(name=P-14)], duration=6, distance=17.0, discount=0.3), Trip(driver=Driver(name=D-6), passengers=[Passenger(name=P-4), Passenger(name=P-11)], duration=8, distance=5.0, discount=null)), (Trip(driver=Driver(name=D-5), passengers=[Passenger(name=P-0), Passenger(name=P-18), Passenger(name=P-11), Passenger(name=P-14)], duration=6, distance=17.0, discount=0.3), Trip(driver=Driver(name=D-5), passengers=[Passenger(name=P-0)], duration=3, distance=15.0, discount=0.4)), (Trip(driver=Driver(name=D-5), passengers=[Passenger(name=P-0), Passenger(name=P-18), Passenger(name=P-11), Passenger(name=P-14)], duration=6, distance=17.0, discount=0.3), Trip(driver=Driver(name=D-3), passengers=[Passenger(name=P-1)], duration=1, distance=13.0, discount=null)), (Trip(driver=Driver(name=D-5), passengers=[Passenger(name=P-0), Passenger(name=P-18), Passenger(name=P-11), Passenger(name=P-14)], duration=6, distance=17.0, discount=0.3), Trip(driver=Driver(name=D-5), passengers=[Passenger(name=P-11)], duration=17, distance=16.0, discount=null)), (Trip(driver=Driver(name=D-5), passengers=[Passenger(name=P-0), Passenger(name=P-18), Passenger(name=P-11), Passenger(name=P-14)], duration=6, distance=17.0, discount=0.3), Trip(driver=Driver(name=D-3), passengers=[Passenger(name=P-2), Passenger(name=P-19), Passenger(name=P-8), Passenger(name=P-1)], duration=10, distance=15.0, discount=null))]
item [(Trip(driver=Driver(name=D-6), passengers=[Passenger(name=P-11), Passenger(name=P-6)], duration=1, distance=4.0, discount=null), Trip(driver=Driver(name=D-6), passengers=[Passenger(name=P-16)], duration=8, distance=17.0, discount=null)), (Trip(driver=Driver(name=D-6), passengers=[Passenger(name=P-11), Passenger(name=P-6)], duration=1, distance=4.0, discount=null), Trip(driver=Driver(name=D-4), passengers=[Passenger(name=P-11)], duration=10, distance=12.0, discount=null)), (Trip(driver=Driver(name=D-6), passengers=[Passenger(name=P-11), Passenger(name=P-6)], duration=1, distance=4.0, discount=null), Trip(driver=Driver(name=D-8), passengers=[Passenger(name=P-8), Passenger(name=P-13)], duration=14, distance=4.0, discount=0.1)), (Trip(driver=Driver(name=D-6), passengers=[Passenger(name=P-11), Passenger(name=P-6)], duration=1, distance=4.0, discount=null), Trip(driver=Driver(name=D-6), passengers=[Passenger(name=P-19)], duration=14, distance=9.0, discount=null)), (Trip(driver=Driver(name=D-6), passengers=[Passenger(name=P-11), Passenger(name=P-6)], duration=1, distance=4.0, discount=null), Trip(driver=Driver(name=D-4), passengers=[Passenger(name=P-18), Passenger(name=P-10)], duration=6, distance=17.0, discount=0.1)), (Trip(driver=Driver(name=D-6), passengers=[Passenger(name=P-11), Passenger(name=P-6)], duration=1, distance=4.0, discount=null), Trip(driver=Driver(name=D-0), passengers=[Passenger(name=P-0)], duration=19, distance=17.0, discount=0.1)), (Trip(driver=Driver(name=D-6), passengers=[Passenger(name=P-11), Passenger(name=P-6)], duration=1, distance=4.0, discount=null), Trip(driver=Driver(name=D-7), passengers=[Passenger(name=P-2), Passenger(name=P-15)], duration=12, distance=9.0, discount=null)), (Trip(driver=Driver(name=D-6), passengers=[Passenger(name=P-11), Passenger(name=P-6)], duration=1, distance=4.0, discount=null), Trip(driver=Driver(name=D-9), passengers=[Passenger(name=P-11), Passenger(name=P-10), Passenger(name=P-7), Passenger(name=P-15)], duration=11, distance=5.0, discount=null)), (Trip(driver=Driver(name=D-6), passengers=[Passenger(name=P-11), Passenger(name=P-6)], duration=1, distance=4.0, discount=null), Trip(driver=Driver(name=D-3), passengers=[Passenger(name=P-1), Passenger(name=P-18)], duration=5, distance=14.0, discount=0.3)), (Trip(driver=Driver(name=D-6), passengers=[Passenger(name=P-11), Passenger(name=P-6)], duration=1, distance=4.0, discount=null), Trip(driver=Driver(name=D-2), passengers=[Passenger(name=P-19), Passenger(name=P-8)], duration=7, distance=8.0, discount=0.2)), (Trip(driver=Driver(name=D-6), passengers=[Passenger(name=P-11), Passenger(name=P-6)], duration=1, distance=4.0, discount=null), Trip(driver=Driver(name=D-1), passengers=[Passenger(name=P-11)], duration=11, distance=18.0, discount=null)), (Trip(driver=Driver(name=D-6), passengers=[Passenger(name=P-11), Passenger(name=P-6)], duration=1, distance=4.0, discount=null), Trip(driver=Driver(name=D-5), passengers=[Passenger(name=P-0), Passenger(name=P-18), Passenger(name=P-11), Passenger(name=P-14)], duration=6, distance=17.0, discount=0.3)), (Trip(driver=Driver(name=D-6), passengers=[Passenger(name=P-11), Passenger(name=P-6)], duration=1, distance=4.0, discount=null), Trip(driver=Driver(name=D-6), passengers=[Passenger(name=P-11), Passenger(name=P-6)], duration=1, distance=4.0, discount=null)), (Trip(driver=Driver(name=D-6), passengers=[Passenger(name=P-11), Passenger(name=P-6)], duration=1, distance=4.0, discount=null), Trip(driver=Driver(name=D-5), passengers=[Passenger(name=P-11)], duration=10, distance=19.0, discount=null)), (Trip(driver=Driver(name=D-6), passengers=[Passenger(name=P-11), Passenger(name=P-6)], duration=1, distance=4.0, discount=null), Trip(driver=Driver(name=D-8), passengers=[Passenger(name=P-0), Passenger(name=P-4)], duration=2, distance=12.0, discount=0.4)), (Trip(driver=Driver(name=D-6), passengers=[Passenger(name=P-11), Passenger(name=P-6)], duration=1, distance=4.0, discount=null), Trip(driver=Driver(name=D-6), passengers=[Passenger(name=P-16), Passenger(name=P-14)], duration=16, distance=0.0, discount=null)), (Trip(driver=Driver(name=D-6), passengers=[Passenger(name=P-11), Passenger(name=P-6)], duration=1, distance=4.0, discount=null), Trip(driver=Driver(name=D-3), passengers=[Passenger(name=P-12)], duration=2, distance=15.0, discount=0.2)), (Trip(driver=Driver(name=D-6), passengers=[Passenger(name=P-11), Passenger(name=P-6)], duration=1, distance=4.0, discount=null), Trip(driver=Driver(name=D-5), passengers=[Passenger(name=P-15), Passenger(name=P-6)], duration=5, distance=6.0, discount=null)), (Trip(driver=Driver(name=D-6), passengers=[Passenger(name=P-11), Passenger(name=P-6)], duration=1, distance=4.0, discount=null), Trip(driver=Driver(name=D-8), passengers=[Passenger(name=P-4), Passenger(name=P-19)], duration=12, distance=0.0, discount=null)), (Trip(driver=Driver(name=D-6), passengers=[Passenger(name=P-11), Passenger(name=P-6)], duration=1, distance=4.0, discount=null), Trip(driver=Driver(name=D-4), passengers=[Passenger(name=P-8), Passenger(name=P-14)], duration=4, distance=19.0, discount=null)), (Trip(driver=Driver(name=D-6), passengers=[Passenger(name=P-11), Passenger(name=P-6)], duration=1, distance=4.0, discount=null), Trip(driver=Driver(name=D-3), passengers=[Passenger(name=P-0)], duration=14, distance=19.0, discount=0.3)), (Trip(driver=Driver(name=D-6), passengers=[Passenger(name=P-11), Passenger(name=P-6)], duration=1, distance=4.0, discount=null), Trip(driver=Driver(name=D-3), passengers=[Passenger(name=P-9)], duration=16, distance=5.0, discount=null)), (Trip(driver=Driver(name=D-6), passengers=[Passenger(name=P-11), Passenger(name=P-6)], duration=1, distance=4.0, discount=null), Trip(driver=Driver(name=D-2), passengers=[Passenger(name=P-7), Passenger(name=P-6), Passenger(name=P-12)], duration=4, distance=19.0, discount=null)), (Trip(driver=Driver(name=D-6), passengers=[Passenger(name=P-11), Passenger(name=P-6)], duration=1, distance=4.0, discount=null), Trip(driver=Driver(name=D-9), passengers=[Passenger(name=P-0), Passenger(name=P-1)], duration=10, distance=1.0, discount=null)), (Trip(driver=Driver(name=D-6), passengers=[Passenger(name=P-11), Passenger(name=P-6)], duration=1, distance=4.0, discount=null), Trip(driver=Driver(name=D-8), passengers=[Passenger(name=P-16)], duration=10, distance=4.0, discount=null)), (Trip(driver=Driver(name=D-6), passengers=[Passenger(name=P-11), Passenger(name=P-6)], duration=1, distance=4.0, discount=null), Trip(driver=Driver(name=D-7), passengers=[Passenger(name=P-16), Passenger(name=P-3)], duration=12, distance=10.0, discount=0.4)), (Trip(driver=Driver(name=D-6), passengers=[Passenger(name=P-11), Passenger(name=P-6)], duration=1, distance=4.0, discount=null), Trip(driver=Driver(name=D-9), passengers=[Passenger(name=P-18), Passenger(name=P-0)], duration=15, distance=14.0, discount=0.2)), (Trip(driver=Driver(name=D-6), passengers=[Passenger(name=P-11), Passenger(name=P-6)], duration=1, distance=4.0, discount=null), Trip(driver=Driver(name=D-9), passengers=[Passenger(name=P-10)], duration=2, distance=2.0, discount=0.2)), (Trip(driver=Driver(name=D-6), passengers=[Passenger(name=P-11), Passenger(name=P-6)], duration=1, distance=4.0, discount=null), Trip(driver=Driver(name=D-4), passengers=[Passenger(name=P-11), Passenger(name=P-14), Passenger(name=P-18)], duration=4, distance=3.0, discount=null)), (Trip(driver=Driver(name=D-6), passengers=[Passenger(name=P-11), Passenger(name=P-6)], duration=1, distance=4.0, discount=null), Trip(driver=Driver(name=D-7), passengers=[Passenger(name=P-5)], duration=0, distance=4.0, discount=null)), (Trip(driver=Driver(name=D-6), passengers=[Passenger(name=P-11), Passenger(name=P-6)], duration=1, distance=4.0, discount=null), Trip(driver=Driver(name=D-9), passengers=[Passenger(name=P-13), Passenger(name=P-17)], duration=0, distance=8.0, discount=0.3)), (Trip(driver=Driver(name=D-6), passengers=[Passenger(name=P-11), Passenger(name=P-6)], duration=1, distance=4.0, discount=null), Trip(driver=Driver(name=D-3), passengers=[Passenger(name=P-8), Passenger(name=P-5)], duration=16, distance=3.0, discount=null)), (Trip(driver=Driver(name=D-6), passengers=[Passenger(name=P-11), Passenger(name=P-6)], duration=1, distance=4.0, discount=null), Trip(driver=Driver(name=D-9), passengers=[Passenger(name=P-19), Passenger(name=P-7)], duration=1, distance=3.0, discount=null)), (Trip(driver=Driver(name=D-6), passengers=[Passenger(name=P-11), Passenger(name=P-6)], duration=1, distance=4.0, discount=null), Trip(driver=Driver(name=D-6), passengers=[Passenger(name=P-4), Passenger(name=P-17)], duration=10, distance=18.0, discount=null)), (Trip(driver=Driver(name=D-6), passengers=[Passenger(name=P-11), Passenger(name=P-6)], duration=1, distance=4.0, discount=null), Trip(driver=Driver(name=D-2), passengers=[Passenger(name=P-7), Passenger(name=P-12)], duration=9, distance=6.0, discount=0.2)), (Trip(driver=Driver(name=D-6), passengers=[Passenger(name=P-11), Passenger(name=P-6)], duration=1, distance=4.0, discount=null), Trip(driver=Driver(name=D-6), passengers=[Passenger(name=P-4), Passenger(name=P-11)], duration=8, distance=5.0, discount=null)), (Trip(driver=Driver(name=D-6), passengers=[Passenger(name=P-11), Passenger(name=P-6)], duration=1, distance=4.0, discount=null), Trip(driver=Driver(name=D-5), passengers=[Passenger(name=P-0)], duration=3, distance=15.0, discount=0.4)), (Trip(driver=Driver(name=D-6), passengers=[Passenger(name=P-11), Passenger(name=P-6)], duration=1, distance=4.0, discount=null), Trip(driver=Driver(name=D-3), passengers=[Passenger(name=P-1)], duration=1, distance=13.0, discount=null)), (Trip(driver=Driver(name=D-6), passengers=[Passenger(name=P-11), Passenger(name=P-6)], duration=1, distance=4.0, discount=null), Trip(driver=Driver(name=D-5), passengers=[Passenger(name=P-11)], duration=17, distance=16.0, discount=null)), (Trip(driver=Driver(name=D-6), passengers=[Passenger(name=P-11), Passenger(name=P-6)], duration=1, distance=4.0, discount=null), Trip(driver=Driver(name=D-3), passengers=[Passenger(name=P-2), Passenger(name=P-19), Passenger(name=P-8), Passenger(name=P-1)], duration=10, distance=15.0, discount=null))]
item [(Trip(driver=Driver(name=D-5), passengers=[Passenger(name=P-11)], duration=10, distance=19.0, discount=null), Trip(driver=Driver(name=D-6), passengers=[Passenger(name=P-16)], duration=8, distance=17.0, discount=null)), (Trip(driver=Driver(name=D-5), passengers=[Passenger(name=P-11)], duration=10, distance=19.0, discount=null), Trip(driver=Driver(name=D-4), passengers=[Passenger(name=P-11)], duration=10, distance=12.0, discount=null)), (Trip(driver=Driver(name=D-5), passengers=[Passenger(name=P-11)], duration=10, distance=19.0, discount=null), Trip(driver=Driver(name=D-8), passengers=[Passenger(name=P-8), Passenger(name=P-13)], duration=14, distance=4.0, discount=0.1)), (Trip(driver=Driver(name=D-5), passengers=[Passenger(name=P-11)], duration=10, distance=19.0, discount=null), Trip(driver=Driver(name=D-6), passengers=[Passenger(name=P-19)], duration=14, distance=9.0, discount=null)), (Trip(driver=Driver(name=D-5), passengers=[Passenger(name=P-11)], duration=10, distance=19.0, discount=null), Trip(driver=Driver(name=D-4), passengers=[Passenger(name=P-18), Passenger(name=P-10)], duration=6, distance=17.0, discount=0.1)), (Trip(driver=Driver(name=D-5), passengers=[Passenger(name=P-11)], duration=10, distance=19.0, discount=null), Trip(driver=Driver(name=D-0), passengers=[Passenger(name=P-0)], duration=19, distance=17.0, discount=0.1)), (Trip(driver=Driver(name=D-5), passengers=[Passenger(name=P-11)], duration=10, distance=19.0, discount=null), Trip(driver=Driver(name=D-7), passengers=[Passenger(name=P-2), Passenger(name=P-15)], duration=12, distance=9.0, discount=null)), (Trip(driver=Driver(name=D-5), passengers=[Passenger(name=P-11)], duration=10, distance=19.0, discount=null), Trip(driver=Driver(name=D-9), passengers=[Passenger(name=P-11), Passenger(name=P-10), Passenger(name=P-7), Passenger(name=P-15)], duration=11, distance=5.0, discount=null)), (Trip(driver=Driver(name=D-5), passengers=[Passenger(name=P-11)], duration=10, distance=19.0, discount=null), Trip(driver=Driver(name=D-3), passengers=[Passenger(name=P-1), Passenger(name=P-18)], duration=5, distance=14.0, discount=0.3)), (Trip(driver=Driver(name=D-5), passengers=[Passenger(name=P-11)], duration=10, distance=19.0, discount=null), Trip(driver=Driver(name=D-2), passengers=[Passenger(name=P-19), Passenger(name=P-8)], duration=7, distance=8.0, discount=0.2)), (Trip(driver=Driver(name=D-5), passengers=[Passenger(name=P-11)], duration=10, distance=19.0, discount=null), Trip(driver=Driver(name=D-1), passengers=[Passenger(name=P-11)], duration=11, distance=18.0, discount=null)), (Trip(driver=Driver(name=D-5), passengers=[Passenger(name=P-11)], duration=10, distance=19.0, discount=null), Trip(driver=Driver(name=D-5), passengers=[Passenger(name=P-0), Passenger(name=P-18), Passenger(name=P-11), Passenger(name=P-14)], duration=6, distance=17.0, discount=0.3)), (Trip(driver=Driver(name=D-5), passengers=[Passenger(name=P-11)], duration=10, distance=19.0, discount=null), Trip(driver=Driver(name=D-6), passengers=[Passenger(name=P-11), Passenger(name=P-6)], duration=1, distance=4.0, discount=null)), (Trip(driver=Driver(name=D-5), passengers=[Passenger(name=P-11)], duration=10, distance=19.0, discount=null), Trip(driver=Driver(name=D-5), passengers=[Passenger(name=P-11)], duration=10, distance=19.0, discount=null)), (Trip(driver=Driver(name=D-5), passengers=[Passenger(name=P-11)], duration=10, distance=19.0, discount=null), Trip(driver=Driver(name=D-8), passengers=[Passenger(name=P-0), Passenger(name=P-4)], duration=2, distance=12.0, discount=0.4)), (Trip(driver=Driver(name=D-5), passengers=[Passenger(name=P-11)], duration=10, distance=19.0, discount=null), Trip(driver=Driver(name=D-6), passengers=[Passenger(name=P-16), Passenger(name=P-14)], duration=16, distance=0.0, discount=null)), (Trip(driver=Driver(name=D-5), passengers=[Passenger(name=P-11)], duration=10, distance=19.0, discount=null), Trip(driver=Driver(name=D-3), passengers=[Passenger(name=P-12)], duration=2, distance=15.0, discount=0.2)), (Trip(driver=Driver(name=D-5), passengers=[Passenger(name=P-11)], duration=10, distance=19.0, discount=null), Trip(driver=Driver(name=D-5), passengers=[Passenger(name=P-15), Passenger(name=P-6)], duration=5, distance=6.0, discount=null)), (Trip(driver=Driver(name=D-5), passengers=[Passenger(name=P-11)], duration=10, distance=19.0, discount=null), Trip(driver=Driver(name=D-8), passengers=[Passenger(name=P-4), Passenger(name=P-19)], duration=12, distance=0.0, discount=null)), (Trip(driver=Driver(name=D-5), passengers=[Passenger(name=P-11)], duration=10, distance=19.0, discount=null), Trip(driver=Driver(name=D-4), passengers=[Passenger(name=P-8), Passenger(name=P-14)], duration=4, distance=19.0, discount=null)), (Trip(driver=Driver(name=D-5), passengers=[Passenger(name=P-11)], duration=10, distance=19.0, discount=null), Trip(driver=Driver(name=D-3), passengers=[Passenger(name=P-0)], duration=14, distance=19.0, discount=0.3)), (Trip(driver=Driver(name=D-5), passengers=[Passenger(name=P-11)], duration=10, distance=19.0, discount=null), Trip(driver=Driver(name=D-3), passengers=[Passenger(name=P-9)], duration=16, distance=5.0, discount=null)), (Trip(driver=Driver(name=D-5), passengers=[Passenger(name=P-11)], duration=10, distance=19.0, discount=null), Trip(driver=Driver(name=D-2), passengers=[Passenger(name=P-7), Passenger(name=P-6), Passenger(name=P-12)], duration=4, distance=19.0, discount=null)), (Trip(driver=Driver(name=D-5), passengers=[Passenger(name=P-11)], duration=10, distance=19.0, discount=null), Trip(driver=Driver(name=D-9), passengers=[Passenger(name=P-0), Passenger(name=P-1)], duration=10, distance=1.0, discount=null)), (Trip(driver=Driver(name=D-5), passengers=[Passenger(name=P-11)], duration=10, distance=19.0, discount=null), Trip(driver=Driver(name=D-8), passengers=[Passenger(name=P-16)], duration=10, distance=4.0, discount=null)), (Trip(driver=Driver(name=D-5), passengers=[Passenger(name=P-11)], duration=10, distance=19.0, discount=null), Trip(driver=Driver(name=D-7), passengers=[Passenger(name=P-16), Passenger(name=P-3)], duration=12, distance=10.0, discount=0.4)), (Trip(driver=Driver(name=D-5), passengers=[Passenger(name=P-11)], duration=10, distance=19.0, discount=null), Trip(driver=Driver(name=D-9), passengers=[Passenger(name=P-18), Passenger(name=P-0)], duration=15, distance=14.0, discount=0.2)), (Trip(driver=Driver(name=D-5), passengers=[Passenger(name=P-11)], duration=10, distance=19.0, discount=null), Trip(driver=Driver(name=D-9), passengers=[Passenger(name=P-10)], duration=2, distance=2.0, discount=0.2)), (Trip(driver=Driver(name=D-5), passengers=[Passenger(name=P-11)], duration=10, distance=19.0, discount=null), Trip(driver=Driver(name=D-4), passengers=[Passenger(name=P-11), Passenger(name=P-14), Passenger(name=P-18)], duration=4, distance=3.0, discount=null)), (Trip(driver=Driver(name=D-5), passengers=[Passenger(name=P-11)], duration=10, distance=19.0, discount=null), Trip(driver=Driver(name=D-7), passengers=[Passenger(name=P-5)], duration=0, distance=4.0, discount=null)), (Trip(driver=Driver(name=D-5), passengers=[Passenger(name=P-11)], duration=10, distance=19.0, discount=null), Trip(driver=Driver(name=D-9), passengers=[Passenger(name=P-13), Passenger(name=P-17)], duration=0, distance=8.0, discount=0.3)), (Trip(driver=Driver(name=D-5), passengers=[Passenger(name=P-11)], duration=10, distance=19.0, discount=null), Trip(driver=Driver(name=D-3), passengers=[Passenger(name=P-8), Passenger(name=P-5)], duration=16, distance=3.0, discount=null)), (Trip(driver=Driver(name=D-5), passengers=[Passenger(name=P-11)], duration=10, distance=19.0, discount=null), Trip(driver=Driver(name=D-9), passengers=[Passenger(name=P-19), Passenger(name=P-7)], duration=1, distance=3.0, discount=null)), (Trip(driver=Driver(name=D-5), passengers=[Passenger(name=P-11)], duration=10, distance=19.0, discount=null), Trip(driver=Driver(name=D-6), passengers=[Passenger(name=P-4), Passenger(name=P-17)], duration=10, distance=18.0, discount=null)), (Trip(driver=Driver(name=D-5), passengers=[Passenger(name=P-11)], duration=10, distance=19.0, discount=null), Trip(driver=Driver(name=D-2), passengers=[Passenger(name=P-7), Passenger(name=P-12)], duration=9, distance=6.0, discount=0.2)), (Trip(driver=Driver(name=D-5), passengers=[Passenger(name=P-11)], duration=10, distance=19.0, discount=null), Trip(driver=Driver(name=D-6), passengers=[Passenger(name=P-4), Passenger(name=P-11)], duration=8, distance=5.0, discount=null)), (Trip(driver=Driver(name=D-5), passengers=[Passenger(name=P-11)], duration=10, distance=19.0, discount=null), Trip(driver=Driver(name=D-5), passengers=[Passenger(name=P-0)], duration=3, distance=15.0, discount=0.4)), (Trip(driver=Driver(name=D-5), passengers=[Passenger(name=P-11)], duration=10, distance=19.0, discount=null), Trip(driver=Driver(name=D-3), passengers=[Passenger(name=P-1)], duration=1, distance=13.0, discount=null)), (Trip(driver=Driver(name=D-5), passengers=[Passenger(name=P-11)], duration=10, distance=19.0, discount=null), Trip(driver=Driver(name=D-5), passengers=[Passenger(name=P-11)], duration=17, distance=16.0, discount=null)), (Trip(driver=Driver(name=D-5), passengers=[Passenger(name=P-11)], duration=10, distance=19.0, discount=null), Trip(driver=Driver(name=D-3), passengers=[Passenger(name=P-2), Passenger(name=P-19), Passenger(name=P-8), Passenger(name=P-1)], duration=10, distance=15.0, discount=null))]
item [(Trip(driver=Driver(name=D-8), passengers=[Passenger(name=P-0), Passenger(name=P-4)], duration=2, distance=12.0, discount=0.4), Trip(driver=Driver(name=D-6), passengers=[Passenger(name=P-16)], duration=8, distance=17.0, discount=null)), (Trip(driver=Driver(name=D-8), passengers=[Passenger(name=P-0), Passenger(name=P-4)], duration=2, distance=12.0, discount=0.4), Trip(driver=Driver(name=D-4), passengers=[Passenger(name=P-11)], duration=10, distance=12.0, discount=null)), (Trip(driver=Driver(name=D-8), passengers=[Passenger(name=P-0), Passenger(name=P-4)], duration=2, distance=12.0, discount=0.4), Trip(driver=Driver(name=D-8), passengers=[Passenger(name=P-8), Passenger(name=P-13)], duration=14, distance=4.0, discount=0.1)), (Trip(driver=Driver(name=D-8), passengers=[Passenger(name=P-0), Passenger(name=P-4)], duration=2, distance=12.0, discount=0.4), Trip(driver=Driver(name=D-6), passengers=[Passenger(name=P-19)], duration=14, distance=9.0, discount=null)), (Trip(driver=Driver(name=D-8), passengers=[Passenger(name=P-0), Passenger(name=P-4)], duration=2, distance=12.0, discount=0.4), Trip(driver=Driver(name=D-4), passengers=[Passenger(name=P-18), Passenger(name=P-10)], duration=6, distance=17.0, discount=0.1)), (Trip(driver=Driver(name=D-8), passengers=[Passenger(name=P-0), Passenger(name=P-4)], duration=2, distance=12.0, discount=0.4), Trip(driver=Driver(name=D-0), passengers=[Passenger(name=P-0)], duration=19, distance=17.0, discount=0.1)), (Trip(driver=Driver(name=D-8), passengers=[Passenger(name=P-0), Passenger(name=P-4)], duration=2, distance=12.0, discount=0.4), Trip(driver=Driver(name=D-7), passengers=[Passenger(name=P-2), Passenger(name=P-15)], duration=12, distance=9.0, discount=null)), (Trip(driver=Driver(name=D-8), passengers=[Passenger(name=P-0), Passenger(name=P-4)], duration=2, distance=12.0, discount=0.4), Trip(driver=Driver(name=D-9), passengers=[Passenger(name=P-11), Passenger(name=P-10), Passenger(name=P-7), Passenger(name=P-15)], duration=11, distance=5.0, discount=null)), (Trip(driver=Driver(name=D-8), passengers=[Passenger(name=P-0), Passenger(name=P-4)], duration=2, distance=12.0, discount=0.4), Trip(driver=Driver(name=D-3), passengers=[Passenger(name=P-1), Passenger(name=P-18)], duration=5, distance=14.0, discount=0.3)), (Trip(driver=Driver(name=D-8), passengers=[Passenger(name=P-0), Passenger(name=P-4)], duration=2, distance=12.0, discount=0.4), Trip(driver=Driver(name=D-2), passengers=[Passenger(name=P-19), Passenger(name=P-8)], duration=7, distance=8.0, discount=0.2)), (Trip(driver=Driver(name=D-8), passengers=[Passenger(name=P-0), Passenger(name=P-4)], duration=2, distance=12.0, discount=0.4), Trip(driver=Driver(name=D-1), passengers=[Passenger(name=P-11)], duration=11, distance=18.0, discount=null)), (Trip(driver=Driver(name=D-8), passengers=[Passenger(name=P-0), Passenger(name=P-4)], duration=2, distance=12.0, discount=0.4), Trip(driver=Driver(name=D-5), passengers=[Passenger(name=P-0), Passenger(name=P-18), Passenger(name=P-11), Passenger(name=P-14)], duration=6, distance=17.0, discount=0.3)), (Trip(driver=Driver(name=D-8), passengers=[Passenger(name=P-0), Passenger(name=P-4)], duration=2, distance=12.0, discount=0.4), Trip(driver=Driver(name=D-6), passengers=[Passenger(name=P-11), Passenger(name=P-6)], duration=1, distance=4.0, discount=null)), (Trip(driver=Driver(name=D-8), passengers=[Passenger(name=P-0), Passenger(name=P-4)], duration=2, distance=12.0, discount=0.4), Trip(driver=Driver(name=D-5), passengers=[Passenger(name=P-11)], duration=10, distance=19.0, discount=null)), (Trip(driver=Driver(name=D-8), passengers=[Passenger(name=P-0), Passenger(name=P-4)], duration=2, distance=12.0, discount=0.4), Trip(driver=Driver(name=D-8), passengers=[Passenger(name=P-0), Passenger(name=P-4)], duration=2, distance=12.0, discount=0.4)), (Trip(driver=Driver(name=D-8), passengers=[Passenger(name=P-0), Passenger(name=P-4)], duration=2, distance=12.0, discount=0.4), Trip(driver=Driver(name=D-6), passengers=[Passenger(name=P-16), Passenger(name=P-14)], duration=16, distance=0.0, discount=null)), (Trip(driver=Driver(name=D-8), passengers=[Passenger(name=P-0), Passenger(name=P-4)], duration=2, distance=12.0, discount=0.4), Trip(driver=Driver(name=D-3), passengers=[Passenger(name=P-12)], duration=2, distance=15.0, discount=0.2)), (Trip(driver=Driver(name=D-8), passengers=[Passenger(name=P-0), Passenger(name=P-4)], duration=2, distance=12.0, discount=0.4), Trip(driver=Driver(name=D-5), passengers=[Passenger(name=P-15), Passenger(name=P-6)], duration=5, distance=6.0, discount=null)), (Trip(driver=Driver(name=D-8), passengers=[Passenger(name=P-0), Passenger(name=P-4)], duration=2, distance=12.0, discount=0.4), Trip(driver=Driver(name=D-8), passengers=[Passenger(name=P-4), Passenger(name=P-19)], duration=12, distance=0.0, discount=null)), (Trip(driver=Driver(name=D-8), passengers=[Passenger(name=P-0), Passenger(name=P-4)], duration=2, distance=12.0, discount=0.4), Trip(driver=Driver(name=D-4), passengers=[Passenger(name=P-8), Passenger(name=P-14)], duration=4, distance=19.0, discount=null)), (Trip(driver=Driver(name=D-8), passengers=[Passenger(name=P-0), Passenger(name=P-4)], duration=2, distance=12.0, discount=0.4), Trip(driver=Driver(name=D-3), passengers=[Passenger(name=P-0)], duration=14, distance=19.0, discount=0.3)), (Trip(driver=Driver(name=D-8), passengers=[Passenger(name=P-0), Passenger(name=P-4)], duration=2, distance=12.0, discount=0.4), Trip(driver=Driver(name=D-3), passengers=[Passenger(name=P-9)], duration=16, distance=5.0, discount=null)), (Trip(driver=Driver(name=D-8), passengers=[Passenger(name=P-0), Passenger(name=P-4)], duration=2, distance=12.0, discount=0.4), Trip(driver=Driver(name=D-2), passengers=[Passenger(name=P-7), Passenger(name=P-6), Passenger(name=P-12)], duration=4, distance=19.0, discount=null)), (Trip(driver=Driver(name=D-8), passengers=[Passenger(name=P-0), Passenger(name=P-4)], duration=2, distance=12.0, discount=0.4), Trip(driver=Driver(name=D-9), passengers=[Passenger(name=P-0), Passenger(name=P-1)], duration=10, distance=1.0, discount=null)), (Trip(driver=Driver(name=D-8), passengers=[Passenger(name=P-0), Passenger(name=P-4)], duration=2, distance=12.0, discount=0.4), Trip(driver=Driver(name=D-8), passengers=[Passenger(name=P-16)], duration=10, distance=4.0, discount=null)), (Trip(driver=Driver(name=D-8), passengers=[Passenger(name=P-0), Passenger(name=P-4)], duration=2, distance=12.0, discount=0.4), Trip(driver=Driver(name=D-7), passengers=[Passenger(name=P-16), Passenger(name=P-3)], duration=12, distance=10.0, discount=0.4)), (Trip(driver=Driver(name=D-8), passengers=[Passenger(name=P-0), Passenger(name=P-4)], duration=2, distance=12.0, discount=0.4), Trip(driver=Driver(name=D-9), passengers=[Passenger(name=P-18), Passenger(name=P-0)], duration=15, distance=14.0, discount=0.2)), (Trip(driver=Driver(name=D-8), passengers=[Passenger(name=P-0), Passenger(name=P-4)], duration=2, distance=12.0, discount=0.4), Trip(driver=Driver(name=D-9), passengers=[Passenger(name=P-10)], duration=2, distance=2.0, discount=0.2)), (Trip(driver=Driver(name=D-8), passengers=[Passenger(name=P-0), Passenger(name=P-4)], duration=2, distance=12.0, discount=0.4), Trip(driver=Driver(name=D-4), passengers=[Passenger(name=P-11), Passenger(name=P-14), Passenger(name=P-18)], duration=4, distance=3.0, discount=null)), (Trip(driver=Driver(name=D-8), passengers=[Passenger(name=P-0), Passenger(name=P-4)], duration=2, distance=12.0, discount=0.4), Trip(driver=Driver(name=D-7), passengers=[Passenger(name=P-5)], duration=0, distance=4.0, discount=null)), (Trip(driver=Driver(name=D-8), passengers=[Passenger(name=P-0), Passenger(name=P-4)], duration=2, distance=12.0, discount=0.4), Trip(driver=Driver(name=D-9), passengers=[Passenger(name=P-13), Passenger(name=P-17)], duration=0, distance=8.0, discount=0.3)), (Trip(driver=Driver(name=D-8), passengers=[Passenger(name=P-0), Passenger(name=P-4)], duration=2, distance=12.0, discount=0.4), Trip(driver=Driver(name=D-3), passengers=[Passenger(name=P-8), Passenger(name=P-5)], duration=16, distance=3.0, discount=null)), (Trip(driver=Driver(name=D-8), passengers=[Passenger(name=P-0), Passenger(name=P-4)], duration=2, distance=12.0, discount=0.4), Trip(driver=Driver(name=D-9), passengers=[Passenger(name=P-19), Passenger(name=P-7)], duration=1, distance=3.0, discount=null)), (Trip(driver=Driver(name=D-8), passengers=[Passenger(name=P-0), Passenger(name=P-4)], duration=2, distance=12.0, discount=0.4), Trip(driver=Driver(name=D-6), passengers=[Passenger(name=P-4), Passenger(name=P-17)], duration=10, distance=18.0, discount=null)), (Trip(driver=Driver(name=D-8), passengers=[Passenger(name=P-0), Passenger(name=P-4)], duration=2, distance=12.0, discount=0.4), Trip(driver=Driver(name=D-2), passengers=[Passenger(name=P-7), Passenger(name=P-12)], duration=9, distance=6.0, discount=0.2)), (Trip(driver=Driver(name=D-8), passengers=[Passenger(name=P-0), Passenger(name=P-4)], duration=2, distance=12.0, discount=0.4), Trip(driver=Driver(name=D-6), passengers=[Passenger(name=P-4), Passenger(name=P-11)], duration=8, distance=5.0, discount=null)), (Trip(driver=Driver(name=D-8), passengers=[Passenger(name=P-0), Passenger(name=P-4)], duration=2, distance=12.0, discount=0.4), Trip(driver=Driver(name=D-5), passengers=[Passenger(name=P-0)], duration=3, distance=15.0, discount=0.4)), (Trip(driver=Driver(name=D-8), passengers=[Passenger(name=P-0), Passenger(name=P-4)], duration=2, distance=12.0, discount=0.4), Trip(driver=Driver(name=D-3), passengers=[Passenger(name=P-1)], duration=1, distance=13.0, discount=null)), (Trip(driver=Driver(name=D-8), passengers=[Passenger(name=P-0), Passenger(name=P-4)], duration=2, distance=12.0, discount=0.4), Trip(driver=Driver(name=D-5), passengers=[Passenger(name=P-11)], duration=17, distance=16.0, discount=null)), (Trip(driver=Driver(name=D-8), passengers=[Passenger(name=P-0), Passenger(name=P-4)], duration=2, distance=12.0, discount=0.4), Trip(driver=Driver(name=D-3), passengers=[Passenger(name=P-2), Passenger(name=P-19), Passenger(name=P-8), Passenger(name=P-1)], duration=10, distance=15.0, discount=null))]
item [(Trip(driver=Driver(name=D-6), passengers=[Passenger(name=P-16), Passenger(name=P-14)], duration=16, distance=0.0, discount=null), Trip(driver=Driver(name=D-6), passengers=[Passenger(name=P-16)], duration=8, distance=17.0, discount=null)), (Trip(driver=Driver(name=D-6), passengers=[Passenger(name=P-16), Passenger(name=P-14)], duration=16, distance=0.0, discount=null), Trip(driver=Driver(name=D-4), passengers=[Passenger(name=P-11)], duration=10, distance=12.0, discount=null)), (Trip(driver=Driver(name=D-6), passengers=[Passenger(name=P-16), Passenger(name=P-14)], duration=16, distance=0.0, discount=null), Trip(driver=Driver(name=D-8), passengers=[Passenger(name=P-8), Passenger(name=P-13)], duration=14, distance=4.0, discount=0.1)), (Trip(driver=Driver(name=D-6), passengers=[Passenger(name=P-16), Passenger(name=P-14)], duration=16, distance=0.0, discount=null), Trip(driver=Driver(name=D-6), passengers=[Passenger(name=P-19)], duration=14, distance=9.0, discount=null)), (Trip(driver=Driver(name=D-6), passengers=[Passenger(name=P-16), Passenger(name=P-14)], duration=16, distance=0.0, discount=null), Trip(driver=Driver(name=D-4), passengers=[Passenger(name=P-18), Passenger(name=P-10)], duration=6, distance=17.0, discount=0.1)), (Trip(driver=Driver(name=D-6), passengers=[Passenger(name=P-16), Passenger(name=P-14)], duration=16, distance=0.0, discount=null), Trip(driver=Driver(name=D-0), passengers=[Passenger(name=P-0)], duration=19, distance=17.0, discount=0.1)), (Trip(driver=Driver(name=D-6), passengers=[Passenger(name=P-16), Passenger(name=P-14)], duration=16, distance=0.0, discount=null), Trip(driver=Driver(name=D-7), passengers=[Passenger(name=P-2), Passenger(name=P-15)], duration=12, distance=9.0, discount=null)), (Trip(driver=Driver(name=D-6), passengers=[Passenger(name=P-16), Passenger(name=P-14)], duration=16, distance=0.0, discount=null), Trip(driver=Driver(name=D-9), passengers=[Passenger(name=P-11), Passenger(name=P-10), Passenger(name=P-7), Passenger(name=P-15)], duration=11, distance=5.0, discount=null)), (Trip(driver=Driver(name=D-6), passengers=[Passenger(name=P-16), Passenger(name=P-14)], duration=16, distance=0.0, discount=null), Trip(driver=Driver(name=D-3), passengers=[Passenger(name=P-1), Passenger(name=P-18)], duration=5, distance=14.0, discount=0.3)), (Trip(driver=Driver(name=D-6), passengers=[Passenger(name=P-16), Passenger(name=P-14)], duration=16, distance=0.0, discount=null), Trip(driver=Driver(name=D-2), passengers=[Passenger(name=P-19), Passenger(name=P-8)], duration=7, distance=8.0, discount=0.2)), (Trip(driver=Driver(name=D-6), passengers=[Passenger(name=P-16), Passenger(name=P-14)], duration=16, distance=0.0, discount=null), Trip(driver=Driver(name=D-1), passengers=[Passenger(name=P-11)], duration=11, distance=18.0, discount=null)), (Trip(driver=Driver(name=D-6), passengers=[Passenger(name=P-16), Passenger(name=P-14)], duration=16, distance=0.0, discount=null), Trip(driver=Driver(name=D-5), passengers=[Passenger(name=P-0), Passenger(name=P-18), Passenger(name=P-11), Passenger(name=P-14)], duration=6, distance=17.0, discount=0.3)), (Trip(driver=Driver(name=D-6), passengers=[Passenger(name=P-16), Passenger(name=P-14)], duration=16, distance=0.0, discount=null), Trip(driver=Driver(name=D-6), passengers=[Passenger(name=P-11), Passenger(name=P-6)], duration=1, distance=4.0, discount=null)), (Trip(driver=Driver(name=D-6), passengers=[Passenger(name=P-16), Passenger(name=P-14)], duration=16, distance=0.0, discount=null), Trip(driver=Driver(name=D-5), passengers=[Passenger(name=P-11)], duration=10, distance=19.0, discount=null)), (Trip(driver=Driver(name=D-6), passengers=[Passenger(name=P-16), Passenger(name=P-14)], duration=16, distance=0.0, discount=null), Trip(driver=Driver(name=D-8), passengers=[Passenger(name=P-0), Passenger(name=P-4)], duration=2, distance=12.0, discount=0.4)), (Trip(driver=Driver(name=D-6), passengers=[Passenger(name=P-16), Passenger(name=P-14)], duration=16, distance=0.0, discount=null), Trip(driver=Driver(name=D-6), passengers=[Passenger(name=P-16), Passenger(name=P-14)], duration=16, distance=0.0, discount=null)), (Trip(driver=Driver(name=D-6), passengers=[Passenger(name=P-16), Passenger(name=P-14)], duration=16, distance=0.0, discount=null), Trip(driver=Driver(name=D-3), passengers=[Passenger(name=P-12)], duration=2, distance=15.0, discount=0.2)), (Trip(driver=Driver(name=D-6), passengers=[Passenger(name=P-16), Passenger(name=P-14)], duration=16, distance=0.0, discount=null), Trip(driver=Driver(name=D-5), passengers=[Passenger(name=P-15), Passenger(name=P-6)], duration=5, distance=6.0, discount=null)), (Trip(driver=Driver(name=D-6), passengers=[Passenger(name=P-16), Passenger(name=P-14)], duration=16, distance=0.0, discount=null), Trip(driver=Driver(name=D-8), passengers=[Passenger(name=P-4), Passenger(name=P-19)], duration=12, distance=0.0, discount=null)), (Trip(driver=Driver(name=D-6), passengers=[Passenger(name=P-16), Passenger(name=P-14)], duration=16, distance=0.0, discount=null), Trip(driver=Driver(name=D-4), passengers=[Passenger(name=P-8), Passenger(name=P-14)], duration=4, distance=19.0, discount=null)), (Trip(driver=Driver(name=D-6), passengers=[Passenger(name=P-16), Passenger(name=P-14)], duration=16, distance=0.0, discount=null), Trip(driver=Driver(name=D-3), passengers=[Passenger(name=P-0)], duration=14, distance=19.0, discount=0.3)), (Trip(driver=Driver(name=D-6), passengers=[Passenger(name=P-16), Passenger(name=P-14)], duration=16, distance=0.0, discount=null), Trip(driver=Driver(name=D-3), passengers=[Passenger(name=P-9)], duration=16, distance=5.0, discount=null)), (Trip(driver=Driver(name=D-6), passengers=[Passenger(name=P-16), Passenger(name=P-14)], duration=16, distance=0.0, discount=null), Trip(driver=Driver(name=D-2), passengers=[Passenger(name=P-7), Passenger(name=P-6), Passenger(name=P-12)], duration=4, distance=19.0, discount=null)), (Trip(driver=Driver(name=D-6), passengers=[Passenger(name=P-16), Passenger(name=P-14)], duration=16, distance=0.0, discount=null), Trip(driver=Driver(name=D-9), passengers=[Passenger(name=P-0), Passenger(name=P-1)], duration=10, distance=1.0, discount=null)), (Trip(driver=Driver(name=D-6), passengers=[Passenger(name=P-16), Passenger(name=P-14)], duration=16, distance=0.0, discount=null), Trip(driver=Driver(name=D-8), passengers=[Passenger(name=P-16)], duration=10, distance=4.0, discount=null)), (Trip(driver=Driver(name=D-6), passengers=[Passenger(name=P-16), Passenger(name=P-14)], duration=16, distance=0.0, discount=null), Trip(driver=Driver(name=D-7), passengers=[Passenger(name=P-16), Passenger(name=P-3)], duration=12, distance=10.0, discount=0.4)), (Trip(driver=Driver(name=D-6), passengers=[Passenger(name=P-16), Passenger(name=P-14)], duration=16, distance=0.0, discount=null), Trip(driver=Driver(name=D-9), passengers=[Passenger(name=P-18), Passenger(name=P-0)], duration=15, distance=14.0, discount=0.2)), (Trip(driver=Driver(name=D-6), passengers=[Passenger(name=P-16), Passenger(name=P-14)], duration=16, distance=0.0, discount=null), Trip(driver=Driver(name=D-9), passengers=[Passenger(name=P-10)], duration=2, distance=2.0, discount=0.2)), (Trip(driver=Driver(name=D-6), passengers=[Passenger(name=P-16), Passenger(name=P-14)], duration=16, distance=0.0, discount=null), Trip(driver=Driver(name=D-4), passengers=[Passenger(name=P-11), Passenger(name=P-14), Passenger(name=P-18)], duration=4, distance=3.0, discount=null)), (Trip(driver=Driver(name=D-6), passengers=[Passenger(name=P-16), Passenger(name=P-14)], duration=16, distance=0.0, discount=null), Trip(driver=Driver(name=D-7), passengers=[Passenger(name=P-5)], duration=0, distance=4.0, discount=null)), (Trip(driver=Driver(name=D-6), passengers=[Passenger(name=P-16), Passenger(name=P-14)], duration=16, distance=0.0, discount=null), Trip(driver=Driver(name=D-9), passengers=[Passenger(name=P-13), Passenger(name=P-17)], duration=0, distance=8.0, discount=0.3)), (Trip(driver=Driver(name=D-6), passengers=[Passenger(name=P-16), Passenger(name=P-14)], duration=16, distance=0.0, discount=null), Trip(driver=Driver(name=D-3), passengers=[Passenger(name=P-8), Passenger(name=P-5)], duration=16, distance=3.0, discount=null)), (Trip(driver=Driver(name=D-6), passengers=[Passenger(name=P-16), Passenger(name=P-14)], duration=16, distance=0.0, discount=null), Trip(driver=Driver(name=D-9), passengers=[Passenger(name=P-19), Passenger(name=P-7)], duration=1, distance=3.0, discount=null)), (Trip(driver=Driver(name=D-6), passengers=[Passenger(name=P-16), Passenger(name=P-14)], duration=16, distance=0.0, discount=null), Trip(driver=Driver(name=D-6), passengers=[Passenger(name=P-4), Passenger(name=P-17)], duration=10, distance=18.0, discount=null)), (Trip(driver=Driver(name=D-6), passengers=[Passenger(name=P-16), Passenger(name=P-14)], duration=16, distance=0.0, discount=null), Trip(driver=Driver(name=D-2), passengers=[Passenger(name=P-7), Passenger(name=P-12)], duration=9, distance=6.0, discount=0.2)), (Trip(driver=Driver(name=D-6), passengers=[Passenger(name=P-16), Passenger(name=P-14)], duration=16, distance=0.0, discount=null), Trip(driver=Driver(name=D-6), passengers=[Passenger(name=P-4), Passenger(name=P-11)], duration=8, distance=5.0, discount=null)), (Trip(driver=Driver(name=D-6), passengers=[Passenger(name=P-16), Passenger(name=P-14)], duration=16, distance=0.0, discount=null), Trip(driver=Driver(name=D-5), passengers=[Passenger(name=P-0)], duration=3, distance=15.0, discount=0.4)), (Trip(driver=Driver(name=D-6), passengers=[Passenger(name=P-16), Passenger(name=P-14)], duration=16, distance=0.0, discount=null), Trip(driver=Driver(name=D-3), passengers=[Passenger(name=P-1)], duration=1, distance=13.0, discount=null)), (Trip(driver=Driver(name=D-6), passengers=[Passenger(name=P-16), Passenger(name=P-14)], duration=16, distance=0.0, discount=null), Trip(driver=Driver(name=D-5), passengers=[Passenger(name=P-11)], duration=17, distance=16.0, discount=null)), (Trip(driver=Driver(name=D-6), passengers=[Passenger(name=P-16), Passenger(name=P-14)], duration=16, distance=0.0, discount=null), Trip(driver=Driver(name=D-3), passengers=[Passenger(name=P-2), Passenger(name=P-19), Passenger(name=P-8), Passenger(name=P-1)], duration=10, distance=15.0, discount=null))]
item [(Trip(driver=Driver(name=D-3), passengers=[Passenger(name=P-12)], duration=2, distance=15.0, discount=0.2), Trip(driver=Driver(name=D-6), passengers=[Passenger(name=P-16)], duration=8, distance=17.0, discount=null)), (Trip(driver=Driver(name=D-3), passengers=[Passenger(name=P-12)], duration=2, distance=15.0, discount=0.2), Trip(driver=Driver(name=D-4), passengers=[Passenger(name=P-11)], duration=10, distance=12.0, discount=null)), (Trip(driver=Driver(name=D-3), passengers=[Passenger(name=P-12)], duration=2, distance=15.0, discount=0.2), Trip(driver=Driver(name=D-8), passengers=[Passenger(name=P-8), Passenger(name=P-13)], duration=14, distance=4.0, discount=0.1)), (Trip(driver=Driver(name=D-3), passengers=[Passenger(name=P-12)], duration=2, distance=15.0, discount=0.2), Trip(driver=Driver(name=D-6), passengers=[Passenger(name=P-19)], duration=14, distance=9.0, discount=null)), (Trip(driver=Driver(name=D-3), passengers=[Passenger(name=P-12)], duration=2, distance=15.0, discount=0.2), Trip(driver=Driver(name=D-4), passengers=[Passenger(name=P-18), Passenger(name=P-10)], duration=6, distance=17.0, discount=0.1)), (Trip(driver=Driver(name=D-3), passengers=[Passenger(name=P-12)], duration=2, distance=15.0, discount=0.2), Trip(driver=Driver(name=D-0), passengers=[Passenger(name=P-0)], duration=19, distance=17.0, discount=0.1)), (Trip(driver=Driver(name=D-3), passengers=[Passenger(name=P-12)], duration=2, distance=15.0, discount=0.2), Trip(driver=Driver(name=D-7), passengers=[Passenger(name=P-2), Passenger(name=P-15)], duration=12, distance=9.0, discount=null)), (Trip(driver=Driver(name=D-3), passengers=[Passenger(name=P-12)], duration=2, distance=15.0, discount=0.2), Trip(driver=Driver(name=D-9), passengers=[Passenger(name=P-11), Passenger(name=P-10), Passenger(name=P-7), Passenger(name=P-15)], duration=11, distance=5.0, discount=null)), (Trip(driver=Driver(name=D-3), passengers=[Passenger(name=P-12)], duration=2, distance=15.0, discount=0.2), Trip(driver=Driver(name=D-3), passengers=[Passenger(name=P-1), Passenger(name=P-18)], duration=5, distance=14.0, discount=0.3)), (Trip(driver=Driver(name=D-3), passengers=[Passenger(name=P-12)], duration=2, distance=15.0, discount=0.2), Trip(driver=Driver(name=D-2), passengers=[Passenger(name=P-19), Passenger(name=P-8)], duration=7, distance=8.0, discount=0.2)), (Trip(driver=Driver(name=D-3), passengers=[Passenger(name=P-12)], duration=2, distance=15.0, discount=0.2), Trip(driver=Driver(name=D-1), passengers=[Passenger(name=P-11)], duration=11, distance=18.0, discount=null)), (Trip(driver=Driver(name=D-3), passengers=[Passenger(name=P-12)], duration=2, distance=15.0, discount=0.2), Trip(driver=Driver(name=D-5), passengers=[Passenger(name=P-0), Passenger(name=P-18), Passenger(name=P-11), Passenger(name=P-14)], duration=6, distance=17.0, discount=0.3)), (Trip(driver=Driver(name=D-3), passengers=[Passenger(name=P-12)], duration=2, distance=15.0, discount=0.2), Trip(driver=Driver(name=D-6), passengers=[Passenger(name=P-11), Passenger(name=P-6)], duration=1, distance=4.0, discount=null)), (Trip(driver=Driver(name=D-3), passengers=[Passenger(name=P-12)], duration=2, distance=15.0, discount=0.2), Trip(driver=Driver(name=D-5), passengers=[Passenger(name=P-11)], duration=10, distance=19.0, discount=null)), (Trip(driver=Driver(name=D-3), passengers=[Passenger(name=P-12)], duration=2, distance=15.0, discount=0.2), Trip(driver=Driver(name=D-8), passengers=[Passenger(name=P-0), Passenger(name=P-4)], duration=2, distance=12.0, discount=0.4)), (Trip(driver=Driver(name=D-3), passengers=[Passenger(name=P-12)], duration=2, distance=15.0, discount=0.2), Trip(driver=Driver(name=D-6), passengers=[Passenger(name=P-16), Passenger(name=P-14)], duration=16, distance=0.0, discount=null)), (Trip(driver=Driver(name=D-3), passengers=[Passenger(name=P-12)], duration=2, distance=15.0, discount=0.2), Trip(driver=Driver(name=D-3), passengers=[Passenger(name=P-12)], duration=2, distance=15.0, discount=0.2)), (Trip(driver=Driver(name=D-3), passengers=[Passenger(name=P-12)], duration=2, distance=15.0, discount=0.2), Trip(driver=Driver(name=D-5), passengers=[Passenger(name=P-15), Passenger(name=P-6)], duration=5, distance=6.0, discount=null)), (Trip(driver=Driver(name=D-3), passengers=[Passenger(name=P-12)], duration=2, distance=15.0, discount=0.2), Trip(driver=Driver(name=D-8), passengers=[Passenger(name=P-4), Passenger(name=P-19)], duration=12, distance=0.0, discount=null)), (Trip(driver=Driver(name=D-3), passengers=[Passenger(name=P-12)], duration=2, distance=15.0, discount=0.2), Trip(driver=Driver(name=D-4), passengers=[Passenger(name=P-8), Passenger(name=P-14)], duration=4, distance=19.0, discount=null)), (Trip(driver=Driver(name=D-3), passengers=[Passenger(name=P-12)], duration=2, distance=15.0, discount=0.2), Trip(driver=Driver(name=D-3), passengers=[Passenger(name=P-0)], duration=14, distance=19.0, discount=0.3)), (Trip(driver=Driver(name=D-3), passengers=[Passenger(name=P-12)], duration=2, distance=15.0, discount=0.2), Trip(driver=Driver(name=D-3), passengers=[Passenger(name=P-9)], duration=16, distance=5.0, discount=null)), (Trip(driver=Driver(name=D-3), passengers=[Passenger(name=P-12)], duration=2, distance=15.0, discount=0.2), Trip(driver=Driver(name=D-2), passengers=[Passenger(name=P-7), Passenger(name=P-6), Passenger(name=P-12)], duration=4, distance=19.0, discount=null)), (Trip(driver=Driver(name=D-3), passengers=[Passenger(name=P-12)], duration=2, distance=15.0, discount=0.2), Trip(driver=Driver(name=D-9), passengers=[Passenger(name=P-0), Passenger(name=P-1)], duration=10, distance=1.0, discount=null)), (Trip(driver=Driver(name=D-3), passengers=[Passenger(name=P-12)], duration=2, distance=15.0, discount=0.2), Trip(driver=Driver(name=D-8), passengers=[Passenger(name=P-16)], duration=10, distance=4.0, discount=null)), (Trip(driver=Driver(name=D-3), passengers=[Passenger(name=P-12)], duration=2, distance=15.0, discount=0.2), Trip(driver=Driver(name=D-7), passengers=[Passenger(name=P-16), Passenger(name=P-3)], duration=12, distance=10.0, discount=0.4)), (Trip(driver=Driver(name=D-3), passengers=[Passenger(name=P-12)], duration=2, distance=15.0, discount=0.2), Trip(driver=Driver(name=D-9), passengers=[Passenger(name=P-18), Passenger(name=P-0)], duration=15, distance=14.0, discount=0.2)), (Trip(driver=Driver(name=D-3), passengers=[Passenger(name=P-12)], duration=2, distance=15.0, discount=0.2), Trip(driver=Driver(name=D-9), passengers=[Passenger(name=P-10)], duration=2, distance=2.0, discount=0.2)), (Trip(driver=Driver(name=D-3), passengers=[Passenger(name=P-12)], duration=2, distance=15.0, discount=0.2), Trip(driver=Driver(name=D-4), passengers=[Passenger(name=P-11), Passenger(name=P-14), Passenger(name=P-18)], duration=4, distance=3.0, discount=null)), (Trip(driver=Driver(name=D-3), passengers=[Passenger(name=P-12)], duration=2, distance=15.0, discount=0.2), Trip(driver=Driver(name=D-7), passengers=[Passenger(name=P-5)], duration=0, distance=4.0, discount=null)), (Trip(driver=Driver(name=D-3), passengers=[Passenger(name=P-12)], duration=2, distance=15.0, discount=0.2), Trip(driver=Driver(name=D-9), passengers=[Passenger(name=P-13), Passenger(name=P-17)], duration=0, distance=8.0, discount=0.3)), (Trip(driver=Driver(name=D-3), passengers=[Passenger(name=P-12)], duration=2, distance=15.0, discount=0.2), Trip(driver=Driver(name=D-3), passengers=[Passenger(name=P-8), Passenger(name=P-5)], duration=16, distance=3.0, discount=null)), (Trip(driver=Driver(name=D-3), passengers=[Passenger(name=P-12)], duration=2, distance=15.0, discount=0.2), Trip(driver=Driver(name=D-9), passengers=[Passenger(name=P-19), Passenger(name=P-7)], duration=1, distance=3.0, discount=null)), (Trip(driver=Driver(name=D-3), passengers=[Passenger(name=P-12)], duration=2, distance=15.0, discount=0.2), Trip(driver=Driver(name=D-6), passengers=[Passenger(name=P-4), Passenger(name=P-17)], duration=10, distance=18.0, discount=null)), (Trip(driver=Driver(name=D-3), passengers=[Passenger(name=P-12)], duration=2, distance=15.0, discount=0.2), Trip(driver=Driver(name=D-2), passengers=[Passenger(name=P-7), Passenger(name=P-12)], duration=9, distance=6.0, discount=0.2)), (Trip(driver=Driver(name=D-3), passengers=[Passenger(name=P-12)], duration=2, distance=15.0, discount=0.2), Trip(driver=Driver(name=D-6), passengers=[Passenger(name=P-4), Passenger(name=P-11)], duration=8, distance=5.0, discount=null)), (Trip(driver=Driver(name=D-3), passengers=[Passenger(name=P-12)], duration=2, distance=15.0, discount=0.2), Trip(driver=Driver(name=D-5), passengers=[Passenger(name=P-0)], duration=3, distance=15.0, discount=0.4)), (Trip(driver=Driver(name=D-3), passengers=[Passenger(name=P-12)], duration=2, distance=15.0, discount=0.2), Trip(driver=Driver(name=D-3), passengers=[Passenger(name=P-1)], duration=1, distance=13.0, discount=null)), (Trip(driver=Driver(name=D-3), passengers=[Passenger(name=P-12)], duration=2, distance=15.0, discount=0.2), Trip(driver=Driver(name=D-5), passengers=[Passenger(name=P-11)], duration=17, distance=16.0, discount=null)), (Trip(driver=Driver(name=D-3), passengers=[Passenger(name=P-12)], duration=2, distance=15.0, discount=0.2), Trip(driver=Driver(name=D-3), passengers=[Passenger(name=P-2), Passenger(name=P-19), Passenger(name=P-8), Passenger(name=P-1)], duration=10, distance=15.0, discount=null))]
item [(Trip(driver=Driver(name=D-5), passengers=[Passenger(name=P-15), Passenger(name=P-6)], duration=5, distance=6.0, discount=null), Trip(driver=Driver(name=D-6), passengers=[Passenger(name=P-16)], duration=8, distance=17.0, discount=null)), (Trip(driver=Driver(name=D-5), passengers=[Passenger(name=P-15), Passenger(name=P-6)], duration=5, distance=6.0, discount=null), Trip(driver=Driver(name=D-4), passengers=[Passenger(name=P-11)], duration=10, distance=12.0, discount=null)), (Trip(driver=Driver(name=D-5), passengers=[Passenger(name=P-15), Passenger(name=P-6)], duration=5, distance=6.0, discount=null), Trip(driver=Driver(name=D-8), passengers=[Passenger(name=P-8), Passenger(name=P-13)], duration=14, distance=4.0, discount=0.1)), (Trip(driver=Driver(name=D-5), passengers=[Passenger(name=P-15), Passenger(name=P-6)], duration=5, distance=6.0, discount=null), Trip(driver=Driver(name=D-6), passengers=[Passenger(name=P-19)], duration=14, distance=9.0, discount=null)), (Trip(driver=Driver(name=D-5), passengers=[Passenger(name=P-15), Passenger(name=P-6)], duration=5, distance=6.0, discount=null), Trip(driver=Driver(name=D-4), passengers=[Passenger(name=P-18), Passenger(name=P-10)], duration=6, distance=17.0, discount=0.1)), (Trip(driver=Driver(name=D-5), passengers=[Passenger(name=P-15), Passenger(name=P-6)], duration=5, distance=6.0, discount=null), Trip(driver=Driver(name=D-0), passengers=[Passenger(name=P-0)], duration=19, distance=17.0, discount=0.1)), (Trip(driver=Driver(name=D-5), passengers=[Passenger(name=P-15), Passenger(name=P-6)], duration=5, distance=6.0, discount=null), Trip(driver=Driver(name=D-7), passengers=[Passenger(name=P-2), Passenger(name=P-15)], duration=12, distance=9.0, discount=null)), (Trip(driver=Driver(name=D-5), passengers=[Passenger(name=P-15), Passenger(name=P-6)], duration=5, distance=6.0, discount=null), Trip(driver=Driver(name=D-9), passengers=[Passenger(name=P-11), Passenger(name=P-10), Passenger(name=P-7), Passenger(name=P-15)], duration=11, distance=5.0, discount=null)), (Trip(driver=Driver(name=D-5), passengers=[Passenger(name=P-15), Passenger(name=P-6)], duration=5, distance=6.0, discount=null), Trip(driver=Driver(name=D-3), passengers=[Passenger(name=P-1), Passenger(name=P-18)], duration=5, distance=14.0, discount=0.3)), (Trip(driver=Driver(name=D-5), passengers=[Passenger(name=P-15), Passenger(name=P-6)], duration=5, distance=6.0, discount=null), Trip(driver=Driver(name=D-2), passengers=[Passenger(name=P-19), Passenger(name=P-8)], duration=7, distance=8.0, discount=0.2)), (Trip(driver=Driver(name=D-5), passengers=[Passenger(name=P-15), Passenger(name=P-6)], duration=5, distance=6.0, discount=null), Trip(driver=Driver(name=D-1), passengers=[Passenger(name=P-11)], duration=11, distance=18.0, discount=null)), (Trip(driver=Driver(name=D-5), passengers=[Passenger(name=P-15), Passenger(name=P-6)], duration=5, distance=6.0, discount=null), Trip(driver=Driver(name=D-5), passengers=[Passenger(name=P-0), Passenger(name=P-18), Passenger(name=P-11), Passenger(name=P-14)], duration=6, distance=17.0, discount=0.3)), (Trip(driver=Driver(name=D-5), passengers=[Passenger(name=P-15), Passenger(name=P-6)], duration=5, distance=6.0, discount=null), Trip(driver=Driver(name=D-6), passengers=[Passenger(name=P-11), Passenger(name=P-6)], duration=1, distance=4.0, discount=null)), (Trip(driver=Driver(name=D-5), passengers=[Passenger(name=P-15), Passenger(name=P-6)], duration=5, distance=6.0, discount=null), Trip(driver=Driver(name=D-5), passengers=[Passenger(name=P-11)], duration=10, distance=19.0, discount=null)), (Trip(driver=Driver(name=D-5), passengers=[Passenger(name=P-15), Passenger(name=P-6)], duration=5, distance=6.0, discount=null), Trip(driver=Driver(name=D-8), passengers=[Passenger(name=P-0), Passenger(name=P-4)], duration=2, distance=12.0, discount=0.4)), (Trip(driver=Driver(name=D-5), passengers=[Passenger(name=P-15), Passenger(name=P-6)], duration=5, distance=6.0, discount=null), Trip(driver=Driver(name=D-6), passengers=[Passenger(name=P-16), Passenger(name=P-14)], duration=16, distance=0.0, discount=null)), (Trip(driver=Driver(name=D-5), passengers=[Passenger(name=P-15), Passenger(name=P-6)], duration=5, distance=6.0, discount=null), Trip(driver=Driver(name=D-3), passengers=[Passenger(name=P-12)], duration=2, distance=15.0, discount=0.2)), (Trip(driver=Driver(name=D-5), passengers=[Passenger(name=P-15), Passenger(name=P-6)], duration=5, distance=6.0, discount=null), Trip(driver=Driver(name=D-5), passengers=[Passenger(name=P-15), Passenger(name=P-6)], duration=5, distance=6.0, discount=null)), (Trip(driver=Driver(name=D-5), passengers=[Passenger(name=P-15), Passenger(name=P-6)], duration=5, distance=6.0, discount=null), Trip(driver=Driver(name=D-8), passengers=[Passenger(name=P-4), Passenger(name=P-19)], duration=12, distance=0.0, discount=null)), (Trip(driver=Driver(name=D-5), passengers=[Passenger(name=P-15), Passenger(name=P-6)], duration=5, distance=6.0, discount=null), Trip(driver=Driver(name=D-4), passengers=[Passenger(name=P-8), Passenger(name=P-14)], duration=4, distance=19.0, discount=null)), (Trip(driver=Driver(name=D-5), passengers=[Passenger(name=P-15), Passenger(name=P-6)], duration=5, distance=6.0, discount=null), Trip(driver=Driver(name=D-3), passengers=[Passenger(name=P-0)], duration=14, distance=19.0, discount=0.3)), (Trip(driver=Driver(name=D-5), passengers=[Passenger(name=P-15), Passenger(name=P-6)], duration=5, distance=6.0, discount=null), Trip(driver=Driver(name=D-3), passengers=[Passenger(name=P-9)], duration=16, distance=5.0, discount=null)), (Trip(driver=Driver(name=D-5), passengers=[Passenger(name=P-15), Passenger(name=P-6)], duration=5, distance=6.0, discount=null), Trip(driver=Driver(name=D-2), passengers=[Passenger(name=P-7), Passenger(name=P-6), Passenger(name=P-12)], duration=4, distance=19.0, discount=null)), (Trip(driver=Driver(name=D-5), passengers=[Passenger(name=P-15), Passenger(name=P-6)], duration=5, distance=6.0, discount=null), Trip(driver=Driver(name=D-9), passengers=[Passenger(name=P-0), Passenger(name=P-1)], duration=10, distance=1.0, discount=null)), (Trip(driver=Driver(name=D-5), passengers=[Passenger(name=P-15), Passenger(name=P-6)], duration=5, distance=6.0, discount=null), Trip(driver=Driver(name=D-8), passengers=[Passenger(name=P-16)], duration=10, distance=4.0, discount=null)), (Trip(driver=Driver(name=D-5), passengers=[Passenger(name=P-15), Passenger(name=P-6)], duration=5, distance=6.0, discount=null), Trip(driver=Driver(name=D-7), passengers=[Passenger(name=P-16), Passenger(name=P-3)], duration=12, distance=10.0, discount=0.4)), (Trip(driver=Driver(name=D-5), passengers=[Passenger(name=P-15), Passenger(name=P-6)], duration=5, distance=6.0, discount=null), Trip(driver=Driver(name=D-9), passengers=[Passenger(name=P-18), Passenger(name=P-0)], duration=15, distance=14.0, discount=0.2)), (Trip(driver=Driver(name=D-5), passengers=[Passenger(name=P-15), Passenger(name=P-6)], duration=5, distance=6.0, discount=null), Trip(driver=Driver(name=D-9), passengers=[Passenger(name=P-10)], duration=2, distance=2.0, discount=0.2)), (Trip(driver=Driver(name=D-5), passengers=[Passenger(name=P-15), Passenger(name=P-6)], duration=5, distance=6.0, discount=null), Trip(driver=Driver(name=D-4), passengers=[Passenger(name=P-11), Passenger(name=P-14), Passenger(name=P-18)], duration=4, distance=3.0, discount=null)), (Trip(driver=Driver(name=D-5), passengers=[Passenger(name=P-15), Passenger(name=P-6)], duration=5, distance=6.0, discount=null), Trip(driver=Driver(name=D-7), passengers=[Passenger(name=P-5)], duration=0, distance=4.0, discount=null)), (Trip(driver=Driver(name=D-5), passengers=[Passenger(name=P-15), Passenger(name=P-6)], duration=5, distance=6.0, discount=null), Trip(driver=Driver(name=D-9), passengers=[Passenger(name=P-13), Passenger(name=P-17)], duration=0, distance=8.0, discount=0.3)), (Trip(driver=Driver(name=D-5), passengers=[Passenger(name=P-15), Passenger(name=P-6)], duration=5, distance=6.0, discount=null), Trip(driver=Driver(name=D-3), passengers=[Passenger(name=P-8), Passenger(name=P-5)], duration=16, distance=3.0, discount=null)), (Trip(driver=Driver(name=D-5), passengers=[Passenger(name=P-15), Passenger(name=P-6)], duration=5, distance=6.0, discount=null), Trip(driver=Driver(name=D-9), passengers=[Passenger(name=P-19), Passenger(name=P-7)], duration=1, distance=3.0, discount=null)), (Trip(driver=Driver(name=D-5), passengers=[Passenger(name=P-15), Passenger(name=P-6)], duration=5, distance=6.0, discount=null), Trip(driver=Driver(name=D-6), passengers=[Passenger(name=P-4), Passenger(name=P-17)], duration=10, distance=18.0, discount=null)), (Trip(driver=Driver(name=D-5), passengers=[Passenger(name=P-15), Passenger(name=P-6)], duration=5, distance=6.0, discount=null), Trip(driver=Driver(name=D-2), passengers=[Passenger(name=P-7), Passenger(name=P-12)], duration=9, distance=6.0, discount=0.2)), (Trip(driver=Driver(name=D-5), passengers=[Passenger(name=P-15), Passenger(name=P-6)], duration=5, distance=6.0, discount=null), Trip(driver=Driver(name=D-6), passengers=[Passenger(name=P-4), Passenger(name=P-11)], duration=8, distance=5.0, discount=null)), (Trip(driver=Driver(name=D-5), passengers=[Passenger(name=P-15), Passenger(name=P-6)], duration=5, distance=6.0, discount=null), Trip(driver=Driver(name=D-5), passengers=[Passenger(name=P-0)], duration=3, distance=15.0, discount=0.4)), (Trip(driver=Driver(name=D-5), passengers=[Passenger(name=P-15), Passenger(name=P-6)], duration=5, distance=6.0, discount=null), Trip(driver=Driver(name=D-3), passengers=[Passenger(name=P-1)], duration=1, distance=13.0, discount=null)), (Trip(driver=Driver(name=D-5), passengers=[Passenger(name=P-15), Passenger(name=P-6)], duration=5, distance=6.0, discount=null), Trip(driver=Driver(name=D-5), passengers=[Passenger(name=P-11)], duration=17, distance=16.0, discount=null)), (Trip(driver=Driver(name=D-5), passengers=[Passenger(name=P-15), Passenger(name=P-6)], duration=5, distance=6.0, discount=null), Trip(driver=Driver(name=D-3), passengers=[Passenger(name=P-2), Passenger(name=P-19), Passenger(name=P-8), Passenger(name=P-1)], duration=10, distance=15.0, discount=null))]
item [(Trip(driver=Driver(name=D-8), passengers=[Passenger(name=P-4), Passenger(name=P-19)], duration=12, distance=0.0, discount=null), Trip(driver=Driver(name=D-6), passengers=[Passenger(name=P-16)], duration=8, distance=17.0, discount=null)), (Trip(driver=Driver(name=D-8), passengers=[Passenger(name=P-4), Passenger(name=P-19)], duration=12, distance=0.0, discount=null), Trip(driver=Driver(name=D-4), passengers=[Passenger(name=P-11)], duration=10, distance=12.0, discount=null)), (Trip(driver=Driver(name=D-8), passengers=[Passenger(name=P-4), Passenger(name=P-19)], duration=12, distance=0.0, discount=null), Trip(driver=Driver(name=D-8), passengers=[Passenger(name=P-8), Passenger(name=P-13)], duration=14, distance=4.0, discount=0.1)), (Trip(driver=Driver(name=D-8), passengers=[Passenger(name=P-4), Passenger(name=P-19)], duration=12, distance=0.0, discount=null), Trip(driver=Driver(name=D-6), passengers=[Passenger(name=P-19)], duration=14, distance=9.0, discount=null)), (Trip(driver=Driver(name=D-8), passengers=[Passenger(name=P-4), Passenger(name=P-19)], duration=12, distance=0.0, discount=null), Trip(driver=Driver(name=D-4), passengers=[Passenger(name=P-18), Passenger(name=P-10)], duration=6, distance=17.0, discount=0.1)), (Trip(driver=Driver(name=D-8), passengers=[Passenger(name=P-4), Passenger(name=P-19)], duration=12, distance=0.0, discount=null), Trip(driver=Driver(name=D-0), passengers=[Passenger(name=P-0)], duration=19, distance=17.0, discount=0.1)), (Trip(driver=Driver(name=D-8), passengers=[Passenger(name=P-4), Passenger(name=P-19)], duration=12, distance=0.0, discount=null), Trip(driver=Driver(name=D-7), passengers=[Passenger(name=P-2), Passenger(name=P-15)], duration=12, distance=9.0, discount=null)), (Trip(driver=Driver(name=D-8), passengers=[Passenger(name=P-4), Passenger(name=P-19)], duration=12, distance=0.0, discount=null), Trip(driver=Driver(name=D-9), passengers=[Passenger(name=P-11), Passenger(name=P-10), Passenger(name=P-7), Passenger(name=P-15)], duration=11, distance=5.0, discount=null)), (Trip(driver=Driver(name=D-8), passengers=[Passenger(name=P-4), Passenger(name=P-19)], duration=12, distance=0.0, discount=null), Trip(driver=Driver(name=D-3), passengers=[Passenger(name=P-1), Passenger(name=P-18)], duration=5, distance=14.0, discount=0.3)), (Trip(driver=Driver(name=D-8), passengers=[Passenger(name=P-4), Passenger(name=P-19)], duration=12, distance=0.0, discount=null), Trip(driver=Driver(name=D-2), passengers=[Passenger(name=P-19), Passenger(name=P-8)], duration=7, distance=8.0, discount=0.2)), (Trip(driver=Driver(name=D-8), passengers=[Passenger(name=P-4), Passenger(name=P-19)], duration=12, distance=0.0, discount=null), Trip(driver=Driver(name=D-1), passengers=[Passenger(name=P-11)], duration=11, distance=18.0, discount=null)), (Trip(driver=Driver(name=D-8), passengers=[Passenger(name=P-4), Passenger(name=P-19)], duration=12, distance=0.0, discount=null), Trip(driver=Driver(name=D-5), passengers=[Passenger(name=P-0), Passenger(name=P-18), Passenger(name=P-11), Passenger(name=P-14)], duration=6, distance=17.0, discount=0.3)), (Trip(driver=Driver(name=D-8), passengers=[Passenger(name=P-4), Passenger(name=P-19)], duration=12, distance=0.0, discount=null), Trip(driver=Driver(name=D-6), passengers=[Passenger(name=P-11), Passenger(name=P-6)], duration=1, distance=4.0, discount=null)), (Trip(driver=Driver(name=D-8), passengers=[Passenger(name=P-4), Passenger(name=P-19)], duration=12, distance=0.0, discount=null), Trip(driver=Driver(name=D-5), passengers=[Passenger(name=P-11)], duration=10, distance=19.0, discount=null)), (Trip(driver=Driver(name=D-8), passengers=[Passenger(name=P-4), Passenger(name=P-19)], duration=12, distance=0.0, discount=null), Trip(driver=Driver(name=D-8), passengers=[Passenger(name=P-0), Passenger(name=P-4)], duration=2, distance=12.0, discount=0.4)), (Trip(driver=Driver(name=D-8), passengers=[Passenger(name=P-4), Passenger(name=P-19)], duration=12, distance=0.0, discount=null), Trip(driver=Driver(name=D-6), passengers=[Passenger(name=P-16), Passenger(name=P-14)], duration=16, distance=0.0, discount=null)), (Trip(driver=Driver(name=D-8), passengers=[Passenger(name=P-4), Passenger(name=P-19)], duration=12, distance=0.0, discount=null), Trip(driver=Driver(name=D-3), passengers=[Passenger(name=P-12)], duration=2, distance=15.0, discount=0.2)), (Trip(driver=Driver(name=D-8), passengers=[Passenger(name=P-4), Passenger(name=P-19)], duration=12, distance=0.0, discount=null), Trip(driver=Driver(name=D-5), passengers=[Passenger(name=P-15), Passenger(name=P-6)], duration=5, distance=6.0, discount=null)), (Trip(driver=Driver(name=D-8), passengers=[Passenger(name=P-4), Passenger(name=P-19)], duration=12, distance=0.0, discount=null), Trip(driver=Driver(name=D-8), passengers=[Passenger(name=P-4), Passenger(name=P-19)], duration=12, distance=0.0, discount=null)), (Trip(driver=Driver(name=D-8), passengers=[Passenger(name=P-4), Passenger(name=P-19)], duration=12, distance=0.0, discount=null), Trip(driver=Driver(name=D-4), passengers=[Passenger(name=P-8), Passenger(name=P-14)], duration=4, distance=19.0, discount=null)), (Trip(driver=Driver(name=D-8), passengers=[Passenger(name=P-4), Passenger(name=P-19)], duration=12, distance=0.0, discount=null), Trip(driver=Driver(name=D-3), passengers=[Passenger(name=P-0)], duration=14, distance=19.0, discount=0.3)), (Trip(driver=Driver(name=D-8), passengers=[Passenger(name=P-4), Passenger(name=P-19)], duration=12, distance=0.0, discount=null), Trip(driver=Driver(name=D-3), passengers=[Passenger(name=P-9)], duration=16, distance=5.0, discount=null)), (Trip(driver=Driver(name=D-8), passengers=[Passenger(name=P-4), Passenger(name=P-19)], duration=12, distance=0.0, discount=null), Trip(driver=Driver(name=D-2), passengers=[Passenger(name=P-7), Passenger(name=P-6), Passenger(name=P-12)], duration=4, distance=19.0, discount=null)), (Trip(driver=Driver(name=D-8), passengers=[Passenger(name=P-4), Passenger(name=P-19)], duration=12, distance=0.0, discount=null), Trip(driver=Driver(name=D-9), passengers=[Passenger(name=P-0), Passenger(name=P-1)], duration=10, distance=1.0, discount=null)), (Trip(driver=Driver(name=D-8), passengers=[Passenger(name=P-4), Passenger(name=P-19)], duration=12, distance=0.0, discount=null), Trip(driver=Driver(name=D-8), passengers=[Passenger(name=P-16)], duration=10, distance=4.0, discount=null)), (Trip(driver=Driver(name=D-8), passengers=[Passenger(name=P-4), Passenger(name=P-19)], duration=12, distance=0.0, discount=null), Trip(driver=Driver(name=D-7), passengers=[Passenger(name=P-16), Passenger(name=P-3)], duration=12, distance=10.0, discount=0.4)), (Trip(driver=Driver(name=D-8), passengers=[Passenger(name=P-4), Passenger(name=P-19)], duration=12, distance=0.0, discount=null), Trip(driver=Driver(name=D-9), passengers=[Passenger(name=P-18), Passenger(name=P-0)], duration=15, distance=14.0, discount=0.2)), (Trip(driver=Driver(name=D-8), passengers=[Passenger(name=P-4), Passenger(name=P-19)], duration=12, distance=0.0, discount=null), Trip(driver=Driver(name=D-9), passengers=[Passenger(name=P-10)], duration=2, distance=2.0, discount=0.2)), (Trip(driver=Driver(name=D-8), passengers=[Passenger(name=P-4), Passenger(name=P-19)], duration=12, distance=0.0, discount=null), Trip(driver=Driver(name=D-4), passengers=[Passenger(name=P-11), Passenger(name=P-14), Passenger(name=P-18)], duration=4, distance=3.0, discount=null)), (Trip(driver=Driver(name=D-8), passengers=[Passenger(name=P-4), Passenger(name=P-19)], duration=12, distance=0.0, discount=null), Trip(driver=Driver(name=D-7), passengers=[Passenger(name=P-5)], duration=0, distance=4.0, discount=null)), (Trip(driver=Driver(name=D-8), passengers=[Passenger(name=P-4), Passenger(name=P-19)], duration=12, distance=0.0, discount=null), Trip(driver=Driver(name=D-9), passengers=[Passenger(name=P-13), Passenger(name=P-17)], duration=0, distance=8.0, discount=0.3)), (Trip(driver=Driver(name=D-8), passengers=[Passenger(name=P-4), Passenger(name=P-19)], duration=12, distance=0.0, discount=null), Trip(driver=Driver(name=D-3), passengers=[Passenger(name=P-8), Passenger(name=P-5)], duration=16, distance=3.0, discount=null)), (Trip(driver=Driver(name=D-8), passengers=[Passenger(name=P-4), Passenger(name=P-19)], duration=12, distance=0.0, discount=null), Trip(driver=Driver(name=D-9), passengers=[Passenger(name=P-19), Passenger(name=P-7)], duration=1, distance=3.0, discount=null)), (Trip(driver=Driver(name=D-8), passengers=[Passenger(name=P-4), Passenger(name=P-19)], duration=12, distance=0.0, discount=null), Trip(driver=Driver(name=D-6), passengers=[Passenger(name=P-4), Passenger(name=P-17)], duration=10, distance=18.0, discount=null)), (Trip(driver=Driver(name=D-8), passengers=[Passenger(name=P-4), Passenger(name=P-19)], duration=12, distance=0.0, discount=null), Trip(driver=Driver(name=D-2), passengers=[Passenger(name=P-7), Passenger(name=P-12)], duration=9, distance=6.0, discount=0.2)), (Trip(driver=Driver(name=D-8), passengers=[Passenger(name=P-4), Passenger(name=P-19)], duration=12, distance=0.0, discount=null), Trip(driver=Driver(name=D-6), passengers=[Passenger(name=P-4), Passenger(name=P-11)], duration=8, distance=5.0, discount=null)), (Trip(driver=Driver(name=D-8), passengers=[Passenger(name=P-4), Passenger(name=P-19)], duration=12, distance=0.0, discount=null), Trip(driver=Driver(name=D-5), passengers=[Passenger(name=P-0)], duration=3, distance=15.0, discount=0.4)), (Trip(driver=Driver(name=D-8), passengers=[Passenger(name=P-4), Passenger(name=P-19)], duration=12, distance=0.0, discount=null), Trip(driver=Driver(name=D-3), passengers=[Passenger(name=P-1)], duration=1, distance=13.0, discount=null)), (Trip(driver=Driver(name=D-8), passengers=[Passenger(name=P-4), Passenger(name=P-19)], duration=12, distance=0.0, discount=null), Trip(driver=Driver(name=D-5), passengers=[Passenger(name=P-11)], duration=17, distance=16.0, discount=null)), (Trip(driver=Driver(name=D-8), passengers=[Passenger(name=P-4), Passenger(name=P-19)], duration=12, distance=0.0, discount=null), Trip(driver=Driver(name=D-3), passengers=[Passenger(name=P-2), Passenger(name=P-19), Passenger(name=P-8), Passenger(name=P-1)], duration=10, distance=15.0, discount=null))]
item [(Trip(driver=Driver(name=D-4), passengers=[Passenger(name=P-8), Passenger(name=P-14)], duration=4, distance=19.0, discount=null), Trip(driver=Driver(name=D-6), passengers=[Passenger(name=P-16)], duration=8, distance=17.0, discount=null)), (Trip(driver=Driver(name=D-4), passengers=[Passenger(name=P-8), Passenger(name=P-14)], duration=4, distance=19.0, discount=null), Trip(driver=Driver(name=D-4), passengers=[Passenger(name=P-11)], duration=10, distance=12.0, discount=null)), (Trip(driver=Driver(name=D-4), passengers=[Passenger(name=P-8), Passenger(name=P-14)], duration=4, distance=19.0, discount=null), Trip(driver=Driver(name=D-8), passengers=[Passenger(name=P-8), Passenger(name=P-13)], duration=14, distance=4.0, discount=0.1)), (Trip(driver=Driver(name=D-4), passengers=[Passenger(name=P-8), Passenger(name=P-14)], duration=4, distance=19.0, discount=null), Trip(driver=Driver(name=D-6), passengers=[Passenger(name=P-19)], duration=14, distance=9.0, discount=null)), (Trip(driver=Driver(name=D-4), passengers=[Passenger(name=P-8), Passenger(name=P-14)], duration=4, distance=19.0, discount=null), Trip(driver=Driver(name=D-4), passengers=[Passenger(name=P-18), Passenger(name=P-10)], duration=6, distance=17.0, discount=0.1)), (Trip(driver=Driver(name=D-4), passengers=[Passenger(name=P-8), Passenger(name=P-14)], duration=4, distance=19.0, discount=null), Trip(driver=Driver(name=D-0), passengers=[Passenger(name=P-0)], duration=19, distance=17.0, discount=0.1)), (Trip(driver=Driver(name=D-4), passengers=[Passenger(name=P-8), Passenger(name=P-14)], duration=4, distance=19.0, discount=null), Trip(driver=Driver(name=D-7), passengers=[Passenger(name=P-2), Passenger(name=P-15)], duration=12, distance=9.0, discount=null)), (Trip(driver=Driver(name=D-4), passengers=[Passenger(name=P-8), Passenger(name=P-14)], duration=4, distance=19.0, discount=null), Trip(driver=Driver(name=D-9), passengers=[Passenger(name=P-11), Passenger(name=P-10), Passenger(name=P-7), Passenger(name=P-15)], duration=11, distance=5.0, discount=null)), (Trip(driver=Driver(name=D-4), passengers=[Passenger(name=P-8), Passenger(name=P-14)], duration=4, distance=19.0, discount=null), Trip(driver=Driver(name=D-3), passengers=[Passenger(name=P-1), Passenger(name=P-18)], duration=5, distance=14.0, discount=0.3)), (Trip(driver=Driver(name=D-4), passengers=[Passenger(name=P-8), Passenger(name=P-14)], duration=4, distance=19.0, discount=null), Trip(driver=Driver(name=D-2), passengers=[Passenger(name=P-19), Passenger(name=P-8)], duration=7, distance=8.0, discount=0.2)), (Trip(driver=Driver(name=D-4), passengers=[Passenger(name=P-8), Passenger(name=P-14)], duration=4, distance=19.0, discount=null), Trip(driver=Driver(name=D-1), passengers=[Passenger(name=P-11)], duration=11, distance=18.0, discount=null)), (Trip(driver=Driver(name=D-4), passengers=[Passenger(name=P-8), Passenger(name=P-14)], duration=4, distance=19.0, discount=null), Trip(driver=Driver(name=D-5), passengers=[Passenger(name=P-0), Passenger(name=P-18), Passenger(name=P-11), Passenger(name=P-14)], duration=6, distance=17.0, discount=0.3)), (Trip(driver=Driver(name=D-4), passengers=[Passenger(name=P-8), Passenger(name=P-14)], duration=4, distance=19.0, discount=null), Trip(driver=Driver(name=D-6), passengers=[Passenger(name=P-11), Passenger(name=P-6)], duration=1, distance=4.0, discount=null)), (Trip(driver=Driver(name=D-4), passengers=[Passenger(name=P-8), Passenger(name=P-14)], duration=4, distance=19.0, discount=null), Trip(driver=Driver(name=D-5), passengers=[Passenger(name=P-11)], duration=10, distance=19.0, discount=null)), (Trip(driver=Driver(name=D-4), passengers=[Passenger(name=P-8), Passenger(name=P-14)], duration=4, distance=19.0, discount=null), Trip(driver=Driver(name=D-8), passengers=[Passenger(name=P-0), Passenger(name=P-4)], duration=2, distance=12.0, discount=0.4)), (Trip(driver=Driver(name=D-4), passengers=[Passenger(name=P-8), Passenger(name=P-14)], duration=4, distance=19.0, discount=null), Trip(driver=Driver(name=D-6), passengers=[Passenger(name=P-16), Passenger(name=P-14)], duration=16, distance=0.0, discount=null)), (Trip(driver=Driver(name=D-4), passengers=[Passenger(name=P-8), Passenger(name=P-14)], duration=4, distance=19.0, discount=null), Trip(driver=Driver(name=D-3), passengers=[Passenger(name=P-12)], duration=2, distance=15.0, discount=0.2)), (Trip(driver=Driver(name=D-4), passengers=[Passenger(name=P-8), Passenger(name=P-14)], duration=4, distance=19.0, discount=null), Trip(driver=Driver(name=D-5), passengers=[Passenger(name=P-15), Passenger(name=P-6)], duration=5, distance=6.0, discount=null)), (Trip(driver=Driver(name=D-4), passengers=[Passenger(name=P-8), Passenger(name=P-14)], duration=4, distance=19.0, discount=null), Trip(driver=Driver(name=D-8), passengers=[Passenger(name=P-4), Passenger(name=P-19)], duration=12, distance=0.0, discount=null)), (Trip(driver=Driver(name=D-4), passengers=[Passenger(name=P-8), Passenger(name=P-14)], duration=4, distance=19.0, discount=null), Trip(driver=Driver(name=D-4), passengers=[Passenger(name=P-8), Passenger(name=P-14)], duration=4, distance=19.0, discount=null)), (Trip(driver=Driver(name=D-4), passengers=[Passenger(name=P-8), Passenger(name=P-14)], duration=4, distance=19.0, discount=null), Trip(driver=Driver(name=D-3), passengers=[Passenger(name=P-0)], duration=14, distance=19.0, discount=0.3)), (Trip(driver=Driver(name=D-4), passengers=[Passenger(name=P-8), Passenger(name=P-14)], duration=4, distance=19.0, discount=null), Trip(driver=Driver(name=D-3), passengers=[Passenger(name=P-9)], duration=16, distance=5.0, discount=null)), (Trip(driver=Driver(name=D-4), passengers=[Passenger(name=P-8), Passenger(name=P-14)], duration=4, distance=19.0, discount=null), Trip(driver=Driver(name=D-2), passengers=[Passenger(name=P-7), Passenger(name=P-6), Passenger(name=P-12)], duration=4, distance=19.0, discount=null)), (Trip(driver=Driver(name=D-4), passengers=[Passenger(name=P-8), Passenger(name=P-14)], duration=4, distance=19.0, discount=null), Trip(driver=Driver(name=D-9), passengers=[Passenger(name=P-0), Passenger(name=P-1)], duration=10, distance=1.0, discount=null)), (Trip(driver=Driver(name=D-4), passengers=[Passenger(name=P-8), Passenger(name=P-14)], duration=4, distance=19.0, discount=null), Trip(driver=Driver(name=D-8), passengers=[Passenger(name=P-16)], duration=10, distance=4.0, discount=null)), (Trip(driver=Driver(name=D-4), passengers=[Passenger(name=P-8), Passenger(name=P-14)], duration=4, distance=19.0, discount=null), Trip(driver=Driver(name=D-7), passengers=[Passenger(name=P-16), Passenger(name=P-3)], duration=12, distance=10.0, discount=0.4)), (Trip(driver=Driver(name=D-4), passengers=[Passenger(name=P-8), Passenger(name=P-14)], duration=4, distance=19.0, discount=null), Trip(driver=Driver(name=D-9), passengers=[Passenger(name=P-18), Passenger(name=P-0)], duration=15, distance=14.0, discount=0.2)), (Trip(driver=Driver(name=D-4), passengers=[Passenger(name=P-8), Passenger(name=P-14)], duration=4, distance=19.0, discount=null), Trip(driver=Driver(name=D-9), passengers=[Passenger(name=P-10)], duration=2, distance=2.0, discount=0.2)), (Trip(driver=Driver(name=D-4), passengers=[Passenger(name=P-8), Passenger(name=P-14)], duration=4, distance=19.0, discount=null), Trip(driver=Driver(name=D-4), passengers=[Passenger(name=P-11), Passenger(name=P-14), Passenger(name=P-18)], duration=4, distance=3.0, discount=null)), (Trip(driver=Driver(name=D-4), passengers=[Passenger(name=P-8), Passenger(name=P-14)], duration=4, distance=19.0, discount=null), Trip(driver=Driver(name=D-7), passengers=[Passenger(name=P-5)], duration=0, distance=4.0, discount=null)), (Trip(driver=Driver(name=D-4), passengers=[Passenger(name=P-8), Passenger(name=P-14)], duration=4, distance=19.0, discount=null), Trip(driver=Driver(name=D-9), passengers=[Passenger(name=P-13), Passenger(name=P-17)], duration=0, distance=8.0, discount=0.3)), (Trip(driver=Driver(name=D-4), passengers=[Passenger(name=P-8), Passenger(name=P-14)], duration=4, distance=19.0, discount=null), Trip(driver=Driver(name=D-3), passengers=[Passenger(name=P-8), Passenger(name=P-5)], duration=16, distance=3.0, discount=null)), (Trip(driver=Driver(name=D-4), passengers=[Passenger(name=P-8), Passenger(name=P-14)], duration=4, distance=19.0, discount=null), Trip(driver=Driver(name=D-9), passengers=[Passenger(name=P-19), Passenger(name=P-7)], duration=1, distance=3.0, discount=null)), (Trip(driver=Driver(name=D-4), passengers=[Passenger(name=P-8), Passenger(name=P-14)], duration=4, distance=19.0, discount=null), Trip(driver=Driver(name=D-6), passengers=[Passenger(name=P-4), Passenger(name=P-17)], duration=10, distance=18.0, discount=null)), (Trip(driver=Driver(name=D-4), passengers=[Passenger(name=P-8), Passenger(name=P-14)], duration=4, distance=19.0, discount=null), Trip(driver=Driver(name=D-2), passengers=[Passenger(name=P-7), Passenger(name=P-12)], duration=9, distance=6.0, discount=0.2)), (Trip(driver=Driver(name=D-4), passengers=[Passenger(name=P-8), Passenger(name=P-14)], duration=4, distance=19.0, discount=null), Trip(driver=Driver(name=D-6), passengers=[Passenger(name=P-4), Passenger(name=P-11)], duration=8, distance=5.0, discount=null)), (Trip(driver=Driver(name=D-4), passengers=[Passenger(name=P-8), Passenger(name=P-14)], duration=4, distance=19.0, discount=null), Trip(driver=Driver(name=D-5), passengers=[Passenger(name=P-0)], duration=3, distance=15.0, discount=0.4)), (Trip(driver=Driver(name=D-4), passengers=[Passenger(name=P-8), Passenger(name=P-14)], duration=4, distance=19.0, discount=null), Trip(driver=Driver(name=D-3), passengers=[Passenger(name=P-1)], duration=1, distance=13.0, discount=null)), (Trip(driver=Driver(name=D-4), passengers=[Passenger(name=P-8), Passenger(name=P-14)], duration=4, distance=19.0, discount=null), Trip(driver=Driver(name=D-5), passengers=[Passenger(name=P-11)], duration=17, distance=16.0, discount=null)), (Trip(driver=Driver(name=D-4), passengers=[Passenger(name=P-8), Passenger(name=P-14)], duration=4, distance=19.0, discount=null), Trip(driver=Driver(name=D-3), passengers=[Passenger(name=P-2), Passenger(name=P-19), Passenger(name=P-8), Passenger(name=P-1)], duration=10, distance=15.0, discount=null))]
item [(Trip(driver=Driver(name=D-3), passengers=[Passenger(name=P-0)], duration=14, distance=19.0, discount=0.3), Trip(driver=Driver(name=D-6), passengers=[Passenger(name=P-16)], duration=8, distance=17.0, discount=null)), (Trip(driver=Driver(name=D-3), passengers=[Passenger(name=P-0)], duration=14, distance=19.0, discount=0.3), Trip(driver=Driver(name=D-4), passengers=[Passenger(name=P-11)], duration=10, distance=12.0, discount=null)), (Trip(driver=Driver(name=D-3), passengers=[Passenger(name=P-0)], duration=14, distance=19.0, discount=0.3), Trip(driver=Driver(name=D-8), passengers=[Passenger(name=P-8), Passenger(name=P-13)], duration=14, distance=4.0, discount=0.1)), (Trip(driver=Driver(name=D-3), passengers=[Passenger(name=P-0)], duration=14, distance=19.0, discount=0.3), Trip(driver=Driver(name=D-6), passengers=[Passenger(name=P-19)], duration=14, distance=9.0, discount=null)), (Trip(driver=Driver(name=D-3), passengers=[Passenger(name=P-0)], duration=14, distance=19.0, discount=0.3), Trip(driver=Driver(name=D-4), passengers=[Passenger(name=P-18), Passenger(name=P-10)], duration=6, distance=17.0, discount=0.1)), (Trip(driver=Driver(name=D-3), passengers=[Passenger(name=P-0)], duration=14, distance=19.0, discount=0.3), Trip(driver=Driver(name=D-0), passengers=[Passenger(name=P-0)], duration=19, distance=17.0, discount=0.1)), (Trip(driver=Driver(name=D-3), passengers=[Passenger(name=P-0)], duration=14, distance=19.0, discount=0.3), Trip(driver=Driver(name=D-7), passengers=[Passenger(name=P-2), Passenger(name=P-15)], duration=12, distance=9.0, discount=null)), (Trip(driver=Driver(name=D-3), passengers=[Passenger(name=P-0)], duration=14, distance=19.0, discount=0.3), Trip(driver=Driver(name=D-9), passengers=[Passenger(name=P-11), Passenger(name=P-10), Passenger(name=P-7), Passenger(name=P-15)], duration=11, distance=5.0, discount=null)), (Trip(driver=Driver(name=D-3), passengers=[Passenger(name=P-0)], duration=14, distance=19.0, discount=0.3), Trip(driver=Driver(name=D-3), passengers=[Passenger(name=P-1), Passenger(name=P-18)], duration=5, distance=14.0, discount=0.3)), (Trip(driver=Driver(name=D-3), passengers=[Passenger(name=P-0)], duration=14, distance=19.0, discount=0.3), Trip(driver=Driver(name=D-2), passengers=[Passenger(name=P-19), Passenger(name=P-8)], duration=7, distance=8.0, discount=0.2)), (Trip(driver=Driver(name=D-3), passengers=[Passenger(name=P-0)], duration=14, distance=19.0, discount=0.3), Trip(driver=Driver(name=D-1), passengers=[Passenger(name=P-11)], duration=11, distance=18.0, discount=null)), (Trip(driver=Driver(name=D-3), passengers=[Passenger(name=P-0)], duration=14, distance=19.0, discount=0.3), Trip(driver=Driver(name=D-5), passengers=[Passenger(name=P-0), Passenger(name=P-18), Passenger(name=P-11), Passenger(name=P-14)], duration=6, distance=17.0, discount=0.3)), (Trip(driver=Driver(name=D-3), passengers=[Passenger(name=P-0)], duration=14, distance=19.0, discount=0.3), Trip(driver=Driver(name=D-6), passengers=[Passenger(name=P-11), Passenger(name=P-6)], duration=1, distance=4.0, discount=null)), (Trip(driver=Driver(name=D-3), passengers=[Passenger(name=P-0)], duration=14, distance=19.0, discount=0.3), Trip(driver=Driver(name=D-5), passengers=[Passenger(name=P-11)], duration=10, distance=19.0, discount=null)), (Trip(driver=Driver(name=D-3), passengers=[Passenger(name=P-0)], duration=14, distance=19.0, discount=0.3), Trip(driver=Driver(name=D-8), passengers=[Passenger(name=P-0), Passenger(name=P-4)], duration=2, distance=12.0, discount=0.4)), (Trip(driver=Driver(name=D-3), passengers=[Passenger(name=P-0)], duration=14, distance=19.0, discount=0.3), Trip(driver=Driver(name=D-6), passengers=[Passenger(name=P-16), Passenger(name=P-14)], duration=16, distance=0.0, discount=null)), (Trip(driver=Driver(name=D-3), passengers=[Passenger(name=P-0)], duration=14, distance=19.0, discount=0.3), Trip(driver=Driver(name=D-3), passengers=[Passenger(name=P-12)], duration=2, distance=15.0, discount=0.2)), (Trip(driver=Driver(name=D-3), passengers=[Passenger(name=P-0)], duration=14, distance=19.0, discount=0.3), Trip(driver=Driver(name=D-5), passengers=[Passenger(name=P-15), Passenger(name=P-6)], duration=5, distance=6.0, discount=null)), (Trip(driver=Driver(name=D-3), passengers=[Passenger(name=P-0)], duration=14, distance=19.0, discount=0.3), Trip(driver=Driver(name=D-8), passengers=[Passenger(name=P-4), Passenger(name=P-19)], duration=12, distance=0.0, discount=null)), (Trip(driver=Driver(name=D-3), passengers=[Passenger(name=P-0)], duration=14, distance=19.0, discount=0.3), Trip(driver=Driver(name=D-4), passengers=[Passenger(name=P-8), Passenger(name=P-14)], duration=4, distance=19.0, discount=null)), (Trip(driver=Driver(name=D-3), passengers=[Passenger(name=P-0)], duration=14, distance=19.0, discount=0.3), Trip(driver=Driver(name=D-3), passengers=[Passenger(name=P-0)], duration=14, distance=19.0, discount=0.3)), (Trip(driver=Driver(name=D-3), passengers=[Passenger(name=P-0)], duration=14, distance=19.0, discount=0.3), Trip(driver=Driver(name=D-3), passengers=[Passenger(name=P-9)], duration=16, distance=5.0, discount=null)), (Trip(driver=Driver(name=D-3), passengers=[Passenger(name=P-0)], duration=14, distance=19.0, discount=0.3), Trip(driver=Driver(name=D-2), passengers=[Passenger(name=P-7), Passenger(name=P-6), Passenger(name=P-12)], duration=4, distance=19.0, discount=null)), (Trip(driver=Driver(name=D-3), passengers=[Passenger(name=P-0)], duration=14, distance=19.0, discount=0.3), Trip(driver=Driver(name=D-9), passengers=[Passenger(name=P-0), Passenger(name=P-1)], duration=10, distance=1.0, discount=null)), (Trip(driver=Driver(name=D-3), passengers=[Passenger(name=P-0)], duration=14, distance=19.0, discount=0.3), Trip(driver=Driver(name=D-8), passengers=[Passenger(name=P-16)], duration=10, distance=4.0, discount=null)), (Trip(driver=Driver(name=D-3), passengers=[Passenger(name=P-0)], duration=14, distance=19.0, discount=0.3), Trip(driver=Driver(name=D-7), passengers=[Passenger(name=P-16), Passenger(name=P-3)], duration=12, distance=10.0, discount=0.4)), (Trip(driver=Driver(name=D-3), passengers=[Passenger(name=P-0)], duration=14, distance=19.0, discount=0.3), Trip(driver=Driver(name=D-9), passengers=[Passenger(name=P-18), Passenger(name=P-0)], duration=15, distance=14.0, discount=0.2)), (Trip(driver=Driver(name=D-3), passengers=[Passenger(name=P-0)], duration=14, distance=19.0, discount=0.3), Trip(driver=Driver(name=D-9), passengers=[Passenger(name=P-10)], duration=2, distance=2.0, discount=0.2)), (Trip(driver=Driver(name=D-3), passengers=[Passenger(name=P-0)], duration=14, distance=19.0, discount=0.3), Trip(driver=Driver(name=D-4), passengers=[Passenger(name=P-11), Passenger(name=P-14), Passenger(name=P-18)], duration=4, distance=3.0, discount=null)), (Trip(driver=Driver(name=D-3), passengers=[Passenger(name=P-0)], duration=14, distance=19.0, discount=0.3), Trip(driver=Driver(name=D-7), passengers=[Passenger(name=P-5)], duration=0, distance=4.0, discount=null)), (Trip(driver=Driver(name=D-3), passengers=[Passenger(name=P-0)], duration=14, distance=19.0, discount=0.3), Trip(driver=Driver(name=D-9), passengers=[Passenger(name=P-13), Passenger(name=P-17)], duration=0, distance=8.0, discount=0.3)), (Trip(driver=Driver(name=D-3), passengers=[Passenger(name=P-0)], duration=14, distance=19.0, discount=0.3), Trip(driver=Driver(name=D-3), passengers=[Passenger(name=P-8), Passenger(name=P-5)], duration=16, distance=3.0, discount=null)), (Trip(driver=Driver(name=D-3), passengers=[Passenger(name=P-0)], duration=14, distance=19.0, discount=0.3), Trip(driver=Driver(name=D-9), passengers=[Passenger(name=P-19), Passenger(name=P-7)], duration=1, distance=3.0, discount=null)), (Trip(driver=Driver(name=D-3), passengers=[Passenger(name=P-0)], duration=14, distance=19.0, discount=0.3), Trip(driver=Driver(name=D-6), passengers=[Passenger(name=P-4), Passenger(name=P-17)], duration=10, distance=18.0, discount=null)), (Trip(driver=Driver(name=D-3), passengers=[Passenger(name=P-0)], duration=14, distance=19.0, discount=0.3), Trip(driver=Driver(name=D-2), passengers=[Passenger(name=P-7), Passenger(name=P-12)], duration=9, distance=6.0, discount=0.2)), (Trip(driver=Driver(name=D-3), passengers=[Passenger(name=P-0)], duration=14, distance=19.0, discount=0.3), Trip(driver=Driver(name=D-6), passengers=[Passenger(name=P-4), Passenger(name=P-11)], duration=8, distance=5.0, discount=null)), (Trip(driver=Driver(name=D-3), passengers=[Passenger(name=P-0)], duration=14, distance=19.0, discount=0.3), Trip(driver=Driver(name=D-5), passengers=[Passenger(name=P-0)], duration=3, distance=15.0, discount=0.4)), (Trip(driver=Driver(name=D-3), passengers=[Passenger(name=P-0)], duration=14, distance=19.0, discount=0.3), Trip(driver=Driver(name=D-3), passengers=[Passenger(name=P-1)], duration=1, distance=13.0, discount=null)), (Trip(driver=Driver(name=D-3), passengers=[Passenger(name=P-0)], duration=14, distance=19.0, discount=0.3), Trip(driver=Driver(name=D-5), passengers=[Passenger(name=P-11)], duration=17, distance=16.0, discount=null)), (Trip(driver=Driver(name=D-3), passengers=[Passenger(name=P-0)], duration=14, distance=19.0, discount=0.3), Trip(driver=Driver(name=D-3), passengers=[Passenger(name=P-2), Passenger(name=P-19), Passenger(name=P-8), Passenger(name=P-1)], duration=10, distance=15.0, discount=null))]
item [(Trip(driver=Driver(name=D-3), passengers=[Passenger(name=P-9)], duration=16, distance=5.0, discount=null), Trip(driver=Driver(name=D-6), passengers=[Passenger(name=P-16)], duration=8, distance=17.0, discount=null)), (Trip(driver=Driver(name=D-3), passengers=[Passenger(name=P-9)], duration=16, distance=5.0, discount=null), Trip(driver=Driver(name=D-4), passengers=[Passenger(name=P-11)], duration=10, distance=12.0, discount=null)), (Trip(driver=Driver(name=D-3), passengers=[Passenger(name=P-9)], duration=16, distance=5.0, discount=null), Trip(driver=Driver(name=D-8), passengers=[Passenger(name=P-8), Passenger(name=P-13)], duration=14, distance=4.0, discount=0.1)), (Trip(driver=Driver(name=D-3), passengers=[Passenger(name=P-9)], duration=16, distance=5.0, discount=null), Trip(driver=Driver(name=D-6), passengers=[Passenger(name=P-19)], duration=14, distance=9.0, discount=null)), (Trip(driver=Driver(name=D-3), passengers=[Passenger(name=P-9)], duration=16, distance=5.0, discount=null), Trip(driver=Driver(name=D-4), passengers=[Passenger(name=P-18), Passenger(name=P-10)], duration=6, distance=17.0, discount=0.1)), (Trip(driver=Driver(name=D-3), passengers=[Passenger(name=P-9)], duration=16, distance=5.0, discount=null), Trip(driver=Driver(name=D-0), passengers=[Passenger(name=P-0)], duration=19, distance=17.0, discount=0.1)), (Trip(driver=Driver(name=D-3), passengers=[Passenger(name=P-9)], duration=16, distance=5.0, discount=null), Trip(driver=Driver(name=D-7), passengers=[Passenger(name=P-2), Passenger(name=P-15)], duration=12, distance=9.0, discount=null)), (Trip(driver=Driver(name=D-3), passengers=[Passenger(name=P-9)], duration=16, distance=5.0, discount=null), Trip(driver=Driver(name=D-9), passengers=[Passenger(name=P-11), Passenger(name=P-10), Passenger(name=P-7), Passenger(name=P-15)], duration=11, distance=5.0, discount=null)), (Trip(driver=Driver(name=D-3), passengers=[Passenger(name=P-9)], duration=16, distance=5.0, discount=null), Trip(driver=Driver(name=D-3), passengers=[Passenger(name=P-1), Passenger(name=P-18)], duration=5, distance=14.0, discount=0.3)), (Trip(driver=Driver(name=D-3), passengers=[Passenger(name=P-9)], duration=16, distance=5.0, discount=null), Trip(driver=Driver(name=D-2), passengers=[Passenger(name=P-19), Passenger(name=P-8)], duration=7, distance=8.0, discount=0.2)), (Trip(driver=Driver(name=D-3), passengers=[Passenger(name=P-9)], duration=16, distance=5.0, discount=null), Trip(driver=Driver(name=D-1), passengers=[Passenger(name=P-11)], duration=11, distance=18.0, discount=null)), (Trip(driver=Driver(name=D-3), passengers=[Passenger(name=P-9)], duration=16, distance=5.0, discount=null), Trip(driver=Driver(name=D-5), passengers=[Passenger(name=P-0), Passenger(name=P-18), Passenger(name=P-11), Passenger(name=P-14)], duration=6, distance=17.0, discount=0.3)), (Trip(driver=Driver(name=D-3), passengers=[Passenger(name=P-9)], duration=16, distance=5.0, discount=null), Trip(driver=Driver(name=D-6), passengers=[Passenger(name=P-11), Passenger(name=P-6)], duration=1, distance=4.0, discount=null)), (Trip(driver=Driver(name=D-3), passengers=[Passenger(name=P-9)], duration=16, distance=5.0, discount=null), Trip(driver=Driver(name=D-5), passengers=[Passenger(name=P-11)], duration=10, distance=19.0, discount=null)), (Trip(driver=Driver(name=D-3), passengers=[Passenger(name=P-9)], duration=16, distance=5.0, discount=null), Trip(driver=Driver(name=D-8), passengers=[Passenger(name=P-0), Passenger(name=P-4)], duration=2, distance=12.0, discount=0.4)), (Trip(driver=Driver(name=D-3), passengers=[Passenger(name=P-9)], duration=16, distance=5.0, discount=null), Trip(driver=Driver(name=D-6), passengers=[Passenger(name=P-16), Passenger(name=P-14)], duration=16, distance=0.0, discount=null)), (Trip(driver=Driver(name=D-3), passengers=[Passenger(name=P-9)], duration=16, distance=5.0, discount=null), Trip(driver=Driver(name=D-3), passengers=[Passenger(name=P-12)], duration=2, distance=15.0, discount=0.2)), (Trip(driver=Driver(name=D-3), passengers=[Passenger(name=P-9)], duration=16, distance=5.0, discount=null), Trip(driver=Driver(name=D-5), passengers=[Passenger(name=P-15), Passenger(name=P-6)], duration=5, distance=6.0, discount=null)), (Trip(driver=Driver(name=D-3), passengers=[Passenger(name=P-9)], duration=16, distance=5.0, discount=null), Trip(driver=Driver(name=D-8), passengers=[Passenger(name=P-4), Passenger(name=P-19)], duration=12, distance=0.0, discount=null)), (Trip(driver=Driver(name=D-3), passengers=[Passenger(name=P-9)], duration=16, distance=5.0, discount=null), Trip(driver=Driver(name=D-4), passengers=[Passenger(name=P-8), Passenger(name=P-14)], duration=4, distance=19.0, discount=null)), (Trip(driver=Driver(name=D-3), passengers=[Passenger(name=P-9)], duration=16, distance=5.0, discount=null), Trip(driver=Driver(name=D-3), passengers=[Passenger(name=P-0)], duration=14, distance=19.0, discount=0.3)), (Trip(driver=Driver(name=D-3), passengers=[Passenger(name=P-9)], duration=16, distance=5.0, discount=null), Trip(driver=Driver(name=D-3), passengers=[Passenger(name=P-9)], duration=16, distance=5.0, discount=null)), (Trip(driver=Driver(name=D-3), passengers=[Passenger(name=P-9)], duration=16, distance=5.0, discount=null), Trip(driver=Driver(name=D-2), passengers=[Passenger(name=P-7), Passenger(name=P-6), Passenger(name=P-12)], duration=4, distance=19.0, discount=null)), (Trip(driver=Driver(name=D-3), passengers=[Passenger(name=P-9)], duration=16, distance=5.0, discount=null), Trip(driver=Driver(name=D-9), passengers=[Passenger(name=P-0), Passenger(name=P-1)], duration=10, distance=1.0, discount=null)), (Trip(driver=Driver(name=D-3), passengers=[Passenger(name=P-9)], duration=16, distance=5.0, discount=null), Trip(driver=Driver(name=D-8), passengers=[Passenger(name=P-16)], duration=10, distance=4.0, discount=null)), (Trip(driver=Driver(name=D-3), passengers=[Passenger(name=P-9)], duration=16, distance=5.0, discount=null), Trip(driver=Driver(name=D-7), passengers=[Passenger(name=P-16), Passenger(name=P-3)], duration=12, distance=10.0, discount=0.4)), (Trip(driver=Driver(name=D-3), passengers=[Passenger(name=P-9)], duration=16, distance=5.0, discount=null), Trip(driver=Driver(name=D-9), passengers=[Passenger(name=P-18), Passenger(name=P-0)], duration=15, distance=14.0, discount=0.2)), (Trip(driver=Driver(name=D-3), passengers=[Passenger(name=P-9)], duration=16, distance=5.0, discount=null), Trip(driver=Driver(name=D-9), passengers=[Passenger(name=P-10)], duration=2, distance=2.0, discount=0.2)), (Trip(driver=Driver(name=D-3), passengers=[Passenger(name=P-9)], duration=16, distance=5.0, discount=null), Trip(driver=Driver(name=D-4), passengers=[Passenger(name=P-11), Passenger(name=P-14), Passenger(name=P-18)], duration=4, distance=3.0, discount=null)), (Trip(driver=Driver(name=D-3), passengers=[Passenger(name=P-9)], duration=16, distance=5.0, discount=null), Trip(driver=Driver(name=D-7), passengers=[Passenger(name=P-5)], duration=0, distance=4.0, discount=null)), (Trip(driver=Driver(name=D-3), passengers=[Passenger(name=P-9)], duration=16, distance=5.0, discount=null), Trip(driver=Driver(name=D-9), passengers=[Passenger(name=P-13), Passenger(name=P-17)], duration=0, distance=8.0, discount=0.3)), (Trip(driver=Driver(name=D-3), passengers=[Passenger(name=P-9)], duration=16, distance=5.0, discount=null), Trip(driver=Driver(name=D-3), passengers=[Passenger(name=P-8), Passenger(name=P-5)], duration=16, distance=3.0, discount=null)), (Trip(driver=Driver(name=D-3), passengers=[Passenger(name=P-9)], duration=16, distance=5.0, discount=null), Trip(driver=Driver(name=D-9), passengers=[Passenger(name=P-19), Passenger(name=P-7)], duration=1, distance=3.0, discount=null)), (Trip(driver=Driver(name=D-3), passengers=[Passenger(name=P-9)], duration=16, distance=5.0, discount=null), Trip(driver=Driver(name=D-6), passengers=[Passenger(name=P-4), Passenger(name=P-17)], duration=10, distance=18.0, discount=null)), (Trip(driver=Driver(name=D-3), passengers=[Passenger(name=P-9)], duration=16, distance=5.0, discount=null), Trip(driver=Driver(name=D-2), passengers=[Passenger(name=P-7), Passenger(name=P-12)], duration=9, distance=6.0, discount=0.2)), (Trip(driver=Driver(name=D-3), passengers=[Passenger(name=P-9)], duration=16, distance=5.0, discount=null), Trip(driver=Driver(name=D-6), passengers=[Passenger(name=P-4), Passenger(name=P-11)], duration=8, distance=5.0, discount=null)), (Trip(driver=Driver(name=D-3), passengers=[Passenger(name=P-9)], duration=16, distance=5.0, discount=null), Trip(driver=Driver(name=D-5), passengers=[Passenger(name=P-0)], duration=3, distance=15.0, discount=0.4)), (Trip(driver=Driver(name=D-3), passengers=[Passenger(name=P-9)], duration=16, distance=5.0, discount=null), Trip(driver=Driver(name=D-3), passengers=[Passenger(name=P-1)], duration=1, distance=13.0, discount=null)), (Trip(driver=Driver(name=D-3), passengers=[Passenger(name=P-9)], duration=16, distance=5.0, discount=null), Trip(driver=Driver(name=D-5), passengers=[Passenger(name=P-11)], duration=17, distance=16.0, discount=null)), (Trip(driver=Driver(name=D-3), passengers=[Passenger(name=P-9)], duration=16, distance=5.0, discount=null), Trip(driver=Driver(name=D-3), passengers=[Passenger(name=P-2), Passenger(name=P-19), Passenger(name=P-8), Passenger(name=P-1)], duration=10, distance=15.0, discount=null))]
item [(Trip(driver=Driver(name=D-2), passengers=[Passenger(name=P-7), Passenger(name=P-6), Passenger(name=P-12)], duration=4, distance=19.0, discount=null), Trip(driver=Driver(name=D-6), passengers=[Passenger(name=P-16)], duration=8, distance=17.0, discount=null)), (Trip(driver=Driver(name=D-2), passengers=[Passenger(name=P-7), Passenger(name=P-6), Passenger(name=P-12)], duration=4, distance=19.0, discount=null), Trip(driver=Driver(name=D-4), passengers=[Passenger(name=P-11)], duration=10, distance=12.0, discount=null)), (Trip(driver=Driver(name=D-2), passengers=[Passenger(name=P-7), Passenger(name=P-6), Passenger(name=P-12)], duration=4, distance=19.0, discount=null), Trip(driver=Driver(name=D-8), passengers=[Passenger(name=P-8), Passenger(name=P-13)], duration=14, distance=4.0, discount=0.1)), (Trip(driver=Driver(name=D-2), passengers=[Passenger(name=P-7), Passenger(name=P-6), Passenger(name=P-12)], duration=4, distance=19.0, discount=null), Trip(driver=Driver(name=D-6), passengers=[Passenger(name=P-19)], duration=14, distance=9.0, discount=null)), (Trip(driver=Driver(name=D-2), passengers=[Passenger(name=P-7), Passenger(name=P-6), Passenger(name=P-12)], duration=4, distance=19.0, discount=null), Trip(driver=Driver(name=D-4), passengers=[Passenger(name=P-18), Passenger(name=P-10)], duration=6, distance=17.0, discount=0.1)), (Trip(driver=Driver(name=D-2), passengers=[Passenger(name=P-7), Passenger(name=P-6), Passenger(name=P-12)], duration=4, distance=19.0, discount=null), Trip(driver=Driver(name=D-0), passengers=[Passenger(name=P-0)], duration=19, distance=17.0, discount=0.1)), (Trip(driver=Driver(name=D-2), passengers=[Passenger(name=P-7), Passenger(name=P-6), Passenger(name=P-12)], duration=4, distance=19.0, discount=null), Trip(driver=Driver(name=D-7), passengers=[Passenger(name=P-2), Passenger(name=P-15)], duration=12, distance=9.0, discount=null)), (Trip(driver=Driver(name=D-2), passengers=[Passenger(name=P-7), Passenger(name=P-6), Passenger(name=P-12)], duration=4, distance=19.0, discount=null), Trip(driver=Driver(name=D-9), passengers=[Passenger(name=P-11), Passenger(name=P-10), Passenger(name=P-7), Passenger(name=P-15)], duration=11, distance=5.0, discount=null)), (Trip(driver=Driver(name=D-2), passengers=[Passenger(name=P-7), Passenger(name=P-6), Passenger(name=P-12)], duration=4, distance=19.0, discount=null), Trip(driver=Driver(name=D-3), passengers=[Passenger(name=P-1), Passenger(name=P-18)], duration=5, distance=14.0, discount=0.3)), (Trip(driver=Driver(name=D-2), passengers=[Passenger(name=P-7), Passenger(name=P-6), Passenger(name=P-12)], duration=4, distance=19.0, discount=null), Trip(driver=Driver(name=D-2), passengers=[Passenger(name=P-19), Passenger(name=P-8)], duration=7, distance=8.0, discount=0.2)), (Trip(driver=Driver(name=D-2), passengers=[Passenger(name=P-7), Passenger(name=P-6), Passenger(name=P-12)], duration=4, distance=19.0, discount=null), Trip(driver=Driver(name=D-1), passengers=[Passenger(name=P-11)], duration=11, distance=18.0, discount=null)), (Trip(driver=Driver(name=D-2), passengers=[Passenger(name=P-7), Passenger(name=P-6), Passenger(name=P-12)], duration=4, distance=19.0, discount=null), Trip(driver=Driver(name=D-5), passengers=[Passenger(name=P-0), Passenger(name=P-18), Passenger(name=P-11), Passenger(name=P-14)], duration=6, distance=17.0, discount=0.3)), (Trip(driver=Driver(name=D-2), passengers=[Passenger(name=P-7), Passenger(name=P-6), Passenger(name=P-12)], duration=4, distance=19.0, discount=null), Trip(driver=Driver(name=D-6), passengers=[Passenger(name=P-11), Passenger(name=P-6)], duration=1, distance=4.0, discount=null)), (Trip(driver=Driver(name=D-2), passengers=[Passenger(name=P-7), Passenger(name=P-6), Passenger(name=P-12)], duration=4, distance=19.0, discount=null), Trip(driver=Driver(name=D-5), passengers=[Passenger(name=P-11)], duration=10, distance=19.0, discount=null)), (Trip(driver=Driver(name=D-2), passengers=[Passenger(name=P-7), Passenger(name=P-6), Passenger(name=P-12)], duration=4, distance=19.0, discount=null), Trip(driver=Driver(name=D-8), passengers=[Passenger(name=P-0), Passenger(name=P-4)], duration=2, distance=12.0, discount=0.4)), (Trip(driver=Driver(name=D-2), passengers=[Passenger(name=P-7), Passenger(name=P-6), Passenger(name=P-12)], duration=4, distance=19.0, discount=null), Trip(driver=Driver(name=D-6), passengers=[Passenger(name=P-16), Passenger(name=P-14)], duration=16, distance=0.0, discount=null)), (Trip(driver=Driver(name=D-2), passengers=[Passenger(name=P-7), Passenger(name=P-6), Passenger(name=P-12)], duration=4, distance=19.0, discount=null), Trip(driver=Driver(name=D-3), passengers=[Passenger(name=P-12)], duration=2, distance=15.0, discount=0.2)), (Trip(driver=Driver(name=D-2), passengers=[Passenger(name=P-7), Passenger(name=P-6), Passenger(name=P-12)], duration=4, distance=19.0, discount=null), Trip(driver=Driver(name=D-5), passengers=[Passenger(name=P-15), Passenger(name=P-6)], duration=5, distance=6.0, discount=null)), (Trip(driver=Driver(name=D-2), passengers=[Passenger(name=P-7), Passenger(name=P-6), Passenger(name=P-12)], duration=4, distance=19.0, discount=null), Trip(driver=Driver(name=D-8), passengers=[Passenger(name=P-4), Passenger(name=P-19)], duration=12, distance=0.0, discount=null)), (Trip(driver=Driver(name=D-2), passengers=[Passenger(name=P-7), Passenger(name=P-6), Passenger(name=P-12)], duration=4, distance=19.0, discount=null), Trip(driver=Driver(name=D-4), passengers=[Passenger(name=P-8), Passenger(name=P-14)], duration=4, distance=19.0, discount=null)), (Trip(driver=Driver(name=D-2), passengers=[Passenger(name=P-7), Passenger(name=P-6), Passenger(name=P-12)], duration=4, distance=19.0, discount=null), Trip(driver=Driver(name=D-3), passengers=[Passenger(name=P-0)], duration=14, distance=19.0, discount=0.3)), (Trip(driver=Driver(name=D-2), passengers=[Passenger(name=P-7), Passenger(name=P-6), Passenger(name=P-12)], duration=4, distance=19.0, discount=null), Trip(driver=Driver(name=D-3), passengers=[Passenger(name=P-9)], duration=16, distance=5.0, discount=null)), (Trip(driver=Driver(name=D-2), passengers=[Passenger(name=P-7), Passenger(name=P-6), Passenger(name=P-12)], duration=4, distance=19.0, discount=null), Trip(driver=Driver(name=D-2), passengers=[Passenger(name=P-7), Passenger(name=P-6), Passenger(name=P-12)], duration=4, distance=19.0, discount=null)), (Trip(driver=Driver(name=D-2), passengers=[Passenger(name=P-7), Passenger(name=P-6), Passenger(name=P-12)], duration=4, distance=19.0, discount=null), Trip(driver=Driver(name=D-9), passengers=[Passenger(name=P-0), Passenger(name=P-1)], duration=10, distance=1.0, discount=null)), (Trip(driver=Driver(name=D-2), passengers=[Passenger(name=P-7), Passenger(name=P-6), Passenger(name=P-12)], duration=4, distance=19.0, discount=null), Trip(driver=Driver(name=D-8), passengers=[Passenger(name=P-16)], duration=10, distance=4.0, discount=null)), (Trip(driver=Driver(name=D-2), passengers=[Passenger(name=P-7), Passenger(name=P-6), Passenger(name=P-12)], duration=4, distance=19.0, discount=null), Trip(driver=Driver(name=D-7), passengers=[Passenger(name=P-16), Passenger(name=P-3)], duration=12, distance=10.0, discount=0.4)), (Trip(driver=Driver(name=D-2), passengers=[Passenger(name=P-7), Passenger(name=P-6), Passenger(name=P-12)], duration=4, distance=19.0, discount=null), Trip(driver=Driver(name=D-9), passengers=[Passenger(name=P-18), Passenger(name=P-0)], duration=15, distance=14.0, discount=0.2)), (Trip(driver=Driver(name=D-2), passengers=[Passenger(name=P-7), Passenger(name=P-6), Passenger(name=P-12)], duration=4, distance=19.0, discount=null), Trip(driver=Driver(name=D-9), passengers=[Passenger(name=P-10)], duration=2, distance=2.0, discount=0.2)), (Trip(driver=Driver(name=D-2), passengers=[Passenger(name=P-7), Passenger(name=P-6), Passenger(name=P-12)], duration=4, distance=19.0, discount=null), Trip(driver=Driver(name=D-4), passengers=[Passenger(name=P-11), Passenger(name=P-14), Passenger(name=P-18)], duration=4, distance=3.0, discount=null)), (Trip(driver=Driver(name=D-2), passengers=[Passenger(name=P-7), Passenger(name=P-6), Passenger(name=P-12)], duration=4, distance=19.0, discount=null), Trip(driver=Driver(name=D-7), passengers=[Passenger(name=P-5)], duration=0, distance=4.0, discount=null)), (Trip(driver=Driver(name=D-2), passengers=[Passenger(name=P-7), Passenger(name=P-6), Passenger(name=P-12)], duration=4, distance=19.0, discount=null), Trip(driver=Driver(name=D-9), passengers=[Passenger(name=P-13), Passenger(name=P-17)], duration=0, distance=8.0, discount=0.3)), (Trip(driver=Driver(name=D-2), passengers=[Passenger(name=P-7), Passenger(name=P-6), Passenger(name=P-12)], duration=4, distance=19.0, discount=null), Trip(driver=Driver(name=D-3), passengers=[Passenger(name=P-8), Passenger(name=P-5)], duration=16, distance=3.0, discount=null)), (Trip(driver=Driver(name=D-2), passengers=[Passenger(name=P-7), Passenger(name=P-6), Passenger(name=P-12)], duration=4, distance=19.0, discount=null), Trip(driver=Driver(name=D-9), passengers=[Passenger(name=P-19), Passenger(name=P-7)], duration=1, distance=3.0, discount=null)), (Trip(driver=Driver(name=D-2), passengers=[Passenger(name=P-7), Passenger(name=P-6), Passenger(name=P-12)], duration=4, distance=19.0, discount=null), Trip(driver=Driver(name=D-6), passengers=[Passenger(name=P-4), Passenger(name=P-17)], duration=10, distance=18.0, discount=null)), (Trip(driver=Driver(name=D-2), passengers=[Passenger(name=P-7), Passenger(name=P-6), Passenger(name=P-12)], duration=4, distance=19.0, discount=null), Trip(driver=Driver(name=D-2), passengers=[Passenger(name=P-7), Passenger(name=P-12)], duration=9, distance=6.0, discount=0.2)), (Trip(driver=Driver(name=D-2), passengers=[Passenger(name=P-7), Passenger(name=P-6), Passenger(name=P-12)], duration=4, distance=19.0, discount=null), Trip(driver=Driver(name=D-6), passengers=[Passenger(name=P-4), Passenger(name=P-11)], duration=8, distance=5.0, discount=null)), (Trip(driver=Driver(name=D-2), passengers=[Passenger(name=P-7), Passenger(name=P-6), Passenger(name=P-12)], duration=4, distance=19.0, discount=null), Trip(driver=Driver(name=D-5), passengers=[Passenger(name=P-0)], duration=3, distance=15.0, discount=0.4)), (Trip(driver=Driver(name=D-2), passengers=[Passenger(name=P-7), Passenger(name=P-6), Passenger(name=P-12)], duration=4, distance=19.0, discount=null), Trip(driver=Driver(name=D-3), passengers=[Passenger(name=P-1)], duration=1, distance=13.0, discount=null)), (Trip(driver=Driver(name=D-2), passengers=[Passenger(name=P-7), Passenger(name=P-6), Passenger(name=P-12)], duration=4, distance=19.0, discount=null), Trip(driver=Driver(name=D-5), passengers=[Passenger(name=P-11)], duration=17, distance=16.0, discount=null)), (Trip(driver=Driver(name=D-2), passengers=[Passenger(name=P-7), Passenger(name=P-6), Passenger(name=P-12)], duration=4, distance=19.0, discount=null), Trip(driver=Driver(name=D-3), passengers=[Passenger(name=P-2), Passenger(name=P-19), Passenger(name=P-8), Passenger(name=P-1)], duration=10, distance=15.0, discount=null))]
item [(Trip(driver=Driver(name=D-9), passengers=[Passenger(name=P-0), Passenger(name=P-1)], duration=10, distance=1.0, discount=null), Trip(driver=Driver(name=D-6), passengers=[Passenger(name=P-16)], duration=8, distance=17.0, discount=null)), (Trip(driver=Driver(name=D-9), passengers=[Passenger(name=P-0), Passenger(name=P-1)], duration=10, distance=1.0, discount=null), Trip(driver=Driver(name=D-4), passengers=[Passenger(name=P-11)], duration=10, distance=12.0, discount=null)), (Trip(driver=Driver(name=D-9), passengers=[Passenger(name=P-0), Passenger(name=P-1)], duration=10, distance=1.0, discount=null), Trip(driver=Driver(name=D-8), passengers=[Passenger(name=P-8), Passenger(name=P-13)], duration=14, distance=4.0, discount=0.1)), (Trip(driver=Driver(name=D-9), passengers=[Passenger(name=P-0), Passenger(name=P-1)], duration=10, distance=1.0, discount=null), Trip(driver=Driver(name=D-6), passengers=[Passenger(name=P-19)], duration=14, distance=9.0, discount=null)), (Trip(driver=Driver(name=D-9), passengers=[Passenger(name=P-0), Passenger(name=P-1)], duration=10, distance=1.0, discount=null), Trip(driver=Driver(name=D-4), passengers=[Passenger(name=P-18), Passenger(name=P-10)], duration=6, distance=17.0, discount=0.1)), (Trip(driver=Driver(name=D-9), passengers=[Passenger(name=P-0), Passenger(name=P-1)], duration=10, distance=1.0, discount=null), Trip(driver=Driver(name=D-0), passengers=[Passenger(name=P-0)], duration=19, distance=17.0, discount=0.1)), (Trip(driver=Driver(name=D-9), passengers=[Passenger(name=P-0), Passenger(name=P-1)], duration=10, distance=1.0, discount=null), Trip(driver=Driver(name=D-7), passengers=[Passenger(name=P-2), Passenger(name=P-15)], duration=12, distance=9.0, discount=null)), (Trip(driver=Driver(name=D-9), passengers=[Passenger(name=P-0), Passenger(name=P-1)], duration=10, distance=1.0, discount=null), Trip(driver=Driver(name=D-9), passengers=[Passenger(name=P-11), Passenger(name=P-10), Passenger(name=P-7), Passenger(name=P-15)], duration=11, distance=5.0, discount=null)), (Trip(driver=Driver(name=D-9), passengers=[Passenger(name=P-0), Passenger(name=P-1)], duration=10, distance=1.0, discount=null), Trip(driver=Driver(name=D-3), passengers=[Passenger(name=P-1), Passenger(name=P-18)], duration=5, distance=14.0, discount=0.3)), (Trip(driver=Driver(name=D-9), passengers=[Passenger(name=P-0), Passenger(name=P-1)], duration=10, distance=1.0, discount=null), Trip(driver=Driver(name=D-2), passengers=[Passenger(name=P-19), Passenger(name=P-8)], duration=7, distance=8.0, discount=0.2)), (Trip(driver=Driver(name=D-9), passengers=[Passenger(name=P-0), Passenger(name=P-1)], duration=10, distance=1.0, discount=null), Trip(driver=Driver(name=D-1), passengers=[Passenger(name=P-11)], duration=11, distance=18.0, discount=null)), (Trip(driver=Driver(name=D-9), passengers=[Passenger(name=P-0), Passenger(name=P-1)], duration=10, distance=1.0, discount=null), Trip(driver=Driver(name=D-5), passengers=[Passenger(name=P-0), Passenger(name=P-18), Passenger(name=P-11), Passenger(name=P-14)], duration=6, distance=17.0, discount=0.3)), (Trip(driver=Driver(name=D-9), passengers=[Passenger(name=P-0), Passenger(name=P-1)], duration=10, distance=1.0, discount=null), Trip(driver=Driver(name=D-6), passengers=[Passenger(name=P-11), Passenger(name=P-6)], duration=1, distance=4.0, discount=null)), (Trip(driver=Driver(name=D-9), passengers=[Passenger(name=P-0), Passenger(name=P-1)], duration=10, distance=1.0, discount=null), Trip(driver=Driver(name=D-5), passengers=[Passenger(name=P-11)], duration=10, distance=19.0, discount=null)), (Trip(driver=Driver(name=D-9), passengers=[Passenger(name=P-0), Passenger(name=P-1)], duration=10, distance=1.0, discount=null), Trip(driver=Driver(name=D-8), passengers=[Passenger(name=P-0), Passenger(name=P-4)], duration=2, distance=12.0, discount=0.4)), (Trip(driver=Driver(name=D-9), passengers=[Passenger(name=P-0), Passenger(name=P-1)], duration=10, distance=1.0, discount=null), Trip(driver=Driver(name=D-6), passengers=[Passenger(name=P-16), Passenger(name=P-14)], duration=16, distance=0.0, discount=null)), (Trip(driver=Driver(name=D-9), passengers=[Passenger(name=P-0), Passenger(name=P-1)], duration=10, distance=1.0, discount=null), Trip(driver=Driver(name=D-3), passengers=[Passenger(name=P-12)], duration=2, distance=15.0, discount=0.2)), (Trip(driver=Driver(name=D-9), passengers=[Passenger(name=P-0), Passenger(name=P-1)], duration=10, distance=1.0, discount=null), Trip(driver=Driver(name=D-5), passengers=[Passenger(name=P-15), Passenger(name=P-6)], duration=5, distance=6.0, discount=null)), (Trip(driver=Driver(name=D-9), passengers=[Passenger(name=P-0), Passenger(name=P-1)], duration=10, distance=1.0, discount=null), Trip(driver=Driver(name=D-8), passengers=[Passenger(name=P-4), Passenger(name=P-19)], duration=12, distance=0.0, discount=null)), (Trip(driver=Driver(name=D-9), passengers=[Passenger(name=P-0), Passenger(name=P-1)], duration=10, distance=1.0, discount=null), Trip(driver=Driver(name=D-4), passengers=[Passenger(name=P-8), Passenger(name=P-14)], duration=4, distance=19.0, discount=null)), (Trip(driver=Driver(name=D-9), passengers=[Passenger(name=P-0), Passenger(name=P-1)], duration=10, distance=1.0, discount=null), Trip(driver=Driver(name=D-3), passengers=[Passenger(name=P-0)], duration=14, distance=19.0, discount=0.3)), (Trip(driver=Driver(name=D-9), passengers=[Passenger(name=P-0), Passenger(name=P-1)], duration=10, distance=1.0, discount=null), Trip(driver=Driver(name=D-3), passengers=[Passenger(name=P-9)], duration=16, distance=5.0, discount=null)), (Trip(driver=Driver(name=D-9), passengers=[Passenger(name=P-0), Passenger(name=P-1)], duration=10, distance=1.0, discount=null), Trip(driver=Driver(name=D-2), passengers=[Passenger(name=P-7), Passenger(name=P-6), Passenger(name=P-12)], duration=4, distance=19.0, discount=null)), (Trip(driver=Driver(name=D-9), passengers=[Passenger(name=P-0), Passenger(name=P-1)], duration=10, distance=1.0, discount=null), Trip(driver=Driver(name=D-9), passengers=[Passenger(name=P-0), Passenger(name=P-1)], duration=10, distance=1.0, discount=null)), (Trip(driver=Driver(name=D-9), passengers=[Passenger(name=P-0), Passenger(name=P-1)], duration=10, distance=1.0, discount=null), Trip(driver=Driver(name=D-8), passengers=[Passenger(name=P-16)], duration=10, distance=4.0, discount=null)), (Trip(driver=Driver(name=D-9), passengers=[Passenger(name=P-0), Passenger(name=P-1)], duration=10, distance=1.0, discount=null), Trip(driver=Driver(name=D-7), passengers=[Passenger(name=P-16), Passenger(name=P-3)], duration=12, distance=10.0, discount=0.4)), (Trip(driver=Driver(name=D-9), passengers=[Passenger(name=P-0), Passenger(name=P-1)], duration=10, distance=1.0, discount=null), Trip(driver=Driver(name=D-9), passengers=[Passenger(name=P-18), Passenger(name=P-0)], duration=15, distance=14.0, discount=0.2)), (Trip(driver=Driver(name=D-9), passengers=[Passenger(name=P-0), Passenger(name=P-1)], duration=10, distance=1.0, discount=null), Trip(driver=Driver(name=D-9), passengers=[Passenger(name=P-10)], duration=2, distance=2.0, discount=0.2)), (Trip(driver=Driver(name=D-9), passengers=[Passenger(name=P-0), Passenger(name=P-1)], duration=10, distance=1.0, discount=null), Trip(driver=Driver(name=D-4), passengers=[Passenger(name=P-11), Passenger(name=P-14), Passenger(name=P-18)], duration=4, distance=3.0, discount=null)), (Trip(driver=Driver(name=D-9), passengers=[Passenger(name=P-0), Passenger(name=P-1)], duration=10, distance=1.0, discount=null), Trip(driver=Driver(name=D-7), passengers=[Passenger(name=P-5)], duration=0, distance=4.0, discount=null)), (Trip(driver=Driver(name=D-9), passengers=[Passenger(name=P-0), Passenger(name=P-1)], duration=10, distance=1.0, discount=null), Trip(driver=Driver(name=D-9), passengers=[Passenger(name=P-13), Passenger(name=P-17)], duration=0, distance=8.0, discount=0.3)), (Trip(driver=Driver(name=D-9), passengers=[Passenger(name=P-0), Passenger(name=P-1)], duration=10, distance=1.0, discount=null), Trip(driver=Driver(name=D-3), passengers=[Passenger(name=P-8), Passenger(name=P-5)], duration=16, distance=3.0, discount=null)), (Trip(driver=Driver(name=D-9), passengers=[Passenger(name=P-0), Passenger(name=P-1)], duration=10, distance=1.0, discount=null), Trip(driver=Driver(name=D-9), passengers=[Passenger(name=P-19), Passenger(name=P-7)], duration=1, distance=3.0, discount=null)), (Trip(driver=Driver(name=D-9), passengers=[Passenger(name=P-0), Passenger(name=P-1)], duration=10, distance=1.0, discount=null), Trip(driver=Driver(name=D-6), passengers=[Passenger(name=P-4), Passenger(name=P-17)], duration=10, distance=18.0, discount=null)), (Trip(driver=Driver(name=D-9), passengers=[Passenger(name=P-0), Passenger(name=P-1)], duration=10, distance=1.0, discount=null), Trip(driver=Driver(name=D-2), passengers=[Passenger(name=P-7), Passenger(name=P-12)], duration=9, distance=6.0, discount=0.2)), (Trip(driver=Driver(name=D-9), passengers=[Passenger(name=P-0), Passenger(name=P-1)], duration=10, distance=1.0, discount=null), Trip(driver=Driver(name=D-6), passengers=[Passenger(name=P-4), Passenger(name=P-11)], duration=8, distance=5.0, discount=null)), (Trip(driver=Driver(name=D-9), passengers=[Passenger(name=P-0), Passenger(name=P-1)], duration=10, distance=1.0, discount=null), Trip(driver=Driver(name=D-5), passengers=[Passenger(name=P-0)], duration=3, distance=15.0, discount=0.4)), (Trip(driver=Driver(name=D-9), passengers=[Passenger(name=P-0), Passenger(name=P-1)], duration=10, distance=1.0, discount=null), Trip(driver=Driver(name=D-3), passengers=[Passenger(name=P-1)], duration=1, distance=13.0, discount=null)), (Trip(driver=Driver(name=D-9), passengers=[Passenger(name=P-0), Passenger(name=P-1)], duration=10, distance=1.0, discount=null), Trip(driver=Driver(name=D-5), passengers=[Passenger(name=P-11)], duration=17, distance=16.0, discount=null)), (Trip(driver=Driver(name=D-9), passengers=[Passenger(name=P-0), Passenger(name=P-1)], duration=10, distance=1.0, discount=null), Trip(driver=Driver(name=D-3), passengers=[Passenger(name=P-2), Passenger(name=P-19), Passenger(name=P-8), Passenger(name=P-1)], duration=10, distance=15.0, discount=null))]
item [(Trip(driver=Driver(name=D-8), passengers=[Passenger(name=P-16)], duration=10, distance=4.0, discount=null), Trip(driver=Driver(name=D-6), passengers=[Passenger(name=P-16)], duration=8, distance=17.0, discount=null)), (Trip(driver=Driver(name=D-8), passengers=[Passenger(name=P-16)], duration=10, distance=4.0, discount=null), Trip(driver=Driver(name=D-4), passengers=[Passenger(name=P-11)], duration=10, distance=12.0, discount=null)), (Trip(driver=Driver(name=D-8), passengers=[Passenger(name=P-16)], duration=10, distance=4.0, discount=null), Trip(driver=Driver(name=D-8), passengers=[Passenger(name=P-8), Passenger(name=P-13)], duration=14, distance=4.0, discount=0.1)), (Trip(driver=Driver(name=D-8), passengers=[Passenger(name=P-16)], duration=10, distance=4.0, discount=null), Trip(driver=Driver(name=D-6), passengers=[Passenger(name=P-19)], duration=14, distance=9.0, discount=null)), (Trip(driver=Driver(name=D-8), passengers=[Passenger(name=P-16)], duration=10, distance=4.0, discount=null), Trip(driver=Driver(name=D-4), passengers=[Passenger(name=P-18), Passenger(name=P-10)], duration=6, distance=17.0, discount=0.1)), (Trip(driver=Driver(name=D-8), passengers=[Passenger(name=P-16)], duration=10, distance=4.0, discount=null), Trip(driver=Driver(name=D-0), passengers=[Passenger(name=P-0)], duration=19, distance=17.0, discount=0.1)), (Trip(driver=Driver(name=D-8), passengers=[Passenger(name=P-16)], duration=10, distance=4.0, discount=null), Trip(driver=Driver(name=D-7), passengers=[Passenger(name=P-2), Passenger(name=P-15)], duration=12, distance=9.0, discount=null)), (Trip(driver=Driver(name=D-8), passengers=[Passenger(name=P-16)], duration=10, distance=4.0, discount=null), Trip(driver=Driver(name=D-9), passengers=[Passenger(name=P-11), Passenger(name=P-10), Passenger(name=P-7), Passenger(name=P-15)], duration=11, distance=5.0, discount=null)), (Trip(driver=Driver(name=D-8), passengers=[Passenger(name=P-16)], duration=10, distance=4.0, discount=null), Trip(driver=Driver(name=D-3), passengers=[Passenger(name=P-1), Passenger(name=P-18)], duration=5, distance=14.0, discount=0.3)), (Trip(driver=Driver(name=D-8), passengers=[Passenger(name=P-16)], duration=10, distance=4.0, discount=null), Trip(driver=Driver(name=D-2), passengers=[Passenger(name=P-19), Passenger(name=P-8)], duration=7, distance=8.0, discount=0.2)), (Trip(driver=Driver(name=D-8), passengers=[Passenger(name=P-16)], duration=10, distance=4.0, discount=null), Trip(driver=Driver(name=D-1), passengers=[Passenger(name=P-11)], duration=11, distance=18.0, discount=null)), (Trip(driver=Driver(name=D-8), passengers=[Passenger(name=P-16)], duration=10, distance=4.0, discount=null), Trip(driver=Driver(name=D-5), passengers=[Passenger(name=P-0), Passenger(name=P-18), Passenger(name=P-11), Passenger(name=P-14)], duration=6, distance=17.0, discount=0.3)), (Trip(driver=Driver(name=D-8), passengers=[Passenger(name=P-16)], duration=10, distance=4.0, discount=null), Trip(driver=Driver(name=D-6), passengers=[Passenger(name=P-11), Passenger(name=P-6)], duration=1, distance=4.0, discount=null)), (Trip(driver=Driver(name=D-8), passengers=[Passenger(name=P-16)], duration=10, distance=4.0, discount=null), Trip(driver=Driver(name=D-5), passengers=[Passenger(name=P-11)], duration=10, distance=19.0, discount=null)), (Trip(driver=Driver(name=D-8), passengers=[Passenger(name=P-16)], duration=10, distance=4.0, discount=null), Trip(driver=Driver(name=D-8), passengers=[Passenger(name=P-0), Passenger(name=P-4)], duration=2, distance=12.0, discount=0.4)), (Trip(driver=Driver(name=D-8), passengers=[Passenger(name=P-16)], duration=10, distance=4.0, discount=null), Trip(driver=Driver(name=D-6), passengers=[Passenger(name=P-16), Passenger(name=P-14)], duration=16, distance=0.0, discount=null)), (Trip(driver=Driver(name=D-8), passengers=[Passenger(name=P-16)], duration=10, distance=4.0, discount=null), Trip(driver=Driver(name=D-3), passengers=[Passenger(name=P-12)], duration=2, distance=15.0, discount=0.2)), (Trip(driver=Driver(name=D-8), passengers=[Passenger(name=P-16)], duration=10, distance=4.0, discount=null), Trip(driver=Driver(name=D-5), passengers=[Passenger(name=P-15), Passenger(name=P-6)], duration=5, distance=6.0, discount=null)), (Trip(driver=Driver(name=D-8), passengers=[Passenger(name=P-16)], duration=10, distance=4.0, discount=null), Trip(driver=Driver(name=D-8), passengers=[Passenger(name=P-4), Passenger(name=P-19)], duration=12, distance=0.0, discount=null)), (Trip(driver=Driver(name=D-8), passengers=[Passenger(name=P-16)], duration=10, distance=4.0, discount=null), Trip(driver=Driver(name=D-4), passengers=[Passenger(name=P-8), Passenger(name=P-14)], duration=4, distance=19.0, discount=null)), (Trip(driver=Driver(name=D-8), passengers=[Passenger(name=P-16)], duration=10, distance=4.0, discount=null), Trip(driver=Driver(name=D-3), passengers=[Passenger(name=P-0)], duration=14, distance=19.0, discount=0.3)), (Trip(driver=Driver(name=D-8), passengers=[Passenger(name=P-16)], duration=10, distance=4.0, discount=null), Trip(driver=Driver(name=D-3), passengers=[Passenger(name=P-9)], duration=16, distance=5.0, discount=null)), (Trip(driver=Driver(name=D-8), passengers=[Passenger(name=P-16)], duration=10, distance=4.0, discount=null), Trip(driver=Driver(name=D-2), passengers=[Passenger(name=P-7), Passenger(name=P-6), Passenger(name=P-12)], duration=4, distance=19.0, discount=null)), (Trip(driver=Driver(name=D-8), passengers=[Passenger(name=P-16)], duration=10, distance=4.0, discount=null), Trip(driver=Driver(name=D-9), passengers=[Passenger(name=P-0), Passenger(name=P-1)], duration=10, distance=1.0, discount=null)), (Trip(driver=Driver(name=D-8), passengers=[Passenger(name=P-16)], duration=10, distance=4.0, discount=null), Trip(driver=Driver(name=D-8), passengers=[Passenger(name=P-16)], duration=10, distance=4.0, discount=null)), (Trip(driver=Driver(name=D-8), passengers=[Passenger(name=P-16)], duration=10, distance=4.0, discount=null), Trip(driver=Driver(name=D-7), passengers=[Passenger(name=P-16), Passenger(name=P-3)], duration=12, distance=10.0, discount=0.4)), (Trip(driver=Driver(name=D-8), passengers=[Passenger(name=P-16)], duration=10, distance=4.0, discount=null), Trip(driver=Driver(name=D-9), passengers=[Passenger(name=P-18), Passenger(name=P-0)], duration=15, distance=14.0, discount=0.2)), (Trip(driver=Driver(name=D-8), passengers=[Passenger(name=P-16)], duration=10, distance=4.0, discount=null), Trip(driver=Driver(name=D-9), passengers=[Passenger(name=P-10)], duration=2, distance=2.0, discount=0.2)), (Trip(driver=Driver(name=D-8), passengers=[Passenger(name=P-16)], duration=10, distance=4.0, discount=null), Trip(driver=Driver(name=D-4), passengers=[Passenger(name=P-11), Passenger(name=P-14), Passenger(name=P-18)], duration=4, distance=3.0, discount=null)), (Trip(driver=Driver(name=D-8), passengers=[Passenger(name=P-16)], duration=10, distance=4.0, discount=null), Trip(driver=Driver(name=D-7), passengers=[Passenger(name=P-5)], duration=0, distance=4.0, discount=null)), (Trip(driver=Driver(name=D-8), passengers=[Passenger(name=P-16)], duration=10, distance=4.0, discount=null), Trip(driver=Driver(name=D-9), passengers=[Passenger(name=P-13), Passenger(name=P-17)], duration=0, distance=8.0, discount=0.3)), (Trip(driver=Driver(name=D-8), passengers=[Passenger(name=P-16)], duration=10, distance=4.0, discount=null), Trip(driver=Driver(name=D-3), passengers=[Passenger(name=P-8), Passenger(name=P-5)], duration=16, distance=3.0, discount=null)), (Trip(driver=Driver(name=D-8), passengers=[Passenger(name=P-16)], duration=10, distance=4.0, discount=null), Trip(driver=Driver(name=D-9), passengers=[Passenger(name=P-19), Passenger(name=P-7)], duration=1, distance=3.0, discount=null)), (Trip(driver=Driver(name=D-8), passengers=[Passenger(name=P-16)], duration=10, distance=4.0, discount=null), Trip(driver=Driver(name=D-6), passengers=[Passenger(name=P-4), Passenger(name=P-17)], duration=10, distance=18.0, discount=null)), (Trip(driver=Driver(name=D-8), passengers=[Passenger(name=P-16)], duration=10, distance=4.0, discount=null), Trip(driver=Driver(name=D-2), passengers=[Passenger(name=P-7), Passenger(name=P-12)], duration=9, distance=6.0, discount=0.2)), (Trip(driver=Driver(name=D-8), passengers=[Passenger(name=P-16)], duration=10, distance=4.0, discount=null), Trip(driver=Driver(name=D-6), passengers=[Passenger(name=P-4), Passenger(name=P-11)], duration=8, distance=5.0, discount=null)), (Trip(driver=Driver(name=D-8), passengers=[Passenger(name=P-16)], duration=10, distance=4.0, discount=null), Trip(driver=Driver(name=D-5), passengers=[Passenger(name=P-0)], duration=3, distance=15.0, discount=0.4)), (Trip(driver=Driver(name=D-8), passengers=[Passenger(name=P-16)], duration=10, distance=4.0, discount=null), Trip(driver=Driver(name=D-3), passengers=[Passenger(name=P-1)], duration=1, distance=13.0, discount=null)), (Trip(driver=Driver(name=D-8), passengers=[Passenger(name=P-16)], duration=10, distance=4.0, discount=null), Trip(driver=Driver(name=D-5), passengers=[Passenger(name=P-11)], duration=17, distance=16.0, discount=null)), (Trip(driver=Driver(name=D-8), passengers=[Passenger(name=P-16)], duration=10, distance=4.0, discount=null), Trip(driver=Driver(name=D-3), passengers=[Passenger(name=P-2), Passenger(name=P-19), Passenger(name=P-8), Passenger(name=P-1)], duration=10, distance=15.0, discount=null))]
item [(Trip(driver=Driver(name=D-7), passengers=[Passenger(name=P-16), Passenger(name=P-3)], duration=12, distance=10.0, discount=0.4), Trip(driver=Driver(name=D-6), passengers=[Passenger(name=P-16)], duration=8, distance=17.0, discount=null)), (Trip(driver=Driver(name=D-7), passengers=[Passenger(name=P-16), Passenger(name=P-3)], duration=12, distance=10.0, discount=0.4), Trip(driver=Driver(name=D-4), passengers=[Passenger(name=P-11)], duration=10, distance=12.0, discount=null)), (Trip(driver=Driver(name=D-7), passengers=[Passenger(name=P-16), Passenger(name=P-3)], duration=12, distance=10.0, discount=0.4), Trip(driver=Driver(name=D-8), passengers=[Passenger(name=P-8), Passenger(name=P-13)], duration=14, distance=4.0, discount=0.1)), (Trip(driver=Driver(name=D-7), passengers=[Passenger(name=P-16), Passenger(name=P-3)], duration=12, distance=10.0, discount=0.4), Trip(driver=Driver(name=D-6), passengers=[Passenger(name=P-19)], duration=14, distance=9.0, discount=null)), (Trip(driver=Driver(name=D-7), passengers=[Passenger(name=P-16), Passenger(name=P-3)], duration=12, distance=10.0, discount=0.4), Trip(driver=Driver(name=D-4), passengers=[Passenger(name=P-18), Passenger(name=P-10)], duration=6, distance=17.0, discount=0.1)), (Trip(driver=Driver(name=D-7), passengers=[Passenger(name=P-16), Passenger(name=P-3)], duration=12, distance=10.0, discount=0.4), Trip(driver=Driver(name=D-0), passengers=[Passenger(name=P-0)], duration=19, distance=17.0, discount=0.1)), (Trip(driver=Driver(name=D-7), passengers=[Passenger(name=P-16), Passenger(name=P-3)], duration=12, distance=10.0, discount=0.4), Trip(driver=Driver(name=D-7), passengers=[Passenger(name=P-2), Passenger(name=P-15)], duration=12, distance=9.0, discount=null)), (Trip(driver=Driver(name=D-7), passengers=[Passenger(name=P-16), Passenger(name=P-3)], duration=12, distance=10.0, discount=0.4), Trip(driver=Driver(name=D-9), passengers=[Passenger(name=P-11), Passenger(name=P-10), Passenger(name=P-7), Passenger(name=P-15)], duration=11, distance=5.0, discount=null)), (Trip(driver=Driver(name=D-7), passengers=[Passenger(name=P-16), Passenger(name=P-3)], duration=12, distance=10.0, discount=0.4), Trip(driver=Driver(name=D-3), passengers=[Passenger(name=P-1), Passenger(name=P-18)], duration=5, distance=14.0, discount=0.3)), (Trip(driver=Driver(name=D-7), passengers=[Passenger(name=P-16), Passenger(name=P-3)], duration=12, distance=10.0, discount=0.4), Trip(driver=Driver(name=D-2), passengers=[Passenger(name=P-19), Passenger(name=P-8)], duration=7, distance=8.0, discount=0.2)), (Trip(driver=Driver(name=D-7), passengers=[Passenger(name=P-16), Passenger(name=P-3)], duration=12, distance=10.0, discount=0.4), Trip(driver=Driver(name=D-1), passengers=[Passenger(name=P-11)], duration=11, distance=18.0, discount=null)), (Trip(driver=Driver(name=D-7), passengers=[Passenger(name=P-16), Passenger(name=P-3)], duration=12, distance=10.0, discount=0.4), Trip(driver=Driver(name=D-5), passengers=[Passenger(name=P-0), Passenger(name=P-18), Passenger(name=P-11), Passenger(name=P-14)], duration=6, distance=17.0, discount=0.3)), (Trip(driver=Driver(name=D-7), passengers=[Passenger(name=P-16), Passenger(name=P-3)], duration=12, distance=10.0, discount=0.4), Trip(driver=Driver(name=D-6), passengers=[Passenger(name=P-11), Passenger(name=P-6)], duration=1, distance=4.0, discount=null)), (Trip(driver=Driver(name=D-7), passengers=[Passenger(name=P-16), Passenger(name=P-3)], duration=12, distance=10.0, discount=0.4), Trip(driver=Driver(name=D-5), passengers=[Passenger(name=P-11)], duration=10, distance=19.0, discount=null)), (Trip(driver=Driver(name=D-7), passengers=[Passenger(name=P-16), Passenger(name=P-3)], duration=12, distance=10.0, discount=0.4), Trip(driver=Driver(name=D-8), passengers=[Passenger(name=P-0), Passenger(name=P-4)], duration=2, distance=12.0, discount=0.4)), (Trip(driver=Driver(name=D-7), passengers=[Passenger(name=P-16), Passenger(name=P-3)], duration=12, distance=10.0, discount=0.4), Trip(driver=Driver(name=D-6), passengers=[Passenger(name=P-16), Passenger(name=P-14)], duration=16, distance=0.0, discount=null)), (Trip(driver=Driver(name=D-7), passengers=[Passenger(name=P-16), Passenger(name=P-3)], duration=12, distance=10.0, discount=0.4), Trip(driver=Driver(name=D-3), passengers=[Passenger(name=P-12)], duration=2, distance=15.0, discount=0.2)), (Trip(driver=Driver(name=D-7), passengers=[Passenger(name=P-16), Passenger(name=P-3)], duration=12, distance=10.0, discount=0.4), Trip(driver=Driver(name=D-5), passengers=[Passenger(name=P-15), Passenger(name=P-6)], duration=5, distance=6.0, discount=null)), (Trip(driver=Driver(name=D-7), passengers=[Passenger(name=P-16), Passenger(name=P-3)], duration=12, distance=10.0, discount=0.4), Trip(driver=Driver(name=D-8), passengers=[Passenger(name=P-4), Passenger(name=P-19)], duration=12, distance=0.0, discount=null)), (Trip(driver=Driver(name=D-7), passengers=[Passenger(name=P-16), Passenger(name=P-3)], duration=12, distance=10.0, discount=0.4), Trip(driver=Driver(name=D-4), passengers=[Passenger(name=P-8), Passenger(name=P-14)], duration=4, distance=19.0, discount=null)), (Trip(driver=Driver(name=D-7), passengers=[Passenger(name=P-16), Passenger(name=P-3)], duration=12, distance=10.0, discount=0.4), Trip(driver=Driver(name=D-3), passengers=[Passenger(name=P-0)], duration=14, distance=19.0, discount=0.3)), (Trip(driver=Driver(name=D-7), passengers=[Passenger(name=P-16), Passenger(name=P-3)], duration=12, distance=10.0, discount=0.4), Trip(driver=Driver(name=D-3), passengers=[Passenger(name=P-9)], duration=16, distance=5.0, discount=null)), (Trip(driver=Driver(name=D-7), passengers=[Passenger(name=P-16), Passenger(name=P-3)], duration=12, distance=10.0, discount=0.4), Trip(driver=Driver(name=D-2), passengers=[Passenger(name=P-7), Passenger(name=P-6), Passenger(name=P-12)], duration=4, distance=19.0, discount=null)), (Trip(driver=Driver(name=D-7), passengers=[Passenger(name=P-16), Passenger(name=P-3)], duration=12, distance=10.0, discount=0.4), Trip(driver=Driver(name=D-9), passengers=[Passenger(name=P-0), Passenger(name=P-1)], duration=10, distance=1.0, discount=null)), (Trip(driver=Driver(name=D-7), passengers=[Passenger(name=P-16), Passenger(name=P-3)], duration=12, distance=10.0, discount=0.4), Trip(driver=Driver(name=D-8), passengers=[Passenger(name=P-16)], duration=10, distance=4.0, discount=null)), (Trip(driver=Driver(name=D-7), passengers=[Passenger(name=P-16), Passenger(name=P-3)], duration=12, distance=10.0, discount=0.4), Trip(driver=Driver(name=D-7), passengers=[Passenger(name=P-16), Passenger(name=P-3)], duration=12, distance=10.0, discount=0.4)), (Trip(driver=Driver(name=D-7), passengers=[Passenger(name=P-16), Passenger(name=P-3)], duration=12, distance=10.0, discount=0.4), Trip(driver=Driver(name=D-9), passengers=[Passenger(name=P-18), Passenger(name=P-0)], duration=15, distance=14.0, discount=0.2)), (Trip(driver=Driver(name=D-7), passengers=[Passenger(name=P-16), Passenger(name=P-3)], duration=12, distance=10.0, discount=0.4), Trip(driver=Driver(name=D-9), passengers=[Passenger(name=P-10)], duration=2, distance=2.0, discount=0.2)), (Trip(driver=Driver(name=D-7), passengers=[Passenger(name=P-16), Passenger(name=P-3)], duration=12, distance=10.0, discount=0.4), Trip(driver=Driver(name=D-4), passengers=[Passenger(name=P-11), Passenger(name=P-14), Passenger(name=P-18)], duration=4, distance=3.0, discount=null)), (Trip(driver=Driver(name=D-7), passengers=[Passenger(name=P-16), Passenger(name=P-3)], duration=12, distance=10.0, discount=0.4), Trip(driver=Driver(name=D-7), passengers=[Passenger(name=P-5)], duration=0, distance=4.0, discount=null)), (Trip(driver=Driver(name=D-7), passengers=[Passenger(name=P-16), Passenger(name=P-3)], duration=12, distance=10.0, discount=0.4), Trip(driver=Driver(name=D-9), passengers=[Passenger(name=P-13), Passenger(name=P-17)], duration=0, distance=8.0, discount=0.3)), (Trip(driver=Driver(name=D-7), passengers=[Passenger(name=P-16), Passenger(name=P-3)], duration=12, distance=10.0, discount=0.4), Trip(driver=Driver(name=D-3), passengers=[Passenger(name=P-8), Passenger(name=P-5)], duration=16, distance=3.0, discount=null)), (Trip(driver=Driver(name=D-7), passengers=[Passenger(name=P-16), Passenger(name=P-3)], duration=12, distance=10.0, discount=0.4), Trip(driver=Driver(name=D-9), passengers=[Passenger(name=P-19), Passenger(name=P-7)], duration=1, distance=3.0, discount=null)), (Trip(driver=Driver(name=D-7), passengers=[Passenger(name=P-16), Passenger(name=P-3)], duration=12, distance=10.0, discount=0.4), Trip(driver=Driver(name=D-6), passengers=[Passenger(name=P-4), Passenger(name=P-17)], duration=10, distance=18.0, discount=null)), (Trip(driver=Driver(name=D-7), passengers=[Passenger(name=P-16), Passenger(name=P-3)], duration=12, distance=10.0, discount=0.4), Trip(driver=Driver(name=D-2), passengers=[Passenger(name=P-7), Passenger(name=P-12)], duration=9, distance=6.0, discount=0.2)), (Trip(driver=Driver(name=D-7), passengers=[Passenger(name=P-16), Passenger(name=P-3)], duration=12, distance=10.0, discount=0.4), Trip(driver=Driver(name=D-6), passengers=[Passenger(name=P-4), Passenger(name=P-11)], duration=8, distance=5.0, discount=null)), (Trip(driver=Driver(name=D-7), passengers=[Passenger(name=P-16), Passenger(name=P-3)], duration=12, distance=10.0, discount=0.4), Trip(driver=Driver(name=D-5), passengers=[Passenger(name=P-0)], duration=3, distance=15.0, discount=0.4)), (Trip(driver=Driver(name=D-7), passengers=[Passenger(name=P-16), Passenger(name=P-3)], duration=12, distance=10.0, discount=0.4), Trip(driver=Driver(name=D-3), passengers=[Passenger(name=P-1)], duration=1, distance=13.0, discount=null)), (Trip(driver=Driver(name=D-7), passengers=[Passenger(name=P-16), Passenger(name=P-3)], duration=12, distance=10.0, discount=0.4), Trip(driver=Driver(name=D-5), passengers=[Passenger(name=P-11)], duration=17, distance=16.0, discount=null)), (Trip(driver=Driver(name=D-7), passengers=[Passenger(name=P-16), Passenger(name=P-3)], duration=12, distance=10.0, discount=0.4), Trip(driver=Driver(name=D-3), passengers=[Passenger(name=P-2), Passenger(name=P-19), Passenger(name=P-8), Passenger(name=P-1)], duration=10, distance=15.0, discount=null))]
item [(Trip(driver=Driver(name=D-9), passengers=[Passenger(name=P-18), Passenger(name=P-0)], duration=15, distance=14.0, discount=0.2), Trip(driver=Driver(name=D-6), passengers=[Passenger(name=P-16)], duration=8, distance=17.0, discount=null)), (Trip(driver=Driver(name=D-9), passengers=[Passenger(name=P-18), Passenger(name=P-0)], duration=15, distance=14.0, discount=0.2), Trip(driver=Driver(name=D-4), passengers=[Passenger(name=P-11)], duration=10, distance=12.0, discount=null)), (Trip(driver=Driver(name=D-9), passengers=[Passenger(name=P-18), Passenger(name=P-0)], duration=15, distance=14.0, discount=0.2), Trip(driver=Driver(name=D-8), passengers=[Passenger(name=P-8), Passenger(name=P-13)], duration=14, distance=4.0, discount=0.1)), (Trip(driver=Driver(name=D-9), passengers=[Passenger(name=P-18), Passenger(name=P-0)], duration=15, distance=14.0, discount=0.2), Trip(driver=Driver(name=D-6), passengers=[Passenger(name=P-19)], duration=14, distance=9.0, discount=null)), (Trip(driver=Driver(name=D-9), passengers=[Passenger(name=P-18), Passenger(name=P-0)], duration=15, distance=14.0, discount=0.2), Trip(driver=Driver(name=D-4), passengers=[Passenger(name=P-18), Passenger(name=P-10)], duration=6, distance=17.0, discount=0.1)), (Trip(driver=Driver(name=D-9), passengers=[Passenger(name=P-18), Passenger(name=P-0)], duration=15, distance=14.0, discount=0.2), Trip(driver=Driver(name=D-0), passengers=[Passenger(name=P-0)], duration=19, distance=17.0, discount=0.1)), (Trip(driver=Driver(name=D-9), passengers=[Passenger(name=P-18), Passenger(name=P-0)], duration=15, distance=14.0, discount=0.2), Trip(driver=Driver(name=D-7), passengers=[Passenger(name=P-2), Passenger(name=P-15)], duration=12, distance=9.0, discount=null)), (Trip(driver=Driver(name=D-9), passengers=[Passenger(name=P-18), Passenger(name=P-0)], duration=15, distance=14.0, discount=0.2), Trip(driver=Driver(name=D-9), passengers=[Passenger(name=P-11), Passenger(name=P-10), Passenger(name=P-7), Passenger(name=P-15)], duration=11, distance=5.0, discount=null)), (Trip(driver=Driver(name=D-9), passengers=[Passenger(name=P-18), Passenger(name=P-0)], duration=15, distance=14.0, discount=0.2), Trip(driver=Driver(name=D-3), passengers=[Passenger(name=P-1), Passenger(name=P-18)], duration=5, distance=14.0, discount=0.3)), (Trip(driver=Driver(name=D-9), passengers=[Passenger(name=P-18), Passenger(name=P-0)], duration=15, distance=14.0, discount=0.2), Trip(driver=Driver(name=D-2), passengers=[Passenger(name=P-19), Passenger(name=P-8)], duration=7, distance=8.0, discount=0.2)), (Trip(driver=Driver(name=D-9), passengers=[Passenger(name=P-18), Passenger(name=P-0)], duration=15, distance=14.0, discount=0.2), Trip(driver=Driver(name=D-1), passengers=[Passenger(name=P-11)], duration=11, distance=18.0, discount=null)), (Trip(driver=Driver(name=D-9), passengers=[Passenger(name=P-18), Passenger(name=P-0)], duration=15, distance=14.0, discount=0.2), Trip(driver=Driver(name=D-5), passengers=[Passenger(name=P-0), Passenger(name=P-18), Passenger(name=P-11), Passenger(name=P-14)], duration=6, distance=17.0, discount=0.3)), (Trip(driver=Driver(name=D-9), passengers=[Passenger(name=P-18), Passenger(name=P-0)], duration=15, distance=14.0, discount=0.2), Trip(driver=Driver(name=D-6), passengers=[Passenger(name=P-11), Passenger(name=P-6)], duration=1, distance=4.0, discount=null)), (Trip(driver=Driver(name=D-9), passengers=[Passenger(name=P-18), Passenger(name=P-0)], duration=15, distance=14.0, discount=0.2), Trip(driver=Driver(name=D-5), passengers=[Passenger(name=P-11)], duration=10, distance=19.0, discount=null)), (Trip(driver=Driver(name=D-9), passengers=[Passenger(name=P-18), Passenger(name=P-0)], duration=15, distance=14.0, discount=0.2), Trip(driver=Driver(name=D-8), passengers=[Passenger(name=P-0), Passenger(name=P-4)], duration=2, distance=12.0, discount=0.4)), (Trip(driver=Driver(name=D-9), passengers=[Passenger(name=P-18), Passenger(name=P-0)], duration=15, distance=14.0, discount=0.2), Trip(driver=Driver(name=D-6), passengers=[Passenger(name=P-16), Passenger(name=P-14)], duration=16, distance=0.0, discount=null)), (Trip(driver=Driver(name=D-9), passengers=[Passenger(name=P-18), Passenger(name=P-0)], duration=15, distance=14.0, discount=0.2), Trip(driver=Driver(name=D-3), passengers=[Passenger(name=P-12)], duration=2, distance=15.0, discount=0.2)), (Trip(driver=Driver(name=D-9), passengers=[Passenger(name=P-18), Passenger(name=P-0)], duration=15, distance=14.0, discount=0.2), Trip(driver=Driver(name=D-5), passengers=[Passenger(name=P-15), Passenger(name=P-6)], duration=5, distance=6.0, discount=null)), (Trip(driver=Driver(name=D-9), passengers=[Passenger(name=P-18), Passenger(name=P-0)], duration=15, distance=14.0, discount=0.2), Trip(driver=Driver(name=D-8), passengers=[Passenger(name=P-4), Passenger(name=P-19)], duration=12, distance=0.0, discount=null)), (Trip(driver=Driver(name=D-9), passengers=[Passenger(name=P-18), Passenger(name=P-0)], duration=15, distance=14.0, discount=0.2), Trip(driver=Driver(name=D-4), passengers=[Passenger(name=P-8), Passenger(name=P-14)], duration=4, distance=19.0, discount=null)), (Trip(driver=Driver(name=D-9), passengers=[Passenger(name=P-18), Passenger(name=P-0)], duration=15, distance=14.0, discount=0.2), Trip(driver=Driver(name=D-3), passengers=[Passenger(name=P-0)], duration=14, distance=19.0, discount=0.3)), (Trip(driver=Driver(name=D-9), passengers=[Passenger(name=P-18), Passenger(name=P-0)], duration=15, distance=14.0, discount=0.2), Trip(driver=Driver(name=D-3), passengers=[Passenger(name=P-9)], duration=16, distance=5.0, discount=null)), (Trip(driver=Driver(name=D-9), passengers=[Passenger(name=P-18), Passenger(name=P-0)], duration=15, distance=14.0, discount=0.2), Trip(driver=Driver(name=D-2), passengers=[Passenger(name=P-7), Passenger(name=P-6), Passenger(name=P-12)], duration=4, distance=19.0, discount=null)), (Trip(driver=Driver(name=D-9), passengers=[Passenger(name=P-18), Passenger(name=P-0)], duration=15, distance=14.0, discount=0.2), Trip(driver=Driver(name=D-9), passengers=[Passenger(name=P-0), Passenger(name=P-1)], duration=10, distance=1.0, discount=null)), (Trip(driver=Driver(name=D-9), passengers=[Passenger(name=P-18), Passenger(name=P-0)], duration=15, distance=14.0, discount=0.2), Trip(driver=Driver(name=D-8), passengers=[Passenger(name=P-16)], duration=10, distance=4.0, discount=null)), (Trip(driver=Driver(name=D-9), passengers=[Passenger(name=P-18), Passenger(name=P-0)], duration=15, distance=14.0, discount=0.2), Trip(driver=Driver(name=D-7), passengers=[Passenger(name=P-16), Passenger(name=P-3)], duration=12, distance=10.0, discount=0.4)), (Trip(driver=Driver(name=D-9), passengers=[Passenger(name=P-18), Passenger(name=P-0)], duration=15, distance=14.0, discount=0.2), Trip(driver=Driver(name=D-9), passengers=[Passenger(name=P-18), Passenger(name=P-0)], duration=15, distance=14.0, discount=0.2)), (Trip(driver=Driver(name=D-9), passengers=[Passenger(name=P-18), Passenger(name=P-0)], duration=15, distance=14.0, discount=0.2), Trip(driver=Driver(name=D-9), passengers=[Passenger(name=P-10)], duration=2, distance=2.0, discount=0.2)), (Trip(driver=Driver(name=D-9), passengers=[Passenger(name=P-18), Passenger(name=P-0)], duration=15, distance=14.0, discount=0.2), Trip(driver=Driver(name=D-4), passengers=[Passenger(name=P-11), Passenger(name=P-14), Passenger(name=P-18)], duration=4, distance=3.0, discount=null)), (Trip(driver=Driver(name=D-9), passengers=[Passenger(name=P-18), Passenger(name=P-0)], duration=15, distance=14.0, discount=0.2), Trip(driver=Driver(name=D-7), passengers=[Passenger(name=P-5)], duration=0, distance=4.0, discount=null)), (Trip(driver=Driver(name=D-9), passengers=[Passenger(name=P-18), Passenger(name=P-0)], duration=15, distance=14.0, discount=0.2), Trip(driver=Driver(name=D-9), passengers=[Passenger(name=P-13), Passenger(name=P-17)], duration=0, distance=8.0, discount=0.3)), (Trip(driver=Driver(name=D-9), passengers=[Passenger(name=P-18), Passenger(name=P-0)], duration=15, distance=14.0, discount=0.2), Trip(driver=Driver(name=D-3), passengers=[Passenger(name=P-8), Passenger(name=P-5)], duration=16, distance=3.0, discount=null)), (Trip(driver=Driver(name=D-9), passengers=[Passenger(name=P-18), Passenger(name=P-0)], duration=15, distance=14.0, discount=0.2), Trip(driver=Driver(name=D-9), passengers=[Passenger(name=P-19), Passenger(name=P-7)], duration=1, distance=3.0, discount=null)), (Trip(driver=Driver(name=D-9), passengers=[Passenger(name=P-18), Passenger(name=P-0)], duration=15, distance=14.0, discount=0.2), Trip(driver=Driver(name=D-6), passengers=[Passenger(name=P-4), Passenger(name=P-17)], duration=10, distance=18.0, discount=null)), (Trip(driver=Driver(name=D-9), passengers=[Passenger(name=P-18), Passenger(name=P-0)], duration=15, distance=14.0, discount=0.2), Trip(driver=Driver(name=D-2), passengers=[Passenger(name=P-7), Passenger(name=P-12)], duration=9, distance=6.0, discount=0.2)), (Trip(driver=Driver(name=D-9), passengers=[Passenger(name=P-18), Passenger(name=P-0)], duration=15, distance=14.0, discount=0.2), Trip(driver=Driver(name=D-6), passengers=[Passenger(name=P-4), Passenger(name=P-11)], duration=8, distance=5.0, discount=null)), (Trip(driver=Driver(name=D-9), passengers=[Passenger(name=P-18), Passenger(name=P-0)], duration=15, distance=14.0, discount=0.2), Trip(driver=Driver(name=D-5), passengers=[Passenger(name=P-0)], duration=3, distance=15.0, discount=0.4)), (Trip(driver=Driver(name=D-9), passengers=[Passenger(name=P-18), Passenger(name=P-0)], duration=15, distance=14.0, discount=0.2), Trip(driver=Driver(name=D-3), passengers=[Passenger(name=P-1)], duration=1, distance=13.0, discount=null)), (Trip(driver=Driver(name=D-9), passengers=[Passenger(name=P-18), Passenger(name=P-0)], duration=15, distance=14.0, discount=0.2), Trip(driver=Driver(name=D-5), passengers=[Passenger(name=P-11)], duration=17, distance=16.0, discount=null)), (Trip(driver=Driver(name=D-9), passengers=[Passenger(name=P-18), Passenger(name=P-0)], duration=15, distance=14.0, discount=0.2), Trip(driver=Driver(name=D-3), passengers=[Passenger(name=P-2), Passenger(name=P-19), Passenger(name=P-8), Passenger(name=P-1)], duration=10, distance=15.0, discount=null))]
item [(Trip(driver=Driver(name=D-9), passengers=[Passenger(name=P-10)], duration=2, distance=2.0, discount=0.2), Trip(driver=Driver(name=D-6), passengers=[Passenger(name=P-16)], duration=8, distance=17.0, discount=null)), (Trip(driver=Driver(name=D-9), passengers=[Passenger(name=P-10)], duration=2, distance=2.0, discount=0.2), Trip(driver=Driver(name=D-4), passengers=[Passenger(name=P-11)], duration=10, distance=12.0, discount=null)), (Trip(driver=Driver(name=D-9), passengers=[Passenger(name=P-10)], duration=2, distance=2.0, discount=0.2), Trip(driver=Driver(name=D-8), passengers=[Passenger(name=P-8), Passenger(name=P-13)], duration=14, distance=4.0, discount=0.1)), (Trip(driver=Driver(name=D-9), passengers=[Passenger(name=P-10)], duration=2, distance=2.0, discount=0.2), Trip(driver=Driver(name=D-6), passengers=[Passenger(name=P-19)], duration=14, distance=9.0, discount=null)), (Trip(driver=Driver(name=D-9), passengers=[Passenger(name=P-10)], duration=2, distance=2.0, discount=0.2), Trip(driver=Driver(name=D-4), passengers=[Passenger(name=P-18), Passenger(name=P-10)], duration=6, distance=17.0, discount=0.1)), (Trip(driver=Driver(name=D-9), passengers=[Passenger(name=P-10)], duration=2, distance=2.0, discount=0.2), Trip(driver=Driver(name=D-0), passengers=[Passenger(name=P-0)], duration=19, distance=17.0, discount=0.1)), (Trip(driver=Driver(name=D-9), passengers=[Passenger(name=P-10)], duration=2, distance=2.0, discount=0.2), Trip(driver=Driver(name=D-7), passengers=[Passenger(name=P-2), Passenger(name=P-15)], duration=12, distance=9.0, discount=null)), (Trip(driver=Driver(name=D-9), passengers=[Passenger(name=P-10)], duration=2, distance=2.0, discount=0.2), Trip(driver=Driver(name=D-9), passengers=[Passenger(name=P-11), Passenger(name=P-10), Passenger(name=P-7), Passenger(name=P-15)], duration=11, distance=5.0, discount=null)), (Trip(driver=Driver(name=D-9), passengers=[Passenger(name=P-10)], duration=2, distance=2.0, discount=0.2), Trip(driver=Driver(name=D-3), passengers=[Passenger(name=P-1), Passenger(name=P-18)], duration=5, distance=14.0, discount=0.3)), (Trip(driver=Driver(name=D-9), passengers=[Passenger(name=P-10)], duration=2, distance=2.0, discount=0.2), Trip(driver=Driver(name=D-2), passengers=[Passenger(name=P-19), Passenger(name=P-8)], duration=7, distance=8.0, discount=0.2)), (Trip(driver=Driver(name=D-9), passengers=[Passenger(name=P-10)], duration=2, distance=2.0, discount=0.2), Trip(driver=Driver(name=D-1), passengers=[Passenger(name=P-11)], duration=11, distance=18.0, discount=null)), (Trip(driver=Driver(name=D-9), passengers=[Passenger(name=P-10)], duration=2, distance=2.0, discount=0.2), Trip(driver=Driver(name=D-5), passengers=[Passenger(name=P-0), Passenger(name=P-18), Passenger(name=P-11), Passenger(name=P-14)], duration=6, distance=17.0, discount=0.3)), (Trip(driver=Driver(name=D-9), passengers=[Passenger(name=P-10)], duration=2, distance=2.0, discount=0.2), Trip(driver=Driver(name=D-6), passengers=[Passenger(name=P-11), Passenger(name=P-6)], duration=1, distance=4.0, discount=null)), (Trip(driver=Driver(name=D-9), passengers=[Passenger(name=P-10)], duration=2, distance=2.0, discount=0.2), Trip(driver=Driver(name=D-5), passengers=[Passenger(name=P-11)], duration=10, distance=19.0, discount=null)), (Trip(driver=Driver(name=D-9), passengers=[Passenger(name=P-10)], duration=2, distance=2.0, discount=0.2), Trip(driver=Driver(name=D-8), passengers=[Passenger(name=P-0), Passenger(name=P-4)], duration=2, distance=12.0, discount=0.4)), (Trip(driver=Driver(name=D-9), passengers=[Passenger(name=P-10)], duration=2, distance=2.0, discount=0.2), Trip(driver=Driver(name=D-6), passengers=[Passenger(name=P-16), Passenger(name=P-14)], duration=16, distance=0.0, discount=null)), (Trip(driver=Driver(name=D-9), passengers=[Passenger(name=P-10)], duration=2, distance=2.0, discount=0.2), Trip(driver=Driver(name=D-3), passengers=[Passenger(name=P-12)], duration=2, distance=15.0, discount=0.2)), (Trip(driver=Driver(name=D-9), passengers=[Passenger(name=P-10)], duration=2, distance=2.0, discount=0.2), Trip(driver=Driver(name=D-5), passengers=[Passenger(name=P-15), Passenger(name=P-6)], duration=5, distance=6.0, discount=null)), (Trip(driver=Driver(name=D-9), passengers=[Passenger(name=P-10)], duration=2, distance=2.0, discount=0.2), Trip(driver=Driver(name=D-8), passengers=[Passenger(name=P-4), Passenger(name=P-19)], duration=12, distance=0.0, discount=null)), (Trip(driver=Driver(name=D-9), passengers=[Passenger(name=P-10)], duration=2, distance=2.0, discount=0.2), Trip(driver=Driver(name=D-4), passengers=[Passenger(name=P-8), Passenger(name=P-14)], duration=4, distance=19.0, discount=null)), (Trip(driver=Driver(name=D-9), passengers=[Passenger(name=P-10)], duration=2, distance=2.0, discount=0.2), Trip(driver=Driver(name=D-3), passengers=[Passenger(name=P-0)], duration=14, distance=19.0, discount=0.3)), (Trip(driver=Driver(name=D-9), passengers=[Passenger(name=P-10)], duration=2, distance=2.0, discount=0.2), Trip(driver=Driver(name=D-3), passengers=[Passenger(name=P-9)], duration=16, distance=5.0, discount=null)), (Trip(driver=Driver(name=D-9), passengers=[Passenger(name=P-10)], duration=2, distance=2.0, discount=0.2), Trip(driver=Driver(name=D-2), passengers=[Passenger(name=P-7), Passenger(name=P-6), Passenger(name=P-12)], duration=4, distance=19.0, discount=null)), (Trip(driver=Driver(name=D-9), passengers=[Passenger(name=P-10)], duration=2, distance=2.0, discount=0.2), Trip(driver=Driver(name=D-9), passengers=[Passenger(name=P-0), Passenger(name=P-1)], duration=10, distance=1.0, discount=null)), (Trip(driver=Driver(name=D-9), passengers=[Passenger(name=P-10)], duration=2, distance=2.0, discount=0.2), Trip(driver=Driver(name=D-8), passengers=[Passenger(name=P-16)], duration=10, distance=4.0, discount=null)), (Trip(driver=Driver(name=D-9), passengers=[Passenger(name=P-10)], duration=2, distance=2.0, discount=0.2), Trip(driver=Driver(name=D-7), passengers=[Passenger(name=P-16), Passenger(name=P-3)], duration=12, distance=10.0, discount=0.4)), (Trip(driver=Driver(name=D-9), passengers=[Passenger(name=P-10)], duration=2, distance=2.0, discount=0.2), Trip(driver=Driver(name=D-9), passengers=[Passenger(name=P-18), Passenger(name=P-0)], duration=15, distance=14.0, discount=0.2)), (Trip(driver=Driver(name=D-9), passengers=[Passenger(name=P-10)], duration=2, distance=2.0, discount=0.2), Trip(driver=Driver(name=D-9), passengers=[Passenger(name=P-10)], duration=2, distance=2.0, discount=0.2)), (Trip(driver=Driver(name=D-9), passengers=[Passenger(name=P-10)], duration=2, distance=2.0, discount=0.2), Trip(driver=Driver(name=D-4), passengers=[Passenger(name=P-11), Passenger(name=P-14), Passenger(name=P-18)], duration=4, distance=3.0, discount=null)), (Trip(driver=Driver(name=D-9), passengers=[Passenger(name=P-10)], duration=2, distance=2.0, discount=0.2), Trip(driver=Driver(name=D-7), passengers=[Passenger(name=P-5)], duration=0, distance=4.0, discount=null)), (Trip(driver=Driver(name=D-9), passengers=[Passenger(name=P-10)], duration=2, distance=2.0, discount=0.2), Trip(driver=Driver(name=D-9), passengers=[Passenger(name=P-13), Passenger(name=P-17)], duration=0, distance=8.0, discount=0.3)), (Trip(driver=Driver(name=D-9), passengers=[Passenger(name=P-10)], duration=2, distance=2.0, discount=0.2), Trip(driver=Driver(name=D-3), passengers=[Passenger(name=P-8), Passenger(name=P-5)], duration=16, distance=3.0, discount=null)), (Trip(driver=Driver(name=D-9), passengers=[Passenger(name=P-10)], duration=2, distance=2.0, discount=0.2), Trip(driver=Driver(name=D-9), passengers=[Passenger(name=P-19), Passenger(name=P-7)], duration=1, distance=3.0, discount=null)), (Trip(driver=Driver(name=D-9), passengers=[Passenger(name=P-10)], duration=2, distance=2.0, discount=0.2), Trip(driver=Driver(name=D-6), passengers=[Passenger(name=P-4), Passenger(name=P-17)], duration=10, distance=18.0, discount=null)), (Trip(driver=Driver(name=D-9), passengers=[Passenger(name=P-10)], duration=2, distance=2.0, discount=0.2), Trip(driver=Driver(name=D-2), passengers=[Passenger(name=P-7), Passenger(name=P-12)], duration=9, distance=6.0, discount=0.2)), (Trip(driver=Driver(name=D-9), passengers=[Passenger(name=P-10)], duration=2, distance=2.0, discount=0.2), Trip(driver=Driver(name=D-6), passengers=[Passenger(name=P-4), Passenger(name=P-11)], duration=8, distance=5.0, discount=null)), (Trip(driver=Driver(name=D-9), passengers=[Passenger(name=P-10)], duration=2, distance=2.0, discount=0.2), Trip(driver=Driver(name=D-5), passengers=[Passenger(name=P-0)], duration=3, distance=15.0, discount=0.4)), (Trip(driver=Driver(name=D-9), passengers=[Passenger(name=P-10)], duration=2, distance=2.0, discount=0.2), Trip(driver=Driver(name=D-3), passengers=[Passenger(name=P-1)], duration=1, distance=13.0, discount=null)), (Trip(driver=Driver(name=D-9), passengers=[Passenger(name=P-10)], duration=2, distance=2.0, discount=0.2), Trip(driver=Driver(name=D-5), passengers=[Passenger(name=P-11)], duration=17, distance=16.0, discount=null)), (Trip(driver=Driver(name=D-9), passengers=[Passenger(name=P-10)], duration=2, distance=2.0, discount=0.2), Trip(driver=Driver(name=D-3), passengers=[Passenger(name=P-2), Passenger(name=P-19), Passenger(name=P-8), Passenger(name=P-1)], duration=10, distance=15.0, discount=null))]
item [(Trip(driver=Driver(name=D-4), passengers=[Passenger(name=P-11), Passenger(name=P-14), Passenger(name=P-18)], duration=4, distance=3.0, discount=null), Trip(driver=Driver(name=D-6), passengers=[Passenger(name=P-16)], duration=8, distance=17.0, discount=null)), (Trip(driver=Driver(name=D-4), passengers=[Passenger(name=P-11), Passenger(name=P-14), Passenger(name=P-18)], duration=4, distance=3.0, discount=null), Trip(driver=Driver(name=D-4), passengers=[Passenger(name=P-11)], duration=10, distance=12.0, discount=null)), (Trip(driver=Driver(name=D-4), passengers=[Passenger(name=P-11), Passenger(name=P-14), Passenger(name=P-18)], duration=4, distance=3.0, discount=null), Trip(driver=Driver(name=D-8), passengers=[Passenger(name=P-8), Passenger(name=P-13)], duration=14, distance=4.0, discount=0.1)), (Trip(driver=Driver(name=D-4), passengers=[Passenger(name=P-11), Passenger(name=P-14), Passenger(name=P-18)], duration=4, distance=3.0, discount=null), Trip(driver=Driver(name=D-6), passengers=[Passenger(name=P-19)], duration=14, distance=9.0, discount=null)), (Trip(driver=Driver(name=D-4), passengers=[Passenger(name=P-11), Passenger(name=P-14), Passenger(name=P-18)], duration=4, distance=3.0, discount=null), Trip(driver=Driver(name=D-4), passengers=[Passenger(name=P-18), Passenger(name=P-10)], duration=6, distance=17.0, discount=0.1)), (Trip(driver=Driver(name=D-4), passengers=[Passenger(name=P-11), Passenger(name=P-14), Passenger(name=P-18)], duration=4, distance=3.0, discount=null), Trip(driver=Driver(name=D-0), passengers=[Passenger(name=P-0)], duration=19, distance=17.0, discount=0.1)), (Trip(driver=Driver(name=D-4), passengers=[Passenger(name=P-11), Passenger(name=P-14), Passenger(name=P-18)], duration=4, distance=3.0, discount=null), Trip(driver=Driver(name=D-7), passengers=[Passenger(name=P-2), Passenger(name=P-15)], duration=12, distance=9.0, discount=null)), (Trip(driver=Driver(name=D-4), passengers=[Passenger(name=P-11), Passenger(name=P-14), Passenger(name=P-18)], duration=4, distance=3.0, discount=null), Trip(driver=Driver(name=D-9), passengers=[Passenger(name=P-11), Passenger(name=P-10), Passenger(name=P-7), Passenger(name=P-15)], duration=11, distance=5.0, discount=null)), (Trip(driver=Driver(name=D-4), passengers=[Passenger(name=P-11), Passenger(name=P-14), Passenger(name=P-18)], duration=4, distance=3.0, discount=null), Trip(driver=Driver(name=D-3), passengers=[Passenger(name=P-1), Passenger(name=P-18)], duration=5, distance=14.0, discount=0.3)), (Trip(driver=Driver(name=D-4), passengers=[Passenger(name=P-11), Passenger(name=P-14), Passenger(name=P-18)], duration=4, distance=3.0, discount=null), Trip(driver=Driver(name=D-2), passengers=[Passenger(name=P-19), Passenger(name=P-8)], duration=7, distance=8.0, discount=0.2)), (Trip(driver=Driver(name=D-4), passengers=[Passenger(name=P-11), Passenger(name=P-14), Passenger(name=P-18)], duration=4, distance=3.0, discount=null), Trip(driver=Driver(name=D-1), passengers=[Passenger(name=P-11)], duration=11, distance=18.0, discount=null)), (Trip(driver=Driver(name=D-4), passengers=[Passenger(name=P-11), Passenger(name=P-14), Passenger(name=P-18)], duration=4, distance=3.0, discount=null), Trip(driver=Driver(name=D-5), passengers=[Passenger(name=P-0), Passenger(name=P-18), Passenger(name=P-11), Passenger(name=P-14)], duration=6, distance=17.0, discount=0.3)), (Trip(driver=Driver(name=D-4), passengers=[Passenger(name=P-11), Passenger(name=P-14), Passenger(name=P-18)], duration=4, distance=3.0, discount=null), Trip(driver=Driver(name=D-6), passengers=[Passenger(name=P-11), Passenger(name=P-6)], duration=1, distance=4.0, discount=null)), (Trip(driver=Driver(name=D-4), passengers=[Passenger(name=P-11), Passenger(name=P-14), Passenger(name=P-18)], duration=4, distance=3.0, discount=null), Trip(driver=Driver(name=D-5), passengers=[Passenger(name=P-11)], duration=10, distance=19.0, discount=null)), (Trip(driver=Driver(name=D-4), passengers=[Passenger(name=P-11), Passenger(name=P-14), Passenger(name=P-18)], duration=4, distance=3.0, discount=null), Trip(driver=Driver(name=D-8), passengers=[Passenger(name=P-0), Passenger(name=P-4)], duration=2, distance=12.0, discount=0.4)), (Trip(driver=Driver(name=D-4), passengers=[Passenger(name=P-11), Passenger(name=P-14), Passenger(name=P-18)], duration=4, distance=3.0, discount=null), Trip(driver=Driver(name=D-6), passengers=[Passenger(name=P-16), Passenger(name=P-14)], duration=16, distance=0.0, discount=null)), (Trip(driver=Driver(name=D-4), passengers=[Passenger(name=P-11), Passenger(name=P-14), Passenger(name=P-18)], duration=4, distance=3.0, discount=null), Trip(driver=Driver(name=D-3), passengers=[Passenger(name=P-12)], duration=2, distance=15.0, discount=0.2)), (Trip(driver=Driver(name=D-4), passengers=[Passenger(name=P-11), Passenger(name=P-14), Passenger(name=P-18)], duration=4, distance=3.0, discount=null), Trip(driver=Driver(name=D-5), passengers=[Passenger(name=P-15), Passenger(name=P-6)], duration=5, distance=6.0, discount=null)), (Trip(driver=Driver(name=D-4), passengers=[Passenger(name=P-11), Passenger(name=P-14), Passenger(name=P-18)], duration=4, distance=3.0, discount=null), Trip(driver=Driver(name=D-8), passengers=[Passenger(name=P-4), Passenger(name=P-19)], duration=12, distance=0.0, discount=null)), (Trip(driver=Driver(name=D-4), passengers=[Passenger(name=P-11), Passenger(name=P-14), Passenger(name=P-18)], duration=4, distance=3.0, discount=null), Trip(driver=Driver(name=D-4), passengers=[Passenger(name=P-8), Passenger(name=P-14)], duration=4, distance=19.0, discount=null)), (Trip(driver=Driver(name=D-4), passengers=[Passenger(name=P-11), Passenger(name=P-14), Passenger(name=P-18)], duration=4, distance=3.0, discount=null), Trip(driver=Driver(name=D-3), passengers=[Passenger(name=P-0)], duration=14, distance=19.0, discount=0.3)), (Trip(driver=Driver(name=D-4), passengers=[Passenger(name=P-11), Passenger(name=P-14), Passenger(name=P-18)], duration=4, distance=3.0, discount=null), Trip(driver=Driver(name=D-3), passengers=[Passenger(name=P-9)], duration=16, distance=5.0, discount=null)), (Trip(driver=Driver(name=D-4), passengers=[Passenger(name=P-11), Passenger(name=P-14), Passenger(name=P-18)], duration=4, distance=3.0, discount=null), Trip(driver=Driver(name=D-2), passengers=[Passenger(name=P-7), Passenger(name=P-6), Passenger(name=P-12)], duration=4, distance=19.0, discount=null)), (Trip(driver=Driver(name=D-4), passengers=[Passenger(name=P-11), Passenger(name=P-14), Passenger(name=P-18)], duration=4, distance=3.0, discount=null), Trip(driver=Driver(name=D-9), passengers=[Passenger(name=P-0), Passenger(name=P-1)], duration=10, distance=1.0, discount=null)), (Trip(driver=Driver(name=D-4), passengers=[Passenger(name=P-11), Passenger(name=P-14), Passenger(name=P-18)], duration=4, distance=3.0, discount=null), Trip(driver=Driver(name=D-8), passengers=[Passenger(name=P-16)], duration=10, distance=4.0, discount=null)), (Trip(driver=Driver(name=D-4), passengers=[Passenger(name=P-11), Passenger(name=P-14), Passenger(name=P-18)], duration=4, distance=3.0, discount=null), Trip(driver=Driver(name=D-7), passengers=[Passenger(name=P-16), Passenger(name=P-3)], duration=12, distance=10.0, discount=0.4)), (Trip(driver=Driver(name=D-4), passengers=[Passenger(name=P-11), Passenger(name=P-14), Passenger(name=P-18)], duration=4, distance=3.0, discount=null), Trip(driver=Driver(name=D-9), passengers=[Passenger(name=P-18), Passenger(name=P-0)], duration=15, distance=14.0, discount=0.2)), (Trip(driver=Driver(name=D-4), passengers=[Passenger(name=P-11), Passenger(name=P-14), Passenger(name=P-18)], duration=4, distance=3.0, discount=null), Trip(driver=Driver(name=D-9), passengers=[Passenger(name=P-10)], duration=2, distance=2.0, discount=0.2)), (Trip(driver=Driver(name=D-4), passengers=[Passenger(name=P-11), Passenger(name=P-14), Passenger(name=P-18)], duration=4, distance=3.0, discount=null), Trip(driver=Driver(name=D-4), passengers=[Passenger(name=P-11), Passenger(name=P-14), Passenger(name=P-18)], duration=4, distance=3.0, discount=null)), (Trip(driver=Driver(name=D-4), passengers=[Passenger(name=P-11), Passenger(name=P-14), Passenger(name=P-18)], duration=4, distance=3.0, discount=null), Trip(driver=Driver(name=D-7), passengers=[Passenger(name=P-5)], duration=0, distance=4.0, discount=null)), (Trip(driver=Driver(name=D-4), passengers=[Passenger(name=P-11), Passenger(name=P-14), Passenger(name=P-18)], duration=4, distance=3.0, discount=null), Trip(driver=Driver(name=D-9), passengers=[Passenger(name=P-13), Passenger(name=P-17)], duration=0, distance=8.0, discount=0.3)), (Trip(driver=Driver(name=D-4), passengers=[Passenger(name=P-11), Passenger(name=P-14), Passenger(name=P-18)], duration=4, distance=3.0, discount=null), Trip(driver=Driver(name=D-3), passengers=[Passenger(name=P-8), Passenger(name=P-5)], duration=16, distance=3.0, discount=null)), (Trip(driver=Driver(name=D-4), passengers=[Passenger(name=P-11), Passenger(name=P-14), Passenger(name=P-18)], duration=4, distance=3.0, discount=null), Trip(driver=Driver(name=D-9), passengers=[Passenger(name=P-19), Passenger(name=P-7)], duration=1, distance=3.0, discount=null)), (Trip(driver=Driver(name=D-4), passengers=[Passenger(name=P-11), Passenger(name=P-14), Passenger(name=P-18)], duration=4, distance=3.0, discount=null), Trip(driver=Driver(name=D-6), passengers=[Passenger(name=P-4), Passenger(name=P-17)], duration=10, distance=18.0, discount=null)), (Trip(driver=Driver(name=D-4), passengers=[Passenger(name=P-11), Passenger(name=P-14), Passenger(name=P-18)], duration=4, distance=3.0, discount=null), Trip(driver=Driver(name=D-2), passengers=[Passenger(name=P-7), Passenger(name=P-12)], duration=9, distance=6.0, discount=0.2)), (Trip(driver=Driver(name=D-4), passengers=[Passenger(name=P-11), Passenger(name=P-14), Passenger(name=P-18)], duration=4, distance=3.0, discount=null), Trip(driver=Driver(name=D-6), passengers=[Passenger(name=P-4), Passenger(name=P-11)], duration=8, distance=5.0, discount=null)), (Trip(driver=Driver(name=D-4), passengers=[Passenger(name=P-11), Passenger(name=P-14), Passenger(name=P-18)], duration=4, distance=3.0, discount=null), Trip(driver=Driver(name=D-5), passengers=[Passenger(name=P-0)], duration=3, distance=15.0, discount=0.4)), (Trip(driver=Driver(name=D-4), passengers=[Passenger(name=P-11), Passenger(name=P-14), Passenger(name=P-18)], duration=4, distance=3.0, discount=null), Trip(driver=Driver(name=D-3), passengers=[Passenger(name=P-1)], duration=1, distance=13.0, discount=null)), (Trip(driver=Driver(name=D-4), passengers=[Passenger(name=P-11), Passenger(name=P-14), Passenger(name=P-18)], duration=4, distance=3.0, discount=null), Trip(driver=Driver(name=D-5), passengers=[Passenger(name=P-11)], duration=17, distance=16.0, discount=null)), (Trip(driver=Driver(name=D-4), passengers=[Passenger(name=P-11), Passenger(name=P-14), Passenger(name=P-18)], duration=4, distance=3.0, discount=null), Trip(driver=Driver(name=D-3), passengers=[Passenger(name=P-2), Passenger(name=P-19), Passenger(name=P-8), Passenger(name=P-1)], duration=10, distance=15.0, discount=null))]
item [(Trip(driver=Driver(name=D-7), passengers=[Passenger(name=P-5)], duration=0, distance=4.0, discount=null), Trip(driver=Driver(name=D-6), passengers=[Passenger(name=P-16)], duration=8, distance=17.0, discount=null)), (Trip(driver=Driver(name=D-7), passengers=[Passenger(name=P-5)], duration=0, distance=4.0, discount=null), Trip(driver=Driver(name=D-4), passengers=[Passenger(name=P-11)], duration=10, distance=12.0, discount=null)), (Trip(driver=Driver(name=D-7), passengers=[Passenger(name=P-5)], duration=0, distance=4.0, discount=null), Trip(driver=Driver(name=D-8), passengers=[Passenger(name=P-8), Passenger(name=P-13)], duration=14, distance=4.0, discount=0.1)), (Trip(driver=Driver(name=D-7), passengers=[Passenger(name=P-5)], duration=0, distance=4.0, discount=null), Trip(driver=Driver(name=D-6), passengers=[Passenger(name=P-19)], duration=14, distance=9.0, discount=null)), (Trip(driver=Driver(name=D-7), passengers=[Passenger(name=P-5)], duration=0, distance=4.0, discount=null), Trip(driver=Driver(name=D-4), passengers=[Passenger(name=P-18), Passenger(name=P-10)], duration=6, distance=17.0, discount=0.1)), (Trip(driver=Driver(name=D-7), passengers=[Passenger(name=P-5)], duration=0, distance=4.0, discount=null), Trip(driver=Driver(name=D-0), passengers=[Passenger(name=P-0)], duration=19, distance=17.0, discount=0.1)), (Trip(driver=Driver(name=D-7), passengers=[Passenger(name=P-5)], duration=0, distance=4.0, discount=null), Trip(driver=Driver(name=D-7), passengers=[Passenger(name=P-2), Passenger(name=P-15)], duration=12, distance=9.0, discount=null)), (Trip(driver=Driver(name=D-7), passengers=[Passenger(name=P-5)], duration=0, distance=4.0, discount=null), Trip(driver=Driver(name=D-9), passengers=[Passenger(name=P-11), Passenger(name=P-10), Passenger(name=P-7), Passenger(name=P-15)], duration=11, distance=5.0, discount=null)), (Trip(driver=Driver(name=D-7), passengers=[Passenger(name=P-5)], duration=0, distance=4.0, discount=null), Trip(driver=Driver(name=D-3), passengers=[Passenger(name=P-1), Passenger(name=P-18)], duration=5, distance=14.0, discount=0.3)), (Trip(driver=Driver(name=D-7), passengers=[Passenger(name=P-5)], duration=0, distance=4.0, discount=null), Trip(driver=Driver(name=D-2), passengers=[Passenger(name=P-19), Passenger(name=P-8)], duration=7, distance=8.0, discount=0.2)), (Trip(driver=Driver(name=D-7), passengers=[Passenger(name=P-5)], duration=0, distance=4.0, discount=null), Trip(driver=Driver(name=D-1), passengers=[Passenger(name=P-11)], duration=11, distance=18.0, discount=null)), (Trip(driver=Driver(name=D-7), passengers=[Passenger(name=P-5)], duration=0, distance=4.0, discount=null), Trip(driver=Driver(name=D-5), passengers=[Passenger(name=P-0), Passenger(name=P-18), Passenger(name=P-11), Passenger(name=P-14)], duration=6, distance=17.0, discount=0.3)), (Trip(driver=Driver(name=D-7), passengers=[Passenger(name=P-5)], duration=0, distance=4.0, discount=null), Trip(driver=Driver(name=D-6), passengers=[Passenger(name=P-11), Passenger(name=P-6)], duration=1, distance=4.0, discount=null)), (Trip(driver=Driver(name=D-7), passengers=[Passenger(name=P-5)], duration=0, distance=4.0, discount=null), Trip(driver=Driver(name=D-5), passengers=[Passenger(name=P-11)], duration=10, distance=19.0, discount=null)), (Trip(driver=Driver(name=D-7), passengers=[Passenger(name=P-5)], duration=0, distance=4.0, discount=null), Trip(driver=Driver(name=D-8), passengers=[Passenger(name=P-0), Passenger(name=P-4)], duration=2, distance=12.0, discount=0.4)), (Trip(driver=Driver(name=D-7), passengers=[Passenger(name=P-5)], duration=0, distance=4.0, discount=null), Trip(driver=Driver(name=D-6), passengers=[Passenger(name=P-16), Passenger(name=P-14)], duration=16, distance=0.0, discount=null)), (Trip(driver=Driver(name=D-7), passengers=[Passenger(name=P-5)], duration=0, distance=4.0, discount=null), Trip(driver=Driver(name=D-3), passengers=[Passenger(name=P-12)], duration=2, distance=15.0, discount=0.2)), (Trip(driver=Driver(name=D-7), passengers=[Passenger(name=P-5)], duration=0, distance=4.0, discount=null), Trip(driver=Driver(name=D-5), passengers=[Passenger(name=P-15), Passenger(name=P-6)], duration=5, distance=6.0, discount=null)), (Trip(driver=Driver(name=D-7), passengers=[Passenger(name=P-5)], duration=0, distance=4.0, discount=null), Trip(driver=Driver(name=D-8), passengers=[Passenger(name=P-4), Passenger(name=P-19)], duration=12, distance=0.0, discount=null)), (Trip(driver=Driver(name=D-7), passengers=[Passenger(name=P-5)], duration=0, distance=4.0, discount=null), Trip(driver=Driver(name=D-4), passengers=[Passenger(name=P-8), Passenger(name=P-14)], duration=4, distance=19.0, discount=null)), (Trip(driver=Driver(name=D-7), passengers=[Passenger(name=P-5)], duration=0, distance=4.0, discount=null), Trip(driver=Driver(name=D-3), passengers=[Passenger(name=P-0)], duration=14, distance=19.0, discount=0.3)), (Trip(driver=Driver(name=D-7), passengers=[Passenger(name=P-5)], duration=0, distance=4.0, discount=null), Trip(driver=Driver(name=D-3), passengers=[Passenger(name=P-9)], duration=16, distance=5.0, discount=null)), (Trip(driver=Driver(name=D-7), passengers=[Passenger(name=P-5)], duration=0, distance=4.0, discount=null), Trip(driver=Driver(name=D-2), passengers=[Passenger(name=P-7), Passenger(name=P-6), Passenger(name=P-12)], duration=4, distance=19.0, discount=null)), (Trip(driver=Driver(name=D-7), passengers=[Passenger(name=P-5)], duration=0, distance=4.0, discount=null), Trip(driver=Driver(name=D-9), passengers=[Passenger(name=P-0), Passenger(name=P-1)], duration=10, distance=1.0, discount=null)), (Trip(driver=Driver(name=D-7), passengers=[Passenger(name=P-5)], duration=0, distance=4.0, discount=null), Trip(driver=Driver(name=D-8), passengers=[Passenger(name=P-16)], duration=10, distance=4.0, discount=null)), (Trip(driver=Driver(name=D-7), passengers=[Passenger(name=P-5)], duration=0, distance=4.0, discount=null), Trip(driver=Driver(name=D-7), passengers=[Passenger(name=P-16), Passenger(name=P-3)], duration=12, distance=10.0, discount=0.4)), (Trip(driver=Driver(name=D-7), passengers=[Passenger(name=P-5)], duration=0, distance=4.0, discount=null), Trip(driver=Driver(name=D-9), passengers=[Passenger(name=P-18), Passenger(name=P-0)], duration=15, distance=14.0, discount=0.2)), (Trip(driver=Driver(name=D-7), passengers=[Passenger(name=P-5)], duration=0, distance=4.0, discount=null), Trip(driver=Driver(name=D-9), passengers=[Passenger(name=P-10)], duration=2, distance=2.0, discount=0.2)), (Trip(driver=Driver(name=D-7), passengers=[Passenger(name=P-5)], duration=0, distance=4.0, discount=null), Trip(driver=Driver(name=D-4), passengers=[Passenger(name=P-11), Passenger(name=P-14), Passenger(name=P-18)], duration=4, distance=3.0, discount=null)), (Trip(driver=Driver(name=D-7), passengers=[Passenger(name=P-5)], duration=0, distance=4.0, discount=null), Trip(driver=Driver(name=D-7), passengers=[Passenger(name=P-5)], duration=0, distance=4.0, discount=null)), (Trip(driver=Driver(name=D-7), passengers=[Passenger(name=P-5)], duration=0, distance=4.0, discount=null), Trip(driver=Driver(name=D-9), passengers=[Passenger(name=P-13), Passenger(name=P-17)], duration=0, distance=8.0, discount=0.3)), (Trip(driver=Driver(name=D-7), passengers=[Passenger(name=P-5)], duration=0, distance=4.0, discount=null), Trip(driver=Driver(name=D-3), passengers=[Passenger(name=P-8), Passenger(name=P-5)], duration=16, distance=3.0, discount=null)), (Trip(driver=Driver(name=D-7), passengers=[Passenger(name=P-5)], duration=0, distance=4.0, discount=null), Trip(driver=Driver(name=D-9), passengers=[Passenger(name=P-19), Passenger(name=P-7)], duration=1, distance=3.0, discount=null)), (Trip(driver=Driver(name=D-7), passengers=[Passenger(name=P-5)], duration=0, distance=4.0, discount=null), Trip(driver=Driver(name=D-6), passengers=[Passenger(name=P-4), Passenger(name=P-17)], duration=10, distance=18.0, discount=null)), (Trip(driver=Driver(name=D-7), passengers=[Passenger(name=P-5)], duration=0, distance=4.0, discount=null), Trip(driver=Driver(name=D-2), passengers=[Passenger(name=P-7), Passenger(name=P-12)], duration=9, distance=6.0, discount=0.2)), (Trip(driver=Driver(name=D-7), passengers=[Passenger(name=P-5)], duration=0, distance=4.0, discount=null), Trip(driver=Driver(name=D-6), passengers=[Passenger(name=P-4), Passenger(name=P-11)], duration=8, distance=5.0, discount=null)), (Trip(driver=Driver(name=D-7), passengers=[Passenger(name=P-5)], duration=0, distance=4.0, discount=null), Trip(driver=Driver(name=D-5), passengers=[Passenger(name=P-0)], duration=3, distance=15.0, discount=0.4)), (Trip(driver=Driver(name=D-7), passengers=[Passenger(name=P-5)], duration=0, distance=4.0, discount=null), Trip(driver=Driver(name=D-3), passengers=[Passenger(name=P-1)], duration=1, distance=13.0, discount=null)), (Trip(driver=Driver(name=D-7), passengers=[Passenger(name=P-5)], duration=0, distance=4.0, discount=null), Trip(driver=Driver(name=D-5), passengers=[Passenger(name=P-11)], duration=17, distance=16.0, discount=null)), (Trip(driver=Driver(name=D-7), passengers=[Passenger(name=P-5)], duration=0, distance=4.0, discount=null), Trip(driver=Driver(name=D-3), passengers=[Passenger(name=P-2), Passenger(name=P-19), Passenger(name=P-8), Passenger(name=P-1)], duration=10, distance=15.0, discount=null))]
item [(Trip(driver=Driver(name=D-9), passengers=[Passenger(name=P-13), Passenger(name=P-17)], duration=0, distance=8.0, discount=0.3), Trip(driver=Driver(name=D-6), passengers=[Passenger(name=P-16)], duration=8, distance=17.0, discount=null)), (Trip(driver=Driver(name=D-9), passengers=[Passenger(name=P-13), Passenger(name=P-17)], duration=0, distance=8.0, discount=0.3), Trip(driver=Driver(name=D-4), passengers=[Passenger(name=P-11)], duration=10, distance=12.0, discount=null)), (Trip(driver=Driver(name=D-9), passengers=[Passenger(name=P-13), Passenger(name=P-17)], duration=0, distance=8.0, discount=0.3), Trip(driver=Driver(name=D-8), passengers=[Passenger(name=P-8), Passenger(name=P-13)], duration=14, distance=4.0, discount=0.1)), (Trip(driver=Driver(name=D-9), passengers=[Passenger(name=P-13), Passenger(name=P-17)], duration=0, distance=8.0, discount=0.3), Trip(driver=Driver(name=D-6), passengers=[Passenger(name=P-19)], duration=14, distance=9.0, discount=null)), (Trip(driver=Driver(name=D-9), passengers=[Passenger(name=P-13), Passenger(name=P-17)], duration=0, distance=8.0, discount=0.3), Trip(driver=Driver(name=D-4), passengers=[Passenger(name=P-18), Passenger(name=P-10)], duration=6, distance=17.0, discount=0.1)), (Trip(driver=Driver(name=D-9), passengers=[Passenger(name=P-13), Passenger(name=P-17)], duration=0, distance=8.0, discount=0.3), Trip(driver=Driver(name=D-0), passengers=[Passenger(name=P-0)], duration=19, distance=17.0, discount=0.1)), (Trip(driver=Driver(name=D-9), passengers=[Passenger(name=P-13), Passenger(name=P-17)], duration=0, distance=8.0, discount=0.3), Trip(driver=Driver(name=D-7), passengers=[Passenger(name=P-2), Passenger(name=P-15)], duration=12, distance=9.0, discount=null)), (Trip(driver=Driver(name=D-9), passengers=[Passenger(name=P-13), Passenger(name=P-17)], duration=0, distance=8.0, discount=0.3), Trip(driver=Driver(name=D-9), passengers=[Passenger(name=P-11), Passenger(name=P-10), Passenger(name=P-7), Passenger(name=P-15)], duration=11, distance=5.0, discount=null)), (Trip(driver=Driver(name=D-9), passengers=[Passenger(name=P-13), Passenger(name=P-17)], duration=0, distance=8.0, discount=0.3), Trip(driver=Driver(name=D-3), passengers=[Passenger(name=P-1), Passenger(name=P-18)], duration=5, distance=14.0, discount=0.3)), (Trip(driver=Driver(name=D-9), passengers=[Passenger(name=P-13), Passenger(name=P-17)], duration=0, distance=8.0, discount=0.3), Trip(driver=Driver(name=D-2), passengers=[Passenger(name=P-19), Passenger(name=P-8)], duration=7, distance=8.0, discount=0.2)), (Trip(driver=Driver(name=D-9), passengers=[Passenger(name=P-13), Passenger(name=P-17)], duration=0, distance=8.0, discount=0.3), Trip(driver=Driver(name=D-1), passengers=[Passenger(name=P-11)], duration=11, distance=18.0, discount=null)), (Trip(driver=Driver(name=D-9), passengers=[Passenger(name=P-13), Passenger(name=P-17)], duration=0, distance=8.0, discount=0.3), Trip(driver=Driver(name=D-5), passengers=[Passenger(name=P-0), Passenger(name=P-18), Passenger(name=P-11), Passenger(name=P-14)], duration=6, distance=17.0, discount=0.3)), (Trip(driver=Driver(name=D-9), passengers=[Passenger(name=P-13), Passenger(name=P-17)], duration=0, distance=8.0, discount=0.3), Trip(driver=Driver(name=D-6), passengers=[Passenger(name=P-11), Passenger(name=P-6)], duration=1, distance=4.0, discount=null)), (Trip(driver=Driver(name=D-9), passengers=[Passenger(name=P-13), Passenger(name=P-17)], duration=0, distance=8.0, discount=0.3), Trip(driver=Driver(name=D-5), passengers=[Passenger(name=P-11)], duration=10, distance=19.0, discount=null)), (Trip(driver=Driver(name=D-9), passengers=[Passenger(name=P-13), Passenger(name=P-17)], duration=0, distance=8.0, discount=0.3), Trip(driver=Driver(name=D-8), passengers=[Passenger(name=P-0), Passenger(name=P-4)], duration=2, distance=12.0, discount=0.4)), (Trip(driver=Driver(name=D-9), passengers=[Passenger(name=P-13), Passenger(name=P-17)], duration=0, distance=8.0, discount=0.3), Trip(driver=Driver(name=D-6), passengers=[Passenger(name=P-16), Passenger(name=P-14)], duration=16, distance=0.0, discount=null)), (Trip(driver=Driver(name=D-9), passengers=[Passenger(name=P-13), Passenger(name=P-17)], duration=0, distance=8.0, discount=0.3), Trip(driver=Driver(name=D-3), passengers=[Passenger(name=P-12)], duration=2, distance=15.0, discount=0.2)), (Trip(driver=Driver(name=D-9), passengers=[Passenger(name=P-13), Passenger(name=P-17)], duration=0, distance=8.0, discount=0.3), Trip(driver=Driver(name=D-5), passengers=[Passenger(name=P-15), Passenger(name=P-6)], duration=5, distance=6.0, discount=null)), (Trip(driver=Driver(name=D-9), passengers=[Passenger(name=P-13), Passenger(name=P-17)], duration=0, distance=8.0, discount=0.3), Trip(driver=Driver(name=D-8), passengers=[Passenger(name=P-4), Passenger(name=P-19)], duration=12, distance=0.0, discount=null)), (Trip(driver=Driver(name=D-9), passengers=[Passenger(name=P-13), Passenger(name=P-17)], duration=0, distance=8.0, discount=0.3), Trip(driver=Driver(name=D-4), passengers=[Passenger(name=P-8), Passenger(name=P-14)], duration=4, distance=19.0, discount=null)), (Trip(driver=Driver(name=D-9), passengers=[Passenger(name=P-13), Passenger(name=P-17)], duration=0, distance=8.0, discount=0.3), Trip(driver=Driver(name=D-3), passengers=[Passenger(name=P-0)], duration=14, distance=19.0, discount=0.3)), (Trip(driver=Driver(name=D-9), passengers=[Passenger(name=P-13), Passenger(name=P-17)], duration=0, distance=8.0, discount=0.3), Trip(driver=Driver(name=D-3), passengers=[Passenger(name=P-9)], duration=16, distance=5.0, discount=null)), (Trip(driver=Driver(name=D-9), passengers=[Passenger(name=P-13), Passenger(name=P-17)], duration=0, distance=8.0, discount=0.3), Trip(driver=Driver(name=D-2), passengers=[Passenger(name=P-7), Passenger(name=P-6), Passenger(name=P-12)], duration=4, distance=19.0, discount=null)), (Trip(driver=Driver(name=D-9), passengers=[Passenger(name=P-13), Passenger(name=P-17)], duration=0, distance=8.0, discount=0.3), Trip(driver=Driver(name=D-9), passengers=[Passenger(name=P-0), Passenger(name=P-1)], duration=10, distance=1.0, discount=null)), (Trip(driver=Driver(name=D-9), passengers=[Passenger(name=P-13), Passenger(name=P-17)], duration=0, distance=8.0, discount=0.3), Trip(driver=Driver(name=D-8), passengers=[Passenger(name=P-16)], duration=10, distance=4.0, discount=null)), (Trip(driver=Driver(name=D-9), passengers=[Passenger(name=P-13), Passenger(name=P-17)], duration=0, distance=8.0, discount=0.3), Trip(driver=Driver(name=D-7), passengers=[Passenger(name=P-16), Passenger(name=P-3)], duration=12, distance=10.0, discount=0.4)), (Trip(driver=Driver(name=D-9), passengers=[Passenger(name=P-13), Passenger(name=P-17)], duration=0, distance=8.0, discount=0.3), Trip(driver=Driver(name=D-9), passengers=[Passenger(name=P-18), Passenger(name=P-0)], duration=15, distance=14.0, discount=0.2)), (Trip(driver=Driver(name=D-9), passengers=[Passenger(name=P-13), Passenger(name=P-17)], duration=0, distance=8.0, discount=0.3), Trip(driver=Driver(name=D-9), passengers=[Passenger(name=P-10)], duration=2, distance=2.0, discount=0.2)), (Trip(driver=Driver(name=D-9), passengers=[Passenger(name=P-13), Passenger(name=P-17)], duration=0, distance=8.0, discount=0.3), Trip(driver=Driver(name=D-4), passengers=[Passenger(name=P-11), Passenger(name=P-14), Passenger(name=P-18)], duration=4, distance=3.0, discount=null)), (Trip(driver=Driver(name=D-9), passengers=[Passenger(name=P-13), Passenger(name=P-17)], duration=0, distance=8.0, discount=0.3), Trip(driver=Driver(name=D-7), passengers=[Passenger(name=P-5)], duration=0, distance=4.0, discount=null)), (Trip(driver=Driver(name=D-9), passengers=[Passenger(name=P-13), Passenger(name=P-17)], duration=0, distance=8.0, discount=0.3), Trip(driver=Driver(name=D-9), passengers=[Passenger(name=P-13), Passenger(name=P-17)], duration=0, distance=8.0, discount=0.3)), (Trip(driver=Driver(name=D-9), passengers=[Passenger(name=P-13), Passenger(name=P-17)], duration=0, distance=8.0, discount=0.3), Trip(driver=Driver(name=D-3), passengers=[Passenger(name=P-8), Passenger(name=P-5)], duration=16, distance=3.0, discount=null)), (Trip(driver=Driver(name=D-9), passengers=[Passenger(name=P-13), Passenger(name=P-17)], duration=0, distance=8.0, discount=0.3), Trip(driver=Driver(name=D-9), passengers=[Passenger(name=P-19), Passenger(name=P-7)], duration=1, distance=3.0, discount=null)), (Trip(driver=Driver(name=D-9), passengers=[Passenger(name=P-13), Passenger(name=P-17)], duration=0, distance=8.0, discount=0.3), Trip(driver=Driver(name=D-6), passengers=[Passenger(name=P-4), Passenger(name=P-17)], duration=10, distance=18.0, discount=null)), (Trip(driver=Driver(name=D-9), passengers=[Passenger(name=P-13), Passenger(name=P-17)], duration=0, distance=8.0, discount=0.3), Trip(driver=Driver(name=D-2), passengers=[Passenger(name=P-7), Passenger(name=P-12)], duration=9, distance=6.0, discount=0.2)), (Trip(driver=Driver(name=D-9), passengers=[Passenger(name=P-13), Passenger(name=P-17)], duration=0, distance=8.0, discount=0.3), Trip(driver=Driver(name=D-6), passengers=[Passenger(name=P-4), Passenger(name=P-11)], duration=8, distance=5.0, discount=null)), (Trip(driver=Driver(name=D-9), passengers=[Passenger(name=P-13), Passenger(name=P-17)], duration=0, distance=8.0, discount=0.3), Trip(driver=Driver(name=D-5), passengers=[Passenger(name=P-0)], duration=3, distance=15.0, discount=0.4)), (Trip(driver=Driver(name=D-9), passengers=[Passenger(name=P-13), Passenger(name=P-17)], duration=0, distance=8.0, discount=0.3), Trip(driver=Driver(name=D-3), passengers=[Passenger(name=P-1)], duration=1, distance=13.0, discount=null)), (Trip(driver=Driver(name=D-9), passengers=[Passenger(name=P-13), Passenger(name=P-17)], duration=0, distance=8.0, discount=0.3), Trip(driver=Driver(name=D-5), passengers=[Passenger(name=P-11)], duration=17, distance=16.0, discount=null)), (Trip(driver=Driver(name=D-9), passengers=[Passenger(name=P-13), Passenger(name=P-17)], duration=0, distance=8.0, discount=0.3), Trip(driver=Driver(name=D-3), passengers=[Passenger(name=P-2), Passenger(name=P-19), Passenger(name=P-8), Passenger(name=P-1)], duration=10, distance=15.0, discount=null))]
item [(Trip(driver=Driver(name=D-3), passengers=[Passenger(name=P-8), Passenger(name=P-5)], duration=16, distance=3.0, discount=null), Trip(driver=Driver(name=D-6), passengers=[Passenger(name=P-16)], duration=8, distance=17.0, discount=null)), (Trip(driver=Driver(name=D-3), passengers=[Passenger(name=P-8), Passenger(name=P-5)], duration=16, distance=3.0, discount=null), Trip(driver=Driver(name=D-4), passengers=[Passenger(name=P-11)], duration=10, distance=12.0, discount=null)), (Trip(driver=Driver(name=D-3), passengers=[Passenger(name=P-8), Passenger(name=P-5)], duration=16, distance=3.0, discount=null), Trip(driver=Driver(name=D-8), passengers=[Passenger(name=P-8), Passenger(name=P-13)], duration=14, distance=4.0, discount=0.1)), (Trip(driver=Driver(name=D-3), passengers=[Passenger(name=P-8), Passenger(name=P-5)], duration=16, distance=3.0, discount=null), Trip(driver=Driver(name=D-6), passengers=[Passenger(name=P-19)], duration=14, distance=9.0, discount=null)), (Trip(driver=Driver(name=D-3), passengers=[Passenger(name=P-8), Passenger(name=P-5)], duration=16, distance=3.0, discount=null), Trip(driver=Driver(name=D-4), passengers=[Passenger(name=P-18), Passenger(name=P-10)], duration=6, distance=17.0, discount=0.1)), (Trip(driver=Driver(name=D-3), passengers=[Passenger(name=P-8), Passenger(name=P-5)], duration=16, distance=3.0, discount=null), Trip(driver=Driver(name=D-0), passengers=[Passenger(name=P-0)], duration=19, distance=17.0, discount=0.1)), (Trip(driver=Driver(name=D-3), passengers=[Passenger(name=P-8), Passenger(name=P-5)], duration=16, distance=3.0, discount=null), Trip(driver=Driver(name=D-7), passengers=[Passenger(name=P-2), Passenger(name=P-15)], duration=12, distance=9.0, discount=null)), (Trip(driver=Driver(name=D-3), passengers=[Passenger(name=P-8), Passenger(name=P-5)], duration=16, distance=3.0, discount=null), Trip(driver=Driver(name=D-9), passengers=[Passenger(name=P-11), Passenger(name=P-10), Passenger(name=P-7), Passenger(name=P-15)], duration=11, distance=5.0, discount=null)), (Trip(driver=Driver(name=D-3), passengers=[Passenger(name=P-8), Passenger(name=P-5)], duration=16, distance=3.0, discount=null), Trip(driver=Driver(name=D-3), passengers=[Passenger(name=P-1), Passenger(name=P-18)], duration=5, distance=14.0, discount=0.3)), (Trip(driver=Driver(name=D-3), passengers=[Passenger(name=P-8), Passenger(name=P-5)], duration=16, distance=3.0, discount=null), Trip(driver=Driver(name=D-2), passengers=[Passenger(name=P-19), Passenger(name=P-8)], duration=7, distance=8.0, discount=0.2)), (Trip(driver=Driver(name=D-3), passengers=[Passenger(name=P-8), Passenger(name=P-5)], duration=16, distance=3.0, discount=null), Trip(driver=Driver(name=D-1), passengers=[Passenger(name=P-11)], duration=11, distance=18.0, discount=null)), (Trip(driver=Driver(name=D-3), passengers=[Passenger(name=P-8), Passenger(name=P-5)], duration=16, distance=3.0, discount=null), Trip(driver=Driver(name=D-5), passengers=[Passenger(name=P-0), Passenger(name=P-18), Passenger(name=P-11), Passenger(name=P-14)], duration=6, distance=17.0, discount=0.3)), (Trip(driver=Driver(name=D-3), passengers=[Passenger(name=P-8), Passenger(name=P-5)], duration=16, distance=3.0, discount=null), Trip(driver=Driver(name=D-6), passengers=[Passenger(name=P-11), Passenger(name=P-6)], duration=1, distance=4.0, discount=null)), (Trip(driver=Driver(name=D-3), passengers=[Passenger(name=P-8), Passenger(name=P-5)], duration=16, distance=3.0, discount=null), Trip(driver=Driver(name=D-5), passengers=[Passenger(name=P-11)], duration=10, distance=19.0, discount=null)), (Trip(driver=Driver(name=D-3), passengers=[Passenger(name=P-8), Passenger(name=P-5)], duration=16, distance=3.0, discount=null), Trip(driver=Driver(name=D-8), passengers=[Passenger(name=P-0), Passenger(name=P-4)], duration=2, distance=12.0, discount=0.4)), (Trip(driver=Driver(name=D-3), passengers=[Passenger(name=P-8), Passenger(name=P-5)], duration=16, distance=3.0, discount=null), Trip(driver=Driver(name=D-6), passengers=[Passenger(name=P-16), Passenger(name=P-14)], duration=16, distance=0.0, discount=null)), (Trip(driver=Driver(name=D-3), passengers=[Passenger(name=P-8), Passenger(name=P-5)], duration=16, distance=3.0, discount=null), Trip(driver=Driver(name=D-3), passengers=[Passenger(name=P-12)], duration=2, distance=15.0, discount=0.2)), (Trip(driver=Driver(name=D-3), passengers=[Passenger(name=P-8), Passenger(name=P-5)], duration=16, distance=3.0, discount=null), Trip(driver=Driver(name=D-5), passengers=[Passenger(name=P-15), Passenger(name=P-6)], duration=5, distance=6.0, discount=null)), (Trip(driver=Driver(name=D-3), passengers=[Passenger(name=P-8), Passenger(name=P-5)], duration=16, distance=3.0, discount=null), Trip(driver=Driver(name=D-8), passengers=[Passenger(name=P-4), Passenger(name=P-19)], duration=12, distance=0.0, discount=null)), (Trip(driver=Driver(name=D-3), passengers=[Passenger(name=P-8), Passenger(name=P-5)], duration=16, distance=3.0, discount=null), Trip(driver=Driver(name=D-4), passengers=[Passenger(name=P-8), Passenger(name=P-14)], duration=4, distance=19.0, discount=null)), (Trip(driver=Driver(name=D-3), passengers=[Passenger(name=P-8), Passenger(name=P-5)], duration=16, distance=3.0, discount=null), Trip(driver=Driver(name=D-3), passengers=[Passenger(name=P-0)], duration=14, distance=19.0, discount=0.3)), (Trip(driver=Driver(name=D-3), passengers=[Passenger(name=P-8), Passenger(name=P-5)], duration=16, distance=3.0, discount=null), Trip(driver=Driver(name=D-3), passengers=[Passenger(name=P-9)], duration=16, distance=5.0, discount=null)), (Trip(driver=Driver(name=D-3), passengers=[Passenger(name=P-8), Passenger(name=P-5)], duration=16, distance=3.0, discount=null), Trip(driver=Driver(name=D-2), passengers=[Passenger(name=P-7), Passenger(name=P-6), Passenger(name=P-12)], duration=4, distance=19.0, discount=null)), (Trip(driver=Driver(name=D-3), passengers=[Passenger(name=P-8), Passenger(name=P-5)], duration=16, distance=3.0, discount=null), Trip(driver=Driver(name=D-9), passengers=[Passenger(name=P-0), Passenger(name=P-1)], duration=10, distance=1.0, discount=null)), (Trip(driver=Driver(name=D-3), passengers=[Passenger(name=P-8), Passenger(name=P-5)], duration=16, distance=3.0, discount=null), Trip(driver=Driver(name=D-8), passengers=[Passenger(name=P-16)], duration=10, distance=4.0, discount=null)), (Trip(driver=Driver(name=D-3), passengers=[Passenger(name=P-8), Passenger(name=P-5)], duration=16, distance=3.0, discount=null), Trip(driver=Driver(name=D-7), passengers=[Passenger(name=P-16), Passenger(name=P-3)], duration=12, distance=10.0, discount=0.4)), (Trip(driver=Driver(name=D-3), passengers=[Passenger(name=P-8), Passenger(name=P-5)], duration=16, distance=3.0, discount=null), Trip(driver=Driver(name=D-9), passengers=[Passenger(name=P-18), Passenger(name=P-0)], duration=15, distance=14.0, discount=0.2)), (Trip(driver=Driver(name=D-3), passengers=[Passenger(name=P-8), Passenger(name=P-5)], duration=16, distance=3.0, discount=null), Trip(driver=Driver(name=D-9), passengers=[Passenger(name=P-10)], duration=2, distance=2.0, discount=0.2)), (Trip(driver=Driver(name=D-3), passengers=[Passenger(name=P-8), Passenger(name=P-5)], duration=16, distance=3.0, discount=null), Trip(driver=Driver(name=D-4), passengers=[Passenger(name=P-11), Passenger(name=P-14), Passenger(name=P-18)], duration=4, distance=3.0, discount=null)), (Trip(driver=Driver(name=D-3), passengers=[Passenger(name=P-8), Passenger(name=P-5)], duration=16, distance=3.0, discount=null), Trip(driver=Driver(name=D-7), passengers=[Passenger(name=P-5)], duration=0, distance=4.0, discount=null)), (Trip(driver=Driver(name=D-3), passengers=[Passenger(name=P-8), Passenger(name=P-5)], duration=16, distance=3.0, discount=null), Trip(driver=Driver(name=D-9), passengers=[Passenger(name=P-13), Passenger(name=P-17)], duration=0, distance=8.0, discount=0.3)), (Trip(driver=Driver(name=D-3), passengers=[Passenger(name=P-8), Passenger(name=P-5)], duration=16, distance=3.0, discount=null), Trip(driver=Driver(name=D-3), passengers=[Passenger(name=P-8), Passenger(name=P-5)], duration=16, distance=3.0, discount=null)), (Trip(driver=Driver(name=D-3), passengers=[Passenger(name=P-8), Passenger(name=P-5)], duration=16, distance=3.0, discount=null), Trip(driver=Driver(name=D-9), passengers=[Passenger(name=P-19), Passenger(name=P-7)], duration=1, distance=3.0, discount=null)), (Trip(driver=Driver(name=D-3), passengers=[Passenger(name=P-8), Passenger(name=P-5)], duration=16, distance=3.0, discount=null), Trip(driver=Driver(name=D-6), passengers=[Passenger(name=P-4), Passenger(name=P-17)], duration=10, distance=18.0, discount=null)), (Trip(driver=Driver(name=D-3), passengers=[Passenger(name=P-8), Passenger(name=P-5)], duration=16, distance=3.0, discount=null), Trip(driver=Driver(name=D-2), passengers=[Passenger(name=P-7), Passenger(name=P-12)], duration=9, distance=6.0, discount=0.2)), (Trip(driver=Driver(name=D-3), passengers=[Passenger(name=P-8), Passenger(name=P-5)], duration=16, distance=3.0, discount=null), Trip(driver=Driver(name=D-6), passengers=[Passenger(name=P-4), Passenger(name=P-11)], duration=8, distance=5.0, discount=null)), (Trip(driver=Driver(name=D-3), passengers=[Passenger(name=P-8), Passenger(name=P-5)], duration=16, distance=3.0, discount=null), Trip(driver=Driver(name=D-5), passengers=[Passenger(name=P-0)], duration=3, distance=15.0, discount=0.4)), (Trip(driver=Driver(name=D-3), passengers=[Passenger(name=P-8), Passenger(name=P-5)], duration=16, distance=3.0, discount=null), Trip(driver=Driver(name=D-3), passengers=[Passenger(name=P-1)], duration=1, distance=13.0, discount=null)), (Trip(driver=Driver(name=D-3), passengers=[Passenger(name=P-8), Passenger(name=P-5)], duration=16, distance=3.0, discount=null), Trip(driver=Driver(name=D-5), passengers=[Passenger(name=P-11)], duration=17, distance=16.0, discount=null)), (Trip(driver=Driver(name=D-3), passengers=[Passenger(name=P-8), Passenger(name=P-5)], duration=16, distance=3.0, discount=null), Trip(driver=Driver(name=D-3), passengers=[Passenger(name=P-2), Passenger(name=P-19), Passenger(name=P-8), Passenger(name=P-1)], duration=10, distance=15.0, discount=null))]
item [(Trip(driver=Driver(name=D-9), passengers=[Passenger(name=P-19), Passenger(name=P-7)], duration=1, distance=3.0, discount=null), Trip(driver=Driver(name=D-6), passengers=[Passenger(name=P-16)], duration=8, distance=17.0, discount=null)), (Trip(driver=Driver(name=D-9), passengers=[Passenger(name=P-19), Passenger(name=P-7)], duration=1, distance=3.0, discount=null), Trip(driver=Driver(name=D-4), passengers=[Passenger(name=P-11)], duration=10, distance=12.0, discount=null)), (Trip(driver=Driver(name=D-9), passengers=[Passenger(name=P-19), Passenger(name=P-7)], duration=1, distance=3.0, discount=null), Trip(driver=Driver(name=D-8), passengers=[Passenger(name=P-8), Passenger(name=P-13)], duration=14, distance=4.0, discount=0.1)), (Trip(driver=Driver(name=D-9), passengers=[Passenger(name=P-19), Passenger(name=P-7)], duration=1, distance=3.0, discount=null), Trip(driver=Driver(name=D-6), passengers=[Passenger(name=P-19)], duration=14, distance=9.0, discount=null)), (Trip(driver=Driver(name=D-9), passengers=[Passenger(name=P-19), Passenger(name=P-7)], duration=1, distance=3.0, discount=null), Trip(driver=Driver(name=D-4), passengers=[Passenger(name=P-18), Passenger(name=P-10)], duration=6, distance=17.0, discount=0.1)), (Trip(driver=Driver(name=D-9), passengers=[Passenger(name=P-19), Passenger(name=P-7)], duration=1, distance=3.0, discount=null), Trip(driver=Driver(name=D-0), passengers=[Passenger(name=P-0)], duration=19, distance=17.0, discount=0.1)), (Trip(driver=Driver(name=D-9), passengers=[Passenger(name=P-19), Passenger(name=P-7)], duration=1, distance=3.0, discount=null), Trip(driver=Driver(name=D-7), passengers=[Passenger(name=P-2), Passenger(name=P-15)], duration=12, distance=9.0, discount=null)), (Trip(driver=Driver(name=D-9), passengers=[Passenger(name=P-19), Passenger(name=P-7)], duration=1, distance=3.0, discount=null), Trip(driver=Driver(name=D-9), passengers=[Passenger(name=P-11), Passenger(name=P-10), Passenger(name=P-7), Passenger(name=P-15)], duration=11, distance=5.0, discount=null)), (Trip(driver=Driver(name=D-9), passengers=[Passenger(name=P-19), Passenger(name=P-7)], duration=1, distance=3.0, discount=null), Trip(driver=Driver(name=D-3), passengers=[Passenger(name=P-1), Passenger(name=P-18)], duration=5, distance=14.0, discount=0.3)), (Trip(driver=Driver(name=D-9), passengers=[Passenger(name=P-19), Passenger(name=P-7)], duration=1, distance=3.0, discount=null), Trip(driver=Driver(name=D-2), passengers=[Passenger(name=P-19), Passenger(name=P-8)], duration=7, distance=8.0, discount=0.2)), (Trip(driver=Driver(name=D-9), passengers=[Passenger(name=P-19), Passenger(name=P-7)], duration=1, distance=3.0, discount=null), Trip(driver=Driver(name=D-1), passengers=[Passenger(name=P-11)], duration=11, distance=18.0, discount=null)), (Trip(driver=Driver(name=D-9), passengers=[Passenger(name=P-19), Passenger(name=P-7)], duration=1, distance=3.0, discount=null), Trip(driver=Driver(name=D-5), passengers=[Passenger(name=P-0), Passenger(name=P-18), Passenger(name=P-11), Passenger(name=P-14)], duration=6, distance=17.0, discount=0.3)), (Trip(driver=Driver(name=D-9), passengers=[Passenger(name=P-19), Passenger(name=P-7)], duration=1, distance=3.0, discount=null), Trip(driver=Driver(name=D-6), passengers=[Passenger(name=P-11), Passenger(name=P-6)], duration=1, distance=4.0, discount=null)), (Trip(driver=Driver(name=D-9), passengers=[Passenger(name=P-19), Passenger(name=P-7)], duration=1, distance=3.0, discount=null), Trip(driver=Driver(name=D-5), passengers=[Passenger(name=P-11)], duration=10, distance=19.0, discount=null)), (Trip(driver=Driver(name=D-9), passengers=[Passenger(name=P-19), Passenger(name=P-7)], duration=1, distance=3.0, discount=null), Trip(driver=Driver(name=D-8), passengers=[Passenger(name=P-0), Passenger(name=P-4)], duration=2, distance=12.0, discount=0.4)), (Trip(driver=Driver(name=D-9), passengers=[Passenger(name=P-19), Passenger(name=P-7)], duration=1, distance=3.0, discount=null), Trip(driver=Driver(name=D-6), passengers=[Passenger(name=P-16), Passenger(name=P-14)], duration=16, distance=0.0, discount=null)), (Trip(driver=Driver(name=D-9), passengers=[Passenger(name=P-19), Passenger(name=P-7)], duration=1, distance=3.0, discount=null), Trip(driver=Driver(name=D-3), passengers=[Passenger(name=P-12)], duration=2, distance=15.0, discount=0.2)), (Trip(driver=Driver(name=D-9), passengers=[Passenger(name=P-19), Passenger(name=P-7)], duration=1, distance=3.0, discount=null), Trip(driver=Driver(name=D-5), passengers=[Passenger(name=P-15), Passenger(name=P-6)], duration=5, distance=6.0, discount=null)), (Trip(driver=Driver(name=D-9), passengers=[Passenger(name=P-19), Passenger(name=P-7)], duration=1, distance=3.0, discount=null), Trip(driver=Driver(name=D-8), passengers=[Passenger(name=P-4), Passenger(name=P-19)], duration=12, distance=0.0, discount=null)), (Trip(driver=Driver(name=D-9), passengers=[Passenger(name=P-19), Passenger(name=P-7)], duration=1, distance=3.0, discount=null), Trip(driver=Driver(name=D-4), passengers=[Passenger(name=P-8), Passenger(name=P-14)], duration=4, distance=19.0, discount=null)), (Trip(driver=Driver(name=D-9), passengers=[Passenger(name=P-19), Passenger(name=P-7)], duration=1, distance=3.0, discount=null), Trip(driver=Driver(name=D-3), passengers=[Passenger(name=P-0)], duration=14, distance=19.0, discount=0.3)), (Trip(driver=Driver(name=D-9), passengers=[Passenger(name=P-19), Passenger(name=P-7)], duration=1, distance=3.0, discount=null), Trip(driver=Driver(name=D-3), passengers=[Passenger(name=P-9)], duration=16, distance=5.0, discount=null)), (Trip(driver=Driver(name=D-9), passengers=[Passenger(name=P-19), Passenger(name=P-7)], duration=1, distance=3.0, discount=null), Trip(driver=Driver(name=D-2), passengers=[Passenger(name=P-7), Passenger(name=P-6), Passenger(name=P-12)], duration=4, distance=19.0, discount=null)), (Trip(driver=Driver(name=D-9), passengers=[Passenger(name=P-19), Passenger(name=P-7)], duration=1, distance=3.0, discount=null), Trip(driver=Driver(name=D-9), passengers=[Passenger(name=P-0), Passenger(name=P-1)], duration=10, distance=1.0, discount=null)), (Trip(driver=Driver(name=D-9), passengers=[Passenger(name=P-19), Passenger(name=P-7)], duration=1, distance=3.0, discount=null), Trip(driver=Driver(name=D-8), passengers=[Passenger(name=P-16)], duration=10, distance=4.0, discount=null)), (Trip(driver=Driver(name=D-9), passengers=[Passenger(name=P-19), Passenger(name=P-7)], duration=1, distance=3.0, discount=null), Trip(driver=Driver(name=D-7), passengers=[Passenger(name=P-16), Passenger(name=P-3)], duration=12, distance=10.0, discount=0.4)), (Trip(driver=Driver(name=D-9), passengers=[Passenger(name=P-19), Passenger(name=P-7)], duration=1, distance=3.0, discount=null), Trip(driver=Driver(name=D-9), passengers=[Passenger(name=P-18), Passenger(name=P-0)], duration=15, distance=14.0, discount=0.2)), (Trip(driver=Driver(name=D-9), passengers=[Passenger(name=P-19), Passenger(name=P-7)], duration=1, distance=3.0, discount=null), Trip(driver=Driver(name=D-9), passengers=[Passenger(name=P-10)], duration=2, distance=2.0, discount=0.2)), (Trip(driver=Driver(name=D-9), passengers=[Passenger(name=P-19), Passenger(name=P-7)], duration=1, distance=3.0, discount=null), Trip(driver=Driver(name=D-4), passengers=[Passenger(name=P-11), Passenger(name=P-14), Passenger(name=P-18)], duration=4, distance=3.0, discount=null)), (Trip(driver=Driver(name=D-9), passengers=[Passenger(name=P-19), Passenger(name=P-7)], duration=1, distance=3.0, discount=null), Trip(driver=Driver(name=D-7), passengers=[Passenger(name=P-5)], duration=0, distance=4.0, discount=null)), (Trip(driver=Driver(name=D-9), passengers=[Passenger(name=P-19), Passenger(name=P-7)], duration=1, distance=3.0, discount=null), Trip(driver=Driver(name=D-9), passengers=[Passenger(name=P-13), Passenger(name=P-17)], duration=0, distance=8.0, discount=0.3)), (Trip(driver=Driver(name=D-9), passengers=[Passenger(name=P-19), Passenger(name=P-7)], duration=1, distance=3.0, discount=null), Trip(driver=Driver(name=D-3), passengers=[Passenger(name=P-8), Passenger(name=P-5)], duration=16, distance=3.0, discount=null)), (Trip(driver=Driver(name=D-9), passengers=[Passenger(name=P-19), Passenger(name=P-7)], duration=1, distance=3.0, discount=null), Trip(driver=Driver(name=D-9), passengers=[Passenger(name=P-19), Passenger(name=P-7)], duration=1, distance=3.0, discount=null)), (Trip(driver=Driver(name=D-9), passengers=[Passenger(name=P-19), Passenger(name=P-7)], duration=1, distance=3.0, discount=null), Trip(driver=Driver(name=D-6), passengers=[Passenger(name=P-4), Passenger(name=P-17)], duration=10, distance=18.0, discount=null)), (Trip(driver=Driver(name=D-9), passengers=[Passenger(name=P-19), Passenger(name=P-7)], duration=1, distance=3.0, discount=null), Trip(driver=Driver(name=D-2), passengers=[Passenger(name=P-7), Passenger(name=P-12)], duration=9, distance=6.0, discount=0.2)), (Trip(driver=Driver(name=D-9), passengers=[Passenger(name=P-19), Passenger(name=P-7)], duration=1, distance=3.0, discount=null), Trip(driver=Driver(name=D-6), passengers=[Passenger(name=P-4), Passenger(name=P-11)], duration=8, distance=5.0, discount=null)), (Trip(driver=Driver(name=D-9), passengers=[Passenger(name=P-19), Passenger(name=P-7)], duration=1, distance=3.0, discount=null), Trip(driver=Driver(name=D-5), passengers=[Passenger(name=P-0)], duration=3, distance=15.0, discount=0.4)), (Trip(driver=Driver(name=D-9), passengers=[Passenger(name=P-19), Passenger(name=P-7)], duration=1, distance=3.0, discount=null), Trip(driver=Driver(name=D-3), passengers=[Passenger(name=P-1)], duration=1, distance=13.0, discount=null)), (Trip(driver=Driver(name=D-9), passengers=[Passenger(name=P-19), Passenger(name=P-7)], duration=1, distance=3.0, discount=null), Trip(driver=Driver(name=D-5), passengers=[Passenger(name=P-11)], duration=17, distance=16.0, discount=null)), (Trip(driver=Driver(name=D-9), passengers=[Passenger(name=P-19), Passenger(name=P-7)], duration=1, distance=3.0, discount=null), Trip(driver=Driver(name=D-3), passengers=[Passenger(name=P-2), Passenger(name=P-19), Passenger(name=P-8), Passenger(name=P-1)], duration=10, distance=15.0, discount=null))]
item [(Trip(driver=Driver(name=D-6), passengers=[Passenger(name=P-4), Passenger(name=P-17)], duration=10, distance=18.0, discount=null), Trip(driver=Driver(name=D-6), passengers=[Passenger(name=P-16)], duration=8, distance=17.0, discount=null)), (Trip(driver=Driver(name=D-6), passengers=[Passenger(name=P-4), Passenger(name=P-17)], duration=10, distance=18.0, discount=null), Trip(driver=Driver(name=D-4), passengers=[Passenger(name=P-11)], duration=10, distance=12.0, discount=null)), (Trip(driver=Driver(name=D-6), passengers=[Passenger(name=P-4), Passenger(name=P-17)], duration=10, distance=18.0, discount=null), Trip(driver=Driver(name=D-8), passengers=[Passenger(name=P-8), Passenger(name=P-13)], duration=14, distance=4.0, discount=0.1)), (Trip(driver=Driver(name=D-6), passengers=[Passenger(name=P-4), Passenger(name=P-17)], duration=10, distance=18.0, discount=null), Trip(driver=Driver(name=D-6), passengers=[Passenger(name=P-19)], duration=14, distance=9.0, discount=null)), (Trip(driver=Driver(name=D-6), passengers=[Passenger(name=P-4), Passenger(name=P-17)], duration=10, distance=18.0, discount=null), Trip(driver=Driver(name=D-4), passengers=[Passenger(name=P-18), Passenger(name=P-10)], duration=6, distance=17.0, discount=0.1)), (Trip(driver=Driver(name=D-6), passengers=[Passenger(name=P-4), Passenger(name=P-17)], duration=10, distance=18.0, discount=null), Trip(driver=Driver(name=D-0), passengers=[Passenger(name=P-0)], duration=19, distance=17.0, discount=0.1)), (Trip(driver=Driver(name=D-6), passengers=[Passenger(name=P-4), Passenger(name=P-17)], duration=10, distance=18.0, discount=null), Trip(driver=Driver(name=D-7), passengers=[Passenger(name=P-2), Passenger(name=P-15)], duration=12, distance=9.0, discount=null)), (Trip(driver=Driver(name=D-6), passengers=[Passenger(name=P-4), Passenger(name=P-17)], duration=10, distance=18.0, discount=null), Trip(driver=Driver(name=D-9), passengers=[Passenger(name=P-11), Passenger(name=P-10), Passenger(name=P-7), Passenger(name=P-15)], duration=11, distance=5.0, discount=null)), (Trip(driver=Driver(name=D-6), passengers=[Passenger(name=P-4), Passenger(name=P-17)], duration=10, distance=18.0, discount=null), Trip(driver=Driver(name=D-3), passengers=[Passenger(name=P-1), Passenger(name=P-18)], duration=5, distance=14.0, discount=0.3)), (Trip(driver=Driver(name=D-6), passengers=[Passenger(name=P-4), Passenger(name=P-17)], duration=10, distance=18.0, discount=null), Trip(driver=Driver(name=D-2), passengers=[Passenger(name=P-19), Passenger(name=P-8)], duration=7, distance=8.0, discount=0.2)), (Trip(driver=Driver(name=D-6), passengers=[Passenger(name=P-4), Passenger(name=P-17)], duration=10, distance=18.0, discount=null), Trip(driver=Driver(name=D-1), passengers=[Passenger(name=P-11)], duration=11, distance=18.0, discount=null)), (Trip(driver=Driver(name=D-6), passengers=[Passenger(name=P-4), Passenger(name=P-17)], duration=10, distance=18.0, discount=null), Trip(driver=Driver(name=D-5), passengers=[Passenger(name=P-0), Passenger(name=P-18), Passenger(name=P-11), Passenger(name=P-14)], duration=6, distance=17.0, discount=0.3)), (Trip(driver=Driver(name=D-6), passengers=[Passenger(name=P-4), Passenger(name=P-17)], duration=10, distance=18.0, discount=null), Trip(driver=Driver(name=D-6), passengers=[Passenger(name=P-11), Passenger(name=P-6)], duration=1, distance=4.0, discount=null)), (Trip(driver=Driver(name=D-6), passengers=[Passenger(name=P-4), Passenger(name=P-17)], duration=10, distance=18.0, discount=null), Trip(driver=Driver(name=D-5), passengers=[Passenger(name=P-11)], duration=10, distance=19.0, discount=null)), (Trip(driver=Driver(name=D-6), passengers=[Passenger(name=P-4), Passenger(name=P-17)], duration=10, distance=18.0, discount=null), Trip(driver=Driver(name=D-8), passengers=[Passenger(name=P-0), Passenger(name=P-4)], duration=2, distance=12.0, discount=0.4)), (Trip(driver=Driver(name=D-6), passengers=[Passenger(name=P-4), Passenger(name=P-17)], duration=10, distance=18.0, discount=null), Trip(driver=Driver(name=D-6), passengers=[Passenger(name=P-16), Passenger(name=P-14)], duration=16, distance=0.0, discount=null)), (Trip(driver=Driver(name=D-6), passengers=[Passenger(name=P-4), Passenger(name=P-17)], duration=10, distance=18.0, discount=null), Trip(driver=Driver(name=D-3), passengers=[Passenger(name=P-12)], duration=2, distance=15.0, discount=0.2)), (Trip(driver=Driver(name=D-6), passengers=[Passenger(name=P-4), Passenger(name=P-17)], duration=10, distance=18.0, discount=null), Trip(driver=Driver(name=D-5), passengers=[Passenger(name=P-15), Passenger(name=P-6)], duration=5, distance=6.0, discount=null)), (Trip(driver=Driver(name=D-6), passengers=[Passenger(name=P-4), Passenger(name=P-17)], duration=10, distance=18.0, discount=null), Trip(driver=Driver(name=D-8), passengers=[Passenger(name=P-4), Passenger(name=P-19)], duration=12, distance=0.0, discount=null)), (Trip(driver=Driver(name=D-6), passengers=[Passenger(name=P-4), Passenger(name=P-17)], duration=10, distance=18.0, discount=null), Trip(driver=Driver(name=D-4), passengers=[Passenger(name=P-8), Passenger(name=P-14)], duration=4, distance=19.0, discount=null)), (Trip(driver=Driver(name=D-6), passengers=[Passenger(name=P-4), Passenger(name=P-17)], duration=10, distance=18.0, discount=null), Trip(driver=Driver(name=D-3), passengers=[Passenger(name=P-0)], duration=14, distance=19.0, discount=0.3)), (Trip(driver=Driver(name=D-6), passengers=[Passenger(name=P-4), Passenger(name=P-17)], duration=10, distance=18.0, discount=null), Trip(driver=Driver(name=D-3), passengers=[Passenger(name=P-9)], duration=16, distance=5.0, discount=null)), (Trip(driver=Driver(name=D-6), passengers=[Passenger(name=P-4), Passenger(name=P-17)], duration=10, distance=18.0, discount=null), Trip(driver=Driver(name=D-2), passengers=[Passenger(name=P-7), Passenger(name=P-6), Passenger(name=P-12)], duration=4, distance=19.0, discount=null)), (Trip(driver=Driver(name=D-6), passengers=[Passenger(name=P-4), Passenger(name=P-17)], duration=10, distance=18.0, discount=null), Trip(driver=Driver(name=D-9), passengers=[Passenger(name=P-0), Passenger(name=P-1)], duration=10, distance=1.0, discount=null)), (Trip(driver=Driver(name=D-6), passengers=[Passenger(name=P-4), Passenger(name=P-17)], duration=10, distance=18.0, discount=null), Trip(driver=Driver(name=D-8), passengers=[Passenger(name=P-16)], duration=10, distance=4.0, discount=null)), (Trip(driver=Driver(name=D-6), passengers=[Passenger(name=P-4), Passenger(name=P-17)], duration=10, distance=18.0, discount=null), Trip(driver=Driver(name=D-7), passengers=[Passenger(name=P-16), Passenger(name=P-3)], duration=12, distance=10.0, discount=0.4)), (Trip(driver=Driver(name=D-6), passengers=[Passenger(name=P-4), Passenger(name=P-17)], duration=10, distance=18.0, discount=null), Trip(driver=Driver(name=D-9), passengers=[Passenger(name=P-18), Passenger(name=P-0)], duration=15, distance=14.0, discount=0.2)), (Trip(driver=Driver(name=D-6), passengers=[Passenger(name=P-4), Passenger(name=P-17)], duration=10, distance=18.0, discount=null), Trip(driver=Driver(name=D-9), passengers=[Passenger(name=P-10)], duration=2, distance=2.0, discount=0.2)), (Trip(driver=Driver(name=D-6), passengers=[Passenger(name=P-4), Passenger(name=P-17)], duration=10, distance=18.0, discount=null), Trip(driver=Driver(name=D-4), passengers=[Passenger(name=P-11), Passenger(name=P-14), Passenger(name=P-18)], duration=4, distance=3.0, discount=null)), (Trip(driver=Driver(name=D-6), passengers=[Passenger(name=P-4), Passenger(name=P-17)], duration=10, distance=18.0, discount=null), Trip(driver=Driver(name=D-7), passengers=[Passenger(name=P-5)], duration=0, distance=4.0, discount=null)), (Trip(driver=Driver(name=D-6), passengers=[Passenger(name=P-4), Passenger(name=P-17)], duration=10, distance=18.0, discount=null), Trip(driver=Driver(name=D-9), passengers=[Passenger(name=P-13), Passenger(name=P-17)], duration=0, distance=8.0, discount=0.3)), (Trip(driver=Driver(name=D-6), passengers=[Passenger(name=P-4), Passenger(name=P-17)], duration=10, distance=18.0, discount=null), Trip(driver=Driver(name=D-3), passengers=[Passenger(name=P-8), Passenger(name=P-5)], duration=16, distance=3.0, discount=null)), (Trip(driver=Driver(name=D-6), passengers=[Passenger(name=P-4), Passenger(name=P-17)], duration=10, distance=18.0, discount=null), Trip(driver=Driver(name=D-9), passengers=[Passenger(name=P-19), Passenger(name=P-7)], duration=1, distance=3.0, discount=null)), (Trip(driver=Driver(name=D-6), passengers=[Passenger(name=P-4), Passenger(name=P-17)], duration=10, distance=18.0, discount=null), Trip(driver=Driver(name=D-6), passengers=[Passenger(name=P-4), Passenger(name=P-17)], duration=10, distance=18.0, discount=null)), (Trip(driver=Driver(name=D-6), passengers=[Passenger(name=P-4), Passenger(name=P-17)], duration=10, distance=18.0, discount=null), Trip(driver=Driver(name=D-2), passengers=[Passenger(name=P-7), Passenger(name=P-12)], duration=9, distance=6.0, discount=0.2)), (Trip(driver=Driver(name=D-6), passengers=[Passenger(name=P-4), Passenger(name=P-17)], duration=10, distance=18.0, discount=null), Trip(driver=Driver(name=D-6), passengers=[Passenger(name=P-4), Passenger(name=P-11)], duration=8, distance=5.0, discount=null)), (Trip(driver=Driver(name=D-6), passengers=[Passenger(name=P-4), Passenger(name=P-17)], duration=10, distance=18.0, discount=null), Trip(driver=Driver(name=D-5), passengers=[Passenger(name=P-0)], duration=3, distance=15.0, discount=0.4)), (Trip(driver=Driver(name=D-6), passengers=[Passenger(name=P-4), Passenger(name=P-17)], duration=10, distance=18.0, discount=null), Trip(driver=Driver(name=D-3), passengers=[Passenger(name=P-1)], duration=1, distance=13.0, discount=null)), (Trip(driver=Driver(name=D-6), passengers=[Passenger(name=P-4), Passenger(name=P-17)], duration=10, distance=18.0, discount=null), Trip(driver=Driver(name=D-5), passengers=[Passenger(name=P-11)], duration=17, distance=16.0, discount=null)), (Trip(driver=Driver(name=D-6), passengers=[Passenger(name=P-4), Passenger(name=P-17)], duration=10, distance=18.0, discount=null), Trip(driver=Driver(name=D-3), passengers=[Passenger(name=P-2), Passenger(name=P-19), Passenger(name=P-8), Passenger(name=P-1)], duration=10, distance=15.0, discount=null))]
item [(Trip(driver=Driver(name=D-2), passengers=[Passenger(name=P-7), Passenger(name=P-12)], duration=9, distance=6.0, discount=0.2), Trip(driver=Driver(name=D-6), passengers=[Passenger(name=P-16)], duration=8, distance=17.0, discount=null)), (Trip(driver=Driver(name=D-2), passengers=[Passenger(name=P-7), Passenger(name=P-12)], duration=9, distance=6.0, discount=0.2), Trip(driver=Driver(name=D-4), passengers=[Passenger(name=P-11)], duration=10, distance=12.0, discount=null)), (Trip(driver=Driver(name=D-2), passengers=[Passenger(name=P-7), Passenger(name=P-12)], duration=9, distance=6.0, discount=0.2), Trip(driver=Driver(name=D-8), passengers=[Passenger(name=P-8), Passenger(name=P-13)], duration=14, distance=4.0, discount=0.1)), (Trip(driver=Driver(name=D-2), passengers=[Passenger(name=P-7), Passenger(name=P-12)], duration=9, distance=6.0, discount=0.2), Trip(driver=Driver(name=D-6), passengers=[Passenger(name=P-19)], duration=14, distance=9.0, discount=null)), (Trip(driver=Driver(name=D-2), passengers=[Passenger(name=P-7), Passenger(name=P-12)], duration=9, distance=6.0, discount=0.2), Trip(driver=Driver(name=D-4), passengers=[Passenger(name=P-18), Passenger(name=P-10)], duration=6, distance=17.0, discount=0.1)), (Trip(driver=Driver(name=D-2), passengers=[Passenger(name=P-7), Passenger(name=P-12)], duration=9, distance=6.0, discount=0.2), Trip(driver=Driver(name=D-0), passengers=[Passenger(name=P-0)], duration=19, distance=17.0, discount=0.1)), (Trip(driver=Driver(name=D-2), passengers=[Passenger(name=P-7), Passenger(name=P-12)], duration=9, distance=6.0, discount=0.2), Trip(driver=Driver(name=D-7), passengers=[Passenger(name=P-2), Passenger(name=P-15)], duration=12, distance=9.0, discount=null)), (Trip(driver=Driver(name=D-2), passengers=[Passenger(name=P-7), Passenger(name=P-12)], duration=9, distance=6.0, discount=0.2), Trip(driver=Driver(name=D-9), passengers=[Passenger(name=P-11), Passenger(name=P-10), Passenger(name=P-7), Passenger(name=P-15)], duration=11, distance=5.0, discount=null)), (Trip(driver=Driver(name=D-2), passengers=[Passenger(name=P-7), Passenger(name=P-12)], duration=9, distance=6.0, discount=0.2), Trip(driver=Driver(name=D-3), passengers=[Passenger(name=P-1), Passenger(name=P-18)], duration=5, distance=14.0, discount=0.3)), (Trip(driver=Driver(name=D-2), passengers=[Passenger(name=P-7), Passenger(name=P-12)], duration=9, distance=6.0, discount=0.2), Trip(driver=Driver(name=D-2), passengers=[Passenger(name=P-19), Passenger(name=P-8)], duration=7, distance=8.0, discount=0.2)), (Trip(driver=Driver(name=D-2), passengers=[Passenger(name=P-7), Passenger(name=P-12)], duration=9, distance=6.0, discount=0.2), Trip(driver=Driver(name=D-1), passengers=[Passenger(name=P-11)], duration=11, distance=18.0, discount=null)), (Trip(driver=Driver(name=D-2), passengers=[Passenger(name=P-7), Passenger(name=P-12)], duration=9, distance=6.0, discount=0.2), Trip(driver=Driver(name=D-5), passengers=[Passenger(name=P-0), Passenger(name=P-18), Passenger(name=P-11), Passenger(name=P-14)], duration=6, distance=17.0, discount=0.3)), (Trip(driver=Driver(name=D-2), passengers=[Passenger(name=P-7), Passenger(name=P-12)], duration=9, distance=6.0, discount=0.2), Trip(driver=Driver(name=D-6), passengers=[Passenger(name=P-11), Passenger(name=P-6)], duration=1, distance=4.0, discount=null)), (Trip(driver=Driver(name=D-2), passengers=[Passenger(name=P-7), Passenger(name=P-12)], duration=9, distance=6.0, discount=0.2), Trip(driver=Driver(name=D-5), passengers=[Passenger(name=P-11)], duration=10, distance=19.0, discount=null)), (Trip(driver=Driver(name=D-2), passengers=[Passenger(name=P-7), Passenger(name=P-12)], duration=9, distance=6.0, discount=0.2), Trip(driver=Driver(name=D-8), passengers=[Passenger(name=P-0), Passenger(name=P-4)], duration=2, distance=12.0, discount=0.4)), (Trip(driver=Driver(name=D-2), passengers=[Passenger(name=P-7), Passenger(name=P-12)], duration=9, distance=6.0, discount=0.2), Trip(driver=Driver(name=D-6), passengers=[Passenger(name=P-16), Passenger(name=P-14)], duration=16, distance=0.0, discount=null)), (Trip(driver=Driver(name=D-2), passengers=[Passenger(name=P-7), Passenger(name=P-12)], duration=9, distance=6.0, discount=0.2), Trip(driver=Driver(name=D-3), passengers=[Passenger(name=P-12)], duration=2, distance=15.0, discount=0.2)), (Trip(driver=Driver(name=D-2), passengers=[Passenger(name=P-7), Passenger(name=P-12)], duration=9, distance=6.0, discount=0.2), Trip(driver=Driver(name=D-5), passengers=[Passenger(name=P-15), Passenger(name=P-6)], duration=5, distance=6.0, discount=null)), (Trip(driver=Driver(name=D-2), passengers=[Passenger(name=P-7), Passenger(name=P-12)], duration=9, distance=6.0, discount=0.2), Trip(driver=Driver(name=D-8), passengers=[Passenger(name=P-4), Passenger(name=P-19)], duration=12, distance=0.0, discount=null)), (Trip(driver=Driver(name=D-2), passengers=[Passenger(name=P-7), Passenger(name=P-12)], duration=9, distance=6.0, discount=0.2), Trip(driver=Driver(name=D-4), passengers=[Passenger(name=P-8), Passenger(name=P-14)], duration=4, distance=19.0, discount=null)), (Trip(driver=Driver(name=D-2), passengers=[Passenger(name=P-7), Passenger(name=P-12)], duration=9, distance=6.0, discount=0.2), Trip(driver=Driver(name=D-3), passengers=[Passenger(name=P-0)], duration=14, distance=19.0, discount=0.3)), (Trip(driver=Driver(name=D-2), passengers=[Passenger(name=P-7), Passenger(name=P-12)], duration=9, distance=6.0, discount=0.2), Trip(driver=Driver(name=D-3), passengers=[Passenger(name=P-9)], duration=16, distance=5.0, discount=null)), (Trip(driver=Driver(name=D-2), passengers=[Passenger(name=P-7), Passenger(name=P-12)], duration=9, distance=6.0, discount=0.2), Trip(driver=Driver(name=D-2), passengers=[Passenger(name=P-7), Passenger(name=P-6), Passenger(name=P-12)], duration=4, distance=19.0, discount=null)), (Trip(driver=Driver(name=D-2), passengers=[Passenger(name=P-7), Passenger(name=P-12)], duration=9, distance=6.0, discount=0.2), Trip(driver=Driver(name=D-9), passengers=[Passenger(name=P-0), Passenger(name=P-1)], duration=10, distance=1.0, discount=null)), (Trip(driver=Driver(name=D-2), passengers=[Passenger(name=P-7), Passenger(name=P-12)], duration=9, distance=6.0, discount=0.2), Trip(driver=Driver(name=D-8), passengers=[Passenger(name=P-16)], duration=10, distance=4.0, discount=null)), (Trip(driver=Driver(name=D-2), passengers=[Passenger(name=P-7), Passenger(name=P-12)], duration=9, distance=6.0, discount=0.2), Trip(driver=Driver(name=D-7), passengers=[Passenger(name=P-16), Passenger(name=P-3)], duration=12, distance=10.0, discount=0.4)), (Trip(driver=Driver(name=D-2), passengers=[Passenger(name=P-7), Passenger(name=P-12)], duration=9, distance=6.0, discount=0.2), Trip(driver=Driver(name=D-9), passengers=[Passenger(name=P-18), Passenger(name=P-0)], duration=15, distance=14.0, discount=0.2)), (Trip(driver=Driver(name=D-2), passengers=[Passenger(name=P-7), Passenger(name=P-12)], duration=9, distance=6.0, discount=0.2), Trip(driver=Driver(name=D-9), passengers=[Passenger(name=P-10)], duration=2, distance=2.0, discount=0.2)), (Trip(driver=Driver(name=D-2), passengers=[Passenger(name=P-7), Passenger(name=P-12)], duration=9, distance=6.0, discount=0.2), Trip(driver=Driver(name=D-4), passengers=[Passenger(name=P-11), Passenger(name=P-14), Passenger(name=P-18)], duration=4, distance=3.0, discount=null)), (Trip(driver=Driver(name=D-2), passengers=[Passenger(name=P-7), Passenger(name=P-12)], duration=9, distance=6.0, discount=0.2), Trip(driver=Driver(name=D-7), passengers=[Passenger(name=P-5)], duration=0, distance=4.0, discount=null)), (Trip(driver=Driver(name=D-2), passengers=[Passenger(name=P-7), Passenger(name=P-12)], duration=9, distance=6.0, discount=0.2), Trip(driver=Driver(name=D-9), passengers=[Passenger(name=P-13), Passenger(name=P-17)], duration=0, distance=8.0, discount=0.3)), (Trip(driver=Driver(name=D-2), passengers=[Passenger(name=P-7), Passenger(name=P-12)], duration=9, distance=6.0, discount=0.2), Trip(driver=Driver(name=D-3), passengers=[Passenger(name=P-8), Passenger(name=P-5)], duration=16, distance=3.0, discount=null)), (Trip(driver=Driver(name=D-2), passengers=[Passenger(name=P-7), Passenger(name=P-12)], duration=9, distance=6.0, discount=0.2), Trip(driver=Driver(name=D-9), passengers=[Passenger(name=P-19), Passenger(name=P-7)], duration=1, distance=3.0, discount=null)), (Trip(driver=Driver(name=D-2), passengers=[Passenger(name=P-7), Passenger(name=P-12)], duration=9, distance=6.0, discount=0.2), Trip(driver=Driver(name=D-6), passengers=[Passenger(name=P-4), Passenger(name=P-17)], duration=10, distance=18.0, discount=null)), (Trip(driver=Driver(name=D-2), passengers=[Passenger(name=P-7), Passenger(name=P-12)], duration=9, distance=6.0, discount=0.2), Trip(driver=Driver(name=D-2), passengers=[Passenger(name=P-7), Passenger(name=P-12)], duration=9, distance=6.0, discount=0.2)), (Trip(driver=Driver(name=D-2), passengers=[Passenger(name=P-7), Passenger(name=P-12)], duration=9, distance=6.0, discount=0.2), Trip(driver=Driver(name=D-6), passengers=[Passenger(name=P-4), Passenger(name=P-11)], duration=8, distance=5.0, discount=null)), (Trip(driver=Driver(name=D-2), passengers=[Passenger(name=P-7), Passenger(name=P-12)], duration=9, distance=6.0, discount=0.2), Trip(driver=Driver(name=D-5), passengers=[Passenger(name=P-0)], duration=3, distance=15.0, discount=0.4)), (Trip(driver=Driver(name=D-2), passengers=[Passenger(name=P-7), Passenger(name=P-12)], duration=9, distance=6.0, discount=0.2), Trip(driver=Driver(name=D-3), passengers=[Passenger(name=P-1)], duration=1, distance=13.0, discount=null)), (Trip(driver=Driver(name=D-2), passengers=[Passenger(name=P-7), Passenger(name=P-12)], duration=9, distance=6.0, discount=0.2), Trip(driver=Driver(name=D-5), passengers=[Passenger(name=P-11)], duration=17, distance=16.0, discount=null)), (Trip(driver=Driver(name=D-2), passengers=[Passenger(name=P-7), Passenger(name=P-12)], duration=9, distance=6.0, discount=0.2), Trip(driver=Driver(name=D-3), passengers=[Passenger(name=P-2), Passenger(name=P-19), Passenger(name=P-8), Passenger(name=P-1)], duration=10, distance=15.0, discount=null))]
item [(Trip(driver=Driver(name=D-6), passengers=[Passenger(name=P-4), Passenger(name=P-11)], duration=8, distance=5.0, discount=null), Trip(driver=Driver(name=D-6), passengers=[Passenger(name=P-16)], duration=8, distance=17.0, discount=null)), (Trip(driver=Driver(name=D-6), passengers=[Passenger(name=P-4), Passenger(name=P-11)], duration=8, distance=5.0, discount=null), Trip(driver=Driver(name=D-4), passengers=[Passenger(name=P-11)], duration=10, distance=12.0, discount=null)), (Trip(driver=Driver(name=D-6), passengers=[Passenger(name=P-4), Passenger(name=P-11)], duration=8, distance=5.0, discount=null), Trip(driver=Driver(name=D-8), passengers=[Passenger(name=P-8), Passenger(name=P-13)], duration=14, distance=4.0, discount=0.1)), (Trip(driver=Driver(name=D-6), passengers=[Passenger(name=P-4), Passenger(name=P-11)], duration=8, distance=5.0, discount=null), Trip(driver=Driver(name=D-6), passengers=[Passenger(name=P-19)], duration=14, distance=9.0, discount=null)), (Trip(driver=Driver(name=D-6), passengers=[Passenger(name=P-4), Passenger(name=P-11)], duration=8, distance=5.0, discount=null), Trip(driver=Driver(name=D-4), passengers=[Passenger(name=P-18), Passenger(name=P-10)], duration=6, distance=17.0, discount=0.1)), (Trip(driver=Driver(name=D-6), passengers=[Passenger(name=P-4), Passenger(name=P-11)], duration=8, distance=5.0, discount=null), Trip(driver=Driver(name=D-0), passengers=[Passenger(name=P-0)], duration=19, distance=17.0, discount=0.1)), (Trip(driver=Driver(name=D-6), passengers=[Passenger(name=P-4), Passenger(name=P-11)], duration=8, distance=5.0, discount=null), Trip(driver=Driver(name=D-7), passengers=[Passenger(name=P-2), Passenger(name=P-15)], duration=12, distance=9.0, discount=null)), (Trip(driver=Driver(name=D-6), passengers=[Passenger(name=P-4), Passenger(name=P-11)], duration=8, distance=5.0, discount=null), Trip(driver=Driver(name=D-9), passengers=[Passenger(name=P-11), Passenger(name=P-10), Passenger(name=P-7), Passenger(name=P-15)], duration=11, distance=5.0, discount=null)), (Trip(driver=Driver(name=D-6), passengers=[Passenger(name=P-4), Passenger(name=P-11)], duration=8, distance=5.0, discount=null), Trip(driver=Driver(name=D-3), passengers=[Passenger(name=P-1), Passenger(name=P-18)], duration=5, distance=14.0, discount=0.3)), (Trip(driver=Driver(name=D-6), passengers=[Passenger(name=P-4), Passenger(name=P-11)], duration=8, distance=5.0, discount=null), Trip(driver=Driver(name=D-2), passengers=[Passenger(name=P-19), Passenger(name=P-8)], duration=7, distance=8.0, discount=0.2)), (Trip(driver=Driver(name=D-6), passengers=[Passenger(name=P-4), Passenger(name=P-11)], duration=8, distance=5.0, discount=null), Trip(driver=Driver(name=D-1), passengers=[Passenger(name=P-11)], duration=11, distance=18.0, discount=null)), (Trip(driver=Driver(name=D-6), passengers=[Passenger(name=P-4), Passenger(name=P-11)], duration=8, distance=5.0, discount=null), Trip(driver=Driver(name=D-5), passengers=[Passenger(name=P-0), Passenger(name=P-18), Passenger(name=P-11), Passenger(name=P-14)], duration=6, distance=17.0, discount=0.3)), (Trip(driver=Driver(name=D-6), passengers=[Passenger(name=P-4), Passenger(name=P-11)], duration=8, distance=5.0, discount=null), Trip(driver=Driver(name=D-6), passengers=[Passenger(name=P-11), Passenger(name=P-6)], duration=1, distance=4.0, discount=null)), (Trip(driver=Driver(name=D-6), passengers=[Passenger(name=P-4), Passenger(name=P-11)], duration=8, distance=5.0, discount=null), Trip(driver=Driver(name=D-5), passengers=[Passenger(name=P-11)], duration=10, distance=19.0, discount=null)), (Trip(driver=Driver(name=D-6), passengers=[Passenger(name=P-4), Passenger(name=P-11)], duration=8, distance=5.0, discount=null), Trip(driver=Driver(name=D-8), passengers=[Passenger(name=P-0), Passenger(name=P-4)], duration=2, distance=12.0, discount=0.4)), (Trip(driver=Driver(name=D-6), passengers=[Passenger(name=P-4), Passenger(name=P-11)], duration=8, distance=5.0, discount=null), Trip(driver=Driver(name=D-6), passengers=[Passenger(name=P-16), Passenger(name=P-14)], duration=16, distance=0.0, discount=null)), (Trip(driver=Driver(name=D-6), passengers=[Passenger(name=P-4), Passenger(name=P-11)], duration=8, distance=5.0, discount=null), Trip(driver=Driver(name=D-3), passengers=[Passenger(name=P-12)], duration=2, distance=15.0, discount=0.2)), (Trip(driver=Driver(name=D-6), passengers=[Passenger(name=P-4), Passenger(name=P-11)], duration=8, distance=5.0, discount=null), Trip(driver=Driver(name=D-5), passengers=[Passenger(name=P-15), Passenger(name=P-6)], duration=5, distance=6.0, discount=null)), (Trip(driver=Driver(name=D-6), passengers=[Passenger(name=P-4), Passenger(name=P-11)], duration=8, distance=5.0, discount=null), Trip(driver=Driver(name=D-8), passengers=[Passenger(name=P-4), Passenger(name=P-19)], duration=12, distance=0.0, discount=null)), (Trip(driver=Driver(name=D-6), passengers=[Passenger(name=P-4), Passenger(name=P-11)], duration=8, distance=5.0, discount=null), Trip(driver=Driver(name=D-4), passengers=[Passenger(name=P-8), Passenger(name=P-14)], duration=4, distance=19.0, discount=null)), (Trip(driver=Driver(name=D-6), passengers=[Passenger(name=P-4), Passenger(name=P-11)], duration=8, distance=5.0, discount=null), Trip(driver=Driver(name=D-3), passengers=[Passenger(name=P-0)], duration=14, distance=19.0, discount=0.3)), (Trip(driver=Driver(name=D-6), passengers=[Passenger(name=P-4), Passenger(name=P-11)], duration=8, distance=5.0, discount=null), Trip(driver=Driver(name=D-3), passengers=[Passenger(name=P-9)], duration=16, distance=5.0, discount=null)), (Trip(driver=Driver(name=D-6), passengers=[Passenger(name=P-4), Passenger(name=P-11)], duration=8, distance=5.0, discount=null), Trip(driver=Driver(name=D-2), passengers=[Passenger(name=P-7), Passenger(name=P-6), Passenger(name=P-12)], duration=4, distance=19.0, discount=null)), (Trip(driver=Driver(name=D-6), passengers=[Passenger(name=P-4), Passenger(name=P-11)], duration=8, distance=5.0, discount=null), Trip(driver=Driver(name=D-9), passengers=[Passenger(name=P-0), Passenger(name=P-1)], duration=10, distance=1.0, discount=null)), (Trip(driver=Driver(name=D-6), passengers=[Passenger(name=P-4), Passenger(name=P-11)], duration=8, distance=5.0, discount=null), Trip(driver=Driver(name=D-8), passengers=[Passenger(name=P-16)], duration=10, distance=4.0, discount=null)), (Trip(driver=Driver(name=D-6), passengers=[Passenger(name=P-4), Passenger(name=P-11)], duration=8, distance=5.0, discount=null), Trip(driver=Driver(name=D-7), passengers=[Passenger(name=P-16), Passenger(name=P-3)], duration=12, distance=10.0, discount=0.4)), (Trip(driver=Driver(name=D-6), passengers=[Passenger(name=P-4), Passenger(name=P-11)], duration=8, distance=5.0, discount=null), Trip(driver=Driver(name=D-9), passengers=[Passenger(name=P-18), Passenger(name=P-0)], duration=15, distance=14.0, discount=0.2)), (Trip(driver=Driver(name=D-6), passengers=[Passenger(name=P-4), Passenger(name=P-11)], duration=8, distance=5.0, discount=null), Trip(driver=Driver(name=D-9), passengers=[Passenger(name=P-10)], duration=2, distance=2.0, discount=0.2)), (Trip(driver=Driver(name=D-6), passengers=[Passenger(name=P-4), Passenger(name=P-11)], duration=8, distance=5.0, discount=null), Trip(driver=Driver(name=D-4), passengers=[Passenger(name=P-11), Passenger(name=P-14), Passenger(name=P-18)], duration=4, distance=3.0, discount=null)), (Trip(driver=Driver(name=D-6), passengers=[Passenger(name=P-4), Passenger(name=P-11)], duration=8, distance=5.0, discount=null), Trip(driver=Driver(name=D-7), passengers=[Passenger(name=P-5)], duration=0, distance=4.0, discount=null)), (Trip(driver=Driver(name=D-6), passengers=[Passenger(name=P-4), Passenger(name=P-11)], duration=8, distance=5.0, discount=null), Trip(driver=Driver(name=D-9), passengers=[Passenger(name=P-13), Passenger(name=P-17)], duration=0, distance=8.0, discount=0.3)), (Trip(driver=Driver(name=D-6), passengers=[Passenger(name=P-4), Passenger(name=P-11)], duration=8, distance=5.0, discount=null), Trip(driver=Driver(name=D-3), passengers=[Passenger(name=P-8), Passenger(name=P-5)], duration=16, distance=3.0, discount=null)), (Trip(driver=Driver(name=D-6), passengers=[Passenger(name=P-4), Passenger(name=P-11)], duration=8, distance=5.0, discount=null), Trip(driver=Driver(name=D-9), passengers=[Passenger(name=P-19), Passenger(name=P-7)], duration=1, distance=3.0, discount=null)), (Trip(driver=Driver(name=D-6), passengers=[Passenger(name=P-4), Passenger(name=P-11)], duration=8, distance=5.0, discount=null), Trip(driver=Driver(name=D-6), passengers=[Passenger(name=P-4), Passenger(name=P-17)], duration=10, distance=18.0, discount=null)), (Trip(driver=Driver(name=D-6), passengers=[Passenger(name=P-4), Passenger(name=P-11)], duration=8, distance=5.0, discount=null), Trip(driver=Driver(name=D-2), passengers=[Passenger(name=P-7), Passenger(name=P-12)], duration=9, distance=6.0, discount=0.2)), (Trip(driver=Driver(name=D-6), passengers=[Passenger(name=P-4), Passenger(name=P-11)], duration=8, distance=5.0, discount=null), Trip(driver=Driver(name=D-6), passengers=[Passenger(name=P-4), Passenger(name=P-11)], duration=8, distance=5.0, discount=null)), (Trip(driver=Driver(name=D-6), passengers=[Passenger(name=P-4), Passenger(name=P-11)], duration=8, distance=5.0, discount=null), Trip(driver=Driver(name=D-5), passengers=[Passenger(name=P-0)], duration=3, distance=15.0, discount=0.4)), (Trip(driver=Driver(name=D-6), passengers=[Passenger(name=P-4), Passenger(name=P-11)], duration=8, distance=5.0, discount=null), Trip(driver=Driver(name=D-3), passengers=[Passenger(name=P-1)], duration=1, distance=13.0, discount=null)), (Trip(driver=Driver(name=D-6), passengers=[Passenger(name=P-4), Passenger(name=P-11)], duration=8, distance=5.0, discount=null), Trip(driver=Driver(name=D-5), passengers=[Passenger(name=P-11)], duration=17, distance=16.0, discount=null)), (Trip(driver=Driver(name=D-6), passengers=[Passenger(name=P-4), Passenger(name=P-11)], duration=8, distance=5.0, discount=null), Trip(driver=Driver(name=D-3), passengers=[Passenger(name=P-2), Passenger(name=P-19), Passenger(name=P-8), Passenger(name=P-1)], duration=10, distance=15.0, discount=null))]
item [(Trip(driver=Driver(name=D-5), passengers=[Passenger(name=P-0)], duration=3, distance=15.0, discount=0.4), Trip(driver=Driver(name=D-6), passengers=[Passenger(name=P-16)], duration=8, distance=17.0, discount=null)), (Trip(driver=Driver(name=D-5), passengers=[Passenger(name=P-0)], duration=3, distance=15.0, discount=0.4), Trip(driver=Driver(name=D-4), passengers=[Passenger(name=P-11)], duration=10, distance=12.0, discount=null)), (Trip(driver=Driver(name=D-5), passengers=[Passenger(name=P-0)], duration=3, distance=15.0, discount=0.4), Trip(driver=Driver(name=D-8), passengers=[Passenger(name=P-8), Passenger(name=P-13)], duration=14, distance=4.0, discount=0.1)), (Trip(driver=Driver(name=D-5), passengers=[Passenger(name=P-0)], duration=3, distance=15.0, discount=0.4), Trip(driver=Driver(name=D-6), passengers=[Passenger(name=P-19)], duration=14, distance=9.0, discount=null)), (Trip(driver=Driver(name=D-5), passengers=[Passenger(name=P-0)], duration=3, distance=15.0, discount=0.4), Trip(driver=Driver(name=D-4), passengers=[Passenger(name=P-18), Passenger(name=P-10)], duration=6, distance=17.0, discount=0.1)), (Trip(driver=Driver(name=D-5), passengers=[Passenger(name=P-0)], duration=3, distance=15.0, discount=0.4), Trip(driver=Driver(name=D-0), passengers=[Passenger(name=P-0)], duration=19, distance=17.0, discount=0.1)), (Trip(driver=Driver(name=D-5), passengers=[Passenger(name=P-0)], duration=3, distance=15.0, discount=0.4), Trip(driver=Driver(name=D-7), passengers=[Passenger(name=P-2), Passenger(name=P-15)], duration=12, distance=9.0, discount=null)), (Trip(driver=Driver(name=D-5), passengers=[Passenger(name=P-0)], duration=3, distance=15.0, discount=0.4), Trip(driver=Driver(name=D-9), passengers=[Passenger(name=P-11), Passenger(name=P-10), Passenger(name=P-7), Passenger(name=P-15)], duration=11, distance=5.0, discount=null)), (Trip(driver=Driver(name=D-5), passengers=[Passenger(name=P-0)], duration=3, distance=15.0, discount=0.4), Trip(driver=Driver(name=D-3), passengers=[Passenger(name=P-1), Passenger(name=P-18)], duration=5, distance=14.0, discount=0.3)), (Trip(driver=Driver(name=D-5), passengers=[Passenger(name=P-0)], duration=3, distance=15.0, discount=0.4), Trip(driver=Driver(name=D-2), passengers=[Passenger(name=P-19), Passenger(name=P-8)], duration=7, distance=8.0, discount=0.2)), (Trip(driver=Driver(name=D-5), passengers=[Passenger(name=P-0)], duration=3, distance=15.0, discount=0.4), Trip(driver=Driver(name=D-1), passengers=[Passenger(name=P-11)], duration=11, distance=18.0, discount=null)), (Trip(driver=Driver(name=D-5), passengers=[Passenger(name=P-0)], duration=3, distance=15.0, discount=0.4), Trip(driver=Driver(name=D-5), passengers=[Passenger(name=P-0), Passenger(name=P-18), Passenger(name=P-11), Passenger(name=P-14)], duration=6, distance=17.0, discount=0.3)), (Trip(driver=Driver(name=D-5), passengers=[Passenger(name=P-0)], duration=3, distance=15.0, discount=0.4), Trip(driver=Driver(name=D-6), passengers=[Passenger(name=P-11), Passenger(name=P-6)], duration=1, distance=4.0, discount=null)), (Trip(driver=Driver(name=D-5), passengers=[Passenger(name=P-0)], duration=3, distance=15.0, discount=0.4), Trip(driver=Driver(name=D-5), passengers=[Passenger(name=P-11)], duration=10, distance=19.0, discount=null)), (Trip(driver=Driver(name=D-5), passengers=[Passenger(name=P-0)], duration=3, distance=15.0, discount=0.4), Trip(driver=Driver(name=D-8), passengers=[Passenger(name=P-0), Passenger(name=P-4)], duration=2, distance=12.0, discount=0.4)), (Trip(driver=Driver(name=D-5), passengers=[Passenger(name=P-0)], duration=3, distance=15.0, discount=0.4), Trip(driver=Driver(name=D-6), passengers=[Passenger(name=P-16), Passenger(name=P-14)], duration=16, distance=0.0, discount=null)), (Trip(driver=Driver(name=D-5), passengers=[Passenger(name=P-0)], duration=3, distance=15.0, discount=0.4), Trip(driver=Driver(name=D-3), passengers=[Passenger(name=P-12)], duration=2, distance=15.0, discount=0.2)), (Trip(driver=Driver(name=D-5), passengers=[Passenger(name=P-0)], duration=3, distance=15.0, discount=0.4), Trip(driver=Driver(name=D-5), passengers=[Passenger(name=P-15), Passenger(name=P-6)], duration=5, distance=6.0, discount=null)), (Trip(driver=Driver(name=D-5), passengers=[Passenger(name=P-0)], duration=3, distance=15.0, discount=0.4), Trip(driver=Driver(name=D-8), passengers=[Passenger(name=P-4), Passenger(name=P-19)], duration=12, distance=0.0, discount=null)), (Trip(driver=Driver(name=D-5), passengers=[Passenger(name=P-0)], duration=3, distance=15.0, discount=0.4), Trip(driver=Driver(name=D-4), passengers=[Passenger(name=P-8), Passenger(name=P-14)], duration=4, distance=19.0, discount=null)), (Trip(driver=Driver(name=D-5), passengers=[Passenger(name=P-0)], duration=3, distance=15.0, discount=0.4), Trip(driver=Driver(name=D-3), passengers=[Passenger(name=P-0)], duration=14, distance=19.0, discount=0.3)), (Trip(driver=Driver(name=D-5), passengers=[Passenger(name=P-0)], duration=3, distance=15.0, discount=0.4), Trip(driver=Driver(name=D-3), passengers=[Passenger(name=P-9)], duration=16, distance=5.0, discount=null)), (Trip(driver=Driver(name=D-5), passengers=[Passenger(name=P-0)], duration=3, distance=15.0, discount=0.4), Trip(driver=Driver(name=D-2), passengers=[Passenger(name=P-7), Passenger(name=P-6), Passenger(name=P-12)], duration=4, distance=19.0, discount=null)), (Trip(driver=Driver(name=D-5), passengers=[Passenger(name=P-0)], duration=3, distance=15.0, discount=0.4), Trip(driver=Driver(name=D-9), passengers=[Passenger(name=P-0), Passenger(name=P-1)], duration=10, distance=1.0, discount=null)), (Trip(driver=Driver(name=D-5), passengers=[Passenger(name=P-0)], duration=3, distance=15.0, discount=0.4), Trip(driver=Driver(name=D-8), passengers=[Passenger(name=P-16)], duration=10, distance=4.0, discount=null)), (Trip(driver=Driver(name=D-5), passengers=[Passenger(name=P-0)], duration=3, distance=15.0, discount=0.4), Trip(driver=Driver(name=D-7), passengers=[Passenger(name=P-16), Passenger(name=P-3)], duration=12, distance=10.0, discount=0.4)), (Trip(driver=Driver(name=D-5), passengers=[Passenger(name=P-0)], duration=3, distance=15.0, discount=0.4), Trip(driver=Driver(name=D-9), passengers=[Passenger(name=P-18), Passenger(name=P-0)], duration=15, distance=14.0, discount=0.2)), (Trip(driver=Driver(name=D-5), passengers=[Passenger(name=P-0)], duration=3, distance=15.0, discount=0.4), Trip(driver=Driver(name=D-9), passengers=[Passenger(name=P-10)], duration=2, distance=2.0, discount=0.2)), (Trip(driver=Driver(name=D-5), passengers=[Passenger(name=P-0)], duration=3, distance=15.0, discount=0.4), Trip(driver=Driver(name=D-4), passengers=[Passenger(name=P-11), Passenger(name=P-14), Passenger(name=P-18)], duration=4, distance=3.0, discount=null)), (Trip(driver=Driver(name=D-5), passengers=[Passenger(name=P-0)], duration=3, distance=15.0, discount=0.4), Trip(driver=Driver(name=D-7), passengers=[Passenger(name=P-5)], duration=0, distance=4.0, discount=null)), (Trip(driver=Driver(name=D-5), passengers=[Passenger(name=P-0)], duration=3, distance=15.0, discount=0.4), Trip(driver=Driver(name=D-9), passengers=[Passenger(name=P-13), Passenger(name=P-17)], duration=0, distance=8.0, discount=0.3)), (Trip(driver=Driver(name=D-5), passengers=[Passenger(name=P-0)], duration=3, distance=15.0, discount=0.4), Trip(driver=Driver(name=D-3), passengers=[Passenger(name=P-8), Passenger(name=P-5)], duration=16, distance=3.0, discount=null)), (Trip(driver=Driver(name=D-5), passengers=[Passenger(name=P-0)], duration=3, distance=15.0, discount=0.4), Trip(driver=Driver(name=D-9), passengers=[Passenger(name=P-19), Passenger(name=P-7)], duration=1, distance=3.0, discount=null)), (Trip(driver=Driver(name=D-5), passengers=[Passenger(name=P-0)], duration=3, distance=15.0, discount=0.4), Trip(driver=Driver(name=D-6), passengers=[Passenger(name=P-4), Passenger(name=P-17)], duration=10, distance=18.0, discount=null)), (Trip(driver=Driver(name=D-5), passengers=[Passenger(name=P-0)], duration=3, distance=15.0, discount=0.4), Trip(driver=Driver(name=D-2), passengers=[Passenger(name=P-7), Passenger(name=P-12)], duration=9, distance=6.0, discount=0.2)), (Trip(driver=Driver(name=D-5), passengers=[Passenger(name=P-0)], duration=3, distance=15.0, discount=0.4), Trip(driver=Driver(name=D-6), passengers=[Passenger(name=P-4), Passenger(name=P-11)], duration=8, distance=5.0, discount=null)), (Trip(driver=Driver(name=D-5), passengers=[Passenger(name=P-0)], duration=3, distance=15.0, discount=0.4), Trip(driver=Driver(name=D-5), passengers=[Passenger(name=P-0)], duration=3, distance=15.0, discount=0.4)), (Trip(driver=Driver(name=D-5), passengers=[Passenger(name=P-0)], duration=3, distance=15.0, discount=0.4), Trip(driver=Driver(name=D-3), passengers=[Passenger(name=P-1)], duration=1, distance=13.0, discount=null)), (Trip(driver=Driver(name=D-5), passengers=[Passenger(name=P-0)], duration=3, distance=15.0, discount=0.4), Trip(driver=Driver(name=D-5), passengers=[Passenger(name=P-11)], duration=17, distance=16.0, discount=null)), (Trip(driver=Driver(name=D-5), passengers=[Passenger(name=P-0)], duration=3, distance=15.0, discount=0.4), Trip(driver=Driver(name=D-3), passengers=[Passenger(name=P-2), Passenger(name=P-19), Passenger(name=P-8), Passenger(name=P-1)], duration=10, distance=15.0, discount=null))]
item [(Trip(driver=Driver(name=D-3), passengers=[Passenger(name=P-1)], duration=1, distance=13.0, discount=null), Trip(driver=Driver(name=D-6), passengers=[Passenger(name=P-16)], duration=8, distance=17.0, discount=null)), (Trip(driver=Driver(name=D-3), passengers=[Passenger(name=P-1)], duration=1, distance=13.0, discount=null), Trip(driver=Driver(name=D-4), passengers=[Passenger(name=P-11)], duration=10, distance=12.0, discount=null)), (Trip(driver=Driver(name=D-3), passengers=[Passenger(name=P-1)], duration=1, distance=13.0, discount=null), Trip(driver=Driver(name=D-8), passengers=[Passenger(name=P-8), Passenger(name=P-13)], duration=14, distance=4.0, discount=0.1)), (Trip(driver=Driver(name=D-3), passengers=[Passenger(name=P-1)], duration=1, distance=13.0, discount=null), Trip(driver=Driver(name=D-6), passengers=[Passenger(name=P-19)], duration=14, distance=9.0, discount=null)), (Trip(driver=Driver(name=D-3), passengers=[Passenger(name=P-1)], duration=1, distance=13.0, discount=null), Trip(driver=Driver(name=D-4), passengers=[Passenger(name=P-18), Passenger(name=P-10)], duration=6, distance=17.0, discount=0.1)), (Trip(driver=Driver(name=D-3), passengers=[Passenger(name=P-1)], duration=1, distance=13.0, discount=null), Trip(driver=Driver(name=D-0), passengers=[Passenger(name=P-0)], duration=19, distance=17.0, discount=0.1)), (Trip(driver=Driver(name=D-3), passengers=[Passenger(name=P-1)], duration=1, distance=13.0, discount=null), Trip(driver=Driver(name=D-7), passengers=[Passenger(name=P-2), Passenger(name=P-15)], duration=12, distance=9.0, discount=null)), (Trip(driver=Driver(name=D-3), passengers=[Passenger(name=P-1)], duration=1, distance=13.0, discount=null), Trip(driver=Driver(name=D-9), passengers=[Passenger(name=P-11), Passenger(name=P-10), Passenger(name=P-7), Passenger(name=P-15)], duration=11, distance=5.0, discount=null)), (Trip(driver=Driver(name=D-3), passengers=[Passenger(name=P-1)], duration=1, distance=13.0, discount=null), Trip(driver=Driver(name=D-3), passengers=[Passenger(name=P-1), Passenger(name=P-18)], duration=5, distance=14.0, discount=0.3)), (Trip(driver=Driver(name=D-3), passengers=[Passenger(name=P-1)], duration=1, distance=13.0, discount=null), Trip(driver=Driver(name=D-2), passengers=[Passenger(name=P-19), Passenger(name=P-8)], duration=7, distance=8.0, discount=0.2)), (Trip(driver=Driver(name=D-3), passengers=[Passenger(name=P-1)], duration=1, distance=13.0, discount=null), Trip(driver=Driver(name=D-1), passengers=[Passenger(name=P-11)], duration=11, distance=18.0, discount=null)), (Trip(driver=Driver(name=D-3), passengers=[Passenger(name=P-1)], duration=1, distance=13.0, discount=null), Trip(driver=Driver(name=D-5), passengers=[Passenger(name=P-0), Passenger(name=P-18), Passenger(name=P-11), Passenger(name=P-14)], duration=6, distance=17.0, discount=0.3)), (Trip(driver=Driver(name=D-3), passengers=[Passenger(name=P-1)], duration=1, distance=13.0, discount=null), Trip(driver=Driver(name=D-6), passengers=[Passenger(name=P-11), Passenger(name=P-6)], duration=1, distance=4.0, discount=null)), (Trip(driver=Driver(name=D-3), passengers=[Passenger(name=P-1)], duration=1, distance=13.0, discount=null), Trip(driver=Driver(name=D-5), passengers=[Passenger(name=P-11)], duration=10, distance=19.0, discount=null)), (Trip(driver=Driver(name=D-3), passengers=[Passenger(name=P-1)], duration=1, distance=13.0, discount=null), Trip(driver=Driver(name=D-8), passengers=[Passenger(name=P-0), Passenger(name=P-4)], duration=2, distance=12.0, discount=0.4)), (Trip(driver=Driver(name=D-3), passengers=[Passenger(name=P-1)], duration=1, distance=13.0, discount=null), Trip(driver=Driver(name=D-6), passengers=[Passenger(name=P-16), Passenger(name=P-14)], duration=16, distance=0.0, discount=null)), (Trip(driver=Driver(name=D-3), passengers=[Passenger(name=P-1)], duration=1, distance=13.0, discount=null), Trip(driver=Driver(name=D-3), passengers=[Passenger(name=P-12)], duration=2, distance=15.0, discount=0.2)), (Trip(driver=Driver(name=D-3), passengers=[Passenger(name=P-1)], duration=1, distance=13.0, discount=null), Trip(driver=Driver(name=D-5), passengers=[Passenger(name=P-15), Passenger(name=P-6)], duration=5, distance=6.0, discount=null)), (Trip(driver=Driver(name=D-3), passengers=[Passenger(name=P-1)], duration=1, distance=13.0, discount=null), Trip(driver=Driver(name=D-8), passengers=[Passenger(name=P-4), Passenger(name=P-19)], duration=12, distance=0.0, discount=null)), (Trip(driver=Driver(name=D-3), passengers=[Passenger(name=P-1)], duration=1, distance=13.0, discount=null), Trip(driver=Driver(name=D-4), passengers=[Passenger(name=P-8), Passenger(name=P-14)], duration=4, distance=19.0, discount=null)), (Trip(driver=Driver(name=D-3), passengers=[Passenger(name=P-1)], duration=1, distance=13.0, discount=null), Trip(driver=Driver(name=D-3), passengers=[Passenger(name=P-0)], duration=14, distance=19.0, discount=0.3)), (Trip(driver=Driver(name=D-3), passengers=[Passenger(name=P-1)], duration=1, distance=13.0, discount=null), Trip(driver=Driver(name=D-3), passengers=[Passenger(name=P-9)], duration=16, distance=5.0, discount=null)), (Trip(driver=Driver(name=D-3), passengers=[Passenger(name=P-1)], duration=1, distance=13.0, discount=null), Trip(driver=Driver(name=D-2), passengers=[Passenger(name=P-7), Passenger(name=P-6), Passenger(name=P-12)], duration=4, distance=19.0, discount=null)), (Trip(driver=Driver(name=D-3), passengers=[Passenger(name=P-1)], duration=1, distance=13.0, discount=null), Trip(driver=Driver(name=D-9), passengers=[Passenger(name=P-0), Passenger(name=P-1)], duration=10, distance=1.0, discount=null)), (Trip(driver=Driver(name=D-3), passengers=[Passenger(name=P-1)], duration=1, distance=13.0, discount=null), Trip(driver=Driver(name=D-8), passengers=[Passenger(name=P-16)], duration=10, distance=4.0, discount=null)), (Trip(driver=Driver(name=D-3), passengers=[Passenger(name=P-1)], duration=1, distance=13.0, discount=null), Trip(driver=Driver(name=D-7), passengers=[Passenger(name=P-16), Passenger(name=P-3)], duration=12, distance=10.0, discount=0.4)), (Trip(driver=Driver(name=D-3), passengers=[Passenger(name=P-1)], duration=1, distance=13.0, discount=null), Trip(driver=Driver(name=D-9), passengers=[Passenger(name=P-18), Passenger(name=P-0)], duration=15, distance=14.0, discount=0.2)), (Trip(driver=Driver(name=D-3), passengers=[Passenger(name=P-1)], duration=1, distance=13.0, discount=null), Trip(driver=Driver(name=D-9), passengers=[Passenger(name=P-10)], duration=2, distance=2.0, discount=0.2)), (Trip(driver=Driver(name=D-3), passengers=[Passenger(name=P-1)], duration=1, distance=13.0, discount=null), Trip(driver=Driver(name=D-4), passengers=[Passenger(name=P-11), Passenger(name=P-14), Passenger(name=P-18)], duration=4, distance=3.0, discount=null)), (Trip(driver=Driver(name=D-3), passengers=[Passenger(name=P-1)], duration=1, distance=13.0, discount=null), Trip(driver=Driver(name=D-7), passengers=[Passenger(name=P-5)], duration=0, distance=4.0, discount=null)), (Trip(driver=Driver(name=D-3), passengers=[Passenger(name=P-1)], duration=1, distance=13.0, discount=null), Trip(driver=Driver(name=D-9), passengers=[Passenger(name=P-13), Passenger(name=P-17)], duration=0, distance=8.0, discount=0.3)), (Trip(driver=Driver(name=D-3), passengers=[Passenger(name=P-1)], duration=1, distance=13.0, discount=null), Trip(driver=Driver(name=D-3), passengers=[Passenger(name=P-8), Passenger(name=P-5)], duration=16, distance=3.0, discount=null)), (Trip(driver=Driver(name=D-3), passengers=[Passenger(name=P-1)], duration=1, distance=13.0, discount=null), Trip(driver=Driver(name=D-9), passengers=[Passenger(name=P-19), Passenger(name=P-7)], duration=1, distance=3.0, discount=null)), (Trip(driver=Driver(name=D-3), passengers=[Passenger(name=P-1)], duration=1, distance=13.0, discount=null), Trip(driver=Driver(name=D-6), passengers=[Passenger(name=P-4), Passenger(name=P-17)], duration=10, distance=18.0, discount=null)), (Trip(driver=Driver(name=D-3), passengers=[Passenger(name=P-1)], duration=1, distance=13.0, discount=null), Trip(driver=Driver(name=D-2), passengers=[Passenger(name=P-7), Passenger(name=P-12)], duration=9, distance=6.0, discount=0.2)), (Trip(driver=Driver(name=D-3), passengers=[Passenger(name=P-1)], duration=1, distance=13.0, discount=null), Trip(driver=Driver(name=D-6), passengers=[Passenger(name=P-4), Passenger(name=P-11)], duration=8, distance=5.0, discount=null)), (Trip(driver=Driver(name=D-3), passengers=[Passenger(name=P-1)], duration=1, distance=13.0, discount=null), Trip(driver=Driver(name=D-5), passengers=[Passenger(name=P-0)], duration=3, distance=15.0, discount=0.4)), (Trip(driver=Driver(name=D-3), passengers=[Passenger(name=P-1)], duration=1, distance=13.0, discount=null), Trip(driver=Driver(name=D-3), passengers=[Passenger(name=P-1)], duration=1, distance=13.0, discount=null)), (Trip(driver=Driver(name=D-3), passengers=[Passenger(name=P-1)], duration=1, distance=13.0, discount=null), Trip(driver=Driver(name=D-5), passengers=[Passenger(name=P-11)], duration=17, distance=16.0, discount=null)), (Trip(driver=Driver(name=D-3), passengers=[Passenger(name=P-1)], duration=1, distance=13.0, discount=null), Trip(driver=Driver(name=D-3), passengers=[Passenger(name=P-2), Passenger(name=P-19), Passenger(name=P-8), Passenger(name=P-1)], duration=10, distance=15.0, discount=null))]
item [(Trip(driver=Driver(name=D-5), passengers=[Passenger(name=P-11)], duration=17, distance=16.0, discount=null), Trip(driver=Driver(name=D-6), passengers=[Passenger(name=P-16)], duration=8, distance=17.0, discount=null)), (Trip(driver=Driver(name=D-5), passengers=[Passenger(name=P-11)], duration=17, distance=16.0, discount=null), Trip(driver=Driver(name=D-4), passengers=[Passenger(name=P-11)], duration=10, distance=12.0, discount=null)), (Trip(driver=Driver(name=D-5), passengers=[Passenger(name=P-11)], duration=17, distance=16.0, discount=null), Trip(driver=Driver(name=D-8), passengers=[Passenger(name=P-8), Passenger(name=P-13)], duration=14, distance=4.0, discount=0.1)), (Trip(driver=Driver(name=D-5), passengers=[Passenger(name=P-11)], duration=17, distance=16.0, discount=null), Trip(driver=Driver(name=D-6), passengers=[Passenger(name=P-19)], duration=14, distance=9.0, discount=null)), (Trip(driver=Driver(name=D-5), passengers=[Passenger(name=P-11)], duration=17, distance=16.0, discount=null), Trip(driver=Driver(name=D-4), passengers=[Passenger(name=P-18), Passenger(name=P-10)], duration=6, distance=17.0, discount=0.1)), (Trip(driver=Driver(name=D-5), passengers=[Passenger(name=P-11)], duration=17, distance=16.0, discount=null), Trip(driver=Driver(name=D-0), passengers=[Passenger(name=P-0)], duration=19, distance=17.0, discount=0.1)), (Trip(driver=Driver(name=D-5), passengers=[Passenger(name=P-11)], duration=17, distance=16.0, discount=null), Trip(driver=Driver(name=D-7), passengers=[Passenger(name=P-2), Passenger(name=P-15)], duration=12, distance=9.0, discount=null)), (Trip(driver=Driver(name=D-5), passengers=[Passenger(name=P-11)], duration=17, distance=16.0, discount=null), Trip(driver=Driver(name=D-9), passengers=[Passenger(name=P-11), Passenger(name=P-10), Passenger(name=P-7), Passenger(name=P-15)], duration=11, distance=5.0, discount=null)), (Trip(driver=Driver(name=D-5), passengers=[Passenger(name=P-11)], duration=17, distance=16.0, discount=null), Trip(driver=Driver(name=D-3), passengers=[Passenger(name=P-1), Passenger(name=P-18)], duration=5, distance=14.0, discount=0.3)), (Trip(driver=Driver(name=D-5), passengers=[Passenger(name=P-11)], duration=17, distance=16.0, discount=null), Trip(driver=Driver(name=D-2), passengers=[Passenger(name=P-19), Passenger(name=P-8)], duration=7, distance=8.0, discount=0.2)), (Trip(driver=Driver(name=D-5), passengers=[Passenger(name=P-11)], duration=17, distance=16.0, discount=null), Trip(driver=Driver(name=D-1), passengers=[Passenger(name=P-11)], duration=11, distance=18.0, discount=null)), (Trip(driver=Driver(name=D-5), passengers=[Passenger(name=P-11)], duration=17, distance=16.0, discount=null), Trip(driver=Driver(name=D-5), passengers=[Passenger(name=P-0), Passenger(name=P-18), Passenger(name=P-11), Passenger(name=P-14)], duration=6, distance=17.0, discount=0.3)), (Trip(driver=Driver(name=D-5), passengers=[Passenger(name=P-11)], duration=17, distance=16.0, discount=null), Trip(driver=Driver(name=D-6), passengers=[Passenger(name=P-11), Passenger(name=P-6)], duration=1, distance=4.0, discount=null)), (Trip(driver=Driver(name=D-5), passengers=[Passenger(name=P-11)], duration=17, distance=16.0, discount=null), Trip(driver=Driver(name=D-5), passengers=[Passenger(name=P-11)], duration=10, distance=19.0, discount=null)), (Trip(driver=Driver(name=D-5), passengers=[Passenger(name=P-11)], duration=17, distance=16.0, discount=null), Trip(driver=Driver(name=D-8), passengers=[Passenger(name=P-0), Passenger(name=P-4)], duration=2, distance=12.0, discount=0.4)), (Trip(driver=Driver(name=D-5), passengers=[Passenger(name=P-11)], duration=17, distance=16.0, discount=null), Trip(driver=Driver(name=D-6), passengers=[Passenger(name=P-16), Passenger(name=P-14)], duration=16, distance=0.0, discount=null)), (Trip(driver=Driver(name=D-5), passengers=[Passenger(name=P-11)], duration=17, distance=16.0, discount=null), Trip(driver=Driver(name=D-3), passengers=[Passenger(name=P-12)], duration=2, distance=15.0, discount=0.2)), (Trip(driver=Driver(name=D-5), passengers=[Passenger(name=P-11)], duration=17, distance=16.0, discount=null), Trip(driver=Driver(name=D-5), passengers=[Passenger(name=P-15), Passenger(name=P-6)], duration=5, distance=6.0, discount=null)), (Trip(driver=Driver(name=D-5), passengers=[Passenger(name=P-11)], duration=17, distance=16.0, discount=null), Trip(driver=Driver(name=D-8), passengers=[Passenger(name=P-4), Passenger(name=P-19)], duration=12, distance=0.0, discount=null)), (Trip(driver=Driver(name=D-5), passengers=[Passenger(name=P-11)], duration=17, distance=16.0, discount=null), Trip(driver=Driver(name=D-4), passengers=[Passenger(name=P-8), Passenger(name=P-14)], duration=4, distance=19.0, discount=null)), (Trip(driver=Driver(name=D-5), passengers=[Passenger(name=P-11)], duration=17, distance=16.0, discount=null), Trip(driver=Driver(name=D-3), passengers=[Passenger(name=P-0)], duration=14, distance=19.0, discount=0.3)), (Trip(driver=Driver(name=D-5), passengers=[Passenger(name=P-11)], duration=17, distance=16.0, discount=null), Trip(driver=Driver(name=D-3), passengers=[Passenger(name=P-9)], duration=16, distance=5.0, discount=null)), (Trip(driver=Driver(name=D-5), passengers=[Passenger(name=P-11)], duration=17, distance=16.0, discount=null), Trip(driver=Driver(name=D-2), passengers=[Passenger(name=P-7), Passenger(name=P-6), Passenger(name=P-12)], duration=4, distance=19.0, discount=null)), (Trip(driver=Driver(name=D-5), passengers=[Passenger(name=P-11)], duration=17, distance=16.0, discount=null), Trip(driver=Driver(name=D-9), passengers=[Passenger(name=P-0), Passenger(name=P-1)], duration=10, distance=1.0, discount=null)), (Trip(driver=Driver(name=D-5), passengers=[Passenger(name=P-11)], duration=17, distance=16.0, discount=null), Trip(driver=Driver(name=D-8), passengers=[Passenger(name=P-16)], duration=10, distance=4.0, discount=null)), (Trip(driver=Driver(name=D-5), passengers=[Passenger(name=P-11)], duration=17, distance=16.0, discount=null), Trip(driver=Driver(name=D-7), passengers=[Passenger(name=P-16), Passenger(name=P-3)], duration=12, distance=10.0, discount=0.4)), (Trip(driver=Driver(name=D-5), passengers=[Passenger(name=P-11)], duration=17, distance=16.0, discount=null), Trip(driver=Driver(name=D-9), passengers=[Passenger(name=P-18), Passenger(name=P-0)], duration=15, distance=14.0, discount=0.2)), (Trip(driver=Driver(name=D-5), passengers=[Passenger(name=P-11)], duration=17, distance=16.0, discount=null), Trip(driver=Driver(name=D-9), passengers=[Passenger(name=P-10)], duration=2, distance=2.0, discount=0.2)), (Trip(driver=Driver(name=D-5), passengers=[Passenger(name=P-11)], duration=17, distance=16.0, discount=null), Trip(driver=Driver(name=D-4), passengers=[Passenger(name=P-11), Passenger(name=P-14), Passenger(name=P-18)], duration=4, distance=3.0, discount=null)), (Trip(driver=Driver(name=D-5), passengers=[Passenger(name=P-11)], duration=17, distance=16.0, discount=null), Trip(driver=Driver(name=D-7), passengers=[Passenger(name=P-5)], duration=0, distance=4.0, discount=null)), (Trip(driver=Driver(name=D-5), passengers=[Passenger(name=P-11)], duration=17, distance=16.0, discount=null), Trip(driver=Driver(name=D-9), passengers=[Passenger(name=P-13), Passenger(name=P-17)], duration=0, distance=8.0, discount=0.3)), (Trip(driver=Driver(name=D-5), passengers=[Passenger(name=P-11)], duration=17, distance=16.0, discount=null), Trip(driver=Driver(name=D-3), passengers=[Passenger(name=P-8), Passenger(name=P-5)], duration=16, distance=3.0, discount=null)), (Trip(driver=Driver(name=D-5), passengers=[Passenger(name=P-11)], duration=17, distance=16.0, discount=null), Trip(driver=Driver(name=D-9), passengers=[Passenger(name=P-19), Passenger(name=P-7)], duration=1, distance=3.0, discount=null)), (Trip(driver=Driver(name=D-5), passengers=[Passenger(name=P-11)], duration=17, distance=16.0, discount=null), Trip(driver=Driver(name=D-6), passengers=[Passenger(name=P-4), Passenger(name=P-17)], duration=10, distance=18.0, discount=null)), (Trip(driver=Driver(name=D-5), passengers=[Passenger(name=P-11)], duration=17, distance=16.0, discount=null), Trip(driver=Driver(name=D-2), passengers=[Passenger(name=P-7), Passenger(name=P-12)], duration=9, distance=6.0, discount=0.2)), (Trip(driver=Driver(name=D-5), passengers=[Passenger(name=P-11)], duration=17, distance=16.0, discount=null), Trip(driver=Driver(name=D-6), passengers=[Passenger(name=P-4), Passenger(name=P-11)], duration=8, distance=5.0, discount=null)), (Trip(driver=Driver(name=D-5), passengers=[Passenger(name=P-11)], duration=17, distance=16.0, discount=null), Trip(driver=Driver(name=D-5), passengers=[Passenger(name=P-0)], duration=3, distance=15.0, discount=0.4)), (Trip(driver=Driver(name=D-5), passengers=[Passenger(name=P-11)], duration=17, distance=16.0, discount=null), Trip(driver=Driver(name=D-3), passengers=[Passenger(name=P-1)], duration=1, distance=13.0, discount=null)), (Trip(driver=Driver(name=D-5), passengers=[Passenger(name=P-11)], duration=17, distance=16.0, discount=null), Trip(driver=Driver(name=D-5), passengers=[Passenger(name=P-11)], duration=17, distance=16.0, discount=null)), (Trip(driver=Driver(name=D-5), passengers=[Passenger(name=P-11)], duration=17, distance=16.0, discount=null), Trip(driver=Driver(name=D-3), passengers=[Passenger(name=P-2), Passenger(name=P-19), Passenger(name=P-8), Passenger(name=P-1)], duration=10, distance=15.0, discount=null))]
item [(Trip(driver=Driver(name=D-3), passengers=[Passenger(name=P-2), Passenger(name=P-19), Passenger(name=P-8), Passenger(name=P-1)], duration=10, distance=15.0, discount=null), Trip(driver=Driver(name=D-6), passengers=[Passenger(name=P-16)], duration=8, distance=17.0, discount=null)), (Trip(driver=Driver(name=D-3), passengers=[Passenger(name=P-2), Passenger(name=P-19), Passenger(name=P-8), Passenger(name=P-1)], duration=10, distance=15.0, discount=null), Trip(driver=Driver(name=D-4), passengers=[Passenger(name=P-11)], duration=10, distance=12.0, discount=null)), (Trip(driver=Driver(name=D-3), passengers=[Passenger(name=P-2), Passenger(name=P-19), Passenger(name=P-8), Passenger(name=P-1)], duration=10, distance=15.0, discount=null), Trip(driver=Driver(name=D-8), passengers=[Passenger(name=P-8), Passenger(name=P-13)], duration=14, distance=4.0, discount=0.1)), (Trip(driver=Driver(name=D-3), passengers=[Passenger(name=P-2), Passenger(name=P-19), Passenger(name=P-8), Passenger(name=P-1)], duration=10, distance=15.0, discount=null), Trip(driver=Driver(name=D-6), passengers=[Passenger(name=P-19)], duration=14, distance=9.0, discount=null)), (Trip(driver=Driver(name=D-3), passengers=[Passenger(name=P-2), Passenger(name=P-19), Passenger(name=P-8), Passenger(name=P-1)], duration=10, distance=15.0, discount=null), Trip(driver=Driver(name=D-4), passengers=[Passenger(name=P-18), Passenger(name=P-10)], duration=6, distance=17.0, discount=0.1)), (Trip(driver=Driver(name=D-3), passengers=[Passenger(name=P-2), Passenger(name=P-19), Passenger(name=P-8), Passenger(name=P-1)], duration=10, distance=15.0, discount=null), Trip(driver=Driver(name=D-0), passengers=[Passenger(name=P-0)], duration=19, distance=17.0, discount=0.1)), (Trip(driver=Driver(name=D-3), passengers=[Passenger(name=P-2), Passenger(name=P-19), Passenger(name=P-8), Passenger(name=P-1)], duration=10, distance=15.0, discount=null), Trip(driver=Driver(name=D-7), passengers=[Passenger(name=P-2), Passenger(name=P-15)], duration=12, distance=9.0, discount=null)), (Trip(driver=Driver(name=D-3), passengers=[Passenger(name=P-2), Passenger(name=P-19), Passenger(name=P-8), Passenger(name=P-1)], duration=10, distance=15.0, discount=null), Trip(driver=Driver(name=D-9), passengers=[Passenger(name=P-11), Passenger(name=P-10), Passenger(name=P-7), Passenger(name=P-15)], duration=11, distance=5.0, discount=null)), (Trip(driver=Driver(name=D-3), passengers=[Passenger(name=P-2), Passenger(name=P-19), Passenger(name=P-8), Passenger(name=P-1)], duration=10, distance=15.0, discount=null), Trip(driver=Driver(name=D-3), passengers=[Passenger(name=P-1), Passenger(name=P-18)], duration=5, distance=14.0, discount=0.3)), (Trip(driver=Driver(name=D-3), passengers=[Passenger(name=P-2), Passenger(name=P-19), Passenger(name=P-8), Passenger(name=P-1)], duration=10, distance=15.0, discount=null), Trip(driver=Driver(name=D-2), passengers=[Passenger(name=P-19), Passenger(name=P-8)], duration=7, distance=8.0, discount=0.2)), (Trip(driver=Driver(name=D-3), passengers=[Passenger(name=P-2), Passenger(name=P-19), Passenger(name=P-8), Passenger(name=P-1)], duration=10, distance=15.0, discount=null), Trip(driver=Driver(name=D-1), passengers=[Passenger(name=P-11)], duration=11, distance=18.0, discount=null)), (Trip(driver=Driver(name=D-3), passengers=[Passenger(name=P-2), Passenger(name=P-19), Passenger(name=P-8), Passenger(name=P-1)], duration=10, distance=15.0, discount=null), Trip(driver=Driver(name=D-5), passengers=[Passenger(name=P-0), Passenger(name=P-18), Passenger(name=P-11), Passenger(name=P-14)], duration=6, distance=17.0, discount=0.3)), (Trip(driver=Driver(name=D-3), passengers=[Passenger(name=P-2), Passenger(name=P-19), Passenger(name=P-8), Passenger(name=P-1)], duration=10, distance=15.0, discount=null), Trip(driver=Driver(name=D-6), passengers=[Passenger(name=P-11), Passenger(name=P-6)], duration=1, distance=4.0, discount=null)), (Trip(driver=Driver(name=D-3), passengers=[Passenger(name=P-2), Passenger(name=P-19), Passenger(name=P-8), Passenger(name=P-1)], duration=10, distance=15.0, discount=null), Trip(driver=Driver(name=D-5), passengers=[Passenger(name=P-11)], duration=10, distance=19.0, discount=null)), (Trip(driver=Driver(name=D-3), passengers=[Passenger(name=P-2), Passenger(name=P-19), Passenger(name=P-8), Passenger(name=P-1)], duration=10, distance=15.0, discount=null), Trip(driver=Driver(name=D-8), passengers=[Passenger(name=P-0), Passenger(name=P-4)], duration=2, distance=12.0, discount=0.4)), (Trip(driver=Driver(name=D-3), passengers=[Passenger(name=P-2), Passenger(name=P-19), Passenger(name=P-8), Passenger(name=P-1)], duration=10, distance=15.0, discount=null), Trip(driver=Driver(name=D-6), passengers=[Passenger(name=P-16), Passenger(name=P-14)], duration=16, distance=0.0, discount=null)), (Trip(driver=Driver(name=D-3), passengers=[Passenger(name=P-2), Passenger(name=P-19), Passenger(name=P-8), Passenger(name=P-1)], duration=10, distance=15.0, discount=null), Trip(driver=Driver(name=D-3), passengers=[Passenger(name=P-12)], duration=2, distance=15.0, discount=0.2)), (Trip(driver=Driver(name=D-3), passengers=[Passenger(name=P-2), Passenger(name=P-19), Passenger(name=P-8), Passenger(name=P-1)], duration=10, distance=15.0, discount=null), Trip(driver=Driver(name=D-5), passengers=[Passenger(name=P-15), Passenger(name=P-6)], duration=5, distance=6.0, discount=null)), (Trip(driver=Driver(name=D-3), passengers=[Passenger(name=P-2), Passenger(name=P-19), Passenger(name=P-8), Passenger(name=P-1)], duration=10, distance=15.0, discount=null), Trip(driver=Driver(name=D-8), passengers=[Passenger(name=P-4), Passenger(name=P-19)], duration=12, distance=0.0, discount=null)), (Trip(driver=Driver(name=D-3), passengers=[Passenger(name=P-2), Passenger(name=P-19), Passenger(name=P-8), Passenger(name=P-1)], duration=10, distance=15.0, discount=null), Trip(driver=Driver(name=D-4), passengers=[Passenger(name=P-8), Passenger(name=P-14)], duration=4, distance=19.0, discount=null)), (Trip(driver=Driver(name=D-3), passengers=[Passenger(name=P-2), Passenger(name=P-19), Passenger(name=P-8), Passenger(name=P-1)], duration=10, distance=15.0, discount=null), Trip(driver=Driver(name=D-3), passengers=[Passenger(name=P-0)], duration=14, distance=19.0, discount=0.3)), (Trip(driver=Driver(name=D-3), passengers=[Passenger(name=P-2), Passenger(name=P-19), Passenger(name=P-8), Passenger(name=P-1)], duration=10, distance=15.0, discount=null), Trip(driver=Driver(name=D-3), passengers=[Passenger(name=P-9)], duration=16, distance=5.0, discount=null)), (Trip(driver=Driver(name=D-3), passengers=[Passenger(name=P-2), Passenger(name=P-19), Passenger(name=P-8), Passenger(name=P-1)], duration=10, distance=15.0, discount=null), Trip(driver=Driver(name=D-2), passengers=[Passenger(name=P-7), Passenger(name=P-6), Passenger(name=P-12)], duration=4, distance=19.0, discount=null)), (Trip(driver=Driver(name=D-3), passengers=[Passenger(name=P-2), Passenger(name=P-19), Passenger(name=P-8), Passenger(name=P-1)], duration=10, distance=15.0, discount=null), Trip(driver=Driver(name=D-9), passengers=[Passenger(name=P-0), Passenger(name=P-1)], duration=10, distance=1.0, discount=null)), (Trip(driver=Driver(name=D-3), passengers=[Passenger(name=P-2), Passenger(name=P-19), Passenger(name=P-8), Passenger(name=P-1)], duration=10, distance=15.0, discount=null), Trip(driver=Driver(name=D-8), passengers=[Passenger(name=P-16)], duration=10, distance=4.0, discount=null)), (Trip(driver=Driver(name=D-3), passengers=[Passenger(name=P-2), Passenger(name=P-19), Passenger(name=P-8), Passenger(name=P-1)], duration=10, distance=15.0, discount=null), Trip(driver=Driver(name=D-7), passengers=[Passenger(name=P-16), Passenger(name=P-3)], duration=12, distance=10.0, discount=0.4)), (Trip(driver=Driver(name=D-3), passengers=[Passenger(name=P-2), Passenger(name=P-19), Passenger(name=P-8), Passenger(name=P-1)], duration=10, distance=15.0, discount=null), Trip(driver=Driver(name=D-9), passengers=[Passenger(name=P-18), Passenger(name=P-0)], duration=15, distance=14.0, discount=0.2)), (Trip(driver=Driver(name=D-3), passengers=[Passenger(name=P-2), Passenger(name=P-19), Passenger(name=P-8), Passenger(name=P-1)], duration=10, distance=15.0, discount=null), Trip(driver=Driver(name=D-9), passengers=[Passenger(name=P-10)], duration=2, distance=2.0, discount=0.2)), (Trip(driver=Driver(name=D-3), passengers=[Passenger(name=P-2), Passenger(name=P-19), Passenger(name=P-8), Passenger(name=P-1)], duration=10, distance=15.0, discount=null), Trip(driver=Driver(name=D-4), passengers=[Passenger(name=P-11), Passenger(name=P-14), Passenger(name=P-18)], duration=4, distance=3.0, discount=null)), (Trip(driver=Driver(name=D-3), passengers=[Passenger(name=P-2), Passenger(name=P-19), Passenger(name=P-8), Passenger(name=P-1)], duration=10, distance=15.0, discount=null), Trip(driver=Driver(name=D-7), passengers=[Passenger(name=P-5)], duration=0, distance=4.0, discount=null)), (Trip(driver=Driver(name=D-3), passengers=[Passenger(name=P-2), Passenger(name=P-19), Passenger(name=P-8), Passenger(name=P-1)], duration=10, distance=15.0, discount=null), Trip(driver=Driver(name=D-9), passengers=[Passenger(name=P-13), Passenger(name=P-17)], duration=0, distance=8.0, discount=0.3)), (Trip(driver=Driver(name=D-3), passengers=[Passenger(name=P-2), Passenger(name=P-19), Passenger(name=P-8), Passenger(name=P-1)], duration=10, distance=15.0, discount=null), Trip(driver=Driver(name=D-3), passengers=[Passenger(name=P-8), Passenger(name=P-5)], duration=16, distance=3.0, discount=null)), (Trip(driver=Driver(name=D-3), passengers=[Passenger(name=P-2), Passenger(name=P-19), Passenger(name=P-8), Passenger(name=P-1)], duration=10, distance=15.0, discount=null), Trip(driver=Driver(name=D-9), passengers=[Passenger(name=P-19), Passenger(name=P-7)], duration=1, distance=3.0, discount=null)), (Trip(driver=Driver(name=D-3), passengers=[Passenger(name=P-2), Passenger(name=P-19), Passenger(name=P-8), Passenger(name=P-1)], duration=10, distance=15.0, discount=null), Trip(driver=Driver(name=D-6), passengers=[Passenger(name=P-4), Passenger(name=P-17)], duration=10, distance=18.0, discount=null)), (Trip(driver=Driver(name=D-3), passengers=[Passenger(name=P-2), Passenger(name=P-19), Passenger(name=P-8), Passenger(name=P-1)], duration=10, distance=15.0, discount=null), Trip(driver=Driver(name=D-2), passengers=[Passenger(name=P-7), Passenger(name=P-12)], duration=9, distance=6.0, discount=0.2)), (Trip(driver=Driver(name=D-3), passengers=[Passenger(name=P-2), Passenger(name=P-19), Passenger(name=P-8), Passenger(name=P-1)], duration=10, distance=15.0, discount=null), Trip(driver=Driver(name=D-6), passengers=[Passenger(name=P-4), Passenger(name=P-11)], duration=8, distance=5.0, discount=null)), (Trip(driver=Driver(name=D-3), passengers=[Passenger(name=P-2), Passenger(name=P-19), Passenger(name=P-8), Passenger(name=P-1)], duration=10, distance=15.0, discount=null), Trip(driver=Driver(name=D-5), passengers=[Passenger(name=P-0)], duration=3, distance=15.0, discount=0.4)), (Trip(driver=Driver(name=D-3), passengers=[Passenger(name=P-2), Passenger(name=P-19), Passenger(name=P-8), Passenger(name=P-1)], duration=10, distance=15.0, discount=null), Trip(driver=Driver(name=D-3), passengers=[Passenger(name=P-1)], duration=1, distance=13.0, discount=null)), (Trip(driver=Driver(name=D-3), passengers=[Passenger(name=P-2), Passenger(name=P-19), Passenger(name=P-8), Passenger(name=P-1)], duration=10, distance=15.0, discount=null), Trip(driver=Driver(name=D-5), passengers=[Passenger(name=P-11)], duration=17, distance=16.0, discount=null)), (Trip(driver=Driver(name=D-3), passengers=[Passenger(name=P-2), Passenger(name=P-19), Passenger(name=P-8), Passenger(name=P-1)], duration=10, distance=15.0, discount=null), Trip(driver=Driver(name=D-3), passengers=[Passenger(name=P-2), Passenger(name=P-19), Passenger(name=P-8), Passenger(name=P-1)], duration=10, distance=15.0, discount=null))]
item [(Trip(driver=Driver(name=D-1), passengers=[Passenger(name=P-1)], duration=33, distance=3.0, discount=null), Trip(driver=Driver(name=D-1), passengers=[Passenger(name=P-1)], duration=33, distance=3.0, discount=null)), (Trip(driver=Driver(name=D-1), passengers=[Passenger(name=P-1)], duration=33, distance=3.0, discount=null), Trip(driver=Driver(name=D-2), passengers=[Passenger(name=P-2)], duration=4320, distance=3.0, discount=null))]
item [(Trip(driver=Driver(name=D-2), passengers=[Passenger(name=P-2)], duration=4320, distance=3.0, discount=null), Trip(driver=Driver(name=D-1), passengers=[Passenger(name=P-1)], duration=33, distance=3.0, discount=null)), (Trip(driver=Driver(name=D-2), passengers=[Passenger(name=P-2)], duration=4320, distance=3.0, discount=null), Trip(driver=Driver(name=D-2), passengers=[Passenger(name=P-2)], duration=4320, distance=3.0, discount=null))]
]]></system-out>
=======
<testsuite name="taxipark.TestTask5TheMostFrequentTripDurationPeriod" tests="14" skipped="0" failures="0" errors="0" timestamp="2021-04-24T11:22:41" hostname="NOSI-DDS-87" time="0.152">
  <properties/>
  <testcase name="test00" classname="taxipark.TestTask5TheMostFrequentTripDurationPeriod" time="0.064"/>
  <testcase name="test01" classname="taxipark.TestTask5TheMostFrequentTripDurationPeriod" time="0.065"/>
  <testcase name="test02" classname="taxipark.TestTask5TheMostFrequentTripDurationPeriod" time="0.002"/>
  <testcase name="test03" classname="taxipark.TestTask5TheMostFrequentTripDurationPeriod" time="0.001"/>
  <testcase name="test04" classname="taxipark.TestTask5TheMostFrequentTripDurationPeriod" time="0.001"/>
  <testcase name="test05" classname="taxipark.TestTask5TheMostFrequentTripDurationPeriod" time="0.001"/>
  <testcase name="test06" classname="taxipark.TestTask5TheMostFrequentTripDurationPeriod" time="0.001"/>
  <testcase name="test07" classname="taxipark.TestTask5TheMostFrequentTripDurationPeriod" time="0.001"/>
  <testcase name="test08" classname="taxipark.TestTask5TheMostFrequentTripDurationPeriod" time="0.001"/>
  <testcase name="test09" classname="taxipark.TestTask5TheMostFrequentTripDurationPeriod" time="0.001"/>
  <testcase name="test10" classname="taxipark.TestTask5TheMostFrequentTripDurationPeriod" time="0.002"/>
  <testcase name="test11" classname="taxipark.TestTask5TheMostFrequentTripDurationPeriod" time="0.001"/>
  <testcase name="test12" classname="taxipark.TestTask5TheMostFrequentTripDurationPeriod" time="0.001"/>
  <testcase name="test13" classname="taxipark.TestTask5TheMostFrequentTripDurationPeriod" time="0.0"/>
  <system-out><![CDATA[]]></system-out>
>>>>>>> 5a6a2ebc8c75b3dfd4e3b033aab97435cc7ba841
  <system-err><![CDATA[]]></system-err>
</testsuite>
